Mplus VERSION 9
MUTHEN & MUTHEN
05/13/2026   4:03 PM

INPUT INSTRUCTIONS

  TITLE:
  Step 3 - BCH Method
  DATA:
  FILE = "C:/Users/dnajiarch/Box/LTA/ML 3 Step in LTA/phase_3/step_3b_bch/
  step3.dat";
  VARIABLE:
  NAMES = AB39A AB39H AB39I AB39K AB39L AB39M AB39T AB39U AB39W AB39X GA32A GA32H
       GA32I GA32K GA32L GA33A GA33H GA33I GA33K GA33L KA46A KA46H KA46I KA46K KA46L
       KA47A KA47H KA47I KA47K KA47L MINORITY FEMALE MATHG7 MATHG10 MATHG12 BCHW1
       BCHW2 BCHW3 BCHW4 BCHW5 BCHW6 BCHW7 BCHW8 BCHW9 BCHW10 BCHW11 BCHW12 BCHW13
       BCHW14 BCHW15 BCHW16 BCHW17 BCHW18 BCHW19 BCHW20 BCHW21 BCHW22 BCHW23 BCHW24
       BCHW25 BCHW26 BCHW27 BCHW28 BCHW29 BCHW30 BCHW31 BCHW32 BCHW33 BCHW34 BCHW35
       BCHW36 BCHW37 BCHW38 BCHW39 BCHW40 BCHW41 BCHW42 BCHW43 BCHW44 BCHW45 BCHW46
       BCHW47 BCHW48 BCHW49 BCHW50 BCHW51 BCHW52 BCHW53 BCHW54 BCHW55 BCHW56 BCHW57
       BCHW58 BCHW59 BCHW60 BCHW61 BCHW62 BCHW63 BCHW64 CASENUM;
   MISSING=.;
   usevar = BCHW1-BCHW64 MINORITY, FEMALE;

    training = BCHW1-BCHW64(bch);

    classes = c1(4) c2(4) c3(4);
  ANALYSIS:
  estimator = mlr;
    type = mixture;
    starts = 0;
  MODEL:
  %OVERALL%

  c1 ON MINORITY Female;
  c2 ON c1 MINORITY Female;
  c3 ON c2 MINORITY Female;



*** WARNING
  Data set contains cases with missing on x-variables.
  These cases were not included in the analysis.
  Number of cases with missing on x-variables:  85
   1 WARNING(S) FOUND IN THE INPUT INSTRUCTIONS




Step 3 - BCH Method

SUMMARY OF ANALYSIS

Number of groups                                                 1
Number of observations                                        1822

Number of dependent variables                                    0
Number of independent variables                                  2
Number of continuous latent variables                            0
Number of categorical latent variables                           3

Observed dependent variables

Observed independent variables
   MINORITY    FEMALE

Categorical latent variables
   C1          C2          C3

Variables with special functions

  Training variables (BCH)
   BCHW1       BCHW2       BCHW3       BCHW4       BCHW5       BCHW6
   BCHW7       BCHW8       BCHW9       BCHW10      BCHW11      BCHW12
   BCHW13      BCHW14      BCHW15      BCHW16      BCHW17      BCHW18
   BCHW19      BCHW20      BCHW21      BCHW22      BCHW23      BCHW24
   BCHW25      BCHW26      BCHW27      BCHW28      BCHW29      BCHW30
   BCHW31      BCHW32      BCHW33      BCHW34      BCHW35      BCHW36
   BCHW37      BCHW38      BCHW39      BCHW40      BCHW41      BCHW42
   BCHW43      BCHW44      BCHW45      BCHW46      BCHW47      BCHW48
   BCHW49      BCHW50      BCHW51      BCHW52      BCHW53      BCHW54
   BCHW55      BCHW56      BCHW57      BCHW58      BCHW59      BCHW60
   BCHW61      BCHW62      BCHW63      BCHW64


Estimator                                                      MLR
Information matrix                                        OBSERVED
Optimization Specifications for the Quasi-Newton Algorithm for
Continuous Outcomes
  Maximum number of iterations                                 100
  Convergence criterion                                  0.100D-05
Optimization Specifications for the EM Algorithm
  Maximum number of iterations                                 500
  Convergence criteria
    Loglikelihood change                                 0.100D-03
    Relative loglikelihood change                        0.100D-05
    Derivative                                           0.100D-03
Optimization Specifications for the M step of the EM Algorithm for
Categorical Latent Variables
  Number of M step iterations                                    1
  M step convergence criterion                           0.100D-03
  Basis for M step termination                           ITERATION
Optimization Specifications for the M step of the EM Algorithm for
Censored, Binary or Ordered Categorical (Ordinal), Unordered
Categorical (Nominal) and Count Outcomes
  Number of M step iterations                                    1
  M step convergence criterion                           0.100D-03
  Basis for M step termination                           ITERATION
  Maximum value for logit thresholds                            15
  Minimum value for logit thresholds                           -15
  Minimum expected cell size for chi-square              0.100D-01
Maximum number of iterations for H1                           2000
Convergence criterion for H1                             0.100D-03
Optimization algorithm                                         EMA
Parameterization                                             LOGIT

Input data file(s)
  C:/Users/dnajiarch/Box/LTA/ML 3 Step in LTA/phase_3/step_3b_bch/step3.dat
Input data format  FREE


SUMMARY OF DATA



COVARIANCE COVERAGE OF DATA

Minimum covariance coverage value   0.100



UNIVARIATE SAMPLE STATISTICS


     UNIVARIATE HIGHER-ORDER MOMENT DESCRIPTIVE STATISTICS

         Variable/         Mean/     Skewness/   Minimum/ % with                Percentiles
        Sample Size      Variance    Kurtosis    Maximum  Min/Max      20%/60%    40%/80%    Median

     MINORITY              0.170       1.761       0.000   83.04%       0.000      0.000      0.000
            1822.000       0.141       1.101       1.000   16.96%       0.000      0.000
     FEMALE                0.520      -0.079       0.000   48.02%       0.000      0.000      1.000
            1822.000       0.250      -1.994       1.000   51.98%       1.000      1.000


     VIF (VARIANCE INFLATION FACTOR) FOR EXPLORING MULTICOLLINEARITY OF INDEPENDENT VARIABLES

     Variable        VIF       Variable        VIF

     MINORITY       1.002      FEMALE         1.002


THE MODEL ESTIMATION TERMINATED NORMALLY



MODEL FIT INFORMATION

Number of Free Parameters                       45

Loglikelihood

          H0 Value                       -6497.883
          H0 Scaling Correction Factor      5.3460
            for MLR

Information Criteria

          Akaike (AIC)                   13085.766
          Bayesian (BIC)                 13333.612
          Sample-Size Adjusted BIC       13190.649
            (n* = (n + 2) / 24)



FINAL CLASS COUNTS AND PROPORTIONS FOR EACH LATENT CLASS VARIABLE
BASED ON THE ESTIMATED MODEL

  Latent Class
    Variable    Class

    C1             1       575.14642          0.31567
                   2       658.90509          0.36164
                   3       379.72409          0.20841
                   4       208.22435          0.11428
    C2             1       594.59174          0.32634
                   2       442.05753          0.24262
                   3       428.41132          0.23513
                   4       356.93936          0.19591
    C3             1       621.89764          0.34133
                   2       387.43079          0.21264
                   3       433.81287          0.23810
                   4       378.85864          0.20794

     Additional output is available using the TECH15 option of the OUTPUT command.


LATENT TRANSITION PROBABILITIES BASED ON THE ESTIMATED MODEL

  C1 Classes (Rows) by C2 Classes (Columns)

            1        2        3        4

   1     0.492    0.184    0.225    0.099
   2     0.208    0.383    0.196    0.213
   3     0.347    0.129    0.332    0.192
   4     0.200    0.158    0.218    0.425

  C2 Classes (Rows) by C3 Classes (Columns)

            1        2        3        4

   1     0.834    0.050    0.087    0.028
   2     0.159    0.514    0.137    0.191
   3     0.090    0.132    0.540    0.238
   4     0.050    0.199    0.259    0.492


TRANSITION PROBABILITY ODDS

     EVALUATED AT THE SAMPLE MEAN FOR ALL COVARIATES

     TRANSITION TABLE ODDS AND 95% CONFIDENCE INTERVALS FOR C1 TO C2
        1.000(1.000,1.000)   0.369(0.259,0.525)   0.458(0.322,0.651)   0.201(0.132,0.308)
        0.543(0.364,0.811)   1.000(1.000,1.000)   0.516(0.339,0.783)   0.555(0.403,0.765)
        1.044(0.618,1.763)   0.383(0.169,0.865)   1.000(1.000,1.000)   0.575(0.325,1.019)
        0.468(0.237,0.925)   0.366(0.188,0.713)   0.514(0.276,0.955)   1.000(1.000,1.000)

     TRANSITION TABLE ODDS AND 95% CONFIDENCE INTERVALS FOR C2 TO C3
        1.000(1.000,1.000)   0.059(0.015,0.231)   0.104(0.039,0.276)   0.032(0.004,0.230)
        0.311(0.129,0.753)   1.000(1.000,1.000)   0.269(0.118,0.613)   0.351(0.205,0.602)
        0.167(0.032,0.861)   0.239(0.100,0.576)   1.000(1.000,1.000)   0.423(0.248,0.721)
        0.104(0.009,1.269)   0.397(0.224,0.703)   0.535(0.314,0.911)   1.000(1.000,1.000)


C-SPECIFIC CLASSIFICATION RESULTS

Classification Quality for C1

     Entropy is not available with BCH weights.

BCH Weights for the Most Likely Latent Class Membership (Row)
by Latent Class (Column)

           1        2        3        4

    1   1.081    -.026    -.059    0.004
    2   -.038    1.177    -.111    -.028
    3   -.126    -.309    1.500    -.065
    4   0.012    -.106    -.094    1.188


Classification Probabilities for the Most Likely Latent Class Membership (Column)
by Latent Class (Row)

           1        2        3        4

    1   1.115    -.045    -.074    0.004
    2   -.023    1.216    -.160    -.033
    3   -.092    -.200    1.343    -.052
    4   0.011    -.091    -.107    1.187


Logits for the Classification Probabilities for the Most Likely Latent Class Membership (Column)
by Latent Class (Row)

              1        2        3        4

    1      5.567   -8.357   -8.357    0.000
    2      0.000   14.011    0.000    0.000
    3      0.000    0.000   14.111    0.000
    4     -4.710  -13.987  -13.987    0.000

Classification Quality for C2

     Entropy is not available with BCH weights.

BCH Weights for the Most Likely Latent Class Membership (Row)
by Latent Class (Column)

           1        2        3        4

    1   1.054    -.008    -.050    0.004
    2   -.292    1.461    -.127    -.042
    3   -.389    -.228    1.722    -.105
    4   -.249    -.031    -.063    1.343


Classification Probabilities for the Most Likely Latent Class Membership (Column)
by Latent Class (Row)

           1        2        3        4

    1   1.506    -.178    -.203    -.125
    2   -.015    1.196    -.161    -.021
    3   -.099    -.107    1.250    -.044
    4   0.009    -.042    -.091    1.125


Logits for the Classification Probabilities for the Most Likely Latent Class Membership (Column)
by Latent Class (Row)

              1        2        3        4

    1     14.225    0.000    0.000    0.000
    2      0.000   13.995    0.000    0.000
    3      0.000    0.000   14.039    0.000
    4     -4.853  -13.933  -13.933    0.000

Classification Quality for C3

     Entropy is not available with BCH weights.

BCH Weights for the Most Likely Latent Class Membership (Row)
by Latent Class (Column)

           1        2        3        4

    1   1.056    -.013    -.045    0.002
    2   -.797    2.049    -.184    -.069
    3   -.935    -.277    2.351    -.139
    4   -.731    -.049    -.057    1.837


Classification Probabilities for the Most Likely Latent Class Membership (Column)
by Latent Class (Row)

           1        2        3        4

    1   1.916    -.299    -.346    -.272
    2   -.039    1.232    -.165    -.029
    3   -.116    -.099    1.245    -.030
    4   0.006    -.042    -.084    1.121


Logits for the Classification Probabilities for the Most Likely Latent Class Membership (Column)
by Latent Class (Row)

              1        2        3        4

    1     14.466    0.000    0.000    0.000
    2      0.000   14.024    0.000    0.000
    3      0.000    0.000   14.035    0.000
    4     -5.282  -13.930  -13.930    0.000


MODEL RESULTS

                                                    Two-Tailed
                    Estimate       S.E.  Est./S.E.    P-Value

Categorical Latent Variables

 C2#1     ON
    C1#1               2.361      0.406      5.817      0.000
    C1#2               0.737      0.426      1.731      0.083
    C1#3               1.354      0.470      2.883      0.004

 C2#2     ON
    C1#1               1.609      0.420      3.833      0.000
    C1#2               1.593      0.387      4.116      0.000
    C1#3               0.597      0.558      1.069      0.285

 C2#3     ON
    C1#1               1.488      0.404      3.683      0.000
    C1#2               0.592      0.401      1.478      0.139
    C1#3               1.219      0.455      2.678      0.007

 C3#1     ON
    C2#1               5.702      1.711      3.332      0.001
    C2#2               2.139      1.383      1.547      0.122
    C2#3               1.329      1.603      0.829      0.407

 C3#2     ON
    C2#1               1.543      1.310      1.178      0.239
    C2#2               1.970      0.408      4.834      0.000
    C2#3               0.356      0.565      0.630      0.529

 C3#3     ON
    C2#1               1.808      1.208      1.497      0.134
    C2#2               0.356      0.541      0.659      0.510
    C2#3               1.486      0.404      3.682      0.000

 C1#1       ON
    MINORITY           0.225      0.271      0.830      0.406
    FEMALE            -0.655      0.191     -3.425      0.001

 C1#2       ON
    MINORITY           0.096      0.284      0.337      0.736
    FEMALE             0.100      0.201      0.494      0.621

 C1#3       ON
    MINORITY           0.515      0.316      1.630      0.103
    FEMALE            -0.431      0.237     -1.820      0.069

 C2#1       ON
    MINORITY           0.442      0.269      1.644      0.100
    FEMALE            -0.091      0.195     -0.466      0.641

 C2#2       ON
    MINORITY           0.444      0.274      1.622      0.105
    FEMALE             0.411      0.199      2.063      0.039

 C2#3       ON
    MINORITY           0.145      0.310      0.467      0.640
    FEMALE             0.062      0.213      0.291      0.771

 C3#1       ON
    MINORITY           0.809      0.596      1.356      0.175
    FEMALE             0.338      0.454      0.744      0.457

 C3#2       ON
    MINORITY           1.099      0.402      2.734      0.006
    FEMALE             0.623      0.271      2.297      0.022

 C3#3       ON
    MINORITY           0.822      0.399      2.062      0.039
    FEMALE             0.372      0.259      1.433      0.152

 Intercepts
    C1#1               1.311      0.143      9.138      0.000
    C1#2               1.078      0.158      6.817      0.000
    C1#3               0.739      0.178      4.162      0.000
    C2#1              -0.786      0.365     -2.152      0.031
    C2#2              -1.293      0.360     -3.594      0.000
    C2#3              -0.723      0.341     -2.119      0.034
    C3#1              -2.573      1.316     -1.955      0.051
    C3#2              -1.435      0.338     -4.249      0.000
    C3#3              -0.958      0.309     -3.098      0.002


QUALITY OF NUMERICAL RESULTS

     Condition Number for the Information Matrix              0.207E-02
       (ratio of smallest to largest eigenvalue)


COVARIATE EFFECTS ON TRANSITION PROBABILITY ODDS RATIOS

     EFFECT OF MINORITY

     TRANSITION TABLE ODDS RATIO AND 95% CONFIDENCE INTERVALS FOR C1 TO C2
        1.000(1.000,1.000)   1.002(0.609,1.648)   0.743(0.433,1.274)   0.643(0.380,1.089)
        0.998(0.607,1.641)   1.000(1.000,1.000)   0.742(0.405,1.358)   0.642(0.375,1.097)
        1.346(0.785,2.307)   1.349(0.737,2.469)   1.000(1.000,1.000)   0.865(0.472,1.588)
        1.555(0.918,2.634)   1.559(0.912,2.665)   1.156(0.630,2.120)   1.000(1.000,1.000)

     TRANSITION TABLE ODDS RATIO AND 95% CONFIDENCE INTERVALS FOR C2 TO C3
        1.000(1.000,1.000)   1.337(0.469,3.807)   1.014(0.338,3.038)   0.445(0.138,1.433)
        0.748(0.263,2.130)   1.000(1.000,1.000)   0.758(0.346,1.660)   0.333(0.152,0.733)
        0.987(0.329,2.958)   1.319(0.602,2.889)   1.000(1.000,1.000)   0.440(0.201,0.960)
        2.245(0.698,7.223)   3.001(1.365,6.598)   2.275(1.041,4.971)   1.000(1.000,1.000)

     EFFECT OF FEMALE

     TRANSITION TABLE ODDS RATIO AND 95% CONFIDENCE INTERVALS FOR C1 TO C2
        1.000(1.000,1.000)   1.652(1.119,2.438)   1.165(0.778,1.746)   1.095(0.747,1.605)
        0.605(0.410,0.893)   1.000(1.000,1.000)   0.705(0.451,1.102)   0.663(0.449,0.980)
        0.858(0.573,1.286)   1.418(0.907,2.215)   1.000(1.000,1.000)   0.940(0.620,1.426)
        0.913(0.623,1.338)   1.508(1.021,2.228)   1.064(0.701,1.613)   1.000(1.000,1.000)

     TRANSITION TABLE ODDS RATIO AND 95% CONFIDENCE INTERVALS FOR C2 TO C3
        1.000(1.000,1.000)   1.330(0.563,3.142)   1.034(0.420,2.546)   0.713(0.293,1.737)
        0.752(0.318,1.777)   1.000(1.000,1.000)   0.778(0.413,1.466)   0.536(0.315,0.913)
        0.967(0.393,2.381)   1.286(0.682,2.424)   1.000(1.000,1.000)   0.690(0.415,1.147)
        1.402(0.576,3.414)   1.864(1.096,3.172)   1.450(0.872,2.411)   1.000(1.000,1.000)


LOGISTIC REGRESSION ODDS RATIO RESULTS FOR LATENT CLASS VARIABLES

                                                95% C.I.
                    Estimate       S.E.  Lower 2.5% Upper 2.5%

 C1#1     ON
    MINORITY           1.252      0.340      0.736      2.131
    FEMALE             0.519      0.099      0.357      0.756

 C1#2     ON
    MINORITY           1.101      0.313      0.630      1.921
    FEMALE             1.105      0.222      0.744      1.639

 C1#3     ON
    MINORITY           1.674      0.529      0.901      3.110
    FEMALE             0.650      0.154      0.408      1.034

 C2#1     ON
    MINORITY           1.555      0.418      0.918      2.634
    FEMALE             0.913      0.178      0.623      1.338

 C2#2     ON
    MINORITY           1.559      0.427      0.912      2.665
    FEMALE             1.508      0.300      1.021      2.228

 C2#3     ON
    MINORITY           1.156      0.358      0.630      2.120
    FEMALE             1.064      0.226      0.701      1.613

 C3#1     ON
    MINORITY           2.245      1.339      0.698      7.223
    FEMALE             1.402      0.637      0.576      3.414

 C3#2     ON
    MINORITY           3.001      1.206      1.365      6.598
    FEMALE             1.864      0.506      1.096      3.172

 C3#3     ON
    MINORITY           2.275      0.907      1.041      4.971
    FEMALE             1.450      0.376      0.872      2.411

Available post-processing tools

  Conditional probabilities and odds for the latent class variables

     Beginning Time:  16:03:39
        Ending Time:  16:03:41
       Elapsed Time:  00:00:02



MUTHEN & MUTHEN
3463 Stoner Ave.
Los Angeles, CA  90066

Tel: (310) 391-9971
Fax: (310) 391-8971
Web: www.StatModel.com
Support: Support@StatModel.com

Copyright (c) 1998-2025 Muthen & Muthen
