Mplus VERSION 8.11
MUTHEN & MUTHEN
08/22/2025   4:46 PM

INPUT INSTRUCTIONS

  TITLE:
  Step3 - 3step LSAY
  DATA:
  FILE = "C:/Users/dnajiarch/Box/lca-bookdown/three_step/manual_3step/
  Step3.dat";
  VARIABLE:
  NAMES = ENJOY USEFUL LOGICAL JOB ADULT FEMALE MOTHED MATH_IRT CPROB1 CPROB2 CPROB3
       CPROB4 N;
   MISSING=.;
   nominal=N;
    usevar = n;

    classes = c(4);

    usevar = female mothed math_irt;
  DEFINE:
  center female mothed (grandmean);
  ANALYSIS:
  estimator = mlr;
    type = mixture;
    starts = 0;
  MODEL:
  %OVERALL%

  math_irt on female mothed; ! covariate as a related to the distal outcome
  C on female (f1-f3);
  c on mothed (e1-e3);      ! covariate as predictor of C

     %C#1%
  [n#1@3.52]; ! MUST EDIT if you do not have a 4-class model.
  [n#2@-6.756];
  [n#3@-0.808];

  [math_irt](m1);    ! conditional distal mean
  math_irt;          ! conditional distal variance (freely estimated)

  %C#2%
  [n#1@7.237];
  [n#2@13.687];
  [n#3@11.689];

  [math_irt](m2);
  math_irt;

  %C#3%
  [n#1@0.991];
  [n#2@-0.255];
  [n#3@2.051];

  [math_irt](m3);
  math_irt;

  %C#4%
  [n#1@-1.516];
  [n#2@-5.321];
  [n#3@-6.56];

  [math_irt](m4);
  math_irt;
  MODEL CONSTRAINT:
  New (diff12 diff13 diff23
      diff14 diff24 diff34

      d_fem_12 d_fem_13
      d_fem_23

      d_ed_12 d_ed_13
      d_ed_23
      );

      diff12 = m1-m2;  ! test pairwise distal mean differences
      diff13 = m1-m3;
      diff23 = m2-m3;
      diff14 = m1-m4;
      diff24 = m2-m4;
      diff34 = m3-m4;

      d_fem_12 = f1-f2;
      d_fem_13 = f1-f3;
      d_fem_23 = f2-f3;

      d_ed_12 = e1-e2;
      d_ed_13 = e1-e3;
      d_ed_23 = e2-e3;


  MODEL TEST:
       ! omnibus test of distal means
    !  m1=m2;
    !  m2=m3;
    !  m3=m4;

    ! f1=f2;       ! omnibus test of covariate logits (female)
    !  f1=f3;

      e1=e2;       ! omnibus test of covariate logits (mothers ed)
      e1=e3;




*** WARNING
  Data set contains cases with missing on x-variables.
  These cases were not included in the analysis.
  Number of cases with missing on x-variables:  58
   1 WARNING(S) FOUND IN THE INPUT INSTRUCTIONS




Step3 - 3step LSAY

SUMMARY OF ANALYSIS

Number of groups                                                 1
Number of observations                                        2617

Number of dependent variables                                    2
Number of independent variables                                  2
Number of continuous latent variables                            0
Number of categorical latent variables                           1

Observed dependent variables

  Continuous
   MATH_IRT

  Unordered categorical (nominal)
   N

Observed independent variables
   FEMALE      MOTHED

Categorical latent variables
   C

Variables with special functions

  Centering (GRANDMEAN)
   FEMALE      MOTHED


Estimator                                                      MLR
Information matrix                                        OBSERVED
Optimization Specifications for the Quasi-Newton Algorithm for
Continuous Outcomes
  Maximum number of iterations                                 100
  Convergence criterion                                  0.100D-05
Optimization Specifications for the EM Algorithm
  Maximum number of iterations                                 500
  Convergence criteria
    Loglikelihood change                                 0.100D-06
    Relative loglikelihood change                        0.100D-06
    Derivative                                           0.100D-05
Optimization Specifications for the M step of the EM Algorithm for
Categorical Latent variables
  Number of M step iterations                                    1
  M step convergence criterion                           0.100D-05
  Basis for M step termination                           ITERATION
Optimization Specifications for the M step of the EM Algorithm for
Censored, Binary or Ordered Categorical (Ordinal), Unordered
Categorical (Nominal) and Count Outcomes
  Number of M step iterations                                    1
  M step convergence criterion                           0.100D-05
  Basis for M step termination                           ITERATION
  Maximum value for logit thresholds                            15
  Minimum value for logit thresholds                           -15
  Minimum expected cell size for chi-square              0.100D-01
Maximum number of iterations for H1                           2000
Convergence criterion for H1                             0.100D-03
Optimization algorithm                                         EMA

Input data file(s)
  C:/Users/dnajiarch/Box/lca-bookdown/three_step/manual_3step/Step3.dat
Input data format  FREE


SUMMARY OF DATA

     Number of missing data patterns             2
     Number of y missing data patterns           2
     Number of u missing data patterns           0


COVARIANCE COVERAGE OF DATA

Minimum covariance coverage value   0.100


     PROPORTION OF DATA PRESENT FOR Y


           Covariance Coverage
              MATH_IRT      FEMALE        MOTHED
              ________      ________      ________
 MATH_IRT       0.773
 FEMALE         0.773         1.000
 MOTHED         0.773         1.000         1.000


UNIVARIATE PROPORTIONS AND COUNTS FOR CATEGORICAL VARIABLES

    N
      Category 1    0.566         1480.000
      Category 2    0.138          360.000
      Category 3    0.182          476.000
      Category 4    0.115          301.000



UNIVARIATE SAMPLE STATISTICS


     UNIVARIATE HIGHER-ORDER MOMENT DESCRIPTIVE STATISTICS

         Variable/         Mean/     Skewness/   Minimum/ % with                Percentiles
        Sample Size      Variance    Kurtosis    Maximum  Min/Max      20%/60%    40%/80%    Median

     MATH_IRT             58.874      -0.076      26.570    0.05%      47.170     55.830     59.325
            2024.000     157.462      -0.541      94.190    0.05%      62.940     70.160
     FEMALE                0.000      -0.059      -0.515   48.53%      -0.515     -0.515      0.485
            2617.000       0.250      -1.997       0.485   51.47%       0.485      0.485
     MOTHED                0.000       1.095      -1.318   14.75%      -0.318     -0.318     -0.318
            2617.000       1.033       0.634       2.682    4.78%      -0.318      0.682


THE MODEL ESTIMATION TERMINATED NORMALLY



MODEL FIT INFORMATION

Number of Free Parameters                       19

Loglikelihood

          H0 Value                      -10873.418
          H0 Scaling Correction Factor      0.9527
            for MLR

Information Criteria

          Akaike (AIC)                   21784.836
          Bayesian (BIC)                 21896.361
          Sample-Size Adjusted BIC       21835.993
            (n* = (n + 2) / 24)

Wald Test of Parameter Constraints

          Value                              2.475
          Degrees of Freedom                     2
          P-Value                           0.2902



FINAL CLASS COUNTS AND PROPORTIONS FOR THE LATENT CLASSES
BASED ON THE ESTIMATED MODEL

    Latent
   Classes

       1       1343.67862          0.51344
       2        361.03984          0.13796
       3        654.30944          0.25002
       4        257.97210          0.09858


FINAL CLASS COUNTS AND PROPORTIONS FOR THE LATENT CLASSES
BASED ON ESTIMATED POSTERIOR PROBABILITIES

    Latent
   Classes

       1       1343.67946          0.51344
       2        361.04027          0.13796
       3        654.30818          0.25002
       4        257.97208          0.09858


FINAL CLASS COUNTS AND PROPORTIONS FOR THE LATENT CLASSES
BASED ON THEIR MOST LIKELY LATENT CLASS MEMBERSHIP

Class Counts and Proportions

    Latent
   Classes

       1             1480          0.56553
       2              360          0.13756
       3              476          0.18189
       4              301          0.11502


CLASSIFICATION QUALITY

     Entropy                         0.653


Average Latent Class Probabilities for Most Likely Latent Class Membership (Row)
by Latent Class (Column)

           1        2        3        4

    1   0.871    0.000    0.097    0.031
    2   0.000    0.882    0.115    0.003
    3   0.036    0.090    0.873    0.001
    4   0.125    0.000    0.177    0.698


Classification Probabilities for the Most Likely Latent Class Membership (Column)
by Latent Class (Row)

           1        2        3        4

    1   0.959    0.000    0.013    0.028
    2   0.001    0.879    0.119    0.000
    3   0.220    0.063    0.635    0.081
    4   0.180    0.004    0.001    0.815


Logits for the Classification Probabilities for the Most Likely Latent Class Membership (Column)
by Latent Class (Row)

              1        2        3        4

    1      3.533   -6.742   -0.793    0.000
    2      7.238   13.686   11.687    0.000
    3      0.998   -0.249    2.057    0.000
    4     -1.510   -5.319   -6.561    0.000


MODEL RESULTS

                                                    Two-Tailed
                    Estimate       S.E.  Est./S.E.    P-Value

Latent Class 1

 MATH_IRT   ON
    FEMALE            -1.527      0.529     -2.886      0.004
    MOTHED             3.589      0.273     13.156      0.000

 Means
    N#1                3.520      0.000    999.000    999.000
    N#2               -6.756      0.000    999.000    999.000
    N#3               -0.808      0.000    999.000    999.000

 Intercepts
    MATH_IRT          60.911      0.412    147.887      0.000

 Residual Variances
    MATH_IRT         131.797      5.731     22.996      0.000

Latent Class 2

 MATH_IRT   ON
    FEMALE            -1.527      0.529     -2.886      0.004
    MOTHED             3.589      0.273     13.156      0.000

 Means
    N#1                7.237      0.000    999.000    999.000
    N#2               13.687      0.000    999.000    999.000
    N#3               11.689      0.000    999.000    999.000

 Intercepts
    MATH_IRT          54.440      0.875     62.223      0.000

 Residual Variances
    MATH_IRT         152.592     11.154     13.681      0.000

Latent Class 3

 MATH_IRT   ON
    FEMALE            -1.527      0.529     -2.886      0.004
    MOTHED             3.589      0.273     13.156      0.000

 Means
    N#1                0.991      0.000    999.000    999.000
    N#2               -0.255      0.000    999.000    999.000
    N#3                2.051      0.000    999.000    999.000

 Intercepts
    MATH_IRT          57.895      0.774     74.846      0.000

 Residual Variances
    MATH_IRT         142.503     10.422     13.673      0.000

Latent Class 4

 MATH_IRT   ON
    FEMALE            -1.527      0.529     -2.886      0.004
    MOTHED             3.589      0.273     13.156      0.000

 Means
    N#1               -1.516      0.000    999.000    999.000
    N#2               -5.321      0.000    999.000    999.000
    N#3               -6.560      0.000    999.000    999.000

 Intercepts
    MATH_IRT          54.930      1.122     48.944      0.000

 Residual Variances
    MATH_IRT         121.570     12.511      9.717      0.000

Categorical Latent Variables

 C#1        ON
    FEMALE             0.164      0.189      0.867      0.386
    MOTHED             0.264      0.101      2.606      0.009

 C#2        ON
    FEMALE             0.187      0.207      0.906      0.365
    MOTHED             0.157      0.113      1.380      0.168

 C#3        ON
    FEMALE             0.137      0.218      0.629      0.530
    MOTHED             0.228      0.117      1.949      0.051

 Intercepts
    C#1                1.675      0.096     17.409      0.000
    C#2                0.360      0.105      3.423      0.001
    C#3                0.956      0.109      8.763      0.000

New/Additional Parameters
    DIFF12             6.471      0.946      6.841      0.000
    DIFF13             3.016      0.958      3.147      0.002
    DIFF23            -3.455      1.309     -2.639      0.008
    DIFF14             5.982      1.241      4.819      0.000
    DIFF24            -0.489      1.391     -0.352      0.725
    DIFF34             2.966      1.458      2.034      0.042
    D_FEM_12          -0.024      0.136     -0.173      0.863
    D_FEM_13           0.027      0.139      0.194      0.846
    D_FEM_23           0.051      0.187      0.270      0.787
    D_ED_12            0.108      0.073      1.478      0.139
    D_ED_13            0.036      0.068      0.535      0.592
    D_ED_23           -0.071      0.100     -0.714      0.475


QUALITY OF NUMERICAL RESULTS

     Condition Number for the Information Matrix              0.158E-03
       (ratio of smallest to largest eigenvalue)


RESULTS IN PROBABILITY SCALE

                                                    Two-Tailed
                    Estimate       S.E.  Est./S.E.    P-Value

Latent Class 1

 N
    Category 1         0.959      0.003    301.373      0.000
    Category 2         0.000      0.000    301.373      0.000
    Category 3         0.013      0.000    301.373      0.000
    Category 4         0.028      0.003      8.804      0.000

Latent Class 2

 N
    Category 1         0.001      0.000  *********      0.000
    Category 2         0.879      0.000  *********      0.000
    Category 3         0.119      0.000  *********      0.000
    Category 4         0.000      0.000      8.554      0.000

Latent Class 3

 N
    Category 1         0.220      0.002    104.741      0.000
    Category 2         0.063      0.001    104.741      0.000
    Category 3         0.635      0.006    104.741      0.000
    Category 4         0.082      0.009      9.315      0.000

Latent Class 4

 N
    Category 1         0.179      0.017     10.486      0.000
    Category 2         0.004      0.000     10.486      0.000
    Category 3         0.001      0.000     10.486      0.000
    Category 4         0.816      0.018     46.422      0.000


LATENT CLASS INDICATOR ODDS RATIOS FOR THE LATENT CLASSES

                                                95% C.I.
                    Estimate       S.E.  Lower 2.5% Upper 2.5%

Latent Class 1 Compared to Latent Class 2

 N
    Category = 1   16776.520   1355.453  14319.505  19655.119
    Category = 2       0.000      0.000      0.000      0.000
    Category = 3       0.095      0.000      0.094      0.095
    Category = 4   29214.381      0.000  29214.379  29214.379

Latent Class 1 Compared to Latent Class 3

 N
    Category = 1      82.779      5.675     72.371     94.683
    Category = 2       0.000      0.000      0.000      0.000
    Category = 3       0.007      0.000      0.007      0.008
    Category = 4       0.328      0.000      0.328      0.328

Latent Class 1 Compared to Latent Class 4

 N
    Category = 1     107.002      3.785     99.835    114.685
    Category = 2       0.008      0.001      0.007      0.010
    Category = 3      11.082      1.021      9.251     13.275
    Category = 4       0.007      0.000      0.007      0.007

Latent Class 2 Compared to Latent Class 3

 N
    Category = 1       0.005      0.000      0.005      0.005
    Category = 2     107.889      1.100    105.755    110.066
    Category = 3       0.078      0.002      0.074      0.082
    Category = 4       0.000      0.000      0.000      0.000

Latent Class 2 Compared to Latent Class 4

 N
    Category = 1       0.006      0.001      0.005      0.008
    Category = 2    1820.885    174.336   1509.333   2196.746
    Category = 3     117.089     11.179     97.107    141.183
    Category = 4       0.000      0.000      0.000      0.000

Latent Class 3 Compared to Latent Class 4

 N
    Category = 1       1.293      0.134      1.054      1.585
    Category = 2      16.877      1.444     14.272     19.958
    Category = 3    1504.753    104.298   1313.607   1723.712
    Category = 4       0.020      0.000      0.020      0.020


LOGISTIC REGRESSION ODDS RATIO RESULTS

                                                95% C.I.
                    Estimate       S.E.  Lower 2.5% Upper 2.5%

Categorical Latent Variables

 C#1      ON
    FEMALE             1.178      0.223      0.813      1.706
    MOTHED             1.302      0.132      1.068      1.589

 C#2      ON
    FEMALE             1.206      0.249      0.804      1.809
    MOTHED             1.170      0.133      0.936      1.461

 C#3      ON
    FEMALE             1.147      0.250      0.748      1.757
    MOTHED             1.256      0.147      0.999      1.579


ALTERNATIVE PARAMETERIZATIONS FOR THE CATEGORICAL LATENT VARIABLE REGRESSION

                                                    Two-Tailed
                    Estimate       S.E.  Est./S.E.    P-Value

Parameterization using Reference Class 1

 C#2      ON
    FEMALE             0.024      0.136      0.173      0.863
    MOTHED            -0.108      0.073     -1.478      0.139

 C#3      ON
    FEMALE            -0.027      0.139     -0.194      0.846
    MOTHED            -0.036      0.068     -0.535      0.592

 C#4      ON
    FEMALE            -0.164      0.189     -0.867      0.386
    MOTHED            -0.264      0.101     -2.606      0.009

 Intercepts
    C#2               -1.315      0.067    -19.535      0.000
    C#3               -0.718      0.067    -10.670      0.000
    C#4               -1.675      0.096    -17.409      0.000

Parameterization using Reference Class 2

 C#1      ON
    FEMALE            -0.024      0.136     -0.173      0.863
    MOTHED             0.108      0.073      1.478      0.139

 C#3      ON
    FEMALE            -0.051      0.187     -0.270      0.787
    MOTHED             0.071      0.100      0.714      0.475

 C#4      ON
    FEMALE            -0.187      0.207     -0.906      0.365
    MOTHED            -0.157      0.113     -1.380      0.168

 Intercepts
    C#1                1.315      0.067     19.535      0.000
    C#3                0.597      0.090      6.607      0.000
    C#4               -0.360      0.105     -3.423      0.001

Parameterization using Reference Class 3

 C#1      ON
    FEMALE             0.027      0.139      0.194      0.846
    MOTHED             0.036      0.068      0.535      0.592

 C#2      ON
    FEMALE             0.051      0.187      0.270      0.787
    MOTHED            -0.071      0.100     -0.714      0.475

 C#4      ON
    FEMALE            -0.137      0.218     -0.629      0.530
    MOTHED            -0.228      0.117     -1.949      0.051

 Intercepts
    C#1                0.718      0.067     10.670      0.000
    C#2               -0.597      0.090     -6.607      0.000
    C#4               -0.956      0.109     -8.763      0.000


ODDS RATIO FOR THE ALTERNATIVE PARAMETERIZATIONS FOR THE CATEGORICAL LATENT VARIABLE REGRESSION

                                                95% C.I.
                    Estimate       S.E.  Lower 2.5% Upper 2.5%

Parameterization using Reference Class 1

 C#2      ON
    FEMALE             1.024      0.140      0.784      1.337
    MOTHED             0.898      0.065      0.778      1.036

 C#3      ON
    FEMALE             0.973      0.135      0.741      1.278
    MOTHED             0.964      0.066      0.844      1.102

 C#4      ON
    FEMALE             0.849      0.160      0.586      1.229
    MOTHED             0.768      0.078      0.629      0.937

Parameterization using Reference Class 2

 C#1      ON
    FEMALE             0.977      0.133      0.748      1.276
    MOTHED             1.114      0.081      0.965      1.285

 C#3      ON
    FEMALE             0.951      0.178      0.659      1.372
    MOTHED             1.074      0.107      0.883      1.306

 C#4      ON
    FEMALE             0.829      0.171      0.553      1.243
    MOTHED             0.855      0.097      0.685      1.068

Parameterization using Reference Class 3

 C#1      ON
    FEMALE             1.027      0.143      0.783      1.349
    MOTHED             1.037      0.070      0.908      1.185

 C#2      ON
    FEMALE             1.052      0.197      0.729      1.518
    MOTHED             0.931      0.093      0.766      1.132

 C#4      ON
    FEMALE             0.872      0.190      0.569      1.336
    MOTHED             0.796      0.093      0.633      1.001


     Beginning Time:  16:46:40
        Ending Time:  16:46:41
       Elapsed Time:  00:00:01



MUTHEN & MUTHEN
3463 Stoner Ave.
Los Angeles, CA  90066

Tel: (310) 391-9971
Fax: (310) 391-8971
Web: www.StatModel.com
Support: Support@StatModel.com

Copyright (c) 1998-2024 Muthen & Muthen
