Mplus VERSION 8.11
MUTHEN & MUTHEN
08/19/2025   6:40 PM

INPUT INSTRUCTIONS

  TITLE:
  Step 1 - Three-Step
  DATA:
  FILE = "C:/Users/dnajiarch/Box/IES_IMMERSE/bookdown materials/LCA 10 FAQ
  Replication/manual_3step/Step1.dat";
  VARIABLE:
  NAMES = hispanic Gender LifeSat1 LifeSat2 LifeSat3 LifeSat4 LifeSatA PYDI1Ab PYDI2Ab
       PYDI3Ab PYDI4Ab PYDI5Ab PYDI6Ab PYDI7Ab;
   MISSING=.;
   categorical = PYDI1Ab PYDI2Ab PYDI3Ab PYDI4Ab PYDI5Ab PYDI6Ab PYDI7Ab;
     usevar = PYDI1Ab PYDI2Ab PYDI3Ab PYDI4Ab PYDI5Ab PYDI6Ab PYDI7Ab;
    MISSING ARE ALL (9999);
     classes = c(4);

     auxiliary =   ! list all potential covariates and distals here
     hispanic        ! covariate
     LifeSatA;      ! distal
  ANALYSIS:
  estimator = mlr;
      type = mixture;
      starts = 0;
      optseed = 371246;
  OUTPUT:
  residual tech11 tech14 svalues(2 4 3 1);
  SAVEDATA:
  File=3step_savedata.dat;
      Save=cprob;
  PLOT:
  type = plot3;
      series = PYDI1Ab PYDI2Ab PYDI3Ab PYDI4Ab PYDI5Ab PYDI6Ab PYDI7Ab(*);



*** WARNING
  Data set contains cases with missing on all variables.
  These cases were not included in the analysis.
  Number of cases with missing on all variables:  9
   1 WARNING(S) FOUND IN THE INPUT INSTRUCTIONS




Step 1 - Three-Step

SUMMARY OF ANALYSIS

Number of groups                                                 1
Number of observations                                        1629

Number of dependent variables                                    7
Number of independent variables                                  0
Number of continuous latent variables                            0
Number of categorical latent variables                           1

Observed dependent variables

  Binary and ordered categorical (ordinal)
   PYDI1AB     PYDI2AB     PYDI3AB     PYDI4AB     PYDI5AB     PYDI6AB
   PYDI7AB

Observed auxiliary variables
   HISPANIC    LIFESATA

Categorical latent variables
   C


Estimator                                                      MLR
Information matrix                                        OBSERVED
Optimization Specifications for the Quasi-Newton Algorithm for
Continuous Outcomes
  Maximum number of iterations                                 100
  Convergence criterion                                  0.100D-05
Optimization Specifications for the EM Algorithm
  Maximum number of iterations                                 500
  Convergence criteria
    Loglikelihood change                                 0.100D-06
    Relative loglikelihood change                        0.100D-06
    Derivative                                           0.100D-05
Optimization Specifications for the M step of the EM Algorithm for
Categorical Latent variables
  Number of M step iterations                                    1
  M step convergence criterion                           0.100D-05
  Basis for M step termination                           ITERATION
Optimization Specifications for the M step of the EM Algorithm for
Censored, Binary or Ordered Categorical (Ordinal), Unordered
Categorical (Nominal) and Count Outcomes
  Number of M step iterations                                    1
  M step convergence criterion                           0.100D-05
  Basis for M step termination                           ITERATION
  Maximum value for logit thresholds                            15
  Minimum value for logit thresholds                           -15
  Minimum expected cell size for chi-square              0.100D-01
Maximum number of iterations for H1                           2000
Convergence criterion for H1                             0.100D-03
Optimization algorithm                                         EMA
Random Starts Specifications
  Random seed for analysis                                  371246
Link                                                         LOGIT

Input data file(s)
  C:/Users/dnajiarch/Box/IES_IMMERSE/bookdown materials/LCA 10 FAQReplication/ma
Input data format  FREE


SUMMARY OF DATA

     Number of missing data patterns             1
     Number of y missing data patterns           0
     Number of u missing data patterns           1


COVARIANCE COVERAGE OF DATA

Minimum covariance coverage value   0.100


UNIVARIATE PROPORTIONS AND COUNTS FOR CATEGORICAL VARIABLES

    PYDI1AB
      Category 1    0.357          581.000
      Category 2    0.643         1048.000
    PYDI2AB
      Category 1    0.071          116.000
      Category 2    0.929         1513.000
    PYDI3AB
      Category 1    0.130          212.000
      Category 2    0.870         1417.000
    PYDI4AB
      Category 1    0.067          109.000
      Category 2    0.933         1520.000
    PYDI5AB
      Category 1    0.134          219.000
      Category 2    0.866         1410.000
    PYDI6AB
      Category 1    0.050           82.000
      Category 2    0.950         1547.000
    PYDI7AB
      Category 1    0.074          120.000
      Category 2    0.926         1509.000


     IN THE OPTIMIZATION, ONE OR MORE LOGIT THRESHOLDS APPROACHED EXTREME VALUES
     OF -15.000 AND 15.000 AND WERE FIXED TO STABILIZE MODEL ESTIMATION.  THESE
     VALUES IMPLY PROBABILITIES OF 0 AND 1.  IN THE MODEL RESULTS SECTION, THESE
     PARAMETERS HAVE 0 STANDARD ERRORS AND 999 IN THE Z-SCORE AND P-VALUE COLUMNS.




THE MODEL ESTIMATION TERMINATED NORMALLY



MODEL FIT INFORMATION

Number of Free Parameters                       31

Loglikelihood

          H0 Value                       -3379.436
          H0 Scaling Correction Factor      1.0216
            for MLR

Information Criteria

          Akaike (AIC)                    6820.872
          Bayesian (BIC)                  6988.140
          Sample-Size Adjusted BIC        6889.658
            (n* = (n + 2) / 24)

Chi-Square Test of Model Fit for the Binary and Ordered Categorical
(Ordinal) Outcomes

          Pearson Chi-Square

          Value                            104.809
          Degrees of Freedom                    96
          P-Value                           0.2530

          Likelihood Ratio Chi-Square

          Value                            109.562
          Degrees of Freedom                    96
          P-Value                           0.1626



FINAL CLASS COUNTS AND PROPORTIONS FOR THE LATENT CLASSES
BASED ON THE ESTIMATED MODEL

    Latent
   Classes

       1       1057.90474          0.64942
       2        128.75771          0.07904
       3         87.60068          0.05378
       4        354.73688          0.21776


FINAL CLASS COUNTS AND PROPORTIONS FOR THE LATENT CLASSES
BASED ON ESTIMATED POSTERIOR PROBABILITIES

    Latent
   Classes

       1       1057.90474          0.64942
       2        128.75771          0.07904
       3         87.60068          0.05378
       4        354.73688          0.21776


FINAL CLASS COUNTS AND PROPORTIONS FOR THE LATENT CLASSES
BASED ON THEIR MOST LIKELY LATENT CLASS MEMBERSHIP

Class Counts and Proportions

    Latent
   Classes

       1             1190          0.73051
       2              135          0.08287
       3               70          0.04297
       4              234          0.14365


CLASSIFICATION QUALITY

     Entropy                         0.753


Average Latent Class Probabilities for Most Likely Latent Class Membership (Row)
by Latent Class (Column)

           1        2        3        4

    1   0.861    0.008    0.000    0.131
    2   0.024    0.868    0.109    0.000
    3   0.004    0.038    0.941    0.016
    4   0.126    0.000    0.028    0.846


Classification Probabilities for the Most Likely Latent Class Membership (Column)
by Latent Class (Row)

           1        2        3        4

    1   0.969    0.003    0.000    0.028
    2   0.069    0.910    0.021    0.000
    3   0.007    0.167    0.752    0.074
    4   0.439    0.000    0.003    0.558


Logits for the Classification Probabilities for the Most Likely Latent Class Membership (Column)
by Latent Class (Row)

              1        2        3        4

    1      3.547   -2.222   -4.641    0.000
    2     11.149   13.721    9.942    0.000
    3     -2.419    0.818    2.321    0.000
    4     -0.241  -13.232   -5.155    0.000


MODEL RESULTS

                                                    Two-Tailed
                    Estimate       S.E.  Est./S.E.    P-Value

Latent Class 1

 Thresholds
    PYDI1AB$1         -1.559      0.173     -9.000      0.000
    PYDI2AB$1         -5.072      1.043     -4.862      0.000
    PYDI3AB$1         -4.063      0.875     -4.646      0.000
    PYDI4AB$1        -15.000      0.000    999.000    999.000
    PYDI5AB$1         -4.097      0.443     -9.255      0.000
    PYDI6AB$1         -5.035      0.593     -8.484      0.000
    PYDI7AB$1         -5.517      1.144     -4.821      0.000

Latent Class 2

 Thresholds
    PYDI1AB$1          1.517      0.341      4.443      0.000
    PYDI2AB$1         -1.951      0.352     -5.547      0.000
    PYDI3AB$1         -1.239      0.334     -3.713      0.000
    PYDI4AB$1         -0.889      0.222     -4.007      0.000
    PYDI5AB$1         15.000      0.000    999.000    999.000
    PYDI6AB$1        -15.000      0.000    999.000    999.000
    PYDI7AB$1         -1.403      0.451     -3.109      0.002

Latent Class 3

 Thresholds
    PYDI1AB$1          1.314      0.316      4.158      0.000
    PYDI2AB$1         -0.248      0.289     -0.856      0.392
    PYDI3AB$1         -0.095      0.253     -0.375      0.708
    PYDI4AB$1         -0.626      0.281     -2.226      0.026
    PYDI5AB$1          1.605      0.454      3.538      0.000
    PYDI6AB$1          0.925      0.735      1.259      0.208
    PYDI7AB$1          0.927      0.304      3.047      0.002

Latent Class 4

 Thresholds
    PYDI1AB$1          0.521      0.253      2.057      0.040
    PYDI2AB$1         -1.696      0.243     -6.969      0.000
    PYDI3AB$1         -0.628      0.232     -2.702      0.007
    PYDI4AB$1         -2.036      0.295     -6.911      0.000
    PYDI5AB$1        -15.000      0.000    999.000    999.000
    PYDI6AB$1         -3.315      0.538     -6.157      0.000
    PYDI7AB$1         -2.473      0.294     -8.399      0.000

Categorical Latent Variables

 Means
    C#1                1.093      0.270      4.054      0.000
    C#2               -1.013      0.244     -4.150      0.000
    C#3               -1.399      0.302     -4.636      0.000


QUALITY OF NUMERICAL RESULTS

     Condition Number for the Information Matrix              0.200E-02
       (ratio of smallest to largest eigenvalue)


RESULTS IN PROBABILITY SCALE

                                                    Two-Tailed
                    Estimate       S.E.  Est./S.E.    P-Value

Latent Class 1

 PYDI1AB
    Category 1         0.174      0.025      6.986      0.000
    Category 2         0.826      0.025     33.222      0.000
 PYDI2AB
    Category 1         0.006      0.006      0.965      0.335
    Category 2         0.994      0.006    153.798      0.000
 PYDI3AB
    Category 1         0.017      0.015      1.163      0.245
    Category 2         0.983      0.015     67.654      0.000
 PYDI4AB
    Category 1         0.000      0.000      0.000      1.000
    Category 2         1.000      0.000      0.000      1.000
 PYDI5AB
    Category 1         0.016      0.007      2.297      0.022
    Category 2         0.984      0.007    138.179      0.000
 PYDI6AB
    Category 1         0.006      0.004      1.696      0.090
    Category 2         0.994      0.004    260.651      0.000
 PYDI7AB
    Category 1         0.004      0.005      0.877      0.380
    Category 2         0.996      0.005    218.379      0.000

Latent Class 2

 PYDI1AB
    Category 1         0.820      0.050     16.278      0.000
    Category 2         0.180      0.050      3.571      0.000
 PYDI2AB
    Category 1         0.124      0.038      3.248      0.001
    Category 2         0.876      0.038     22.844      0.000
 PYDI3AB
    Category 1         0.225      0.058      3.866      0.000
    Category 2         0.775      0.058     13.342      0.000
 PYDI4AB
    Category 1         0.291      0.046      6.361      0.000
    Category 2         0.709      0.046     15.474      0.000
 PYDI5AB
    Category 1         1.000      0.000      0.000      1.000
    Category 2         0.000      0.000      0.000      1.000
 PYDI6AB
    Category 1         0.000      0.000      0.000      1.000
    Category 2         1.000      0.000      0.000      1.000
 PYDI7AB
    Category 1         0.197      0.071      2.761      0.006
    Category 2         0.803      0.071     11.228      0.000

Latent Class 3

 PYDI1AB
    Category 1         0.788      0.053     14.939      0.000
    Category 2         0.212      0.053      4.014      0.000
 PYDI2AB
    Category 1         0.438      0.071      6.152      0.000
    Category 2         0.562      0.071      7.882      0.000
 PYDI3AB
    Category 1         0.476      0.063      7.562      0.000
    Category 2         0.524      0.063      8.313      0.000
 PYDI4AB
    Category 1         0.348      0.064      5.456      0.000
    Category 2         0.652      0.064     10.204      0.000
 PYDI5AB
    Category 1         0.833      0.063     13.179      0.000
    Category 2         0.167      0.063      2.647      0.008
 PYDI6AB
    Category 1         0.716      0.149      4.793      0.000
    Category 2         0.284      0.149      1.901      0.057
 PYDI7AB
    Category 1         0.716      0.062     11.595      0.000
    Category 2         0.284      0.062      4.590      0.000

Latent Class 4

 PYDI1AB
    Category 1         0.627      0.059     10.594      0.000
    Category 2         0.373      0.059      6.291      0.000
 PYDI2AB
    Category 1         0.155      0.032      4.862      0.000
    Category 2         0.845      0.032     26.512      0.000
 PYDI3AB
    Category 1         0.348      0.053      6.604      0.000
    Category 2         0.652      0.053     12.370      0.000
 PYDI4AB
    Category 1         0.115      0.030      3.838      0.000
    Category 2         0.885      0.030     29.392      0.000
 PYDI5AB
    Category 1         0.000      0.000      0.000      1.000
    Category 2         1.000      0.000      0.000      1.000
 PYDI6AB
    Category 1         0.035      0.018      1.925      0.054
    Category 2         0.965      0.018     52.961      0.000
 PYDI7AB
    Category 1         0.078      0.021      3.683      0.000
    Category 2         0.922      0.021     43.665      0.000


LATENT CLASS INDICATOR ODDS RATIOS FOR THE LATENT CLASSES

                                                95% C.I.
                    Estimate       S.E.  Lower 2.5% Upper 2.5%

Latent Class 1 Compared to Latent Class 2

 PYDI1AB
    Category > 1      21.678      8.258     10.275     45.739
 PYDI2AB
    Category > 1      22.670     24.959      2.620    196.162
 PYDI3AB
    Category > 1      16.856     15.889      2.657    106.932
 PYDI4AB
    Category > 1   *********      0.000  *********  *********
 PYDI5AB
    Category > 1   *********      0.000  *********  *********
 PYDI6AB
    Category > 1       0.000      0.000      0.000      0.000
 PYDI7AB
    Category > 1      61.208     76.776      5.237    715.383

Latent Class 1 Compared to Latent Class 3

 PYDI1AB
    Category > 1      17.699      6.293      8.816     35.531
 PYDI2AB
    Category > 1     124.450    134.175     15.040   1029.746
 PYDI3AB
    Category > 1      52.919     48.052      8.927    313.716
 PYDI4AB
    Category > 1   *********      0.000  *********  *********
 PYDI5AB
    Category > 1     299.522    196.388     82.853   1082.797
 PYDI6AB
    Category > 1     387.424    355.795     64.042   2343.752
 PYDI7AB
    Category > 1     628.749    736.161     63.364   6238.952

Latent Class 1 Compared to Latent Class 4

 PYDI1AB
    Category > 1       8.008      2.304      4.557     14.073
 PYDI2AB
    Category > 1      29.242     31.372      3.571    239.452
 PYDI3AB
    Category > 1      31.059     27.265      5.558    173.549
 PYDI4AB
    Category > 1   *********      0.000  *********  *********
 PYDI5AB
    Category > 1       0.000      0.000      0.000      0.000
 PYDI6AB
    Category > 1       5.586      5.355      0.853     36.574
 PYDI7AB
    Category > 1      20.994     26.212      1.817    242.589

Latent Class 2 Compared to Latent Class 3

 PYDI1AB
    Category > 1       0.816      0.417      0.300      2.221
 PYDI2AB
    Category > 1       5.490      2.382      2.345     12.851
 PYDI3AB
    Category > 1       3.139      1.468      1.256      7.849
 PYDI4AB
    Category > 1       1.301      0.516      0.598      2.830
 PYDI5AB
    Category > 1       0.000      0.000      0.000      0.000
 PYDI6AB
    Category > 1   *********      0.000  *********  *********
 PYDI7AB
    Category > 1      10.272      5.859      3.359     31.419

Latent Class 2 Compared to Latent Class 4

 PYDI1AB
    Category > 1       0.369      0.153      0.164      0.833
 PYDI2AB
    Category > 1       1.290      0.543      0.566      2.941
 PYDI3AB
    Category > 1       1.843      0.731      0.847      4.008
 PYDI4AB
    Category > 1       0.318      0.116      0.155      0.651
 PYDI5AB
    Category > 1       0.000      0.000      0.000      0.000
 PYDI6AB
    Category > 1   *********      0.000  *********  *********
 PYDI7AB
    Category > 1       0.343      0.169      0.131      0.901

Latent Class 3 Compared to Latent Class 4

 PYDI1AB
    Category > 1       0.452      0.186      0.202      1.014
 PYDI2AB
    Category > 1       0.235      0.091      0.110      0.503
 PYDI3AB
    Category > 1       0.587      0.207      0.294      1.172
 PYDI4AB
    Category > 1       0.244      0.099      0.110      0.540
 PYDI5AB
    Category > 1       0.000      0.000      0.000      0.000
 PYDI6AB
    Category > 1       0.014      0.014      0.002      0.091
 PYDI7AB
    Category > 1       0.033      0.014      0.015      0.075


MODEL COMMAND WITH FINAL ESTIMATES USED AS STARTING VALUES

     %OVERALL%

     [ c#1*1.09267 ];
     [ c#2*-1.01344 ];
     [ c#3*-1.39859 ];

     %C#1%

     [ pydi1ab$1*-1.55937 ];
     [ pydi2ab$1*-5.07169 ];
     [ pydi3ab$1*-4.06347 ];
     [ pydi4ab$1*-15 ];
     [ pydi5ab$1*-4.09714 ];
     [ pydi6ab$1*-5.03495 ];
     [ pydi7ab$1*-5.51702 ];

     %C#2%

     [ pydi1ab$1*1.51695 ];
     [ pydi2ab$1*-1.95063 ];
     [ pydi3ab$1*-1.23874 ];
     [ pydi4ab$1*-0.88898 ];
     [ pydi5ab$1*15 ];
     [ pydi6ab$1*-15 ];
     [ pydi7ab$1*-1.40275 ];

     %C#3%

     [ pydi1ab$1*1.31413 ];
     [ pydi2ab$1*-0.24778 ];
     [ pydi3ab$1*-0.09470 ];
     [ pydi4ab$1*-0.62604 ];
     [ pydi5ab$1*1.60505 ];
     [ pydi6ab$1*0.92457 ];
     [ pydi7ab$1*0.92671 ];

     %C#4%

     [ pydi1ab$1*0.52108 ];
     [ pydi2ab$1*-1.69608 ];
     [ pydi3ab$1*-0.62759 ];
     [ pydi4ab$1*-2.03584 ];
     [ pydi5ab$1*-15 ];
     [ pydi6ab$1*-3.31463 ];
     [ pydi7ab$1*-2.47277 ];



RESIDUAL OUTPUT


     RESIDUAL OUTPUT IS NOT AVAILABLE FOR THIS MODEL.  ADDITIONAL OUTPUT FOR
     CATEGORICAL, COUNT, AND NOMINAL VARIABLES MAY BE AVAILABLE USING TECH10.


TECHNICAL 11 OUTPUT

     Random Starts Specifications for the k-1 Class Analysis Model
        Number of initial stage random starts                  20
        Number of final stage optimizations                     4



     VUONG-LO-MENDELL-RUBIN LIKELIHOOD RATIO TEST FOR 3 (H0) VERSUS 4 CLASSES

          H0 Loglikelihood Value                        -3394.950
          2 Times the Loglikelihood Difference             31.027
          Difference in the Number of Parameters                8
          Mean                                              2.124
          Standard Deviation                                8.070
          P-Value                                          0.0016

     LO-MENDELL-RUBIN ADJUSTED LRT TEST

          Value                                            30.512
          P-Value                                          0.0017


TECHNICAL 14 OUTPUT

     Random Starts Specifications for the k-1 Class Analysis Model
        Number of initial stage random starts                  20
        Number of final stage optimizations                     4

     Random Starts Specification for the k-1 Class Model for Generated Data
        Number of initial stage random starts                   0
        Number of final stage optimizations for the
           initial stage random starts                          0
     Random Starts Specification for the k Class Model for Generated Data
        Number of initial stage random starts                  40
        Number of final stage optimizations                     8
     Number of bootstrap draws requested                   Varies


     PARAMETRIC BOOTSTRAPPED LIKELIHOOD RATIO TEST FOR 3 (H0) VERSUS 4 CLASSES

          H0 Loglikelihood Value                        -3394.950
          2 Times the Loglikelihood Difference             31.027
          Difference in the Number of Parameters                8
          Approximate P-Value                              0.0000
          Successful Bootstrap Draws                           49

     WARNING:  OF THE 49 BOOTSTRAP DRAWS, 37 DRAWS HAD BOTH A SMALLER LRT VALUE THAN THE
     OBSERVED LRT VALUE AND NOT A REPLICATED BEST LOGLIKELIHOOD VALUE FOR THE 4-CLASS MODEL.
     THIS MEANS THAT THE P-VALUE MAY NOT BE TRUSTWORTHY DUE TO LOCAL MAXIMA.
     INCREASE THE NUMBER OF RANDOM STARTS USING THE LRTSTARTS OPTION.



PLOT INFORMATION

The following plots are available:

  Histograms (sample values)
  Scatterplots (sample values)
  Sample proportions and estimated probabilities

SAVEDATA INFORMATION


  Save file
    3step_savedata.dat

  Order and format of variables

    PYDI1AB        F10.3
    PYDI2AB        F10.3
    PYDI3AB        F10.3
    PYDI4AB        F10.3
    PYDI5AB        F10.3
    PYDI6AB        F10.3
    PYDI7AB        F10.3
    HISPANIC       F10.3
    LIFESATA       F10.3
    CPROB1         F10.3
    CPROB2         F10.3
    CPROB3         F10.3
    CPROB4         F10.3
    C              F10.3

  Save file format
    14F10.3

  Save file record length    10000

  Save missing symbol        *


     Beginning Time:  18:40:46
        Ending Time:  18:40:55
       Elapsed Time:  00:00:09



MUTHEN & MUTHEN
3463 Stoner Ave.
Los Angeles, CA  90066

Tel: (310) 391-9971
Fax: (310) 391-8971
Web: www.StatModel.com
Support: Support@StatModel.com

Copyright (c) 1998-2024 Muthen & Muthen
