Mplus VERSION 8.11
MUTHEN & MUTHEN
08/19/2025   6:41 PM

INPUT INSTRUCTIONS

  TITLE:
  Step3 - 3step LSAY
  DATA:
  FILE = "C:/Users/dnajiarch/Box/IES_IMMERSE/bookdown materials/LCA 10 FAQ
  Replication/manual_3step/Step3.dat";
  VARIABLE:
  NAMES = PYDI1AB PYDI2AB PYDI3AB PYDI4AB PYDI5AB PYDI6AB PYDI7AB HISPANIC LIFESATA
       CPROB1 CPROB2 CPROB3 CPROB4 N;
   MISSING=.;
   nominal=N;
    usevar = n;

    classes = c(4);

    usevar = hispanic LifeSatA;
  DEFINE:
  center hispanic (grandmean);
  ANALYSIS:
  estimator = mlr;
    type = mixture;
    starts = 0;
  MODEL:
  %OVERALL%

  LifeSatA on hispanic; ! covariate as a predictor of the distal outcome
  C on hispanic;        ! covariate as predictor of C

     %C#1%
  [n#1@3.547]; ! MUST EDIT if you do not have a 4-class model.
  [n#2@-2.222];
  [n#3@-4.641];

  [LifeSatA](m1);    ! conditional distal mean
  LifeSatA;          ! conditional distal variance (freely estimated)

  %C#2%
  [n#1@11.149];
  [n#2@13.721];
  [n#3@9.942];

  [LifeSatA](m2);
  LifeSatA;

  %C#3%
  [n#1@-2.419];
  [n#2@0.818];
  [n#3@2.321];

  [LifeSatA](m3);
  LifeSatA;

  %C#4%
  [n#1@-0.241];
  [n#2@-13.232];
  [n#3@-5.155];

  [LifeSatA](m4);
  LifeSatA;
  MODEL CONSTRAINT:
  New (diff12 diff13 diff23
      diff14 diff24 diff34);

      diff12 = m1-m2;  ! test pairwise distal mean differences
      diff13 = m1-m3;
      diff23 = m2-m3;
      diff14 = m1-m4;
      diff24 = m2-m4;
      diff34 = m3-m4;
  MODEL TEST:
       ! omnibus test of distal means
      m1=m2;
      m2=m3;
      m3=m4;



*** WARNING
  Data set contains cases with missing on x-variables.
  These cases were not included in the analysis.
  Number of cases with missing on x-variables:  195
   1 WARNING(S) FOUND IN THE INPUT INSTRUCTIONS




Step3 - 3step LSAY

SUMMARY OF ANALYSIS

Number of groups                                                 1
Number of observations                                        1434

Number of dependent variables                                    2
Number of independent variables                                  1
Number of continuous latent variables                            0
Number of categorical latent variables                           1

Observed dependent variables

  Continuous
   LIFESATA

  Unordered categorical (nominal)
   N

Observed independent variables
   HISPANIC

Categorical latent variables
   C

Variables with special functions

  Centering (GRANDMEAN)
   HISPANIC


Estimator                                                      MLR
Information matrix                                        OBSERVED
Optimization Specifications for the Quasi-Newton Algorithm for
Continuous Outcomes
  Maximum number of iterations                                 100
  Convergence criterion                                  0.100D-05
Optimization Specifications for the EM Algorithm
  Maximum number of iterations                                 500
  Convergence criteria
    Loglikelihood change                                 0.100D-06
    Relative loglikelihood change                        0.100D-06
    Derivative                                           0.100D-05
Optimization Specifications for the M step of the EM Algorithm for
Categorical Latent variables
  Number of M step iterations                                    1
  M step convergence criterion                           0.100D-05
  Basis for M step termination                           ITERATION
Optimization Specifications for the M step of the EM Algorithm for
Censored, Binary or Ordered Categorical (Ordinal), Unordered
Categorical (Nominal) and Count Outcomes
  Number of M step iterations                                    1
  M step convergence criterion                           0.100D-05
  Basis for M step termination                           ITERATION
  Maximum value for logit thresholds                            15
  Minimum value for logit thresholds                           -15
  Minimum expected cell size for chi-square              0.100D-01
Maximum number of iterations for H1                           2000
Convergence criterion for H1                             0.100D-03
Optimization algorithm                                         EMA

Input data file(s)
  C:/Users/dnajiarch/Box/IES_IMMERSE/bookdown materials/LCA 10 FAQReplication/ma
Input data format  FREE


SUMMARY OF DATA

     Number of missing data patterns             2
     Number of y missing data patterns           2
     Number of u missing data patterns           0


COVARIANCE COVERAGE OF DATA

Minimum covariance coverage value   0.100


     PROPORTION OF DATA PRESENT FOR Y


           Covariance Coverage
              LIFESATA      HISPANIC
              ________      ________
 LIFESATA       0.999
 HISPANIC       0.999         1.000


UNIVARIATE PROPORTIONS AND COUNTS FOR CATEGORICAL VARIABLES

    N
      Category 1    0.729         1046.000
      Category 2    0.084          121.000
      Category 3    0.045           64.000
      Category 4    0.142          203.000



UNIVARIATE SAMPLE STATISTICS


     UNIVARIATE HIGHER-ORDER MOMENT DESCRIPTIVE STATISTICS

         Variable/         Mean/     Skewness/   Minimum/ % with                Percentiles
        Sample Size      Variance    Kurtosis    Maximum  Min/Max      20%/60%    40%/80%    Median

     LIFESATA             74.994      -1.346       0.000    0.28%      64.000     75.000     80.000
            1432.000     336.551       2.043     100.000    3.70%      83.000     90.000
     HISPANIC              0.000       0.848      -0.305   69.53%      -0.305     -0.305     -0.305
            1434.000       0.212      -1.280       0.695   30.47%      -0.305      0.695


THE MODEL ESTIMATION TERMINATED NORMALLY



MODEL FIT INFORMATION

Number of Free Parameters                       15

Loglikelihood

          H0 Value                       -7150.116
          H0 Scaling Correction Factor      0.9966
            for MLR

Information Criteria

          Akaike (AIC)                   14330.232
          Bayesian (BIC)                 14409.255
          Sample-Size Adjusted BIC       14361.605
            (n* = (n + 2) / 24)

Wald Test of Parameter Constraints

          Value                            442.089
          Degrees of Freedom                     3
          P-Value                           0.0000



FINAL CLASS COUNTS AND PROPORTIONS FOR THE LATENT CLASSES
BASED ON THE ESTIMATED MODEL

    Latent
   Classes

       1        879.22276          0.61313
       2        117.64023          0.08204
       3         77.79936          0.05425
       4        359.33765          0.25058


FINAL CLASS COUNTS AND PROPORTIONS FOR THE LATENT CLASSES
BASED ON ESTIMATED POSTERIOR PROBABILITIES

    Latent
   Classes

       1        879.22196          0.61313
       2        117.64024          0.08204
       3         77.79929          0.05425
       4        359.33850          0.25058


FINAL CLASS COUNTS AND PROPORTIONS FOR THE LATENT CLASSES
BASED ON THEIR MOST LIKELY LATENT CLASS MEMBERSHIP

Class Counts and Proportions

    Latent
   Classes

       1              912          0.63598
       2              121          0.08438
       3               64          0.04463
       4              337          0.23501


CLASSIFICATION QUALITY

     Entropy                         0.764


Average Latent Class Probabilities for Most Likely Latent Class Membership (Row)
by Latent Class (Column)

           1        2        3        4

    1   0.913    0.005    0.000    0.083
    2   0.025    0.870    0.104    0.000
    3   0.005    0.041    0.935    0.019
    4   0.129    0.016    0.015    0.839


Classification Probabilities for the Most Likely Latent Class Membership (Column)
by Latent Class (Row)

           1        2        3        4

    1   0.947    0.003    0.000    0.049
    2   0.035    0.895    0.022    0.047
    3   0.003    0.162    0.769    0.066
    4   0.209    0.000    0.003    0.787


Logits for the Classification Probabilities for the Most Likely Latent Class Membership (Column)
by Latent Class (Row)

              1        2        3        4

    1      2.952   -2.655   -4.831    0.000
    2     -0.289    2.942   -0.752    0.000
    3     -3.145    0.904    2.458    0.000
    4     -1.324  -13.576   -5.454    0.000


MODEL RESULTS

                                                    Two-Tailed
                    Estimate       S.E.  Est./S.E.    P-Value

Latent Class 1

 LIFESATA   ON
    HISPANIC           0.365      0.723      0.505      0.614

 Means
    N#1                3.547      0.000    999.000    999.000
    N#2               -2.222      0.000    999.000    999.000
    N#3               -4.641      0.000    999.000    999.000

 Intercepts
    LIFESATA          83.493      0.450    185.462      0.000

 Residual Variances
    LIFESATA          86.916      5.475     15.874      0.000

Latent Class 2

 LIFESATA   ON
    HISPANIC           0.365      0.723      0.505      0.614

 Means
    N#1               11.149      0.000    999.000    999.000
    N#2               13.721      0.000    999.000    999.000
    N#3                9.942      0.000    999.000    999.000

 Intercepts
    LIFESATA          62.879      2.330     26.985      0.000

 Residual Variances
    LIFESATA         367.836     55.406      6.639      0.000

Latent Class 3

 LIFESATA   ON
    HISPANIC           0.365      0.723      0.505      0.614

 Means
    N#1               -2.419      0.000    999.000    999.000
    N#2                0.818      0.000    999.000    999.000
    N#3                2.321      0.000    999.000    999.000

 Intercepts
    LIFESATA          59.848      3.646     16.413      0.000

 Residual Variances
    LIFESATA         649.969    124.387      5.225      0.000

Latent Class 4

 LIFESATA   ON
    HISPANIC           0.365      0.723      0.505      0.614

 Means
    N#1               -0.241      0.000    999.000    999.000
    N#2              -13.232      0.000    999.000    999.000
    N#3               -5.155      0.000    999.000    999.000

 Intercepts
    LIFESATA          61.423      1.311     46.850      0.000

 Residual Variances
    LIFESATA         409.561     33.930     12.071      0.000

Categorical Latent Variables

 C#1        ON
    HISPANIC           0.485      0.185      2.624      0.009

 C#2        ON
    HISPANIC          -0.513      0.330     -1.553      0.120

 C#3        ON
    HISPANIC          -0.104      0.357     -0.292      0.770

 Intercepts
    C#1                0.897      0.094      9.505      0.000
    C#2               -1.167      0.135     -8.618      0.000
    C#3               -1.537      0.158     -9.755      0.000

New/Additional Parameters
    DIFF12            20.613      2.371      8.695      0.000
    DIFF13            23.645      3.687      6.413      0.000
    DIFF23             3.032      4.895      0.619      0.536
    DIFF14            22.070      1.324     16.672      0.000
    DIFF24             1.457      2.705      0.539      0.590
    DIFF34            -1.575      3.951     -0.399      0.690


QUALITY OF NUMERICAL RESULTS

     Condition Number for the Information Matrix              0.726E-04
       (ratio of smallest to largest eigenvalue)


RESULTS IN PROBABILITY SCALE

                                                    Two-Tailed
                    Estimate       S.E.  Est./S.E.    P-Value

Latent Class 1

 N
    Category 1         0.969      0.010    100.252      0.000
    Category 2         0.003      0.000    100.252      0.000
    Category 3         0.000      0.000    100.252      0.000
    Category 4         0.028      0.010      2.879      0.004

Latent Class 2

 N
    Category 1         0.069      0.000  *********      0.000
    Category 2         0.910      0.000  *********      0.000
    Category 3         0.021      0.000  *********      0.000
    Category 4         0.000      0.000      2.798      0.005

Latent Class 3

 N
    Category 1         0.007      0.000     37.890      0.000
    Category 2         0.167      0.004     37.890      0.000
    Category 3         0.752      0.020     37.890      0.000
    Category 4         0.074      0.024      3.021      0.003

Latent Class 4

 N
    Category 1         0.439      0.087      5.013      0.000
    Category 2         0.000      0.000      5.013      0.000
    Category 3         0.003      0.001      5.013      0.000
    Category 4         0.558      0.088      6.333      0.000


LATENT CLASS INDICATOR ODDS RATIOS FOR THE LATENT CLASSES

                                                95% C.I.
                    Estimate       S.E.  Lower 2.5% Upper 2.5%

Latent Class 1 Compared to Latent Class 2

 N
    Category = 1     415.720    132.881    222.186    777.829
    Category = 2       0.000      0.000      0.000      0.000
    Category = 3       0.013      0.000      0.012      0.013
    Category = 4   28716.094      0.000  28716.092  28716.092

Latent Class 1 Compared to Latent Class 3

 N
    Category = 1    4691.638   1374.998   2641.526   8332.865
    Category = 2       0.015      0.000      0.014      0.016
    Category = 3       0.000      0.000      0.000      0.000
    Category = 4       0.360      0.000      0.360      0.360

Latent Class 1 Compared to Latent Class 4

 N
    Category = 1      39.733      1.418     37.049     42.611
    Category = 2    3033.410    574.722   2092.455   4397.502
    Category = 3       0.083      0.016      0.057      0.121
    Category = 4       0.023      0.000      0.023      0.023

Latent Class 2 Compared to Latent Class 3

 N
    Category = 1      11.286      0.300     10.713     11.889
    Category = 2      50.144      1.589     47.124     53.358
    Category = 3       0.007      0.001      0.006      0.009
    Category = 4       0.000      0.000      0.000      0.000

Latent Class 2 Compared to Latent Class 4

 N
    Category = 1       0.096      0.034      0.048      0.192
    Category = 2   *********  *********  *********  *********
    Category = 3       6.568      1.314      4.437      9.723
    Category = 4       0.000      0.000      0.000      0.000

Latent Class 3 Compared to Latent Class 4

 N
    Category = 1       0.008      0.003      0.004      0.016
    Category = 2   *********  33704.809  *********  *********
    Category = 3     939.593     87.940    782.116   1128.778
    Category = 4       0.063      0.000      0.063      0.063


LOGISTIC REGRESSION ODDS RATIO RESULTS

                                                95% C.I.
                    Estimate       S.E.  Lower 2.5% Upper 2.5%

Categorical Latent Variables

 C#1      ON
    HISPANIC           1.624      0.300      1.130      2.332

 C#2      ON
    HISPANIC           0.599      0.198      0.314      1.144

 C#3      ON
    HISPANIC           0.901      0.322      0.447      1.815


ALTERNATIVE PARAMETERIZATIONS FOR THE CATEGORICAL LATENT VARIABLE REGRESSION

                                                    Two-Tailed
                    Estimate       S.E.  Est./S.E.    P-Value

Parameterization using Reference Class 1

 C#2      ON
    HISPANIC          -0.998      0.303     -3.296      0.001

 C#3      ON
    HISPANIC          -0.589      0.326     -1.809      0.071

 C#4      ON
    HISPANIC          -0.485      0.185     -2.624      0.009

 Intercepts
    C#2               -2.064      0.122    -16.935      0.000
    C#3               -2.434      0.142    -17.185      0.000
    C#4               -0.897      0.094     -9.505      0.000

Parameterization using Reference Class 2

 C#1      ON
    HISPANIC           0.998      0.303      3.296      0.001

 C#3      ON
    HISPANIC           0.408      0.470      0.869      0.385

 C#4      ON
    HISPANIC           0.513      0.330      1.553      0.120

 Intercepts
    C#1                2.064      0.122     16.935      0.000
    C#3               -0.370      0.193     -1.915      0.055
    C#4                1.167      0.135      8.618      0.000

Parameterization using Reference Class 3

 C#1      ON
    HISPANIC           0.589      0.326      1.809      0.071

 C#2      ON
    HISPANIC          -0.408      0.470     -0.869      0.385

 C#4      ON
    HISPANIC           0.104      0.357      0.292      0.770

 Intercepts
    C#1                2.434      0.142     17.185      0.000
    C#2                0.370      0.193      1.915      0.055
    C#4                1.537      0.158      9.755      0.000


ODDS RATIO FOR THE ALTERNATIVE PARAMETERIZATIONS FOR THE CATEGORICAL LATENT VARIABLE REGRESSION

                                                95% C.I.
                    Estimate       S.E.  Lower 2.5% Upper 2.5%

Parameterization using Reference Class 1

 C#2      ON
    HISPANIC           0.369      0.112      0.204      0.667

 C#3      ON
    HISPANIC           0.555      0.181      0.293      1.051

 C#4      ON
    HISPANIC           0.616      0.114      0.429      0.885

Parameterization using Reference Class 2

 C#1      ON
    HISPANIC           2.712      0.821      1.498      4.907

 C#3      ON
    HISPANIC           1.504      0.707      0.599      3.780

 C#4      ON
    HISPANIC           1.670      0.551      0.874      3.190

Parameterization using Reference Class 3

 C#1      ON
    HISPANIC           1.802      0.587      0.952      3.413

 C#2      ON
    HISPANIC           0.665      0.312      0.265      1.670

 C#4      ON
    HISPANIC           1.110      0.397      0.551      2.236


     Beginning Time:  18:41:43
        Ending Time:  18:41:44
       Elapsed Time:  00:00:01



MUTHEN & MUTHEN
3463 Stoner Ave.
Los Angeles, CA  90066

Tel: (310) 391-9971
Fax: (310) 391-8971
Web: www.StatModel.com
Support: Support@StatModel.com

Copyright (c) 1998-2024 Muthen & Muthen
