Mplus VERSION 7.1
MUTHEN & MUTHEN
06/14/2013  12:25 PM

INPUT INSTRUCTIONS

  data:
  file is Dataset_May28_Final_Mplus.dat;

  Variable:
  names are
  CASEID CASENUM COHORT SCHOOLID G7SSEComp G8SSEComp G9SSEComp G10SSEComp
  G11SSEComp G12SSEComp ABSCIC BBSCIC DBSCIC FBSCIC HASCI1C JASCI1C LASCI1C
  ABSCID BBSCID DBSCID FBSCID HASCI1D
  JASCI1D LASCI1D ABSCIE ABSCIF BBSCIF DBSCIF FBSCIF HASCI1F JASCI1F LASCI1F
  ABSCIG ABSCIH ABSCII ABSCIJ AB15J CB1K EB1K GA1K IA1K KA1K AB15L CB1M EB1M
  GA1M IA1M KA1M AB19E GC19E AB19F GC19F G7PSPComp G9PSPComp G10PSPComp
  G11PSPComp G12PSPComp AB19N DB6L FB2L GC19N HB2L JA2L LA2L AB19Q DB6O FB2O
  GC19Q HB2O JA2O LA2O AB19R FB2P GC19R HB2P JB2P LA2P AB19T DB6Q FB2R GC19T
  HB2R JA2R LA2R AB20A GC10F AB20B GC10J AB20C GC10G AB20D GC10K AB20H GC10N
  AB20K AB22A AB34B CB8B EB8B GA8B IA8B JC3B KA9B AB34D CB8D EB8D GA8D IA8D
  JC3D KA9D AB34J CB8J EB8J GA8K IA8K JC3J KA9K AB35B CB9B EB9B GA9B IA9B JC4B
  KA10B AB35D CB9D EB9D GA9D IA9D JC4D KA10D AB35J CB9J EB9J GA9K IA9K JC4J
  KA10K AB37D CB24D EB25D GA29D IA34D KA41D G7ASCComp G8ASCComp G9ASCComp
  G10ASCComp G11ASCComp G12ASCComp AB37M CB24N EB25N GA29N IA34N KA41N AB37O
  CB24P EB25P GA29P IA34P KA41P AB38B CB26B EB27B GA31B IA36B KA43B AB38H CB26H
  EB27H GA31H IA36H KA43H AB38F CB26F EB27F GA31F IA36F KA43F AB39B CB28B EB29B
  GA32B IA37B KA46B AB39H CB28H EB29H GA32H IA37H KA46H G7SSCComp G8SSCComp
  G9SSCComp G10SSCComp G11SSCComp G12SSCComp AB39M CB29A EB30A GA33A IA38A KA47A
  AB39N CB29B EB30B GA33B IA38B KA47B AB39O CB29C EB30C GA33C IA38C KA47C AB39Q
  CB29E EB30E GA33E IA38E KA47E AB39R CB29F EB30F GA33F IA38F KA47F AB39S CB29G
  EB30G GA33G IA38G KA47G AB39U CB29I EB30I GA33I IA38I KA47I AB39T CB29H EB30H
  GA33H IA38H KA47H AB39W CB29K EB30K GA33K IA38K KA47K AB39X CB29L EB30L GA33L
  IA38L KA47L CB30J EB10J GB10J IA10J KA37J CB30K EB10K GB10K IA10K KA37K CB30M
  EB10M GB10M IA10M KA37M CB30N EB10N GB10N IA10N KA37N BB10K DB1K FB1K HA1K JA1K
  LA1K G7ExC G8ExC G9ExC G10ExC G11ExC G12ExC BB10L DB1L FB1L HA1L JA1L LA1L
  BB10M DB1M FB1M HA1M JA1M LA1M BB11E DB1AA FB1AA HA1AA JA1AA LA1AA BB11J DB1FF
  FB1FF HA1FF JA1EE LA1FF BB11L DB1HH FB1HH HA1HH JA1FF LA1GG BB12A DB2A FB4A
  HA4A JA4A LA4A G7TSPSubC G8TSPSubC G9TSPSubC G10TSPSubC G11TSPSubC G12TSPSubC
  BB12B DB2B FB4B HA4B JA4B LA4B BB12C DB2C FB4C HA4C JA4C LA4C BB12D DB2D FB4D
  HA4D JA4D LA4D BB12E DB2E FB4E HA4E JA4E LA4E BB12F DB2F FB4F HA4F JA4F LA4F
  BB12G DB2G FB4G HA4G JA4G LA4G BB12H DB2H FB4H HA4H JA4H LA4H BB12I DB2I FB4I
  HA4I JA4I LA4I BB12J DB2J FB4J HA4J JA4J LA4J BB12K DB2K FB4K HC4K JC4K LC4K
  BB12L DB2L FB4L HC4L JC4L LC4L BB12M DB2M FB4M HA4K JA4K LA4K BB12N DB2N FB4N
  HA4L JA4L LA4L BB12O DB2O FB4O HA4M JA4M LA4M BB12P DB2P FB4P HA4N JA4N LA4N
  BB17B HA23B JB29B BB17G HC23G BB25A DB15A EB3D FB17A GB27D HA16A IA33D JC15A
  KB36D LC17A BB25B DB15B EB3A FB17B GB27A HA16B IA33A JC15B KB36A LC17B BB25C
  DB15C EB3B FB17C GB27B HA16C IA33B JC15C KB36B LC17C BB25D DB15D EB3C FB17D
  GB27C HA16D IA33C JC15D KB36C LC17D BB25E DB15E EB3E FB17E GB27E HA16E IA33E
  JC15E KB36E LC17E CB3C IA4C CB24F EB25F GB29F IA34F KA41F CB35A EB31A GB35A
  IA40A KA48A CB35F EB31F GC35E IA40F KA48G CB35N EB31N GC35L IA40N KA48O DB16E
  FB18E HB17E JA19E LA16E DB16G FB18G HB17G JA19G LA16G MTH7 MTH8 MTH9 MTH10
  MTH11 MTH12 MOTHED FATHED MOTHOCC FATHOCC RSTEMM RSTEMMX RSTEMMB RSTEMMA
  PACPH7 PACPH8 PACPH9 PACPH10 PACPH11 PACPH12 PCOPH7 PCOPH8 PCOPH9 PCOPH10
  PCOPH11 PCOPH12 PMHPH7 PMHPH8 PMHPH9 PMHPH10 PMHPH11 PMHPH12 PSCPH7 PSCPH9
  PSCPH10 PSCPH11 PSCPH12 HSCRE7 HSCRE10 HSCRE11 KMHPH7 KMHPH8 KMHPH9 KMHPH10
  KMHPH11 KMHPH12 KMHSCPH7 KMHSCPH8 KMHSCPH9 KMHSCPH10 KMHSCPH11 KMHSCPH12
  KSCPH7 KSCPH8 KSCPH9 KSCPH10 KSCPH11 KSCPH12 KACPH10 KACPH11 KACPH12 KACPH7
  KACPH8 KACPH9 GENDER FEMALE RACETH3 RACETH MINORITY STEMMJOB STEMMJOB1 MOTHED1
  FATHED1 POCI POCI1 ASCIIRT CSCIIRT ESCIIRT GSCIIRT ISCIIRT KSCIIRT NUMHSSCI;


  missing are all (9999);
  classes =c (6);

  usevar = G10PSPComp G10ExC G10ASCComp G10SSCComp G10SSEComp KSCPH10;

  Analysis:
  Type=mixture;
   starts = 200 50;
   process = 4(starts);

  Output:
   sampstat tech11 tech14;

  Plot:
  type=plot3;
  series =G10PSPComp - KSCPH10 (*);



*** WARNING in VARIABLE command
  Note that only the first 8 characters of variable names are used in the output.
  Shorten variable names to avoid any confusion.
*** WARNING in MODEL command
  All variables are uncorrelated with all other variables within class.
  Check that this is what is intended.
*** WARNING in PLOT command
  Note that only the first 8 characters of variable names are used in plots.
  If variable names are not unique within the first 8 characters, problems
  may occur.
*** WARNING
  Data set contains cases with missing on all variables.
  These cases were not included in the analysis.
  Number of cases with missing on all variables:  532
   4 WARNING(S) FOUND IN THE INPUT INSTRUCTIONS




SUMMARY OF ANALYSIS

Number of groups                                                 1
Number of observations                                        5413

Number of dependent variables                                    6
Number of independent variables                                  0
Number of continuous latent variables                            0
Number of categorical latent variables                           1

Observed dependent variables

  Continuous
   G10PSPCOMP  G10EXC      G10ASCCOMP  G10SSCCOMP  G10SSECOMP  KSCPH10

Categorical latent variables
   C


Estimator                                                      MLR
Information matrix                                        OBSERVED
Optimization Specifications for the Quasi-Newton Algorithm for
Continuous Outcomes
  Maximum number of iterations                                 100
  Convergence criterion                                  0.100D-05
Optimization Specifications for the EM Algorithm
  Maximum number of iterations                                 500
  Convergence criteria
    Loglikelihood change                                 0.100D-06
    Relative loglikelihood change                        0.100D-06
    Derivative                                           0.100D-05
Optimization Specifications for the M step of the EM Algorithm for
Categorical Latent variables
  Number of M step iterations                                    1
  M step convergence criterion                           0.100D-05
  Basis for M step termination                           ITERATION
Optimization Specifications for the M step of the EM Algorithm for
Censored, Binary or Ordered Categorical (Ordinal), Unordered
Categorical (Nominal) and Count Outcomes
  Number of M step iterations                                    1
  M step convergence criterion                           0.100D-05
  Basis for M step termination                           ITERATION
  Maximum value for logit thresholds                            15
  Minimum value for logit thresholds                           -15
  Minimum expected cell size for chi-square              0.100D-01
Maximum number of iterations for H1                           2000
Convergence criterion for H1                             0.100D-03
Optimization algorithm                                         EMA
Random Starts Specifications
  Number of initial stage random starts                        200
  Number of final stage optimizations                           50
  Number of initial stage iterations                            10
  Initial stage convergence criterion                    0.100D+01
  Random starts scale                                    0.500D+01
  Random seed for generating random starts                       0

Input data file(s)
  Dataset_May28_Final_Mplus.dat
Input data format  FREE


SUMMARY OF DATA

     Number of missing data patterns            29
     Number of y missing data patterns          29
     Number of u missing data patterns           0


COVARIANCE COVERAGE OF DATA

Minimum covariance coverage value   0.100


     PROPORTION OF DATA PRESENT FOR Y


           Covariance Coverage
              G10PSPCO      G10EXC        G10ASCCO      G10SSCCO      G10SSECO
              ________      ________      ________      ________      ________
 G10PSPCO       0.397
 G10EXC         0.397         0.966
 G10ASCCO       0.389         0.953         0.987
 G10SSCCO       0.374         0.934         0.932         0.934
 G10SSECO       0.362         0.770         0.788         0.746         0.796
 KSCPH10        0.381         0.947         0.940         0.931         0.755


           Covariance Coverage
              KSCPH10
              ________
 KSCPH10        0.947


SAMPLE STATISTICS


     ESTIMATED SAMPLE STATISTICS


           Means
              G10PSPCO      G10EXC        G10ASCCO      G10SSCCO      G10SSECO
              ________      ________      ________      ________      ________
 1              1.361         1.119         2.786         3.317         3.340


           Means
              KSCPH10
              ________
 1              0.718


           Covariances
              G10PSPCO      G10EXC        G10ASCCO      G10SSCCO      G10SSECO
              ________      ________      ________      ________      ________
 G10PSPCO       1.239
 G10EXC         0.434         2.179
 G10ASCCO      -0.021        -0.001         0.239
 G10SSCCO       0.289         0.210         0.015         0.673
 G10SSECO       0.325         0.153        -0.026         0.361         0.936
 KSCPH10        0.169         0.302        -0.006         0.234         0.176


           Covariances
              KSCPH10
              ________
 KSCPH10        1.057


           Correlations
              G10PSPCO      G10EXC        G10ASCCO      G10SSCCO      G10SSECO
              ________      ________      ________      ________      ________
 G10PSPCO       1.000
 G10EXC         0.264         1.000
 G10ASCCO      -0.039        -0.001         1.000
 G10SSCCO       0.316         0.174         0.036         1.000
 G10SSECO       0.301         0.107        -0.055         0.455         1.000
 KSCPH10        0.148         0.199        -0.012         0.277         0.177


           Correlations
              KSCPH10
              ________
 KSCPH10        1.000


     MAXIMUM LOG-LIKELIHOOD VALUE FOR THE UNRESTRICTED (H1) MODEL IS -35005.504

RANDOM STARTS RESULTS RANKED FROM THE BEST TO THE WORST LOGLIKELIHOOD VALUES

Final stage loglikelihood values at local maxima, seeds, and initial stage start numbers:

          -30087.839  957392           79
          -30099.659  471398           74
          -30099.659  321390           133
          -30099.659  369602           146
          -30203.540  794236           127
          -30203.540  340112           126
          -30320.041  319144           176
          -33036.853  626891           32
          -33036.853  422103           62
          -33036.853  76337            76
          -33161.351  573096           20
          -33170.735  782200           84
          -33185.853  93468            3
          -33185.853  963053           43
          -33185.853  603842           61
          -33185.853  127215           9
          -33185.853  960438           116
          -33198.186  804561           59
          -33198.186  587946           120
          -33199.192  25127            107
          -33199.192  636396           168
          -33243.535  674171           195
          -33296.920  46437            153
          -33331.222  27071            15
          -33344.904  533738           11
          -33414.860  608496           4
          -33414.860  281558           184
          -33422.858  967902           52
          -33436.745  784664           75
          -33460.185  unperturbed      0
          -33465.657  846194           93
          -33465.657  264081           186
          -33476.326  100874           108
          -33483.294  383986           159
          -33483.294  263268           165
          -33483.294  311214           64
          -33483.294  848163           47
          -33483.294  392418           28
          -33502.008  481835           57
          -33512.061  51375            148
          -33512.061  22089            143
          -33543.632  21345            199
          -33544.795  12477            155
          -33560.923  467339           66
          -33663.990  417035           149
          -33690.696  260601           36
          -33791.112  318230           46
          -33794.854  70118            104

2 perturbed starting value run(s) did not converge.



     WARNING:  THE BEST LOGLIKELIHOOD VALUE WAS NOT REPLICATED.  THE
     SOLUTION MAY NOT BE TRUSTWORTHY DUE TO LOCAL MAXIMA.  INCREASE THE
     NUMBER OF RANDOM STARTS.

     THE STANDARD ERRORS OF THE MODEL PARAMETER ESTIMATES MAY NOT BE
     TRUSTWORTHY FOR SOME PARAMETERS DUE TO A NON-POSITIVE DEFINITE
     FIRST-ORDER DERIVATIVE PRODUCT MATRIX.  THIS MAY BE DUE TO THE STARTING
     VALUES BUT MAY ALSO BE AN INDICATION OF MODEL NONIDENTIFICATION.  THE
     CONDITION NUMBER IS       0.138D-20.  PROBLEM INVOLVING PARAMETER 6.


THE MODEL ESTIMATION TERMINATED NORMALLY



MODEL FIT INFORMATION

Number of Free Parameters                       47

Loglikelihood

          H0 Value                      -30087.839
          H0 Scaling Correction Factor      1.4556
            for MLR

Information Criteria

          Akaike (AIC)                   60269.679
          Bayesian (BIC)                 60579.717
          Sample-Size Adjusted BIC       60430.366
            (n* = (n + 2) / 24)



FINAL CLASS COUNTS AND PROPORTIONS FOR THE LATENT CLASSES
BASED ON THE ESTIMATED MODEL

    Latent
   Classes

       1       1367.17629          0.25257
       2       1676.38219          0.30970
       3       1157.78221          0.21389
       4        175.22291          0.03237
       5        620.89553          0.11470
       6        415.54088          0.07677


FINAL CLASS COUNTS AND PROPORTIONS FOR THE LATENT CLASS PATTERNS
BASED ON ESTIMATED POSTERIOR PROBABILITIES

    Latent
   Classes

       1       1367.17634          0.25257
       2       1676.38214          0.30970
       3       1157.78221          0.21389
       4        175.22291          0.03237
       5        620.89553          0.11470
       6        415.54088          0.07677


CLASSIFICATION QUALITY

     Entropy                         0.845


CLASSIFICATION OF INDIVIDUALS BASED ON THEIR MOST LIKELY LATENT CLASS MEMBERSHIP

Class Counts and Proportions

    Latent
   Classes

       1             1355          0.25032
       2             1742          0.32182
       3             1133          0.20931
       4              171          0.03159
       5              605          0.11177
       6              407          0.07519


Average Latent Class Probabilities for Most Likely Latent Class Membership (Row)
by Latent Class (Column)

           1        2        3        4        5        6

    1   0.778    0.207    0.006    0.006    0.002    0.001
    2   0.176    0.797    0.010    0.007    0.006    0.004
    3   0.001    0.001    0.997    0.000    0.001    0.000
    4   0.030    0.033    0.021    0.900    0.012    0.004
    5   0.000    0.000    0.000    0.000    1.000    0.000
    6   0.000    0.000    0.000    0.000    0.000    0.998


Classification Probabilities for the Most Likely Latent Class Membership (Row)
by Latent Class (Column)

           1        2        3        4        5        6

    1   0.771    0.224    0.001    0.004    0.000    0.000
    2   0.167    0.829    0.001    0.003    0.000    0.000
    3   0.007    0.015    0.976    0.003    0.000    0.000
    4   0.047    0.073    0.001    0.878    0.000    0.000
    5   0.005    0.016    0.001    0.003    0.974    0.000
    6   0.004    0.015    0.001    0.002    0.000    0.978


Logits for the Classification Probabilities for the Most Likely Latent Class Membership (Row)
by Latent Class (Column)

              1        2        3        4        5        6

    1     10.122    8.887    3.042    4.807   -3.434    0.000
    2      7.243    8.843    1.875    3.331   -4.784    0.000
    3      3.734    4.516    8.719    2.954   -5.072    0.000
    4      6.582    7.017    3.121    9.507   -4.179    0.000
    5      2.682    3.964    1.299    2.340    8.050    0.000
    6     -5.510   -4.152   -6.926   -6.312  -13.793    0.000


MODEL RESULTS

                                                    Two-Tailed
                    Estimate       S.E.  Est./S.E.    P-Value

Latent Class 1

 Means
    G10PSPCOMP         0.702      0.040     17.448      0.000
    G10EXC             0.660      0.031     21.356      0.000
    G10ASCCOMP         2.849      0.016    177.824      0.000
    G10SSCCOMP         2.666      0.078     34.108      0.000
    G10SSECOMP         2.579      0.115     22.421      0.000
    KSCPH10            0.000      0.000     -5.917      0.000

 Variances
    G10PSPCOMP         1.058      0.045     23.676      0.000
    G10EXC             2.064      0.063     32.600      0.000
    G10ASCCOMP         0.170      0.005     34.818      0.000
    G10SSCCOMP         0.511      0.013     39.222      0.000
    G10SSECOMP         0.727      0.023     32.108      0.000
    KSCPH10            0.017      0.001     15.554      0.000

Latent Class 2

 Means
    G10PSPCOMP         1.625      0.123     13.199      0.000
    G10EXC             1.117      0.073     15.309      0.000
    G10ASCCOMP         2.849      0.012    234.788      0.000
    G10SSCCOMP         3.537      0.052     67.480      0.000
    G10SSECOMP         3.707      0.055     67.337      0.000
    KSCPH10            0.000      0.000     -7.016      0.000

 Variances
    G10PSPCOMP         1.058      0.045     23.676      0.000
    G10EXC             2.064      0.063     32.600      0.000
    G10ASCCOMP         0.170      0.005     34.818      0.000
    G10SSCCOMP         0.511      0.013     39.222      0.000
    G10SSECOMP         0.727      0.023     32.108      0.000
    KSCPH10            0.017      0.001     15.554      0.000

Latent Class 3

 Means
    G10PSPCOMP         1.544      0.055     28.001      0.000
    G10EXC             1.218      0.043     28.106      0.000
    G10ASCCOMP         2.799      0.013    222.168      0.000
    G10SSCCOMP         3.417      0.023    149.529      0.000
    G10SSECOMP         3.430      0.030    114.929      0.000
    KSCPH10            1.000      0.000  *********      0.000

 Variances
    G10PSPCOMP         1.058      0.045     23.676      0.000
    G10EXC             2.064      0.063     32.600      0.000
    G10ASCCOMP         0.170      0.005     34.818      0.000
    G10SSCCOMP         0.511      0.013     39.222      0.000
    G10SSECOMP         0.727      0.023     32.108      0.000
    KSCPH10            0.017      0.001     15.554      0.000

Latent Class 4

 Means
    G10PSPCOMP         1.295      0.206      6.300      0.000
    G10EXC             0.908      0.159      5.720      0.000
    G10ASCCOMP         1.362      0.030     44.925      0.000
    G10SSCCOMP         3.120      0.237     13.187      0.000
    G10SSECOMP         3.653      0.095     38.570      0.000
    KSCPH10            0.000      0.000     -5.100      0.000

 Variances
    G10PSPCOMP         1.058      0.045     23.676      0.000
    G10EXC             2.064      0.063     32.600      0.000
    G10ASCCOMP         0.170      0.005     34.818      0.000
    G10SSCCOMP         0.511      0.013     39.222      0.000
    G10SSECOMP         0.727      0.023     32.108      0.000
    KSCPH10            0.017      0.001     15.554      0.000

Latent Class 5

 Means
    G10PSPCOMP         1.696      0.088     19.300      0.000
    G10EXC             1.462      0.068     21.497      0.000
    G10ASCCOMP         2.795      0.017    164.021      0.000
    G10SSCCOMP         3.656      0.029    124.338      0.000
    G10SSECOMP         3.652      0.040     90.399      0.000
    KSCPH10            2.000      0.000  *********      0.000

 Variances
    G10PSPCOMP         1.058      0.045     23.676      0.000
    G10EXC             2.064      0.063     32.600      0.000
    G10ASCCOMP         0.170      0.005     34.818      0.000
    G10SSCCOMP         0.511      0.013     39.222      0.000
    G10SSECOMP         0.727      0.023     32.108      0.000
    KSCPH10            0.017      0.001     15.554      0.000

Latent Class 6

 Means
    G10PSPCOMP         1.592      0.108     14.703      0.000
    G10EXC             1.867      0.090     20.748      0.000
    G10ASCCOMP         2.870      0.023    124.930      0.000
    G10SSCCOMP         3.818      0.040     96.591      0.000
    G10SSECOMP         3.698      0.051     72.183      0.000
    KSCPH10            3.300      0.023    145.054      0.000

 Variances
    G10PSPCOMP         1.058      0.045     23.676      0.000
    G10EXC             2.064      0.063     32.600      0.000
    G10ASCCOMP         0.170      0.005     34.818      0.000
    G10SSCCOMP         0.511      0.013     39.222      0.000
    G10SSECOMP         0.727      0.023     32.108      0.000
    KSCPH10            0.017      0.001     15.554      0.000

Categorical Latent Variables

 Means
    C#1                1.191      0.162      7.351      0.000
    C#2                1.395      0.135     10.299      0.000
    C#3                1.025      0.058     17.710      0.000
    C#4               -0.864      0.102     -8.488      0.000
    C#5                0.402      0.064      6.260      0.000


QUALITY OF NUMERICAL RESULTS

     Condition Number for the Information Matrix              0.138E-20
       (ratio of smallest to largest eigenvalue)


TECHNICAL 1 OUTPUT


     PARAMETER SPECIFICATION FOR LATENT CLASS 1


           NU
              G10PSPCO      G10EXC        G10ASCCO      G10SSCCO      G10SSECO
              ________      ________      ________      ________      ________
 1                  1             2             3             4             5


           NU
              KSCPH10
              ________
 1                  6


           THETA
              G10PSPCO      G10EXC        G10ASCCO      G10SSCCO      G10SSECO
              ________      ________      ________      ________      ________
 G10PSPCO           7
 G10EXC             0             8
 G10ASCCO           0             0             9
 G10SSCCO           0             0             0            10
 G10SSECO           0             0             0             0            11
 KSCPH10            0             0             0             0             0


           THETA
              KSCPH10
              ________
 KSCPH10           12


     PARAMETER SPECIFICATION FOR LATENT CLASS 2


           NU
              G10PSPCO      G10EXC        G10ASCCO      G10SSCCO      G10SSECO
              ________      ________      ________      ________      ________
 1                 13            14            15            16            17


           NU
              KSCPH10
              ________
 1                 18


           THETA
              G10PSPCO      G10EXC        G10ASCCO      G10SSCCO      G10SSECO
              ________      ________      ________      ________      ________
 G10PSPCO           7
 G10EXC             0             8
 G10ASCCO           0             0             9
 G10SSCCO           0             0             0            10
 G10SSECO           0             0             0             0            11
 KSCPH10            0             0             0             0             0


           THETA
              KSCPH10
              ________
 KSCPH10           12


     PARAMETER SPECIFICATION FOR LATENT CLASS 3


           NU
              G10PSPCO      G10EXC        G10ASCCO      G10SSCCO      G10SSECO
              ________      ________      ________      ________      ________
 1                 19            20            21            22            23


           NU
              KSCPH10
              ________
 1                 24


           THETA
              G10PSPCO      G10EXC        G10ASCCO      G10SSCCO      G10SSECO
              ________      ________      ________      ________      ________
 G10PSPCO           7
 G10EXC             0             8
 G10ASCCO           0             0             9
 G10SSCCO           0             0             0            10
 G10SSECO           0             0             0             0            11
 KSCPH10            0             0             0             0             0


           THETA
              KSCPH10
              ________
 KSCPH10           12


     PARAMETER SPECIFICATION FOR LATENT CLASS 4


           NU
              G10PSPCO      G10EXC        G10ASCCO      G10SSCCO      G10SSECO
              ________      ________      ________      ________      ________
 1                 25            26            27            28            29


           NU
              KSCPH10
              ________
 1                 30


           THETA
              G10PSPCO      G10EXC        G10ASCCO      G10SSCCO      G10SSECO
              ________      ________      ________      ________      ________
 G10PSPCO           7
 G10EXC             0             8
 G10ASCCO           0             0             9
 G10SSCCO           0             0             0            10
 G10SSECO           0             0             0             0            11
 KSCPH10            0             0             0             0             0


           THETA
              KSCPH10
              ________
 KSCPH10           12


     PARAMETER SPECIFICATION FOR LATENT CLASS 5


           NU
              G10PSPCO      G10EXC        G10ASCCO      G10SSCCO      G10SSECO
              ________      ________      ________      ________      ________
 1                 31            32            33            34            35


           NU
              KSCPH10
              ________
 1                 36


           THETA
              G10PSPCO      G10EXC        G10ASCCO      G10SSCCO      G10SSECO
              ________      ________      ________      ________      ________
 G10PSPCO           7
 G10EXC             0             8
 G10ASCCO           0             0             9
 G10SSCCO           0             0             0            10
 G10SSECO           0             0             0             0            11
 KSCPH10            0             0             0             0             0


           THETA
              KSCPH10
              ________
 KSCPH10           12


     PARAMETER SPECIFICATION FOR LATENT CLASS 6


           NU
              G10PSPCO      G10EXC        G10ASCCO      G10SSCCO      G10SSECO
              ________      ________      ________      ________      ________
 1                 37            38            39            40            41


           NU
              KSCPH10
              ________
 1                 42


           THETA
              G10PSPCO      G10EXC        G10ASCCO      G10SSCCO      G10SSECO
              ________      ________      ________      ________      ________
 G10PSPCO           7
 G10EXC             0             8
 G10ASCCO           0             0             9
 G10SSCCO           0             0             0            10
 G10SSECO           0             0             0             0            11
 KSCPH10            0             0             0             0             0


           THETA
              KSCPH10
              ________
 KSCPH10           12


     PARAMETER SPECIFICATION FOR LATENT CLASS REGRESSION MODEL PART


           ALPHA(C)
              C#1           C#2           C#3           C#4           C#5
              ________      ________      ________      ________      ________
 1                 43            44            45            46            47


           ALPHA(C)
              C#6
              ________
 1                  0


     STARTING VALUES FOR LATENT CLASS 1


           NU
              G10PSPCO      G10EXC        G10ASCCO      G10SSCCO      G10SSECO
              ________      ________      ________      ________      ________
 1             -0.865        -1.834         1.808         1.681         1.432


           NU
              KSCPH10
              ________
 1             -1.339


           THETA
              G10PSPCO      G10EXC        G10ASCCO      G10SSCCO      G10SSECO
              ________      ________      ________      ________      ________
 G10PSPCO       0.612
 G10EXC         0.000         1.090
 G10ASCCO       0.000         0.000         0.119
 G10SSCCO       0.000         0.000         0.000         0.336
 G10SSECO       0.000         0.000         0.000         0.000         0.467
 KSCPH10        0.000         0.000         0.000         0.000         0.000


           THETA
              KSCPH10
              ________
 KSCPH10        0.528


     STARTING VALUES FOR LATENT CLASS 2


           NU
              G10PSPCO      G10EXC        G10ASCCO      G10SSCCO      G10SSECO
              ________      ________      ________      ________      ________
 1              0.242        -0.358         2.297         2.501         2.399


           NU
              KSCPH10
              ________
 1             -0.311


           THETA
              G10PSPCO      G10EXC        G10ASCCO      G10SSCCO      G10SSECO
              ________      ________      ________      ________      ________
 G10PSPCO       0.612
 G10EXC         0.000         1.090
 G10ASCCO       0.000         0.000         0.119
 G10SSCCO       0.000         0.000         0.000         0.336
 G10SSECO       0.000         0.000         0.000         0.000         0.467
 KSCPH10        0.000         0.000         0.000         0.000         0.000


           THETA
              KSCPH10
              ________
 KSCPH10        0.528


     STARTING VALUES FOR LATENT CLASS 3


           NU
              G10PSPCO      G10EXC        G10ASCCO      G10SSCCO      G10SSECO
              ________      ________      ________      ________      ________
 1              1.348         1.118         2.786         3.320         3.366


           NU
              KSCPH10
              ________
 1              0.717


           THETA
              G10PSPCO      G10EXC        G10ASCCO      G10SSCCO      G10SSECO
              ________      ________      ________      ________      ________
 G10PSPCO       0.612
 G10EXC         0.000         1.090
 G10ASCCO       0.000         0.000         0.119
 G10SSCCO       0.000         0.000         0.000         0.336
 G10SSECO       0.000         0.000         0.000         0.000         0.467
 KSCPH10        0.000         0.000         0.000         0.000         0.000


           THETA
              KSCPH10
              ________
 KSCPH10        0.528


     STARTING VALUES FOR LATENT CLASS 4


           NU
              G10PSPCO      G10EXC        G10ASCCO      G10SSCCO      G10SSECO
              ________      ________      ________      ________      ________
 1              1.348         1.118         2.786         3.320         3.366


           NU
              KSCPH10
              ________
 1              0.717


           THETA
              G10PSPCO      G10EXC        G10ASCCO      G10SSCCO      G10SSECO
              ________      ________      ________      ________      ________
 G10PSPCO       0.612
 G10EXC         0.000         1.090
 G10ASCCO       0.000         0.000         0.119
 G10SSCCO       0.000         0.000         0.000         0.336
 G10SSECO       0.000         0.000         0.000         0.000         0.467
 KSCPH10        0.000         0.000         0.000         0.000         0.000


           THETA
              KSCPH10
              ________
 KSCPH10        0.528


     STARTING VALUES FOR LATENT CLASS 5


           NU
              G10PSPCO      G10EXC        G10ASCCO      G10SSCCO      G10SSECO
              ________      ________      ________      ________      ________
 1              2.455         2.594         3.274         4.140         4.332


           NU
              KSCPH10
              ________
 1              1.745


           THETA
              G10PSPCO      G10EXC        G10ASCCO      G10SSCCO      G10SSECO
              ________      ________      ________      ________      ________
 G10PSPCO       0.612
 G10EXC         0.000         1.090
 G10ASCCO       0.000         0.000         0.119
 G10SSCCO       0.000         0.000         0.000         0.336
 G10SSECO       0.000         0.000         0.000         0.000         0.467
 KSCPH10        0.000         0.000         0.000         0.000         0.000


           THETA
              KSCPH10
              ________
 KSCPH10        0.528


     STARTING VALUES FOR LATENT CLASS 6


           NU
              G10PSPCO      G10EXC        G10ASCCO      G10SSCCO      G10SSECO
              ________      ________      ________      ________      ________
 1              3.561         4.071         3.763         4.959         5.299


           NU
              KSCPH10
              ________
 1              2.773


           THETA
              G10PSPCO      G10EXC        G10ASCCO      G10SSCCO      G10SSECO
              ________      ________      ________      ________      ________
 G10PSPCO       0.612
 G10EXC         0.000         1.090
 G10ASCCO       0.000         0.000         0.119
 G10SSCCO       0.000         0.000         0.000         0.336
 G10SSECO       0.000         0.000         0.000         0.000         0.467
 KSCPH10        0.000         0.000         0.000         0.000         0.000


           THETA
              KSCPH10
              ________
 KSCPH10        0.528


     STARTING VALUES FOR LATENT CLASS REGRESSION MODEL PART


           ALPHA(C)
              C#1           C#2           C#3           C#4           C#5
              ________      ________      ________      ________      ________
 1              0.000         0.000         0.000         0.000         0.000


           ALPHA(C)
              C#6
              ________
 1              0.000


TECHNICAL 11 OUTPUT

     Random Starts Specifications for the k-1 Class Analysis Model
        Number of initial stage random starts                 200
        Number of final stage optimizations                    50



     VUONG-LO-MENDELL-RUBIN LIKELIHOOD RATIO TEST FOR 5 (H0) VERSUS 6 CLASSES

          H0 Loglikelihood Value                       -30346.977
          2 Times the Loglikelihood Difference            518.274
          Difference in the Number of Parameters               11
          Mean                                              5.732
          Standard Deviation                                9.703
          P-Value                                          0.0000

     LO-MENDELL-RUBIN ADJUSTED LRT TEST

          Value                                           512.851
          P-Value                                          0.0000


TECHNICAL 14 OUTPUT

     Random Starts Specifications for the k-1 Class Analysis Model
        Number of initial stage random starts                 200
        Number of final stage optimizations                    50

     Random Starts Specification for the k-1 Class Model for Generated Data
        Number of initial stage random starts                   0
        Number of final stage optimizations for the
           initial stage random starts                          0
     Random Starts Specification for the k Class Model for Generated Data
        Number of initial stage random starts                  40
        Number of final stage optimizations                     8
     Number of bootstrap draws requested                   Varies


     PARAMETRIC BOOTSTRAPPED LIKELIHOOD RATIO TEST FOR 5 (H0) VERSUS 6 CLASSES

          H0 Loglikelihood Value                       -30346.977
          2 Times the Loglikelihood Difference            518.274
          Difference in the Number of Parameters               11
          Approximate P-Value                              0.0000
          Successful Bootstrap Draws                            5

     WARNING:  THE BEST LOGLIKELIHOOD VALUE FOR THE 6 CLASS MODEL FOR THE GENERATED DATA
     WAS NOT REPLICATED IN 4 OUT OF 5 BOOTSTRAP DRAWS.  THE P-VALUE MAY NOT BE TRUSTWORTHY
     DUE TO LOCAL MAXIMA.  INCREASE THE NUMBER OF RANDOM STARTS USING THE LRTSTARTS OPTION.



PLOT INFORMATION

The following plots are available:

  Histograms of sample values
  Histograms of estimated values
  Scatterplots (sample values, estimated values)
  Sample means
  Estimated means
  Sample and estimated means
  Observed individual values
  Estimated individual values
  Estimated means and observed individual values
  Estimated means and estimated individual values
  Mixture distributions

DIAGRAM INFORMATION

  Mplus diagrams are currently not available for Mixture analysis.
  No diagram output was produced.


     Beginning Time:  12:25:18
        Ending Time:  12:27:37
       Elapsed Time:  00:02:19



MUTHEN & MUTHEN
3463 Stoner Ave.
Los Angeles, CA  90066

Tel: (310) 391-9971
Fax: (310) 391-8971
Web: www.StatModel.com
Support: Support@StatModel.com

Copyright (c) 1998-2013 Muthen & Muthen
