Mplus VERSION 8.11
MUTHEN & MUTHEN
07/30/2025   7:50 PM

INPUT INSTRUCTIONS

  TITLE:
  Step 1 - BCH Method
  DATA:
  FILE = "C:/Users/dnajiarch/Box/lca-bookdown/distals/three_step/
  BCH_Step1.dat";
  VARIABLE:
  NAMES = enjoym goodm undrstdm nervousm scaredm mathjob mathirt female;
   MISSING=.;
   categorical = enjoym-scaredm;
     usevar = enjoym-scaredm;

     classes = c(4);

     auxiliary =   ! list all potential covariates and distals here
     female        ! covariate
     mathjob mathirt;      ! distal math test score in 9th grade
  ANALYSIS:
  estimator = mlr;
      type = mixture;
      starts = 500 100;
  OUTPUT:
  sampstat residual tech11 tech14
  SAVEDATA:
  File=3step_savedata.dat;
      Save=bchweights; ! Here we save the BCH weights
      format = free;
  PLOT:
  type = plot3;
      series = enjoym-scaredm(*);



*** WARNING in OUTPUT command
  SAMPSTAT option is not available when all outcomes are censored, ordered
  categorical, unordered categorical (nominal), count or continuous-time
  survival variables.  Request for SAMPSTAT is ignored.
*** WARNING
  Data set contains cases with missing on all variables.
  These cases were not included in the analysis.
  Number of cases with missing on all variables:  441
   2 WARNING(S) FOUND IN THE INPUT INSTRUCTIONS




Step 1 - BCH Method

SUMMARY OF ANALYSIS

Number of groups                                                 1
Number of observations                                        2675

Number of dependent variables                                    5
Number of independent variables                                  0
Number of continuous latent variables                            0
Number of categorical latent variables                           1

Observed dependent variables

  Binary and ordered categorical (ordinal)
   ENJOYM      GOODM       UNDRSTDM    NERVOUSM    SCAREDM

Observed auxiliary variables
   FEMALE      MATHJOB     MATHIRT

Categorical latent variables
   C


Estimator                                                      MLR
Information matrix                                        OBSERVED
Optimization Specifications for the Quasi-Newton Algorithm for
Continuous Outcomes
  Maximum number of iterations                                 100
  Convergence criterion                                  0.100D-05
Optimization Specifications for the EM Algorithm
  Maximum number of iterations                                 500
  Convergence criteria
    Loglikelihood change                                 0.100D-06
    Relative loglikelihood change                        0.100D-06
    Derivative                                           0.100D-05
Optimization Specifications for the M step of the EM Algorithm for
Categorical Latent variables
  Number of M step iterations                                    1
  M step convergence criterion                           0.100D-05
  Basis for M step termination                           ITERATION
Optimization Specifications for the M step of the EM Algorithm for
Censored, Binary or Ordered Categorical (Ordinal), Unordered
Categorical (Nominal) and Count Outcomes
  Number of M step iterations                                    1
  M step convergence criterion                           0.100D-05
  Basis for M step termination                           ITERATION
  Maximum value for logit thresholds                            15
  Minimum value for logit thresholds                           -15
  Minimum expected cell size for chi-square              0.100D-01
Maximum number of iterations for H1                           2000
Convergence criterion for H1                             0.100D-03
Optimization algorithm                                         EMA
Random Starts Specifications
  Number of initial stage random starts                        500
  Number of final stage optimizations                          100
  Number of initial stage iterations                            10
  Initial stage convergence criterion                    0.100D+01
  Random starts scale                                    0.500D+01
  Random seed for generating random starts                       0
Link                                                         LOGIT

Input data file(s)
  C:/Users/dnajiarch/Box/lca-bookdown/distals/three_step/BCH_Step1.dat
Input data format  FREE


SUMMARY OF DATA

     Number of missing data patterns             9
     Number of y missing data patterns           0
     Number of u missing data patterns           9


COVARIANCE COVERAGE OF DATA

Minimum covariance coverage value   0.100


     PROPORTION OF DATA PRESENT FOR U


           Covariance Coverage
              ENJOYM        GOODM         UNDRSTDM      NERVOUSM      SCAREDM
              ________      ________      ________      ________      ________
 ENJOYM         0.997
 GOODM          0.996         0.998
 UNDRSTDM       0.987         0.988         0.990
 NERVOUSM       0.978         0.979         0.971         0.980
 SCAREDM        0.988         0.990         0.982         0.973         0.991


UNIVARIATE PROPORTIONS AND COUNTS FOR CATEGORICAL VARIABLES

    ENJOYM
      Category 1    0.331          884.000
      Category 2    0.669         1784.000
    GOODM
      Category 1    0.307          820.000
      Category 2    0.693         1850.000
    UNDRSTDM
      Category 1    0.237          628.000
      Category 2    0.763         2020.000
    NERVOUSM
      Category 1    0.410         1076.000
      Category 2    0.590         1546.000
    SCAREDM
      Category 1    0.313          830.000
      Category 2    0.687         1821.000


RANDOM STARTS RESULTS RANKED FROM THE BEST TO THE WORST LOGLIKELIHOOD VALUES

Final stage loglikelihood values at local maxima, seeds, and initial stage start numbers:

           -7062.701  292884           103
           -7062.701  813779           92
           -7062.701  76974            16
           -7062.701  667250           318
           -7062.701  802682           419
           -7062.701  605358           321
           -7062.701  652266           490
           -7062.701  150531           154
           -7062.701  407168           44
           -7062.701  596257           405
           -7062.701  879211           453
           -7062.701  748692           204
           -7062.701  561664           392
           -7062.701  699554           427
           -7062.701  966014           37
           -7062.701  850840           232
           -7062.701  802256           477
           -7062.701  81117            305
           -7062.701  23012            352
           -7062.701  438144           271
           -7062.701  1548             384
           -7062.701  637095           207
           -7062.701  369602           146
           -7062.701  268896           124
           -7062.701  107446           12
           -7062.701  89970            223
           -7062.701  654136           167
           -7062.701  978061           488
           -7062.701  545140           278
           -7062.701  443442           380
           -7062.701  754100           56
           -7062.701  518828           432
           -7062.701  373505           88
           -7062.701  366533           484
           -7062.701  780698           337
           -7062.701  188640           451
           -7062.701  848331           137
           -7062.701  887580           493
           -7062.701  175199           247
           -7062.701  741484           441
           -7062.701  68850            462
           -7062.701  849670           347
           -7062.701  749635           420
           -7062.701  57226            208
           -7062.701  137305           379
           -7062.701  97158            205
           -7062.701  252949           487
           -7062.701  782200           84
           -7062.701  314757           345
           -7062.701  399671           13
           -7062.701  232226           235
           -7062.701  105435           265
           -7062.701  608496           4
           -7062.701  791285           416
           -7062.701  535804           111
           -7062.701  358488           264
           -7062.701  82357            339
           -7062.701  576596           99
           -7062.701  728038           177
           -7062.701  563002           360
           -7062.701  662718           460
           -7062.701  887676           22
           -7062.701  301180           236
           -7062.701  246575           291
           -7062.701  36714            201
           -7062.701  617243           237
           -7062.701  533738           11

33 perturbed starting value run(s) did not converge or were rejected in the third stage.



THE BEST LOGLIKELIHOOD VALUE HAS BEEN REPLICATED.  RERUN WITH AT LEAST TWICE THE
RANDOM STARTS TO CHECK THAT THE BEST LOGLIKELIHOOD IS STILL OBTAINED AND REPLICATED.

     IN THE OPTIMIZATION, ONE OR MORE LOGIT THRESHOLDS APPROACHED EXTREME VALUES
     OF -15.000 AND 15.000 AND WERE FIXED TO STABILIZE MODEL ESTIMATION.  THESE
     VALUES IMPLY PROBABILITIES OF 0 AND 1.  IN THE MODEL RESULTS SECTION, THESE
     PARAMETERS HAVE 0 STANDARD ERRORS AND 999 IN THE Z-SCORE AND P-VALUE COLUMNS.




THE MODEL ESTIMATION TERMINATED NORMALLY



MODEL FIT INFORMATION

Number of Free Parameters                       23

Loglikelihood

          H0 Value                       -7062.701
          H0 Scaling Correction Factor      1.0335
            for MLR

Information Criteria

          Akaike (AIC)                   14171.402
          Bayesian (BIC)                 14306.911
          Sample-Size Adjusted BIC       14233.833
            (n* = (n + 2) / 24)

Chi-Square Test of Model Fit for the Binary and Ordered Categorical
(Ordinal) Outcomes

          Pearson Chi-Square

          Value                             22.073
          Degrees of Freedom                     8
          P-Value                           0.0048

          Likelihood Ratio Chi-Square

          Value                             20.852
          Degrees of Freedom                     8
          P-Value                           0.0076

Chi-Square Test for MCAR under the Unrestricted Latent Class Indicator Model

          Pearson Chi-Square

          Value                            137.641
          Degrees of Freedom                    86
          P-Value                           0.0003

          Likelihood Ratio Chi-Square

          Value                             96.341
          Degrees of Freedom                    86
          P-Value                           0.2092



FINAL CLASS COUNTS AND PROPORTIONS FOR THE LATENT CLASSES
BASED ON THE ESTIMATED MODEL

    Latent
   Classes

       1        736.22018          0.27522
       2        434.20351          0.16232
       3        335.26456          0.12533
       4       1169.31175          0.43713


FINAL CLASS COUNTS AND PROPORTIONS FOR THE LATENT CLASSES
BASED ON ESTIMATED POSTERIOR PROBABILITIES

    Latent
   Classes

       1        736.22018          0.27522
       2        434.20351          0.16232
       3        335.26456          0.12533
       4       1169.31175          0.43713


FINAL CLASS COUNTS AND PROPORTIONS FOR THE LATENT CLASSES
BASED ON THEIR MOST LIKELY LATENT CLASS MEMBERSHIP

Class Counts and Proportions

    Latent
   Classes

       1              770          0.28785
       2              432          0.16150
       3              285          0.10654
       4             1188          0.44411


CLASSIFICATION QUALITY

     Entropy                         0.704


Average Latent Class Probabilities for Most Likely Latent Class Membership (Row)
by Latent Class (Column)

           1        2        3        4

    1   0.808    0.037    0.041    0.114
    2   0.063    0.855    0.080    0.001
    3   0.047    0.124    0.777    0.052
    4   0.062    0.001    0.040    0.898


Classification Probabilities for the Most Likely Latent Class Membership (Column)
by Latent Class (Row)

           1        2        3        4

    1   0.845    0.037    0.018    0.099
    2   0.066    0.851    0.081    0.002
    3   0.094    0.104    0.661    0.141
    4   0.075    0.000    0.013    0.912


Logits for the Classification Probabilities for the Most Likely Latent Class Membership (Column)
by Latent Class (Row)

              1        2        3        4

    1      2.140   -0.984   -1.691    0.000
    2      3.391    5.954    3.606    0.000
    3     -0.405   -0.310    1.542    0.000
    4     -2.497   -7.902   -4.286    0.000


MODEL RESULTS

                                                    Two-Tailed
                    Estimate       S.E.  Est./S.E.    P-Value

Latent Class 1

 Thresholds
    ENJOYM$1          -1.879      0.224     -8.400      0.000
    GOODM$1           -1.756      0.227     -7.751      0.000
    UNDRSTDM$1        -1.773      0.188     -9.429      0.000
    NERVOUSM$1         0.999      0.392      2.550      0.011
    SCAREDM$1          0.541      0.494      1.097      0.273

Latent Class 2

 Thresholds
    ENJOYM$1           1.864      0.246      7.589      0.000
    GOODM$1            2.078      0.255      8.141      0.000
    UNDRSTDM$1         1.237      0.160      7.742      0.000
    NERVOUSM$1         1.692      0.178      9.496      0.000
    SCAREDM$1          1.463      0.424      3.455      0.001

Latent Class 3

 Thresholds
    ENJOYM$1           1.593      0.417      3.819      0.000
    GOODM$1            1.254      0.360      3.488      0.000
    UNDRSTDM$1        -0.345      0.250     -1.382      0.167
    NERVOUSM$1        -0.503      0.278     -1.810      0.070
    SCAREDM$1        -15.000      0.000    999.000    999.000

Latent Class 4

 Thresholds
    ENJOYM$1          -2.039      0.155    -13.125      0.000
    GOODM$1           -2.802      0.226    -12.389      0.000
    UNDRSTDM$1        -3.063      0.215    -14.278      0.000
    NERVOUSM$1        -2.771      1.223     -2.266      0.023
    SCAREDM$1         -3.944      2.148     -1.836      0.066

Categorical Latent Variables

 Means
    C#1               -0.463      0.354     -1.308      0.191
    C#2               -0.991      0.174     -5.686      0.000
    C#3               -1.249      0.174     -7.168      0.000


QUALITY OF NUMERICAL RESULTS

     Condition Number for the Information Matrix              0.547E-03
       (ratio of smallest to largest eigenvalue)


RESULTS IN PROBABILITY SCALE

                                                    Two-Tailed
                    Estimate       S.E.  Est./S.E.    P-Value

Latent Class 1

 ENJOYM
    Category 1         0.133      0.026      5.153      0.000
    Category 2         0.867      0.026     33.738      0.000
 GOODM
    Category 1         0.147      0.028      5.176      0.000
    Category 2         0.853      0.028     29.970      0.000
 UNDRSTDM
    Category 1         0.145      0.023      6.221      0.000
    Category 2         0.855      0.023     36.634      0.000
 NERVOUSM
    Category 1         0.731      0.077      9.484      0.000
    Category 2         0.269      0.077      3.492      0.000
 SCAREDM
    Category 1         0.632      0.115      5.507      0.000
    Category 2         0.368      0.115      3.205      0.001

Latent Class 2

 ENJOYM
    Category 1         0.866      0.029     30.333      0.000
    Category 2         0.134      0.029      4.702      0.000
 GOODM
    Category 1         0.889      0.025     35.211      0.000
    Category 2         0.111      0.025      4.408      0.000
 UNDRSTDM
    Category 1         0.775      0.028     27.822      0.000
    Category 2         0.225      0.028      8.074      0.000
 NERVOUSM
    Category 1         0.845      0.023     36.090      0.000
    Category 2         0.155      0.023      6.645      0.000
 SCAREDM
    Category 1         0.812      0.065     12.562      0.000
    Category 2         0.188      0.065      2.908      0.004

Latent Class 3

 ENJOYM
    Category 1         0.831      0.059     14.191      0.000
    Category 2         0.169      0.059      2.884      0.004
 GOODM
    Category 1         0.778      0.062     12.529      0.000
    Category 2         0.222      0.062      3.575      0.000
 UNDRSTDM
    Category 1         0.415      0.061      6.846      0.000
    Category 2         0.585      0.061      9.665      0.000
 NERVOUSM
    Category 1         0.377      0.065      5.780      0.000
    Category 2         0.623      0.065      9.555      0.000
 SCAREDM
    Category 1         0.000      0.000      0.000      1.000
    Category 2         1.000      0.000      0.000      1.000

Latent Class 4

 ENJOYM
    Category 1         0.115      0.016      7.273      0.000
    Category 2         0.885      0.016     55.902      0.000
 GOODM
    Category 1         0.057      0.012      4.689      0.000
    Category 2         0.943      0.012     77.297      0.000
 UNDRSTDM
    Category 1         0.045      0.009      4.879      0.000
    Category 2         0.955      0.009    104.400      0.000
 NERVOUSM
    Category 1         0.059      0.068      0.869      0.385
    Category 2         0.941      0.068     13.880      0.000
 SCAREDM
    Category 1         0.019      0.040      0.475      0.635
    Category 2         0.981      0.040     24.501      0.000


LATENT CLASS INDICATOR ODDS RATIOS FOR THE LATENT CLASSES

                                                95% C.I.
                    Estimate       S.E.  Lower 2.5% Upper 2.5%

Latent Class 1 Compared to Latent Class 2

 ENJOYM
    Category > 1      42.238     14.491     21.561     82.745
 GOODM
    Category > 1      46.252     16.140     23.340     91.657
 UNDRSTDM
    Category > 1      20.292      4.918     12.619     32.631
 NERVOUSM
    Category > 1       2.000      0.948      0.790      5.063
 SCAREDM
    Category > 1       2.515      1.552      0.750      8.433

Latent Class 1 Compared to Latent Class 3

 ENJOYM
    Category > 1      32.210     13.168     14.455     71.775
 GOODM
    Category > 1      20.296      8.647      8.805     46.782
 UNDRSTDM
    Category > 1       4.171      1.320      2.244      7.755
 NERVOUSM
    Category > 1       0.223      0.113      0.082      0.602
 SCAREDM
    Category > 1       0.000      0.000      0.000      0.000

Latent Class 1 Compared to Latent Class 4

 ENJOYM
    Category > 1       0.852      0.245      0.485      1.496
 GOODM
    Category > 1       0.351      0.117      0.182      0.676
 UNDRSTDM
    Category > 1       0.275      0.077      0.159      0.477
 NERVOUSM
    Category > 1       0.023      0.028      0.002      0.251
 SCAREDM
    Category > 1       0.011      0.024      0.000      0.715

Latent Class 2 Compared to Latent Class 3

 ENJOYM
    Category > 1       0.763      0.400      0.273      2.133
 GOODM
    Category > 1       0.439      0.193      0.185      1.040
 UNDRSTDM
    Category > 1       0.206      0.063      0.113      0.374
 NERVOUSM
    Category > 1       0.111      0.036      0.059      0.210
 SCAREDM
    Category > 1       0.000      0.000      0.000      0.000

Latent Class 2 Compared to Latent Class 4

 ENJOYM
    Category > 1       0.020      0.006      0.012      0.035
 GOODM
    Category > 1       0.008      0.003      0.004      0.015
 UNDRSTDM
    Category > 1       0.014      0.003      0.008      0.022
 NERVOUSM
    Category > 1       0.012      0.014      0.001      0.129
 SCAREDM
    Category > 1       0.004      0.010      0.000      0.361

Latent Class 3 Compared to Latent Class 4

 ENJOYM
    Category > 1       0.026      0.012      0.011      0.063
 GOODM
    Category > 1       0.017      0.007      0.008      0.036
 UNDRSTDM
    Category > 1       0.066      0.022      0.035      0.126
 NERVOUSM
    Category > 1       0.103      0.121      0.010      1.028
 SCAREDM
    Category > 1   63317.543      0.000  63317.543  63317.543


RESIDUAL OUTPUT


     RESIDUAL OUTPUT IS NOT AVAILABLE FOR THIS MODEL.  ADDITIONAL OUTPUT FOR
     CATEGORICAL, COUNT, AND NOMINAL VARIABLES MAY BE AVAILABLE USING TECH10.


TECHNICAL 11 OUTPUT

     Random Starts Specifications for the k-1 Class Analysis Model
        Number of initial stage random starts                 500
        Number of final stage optimizations                   100



     VUONG-LO-MENDELL-RUBIN LIKELIHOOD RATIO TEST FOR 3 (H0) VERSUS 4 CLASSES

          H0 Loglikelihood Value                        -7122.103
          2 Times the Loglikelihood Difference            118.804
          Difference in the Number of Parameters                6
          Mean                                              5.948
          Standard Deviation                                6.720
          P-Value                                          0.0000

     LO-MENDELL-RUBIN ADJUSTED LRT TEST

          Value                                           116.347
          P-Value                                          0.0000


TECHNICAL 14 OUTPUT

     Random Starts Specifications for the k-1 Class Analysis Model
        Number of initial stage random starts                 500
        Number of final stage optimizations                   100

     Random Starts Specification for the k-1 Class Model for Generated Data
        Number of initial stage random starts                   0
        Number of final stage optimizations for the
           initial stage random starts                          0
     Random Starts Specification for the k Class Model for Generated Data
        Number of initial stage random starts                  40
        Number of final stage optimizations                     8
     Number of bootstrap draws requested                   Varies


     PARAMETRIC BOOTSTRAPPED LIKELIHOOD RATIO TEST FOR 3 (H0) VERSUS 4 CLASSES

          H0 Loglikelihood Value                        -7122.103
          2 Times the Loglikelihood Difference            118.804
          Difference in the Number of Parameters                6
          Approximate P-Value                              0.0000
          Successful Bootstrap Draws                            5

     WARNING:  OF THE 5 BOOTSTRAP DRAWS, 3 DRAWS HAD BOTH A SMALLER LRT VALUE THAN THE
     OBSERVED LRT VALUE AND NOT A REPLICATED BEST LOGLIKELIHOOD VALUE FOR THE 4-CLASS MODEL.
     THIS MEANS THAT THE P-VALUE MAY NOT BE TRUSTWORTHY DUE TO LOCAL MAXIMA.
     INCREASE THE NUMBER OF RANDOM STARTS USING THE LRTSTARTS OPTION.



PLOT INFORMATION

The following plots are available:

  Histograms (sample values)
  Scatterplots (sample values)
  Sample proportions and estimated probabilities

SAVEDATA INFORMATION


  Save file
    3step_savedata.dat

  Order of variables

    ENJOYM
    GOODM
    UNDRSTDM
    NERVOUSM
    SCAREDM
    FEMALE
    MATHJOB
    MATHIRT
    BCHW1
    BCHW2
    BCHW3
    BCHW4
    CPROB1
    CPROB2
    CPROB3
    CPROB4
    C

  Save file format           Free

  Save file record length    10000

  Save missing symbol        *


     Beginning Time:  19:50:38
        Ending Time:  19:50:45
       Elapsed Time:  00:00:07



MUTHEN & MUTHEN
3463 Stoner Ave.
Los Angeles, CA  90066

Tel: (310) 391-9971
Fax: (310) 391-8971
Web: www.StatModel.com
Support: Support@StatModel.com

Copyright (c) 1998-2024 Muthen & Muthen
