Mplus VERSION 9
MUTHEN & MUTHEN
11/11/2025  11:41 AM

INPUT INSTRUCTIONS

  TITLE:
  Class 3 Time 2
  DATA:
  FILE = "C:/Users/dnajiarch/Box/LTA/ML 3 Step in LTA/step_1/t2/t2.dat";
  VARIABLE:
  NAMES = CASENUM COHORT AB39A GA32A KA46A AB39B AB39C AB39D AB39E AB39F AB39G AB39H
       GA32H KA46H AB39I GA32I KA46I AB39J AB39K GA32K KA46K AB39L GA32L KA46L AB39M
       GA33A KA47A AB39N AB39O AB39P AB39Q AB39R AB39S AB39T GA33H KA47H AB39U GA33I
       KA47I AB39V AB39W GA33K KA47K AB39X GA33L KA47L SCIENCEG7 SCIG8 SCIG11 MTH7
       SCI7 SCI8 MOTHED FATHED PEDUC PEDUC3 RSEDAN RSEDAN6 RSEDAN5 RBACC RMAJFIRST
       RMAJFIRST2 RMAJLAST2 RMAJLAST RGRADMAJ RGRADMAJ10 RSTEMM RSTEMMX RSTEMMB
       RSTEMMA WEIGHT7 WEIGHT8 WEIGHT9 WEIGHT10 WEIGHT11 WEIGHT12 WEIGHTP1 WEIGHTP2
       WEIGHTP4 WGT12A WEIGHTR GENDER RACETH3 RACETH MINORITY STEM STEMSUP ENGINEER
       MATHG7 MATHG8 MATHG10 MATHG11 MATHG12 FEMALE;
   MISSING=.;
   categorical = GA32A GA32H GA32I GA32K GA32L GA33A GA33H GA33I GA33K GA33L;
  usevar = GA32A GA32H GA32I GA32K GA32L GA33A GA33H GA33I GA33K GA33L;

  classes = c(3);
  ANALYSIS:
  estimator = mlr;
      type = mixture;
      starts = 500 100;
      processors = 12;
  OUTPUT:
  sampstat residual tech11 tech14;



*** WARNING in OUTPUT command
  SAMPSTAT option is not available when all outcomes are censored, ordered
  categorical, unordered categorical (nominal), count or continuous-time
  survival variables.  Request for SAMPSTAT is ignored.
*** WARNING
  Data set contains cases with missing on all variables.
  These cases were not included in the analysis.
  Number of cases with missing on all variables:  378
   2 WARNING(S) FOUND IN THE INPUT INSTRUCTIONS




Class 3 Time 2

SUMMARY OF ANALYSIS

Number of groups                                                 1
Number of observations                                        1534

Number of dependent variables                                   10
Number of independent variables                                  0
Number of continuous latent variables                            0
Number of categorical latent variables                           1

Observed dependent variables

  Binary and ordered categorical (ordinal)
   GA32A       GA32H       GA32I       GA32K       GA32L       GA33A
   GA33H       GA33I       GA33K       GA33L

Categorical latent variables
   C


Estimator                                                      MLR
Information matrix                                        OBSERVED
Optimization Specifications for the Quasi-Newton Algorithm for
Continuous Outcomes
  Maximum number of iterations                                 100
  Convergence criterion                                  0.100D-05
Optimization Specifications for the EM Algorithm
  Maximum number of iterations                                 500
  Convergence criteria
    Loglikelihood change                                 0.100D-06
    Relative loglikelihood change                        0.100D-06
    Derivative                                           0.100D-05
Optimization Specifications for the M step of the EM Algorithm for
Categorical Latent Variables
  Number of M step iterations                                    1
  M step convergence criterion                           0.100D-05
  Basis for M step termination                           ITERATION
Optimization Specifications for the M step of the EM Algorithm for
Censored, Binary or Ordered Categorical (Ordinal), Unordered
Categorical (Nominal) and Count Outcomes
  Number of M step iterations                                    1
  M step convergence criterion                           0.100D-05
  Basis for M step termination                           ITERATION
  Maximum value for logit thresholds                            15
  Minimum value for logit thresholds                           -15
  Minimum expected cell size for chi-square              0.100D-01
Maximum number of iterations for H1                           2000
Convergence criterion for H1                             0.100D-03
Optimization algorithm                                         EMA
Random Starts Specifications
  Number of initial stage random starts                        500
  Number of final stage optimizations                          100
  Number of initial stage iterations                            10
  Initial stage convergence criterion                    0.100D+01
  Random starts scale                                    0.500D+01
  Random seed for generating random starts                       0
Link                                                         LOGIT

Input data file(s)
  C:/Users/dnajiarch/Box/LTA/ML 3 Step in LTA/step_1/t2/t2.dat
Input data format  FREE


SUMMARY OF DATA

     Number of missing data patterns            22
     Number of y missing data patterns           0
     Number of u missing data patterns          22


COVARIANCE COVERAGE OF DATA

Minimum covariance coverage value   0.100


     PROPORTION OF DATA PRESENT FOR U


           Covariance Coverage
              GA32A         GA32H         GA32I         GA32K         GA32L
              ________      ________      ________      ________      ________
 GA32A          0.999
 GA32H          0.990         0.991
 GA32I          0.989         0.982         0.989
 GA32K          0.988         0.982         0.981         0.989
 GA32L          0.993         0.987         0.986         0.986         0.994
 GA33A          0.994         0.988         0.986         0.986         0.992
 GA33H          0.988         0.981         0.979         0.981         0.985
 GA33I          0.988         0.981         0.979         0.980         0.985
 GA33K          0.988         0.982         0.980         0.981         0.986
 GA33L          0.993         0.986         0.984         0.985         0.990


           Covariance Coverage
              GA33A         GA33H         GA33I         GA33K         GA33L
              ________      ________      ________      ________      ________
 GA33A          0.995
 GA33H          0.986         0.988
 GA33I          0.986         0.980         0.988
 GA33K          0.986         0.980         0.980         0.990
 GA33L          0.991         0.985         0.985         0.986         0.993


UNIVARIATE PROPORTIONS AND COUNTS FOR CATEGORICAL VARIABLES

    GA32A
      Category 1    0.370          567.000
      Category 2    0.630          965.000
    GA32H
      Category 1    0.351          533.000
      Category 2    0.649          987.000
    GA32I
      Category 1    0.314          476.000
      Category 2    0.686         1041.000
    GA32K
      Category 1    0.321          487.000
      Category 2    0.679         1030.000
    GA32L
      Category 1    0.353          539.000
      Category 2    0.647          986.000
    GA33A
      Category 1    0.408          623.000
      Category 2    0.592          903.000
    GA33H
      Category 1    0.565          857.000
      Category 2    0.435          659.000
    GA33I
      Category 1    0.475          720.000
      Category 2    0.525          796.000
    GA33K
      Category 1    0.571          867.000
      Category 2    0.429          651.000
    GA33L
      Category 1    0.580          884.000
      Category 2    0.420          640.000


RANDOM STARTS RESULTS RANKED FROM THE BEST TO THE WORST LOGLIKELIHOOD VALUES

Final stage loglikelihood values at local maxima, seeds, and initial stage start numbers:

           -8067.612  436460           89
           -8067.612  582296           452
           -8067.612  399848           220
           -8067.612  587946           120
           -8067.612  21345            199
           -8067.612  950604           172
           -8067.612  608496           4
           -8067.612  533738           11
           -8067.612  784664           75
           -8067.612  364676           27
           -8067.612  118421           139
           -8067.612  991329           182
           -8067.612  468036           131
           -8067.612  391179           78
           -8067.612  804660           260
           -8067.612  286735           175
           -8067.612  192071           142
           -8067.612  518828           432
           -8067.612  195353           225
           -8067.612  354395           486
           -8067.612  350608           334
           -8067.612  569833           85
           -8067.612  399671           13
           -8067.612  175199           247
           -8067.612  605565           404
           -8067.612  462953           7
           -8067.612  840078           203
           -8067.612  455617           242
           -8067.612  414284           158
           -8067.612  972873           157
           -8067.612  772131           407
           -8067.612  971693           470
           -8067.612  714997           399
           -8067.612  34346            330
           -8067.612  724519           333
           -8067.612  862607           468
           -8067.612  971853           402
           -8067.612  626891           32
           -8067.612  25127            107
           -8067.612  629320           222
           -8067.612  618000           190
           -8067.612  153942           31
           -8067.612  425982           485
           -8067.612  722748           346
           -8067.612  481835           57
           -8067.612  871851           257
           -8067.612  777045           377
           -8067.612  85734            411
           -8067.612  691234           250
           -8067.612  966014           37
           -8067.612  224950           455
           -8067.612  268896           124
           -8067.612  836066           372

Unperturbed starting value run did not converge or was rejected in the third stage.

46 perturbed starting value run(s) did not converge or were rejected in the third stage.



THE BEST LOGLIKELIHOOD VALUE HAS BEEN REPLICATED.  RERUN WITH AT LEAST TWICE THE
RANDOM STARTS TO CHECK THAT THE BEST LOGLIKELIHOOD IS STILL OBTAINED AND REPLICATED.


THE MODEL ESTIMATION TERMINATED NORMALLY



MODEL FIT INFORMATION

Number of Free Parameters                       32

Loglikelihood

          H0 Value                       -8067.612
          H0 Scaling Correction Factor      1.1759
            for MLR

Information Criteria

          Akaike (AIC)                   16199.224
          Bayesian (BIC)                 16369.964
          Sample-Size Adjusted BIC       16268.308
            (n* = (n + 2) / 24)

Chi-Square Test of Model Fit for the Binary and Ordered Categorical
(Ordinal) Outcomes**

          Pearson Chi-Square

          Value                           2849.505
          Degrees of Freedom                   971
          P-Value                           0.0000

          Likelihood Ratio Chi-Square

          Value                           1514.232
          Degrees of Freedom                   971
          P-Value                           0.0000

** Of the 7628 cells in the latent class indicator table, 20
   were deleted in the calculation of chi-square due to extreme values.

Chi-Square Test for MCAR under the Unrestricted Latent Class Indicator Model

          Pearson Chi-Square

          Value                           1159.489
          Degrees of Freedom                  6583
          P-Value                           1.0000

          Likelihood Ratio Chi-Square

          Value                            307.181
          Degrees of Freedom                  6583
          P-Value                           1.0000



FINAL CLASS COUNTS AND PROPORTIONS FOR THE LATENT CLASSES
BASED ON THE ESTIMATED MODEL

    Latent
   Classes

       1        535.96511          0.34939
       2        296.94139          0.19357
       3        701.09350          0.45704


FINAL CLASS COUNTS AND PROPORTIONS FOR THE LATENT CLASSES
BASED ON ESTIMATED POSTERIOR PROBABILITIES

    Latent
   Classes

       1        535.96511          0.34939
       2        296.94139          0.19357
       3        701.09350          0.45704


FINAL CLASS COUNTS AND PROPORTIONS FOR THE LATENT CLASSES
BASED ON THEIR MOST LIKELY LATENT CLASS MEMBERSHIP

Class Counts and Proportions

    Latent
   Classes

       1              537          0.35007
       2              296          0.19296
       3              701          0.45698


CLASSIFICATION QUALITY

     Entropy                         0.833


Average Latent Class Probabilities for Most Likely Latent Class Membership (Row)
by Latent Class (Column)

           1        2        3

    1   0.943    0.000    0.057
    2   0.000    0.905    0.095
    3   0.042    0.042    0.916


Classification Probabilities for the Most Likely Latent Class Membership (Column)
by Latent Class (Row)

           1        2        3

    1   0.945    0.000    0.055
    2   0.000    0.902    0.098
    3   0.043    0.040    0.916


Logits for the Classification Probabilities for the Most Likely Latent Class Membership (Column)
by Latent Class (Row)

              1        2        3

    1      2.844  -10.809    0.000
    2     -8.598    2.219    0.000
    3     -3.048   -3.127    0.000


MODEL RESULTS

                                                    Two-Tailed
                    Estimate       S.E.  Est./S.E.    P-Value

Latent Class 1

 Thresholds
    GA32A$1           -1.452      0.125    -11.635      0.000
    GA32H$1           -2.322      0.214    -10.829      0.000
    GA32I$1           -2.678      0.226    -11.867      0.000
    GA32K$1           -2.619      0.267     -9.824      0.000
    GA32L$1           -2.644      0.280     -9.432      0.000
    GA33A$1           -2.380      0.187    -12.751      0.000
    GA33H$1           -2.235      0.196    -11.419      0.000
    GA33I$1           -2.620      0.213    -12.327      0.000
    GA33K$1           -2.315      0.236     -9.809      0.000
    GA33L$1           -2.295      0.217    -10.560      0.000

Latent Class 2

 Thresholds
    GA32A$1            0.867      0.160      5.409      0.000
    GA32H$1            2.277      0.292      7.796      0.000
    GA32I$1            1.680      0.403      4.174      0.000
    GA32K$1            2.188      0.398      5.495      0.000
    GA32L$1            3.096      0.500      6.198      0.000
    GA33A$1            1.088      0.273      3.981      0.000
    GA33H$1            2.740      0.597      4.587      0.000
    GA33I$1            2.403      0.667      3.603      0.000
    GA33K$1            3.518      1.005      3.499      0.000
    GA33L$1            2.892      0.571      5.061      0.000

Latent Class 3

 Thresholds
    GA32A$1           -0.546      0.108     -5.068      0.000
    GA32H$1           -0.777      0.176     -4.409      0.000
    GA32I$1           -0.936      0.129     -7.261      0.000
    GA32K$1           -0.993      0.179     -5.554      0.000
    GA32L$1           -0.764      0.192     -3.976      0.000
    GA33A$1            0.045      0.100      0.446      0.655
    GA33H$1            1.176      0.142      8.272      0.000
    GA33I$1            0.389      0.114      3.405      0.001
    GA33K$1            1.199      0.125      9.609      0.000
    GA33L$1            1.376      0.148      9.296      0.000

Categorical Latent Variables

 Means
    C#1               -0.269      0.113     -2.376      0.018
    C#2               -0.859      0.204     -4.206      0.000


QUALITY OF NUMERICAL RESULTS

     Condition Number for the Information Matrix              0.531E-02
       (ratio of smallest to largest eigenvalue)


LATENT CLASS INDICATOR MEANS AND PROBABILITIES FOR EACH LATENT CLASS

     MEAN/PROBABILITY PROFILES FOR C
                       Latent class
                     1      2      3
     GA32A
       Category 1  0.190  0.704  0.367
       Category 2  0.810  0.296  0.633
     GA32H
       Category 1  0.089  0.907  0.315
       Category 2  0.911  0.093  0.685
     GA32I
       Category 1  0.064  0.843  0.282
       Category 2  0.936  0.157  0.718
     GA32K
       Category 1  0.068  0.899  0.270
       Category 2  0.932  0.101  0.730
     GA32L
       Category 1  0.066  0.957  0.318
       Category 2  0.934  0.043  0.682
     GA33A
       Category 1  0.085  0.748  0.511
       Category 2  0.915  0.252  0.489
     GA33H
       Category 1  0.097  0.939  0.764
       Category 2  0.903  0.061  0.236
     GA33I
       Category 1  0.068  0.917  0.596
       Category 2  0.932  0.083  0.404
     GA33K
       Category 1  0.090  0.971  0.768
       Category 2  0.910  0.029  0.232
     GA33L
       Category 1  0.092  0.947  0.798
       Category 2  0.908  0.053  0.202


RESULTS IN PROBABILITY SCALE

                                                    Two-Tailed
                    Estimate       S.E.  Est./S.E.    P-Value

Latent Class 1

 GA32A
    Category 1         0.190      0.019      9.885      0.000
    Category 2         0.810      0.019     42.245      0.000
 GA32H
    Category 1         0.089      0.017      5.120      0.000
    Category 2         0.911      0.017     52.222      0.000
 GA32I
    Category 1         0.064      0.014      4.735      0.000
    Category 2         0.936      0.014     68.951      0.000
 GA32K
    Category 1         0.068      0.017      4.024      0.000
    Category 2         0.932      0.017     55.239      0.000
 GA32L
    Category 1         0.066      0.017      3.820      0.000
    Category 2         0.934      0.017     53.768      0.000
 GA33A
    Category 1         0.085      0.014      5.853      0.000
    Category 2         0.915      0.014     63.248      0.000
 GA33H
    Category 1         0.097      0.017      5.655      0.000
    Category 2         0.903      0.017     52.868      0.000
 GA33I
    Category 1         0.068      0.013      5.048      0.000
    Category 2         0.932      0.013     69.314      0.000
 GA33K
    Category 1         0.090      0.019      4.657      0.000
    Category 2         0.910      0.019     47.129      0.000
 GA33L
    Category 1         0.092      0.018      5.066      0.000
    Category 2         0.908      0.018     50.264      0.000

Latent Class 2

 GA32A
    Category 1         0.704      0.033     21.087      0.000
    Category 2         0.296      0.033      8.861      0.000
 GA32H
    Category 1         0.907      0.025     36.800      0.000
    Category 2         0.093      0.025      3.774      0.000
 GA32I
    Category 1         0.843      0.053     15.819      0.000
    Category 2         0.157      0.053      2.947      0.003
 GA32K
    Category 1         0.899      0.036     24.909      0.000
    Category 2         0.101      0.036      2.793      0.005
 GA32L
    Category 1         0.957      0.021     46.275      0.000
    Category 2         0.043      0.021      2.092      0.036
 GA33A
    Category 1         0.748      0.052     14.520      0.000
    Category 2         0.252      0.052      4.890      0.000
 GA33H
    Category 1         0.939      0.034     27.607      0.000
    Category 2         0.061      0.034      1.782      0.075
 GA33I
    Category 1         0.917      0.051     18.073      0.000
    Category 2         0.083      0.051      1.635      0.102
 GA33K
    Category 1         0.971      0.028     34.534      0.000
    Category 2         0.029      0.028      1.024      0.306
 GA33L
    Category 1         0.947      0.028     33.298      0.000
    Category 2         0.053      0.028      1.847      0.065

Latent Class 3

 GA32A
    Category 1         0.367      0.025     14.653      0.000
    Category 2         0.633      0.025     25.301      0.000
 GA32H
    Category 1         0.315      0.038      8.284      0.000
    Category 2         0.685      0.038     18.017      0.000
 GA32I
    Category 1         0.282      0.026     10.803      0.000
    Category 2         0.718      0.026     27.539      0.000
 GA32K
    Category 1         0.270      0.035      7.662      0.000
    Category 2         0.730      0.035     20.690      0.000
 GA32L
    Category 1         0.318      0.042      7.632      0.000
    Category 2         0.682      0.042     16.379      0.000
 GA33A
    Category 1         0.511      0.025     20.377      0.000
    Category 2         0.489      0.025     19.484      0.000
 GA33H
    Category 1         0.764      0.026     29.834      0.000
    Category 2         0.236      0.026      9.202      0.000
 GA33I
    Category 1         0.596      0.028     21.655      0.000
    Category 2         0.404      0.028     14.672      0.000
 GA33K
    Category 1         0.768      0.022     34.596      0.000
    Category 2         0.232      0.022     10.426      0.000
 GA33L
    Category 1         0.798      0.024     33.500      0.000
    Category 2         0.202      0.024      8.465      0.000


EQUALITY TESTS OF PROBABILITIES ACROSS THE LATENT CLASSES

                    Chi-Square     P-Value   Degrees of Freedom


GA32A
  Overall test        128.452      0.000        2
  Class 1 vs. 2       125.730      0.000        1
  Class 1 vs. 3        25.758      0.000        1
  Class 2 vs. 3        61.764      0.000        1

GA32H
  Overall test        166.787      0.000        2
  Class 1 vs. 2       147.419      0.000        1
  Class 1 vs. 3        22.362      0.000        1
  Class 2 vs. 3       107.769      0.000        1

GA32I
  Overall test         77.750      0.000        2
  Class 1 vs. 2        77.271      0.000        1
  Class 1 vs. 3        37.309      0.000        1
  Class 2 vs. 3        46.276      0.000        1

GA32K
  Overall test         98.762      0.000        2
  Class 1 vs. 2        88.734      0.000        1
  Class 1 vs. 3        18.235      0.000        1
  Class 2 vs. 3        74.794      0.000        1

GA32L
  Overall test         96.436      0.000        2
  Class 1 vs. 2        95.206      0.000        1
  Class 1 vs. 3        21.429      0.000        1
  Class 2 vs. 3        62.163      0.000        1

GA33A
  Overall test        181.074      0.000        2
  Class 1 vs. 2       103.074      0.000        1
  Class 1 vs. 3       142.301      0.000        1
  Class 2 vs. 3        10.147      0.001        1

GA33H
  Overall test        300.691      0.000        2
  Class 1 vs. 2        59.872      0.000        1
  Class 1 vs. 3       244.053      0.000        1
  Class 2 vs. 3         5.349      0.021        1

GA33I
  Overall test        192.832      0.000        2
  Class 1 vs. 2        50.479      0.000        1
  Class 1 vs. 3       160.644      0.000        1
  Class 2 vs. 3         7.840      0.005        1

GA33K
  Overall test        216.359      0.000        2
  Class 1 vs. 2        29.950      0.000        1
  Class 1 vs. 3       205.910      0.000        1
  Class 2 vs. 3         4.831      0.028        1

GA33L
  Overall test        284.419      0.000        2
  Class 1 vs. 2        67.159      0.000        1
  Class 1 vs. 3       243.059      0.000        1
  Class 2 vs. 3         5.454      0.020        1


LATENT CLASS INDICATOR ODDS RATIOS FOR THE LATENT CLASSES

                                                95% C.I.
                    Estimate       S.E.  Lower 2.5% Upper 2.5%

Latent Class 1 Compared to Latent Class 2

 GA32A
    Category > 1      10.170      2.104      6.780     15.254
 GA32H
    Category > 1      99.448     37.674     47.329    208.960
 GA32I
    Category > 1      78.168     38.761     29.576    206.597
 GA32K
    Category > 1     122.436     62.487     45.027    332.921
 GA32L
    Category > 1     311.283    183.142     98.253    986.202
 GA33A
    Category > 1      32.084     10.961     16.425     62.675
 GA33H
    Category > 1     144.810     93.114     41.064    510.669
 GA33I
    Category > 1     151.765    107.280     37.972    606.572
 GA33K
    Category > 1     341.284    363.734     42.257   2756.310
 GA33L
    Category > 1     178.835    113.180     51.729    618.253

Latent Class 1 Compared to Latent Class 3

 GA32A
    Category > 1       2.475      0.442      1.744      3.512
 GA32H
    Category > 1       4.690      1.533      2.472      8.899
 GA32I
    Category > 1       5.712      1.630      3.266      9.993
 GA32K
    Category > 1       5.084      1.936      2.410     10.724
 GA32L
    Category > 1       6.558      2.664      2.958     14.541
 GA33A
    Category > 1      11.300      2.297      7.587     16.831
 GA33H
    Category > 1      30.309      6.619     19.755     46.499
 GA33I
    Category > 1      20.264      4.811     12.725     32.270
 GA33K
    Category > 1      33.584      8.224     20.782     54.274
 GA33L
    Category > 1      39.269      9.245     24.754     62.295

Latent Class 2 Compared to Latent Class 3

 GA32A
    Category > 1       0.243      0.044      0.171      0.346
 GA32H
    Category > 1       0.047      0.014      0.026      0.084
 GA32I
    Category > 1       0.073      0.028      0.034      0.155
 GA32K
    Category > 1       0.042      0.015      0.020      0.085
 GA32L
    Category > 1       0.021      0.010      0.008      0.055
 GA33A
    Category > 1       0.352      0.115      0.185      0.669
 GA33H
    Category > 1       0.209      0.142      0.056      0.788
 GA33I
    Category > 1       0.134      0.096      0.033      0.547
 GA33K
    Category > 1       0.098      0.104      0.012      0.778
 GA33L
    Category > 1       0.220      0.143      0.062      0.784


RESIDUAL OUTPUT


     RESIDUAL OUTPUT IS NOT AVAILABLE FOR THIS MODEL.  ADDITIONAL OUTPUT FOR
     CATEGORICAL, COUNT, AND NOMINAL VARIABLES MAY BE AVAILABLE USING TECH10.


TECHNICAL 11 OUTPUT

     Random Starts Specifications for the k-1 Class Analysis Model
        Number of initial stage random starts                 500
        Number of final stage optimizations                   100



     VUONG-LO-MENDELL-RUBIN LIKELIHOOD RATIO TEST FOR 2 (H0) VERSUS 3 CLASSES

          H0 Loglikelihood Value                        -8428.384
          2 Times the Loglikelihood Difference            721.544
          Difference in the Number of Parameters               11
          Mean                                             36.376
          Standard Deviation                               50.601
          P-Value                                          0.0000

     LO-MENDELL-RUBIN ADJUSTED LRT TEST

          Value                                           712.712
          P-Value                                          0.0000


TECHNICAL 14 OUTPUT

     Random Starts Specifications for the k-1 Class Analysis Model
        Number of initial stage random starts                 500
        Number of final stage optimizations                   100

     Random Starts Specification for the k-1 Class Model for Generated Data
        Number of initial stage random starts                   0
        Number of final stage optimizations for the
           initial stage random starts                          0
     Random Starts Specification for the k Class Model for Generated Data
        Number of initial stage random starts                  40
        Number of final stage optimizations                     8
     Number of bootstrap draws requested                   Varies


     PARAMETRIC BOOTSTRAPPED LIKELIHOOD RATIO TEST FOR 2 (H0) VERSUS 3 CLASSES

          H0 Loglikelihood Value                        -8428.384
          2 Times the Loglikelihood Difference            721.544
          Difference in the Number of Parameters               11
          Approximate P-Value                              0.0000
          Successful Bootstrap Draws                            5

     WARNING:  OF THE 5 BOOTSTRAP DRAWS, 3 DRAWS HAD BOTH A SMALLER LRT VALUE THAN THE
     OBSERVED LRT VALUE AND NOT A REPLICATED BEST LOGLIKELIHOOD VALUE FOR THE 3-CLASS MODEL.
     THIS MEANS THAT THE P-VALUE MAY NOT BE TRUSTWORTHY DUE TO LOCAL MAXIMA.
     INCREASE THE NUMBER OF RANDOM STARTS USING THE LRTSTARTS OPTION.



     Beginning Time:  11:41:36
        Ending Time:  11:41:49
       Elapsed Time:  00:00:13



MUTHEN & MUTHEN
3463 Stoner Ave.
Los Angeles, CA  90066

Tel: (310) 391-9971
Fax: (310) 391-8971
Web: www.StatModel.com
Support: Support@StatModel.com

Copyright (c) 1998-2025 Muthen & Muthen
