Mplus VERSION 9
MUTHEN & MUTHEN
11/11/2025  11:42 AM

INPUT INSTRUCTIONS

  TITLE:
  Class 5 Time 2
  DATA:
  FILE = "C:/Users/dnajiarch/Box/LTA/ML 3 Step in LTA/step_1/t2/t2.dat";
  VARIABLE:
  NAMES = CASENUM COHORT AB39A GA32A KA46A AB39B AB39C AB39D AB39E AB39F AB39G AB39H
       GA32H KA46H AB39I GA32I KA46I AB39J AB39K GA32K KA46K AB39L GA32L KA46L AB39M
       GA33A KA47A AB39N AB39O AB39P AB39Q AB39R AB39S AB39T GA33H KA47H AB39U GA33I
       KA47I AB39V AB39W GA33K KA47K AB39X GA33L KA47L SCIENCEG7 SCIG8 SCIG11 MTH7
       SCI7 SCI8 MOTHED FATHED PEDUC PEDUC3 RSEDAN RSEDAN6 RSEDAN5 RBACC RMAJFIRST
       RMAJFIRST2 RMAJLAST2 RMAJLAST RGRADMAJ RGRADMAJ10 RSTEMM RSTEMMX RSTEMMB
       RSTEMMA WEIGHT7 WEIGHT8 WEIGHT9 WEIGHT10 WEIGHT11 WEIGHT12 WEIGHTP1 WEIGHTP2
       WEIGHTP4 WGT12A WEIGHTR GENDER RACETH3 RACETH MINORITY STEM STEMSUP ENGINEER
       MATHG7 MATHG8 MATHG10 MATHG11 MATHG12 FEMALE;
   MISSING=.;
   categorical = GA32A GA32H GA32I GA32K GA32L GA33A GA33H GA33I GA33K GA33L;
  usevar = GA32A GA32H GA32I GA32K GA32L GA33A GA33H GA33I GA33K GA33L;

  classes = c(5);
  ANALYSIS:
  estimator = mlr;
      type = mixture;
      starts = 500 100;
      processors = 12;
  OUTPUT:
  sampstat residual tech11 tech14;



*** WARNING in OUTPUT command
  SAMPSTAT option is not available when all outcomes are censored, ordered
  categorical, unordered categorical (nominal), count or continuous-time
  survival variables.  Request for SAMPSTAT is ignored.
*** WARNING
  Data set contains cases with missing on all variables.
  These cases were not included in the analysis.
  Number of cases with missing on all variables:  378
   2 WARNING(S) FOUND IN THE INPUT INSTRUCTIONS




Class 5 Time 2

SUMMARY OF ANALYSIS

Number of groups                                                 1
Number of observations                                        1534

Number of dependent variables                                   10
Number of independent variables                                  0
Number of continuous latent variables                            0
Number of categorical latent variables                           1

Observed dependent variables

  Binary and ordered categorical (ordinal)
   GA32A       GA32H       GA32I       GA32K       GA32L       GA33A
   GA33H       GA33I       GA33K       GA33L

Categorical latent variables
   C


Estimator                                                      MLR
Information matrix                                        OBSERVED
Optimization Specifications for the Quasi-Newton Algorithm for
Continuous Outcomes
  Maximum number of iterations                                 100
  Convergence criterion                                  0.100D-05
Optimization Specifications for the EM Algorithm
  Maximum number of iterations                                 500
  Convergence criteria
    Loglikelihood change                                 0.100D-06
    Relative loglikelihood change                        0.100D-06
    Derivative                                           0.100D-05
Optimization Specifications for the M step of the EM Algorithm for
Categorical Latent Variables
  Number of M step iterations                                    1
  M step convergence criterion                           0.100D-05
  Basis for M step termination                           ITERATION
Optimization Specifications for the M step of the EM Algorithm for
Censored, Binary or Ordered Categorical (Ordinal), Unordered
Categorical (Nominal) and Count Outcomes
  Number of M step iterations                                    1
  M step convergence criterion                           0.100D-05
  Basis for M step termination                           ITERATION
  Maximum value for logit thresholds                            15
  Minimum value for logit thresholds                           -15
  Minimum expected cell size for chi-square              0.100D-01
Maximum number of iterations for H1                           2000
Convergence criterion for H1                             0.100D-03
Optimization algorithm                                         EMA
Random Starts Specifications
  Number of initial stage random starts                        500
  Number of final stage optimizations                          100
  Number of initial stage iterations                            10
  Initial stage convergence criterion                    0.100D+01
  Random starts scale                                    0.500D+01
  Random seed for generating random starts                       0
Link                                                         LOGIT

Input data file(s)
  C:/Users/dnajiarch/Box/LTA/ML 3 Step in LTA/step_1/t2/t2.dat
Input data format  FREE


SUMMARY OF DATA

     Number of missing data patterns            22
     Number of y missing data patterns           0
     Number of u missing data patterns          22


COVARIANCE COVERAGE OF DATA

Minimum covariance coverage value   0.100


     PROPORTION OF DATA PRESENT FOR U


           Covariance Coverage
              GA32A         GA32H         GA32I         GA32K         GA32L
              ________      ________      ________      ________      ________
 GA32A          0.999
 GA32H          0.990         0.991
 GA32I          0.989         0.982         0.989
 GA32K          0.988         0.982         0.981         0.989
 GA32L          0.993         0.987         0.986         0.986         0.994
 GA33A          0.994         0.988         0.986         0.986         0.992
 GA33H          0.988         0.981         0.979         0.981         0.985
 GA33I          0.988         0.981         0.979         0.980         0.985
 GA33K          0.988         0.982         0.980         0.981         0.986
 GA33L          0.993         0.986         0.984         0.985         0.990


           Covariance Coverage
              GA33A         GA33H         GA33I         GA33K         GA33L
              ________      ________      ________      ________      ________
 GA33A          0.995
 GA33H          0.986         0.988
 GA33I          0.986         0.980         0.988
 GA33K          0.986         0.980         0.980         0.990
 GA33L          0.991         0.985         0.985         0.986         0.993


UNIVARIATE PROPORTIONS AND COUNTS FOR CATEGORICAL VARIABLES

    GA32A
      Category 1    0.370          567.000
      Category 2    0.630          965.000
    GA32H
      Category 1    0.351          533.000
      Category 2    0.649          987.000
    GA32I
      Category 1    0.314          476.000
      Category 2    0.686         1041.000
    GA32K
      Category 1    0.321          487.000
      Category 2    0.679         1030.000
    GA32L
      Category 1    0.353          539.000
      Category 2    0.647          986.000
    GA33A
      Category 1    0.408          623.000
      Category 2    0.592          903.000
    GA33H
      Category 1    0.565          857.000
      Category 2    0.435          659.000
    GA33I
      Category 1    0.475          720.000
      Category 2    0.525          796.000
    GA33K
      Category 1    0.571          867.000
      Category 2    0.429          651.000
    GA33L
      Category 1    0.580          884.000
      Category 2    0.420          640.000


RANDOM STARTS RESULTS RANKED FROM THE BEST TO THE WORST LOGLIKELIHOOD VALUES

Final stage loglikelihood values at local maxima, seeds, and initial stage start numbers:

           -7845.441  354208           196
           -7845.441  unperturbed      0
           -7845.441  496710           386
           -7845.441  443442           380
           -7845.441  717754           180
           -7845.441  804561           59
           -7845.441  27071            15
           -7845.441  535804           111
           -7845.441  23012            352
           -7845.441  76451            211
           -7845.441  692169           308
           -7845.441  760878           249
           -7845.441  100874           108
           -7845.441  622860           259
           -7845.441  813779           92
           -7845.441  996231           310
           -7845.441  414284           158
           -7845.441  462953           7
           -7845.441  860772           174
           -7845.441  793035           187
           -7845.441  781190           219
           -7845.441  375590           438
           -7845.441  978781           497
           -7845.441  462228           298
           -7845.441  608849           224
           -7845.441  342019           301
           -7845.441  754100           56
           -7845.441  392751           480
           -7845.441  722748           346
           -7845.441  650371           14
           -7845.441  746978           410
           -7845.441  714997           399
           -7845.441  915642           40
           -7845.441  364676           27
           -7845.441  402224           91
           -7845.441  40340            188
           -7845.441  7959             256
           -7845.441  618000           190
           -7845.441  963053           43
           -7845.441  913639           162
           -7845.441  544048           87
           -7845.441  137305           379
           -7845.441  371246           101
           -7845.441  871722           355
           -7845.441  377504           294
           -7845.441  112586           494
           -7845.441  856536           144
           -7845.441  695155           150
           -7845.441  512836           289
           -7845.441  297518           166
           -7845.441  669634           335
           -7845.441  206099           363
           -7845.441  749635           420
           -7845.441  283492           435
           -7845.441  789985           67
           -7845.441  862607           468
           -7845.441  507154           387
           -7845.441  784664           75
           -7845.441  514326           325
           -7845.441  823392           479
           -7845.441  699554           427
           -7845.441  215353           164
           -7845.441  68985            17
           -7845.441  850840           232
           -7845.441  691234           250
           -7845.441  120506           45
           -7845.441  131856           90
           -7845.441  518828           432
           -7845.441  830570           369
           -7845.441  903420           5
           -7845.441  238906           430
           -7845.441  471438           252
           -7845.441  534864           307
           -7845.441  840031           276
           -7845.441  181293           212
           -7845.441  404510           442
           -7845.441  761633           50
           -7845.441  802682           419
           -7845.441  211281           292
           -7845.441  264935           281
           -7845.441  416463           467
           -7845.441  637345           19

18 perturbed starting value run(s) did not converge or were rejected in the third stage.



THE BEST LOGLIKELIHOOD VALUE HAS BEEN REPLICATED.  RERUN WITH AT LEAST TWICE THE
RANDOM STARTS TO CHECK THAT THE BEST LOGLIKELIHOOD IS STILL OBTAINED AND REPLICATED.

     IN THE OPTIMIZATION, ONE OR MORE LOGIT THRESHOLDS APPROACHED EXTREME VALUES
     OF -15.000 AND 15.000 AND WERE FIXED TO STABILIZE MODEL ESTIMATION.  THESE
     VALUES IMPLY PROBABILITIES OF 0 AND 1.  IN THE MODEL RESULTS SECTION, THESE
     PARAMETERS HAVE 0 STANDARD ERRORS AND 999 IN THE Z-SCORE AND P-VALUE COLUMNS.




THE MODEL ESTIMATION TERMINATED NORMALLY



MODEL FIT INFORMATION

Number of Free Parameters                       54

Loglikelihood

          H0 Value                       -7845.441
          H0 Scaling Correction Factor      1.1265
            for MLR

Information Criteria

          Akaike (AIC)                   15798.882
          Bayesian (BIC)                 16087.006
          Sample-Size Adjusted BIC       15915.461
            (n* = (n + 2) / 24)

Chi-Square Test of Model Fit for the Binary and Ordered Categorical
(Ordinal) Outcomes**

          Pearson Chi-Square

          Value                           1481.531
          Degrees of Freedom                   952
          P-Value                           0.0000

          Likelihood Ratio Chi-Square

          Value                           1103.717
          Degrees of Freedom                   952
          P-Value                           0.0004

** Of the 7628 cells in the latent class indicator table, 17
   were deleted in the calculation of chi-square due to extreme values.

Chi-Square Test for MCAR under the Unrestricted Latent Class Indicator Model

          Pearson Chi-Square

          Value                           1333.221
          Degrees of Freedom                  6583
          P-Value                           1.0000

          Likelihood Ratio Chi-Square

          Value                            326.570
          Degrees of Freedom                  6583
          P-Value                           1.0000



FINAL CLASS COUNTS AND PROPORTIONS FOR THE LATENT CLASSES
BASED ON THE ESTIMATED MODEL

    Latent
   Classes

       1        220.08730          0.14347
       2        226.20862          0.14746
       3        485.84773          0.31672
       4        312.28823          0.20358
       5        289.56811          0.18877


FINAL CLASS COUNTS AND PROPORTIONS FOR THE LATENT CLASSES
BASED ON ESTIMATED POSTERIOR PROBABILITIES

    Latent
   Classes

       1        220.08730          0.14347
       2        226.20862          0.14746
       3        485.84773          0.31672
       4        312.28823          0.20358
       5        289.56811          0.18877


FINAL CLASS COUNTS AND PROPORTIONS FOR THE LATENT CLASSES
BASED ON THEIR MOST LIKELY LATENT CLASS MEMBERSHIP

Class Counts and Proportions

    Latent
   Classes

       1              186          0.12125
       2              229          0.14928
       3              500          0.32595
       4              319          0.20795
       5              300          0.19557


CLASSIFICATION QUALITY

     Entropy                         0.785


Average Latent Class Probabilities for Most Likely Latent Class Membership (Row)
by Latent Class (Column)

           1        2        3        4        5

    1   0.835    0.022    0.025    0.071    0.047
    2   0.074    0.762    0.071    0.075    0.018
    3   0.015    0.053    0.925    0.007    0.000
    4   0.073    0.055    0.007    0.846    0.019
    5   0.057    0.012    0.001    0.028    0.902


Classification Probabilities for the Most Likely Latent Class Membership (Column)
by Latent Class (Row)

           1        2        3        4        5

    1   0.706    0.077    0.034    0.105    0.078
    2   0.018    0.772    0.116    0.078    0.016
    3   0.010    0.033    0.952    0.005    0.000
    4   0.042    0.055    0.011    0.864    0.027
    5   0.030    0.014    0.000    0.021    0.935


Logits for the Classification Probabilities for the Most Likely Latent Class Membership (Column)
by Latent Class (Row)

              1        2        3        4        5

    1      2.206   -0.007   -0.831    0.302    0.000
    2      0.077    3.847    1.953    1.554    0.000
    3      3.231    4.474    7.829    2.484    0.000
    4      0.465    0.727   -0.854    3.479    0.000
    5     -3.442   -4.201   -7.891   -3.793    0.000


MODEL RESULTS

                                                    Two-Tailed
                    Estimate       S.E.  Est./S.E.    P-Value

Latent Class 1

 Thresholds
    GA32A$1            0.154      0.197      0.783      0.433
    GA32H$1            0.613      0.242      2.532      0.011
    GA32I$1            1.009      0.434      2.324      0.020
    GA32K$1           -0.412      0.220     -1.870      0.061
    GA32L$1            0.175      0.246      0.713      0.476
    GA33A$1           -0.628      0.237     -2.651      0.008
    GA33H$1            0.723      0.246      2.941      0.003
    GA33I$1            0.802      0.240      3.347      0.001
    GA33K$1            0.127      0.235      0.541      0.588
    GA33L$1            0.115      0.286      0.401      0.689

Latent Class 2

 Thresholds
    GA32A$1           -0.367      0.224     -1.637      0.102
    GA32H$1           -0.765      0.348     -2.201      0.028
    GA32I$1          -15.000      0.000    999.000    999.000
    GA32K$1           -0.245      0.381     -0.643      0.521
    GA32L$1           -0.105      0.450     -0.234      0.815
    GA33A$1           -0.813      0.223     -3.643      0.000
    GA33H$1           -0.357      0.264     -1.356      0.175
    GA33I$1           -2.647      1.044     -2.535      0.011
    GA33K$1            0.854      0.347      2.461      0.014
    GA33L$1            0.755      0.326      2.320      0.020

Latent Class 3

 Thresholds
    GA32A$1           -1.529      0.138    -11.064      0.000
    GA32H$1           -2.775      0.308     -9.020      0.000
    GA32I$1           -2.844      0.252    -11.277      0.000
    GA32K$1           -3.574      0.515     -6.940      0.000
    GA32L$1           -3.523      0.532     -6.618      0.000
    GA33A$1           -2.373      0.219    -10.835      0.000
    GA33H$1           -2.162      0.244     -8.852      0.000
    GA33I$1           -2.450      0.207    -11.834      0.000
    GA33K$1           -2.802      0.446     -6.285      0.000
    GA33L$1           -2.513      0.335     -7.511      0.000

Latent Class 4

 Thresholds
    GA32A$1           -1.158      0.190     -6.105      0.000
    GA32H$1           -1.787      0.294     -6.074      0.000
    GA32I$1           -1.396      0.258     -5.410      0.000
    GA32K$1           -2.060      0.255     -8.092      0.000
    GA32L$1           -2.391      0.392     -6.106      0.000
    GA33A$1            0.693      0.162      4.277      0.000
    GA33H$1            2.864      0.523      5.477      0.000
    GA33I$1            1.370      0.338      4.057      0.000
    GA33K$1            2.290      0.337      6.798      0.000
    GA33L$1            2.742      0.429      6.391      0.000

Latent Class 5

 Thresholds
    GA32A$1            0.734      0.147      5.000      0.000
    GA32H$1            1.847      0.226      8.176      0.000
    GA32I$1            1.405      0.224      6.281      0.000
    GA32K$1            2.050      0.294      6.982      0.000
    GA32L$1            2.973      0.452      6.582      0.000
    GA33A$1            1.352      0.191      7.066      0.000
    GA33H$1            3.381      0.512      6.601      0.000
    GA33I$1            2.725      0.460      5.927      0.000
    GA33K$1            5.293      2.161      2.449      0.014
    GA33L$1           15.000      0.000    999.000    999.000

Categorical Latent Variables

 Means
    C#1               -0.274      0.204     -1.344      0.179
    C#2               -0.247      0.186     -1.327      0.184
    C#3                0.518      0.130      3.996      0.000
    C#4                0.076      0.137      0.552      0.581


QUALITY OF NUMERICAL RESULTS

     Condition Number for the Information Matrix              0.738E-03
       (ratio of smallest to largest eigenvalue)


LATENT CLASS INDICATOR MEANS AND PROBABILITIES FOR EACH LATENT CLASS

     MEAN/PROBABILITY PROFILES FOR C
                       Latent class
                     1      2      3      4      5
     GA32A
       Category 1  0.538  0.409  0.178  0.239  0.676
       Category 2  0.462  0.591  0.822  0.761  0.324
     GA32H
       Category 1  0.649  0.318  0.059  0.143  0.864
       Category 2  0.351  0.682  0.941  0.857  0.136
     GA32I
       Category 1  0.733  0.000  0.055  0.198  0.803
       Category 2  0.267  1.000  0.945  0.802  0.197
     GA32K
       Category 1  0.398  0.439  0.027  0.113  0.886
       Category 2  0.602  0.561  0.973  0.887  0.114
     GA32L
       Category 1  0.544  0.474  0.029  0.084  0.951
       Category 2  0.456  0.526  0.971  0.916  0.049
     GA33A
       Category 1  0.348  0.307  0.085  0.667  0.795
       Category 2  0.652  0.693  0.915  0.333  0.205
     GA33H
       Category 1  0.673  0.412  0.103  0.946  0.967
       Category 2  0.327  0.588  0.897  0.054  0.033
     GA33I
       Category 1  0.690  0.066  0.079  0.797  0.938
       Category 2  0.310  0.934  0.921  0.203  0.062
     GA33K
       Category 1  0.532  0.701  0.057  0.908  0.995
       Category 2  0.468  0.299  0.943  0.092  0.005
     GA33L
       Category 1  0.529  0.680  0.075  0.939  1.000
       Category 2  0.471  0.320  0.925  0.061  0.000


RESULTS IN PROBABILITY SCALE

                                                    Two-Tailed
                    Estimate       S.E.  Est./S.E.    P-Value

Latent Class 1

 GA32A
    Category 1         0.538      0.049     11.007      0.000
    Category 2         0.462      0.049      9.434      0.000
 GA32H
    Category 1         0.649      0.055     11.763      0.000
    Category 2         0.351      0.055      6.375      0.000
 GA32I
    Category 1         0.733      0.085      8.620      0.000
    Category 2         0.267      0.085      3.142      0.002
 GA32K
    Category 1         0.398      0.053      7.545      0.000
    Category 2         0.602      0.053     11.392      0.000
 GA32L
    Category 1         0.544      0.061      8.909      0.000
    Category 2         0.456      0.061      7.477      0.000
 GA33A
    Category 1         0.348      0.054      6.472      0.000
    Category 2         0.652      0.054     12.130      0.000
 GA33H
    Category 1         0.673      0.054     12.452      0.000
    Category 2         0.327      0.054      6.045      0.000
 GA33I
    Category 1         0.690      0.051     13.482      0.000
    Category 2         0.310      0.051      6.048      0.000
 GA33K
    Category 1         0.532      0.059      9.076      0.000
    Category 2         0.468      0.059      7.991      0.000
 GA33L
    Category 1         0.529      0.071      7.406      0.000
    Category 2         0.471      0.071      6.602      0.000

Latent Class 2

 GA32A
    Category 1         0.409      0.054      7.562      0.000
    Category 2         0.591      0.054     10.911      0.000
 GA32H
    Category 1         0.318      0.075      4.215      0.000
    Category 2         0.682      0.075      9.058      0.000
 GA32I
    Category 1         0.000      0.000      0.000      1.000
    Category 2         1.000      0.000      0.000      1.000
 GA32K
    Category 1         0.439      0.094      4.684      0.000
    Category 2         0.561      0.094      5.982      0.000
 GA32L
    Category 1         0.474      0.112      4.219      0.000
    Category 2         0.526      0.112      4.688      0.000
 GA33A
    Category 1         0.307      0.048      6.469      0.000
    Category 2         0.693      0.048     14.583      0.000
 GA33H
    Category 1         0.412      0.064      6.448      0.000
    Category 2         0.588      0.064      9.217      0.000
 GA33I
    Category 1         0.066      0.065      1.026      0.305
    Category 2         0.934      0.065     14.470      0.000
 GA33K
    Category 1         0.701      0.073      9.651      0.000
    Category 2         0.299      0.073      4.110      0.000
 GA33L
    Category 1         0.680      0.071      9.609      0.000
    Category 2         0.320      0.071      4.515      0.000

Latent Class 3

 GA32A
    Category 1         0.178      0.020      8.804      0.000
    Category 2         0.822      0.020     40.622      0.000
 GA32H
    Category 1         0.059      0.017      3.454      0.001
    Category 2         0.941      0.017     55.374      0.000
 GA32I
    Category 1         0.055      0.013      4.196      0.000
    Category 2         0.945      0.013     72.092      0.000
 GA32K
    Category 1         0.027      0.014      1.996      0.046
    Category 2         0.973      0.014     71.202      0.000
 GA32L
    Category 1         0.029      0.015      1.934      0.053
    Category 2         0.971      0.015     65.543      0.000
 GA33A
    Category 1         0.085      0.017      4.991      0.000
    Category 2         0.915      0.017     53.554      0.000
 GA33H
    Category 1         0.103      0.023      4.565      0.000
    Category 2         0.897      0.023     39.669      0.000
 GA33I
    Category 1         0.079      0.015      5.247      0.000
    Category 2         0.921      0.015     60.800      0.000
 GA33K
    Category 1         0.057      0.024      2.379      0.017
    Category 2         0.943      0.024     39.197      0.000
 GA33L
    Category 1         0.075      0.023      3.231      0.001
    Category 2         0.925      0.023     39.876      0.000

Latent Class 4

 GA32A
    Category 1         0.239      0.035      6.925      0.000
    Category 2         0.761      0.035     22.054      0.000
 GA32H
    Category 1         0.143      0.036      3.968      0.000
    Category 2         0.857      0.036     23.698      0.000
 GA32I
    Category 1         0.198      0.041      4.835      0.000
    Category 2         0.802      0.041     19.527      0.000
 GA32K
    Category 1         0.113      0.026      4.428      0.000
    Category 2         0.887      0.026     34.753      0.000
 GA32L
    Category 1         0.084      0.030      2.787      0.005
    Category 2         0.916      0.030     30.456      0.000
 GA33A
    Category 1         0.667      0.036     18.520      0.000
    Category 2         0.333      0.036      9.265      0.000
 GA33H
    Category 1         0.946      0.027     35.449      0.000
    Category 2         0.054      0.027      2.021      0.043
 GA33I
    Category 1         0.797      0.055     14.616      0.000
    Category 2         0.203      0.055      3.713      0.000
 GA33K
    Category 1         0.908      0.028     32.282      0.000
    Category 2         0.092      0.028      3.269      0.001
 GA33L
    Category 1         0.939      0.024     38.487      0.000
    Category 2         0.061      0.024      2.481      0.013

Latent Class 5

 GA32A
    Category 1         0.676      0.032     21.006      0.000
    Category 2         0.324      0.032     10.083      0.000
 GA32H
    Category 1         0.864      0.027     32.491      0.000
    Category 2         0.136      0.027      5.126      0.000
 GA32I
    Category 1         0.803      0.035     22.691      0.000
    Category 2         0.197      0.035      5.569      0.000
 GA32K
    Category 1         0.886      0.030     29.864      0.000
    Category 2         0.114      0.030      3.844      0.000
 GA32L
    Category 1         0.951      0.021     45.502      0.000
    Category 2         0.049      0.021      2.327      0.020
 GA33A
    Category 1         0.795      0.031     25.428      0.000
    Category 2         0.205      0.031      6.576      0.000
 GA33H
    Category 1         0.967      0.016     59.356      0.000
    Category 2         0.033      0.016      2.019      0.044
 GA33I
    Category 1         0.938      0.027     35.351      0.000
    Category 2         0.062      0.027      2.318      0.020
 GA33K
    Category 1         0.995      0.011     92.499      0.000
    Category 2         0.005      0.011      0.465      0.642
 GA33L
    Category 1         1.000      0.000      0.000      1.000
    Category 2         0.000      0.000      0.000      1.000


EQUALITY TESTS OF PROBABILITIES ACROSS THE LATENT CLASSES

                    Chi-Square     P-Value   Degrees of Freedom


GA32A
  Overall test        157.665      0.000        4
  Class 1 vs. 2         3.018      0.082        1
  Class 1 vs. 3        51.168      0.000        1
  Class 1 vs. 4        21.462      0.000        1
  Class 1 vs. 5         5.096      0.024        1
  Class 2 vs. 3        21.340      0.000        1
  Class 2 vs. 4         6.867      0.009        1
  Class 2 vs. 5        16.786      0.000        1
  Class 3 vs. 4         2.563      0.109        1
  Class 3 vs. 5       128.433      0.000        1
  Class 4 vs. 5        62.301      0.000        1

GA32H
  Overall test        244.998      0.000        4
  Class 1 vs. 2        11.332      0.001        1
  Class 1 vs. 3        84.421      0.000        1
  Class 1 vs. 4        43.496      0.000        1
  Class 1 vs. 5        13.586      0.000        1
  Class 2 vs. 3        24.615      0.000        1
  Class 2 vs. 4         4.141      0.042        1
  Class 2 vs. 5        40.896      0.000        1
  Class 3 vs. 4         5.034      0.025        1
  Class 3 vs. 5       161.025      0.000        1
  Class 4 vs. 5       103.212      0.000        1

GA32I
  Overall test      11886.743      0.000        4
  Class 1 vs. 2      1359.190      0.000        1
  Class 1 vs. 3        52.376      0.000        1
  Class 1 vs. 4        22.760      0.000        1
  Class 1 vs. 5         0.756      0.384        1
  Class 2 vs. 3      2323.879      0.000        1
  Class 2 vs. 4      2779.152      0.000        1
  Class 2 vs. 5      5381.147      0.000        1
  Class 3 vs. 4        16.808      0.000        1
  Class 3 vs. 5       154.212      0.000        1
  Class 4 vs. 5        64.133      0.000        1

GA32K
  Overall test        174.347      0.000        4
  Class 1 vs. 2         0.132      0.716        1
  Class 1 vs. 3        31.083      0.000        1
  Class 1 vs. 4        24.329      0.000        1
  Class 1 vs. 5        43.911      0.000        1
  Class 2 vs. 3        45.601      0.000        1
  Class 2 vs. 4        12.955      0.000        1
  Class 2 vs. 5        21.432      0.000        1
  Class 3 vs. 4         6.316      0.012        1
  Class 3 vs. 5        86.855      0.000        1
  Class 4 vs. 5       124.115      0.000        1

GA32L
  Overall test        145.413      0.000        4
  Class 1 vs. 2         0.263      0.608        1
  Class 1 vs. 3        40.929      0.000        1
  Class 1 vs. 4        32.858      0.000        1
  Class 1 vs. 5        30.112      0.000        1
  Class 2 vs. 3        35.813      0.000        1
  Class 2 vs. 4        12.611      0.000        1
  Class 2 vs. 5        19.925      0.000        1
  Class 3 vs. 4         2.759      0.097        1
  Class 3 vs. 5        83.269      0.000        1
  Class 4 vs. 5        91.175      0.000        1

GA33A
  Overall test        226.882      0.000        4
  Class 1 vs. 2         0.295      0.587        1
  Class 1 vs. 3        30.167      0.000        1
  Class 1 vs. 4        20.392      0.000        1
  Class 1 vs. 5        40.739      0.000        1
  Class 2 vs. 3        23.702      0.000        1
  Class 2 vs. 4        29.877      0.000        1
  Class 2 vs. 5        58.388      0.000        1
  Class 3 vs. 4       117.231      0.000        1
  Class 3 vs. 5       186.810      0.000        1
  Class 4 vs. 5         6.795      0.009        1

GA33H
  Overall test        192.792      0.000        4
  Class 1 vs. 2         7.790      0.005        1
  Class 1 vs. 3        76.808      0.000        1
  Class 1 vs. 4        12.109      0.001        1
  Class 1 vs. 5        21.702      0.000        1
  Class 2 vs. 3        28.636      0.000        1
  Class 2 vs. 4        32.207      0.000        1
  Class 2 vs. 5        48.611      0.000        1
  Class 3 vs. 4        65.271      0.000        1
  Class 3 vs. 5       113.898      0.000        1
  Class 4 vs. 5         0.467      0.494        1

GA33I
  Overall test        274.321      0.000        4
  Class 1 vs. 2        10.383      0.001        1
  Class 1 vs. 3       103.421      0.000        1
  Class 1 vs. 4         1.562      0.211        1
  Class 1 vs. 5        13.759      0.000        1
  Class 2 vs. 3         0.032      0.857        1
  Class 2 vs. 4        12.090      0.001        1
  Class 2 vs. 5        29.643      0.000        1
  Class 3 vs. 4        99.722      0.000        1
  Class 3 vs. 5       105.381      0.000        1
  Class 4 vs. 5         4.651      0.031        1

GA33K
  Overall test        107.567      0.000        4
  Class 1 vs. 2         2.828      0.093        1
  Class 1 vs. 3        33.095      0.000        1
  Class 1 vs. 4        27.617      0.000        1
  Class 1 vs. 5         5.812      0.016        1
  Class 2 vs. 3        74.969      0.000        1
  Class 2 vs. 4         7.924      0.005        1
  Class 2 vs. 5         4.153      0.042        1
  Class 3 vs. 4        75.482      0.000        1
  Class 3 vs. 5        13.344      0.000        1
  Class 4 vs. 5         1.955      0.162        1

GA33L
  Overall test       7285.276      0.000        4
  Class 1 vs. 2         1.910      0.167        1
  Class 1 vs. 3        35.585      0.000        1
  Class 1 vs. 4        27.962      0.000        1
  Class 1 vs. 5      2699.514      0.000        1
  Class 2 vs. 3        81.551      0.000        1
  Class 2 vs. 4        12.911      0.000        1
  Class 2 vs. 5      1914.701      0.000        1
  Class 3 vs. 4        91.505      0.000        1
  Class 3 vs. 5      2739.795      0.000        1
  Class 4 vs. 5       816.479      0.000        1


LATENT CLASS INDICATOR ODDS RATIOS FOR THE LATENT CLASSES

                                                95% C.I.
                    Estimate       S.E.  Lower 2.5% Upper 2.5%

Latent Class 1 Compared to Latent Class 2

 GA32A
    Category > 1       0.594      0.178      0.330      1.069
 GA32H
    Category > 1       0.252      0.103      0.113      0.562
 GA32I
    Category > 1       0.000      0.000      0.000      0.000
 GA32K
    Category > 1       1.182      0.545      0.479      2.917
 GA32L
    Category > 1       0.755      0.413      0.258      2.208
 GA33A
    Category > 1       0.831      0.283      0.427      1.619
 GA33H
    Category > 1       0.340      0.131      0.159      0.725
 GA33I
    Category > 1       0.032      0.034      0.004      0.259
 GA33K
    Category > 1       2.067      0.893      0.887      4.820
 GA33L
    Category > 1       1.897      0.879      0.765      4.704

Latent Class 1 Compared to Latent Class 3

 GA32A
    Category > 1       0.186      0.044      0.117      0.295
 GA32H
    Category > 1       0.034      0.012      0.016      0.070
 GA32I
    Category > 1       0.021      0.011      0.007      0.060
 GA32K
    Category > 1       0.042      0.024      0.014      0.129
 GA32L
    Category > 1       0.025      0.014      0.008      0.077
 GA33A
    Category > 1       0.175      0.055      0.094      0.326
 GA33H
    Category > 1       0.056      0.018      0.029      0.106
 GA33I
    Category > 1       0.039      0.012      0.021      0.072
 GA33K
    Category > 1       0.053      0.027      0.020      0.145
 GA33L
    Category > 1       0.072      0.032      0.030      0.171

Latent Class 1 Compared to Latent Class 4

 GA32A
    Category > 1       0.269      0.076      0.154      0.469
 GA32H
    Category > 1       0.091      0.033      0.044      0.185
 GA32I
    Category > 1       0.090      0.046      0.034      0.242
 GA32K
    Category > 1       0.192      0.064      0.100      0.370
 GA32L
    Category > 1       0.077      0.034      0.032      0.185
 GA33A
    Category > 1       3.746      1.096      2.112      6.646
 GA33H
    Category > 1       8.514      5.240      2.548     28.446
 GA33I
    Category > 1       1.765      0.803      0.724      4.306
 GA33K
    Category > 1       8.693      3.577      3.881     19.474
 GA33L
    Category > 1      13.828      6.869      5.223     36.611

Latent Class 1 Compared to Latent Class 5

 GA32A
    Category > 1       1.786      0.459      1.079      2.954
 GA32H
    Category > 1       3.436      1.150      1.782      6.622
 GA32I
    Category > 1       1.485      0.676      0.609      3.622
 GA32K
    Category > 1      11.730      4.358      5.663     24.298
 GA32L
    Category > 1      16.409      8.366      6.041     44.574
 GA33A
    Category > 1       7.246      2.248      3.944     13.312
 GA33H
    Category > 1      14.273      8.145      4.664     43.679
 GA33I
    Category > 1       6.842      3.547      2.477     18.900
 GA33K
    Category > 1     175.098    375.154      2.627  11669.353
 GA33L
    Category > 1   *********      0.000  *********  *********

Latent Class 2 Compared to Latent Class 3

 GA32A
    Category > 1       0.313      0.079      0.191      0.512
 GA32H
    Category > 1       0.134      0.054      0.061      0.296
 GA32I
    Category > 1   *********      0.000  *********  *********
 GA32K
    Category > 1       0.036      0.018      0.014      0.094
 GA32L
    Category > 1       0.033      0.019      0.011      0.100
 GA33A
    Category > 1       0.210      0.067      0.112      0.394
 GA33H
    Category > 1       0.165      0.055      0.085      0.319
 GA33I
    Category > 1       1.217      1.332      0.143     10.400
 GA33K
    Category > 1       0.026      0.011      0.011      0.059
 GA33L
    Category > 1       0.038      0.014      0.019      0.077

Latent Class 2 Compared to Latent Class 4

 GA32A
    Category > 1       0.453      0.137      0.251      0.819
 GA32H
    Category > 1       0.360      0.181      0.134      0.963
 GA32I
    Category > 1   *********      0.000  *********  *********
 GA32K
    Category > 1       0.163      0.082      0.061      0.437
 GA32L
    Category > 1       0.102      0.065      0.029      0.359
 GA33A
    Category > 1       4.507      1.241      2.627      7.732
 GA33H
    Category > 1      25.072     14.233      8.240     76.282
 GA33I
    Category > 1      55.525     64.145      5.769    534.390
 GA33K
    Category > 1       4.205      2.145      1.547     11.430
 GA33L
    Category > 1       7.289      4.030      2.467     21.541

Latent Class 2 Compared to Latent Class 5

 GA32A
    Category > 1       3.006      0.807      1.775      5.089
 GA32H
    Category > 1      13.622      5.563      6.118     30.329
 GA32I
    Category > 1   *********      0.000  *********  *********
 GA32K
    Category > 1       9.921      4.918      3.755     26.211
 GA32L
    Category > 1      21.728     14.986      5.623     83.965
 GA33A
    Category > 1       8.717      2.470      5.002     15.190
 GA33H
    Category > 1      42.031     22.537     14.695    120.222
 GA33I
    Category > 1     215.174    212.286     31.117   1487.921
 GA33K
    Category > 1      84.692    184.484      1.185   6053.958
 GA33L
    Category > 1   *********      0.000  *********  *********

Latent Class 3 Compared to Latent Class 4

 GA32A
    Category > 1       1.449      0.336      0.920      2.281
 GA32H
    Category > 1       2.684      1.181      1.133      6.361
 GA32I
    Category > 1       4.253      1.502      2.129      8.498
 GA32K
    Category > 1       4.545      2.738      1.395     14.802
 GA32L
    Category > 1       3.102      2.114      0.816     11.797
 GA33A
    Category > 1      21.448      6.073     12.313     37.360
 GA33H
    Category > 1     152.396     94.816     45.017    515.907
 GA33I
    Category > 1      45.607     17.446     21.548     96.528
 GA33K
    Category > 1     162.665     95.331     51.574    513.047
 GA33L
    Category > 1     191.435    105.156     65.230    561.824

Latent Class 3 Compared to Latent Class 5

 GA32A
    Category > 1       9.613      1.920      6.500     14.219
 GA32H
    Category > 1     101.632     37.013     49.777    207.507
 GA32I
    Category > 1      69.995     23.946     35.798    136.860
 GA32K
    Category > 1     277.096    167.227     84.903    904.353
 GA32L
    Category > 1     662.779    471.850    164.197   2675.302
 GA33A
    Category > 1      41.485     11.307     24.316     70.779
 GA33H
    Category > 1     255.481    132.696     92.308    707.096
 GA33I
    Category > 1     176.738     89.091     65.803    474.696
 GA33K
    Category > 1    3276.372   7259.993     42.581  *********
 GA33L
    Category > 1   *********      0.000  *********  *********

Latent Class 4 Compared to Latent Class 5

 GA32A
    Category > 1       6.635      1.591      4.147     10.615
 GA32H
    Category > 1      37.860     13.542     18.781     76.322
 GA32I
    Category > 1      16.456      5.755      8.292     32.660
 GA32K
    Category > 1      60.969     22.495     29.584    125.652
 GA32L
    Category > 1     213.657    120.032     71.040    642.585
 GA33A
    Category > 1       1.934      0.490      1.178      3.176
 GA33H
    Category > 1       1.676      1.268      0.381      7.379
 GA33I
    Category > 1       3.875      2.434      1.131     13.273
 GA33K
    Category > 1      20.142     43.255      0.299   1355.517
 GA33L
    Category > 1   *********      0.000  *********  *********


RESIDUAL OUTPUT


     RESIDUAL OUTPUT IS NOT AVAILABLE FOR THIS MODEL.  ADDITIONAL OUTPUT FOR
     CATEGORICAL, COUNT, AND NOMINAL VARIABLES MAY BE AVAILABLE USING TECH10.


TECHNICAL 11 OUTPUT

     Random Starts Specifications for the k-1 Class Analysis Model
        Number of initial stage random starts                 500
        Number of final stage optimizations                   100



     VUONG-LO-MENDELL-RUBIN LIKELIHOOD RATIO TEST FOR 4 (H0) VERSUS 5 CLASSES

          H0 Loglikelihood Value                        -7905.535
          2 Times the Loglikelihood Difference            120.188
          Difference in the Number of Parameters               11
          Mean                                             12.081
          Standard Deviation                               33.221
          P-Value                                          0.0066

     LO-MENDELL-RUBIN ADJUSTED LRT TEST

          Value                                           118.717
          P-Value                                          0.0069


TECHNICAL 14 OUTPUT

     Random Starts Specifications for the k-1 Class Analysis Model
        Number of initial stage random starts                 500
        Number of final stage optimizations                   100

     Random Starts Specification for the k-1 Class Model for Generated Data
        Number of initial stage random starts                   0
        Number of final stage optimizations for the
           initial stage random starts                          0
     Random Starts Specification for the k Class Model for Generated Data
        Number of initial stage random starts                  40
        Number of final stage optimizations                     8
     Number of bootstrap draws requested                   Varies


     PARAMETRIC BOOTSTRAPPED LIKELIHOOD RATIO TEST FOR 4 (H0) VERSUS 5 CLASSES

          H0 Loglikelihood Value                        -7905.535
          2 Times the Loglikelihood Difference            120.188
          Difference in the Number of Parameters               11
          Approximate P-Value                              0.0000
          Successful Bootstrap Draws                            5


     Beginning Time:  11:42:07
        Ending Time:  11:42:24
       Elapsed Time:  00:00:17



MUTHEN & MUTHEN
3463 Stoner Ave.
Los Angeles, CA  90066

Tel: (310) 391-9971
Fax: (310) 391-8971
Web: www.StatModel.com
Support: Support@StatModel.com

Copyright (c) 1998-2025 Muthen & Muthen
