Mplus VERSION 9
MUTHEN & MUTHEN
11/11/2025  11:39 AM

INPUT INSTRUCTIONS

  TITLE:
  Class 6 Time 1
  DATA:
  FILE = "C:/Users/dnajiarch/Box/LTA/ML 3 Step in LTA/step_1/t1/t1.dat";
  VARIABLE:
  NAMES = CASENUM COHORT AB39A GA32A KA46A AB39B AB39C AB39D AB39E AB39F AB39G AB39H
       GA32H KA46H AB39I GA32I KA46I AB39J AB39K GA32K KA46K AB39L GA32L KA46L AB39M
       GA33A KA47A AB39N AB39O AB39P AB39Q AB39R AB39S AB39T GA33H KA47H AB39U GA33I
       KA47I AB39V AB39W GA33K KA47K AB39X GA33L KA47L SCIENCEG7 SCIG8 SCIG11 MTH7
       SCI7 SCI8 MOTHED FATHED PEDUC PEDUC3 RSEDAN RSEDAN6 RSEDAN5 RBACC RMAJFIRST
       RMAJFIRST2 RMAJLAST2 RMAJLAST RGRADMAJ RGRADMAJ10 RSTEMM RSTEMMX RSTEMMB
       RSTEMMA WEIGHT7 WEIGHT8 WEIGHT9 WEIGHT10 WEIGHT11 WEIGHT12 WEIGHTP1 WEIGHTP2
       WEIGHTP4 WGT12A WEIGHTR GENDER RACETH3 RACETH MINORITY STEM STEMSUP ENGINEER
       MATHG7 MATHG8 MATHG10 MATHG11 MATHG12 FEMALE;
   MISSING=.;
   categorical = AB39A AB39H AB39I AB39K AB39L AB39M AB39T AB39U AB39W AB39X;
  usevar = AB39A AB39H AB39I AB39K AB39L AB39M AB39T AB39U AB39W AB39X;

  classes = c(6);
  ANALYSIS:
  estimator = mlr;
      type = mixture;
      starts = 500 100;
      processors = 12;
  OUTPUT:
  sampstat residual tech11 tech14;



*** WARNING in OUTPUT command
  SAMPSTAT option is not available when all outcomes are censored, ordered
  categorical, unordered categorical (nominal), count or continuous-time
  survival variables.  Request for SAMPSTAT is ignored.
*** WARNING
  Data set contains cases with missing on all variables.
  These cases were not included in the analysis.
  Number of cases with missing on all variables:  26
   2 WARNING(S) FOUND IN THE INPUT INSTRUCTIONS




Class 6 Time 1

SUMMARY OF ANALYSIS

Number of groups                                                 1
Number of observations                                        1886

Number of dependent variables                                   10
Number of independent variables                                  0
Number of continuous latent variables                            0
Number of categorical latent variables                           1

Observed dependent variables

  Binary and ordered categorical (ordinal)
   AB39A       AB39H       AB39I       AB39K       AB39L       AB39M
   AB39T       AB39U       AB39W       AB39X

Categorical latent variables
   C


Estimator                                                      MLR
Information matrix                                        OBSERVED
Optimization Specifications for the Quasi-Newton Algorithm for
Continuous Outcomes
  Maximum number of iterations                                 100
  Convergence criterion                                  0.100D-05
Optimization Specifications for the EM Algorithm
  Maximum number of iterations                                 500
  Convergence criteria
    Loglikelihood change                                 0.100D-06
    Relative loglikelihood change                        0.100D-06
    Derivative                                           0.100D-05
Optimization Specifications for the M step of the EM Algorithm for
Categorical Latent Variables
  Number of M step iterations                                    1
  M step convergence criterion                           0.100D-05
  Basis for M step termination                           ITERATION
Optimization Specifications for the M step of the EM Algorithm for
Censored, Binary or Ordered Categorical (Ordinal), Unordered
Categorical (Nominal) and Count Outcomes
  Number of M step iterations                                    1
  M step convergence criterion                           0.100D-05
  Basis for M step termination                           ITERATION
  Maximum value for logit thresholds                            15
  Minimum value for logit thresholds                           -15
  Minimum expected cell size for chi-square              0.100D-01
Maximum number of iterations for H1                           2000
Convergence criterion for H1                             0.100D-03
Optimization algorithm                                         EMA
Random Starts Specifications
  Number of initial stage random starts                        500
  Number of final stage optimizations                          100
  Number of initial stage iterations                            10
  Initial stage convergence criterion                    0.100D+01
  Random starts scale                                    0.500D+01
  Random seed for generating random starts                       0
Link                                                         LOGIT

Input data file(s)
  C:/Users/dnajiarch/Box/LTA/ML 3 Step in LTA/step_1/t1/t1.dat
Input data format  FREE


SUMMARY OF DATA

     Number of missing data patterns            32
     Number of y missing data patterns           0
     Number of u missing data patterns          32


COVARIANCE COVERAGE OF DATA

Minimum covariance coverage value   0.100


     PROPORTION OF DATA PRESENT FOR U


           Covariance Coverage
              AB39A         AB39H         AB39I         AB39K         AB39L
              ________      ________      ________      ________      ________
 AB39A          0.998
 AB39H          0.980         0.981
 AB39I          0.978         0.964         0.979
 AB39K          0.982         0.968         0.966         0.983
 AB39L          0.984         0.969         0.968         0.972         0.985
 AB39M          0.992         0.976         0.975         0.978         0.980
 AB39T          0.975         0.960         0.957         0.961         0.964
 AB39U          0.980         0.964         0.963         0.966         0.968
 AB39W          0.984         0.968         0.966         0.970         0.972
 AB39X          0.992         0.976         0.975         0.978         0.980


           Covariance Coverage
              AB39M         AB39T         AB39U         AB39W         AB39X
              ________      ________      ________      ________      ________
 AB39M          0.993
 AB39T          0.972         0.976
 AB39U          0.976         0.963         0.981
 AB39W          0.980         0.967         0.971         0.985
 AB39X          0.988         0.974         0.980         0.983         0.993


UNIVARIATE PROPORTIONS AND COUNTS FOR CATEGORICAL VARIABLES

    AB39A
      Category 1    0.312          587.000
      Category 2    0.688         1295.000
    AB39H
      Category 1    0.278          515.000
      Category 2    0.722         1336.000
    AB39I
      Category 1    0.347          641.000
      Category 2    0.653         1206.000
    AB39K
      Category 1    0.232          430.000
      Category 2    0.768         1424.000
    AB39L
      Category 1    0.249          462.000
      Category 2    0.751         1395.000
    AB39M
      Category 1    0.376          705.000
      Category 2    0.624         1168.000
    AB39T
      Category 1    0.602         1107.000
      Category 2    0.398          733.000
    AB39U
      Category 1    0.508          939.000
      Category 2    0.492          911.000
    AB39W
      Category 1    0.600         1115.000
      Category 2    0.400          742.000
    AB39X
      Category 1    0.536         1003.000
      Category 2    0.464          870.000


RANDOM STARTS RESULTS RANKED FROM THE BEST TO THE WORST LOGLIKELIHOOD VALUES

Final stage loglikelihood values at local maxima, seeds, and initial stage start numbers:

           -9915.148  253358           2
           -9915.148  802682           419
           -9915.148  625191           350
           -9915.148  514326           325
           -9915.148  27071            15
           -9915.148  281462           285
           -9915.148  188498           258
           -9915.148  871722           355
           -9915.148  576596           99
           -9915.148  652266           490
           -9915.148  396795           323
           -9915.148  217130           443
           -9915.148  973369           202
           -9915.148  972873           157
           -9915.148  181293           212
           -9915.148  364676           27
           -9915.148  124999           96
           -9915.148  131856           90
           -9915.148  136842           58
           -9915.148  282464           283
           -9915.148  350608           334
           -9915.148  238906           430
           -9915.148  790059           469
           -9915.148  655497           376
           -9915.148  298275           418
           -9915.148  471040           403
           -9915.148  195353           225
           -9915.148  926283           269
           -9915.778  303634           169
           -9916.234  407168           44
           -9916.262  802256           477
           -9917.305  93468            3
           -9930.769  903369           134
           -9943.410  319144           176
           -9943.410  369602           146
           -9943.410  193042           316
           -9943.410  318230           46
           -9943.410  107446           12
           -9947.593  247224           94
           -9949.790  903420           5
           -9949.790  391179           78
           -9949.790  823392           479

58 perturbed starting value run(s) did not converge or were rejected in the third stage.



THE BEST LOGLIKELIHOOD VALUE HAS BEEN REPLICATED.  RERUN WITH AT LEAST TWICE THE
RANDOM STARTS TO CHECK THAT THE BEST LOGLIKELIHOOD IS STILL OBTAINED AND REPLICATED.

     IN THE OPTIMIZATION, ONE OR MORE LOGIT THRESHOLDS APPROACHED EXTREME VALUES
     OF -15.000 AND 15.000 AND WERE FIXED TO STABILIZE MODEL ESTIMATION.  THESE
     VALUES IMPLY PROBABILITIES OF 0 AND 1.  IN THE MODEL RESULTS SECTION, THESE
     PARAMETERS HAVE 0 STANDARD ERRORS AND 999 IN THE Z-SCORE AND P-VALUE COLUMNS.




THE MODEL ESTIMATION TERMINATED NORMALLY



MODEL FIT INFORMATION

Number of Free Parameters                       65

Loglikelihood

          H0 Value                       -9915.148
          H0 Scaling Correction Factor      1.1407
            for MLR

Information Criteria

          Akaike (AIC)                   19960.297
          Bayesian (BIC)                 20320.541
          Sample-Size Adjusted BIC       20114.036
            (n* = (n + 2) / 24)

Chi-Square Test of Model Fit for the Binary and Ordered Categorical
(Ordinal) Outcomes**

          Pearson Chi-Square

          Value                           1679.544
          Degrees of Freedom                   935
          P-Value                           0.0000

          Likelihood Ratio Chi-Square

          Value                            974.170
          Degrees of Freedom                   935
          P-Value                           0.1817

** Of the 9062 cells in the latent class indicator table, 23
   were deleted in the calculation of chi-square due to extreme values.

Chi-Square Test for MCAR under the Unrestricted Latent Class Indicator Model

          Pearson Chi-Square

          Value                           2193.574
          Degrees of Freedom                  8007
          P-Value                           1.0000

          Likelihood Ratio Chi-Square

          Value                            701.391
          Degrees of Freedom                  8007
          P-Value                           1.0000



FINAL CLASS COUNTS AND PROPORTIONS FOR THE LATENT CLASSES
BASED ON THE ESTIMATED MODEL

    Latent
   Classes

       1        445.28195          0.23610
       2        220.12874          0.11672
       3        428.90361          0.22741
       4        179.83048          0.09535
       5        326.90779          0.17333
       6        284.94744          0.15109


FINAL CLASS COUNTS AND PROPORTIONS FOR THE LATENT CLASSES
BASED ON ESTIMATED POSTERIOR PROBABILITIES

    Latent
   Classes

       1        445.28195          0.23610
       2        220.12874          0.11672
       3        428.90361          0.22741
       4        179.83048          0.09535
       5        326.90779          0.17333
       6        284.94744          0.15109


FINAL CLASS COUNTS AND PROPORTIONS FOR THE LATENT CLASSES
BASED ON THEIR MOST LIKELY LATENT CLASS MEMBERSHIP

Class Counts and Proportions

    Latent
   Classes

       1              455          0.24125
       2              242          0.12831
       3              430          0.22800
       4              182          0.09650
       5              274          0.14528
       6              303          0.16066


CLASSIFICATION QUALITY

     Entropy                         0.767


Average Latent Class Probabilities for Most Likely Latent Class Membership (Row)
by Latent Class (Column)

           1        2        3        4        5        6

    1   0.922    0.015    0.004    0.003    0.055    0.001
    2   0.032    0.754    0.093    0.000    0.121    0.000
    3   0.003    0.053    0.829    0.022    0.051    0.042
    4   0.013    0.000    0.047    0.823    0.065    0.053
    5   0.052    0.029    0.034    0.015    0.844    0.026
    6   0.000    0.001    0.099    0.051    0.025    0.824


Classification Probabilities for the Most Likely Latent Class Membership (Column)
by Latent Class (Row)

           1        2        3        4        5        6

    1   0.942    0.018    0.003    0.005    0.032    0.000
    2   0.031    0.829    0.103    0.000    0.036    0.001
    3   0.005    0.052    0.832    0.020    0.022    0.070
    4   0.006    0.001    0.052    0.832    0.023    0.086
    5   0.077    0.089    0.067    0.036    0.707    0.023
    6   0.001    0.000    0.064    0.034    0.025    0.877


Logits for the Classification Probabilities for the Most Likely Latent Class Membership (Column)
by Latent Class (Row)

              1        2        3        4        5        6

    1     13.756    9.779    7.908    8.569   10.382    0.000
    2      3.360    6.636    4.551   -6.991    3.500    0.000
    3     -2.719   -0.292    2.476   -1.263   -1.159    0.000
    4     -2.590   -4.889   -0.489    2.276   -1.332    0.000
    5      1.197    1.345    1.056    0.447    3.415    0.000
    6     -6.689   -8.281   -2.622   -3.260   -3.571    0.000


MODEL RESULTS

                                                    Two-Tailed
                    Estimate       S.E.  Est./S.E.    P-Value

Latent Class 1

 Thresholds
    AB39A$1           -1.737      0.162    -10.747      0.000
    AB39H$1           -3.413      0.544     -6.280      0.000
    AB39I$1           -4.244      1.161     -3.656      0.000
    AB39K$1           -3.553      0.396     -8.971      0.000
    AB39L$1           -4.624      1.240     -3.728      0.000
    AB39M$1           -2.224      0.227     -9.815      0.000
    AB39T$1           -2.295      0.373     -6.152      0.000
    AB39U$1           -2.704      0.302     -8.945      0.000
    AB39W$1           -4.038      2.409     -1.676      0.094
    AB39X$1           -2.816      0.522     -5.399      0.000

Latent Class 2

 Thresholds
    AB39A$1           -1.495      0.246     -6.083      0.000
    AB39H$1           -3.190      0.716     -4.456      0.000
    AB39I$1          -15.000      0.000    999.000    999.000
    AB39K$1           -1.351      0.300     -4.508      0.000
    AB39L$1          -15.000      0.000    999.000    999.000
    AB39M$1           -1.405      0.509     -2.761      0.006
    AB39T$1            0.068      0.358      0.189      0.850
    AB39U$1           -1.116      0.307     -3.641      0.000
    AB39W$1            3.217      5.430      0.593      0.553
    AB39X$1           -0.199      0.406     -0.491      0.623

Latent Class 3

 Thresholds
    AB39A$1           -0.767      0.172     -4.465      0.000
    AB39H$1           -2.072      0.383     -5.417      0.000
    AB39I$1           -0.646      0.254     -2.545      0.011
    AB39K$1           -2.206      0.306     -7.204      0.000
    AB39L$1           -2.112      0.449     -4.706      0.000
    AB39M$1            0.537      0.153      3.498      0.000
    AB39T$1            3.151      0.793      3.974      0.000
    AB39U$1            1.462      0.376      3.890      0.000
    AB39W$1            2.113      0.348      6.080      0.000
    AB39X$1            4.826      6.800      0.710      0.478

Latent Class 4

 Thresholds
    AB39A$1           -0.207      0.222     -0.931      0.352
    AB39H$1           -0.270      0.247     -1.091      0.275
    AB39I$1           -0.864      0.368     -2.348      0.019
    AB39K$1            0.154      0.265      0.580      0.562
    AB39L$1           15.000      0.000    999.000    999.000
    AB39M$1           -0.986      0.228     -4.321      0.000
    AB39T$1            0.272      0.275      0.991      0.322
    AB39U$1           -0.594      0.297     -2.000      0.045
    AB39W$1            0.536      0.370      1.446      0.148
    AB39X$1            1.179      0.578      2.038      0.042

Latent Class 5

 Thresholds
    AB39A$1           -0.614      0.202     -3.035      0.002
    AB39H$1           -0.328      0.176     -1.865      0.062
    AB39I$1            0.381      0.282      1.352      0.176
    AB39K$1           -1.463      0.221     -6.616      0.000
    AB39L$1           -2.677      1.241     -2.157      0.031
    AB39M$1           -0.651      0.291     -2.233      0.026
    AB39T$1            0.351      0.311      1.127      0.260
    AB39U$1            0.265      0.275      0.962      0.336
    AB39W$1           -0.212      0.353     -0.601      0.548
    AB39X$1           -1.521      0.476     -3.194      0.001

Latent Class 6

 Thresholds
    AB39A$1            0.102      0.145      0.706      0.480
    AB39H$1            1.726      0.428      4.030      0.000
    AB39I$1            2.086      0.389      5.357      0.000
    AB39K$1            0.549      0.235      2.333      0.020
    AB39L$1            1.205      0.361      3.343      0.001
    AB39M$1            0.723      0.193      3.754      0.000
    AB39T$1            3.336      0.704      4.741      0.000
    AB39U$1            3.720      1.385      2.687      0.007
    AB39W$1            2.926      0.423      6.921      0.000
    AB39X$1            2.576      0.433      5.944      0.000

Categorical Latent Variables

 Means
    C#1                0.446      0.210      2.127      0.033
    C#2               -0.258      0.434     -0.594      0.552
    C#3                0.409      0.207      1.978      0.048
    C#4               -0.460      0.319     -1.443      0.149
    C#5                0.137      0.216      0.635      0.525


QUALITY OF NUMERICAL RESULTS

     Condition Number for the Information Matrix              0.133E-03
       (ratio of smallest to largest eigenvalue)


LATENT CLASS INDICATOR MEANS AND PROBABILITIES FOR EACH LATENT CLASS

     MEAN/PROBABILITY PROFILES FOR C
                       Latent class
                     1      2      3      4      5      6
     AB39A
       Category 1  0.150  0.183  0.317  0.448  0.351  0.526
       Category 2  0.850  0.817  0.683  0.552  0.649  0.474
     AB39H
       Category 1  0.032  0.040  0.112  0.433  0.419  0.849
       Category 2  0.968  0.960  0.888  0.567  0.581  0.151
     AB39I
       Category 1  0.014  0.000  0.344  0.297  0.594  0.890
       Category 2  0.986  1.000  0.656  0.703  0.406  0.110
     AB39K
       Category 1  0.028  0.206  0.099  0.538  0.188  0.634
       Category 2  0.972  0.794  0.901  0.462  0.812  0.366
     AB39L
       Category 1  0.010  0.000  0.108  1.000  0.064  0.769
       Category 2  0.990  1.000  0.892  0.000  0.936  0.231
     AB39M
       Category 1  0.098  0.197  0.631  0.272  0.343  0.673
       Category 2  0.902  0.803  0.369  0.728  0.657  0.327
     AB39T
       Category 1  0.092  0.517  0.959  0.568  0.587  0.966
       Category 2  0.908  0.483  0.041  0.432  0.413  0.034
     AB39U
       Category 1  0.063  0.247  0.812  0.356  0.566  0.976
       Category 2  0.937  0.753  0.188  0.644  0.434  0.024
     AB39W
       Category 1  0.017  0.961  0.892  0.631  0.447  0.949
       Category 2  0.983  0.039  0.108  0.369  0.553  0.051
     AB39X
       Category 1  0.056  0.450  0.992  0.765  0.179  0.929
       Category 2  0.944  0.550  0.008  0.235  0.821  0.071


RESULTS IN PROBABILITY SCALE

                                                    Two-Tailed
                    Estimate       S.E.  Est./S.E.    P-Value

Latent Class 1

 AB39A
    Category 1         0.150      0.021      7.275      0.000
    Category 2         0.850      0.021     41.334      0.000
 AB39H
    Category 1         0.032      0.017      1.900      0.057
    Category 2         0.968      0.017     57.697      0.000
 AB39I
    Category 1         0.014      0.016      0.874      0.382
    Category 2         0.986      0.016     60.890      0.000
 AB39K
    Category 1         0.028      0.011      2.597      0.009
    Category 2         0.972      0.011     90.693      0.000
 AB39L
    Category 1         0.010      0.012      0.814      0.416
    Category 2         0.990      0.012     82.967      0.000
 AB39M
    Category 1         0.098      0.020      4.892      0.000
    Category 2         0.902      0.020     45.204      0.000
 AB39T
    Category 1         0.092      0.031      2.951      0.003
    Category 2         0.908      0.031     29.284      0.000
 AB39U
    Category 1         0.063      0.018      3.529      0.000
    Category 2         0.937      0.018     52.724      0.000
 AB39W
    Category 1         0.017      0.041      0.422      0.673
    Category 2         0.983      0.041     23.947      0.000
 AB39X
    Category 1         0.056      0.028      2.032      0.042
    Category 2         0.944      0.028     33.963      0.000

Latent Class 2

 AB39A
    Category 1         0.183      0.037      4.980      0.000
    Category 2         0.817      0.037     22.213      0.000
 AB39H
    Category 1         0.040      0.027      1.454      0.146
    Category 2         0.960      0.027     35.319      0.000
 AB39I
    Category 1         0.000      0.000      0.000      1.000
    Category 2         1.000      0.000      0.000      1.000
 AB39K
    Category 1         0.206      0.049      4.202      0.000
    Category 2         0.794      0.049     16.220      0.000
 AB39L
    Category 1         0.000      0.000      0.000      1.000
    Category 2         1.000      0.000      0.000      1.000
 AB39M
    Category 1         0.197      0.081      2.448      0.014
    Category 2         0.803      0.081      9.974      0.000
 AB39T
    Category 1         0.517      0.090      5.775      0.000
    Category 2         0.483      0.090      5.397      0.000
 AB39U
    Category 1         0.247      0.057      4.331      0.000
    Category 2         0.753      0.057     13.220      0.000
 AB39W
    Category 1         0.961      0.201      4.782      0.000
    Category 2         0.039      0.201      0.192      0.848
 AB39X
    Category 1         0.450      0.100      4.485      0.000
    Category 2         0.550      0.100      5.474      0.000

Latent Class 3

 AB39A
    Category 1         0.317      0.037      8.521      0.000
    Category 2         0.683      0.037     18.352      0.000
 AB39H
    Category 1         0.112      0.038      2.943      0.003
    Category 2         0.888      0.038     23.379      0.000
 AB39I
    Category 1         0.344      0.057      6.003      0.000
    Category 2         0.656      0.057     11.454      0.000
 AB39K
    Category 1         0.099      0.027      3.625      0.000
    Category 2         0.901      0.027     32.918      0.000
 AB39L
    Category 1         0.108      0.043      2.498      0.012
    Category 2         0.892      0.043     20.640      0.000
 AB39M
    Category 1         0.631      0.036     17.660      0.000
    Category 2         0.369      0.036     10.323      0.000
 AB39T
    Category 1         0.959      0.031     30.721      0.000
    Category 2         0.041      0.031      1.315      0.188
 AB39U
    Category 1         0.812      0.057     14.141      0.000
    Category 2         0.188      0.057      3.277      0.001
 AB39W
    Category 1         0.892      0.033     26.689      0.000
    Category 2         0.108      0.033      3.224      0.001
 AB39X
    Category 1         0.992      0.054     18.478      0.000
    Category 2         0.008      0.054      0.148      0.882

Latent Class 4

 AB39A
    Category 1         0.448      0.055      8.160      0.000
    Category 2         0.552      0.055     10.035      0.000
 AB39H
    Category 1         0.433      0.061      7.125      0.000
    Category 2         0.567      0.061      9.333      0.000
 AB39I
    Category 1         0.297      0.077      3.865      0.000
    Category 2         0.703      0.077      9.168      0.000
 AB39K
    Category 1         0.538      0.066      8.166      0.000
    Category 2         0.462      0.066      7.002      0.000
 AB39L
    Category 1         1.000      0.000      0.000      1.000
    Category 2         0.000      0.000      0.000      1.000
 AB39M
    Category 1         0.272      0.045      6.017      0.000
    Category 2         0.728      0.045     16.128      0.000
 AB39T
    Category 1         0.568      0.067      8.416      0.000
    Category 2         0.432      0.067      6.410      0.000
 AB39U
    Category 1         0.356      0.068      5.229      0.000
    Category 2         0.644      0.068      9.469      0.000
 AB39W
    Category 1         0.631      0.086      7.313      0.000
    Category 2         0.369      0.086      4.280      0.000
 AB39X
    Category 1         0.765      0.104      7.347      0.000
    Category 2         0.235      0.104      2.260      0.024

Latent Class 5

 AB39A
    Category 1         0.351      0.046      7.615      0.000
    Category 2         0.649      0.046     14.073      0.000
 AB39H
    Category 1         0.419      0.043      9.764      0.000
    Category 2         0.581      0.043     13.561      0.000
 AB39I
    Category 1         0.594      0.068      8.739      0.000
    Category 2         0.406      0.068      5.968      0.000
 AB39K
    Category 1         0.188      0.034      5.568      0.000
    Category 2         0.812      0.034     24.054      0.000
 AB39L
    Category 1         0.064      0.075      0.861      0.389
    Category 2         0.936      0.075     12.526      0.000
 AB39M
    Category 1         0.343      0.066      5.222      0.000
    Category 2         0.657      0.066     10.011      0.000
 AB39T
    Category 1         0.587      0.076      7.771      0.000
    Category 2         0.413      0.076      5.471      0.000
 AB39U
    Category 1         0.566      0.068      8.368      0.000
    Category 2         0.434      0.068      6.422      0.000
 AB39W
    Category 1         0.447      0.087      5.124      0.000
    Category 2         0.553      0.087      6.335      0.000
 AB39X
    Category 1         0.179      0.070      2.560      0.010
    Category 2         0.821      0.070     11.711      0.000

Latent Class 6

 AB39A
    Category 1         0.526      0.036     14.554      0.000
    Category 2         0.474      0.036     13.140      0.000
 AB39H
    Category 1         0.849      0.055     15.454      0.000
    Category 2         0.151      0.055      2.750      0.006
 AB39I
    Category 1         0.890      0.038     23.248      0.000
    Category 2         0.110      0.038      2.887      0.004
 AB39K
    Category 1         0.634      0.055     11.610      0.000
    Category 2         0.366      0.055      6.707      0.000
 AB39L
    Category 1         0.769      0.064     12.030      0.000
    Category 2         0.231      0.064      3.605      0.000
 AB39M
    Category 1         0.673      0.042     15.893      0.000
    Category 2         0.327      0.042      7.715      0.000
 AB39T
    Category 1         0.966      0.023     41.375      0.000
    Category 2         0.034      0.023      1.471      0.141
 AB39U
    Category 1         0.976      0.032     30.526      0.000
    Category 2         0.024      0.032      0.740      0.460
 AB39W
    Category 1         0.949      0.020     46.494      0.000
    Category 2         0.051      0.020      2.492      0.013
 AB39X
    Category 1         0.929      0.028     32.646      0.000
    Category 2         0.071      0.028      2.482      0.013


EQUALITY TESTS OF PROBABILITIES ACROSS THE LATENT CLASSES

                    Chi-Square     P-Value   Degrees of Freedom


AB39A
  Overall test        102.450      0.000        5
  Class 1 vs. 2         0.697      0.404        1
  Class 1 vs. 3        19.478      0.000        1
  Class 1 vs. 4        36.780      0.000        1
  Class 1 vs. 5        15.273      0.000        1
  Class 1 vs. 6        73.355      0.000        1
  Class 2 vs. 3         5.656      0.017        1
  Class 2 vs. 4        16.295      0.000        1
  Class 2 vs. 5         6.415      0.011        1
  Class 2 vs. 6        32.652      0.000        1
  Class 3 vs. 4         4.349      0.037        1
  Class 3 vs. 5         0.273      0.601        1
  Class 3 vs. 6        14.741      0.000        1
  Class 4 vs. 5         1.358      0.244        1
  Class 4 vs. 6         1.234      0.267        1
  Class 5 vs. 6         8.318      0.004        1

AB39H
  Overall test        143.781      0.000        5
  Class 1 vs. 2         0.064      0.800        1
  Class 1 vs. 3         3.974      0.046        1
  Class 1 vs. 4        34.156      0.000        1
  Class 1 vs. 5        33.134      0.000        1
  Class 1 vs. 6        62.091      0.000        1
  Class 2 vs. 3         1.920      0.166        1
  Class 2 vs. 4        14.109      0.000        1
  Class 2 vs. 5        14.840      0.000        1
  Class 2 vs. 6        36.516      0.000        1
  Class 3 vs. 4        15.541      0.000        1
  Class 3 vs. 5        19.013      0.000        1
  Class 3 vs. 6        80.636      0.000        1
  Class 4 vs. 5         0.041      0.840        1
  Class 4 vs. 6        17.979      0.000        1
  Class 5 vs. 6        22.388      0.000        1

AB39I
  Overall test       7042.865      0.000        5
  Class 1 vs. 2        85.879      0.000        1
  Class 1 vs. 3         9.457      0.002        1
  Class 1 vs. 4        10.174      0.001        1
  Class 1 vs. 5        18.599      0.000        1
  Class 1 vs. 6        29.845      0.000        1
  Class 2 vs. 3      3196.229      0.000        1
  Class 2 vs. 4      1477.338      0.000        1
  Class 2 vs. 5      2975.027      0.000        1
  Class 2 vs. 6      1925.779      0.000        1
  Class 3 vs. 4         0.228      0.633        1
  Class 3 vs. 5         9.594      0.002        1
  Class 3 vs. 6        46.981      0.000        1
  Class 4 vs. 5         9.456      0.002        1
  Class 4 vs. 6        37.951      0.000        1
  Class 5 vs. 6        15.086      0.000        1

AB39K
  Overall test        184.093      0.000        5
  Class 1 vs. 2        29.560      0.000        1
  Class 1 vs. 3         6.286      0.012        1
  Class 1 vs. 4        66.589      0.000        1
  Class 1 vs. 5        19.951      0.000        1
  Class 1 vs. 6        68.113      0.000        1
  Class 2 vs. 3         2.868      0.090        1
  Class 2 vs. 4        18.349      0.000        1
  Class 2 vs. 5         0.080      0.778        1
  Class 2 vs. 6        18.083      0.000        1
  Class 3 vs. 4        29.723      0.000        1
  Class 3 vs. 5         4.050      0.044        1
  Class 3 vs. 6        90.514      0.000        1
  Class 4 vs. 5        24.520      0.000        1
  Class 4 vs. 6         1.050      0.305        1
  Class 5 vs. 6        43.001      0.000        1

AB39L
  Overall test   22351131.173      0.000        5
  Class 1 vs. 2        69.971      0.000        1
  Class 1 vs. 3         3.336      0.068        1
  Class 1 vs. 4       250.293      0.000        1
  Class 1 vs. 5         1.351      0.245        1
  Class 1 vs. 6        20.399      0.000        1
  Class 2 vs. 3       824.969      0.000        1
  Class 2 vs. 4  ************      0.000        1
  Class 2 vs. 5        98.606      0.000        1
  Class 2 vs. 6      2020.610      0.000        1
  Class 3 vs. 4      1454.197      0.000        1
  Class 3 vs. 5         0.144      0.704        1
  Class 3 vs. 6        69.149      0.000        1
  Class 4 vs. 5       202.913      0.000        1
  Class 4 vs. 6      1464.269      0.000        1
  Class 5 vs. 6         7.880      0.005        1

AB39M
  Overall test        214.670      0.000        5
  Class 1 vs. 2         1.643      0.200        1
  Class 1 vs. 3        90.723      0.000        1
  Class 1 vs. 4        14.827      0.000        1
  Class 1 vs. 5        18.386      0.000        1
  Class 1 vs. 6       106.394      0.000        1
  Class 2 vs. 3        16.251      0.000        1
  Class 2 vs. 4         0.549      0.459        1
  Class 2 vs. 5         1.921      0.166        1
  Class 2 vs. 6        15.489      0.000        1
  Class 3 vs. 4        29.596      0.000        1
  Class 3 vs. 5        15.951      0.000        1
  Class 3 vs. 6         0.570      0.450        1
  Class 4 vs. 5         0.656      0.418        1
  Class 4 vs. 6        30.021      0.000        1
  Class 5 vs. 6        19.999      0.000        1

AB39T
  Overall test         84.989      0.000        5
  Class 1 vs. 2        15.136      0.000        1
  Class 1 vs. 3        29.522      0.000        1
  Class 1 vs. 4        36.092      0.000        1
  Class 1 vs. 5        31.629      0.000        1
  Class 1 vs. 6        58.441      0.000        1
  Class 2 vs. 3        18.260      0.000        1
  Class 2 vs. 4         0.196      0.658        1
  Class 2 vs. 5         0.407      0.523        1
  Class 2 vs. 6        18.238      0.000        1
  Class 3 vs. 4        10.323      0.001        1
  Class 3 vs. 5        14.220      0.000        1
  Class 3 vs. 6         0.033      0.856        1
  Class 4 vs. 5         0.028      0.868        1
  Class 4 vs. 6        17.705      0.000        1
  Class 5 vs. 6        20.539      0.000        1

AB39U
  Overall test        115.481      0.000        5
  Class 1 vs. 2        14.511      0.000        1
  Class 1 vs. 3        66.602      0.000        1
  Class 1 vs. 4        30.750      0.000        1
  Class 1 vs. 5        73.097      0.000        1
  Class 1 vs. 6        22.567      0.000        1
  Class 2 vs. 3        41.459      0.000        1
  Class 2 vs. 4         1.687      0.194        1
  Class 2 vs. 5        15.541      0.000        1
  Class 2 vs. 6        12.375      0.000        1
  Class 3 vs. 4        18.601      0.000        1
  Class 3 vs. 5         8.036      0.005        1
  Class 3 vs. 6         2.545      0.111        1
  Class 4 vs. 5         5.980      0.014        1
  Class 4 vs. 6        11.041      0.001        1
  Class 5 vs. 6         6.764      0.009        1

AB39W
  Overall test         99.531      0.000        5
  Class 1 vs. 2         1.157      0.282        1
  Class 1 vs. 3         7.013      0.008        1
  Class 1 vs. 4         3.420      0.064        1
  Class 1 vs. 5         2.601      0.107        1
  Class 1 vs. 6         8.229      0.004        1
  Class 2 vs. 3         0.038      0.846        1
  Class 2 vs. 4         0.252      0.616        1
  Class 2 vs. 5         0.385      0.535        1
  Class 2 vs. 6         0.003      0.957        1
  Class 3 vs. 4         7.260      0.007        1
  Class 3 vs. 5        38.915      0.000        1
  Class 3 vs. 6         2.389      0.122        1
  Class 4 vs. 5         1.483      0.223        1
  Class 4 vs. 6        15.716      0.000        1
  Class 5 vs. 6        46.022      0.000        1

AB39X
  Overall test        146.922      0.000        5
  Class 1 vs. 2        10.188      0.001        1
  Class 1 vs. 3         1.217      0.270        1
  Class 1 vs. 4        33.840      0.000        1
  Class 1 vs. 5         2.651      0.103        1
  Class 1 vs. 6        63.602      0.000        1
  Class 2 vs. 3         0.555      0.456        1
  Class 2 vs. 4         3.518      0.061        1
  Class 2 vs. 5         5.871      0.015        1
  Class 2 vs. 6        21.818      0.000        1
  Class 3 vs. 4         0.258      0.612        1
  Class 3 vs. 5         0.955      0.328        1
  Class 3 vs. 6         0.114      0.735        1
  Class 4 vs. 5         8.551      0.003        1
  Class 4 vs. 6         2.873      0.090        1
  Class 5 vs. 6        64.893      0.000        1


LATENT CLASS INDICATOR ODDS RATIOS FOR THE LATENT CLASSES

                                                95% C.I.
                    Estimate       S.E.  Lower 2.5% Upper 2.5%

Latent Class 1 Compared to Latent Class 2

 AB39A
    Category > 1       1.274      0.369      0.722      2.247
 AB39H
    Category > 1       1.250      1.100      0.223      7.016
 AB39I
    Category > 1       0.000      0.000      0.000      0.000
 AB39K
    Category > 1       9.046      3.664      4.089     20.010
 AB39L
    Category > 1       0.000      0.000      0.000      0.000
 AB39M
    Category > 1       2.269      1.450      0.648      7.938
 AB39T
    Category > 1      10.618      6.448      3.229     34.909
 AB39U
    Category > 1       4.894      2.040      2.162     11.078
 AB39W
    Category > 1    1415.128   9546.333      0.003  *********
 AB39X
    Category > 1      13.697     11.230      2.746     68.323

Latent Class 1 Compared to Latent Class 3

 AB39A
    Category > 1       2.638      0.580      1.715      4.058
 AB39H
    Category > 1       3.822      2.570      1.023     14.282
 AB39I
    Category > 1      36.514     42.718      3.687    361.659
 AB39K
    Category > 1       3.845      2.066      1.342     11.020
 AB39L
    Category > 1      12.336     16.968      0.832    182.816
 AB39M
    Category > 1      15.809      4.582      8.958     27.901
 AB39T
    Category > 1     231.822    232.359     32.506   1653.269
 AB39U
    Category > 1      64.465     32.909     23.702    175.332
 AB39W
    Category > 1     469.220   1089.864      4.946  44515.359
 AB39X
    Category > 1    2083.679  14434.700      0.003  *********

Latent Class 1 Compared to Latent Class 4

 AB39A
    Category > 1       4.620      1.166      2.817      7.576
 AB39H
    Category > 1      23.177     12.465      8.077     66.505
 AB39I
    Category > 1      29.376     31.131      3.681    234.449
 AB39K
    Category > 1      40.721     18.497     16.717     99.193
 AB39L
    Category > 1   *********      0.000  *********  *********
 AB39M
    Category > 1       3.448      1.108      1.836      6.473
 AB39T
    Category > 1      13.030      5.568      5.639     30.110
 AB39U
    Category > 1       8.249      3.139      3.913     17.391
 AB39W
    Category > 1      96.868    239.536      0.761  12333.432
 AB39X
    Category > 1      54.336     37.317     14.141    208.777

Latent Class 1 Compared to Latent Class 5

 AB39A
    Category > 1       3.074      0.883      1.750      5.399
 AB39H
    Category > 1      21.859     11.714      7.647     62.484
 AB39I
    Category > 1     102.026    109.420     12.468    834.871
 AB39K
    Category > 1       8.083      3.782      3.231     20.222
 AB39L
    Category > 1       7.007     11.738      0.263    186.814
 AB39M
    Category > 1       4.821      1.768      2.349      9.894
 AB39T
    Category > 1      14.096      6.632      5.606     35.446
 AB39U
    Category > 1      19.464      6.758      9.856     38.441
 AB39W
    Category > 1      45.851    108.767      0.439   4792.711
 AB39X
    Category > 1       3.654      2.908      0.768     17.385

Latent Class 1 Compared to Latent Class 6

 AB39A
    Category > 1       6.293      1.351      4.131      9.586
 AB39H
    Category > 1     170.610    111.276     47.514    612.618
 AB39I
    Category > 1     560.974    649.959     57.903   5434.823
 AB39K
    Category > 1      60.445     30.041     22.820    160.108
 AB39L
    Category > 1     340.078    438.912     27.101   4267.534
 AB39M
    Category > 1      19.038      5.438     10.876     33.325
 AB39T
    Category > 1     279.042    205.553     65.861   1182.252
 AB39U
    Category > 1     616.530    833.748     43.534   8731.228
 AB39W
    Category > 1    1057.699   2567.702      9.077  *********
 AB39X
    Category > 1     219.833    148.655     58.410    827.372

Latent Class 2 Compared to Latent Class 3

 AB39A
    Category > 1       2.071      0.634      1.137      3.773
 AB39H
    Category > 1       3.057      2.465      0.629     14.850
 AB39I
    Category > 1   *********      0.000  *********  *********
 AB39K
    Category > 1       0.425      0.215      0.158      1.144
 AB39L
    Category > 1   *********      0.000  *********  *********
 AB39M
    Category > 1       6.969      3.356      2.712     17.910
 AB39T
    Category > 1      21.834     15.755      5.308     89.814
 AB39U
    Category > 1      13.173      5.275      6.010     28.876
 AB39W
    Category > 1       0.332      1.883      0.000  22575.748
 AB39X
    Category > 1     152.130   1026.437      0.000  *********

Latent Class 2 Compared to Latent Class 4

 AB39A
    Category > 1       3.627      1.158      1.940      6.781
 AB39H
    Category > 1      18.539     14.411      4.040     85.070
 AB39I
    Category > 1   *********      0.000  *********  *********
 AB39K
    Category > 1       4.502      1.581      2.262      8.960
 AB39L
    Category > 1   *********      0.000  *********  *********
 AB39M
    Category > 1       1.520      0.858      0.502      4.598
 AB39T
    Category > 1       1.227      0.568      0.496      3.039
 AB39U
    Category > 1       1.686      0.678      0.767      3.707
 AB39W
    Category > 1       0.068      0.366      0.000   2428.342
 AB39X
    Category > 1       3.967      2.915      0.940     16.744

Latent Class 2 Compared to Latent Class 5

 AB39A
    Category > 1       2.414      0.840      1.220      4.773
 AB39H
    Category > 1      17.484     12.987      4.078     74.972
 AB39I
    Category > 1   *********      0.000  *********  *********
 AB39K
    Category > 1       0.894      0.356      0.409      1.951
 AB39L
    Category > 1   *********      0.000  *********  *********
 AB39M
    Category > 1       2.125      1.156      0.732      6.170
 AB39T
    Category > 1       1.328      0.590      0.556      3.170
 AB39U
    Category > 1       3.978      1.393      2.002      7.902
 AB39W
    Category > 1       0.032      0.179      0.000   1648.153
 AB39X
    Category > 1       0.267      0.145      0.092      0.777

Latent Class 2 Compared to Latent Class 6

 AB39A
    Category > 1       4.941      1.381      2.856      8.546
 AB39H
    Category > 1     136.468    111.022     27.703    672.249
 AB39I
    Category > 1   *********      0.000  *********  *********
 AB39K
    Category > 1       6.682      2.985      2.784     16.037
 AB39L
    Category > 1   *********      0.000  *********  *********
 AB39M
    Category > 1       8.392      4.536      2.909     24.209
 AB39T
    Category > 1      26.281     20.116      5.863    117.812
 AB39U
    Category > 1     125.989    173.209      8.513   1864.577
 AB39W
    Category > 1       0.747      4.077      0.000  32842.758
 AB39X
    Category > 1      16.050      9.538      5.008     51.441

Latent Class 3 Compared to Latent Class 4

 AB39A
    Category > 1       1.752      0.471      1.034      2.966
 AB39H
    Category > 1       6.064      2.773      2.475     14.858
 AB39I
    Category > 1       0.805      0.367      0.329      1.965
 AB39K
    Category > 1      10.590      4.584      4.534     24.738
 AB39L
    Category > 1   *********      0.000  *********  *********
 AB39M
    Category > 1       0.218      0.061      0.126      0.377
 AB39T
    Category > 1       0.056      0.050      0.010      0.325
 AB39U
    Category > 1       0.128      0.061      0.050      0.326
 AB39W
    Category > 1       0.206      0.121      0.066      0.650
 AB39X
    Category > 1       0.026      0.187      0.000  33857.488

Latent Class 3 Compared to Latent Class 5

 AB39A
    Category > 1       1.165      0.341      0.657      2.069
 AB39H
    Category > 1       5.719      2.287      2.612     12.525
 AB39I
    Category > 1       2.794      0.927      1.458      5.353
 AB39K
    Category > 1       2.102      0.776      1.020      4.334
 AB39L
    Category > 1       0.568      0.846      0.031     10.538
 AB39M
    Category > 1       0.305      0.091      0.170      0.546
 AB39T
    Category > 1       0.061      0.045      0.014      0.261
 AB39U
    Category > 1       0.302      0.128      0.132      0.691
 AB39W
    Category > 1       0.098      0.036      0.047      0.203
 AB39X
    Category > 1       0.002      0.011      0.000    591.701

Latent Class 3 Compared to Latent Class 6

 AB39A
    Category > 1       2.386      0.540      1.531      3.718
 AB39H
    Category > 1      44.640     18.883     19.482    102.283
 AB39I
    Category > 1      15.363      6.123      7.034     33.555
 AB39K
    Category > 1      15.720      4.552      8.912     27.729
 AB39L
    Category > 1      27.569     10.996     12.616     60.246
 AB39M
    Category > 1       1.204      0.296      0.743      1.951
 AB39T
    Category > 1       1.204      1.227      0.163      8.879
 AB39U
    Category > 1       9.564     13.536      0.597    153.232
 AB39W
    Category > 1       2.254      1.185      0.804      6.319
 AB39X
    Category > 1       0.106      0.701      0.000  47961.438

Latent Class 4 Compared to Latent Class 5

 AB39A
    Category > 1       0.665      0.233      0.335      1.320
 AB39H
    Category > 1       0.943      0.273      0.535      1.663
 AB39I
    Category > 1       3.473      1.406      1.571      7.680
 AB39K
    Category > 1       0.199      0.065      0.105      0.376
 AB39L
    Category > 1       0.000      0.000      0.000      0.000
 AB39M
    Category > 1       1.398      0.579      0.621      3.147
 AB39T
    Category > 1       1.082      0.511      0.429      2.730
 AB39U
    Category > 1       2.360      0.828      1.186      4.695
 AB39W
    Category > 1       0.473      0.291      0.142      1.578
 AB39X
    Category > 1       0.067      0.062      0.011      0.411

Latent Class 4 Compared to Latent Class 6

 AB39A
    Category > 1       1.362      0.379      0.790      2.349
 AB39H
    Category > 1       7.361      3.466      2.926     18.522
 AB39I
    Category > 1      19.096      9.143      7.471     48.808
 AB39K
    Category > 1       1.484      0.572      0.697      3.160
 AB39L
    Category > 1       0.000      0.000      0.000      0.000
 AB39M
    Category > 1       5.522      1.722      2.997     10.176
 AB39T
    Category > 1      21.415     15.594      5.139     89.241
 AB39U
    Category > 1      74.737     97.031      5.867    952.077
 AB39W
    Category > 1      10.919      6.584      3.349     35.602
 AB39X
    Category > 1       4.046      3.336      0.804     20.368

Latent Class 5 Compared to Latent Class 6

 AB39A
    Category > 1       2.047      0.508      1.258      3.331
 AB39H
    Category > 1       7.805      3.390      3.332     18.283
 AB39I
    Category > 1       5.498      2.413      2.326     12.995
 AB39K
    Category > 1       7.478      2.294      4.098     13.644
 AB39L
    Category > 1      48.533     67.120      3.227    729.867
 AB39M
    Category > 1       3.949      1.213      2.163      7.210
 AB39T
    Category > 1      19.796     13.040      5.443     71.997
 AB39U
    Category > 1      31.675     42.084      2.343    428.212
 AB39W
    Category > 1      23.068     10.672      9.316     57.123
 AB39X
    Category > 1      60.164     30.600     22.203    163.030


RESIDUAL OUTPUT


     RESIDUAL OUTPUT IS NOT AVAILABLE FOR THIS MODEL.  ADDITIONAL OUTPUT FOR
     CATEGORICAL, COUNT, AND NOMINAL VARIABLES MAY BE AVAILABLE USING TECH10.


TECHNICAL 11 OUTPUT

     Random Starts Specifications for the k-1 Class Analysis Model
        Number of initial stage random starts                 500
        Number of final stage optimizations                   100



     VUONG-LO-MENDELL-RUBIN LIKELIHOOD RATIO TEST FOR 5 (H0) VERSUS 6 CLASSES

          H0 Loglikelihood Value                        -9969.239
          2 Times the Loglikelihood Difference            108.181
          Difference in the Number of Parameters               11
          Mean                                              2.097
          Standard Deviation                               48.157
          P-Value                                          0.0117

     LO-MENDELL-RUBIN ADJUSTED LRT TEST

          Value                                           106.893
          P-Value                                          0.0123


TECHNICAL 14 OUTPUT

     Random Starts Specifications for the k-1 Class Analysis Model
        Number of initial stage random starts                 500
        Number of final stage optimizations                   100

     Random Starts Specification for the k-1 Class Model for Generated Data
        Number of initial stage random starts                   0
        Number of final stage optimizations for the
           initial stage random starts                          0
     Random Starts Specification for the k Class Model for Generated Data
        Number of initial stage random starts                  40
        Number of final stage optimizations                     8
     Number of bootstrap draws requested                   Varies


     PARAMETRIC BOOTSTRAPPED LIKELIHOOD RATIO TEST FOR 5 (H0) VERSUS 6 CLASSES

          H0 Loglikelihood Value                        -9969.239
          2 Times the Loglikelihood Difference            108.181
          Difference in the Number of Parameters               11
          Approximate P-Value                              0.0000
          Successful Bootstrap Draws                            5

     WARNING:  OF THE 5 BOOTSTRAP DRAWS, 4 DRAWS HAD BOTH A SMALLER LRT VALUE THAN THE
     OBSERVED LRT VALUE AND NOT A REPLICATED BEST LOGLIKELIHOOD VALUE FOR THE 6-CLASS MODEL.
     THIS MEANS THAT THE P-VALUE MAY NOT BE TRUSTWORTHY DUE TO LOCAL MAXIMA.
     INCREASE THE NUMBER OF RANDOM STARTS USING THE LRTSTARTS OPTION.



     Beginning Time:  11:39:19
        Ending Time:  11:39:39
       Elapsed Time:  00:00:20



MUTHEN & MUTHEN
3463 Stoner Ave.
Los Angeles, CA  90066

Tel: (310) 391-9971
Fax: (310) 391-8971
Web: www.StatModel.com
Support: Support@StatModel.com

Copyright (c) 1998-2025 Muthen & Muthen
