Mplus VERSION 8.11
MUTHEN & MUTHEN
06/05/2025  10:59 AM

INPUT INSTRUCTIONS

  TITLE:
  Class-6_Time2
  DATA:
  FILE = "C:/Users/dnajiarch/Box/lca-bookdown/lta/enum_t2/t2.dat";
  VARIABLE:
  NAMES = casenum cohort female minority ab39m ab39t ab39u ab39w ab39x ga33a ga33h
       ga33i ga33k ga33l math_g7 math_g10 math_g12 op_know op_know2 siok siok2
       sci_issues7 sci_irt7;
   MISSING=.;
   !!! NOTE CHANGE: List of the five 10th grade science attitude indicators !!!
  categorical = ga33a-ga33l;
       usevar = ga33a-ga33l;

  classes = c(6);
  ANALYSIS:
  estimator = mlr;
      type = mixture;
      starts = 500 100;
      processors=10;
  OUTPUT:
  sampstat residual tech11 tech14;
  PLOT:
  type = plot3;
      series = ga33a-ga33l(*);



*** WARNING in OUTPUT command
  SAMPSTAT option is not available when all outcomes are censored, ordered
  categorical, unordered categorical (nominal), count or continuous-time
  survival variables.  Request for SAMPSTAT is ignored.
*** WARNING
  Data set contains cases with missing on all variables.
  These cases were not included in the analysis.
  Number of cases with missing on all variables:  858
   2 WARNING(S) FOUND IN THE INPUT INSTRUCTIONS




Class-6_Time2

SUMMARY OF ANALYSIS

Number of groups                                                 1
Number of observations                                        2258

Number of dependent variables                                    5
Number of independent variables                                  0
Number of continuous latent variables                            0
Number of categorical latent variables                           1

Observed dependent variables

  Binary and ordered categorical (ordinal)
   GA33A       GA33H       GA33I       GA33K       GA33L

Categorical latent variables
   C


Estimator                                                      MLR
Information matrix                                        OBSERVED
Optimization Specifications for the Quasi-Newton Algorithm for
Continuous Outcomes
  Maximum number of iterations                                 100
  Convergence criterion                                  0.100D-05
Optimization Specifications for the EM Algorithm
  Maximum number of iterations                                 500
  Convergence criteria
    Loglikelihood change                                 0.100D-06
    Relative loglikelihood change                        0.100D-06
    Derivative                                           0.100D-05
Optimization Specifications for the M step of the EM Algorithm for
Categorical Latent variables
  Number of M step iterations                                    1
  M step convergence criterion                           0.100D-05
  Basis for M step termination                           ITERATION
Optimization Specifications for the M step of the EM Algorithm for
Censored, Binary or Ordered Categorical (Ordinal), Unordered
Categorical (Nominal) and Count Outcomes
  Number of M step iterations                                    1
  M step convergence criterion                           0.100D-05
  Basis for M step termination                           ITERATION
  Maximum value for logit thresholds                            15
  Minimum value for logit thresholds                           -15
  Minimum expected cell size for chi-square              0.100D-01
Maximum number of iterations for H1                           2000
Convergence criterion for H1                             0.100D-03
Optimization algorithm                                         EMA
Random Starts Specifications
  Number of initial stage random starts                        500
  Number of final stage optimizations                          100
  Number of initial stage iterations                            10
  Initial stage convergence criterion                    0.100D+01
  Random starts scale                                    0.500D+01
  Random seed for generating random starts                       0
Link                                                         LOGIT

Input data file(s)
  C:/Users/dnajiarch/Box/lca-bookdown/lta/enum_t2/t2.dat
Input data format  FREE


SUMMARY OF DATA

     Number of missing data patterns            12
     Number of y missing data patterns           0
     Number of u missing data patterns          12


COVARIANCE COVERAGE OF DATA

Minimum covariance coverage value   0.100


     PROPORTION OF DATA PRESENT FOR U


           Covariance Coverage
              GA33A         GA33H         GA33I         GA33K         GA33L
              ________      ________      ________      ________      ________
 GA33A          0.996
 GA33H          0.987         0.990
 GA33I          0.987         0.981         0.989
 GA33K          0.988         0.982         0.981         0.991
 GA33L          0.993         0.987         0.987         0.988         0.996


UNIVARIATE PROPORTIONS AND COUNTS FOR CATEGORICAL VARIABLES

    GA33A
      Category 1    0.425          956.000
      Category 2    0.575         1294.000
    GA33H
      Category 1    0.572         1278.000
      Category 2    0.428          957.000
    GA33I
      Category 1    0.491         1097.000
      Category 2    0.509         1137.000
    GA33K
      Category 1    0.580         1297.000
      Category 2    0.420          941.000
    GA33L
      Category 1    0.584         1314.000
      Category 2    0.416          936.000


RANDOM STARTS RESULTS RANKED FROM THE BEST TO THE WORST LOGLIKELIHOOD VALUES

Final stage loglikelihood values at local maxima, seeds, and initial stage start numbers:

           -5961.256  282464           283
           -5961.256  436460           89
           -5961.256  59674            240
           -5961.256  80438            246
           -5961.256  407108           366
           -5961.257  667250           318
           -5961.257  691234           250
           -5961.259  21132            351
           -5961.259  533738           11
           -5961.261  782200           84
           -5961.261  227563           63
           -5961.266  188498           258
           -5961.268  399380           436
           -5961.268  152496           123
           -5961.268  259507           53
           -5961.269  576220           115
           -5961.270  514326           325
           -5961.272  107446           12
           -5961.279  335485           496
           -5961.285  636396           168
           -5961.285  73576            213
           -5961.285  784664           75
           -5961.290  407168           44
           -5961.309  576596           99
           -5961.333  283492           435
           -5961.417  751054           117
           -5961.431  606576           151
           -5961.432  967902           52
           -5961.518  100874           108
           -5961.656  313407           132

70 perturbed starting value run(s) did not converge or were rejected in the third stage.



THE BEST LOGLIKELIHOOD VALUE HAS BEEN REPLICATED.  RERUN WITH AT LEAST TWICE THE
RANDOM STARTS TO CHECK THAT THE BEST LOGLIKELIHOOD IS STILL OBTAINED AND REPLICATED.

     IN THE OPTIMIZATION, ONE OR MORE LOGIT THRESHOLDS APPROACHED EXTREME VALUES
     OF -15.000 AND 15.000 AND WERE FIXED TO STABILIZE MODEL ESTIMATION.  THESE
     VALUES IMPLY PROBABILITIES OF 0 AND 1.  IN THE MODEL RESULTS SECTION, THESE
     PARAMETERS HAVE 0 STANDARD ERRORS AND 999 IN THE Z-SCORE AND P-VALUE COLUMNS.

     THE STANDARD ERRORS OF THE MODEL PARAMETER ESTIMATES MAY NOT BE
     TRUSTWORTHY FOR SOME PARAMETERS DUE TO A NON-POSITIVE DEFINITE
     FIRST-ORDER DERIVATIVE PRODUCT MATRIX.  THIS MAY BE DUE TO THE STARTING
     VALUES BUT MAY ALSO BE AN INDICATION OF MODEL NONIDENTIFICATION.  THE
     CONDITION NUMBER IS      -0.218D-16.  PROBLEM INVOLVING THE FOLLOWING PARAMETER:
     Parameter 33, [ C#3 ]

     ONE OR MORE MULTINOMIAL LOGIT PARAMETERS WERE FIXED TO AVOID SINGULARITY
     OF THE INFORMATION MATRIX.  THE SINGULARITY IS MOST LIKELY BECAUSE THE
     MODEL IS NOT IDENTIFIED, OR BECAUSE OF EMPTY CELLS IN THE JOINT
     DISTRIBUTION OF THE CATEGORICAL LATENT VARIABLES AND ANY INDEPENDENT
     VARIABLES.  THE FOLLOWING PARAMETERS WERE FIXED:
     Parameter 34, [ C#4 ]
     Parameter 35, [ C#5 ]




THE MODEL ESTIMATION TERMINATED NORMALLY

     THE DEGREES OF FREEDOM FOR THIS MODEL ARE NEGATIVE.  THE MODEL IS NOT
     IDENTIFIED OR TOO MANY CELLS WERE DELETED.  A CHI-SQUARE TEST IS NOT
     AVAILABLE.



MODEL FIT INFORMATION

Number of Free Parameters                       35

Loglikelihood

          H0 Value                       -5961.256
          H0 Scaling Correction Factor      0.9154
            for MLR

Information Criteria

          Akaike (AIC)                   11992.513
          Bayesian (BIC)                 12192.791
          Sample-Size Adjusted BIC       12081.590
            (n* = (n + 2) / 24)



FINAL CLASS COUNTS AND PROPORTIONS FOR THE LATENT CLASSES
BASED ON THE ESTIMATED MODEL

    Latent
   Classes

       1         62.78376          0.02781
       2        130.72294          0.05789
       3        248.09521          0.10987
       4        236.63948          0.10480
       5        751.00732          0.33260
       6        828.75129          0.36703


FINAL CLASS COUNTS AND PROPORTIONS FOR THE LATENT CLASSES
BASED ON ESTIMATED POSTERIOR PROBABILITIES

    Latent
   Classes

       1         62.78376          0.02781
       2        130.72294          0.05789
       3        248.09521          0.10987
       4        236.63948          0.10480
       5        751.00732          0.33260
       6        828.75129          0.36703


FINAL CLASS COUNTS AND PROPORTIONS FOR THE LATENT CLASSES
BASED ON THEIR MOST LIKELY LATENT CLASS MEMBERSHIP

Class Counts and Proportions

    Latent
   Classes

       1               68          0.03012
       2              134          0.05934
       3              112          0.04960
       4              228          0.10097
       5              795          0.35208
       6              921          0.40788


CLASSIFICATION QUALITY

     Entropy                         0.703


Average Latent Class Probabilities for Most Likely Latent Class Membership (Row)
by Latent Class (Column)

           1        2        3        4        5        6

    1   0.634    0.002    0.071    0.170    0.111    0.013
    2   0.005    0.519    0.303    0.082    0.064    0.027
    3   0.007    0.011    0.769    0.134    0.068    0.010
    4   0.015    0.129    0.138    0.542    0.035    0.141
    5   0.016    0.018    0.032    0.029    0.904    0.000
    6   0.002    0.017    0.065    0.057    0.000    0.859


Classification Probabilities for the Most Likely Latent Class Membership (Column)
by Latent Class (Row)

           1        2        3        4        5        6

    1   0.687    0.011    0.013    0.055    0.203    0.032
    2   0.001    0.532    0.009    0.225    0.112    0.120
    3   0.019    0.164    0.347    0.127    0.103    0.240
    4   0.049    0.046    0.064    0.522    0.098    0.222
    5   0.010    0.011    0.010    0.011    0.957    0.000
    6   0.001    0.004    0.001    0.039    0.000    0.954


Logits for the Classification Probabilities for the Most Likely Latent Class Membership (Column)
by Latent Class (Row)

              1        2        3        4        5        6

    1      3.070   -1.084   -0.897    0.552    1.849    0.000
    2     -4.896    1.486   -2.557    0.627   -0.068    0.000
    3     -2.519   -0.383    0.369   -0.640   -0.845    0.000
    4     -1.512   -1.562   -1.248    0.857   -0.818    0.000
    5      3.212    3.341    3.223    3.275    7.767    0.000
    6     -6.811   -5.397   -6.528   -3.203  -10.176    0.000


MODEL RESULTS

                                                    Two-Tailed
                    Estimate       S.E.  Est./S.E.    P-Value

Latent Class 1

 Thresholds
    GA33A$1           -0.317      0.495     -0.640      0.522
    GA33H$1            2.324      3.128      0.743      0.457
    GA33I$1            1.086      1.149      0.946      0.344
    GA33K$1          -15.000      0.000    999.000    999.000
    GA33L$1           -2.132      7.458     -0.286      0.775

Latent Class 2

 Thresholds
    GA33A$1           -0.325      1.195     -0.272      0.785
    GA33H$1           -0.450      1.259     -0.357      0.721
    GA33I$1           -4.523    249.936     -0.018      0.986
    GA33K$1            0.883      1.377      0.641      0.522
    GA33L$1            3.967     71.984      0.055      0.956

Latent Class 3

 Thresholds
    GA33A$1            0.104      1.715      0.061      0.952
    GA33H$1           -0.403      2.658     -0.151      0.880
    GA33I$1            0.473      5.347      0.088      0.929
    GA33K$1            1.194      1.068      1.118      0.264
    GA33L$1            1.064      2.586      0.411      0.681

Latent Class 4

 Thresholds
    GA33A$1           -1.840      2.652     -0.694      0.488
    GA33H$1            1.711      3.413      0.501      0.616
    GA33I$1           -0.149      0.515     -0.290      0.772
    GA33K$1            1.075      1.032      1.042      0.297
    GA33L$1            0.293      0.723      0.405      0.685

Latent Class 5

 Thresholds
    GA33A$1           -2.150      0.161    -13.330      0.000
    GA33H$1           -2.527      0.378     -6.688      0.000
    GA33I$1           -2.683      0.307     -8.744      0.000
    GA33K$1           -2.271      0.353     -6.430      0.000
    GA33L$1           -2.641      0.463     -5.709      0.000

Latent Class 6

 Thresholds
    GA33A$1            1.198      0.189      6.323      0.000
    GA33H$1            6.675     36.175      0.185      0.854
    GA33I$1            2.248      0.310      7.255      0.000
    GA33K$1            2.765      0.392      7.059      0.000
    GA33L$1            3.974      0.817      4.867      0.000

Categorical Latent Variables

 Means
    C#1               -2.580      1.292     -1.997      0.046
    C#2               -1.847      1.060     -1.742      0.082
    C#3               -1.206      1.281     -0.942      0.346
    C#4               -1.253      0.000    999.000    999.000
    C#5               -0.099      0.000    999.000    999.000


QUALITY OF NUMERICAL RESULTS

     Condition Number for the Information Matrix              0.930E-08
       (ratio of smallest to largest eigenvalue)


RESULTS IN PROBABILITY SCALE

                                                    Two-Tailed
                    Estimate       S.E.  Est./S.E.    P-Value

Latent Class 1

 GA33A
    Category 1         0.421      0.121      3.493      0.000
    Category 2         0.579      0.121      4.794      0.000
 GA33H
    Category 1         0.911      0.254      3.586      0.000
    Category 2         0.089      0.254      0.351      0.726
 GA33I
    Category 1         0.748      0.217      3.451      0.001
    Category 2         0.252      0.217      1.164      0.244
 GA33K
    Category 1         0.000      0.000      0.000      1.000
    Category 2         1.000      0.000      0.000      1.000
 GA33L
    Category 1         0.106      0.707      0.150      0.881
    Category 2         0.894      0.707      1.265      0.206

Latent Class 2

 GA33A
    Category 1         0.419      0.291      1.441      0.149
    Category 2         0.581      0.291      1.996      0.046
 GA33H
    Category 1         0.389      0.299      1.301      0.193
    Category 2         0.611      0.299      2.040      0.041
 GA33I
    Category 1         0.011      2.654      0.004      0.997
    Category 2         0.989      2.654      0.373      0.709
 GA33K
    Category 1         0.707      0.285      2.481      0.013
    Category 2         0.293      0.285      1.026      0.305
 GA33L
    Category 1         0.981      1.313      0.748      0.455
    Category 2         0.019      1.313      0.014      0.989

Latent Class 3

 GA33A
    Category 1         0.526      0.428      1.230      0.219
    Category 2         0.474      0.428      1.108      0.268
 GA33H
    Category 1         0.401      0.638      0.628      0.530
    Category 2         0.599      0.638      0.939      0.348
 GA33I
    Category 1         0.616      1.265      0.487      0.626
    Category 2         0.384      1.265      0.304      0.761
 GA33K
    Category 1         0.767      0.191      4.027      0.000
    Category 2         0.233      0.191      1.220      0.222
 GA33L
    Category 1         0.743      0.493      1.507      0.132
    Category 2         0.257      0.493      0.520      0.603

Latent Class 4

 GA33A
    Category 1         0.137      0.314      0.437      0.662
    Category 2         0.863      0.314      2.751      0.006
 GA33H
    Category 1         0.847      0.442      1.914      0.056
    Category 2         0.153      0.442      0.346      0.729
 GA33I
    Category 1         0.463      0.128      3.614      0.000
    Category 2         0.537      0.128      4.197      0.000
 GA33K
    Category 1         0.746      0.196      3.809      0.000
    Category 2         0.254      0.196      1.300      0.194
 GA33L
    Category 1         0.573      0.177      3.239      0.001
    Category 2         0.427      0.177      2.416      0.016

Latent Class 5

 GA33A
    Category 1         0.104      0.015      6.924      0.000
    Category 2         0.896      0.015     59.416      0.000
 GA33H
    Category 1         0.074      0.026      2.858      0.004
    Category 2         0.926      0.026     35.772      0.000
 GA33I
    Category 1         0.064      0.018      3.482      0.000
    Category 2         0.936      0.018     50.936      0.000
 GA33K
    Category 1         0.094      0.030      3.124      0.002
    Category 2         0.906      0.030     30.262      0.000
 GA33L
    Category 1         0.067      0.029      2.315      0.021
    Category 2         0.933      0.029     32.492      0.000

Latent Class 6

 GA33A
    Category 1         0.768      0.034     22.767      0.000
    Category 2         0.232      0.034      6.872      0.000
 GA33H
    Category 1         0.999      0.046     21.935      0.000
    Category 2         0.001      0.046      0.028      0.978
 GA33I
    Category 1         0.904      0.027     33.780      0.000
    Category 2         0.096      0.027      3.569      0.000
 GA33K
    Category 1         0.941      0.022     43.099      0.000
    Category 2         0.059      0.022      2.713      0.007
 GA33L
    Category 1         0.982      0.015     66.370      0.000
    Category 2         0.018      0.015      1.248      0.212


LATENT CLASS INDICATOR ODDS RATIOS FOR THE LATENT CLASSES

                                                95% C.I.
                    Estimate       S.E.  Lower 2.5% Upper 2.5%

Latent Class 1 Compared to Latent Class 2

 GA33A
    Category > 1       0.991      1.175      0.097     10.109
 GA33H
    Category > 1       0.062      0.209      0.000     44.183
 GA33I
    Category > 1       0.004      0.917      0.000  *********
 GA33K
    Category > 1   *********      0.000  *********  *********
 GA33L
    Category > 1     445.500  31663.133      0.000  *********

Latent Class 1 Compared to Latent Class 3

 GA33A
    Category > 1       1.523      2.919      0.036     65.218
 GA33H
    Category > 1       0.065      0.315      0.000    824.242
 GA33I
    Category > 1       0.542      2.596      0.000   6523.728
 GA33K
    Category > 1   *********      0.000  *********  *********
 GA33L
    Category > 1      24.434    203.213      0.000  *********

Latent Class 1 Compared to Latent Class 4

 GA33A
    Category > 1       0.218      0.573      0.001     37.720
 GA33H
    Category > 1       0.542      1.744      0.001    298.481
 GA33I
    Category > 1       0.291      0.295      0.040      2.125
 GA33K
    Category > 1   *********      0.000  *********  *********
 GA33L
    Category > 1      11.307     87.917      0.000  *********

Latent Class 1 Compared to Latent Class 5

 GA33A
    Category > 1       0.160      0.084      0.057      0.449
 GA33H
    Category > 1       0.008      0.024      0.000      3.557
 GA33I
    Category > 1       0.023      0.026      0.003      0.212
 GA33K
    Category > 1   *********      0.000  *********  *********
 GA33L
    Category > 1       0.601      4.493      0.000  *********

Latent Class 1 Compared to Latent Class 6

 GA33A
    Category > 1       4.547      2.382      1.629     12.695
 GA33H
    Category > 1      77.569   2826.066      0.000  *********
 GA33I
    Category > 1       3.194      3.780      0.314     32.493
 GA33K
    Category > 1   *********      0.000  *********  *********
 GA33L
    Category > 1     448.665   3524.958      0.000  *********

Latent Class 2 Compared to Latent Class 3

 GA33A
    Category > 1       1.536      4.355      0.006    397.865
 GA33H
    Category > 1       1.048      3.713      0.001   1083.337
 GA33I
    Category > 1     147.907  37738.250      0.000  *********
 GA33K
    Category > 1       1.365      3.125      0.015    121.282
 GA33L
    Category > 1       0.055      4.085      0.000  *********

Latent Class 2 Compared to Latent Class 4

 GA33A
    Category > 1       0.220      0.490      0.003     17.272
 GA33H
    Category > 1       8.676     30.386      0.009   8309.511
 GA33I
    Category > 1      79.357  19857.736      0.000  *********
 GA33K
    Category > 1       1.212      2.506      0.021     69.798
 GA33L
    Category > 1       0.025      1.837      0.000  *********

Latent Class 2 Compared to Latent Class 5

 GA33A
    Category > 1       0.161      0.200      0.014      1.831
 GA33H
    Category > 1       0.125      0.152      0.012      1.361
 GA33I
    Category > 1       6.300   1574.717      0.000  *********
 GA33K
    Category > 1       0.043      0.065      0.002      0.832
 GA33L
    Category > 1       0.001      0.097      0.000  *********

Latent Class 2 Compared to Latent Class 6

 GA33A
    Category > 1       4.587      5.300      0.476     44.172
 GA33H
    Category > 1    1242.674  44417.910      0.000  *********
 GA33I
    Category > 1     872.227  *********      0.000  *********
 GA33K
    Category > 1       6.571     10.025      0.330    130.700
 GA33L
    Category > 1       1.007     72.319      0.000  *********

Latent Class 3 Compared to Latent Class 4

 GA33A
    Category > 1       0.143      0.585      0.000    432.356
 GA33H
    Category > 1       8.275     47.375      0.000  *********
 GA33I
    Category > 1       0.537      2.710      0.000  10688.629
 GA33K
    Category > 1       0.888      0.935      0.113      6.997
 GA33L
    Category > 1       0.463      1.098      0.004     48.378

Latent Class 3 Compared to Latent Class 5

 GA33A
    Category > 1       0.105      0.178      0.004      2.909
 GA33H
    Category > 1       0.119      0.337      0.000     30.021
 GA33I
    Category > 1       0.043      0.226      0.000   1376.339
 GA33K
    Category > 1       0.031      0.032      0.004      0.228
 GA33L
    Category > 1       0.025      0.058      0.000      2.574

Latent Class 3 Compared to Latent Class 6

 GA33A
    Category > 1       2.986      5.330      0.090     98.765
 GA33H
    Category > 1    1185.254  44272.273      0.000  *********
 GA33I
    Category > 1       5.897     31.658      0.000  *********
 GA33K
    Category > 1       4.814      4.849      0.668     34.665
 GA33L
    Category > 1      18.363     53.459      0.061   5521.789

Latent Class 4 Compared to Latent Class 5

 GA33A
    Category > 1       0.733      1.945      0.004    132.465
 GA33H
    Category > 1       0.014      0.049      0.000     11.017
 GA33I
    Category > 1       0.079      0.043      0.028      0.227
 GA33K
    Category > 1       0.035      0.036      0.005      0.260
 GA33L
    Category > 1       0.053      0.042      0.011      0.251

Latent Class 4 Compared to Latent Class 6

 GA33A
    Category > 1      20.851     56.057      0.107   4051.393
 GA33H
    Category > 1     143.235   5115.387      0.000  *********
 GA33I
    Category > 1      10.991      6.488      3.456     34.954
 GA33K
    Category > 1       5.422      4.733      0.980     30.002
 GA33L
    Category > 1      39.681     41.369      5.142    306.198

Latent Class 5 Compared to Latent Class 6

 GA33A
    Category > 1      28.428      7.841     16.556     48.812
 GA33H
    Category > 1    9918.869  *********      0.000  *********
 GA33I
    Category > 1     138.459     64.838     55.299    346.680
 GA33K
    Category > 1     153.877     84.277     52.598    450.169
 GA33L
    Category > 1     746.499    772.841     98.124   5679.146


RESIDUAL OUTPUT


     RESIDUAL OUTPUT IS NOT AVAILABLE FOR THIS MODEL.  ADDITIONAL OUTPUT FOR
     CATEGORICAL, COUNT, AND NOMINAL VARIABLES MAY BE AVAILABLE USING TECH10.


TECHNICAL 11 OUTPUT

     Random Starts Specifications for the k-1 Class Analysis Model
        Number of initial stage random starts                 500
        Number of final stage optimizations                   100



     VUONG-LO-MENDELL-RUBIN LIKELIHOOD RATIO TEST FOR 5 (H0) VERSUS 6 CLASSES

          H0 Loglikelihood Value                        -5961.678
          2 Times the Loglikelihood Difference              0.843
          Difference in the Number of Parameters                6
          Mean                                              0.839
          Standard Deviation                                5.611
          P-Value                                          0.5712

     LO-MENDELL-RUBIN ADJUSTED LRT TEST

          Value                                             0.825
          P-Value                                          0.5731


TECHNICAL 14 OUTPUT

     Random Starts Specifications for the k-1 Class Analysis Model
        Number of initial stage random starts                 500
        Number of final stage optimizations                   100

     Random Starts Specification for the k-1 Class Model for Generated Data
        Number of initial stage random starts                   0
        Number of final stage optimizations for the
           initial stage random starts                          0
     Random Starts Specification for the k Class Model for Generated Data
        Number of initial stage random starts                  40
        Number of final stage optimizations                     8
     Number of bootstrap draws requested                   Varies


     PARAMETRIC BOOTSTRAPPED LIKELIHOOD RATIO TEST FOR 5 (H0) VERSUS 6 CLASSES

          H0 Loglikelihood Value                        -5961.678
          2 Times the Loglikelihood Difference              0.843
          Difference in the Number of Parameters                6
          Approximate P-Value                              1.0000
          Successful Bootstrap Draws                            2


PLOT INFORMATION

The following plots are available:

  Histograms (sample values)
  Scatterplots (sample values)
  Sample proportions and estimated probabilities

     Beginning Time:  10:59:33
        Ending Time:  10:59:46
       Elapsed Time:  00:00:13



MUTHEN & MUTHEN
3463 Stoner Ave.
Los Angeles, CA  90066

Tel: (310) 391-9971
Fax: (310) 391-8971
Web: www.StatModel.com
Support: Support@StatModel.com

Copyright (c) 1998-2024 Muthen & Muthen
