Mplus VERSION 8.10 (Mac)
MUTHEN & MUTHEN
08/02/2025   3:25 PM

INPUT INSTRUCTIONS

  TITLE:
  C4 LCA - Save response patterns
  DATA:
  FILE = "/Users/zhangyidi/Desktop/ra/LCA10FAQ/mplus/lca10faq.dat";

  VARIABLE:
  NAMES = hispanic Gender LifeSat1 LifeSat2 LifeSat3 LifeSat4 LifeSatA PYDI1Ab PYDI2Ab
       PYDI3Ab PYDI4Ab PYDI5Ab PYDI6Ab PYDI7Ab;
   MISSING=.;
   categorical = PYDI1Ab PYDI2Ab PYDI3Ab PYDI4Ab PYDI5Ab PYDI6Ab PYDI7Ab;
     usevar =  PYDI1Ab PYDI2Ab PYDI3Ab PYDI4Ab PYDI5Ab PYDI6Ab PYDI7Ab;
     classes = c(4);
  ANALYSIS:
  estimator = mlr;
      type = mixture;
      starts = 0;
      processors = 10;
      optseed = 741888;
  OUTPUT:
  residual patterns tech1 tech11 tech14
  SAVEDATA:
  File=savedata.dat;
      Save=cprob;
      response is resp_patterns.dat;
     !!! Code to save response frequency data !!!



INPUT READING TERMINATED NORMALLY




C4 LCA - Save response patterns

SUMMARY OF ANALYSIS

Number of groups                                                 1
Number of observations                                        1638

Number of dependent variables                                    7
Number of independent variables                                  0
Number of continuous latent variables                            0
Number of categorical latent variables                           1

Observed dependent variables

  Binary and ordered categorical (ordinal)
   PYDI1AB     PYDI2AB     PYDI3AB     PYDI4AB     PYDI5AB     PYDI6AB
   PYDI7AB

Categorical latent variables
   C


Estimator                                                      MLR
Information matrix                                        OBSERVED
Optimization Specifications for the Quasi-Newton Algorithm for
Continuous Outcomes
  Maximum number of iterations                                 100
  Convergence criterion                                  0.100D-05
Optimization Specifications for the EM Algorithm
  Maximum number of iterations                                 500
  Convergence criteria
    Loglikelihood change                                 0.100D-06
    Relative loglikelihood change                        0.100D-06
    Derivative                                           0.100D-05
Optimization Specifications for the M step of the EM Algorithm for
Categorical Latent variables
  Number of M step iterations                                    1
  M step convergence criterion                           0.100D-05
  Basis for M step termination                           ITERATION
Optimization Specifications for the M step of the EM Algorithm for
Censored, Binary or Ordered Categorical (Ordinal), Unordered
Categorical (Nominal) and Count Outcomes
  Number of M step iterations                                    1
  M step convergence criterion                           0.100D-05
  Basis for M step termination                           ITERATION
  Maximum value for logit thresholds                            15
  Minimum value for logit thresholds                           -15
  Minimum expected cell size for chi-square              0.100D-01
Maximum number of iterations for H1                           2000
Convergence criterion for H1                             0.100D-03
Optimization algorithm                                         EMA
Random Starts Specifications
  Random seed for analysis                                  741888
Link                                                         LOGIT

Input data file(s)
  /Users/zhangyidi/Desktop/ra/LCA10FAQ/mplus/lca10faq.dat
Input data format  FREE


SUMMARY OF DATA

     Number of missing data patterns             1
     Number of y missing data patterns           0
     Number of u missing data patterns           1


SUMMARY OF MISSING DATA PATTERNS


COVARIANCE COVERAGE OF DATA

Minimum covariance coverage value   0.100


UNIVARIATE PROPORTIONS AND COUNTS FOR CATEGORICAL VARIABLES

    PYDI1AB
      Category 1    0.355          581.000
      Category 2    0.640         1048.000
      Category 3    0.005            9.000
    PYDI2AB
      Category 1    0.071          116.000
      Category 2    0.924         1513.000
      Category 3    0.005            9.000
    PYDI3AB
      Category 1    0.129          212.000
      Category 2    0.865         1417.000
      Category 3    0.005            9.000
    PYDI4AB
      Category 1    0.067          109.000
      Category 2    0.928         1520.000
      Category 3    0.005            9.000
    PYDI5AB
      Category 1    0.134          219.000
      Category 2    0.861         1410.000
      Category 3    0.005            9.000
    PYDI6AB
      Category 1    0.050           82.000
      Category 2    0.944         1547.000
      Category 3    0.005            9.000
    PYDI7AB
      Category 1    0.073          120.000
      Category 2    0.921         1509.000
      Category 3    0.005            9.000


     IN THE OPTIMIZATION, ONE OR MORE LOGIT THRESHOLDS APPROACHED EXTREME VALUES
     OF -15.000 AND 15.000 AND WERE FIXED TO STABILIZE MODEL ESTIMATION.  THESE
     VALUES IMPLY PROBABILITIES OF 0 AND 1.  IN THE MODEL RESULTS SECTION, THESE
     PARAMETERS HAVE 0 STANDARD ERRORS AND 999 IN THE Z-SCORE AND P-VALUE COLUMNS.




THE MODEL ESTIMATION TERMINATED NORMALLY



MODEL FIT INFORMATION

Number of Free Parameters                       59

Loglikelihood

          H0 Value                       -3450.765
          H0 Scaling Correction Factor      1.0217
            for MLR

Information Criteria

          Akaike (AIC)                    7019.529
          Bayesian (BIC)                  7338.202
          Sample-Size Adjusted BIC        7150.768
            (n* = (n + 2) / 24)

Chi-Square Test of Model Fit for the Binary and Ordered Categorical
(Ordinal) Outcomes

          Pearson Chi-Square

          Value                            147.657
          Degrees of Freedom                  2127
          P-Value                           1.0000

          Likelihood Ratio Chi-Square

          Value                            140.589
          Degrees of Freedom                  2127
          P-Value                           1.0000



FINAL CLASS COUNTS AND PROPORTIONS FOR THE LATENT CLASSES
BASED ON THE ESTIMATED MODEL

    Latent
   Classes

       1         89.82886          0.05484
       2        422.44462          0.25790
       3       1116.72653          0.68176
       4          9.00000          0.00549


FINAL CLASS COUNTS AND PROPORTIONS FOR THE LATENT CLASSES
BASED ON ESTIMATED POSTERIOR PROBABILITIES

    Latent
   Classes

       1         89.82886          0.05484
       2        422.44462          0.25790
       3       1116.72653          0.68176
       4          9.00000          0.00549


FINAL CLASS COUNTS AND PROPORTIONS FOR THE LATENT CLASSES
BASED ON THEIR MOST LIKELY LATENT CLASS MEMBERSHIP

Class Counts and Proportions

    Latent
   Classes

       1               81          0.04945
       2              312          0.19048
       3             1236          0.75458
       4                9          0.00549


CLASSIFICATION QUALITY

     Entropy                         0.778


Average Latent Class Probabilities for Most Likely Latent Class Membership (Row)
by Latent Class (Column)

           1        2        3        4

    1   0.859    0.141    0.000    0.000
    2   0.063    0.858    0.078    0.000
    3   0.000    0.116    0.884    0.000
    4   0.000    0.000    0.000    1.000


Classification Probabilities for the Most Likely Latent Class Membership (Column)
by Latent Class (Row)

           1        2        3        4

    1   0.775    0.220    0.005    0.000
    2   0.027    0.634    0.339    0.000
    3   0.000    0.022    0.978    0.000
    4   0.000    0.000    0.000    1.000


Logits for the Classification Probabilities for the Most Likely Latent Class Membership (Column)
by Latent Class (Row)

              1        2        3        4

    1     13.560   12.303    8.534    0.000
    2     10.203   13.360   12.734    0.000
    3      3.078    9.991   13.793    0.000
    4    -13.816  -13.816  -13.816    0.000


MODEL RESULTS

                                                    Two-Tailed
                    Estimate       S.E.  Est./S.E.    P-Value

Latent Class 1

 Thresholds
    PYDI1AB$1          1.563      0.482      3.240      0.001
    PYDI1AB$2         15.000      0.000    999.000    999.000
    PYDI2AB$1         -0.327      0.343     -0.955      0.340
    PYDI2AB$2         15.000      0.000    999.000    999.000
    PYDI3AB$1         -0.122      0.295     -0.415      0.678
    PYDI3AB$2         15.000      0.000    999.000    999.000
    PYDI4AB$1         -0.589      0.316     -1.864      0.062
    PYDI4AB$2         15.000      0.000    999.000    999.000
    PYDI5AB$1          1.761      0.525      3.357      0.001
    PYDI5AB$2         15.000      0.000    999.000    999.000
    PYDI6AB$1          0.505      0.480      1.053      0.292
    PYDI6AB$2         15.000      0.000    999.000    999.000
    PYDI7AB$1          1.285      0.485      2.647      0.008
    PYDI7AB$2         15.000      0.000    999.000    999.000

Latent Class 2

 Thresholds
    PYDI1AB$1          0.970      0.226      4.286      0.000
    PYDI1AB$2         15.000      0.000    999.000    999.000
    PYDI2AB$1         -1.711      0.185     -9.236      0.000
    PYDI2AB$2         15.000      0.000    999.000    999.000
    PYDI3AB$1         -0.838      0.143     -5.869      0.000
    PYDI3AB$2         15.000      0.000    999.000    999.000
    PYDI4AB$1         -1.502      0.216     -6.952      0.000
    PYDI4AB$2         15.000      0.000    999.000    999.000
    PYDI5AB$1         -0.775      0.243     -3.183      0.001
    PYDI5AB$2         15.000      0.000    999.000    999.000
    PYDI6AB$1         -3.061      0.497     -6.161      0.000
    PYDI6AB$2         15.000      0.000    999.000    999.000
    PYDI7AB$1         -2.153      0.399     -5.401      0.000
    PYDI7AB$2         15.000      0.000    999.000    999.000

Latent Class 3

 Thresholds
    PYDI1AB$1         -1.520      0.146    -10.403      0.000
    PYDI1AB$2         15.000      0.000    999.000    999.000
    PYDI2AB$1         -4.387      0.456     -9.619      0.000
    PYDI2AB$2         15.000      0.000    999.000    999.000
    PYDI3AB$1         -3.235      0.283    -11.447      0.000
    PYDI3AB$2         15.000      0.000    999.000    999.000
    PYDI4AB$1        -15.000      0.000    999.000    999.000
    PYDI4AB$2         15.000      0.000    999.000    999.000
    PYDI5AB$1         -4.803      0.908     -5.288      0.000
    PYDI5AB$2         15.000      0.000    999.000    999.000
    PYDI6AB$1         -5.055      0.535     -9.441      0.000
    PYDI6AB$2         15.000      0.000    999.000    999.000
    PYDI7AB$1         -5.277      0.866     -6.097      0.000
    PYDI7AB$2         15.000      0.000    999.000    999.000

Latent Class 4

 Thresholds
    PYDI1AB$1        -15.000      0.000    999.000    999.000
    PYDI1AB$2        -15.000      0.000    999.000    999.000
    PYDI2AB$1        -15.000      0.000    999.000    999.000
    PYDI2AB$2        -15.000      0.000    999.000    999.000
    PYDI3AB$1        -15.000      0.000    999.000    999.000
    PYDI3AB$2        -15.000      0.000    999.000    999.000
    PYDI4AB$1        -15.000      0.000    999.000    999.000
    PYDI4AB$2        -15.000      0.000    999.000    999.000
    PYDI5AB$1        -15.000      0.000    999.000    999.000
    PYDI5AB$2        -15.000      0.000    999.000    999.000
    PYDI6AB$1        -15.000      0.000    999.000    999.000
    PYDI6AB$2        -15.000      0.000    999.000    999.000
    PYDI7AB$1        -15.000      0.000    999.000    999.000
    PYDI7AB$2        -15.000      0.000    999.000    999.000

Categorical Latent Variables

 Means
    C#1                2.301      0.420      5.474      0.000
    C#2                3.849      0.356     10.796      0.000
    C#3                4.821      0.337     14.290      0.000


QUALITY OF NUMERICAL RESULTS

     Condition Number for the Information Matrix              0.251E-02
       (ratio of smallest to largest eigenvalue)


RESULTS IN PROBABILITY SCALE

                                                    Two-Tailed
                    Estimate       S.E.  Est./S.E.    P-Value

Latent Class 1

 PYDI1AB
    Category 1         0.827      0.069     11.966      0.000
    Category 2         0.173      0.069      2.508      0.012
    Category 3         0.000      0.000      0.000      1.000
 PYDI2AB
    Category 1         0.419      0.083      5.024      0.000
    Category 2         0.581      0.083      6.967      0.000
    Category 3         0.000      0.000      0.000      1.000
 PYDI3AB
    Category 1         0.469      0.073      6.396      0.000
    Category 2         0.531      0.073      7.228      0.000
    Category 3         0.000      0.000      0.000      1.000
 PYDI4AB
    Category 1         0.357      0.073      4.921      0.000
    Category 2         0.643      0.073      8.867      0.000
    Category 3         0.000      0.000      0.000      1.000
 PYDI5AB
    Category 1         0.853      0.066     12.997      0.000
    Category 2         0.147      0.066      2.233      0.026
    Category 3         0.000      0.000      0.000      1.000
 PYDI6AB
    Category 1         0.624      0.113      5.538      0.000
    Category 2         0.376      0.113      3.341      0.001
    Category 3         0.000      0.000      0.000      1.000
 PYDI7AB
    Category 1         0.783      0.082      9.504      0.000
    Category 2         0.217      0.082      2.630      0.009
    Category 3         0.000      0.000      0.000      1.000

Latent Class 2

 PYDI1AB
    Category 1         0.725      0.045     16.075      0.000
    Category 2         0.275      0.045      6.094      0.000
    Category 3         0.000      0.000      0.000      1.000
 PYDI2AB
    Category 1         0.153      0.024      6.373      0.000
    Category 2         0.847      0.024     35.276      0.000
    Category 3         0.000      0.000      0.000      1.000
 PYDI3AB
    Category 1         0.302      0.030     10.032      0.000
    Category 2         0.698      0.030     23.194      0.000
    Category 3         0.000      0.000      0.000      1.000
 PYDI4AB
    Category 1         0.182      0.032      5.660      0.000
    Category 2         0.818      0.032     25.415      0.000
    Category 3         0.000      0.000      0.000      1.000
 PYDI5AB
    Category 1         0.315      0.053      6.000      0.000
    Category 2         0.685      0.053     13.022      0.000
    Category 3         0.000      0.000      0.000      1.000
 PYDI6AB
    Category 1         0.045      0.021      2.107      0.035
    Category 2         0.955      0.021     44.993      0.000
    Category 3         0.000      0.000      0.000      1.000
 PYDI7AB
    Category 1         0.104      0.037      2.800      0.005
    Category 2         0.896      0.037     24.105      0.000
    Category 3         0.000      0.000      0.000      1.000

Latent Class 3

 PYDI1AB
    Category 1         0.179      0.022      8.341      0.000
    Category 2         0.821      0.022     38.138      0.000
    Category 3         0.000      0.000      0.000      1.000
 PYDI2AB
    Category 1         0.012      0.006      2.220      0.026
    Category 2         0.988      0.006    178.437      0.000
    Category 3         0.000      0.000      0.000      1.000
 PYDI3AB
    Category 1         0.038      0.010      3.677      0.000
    Category 2         0.962      0.010     93.458      0.000
    Category 3         0.000      0.000      0.000      1.000
 PYDI4AB
    Category 1         0.000      0.000      0.000      1.000
    Category 2         1.000      0.000      0.000      1.000
    Category 3         0.000      0.000      0.000      1.000
 PYDI5AB
    Category 1         0.008      0.007      1.110      0.267
    Category 2         0.992      0.007    135.317      0.000
    Category 3         0.000      0.000      0.000      1.000
 PYDI6AB
    Category 1         0.006      0.003      1.880      0.060
    Category 2         0.994      0.003    294.784      0.000
    Category 3         0.000      0.000      0.000      1.000
 PYDI7AB
    Category 1         0.005      0.004      1.161      0.246
    Category 2         0.995      0.004    227.403      0.000
    Category 3         0.000      0.000      0.000      1.000

Latent Class 4

 PYDI1AB
    Category 1         0.000      0.000      0.000      1.000
    Category 2         0.000      0.000      0.000      1.000
    Category 3         1.000      0.000      0.000      1.000
 PYDI2AB
    Category 1         0.000      0.000      0.000      1.000
    Category 2         0.000      0.000      0.000      1.000
    Category 3         1.000      0.000      0.000      1.000
 PYDI3AB
    Category 1         0.000      0.000      0.000      1.000
    Category 2         0.000      0.000      0.000      1.000
    Category 3         1.000      0.000      0.000      1.000
 PYDI4AB
    Category 1         0.000      0.000      0.000      1.000
    Category 2         0.000      0.000      0.000      1.000
    Category 3         1.000      0.000      0.000      1.000
 PYDI5AB
    Category 1         0.000      0.000      0.000      1.000
    Category 2         0.000      0.000      0.000      1.000
    Category 3         1.000      0.000      0.000      1.000
 PYDI6AB
    Category 1         0.000      0.000      0.000      1.000
    Category 2         0.000      0.000      0.000      1.000
    Category 3         1.000      0.000      0.000      1.000
 PYDI7AB
    Category 1         0.000      0.000      0.000      1.000
    Category 2         0.000      0.000      0.000      1.000
    Category 3         1.000      0.000      0.000      1.000


LATENT CLASS INDICATOR ODDS RATIOS FOR THE LATENT CLASSES

                                                95% C.I.
                    Estimate       S.E.  Lower 2.5% Upper 2.5%

Latent Class 1 Compared to Latent Class 2

 PYDI1AB
    Category > 1       0.553      0.340      0.165      1.848
    Category > 2       1.000      0.000      1.000      1.000
 PYDI2AB
    Category > 1       0.251      0.102      0.113      0.555
    Category > 2       1.000      0.000      1.000      1.000
 PYDI3AB
    Category > 1       0.489      0.168      0.250      0.957
    Category > 2       1.000      0.000      1.000      1.000
 PYDI4AB
    Category > 1       0.401      0.164      0.180      0.894
    Category > 2       1.000      0.000      1.000      1.000
 PYDI5AB
    Category > 1       0.079      0.045      0.026      0.243
    Category > 2       1.000      0.000      1.000      1.000
 PYDI6AB
    Category > 1       0.028      0.017      0.009      0.094
    Category > 2       1.000      0.000      1.000      1.000
 PYDI7AB
    Category > 1       0.032      0.018      0.011      0.096
    Category > 2       1.000      0.000      1.000      1.000

Latent Class 1 Compared to Latent Class 3

 PYDI1AB
    Category > 1       0.046      0.022      0.018      0.119
    Category > 2       1.000      0.000      1.000      1.000
 PYDI2AB
    Category > 1       0.017      0.009      0.006      0.049
    Category > 2       1.000      0.000      1.000      1.000
 PYDI3AB
    Category > 1       0.044      0.017      0.021      0.096
    Category > 2       1.000      0.000      1.000      1.000
 PYDI4AB
    Category > 1       0.000      0.000      0.000      0.000
    Category > 2       1.000      0.000      1.000      1.000
 PYDI5AB
    Category > 1       0.001      0.002      0.000      0.013
    Category > 2       1.000      0.000      1.000      1.000
 PYDI6AB
    Category > 1       0.004      0.003      0.001      0.016
    Category > 2       1.000      0.000      1.000      1.000
 PYDI7AB
    Category > 1       0.001      0.001      0.000      0.010
    Category > 2       1.000      0.000      1.000      1.000

Latent Class 1 Compared to Latent Class 4

 PYDI1AB
    Category > 1       0.000      0.000      0.000      0.000
    Category > 2       0.000      0.000      0.000      0.000
 PYDI2AB
    Category > 1       0.000      0.000      0.000      0.000
    Category > 2       0.000      0.000      0.000      0.000
 PYDI3AB
    Category > 1       0.000      0.000      0.000      0.000
    Category > 2       0.000      0.000      0.000      0.000
 PYDI4AB
    Category > 1       0.000      0.000      0.000      0.000
    Category > 2       0.000      0.000      0.000      0.000
 PYDI5AB
    Category > 1       0.000      0.000      0.000      0.000
    Category > 2       0.000      0.000      0.000      0.000
 PYDI6AB
    Category > 1       0.000      0.000      0.000      0.000
    Category > 2       0.000      0.000      0.000      0.000
 PYDI7AB
    Category > 1       0.000      0.000      0.000      0.000
    Category > 2       0.000      0.000      0.000      0.000

Latent Class 2 Compared to Latent Class 3

 PYDI1AB
    Category > 1       0.083      0.022      0.050      0.139
    Category > 2       1.000      0.000      1.000      1.000
 PYDI2AB
    Category > 1       0.069      0.036      0.025      0.191
    Category > 2       1.000      0.000      1.000      1.000
 PYDI3AB
    Category > 1       0.091      0.030      0.048      0.173
    Category > 2       1.000      0.000      1.000      1.000
 PYDI4AB
    Category > 1       0.000      0.000      0.000      0.000
    Category > 2       1.000      0.000      1.000      1.000
 PYDI5AB
    Category > 1       0.018      0.017      0.003      0.120
    Category > 2       1.000      0.000      1.000      1.000
 PYDI6AB
    Category > 1       0.136      0.118      0.025      0.746
    Category > 2       1.000      0.000      1.000      1.000
 PYDI7AB
    Category > 1       0.044      0.049      0.005      0.384
    Category > 2       1.000      0.000      1.000      1.000

Latent Class 2 Compared to Latent Class 4

 PYDI1AB
    Category > 1       0.000      0.000      0.000      0.000
    Category > 2       0.000      0.000      0.000      0.000
 PYDI2AB
    Category > 1       0.000      0.000      0.000      0.000
    Category > 2       0.000      0.000      0.000      0.000
 PYDI3AB
    Category > 1       0.000      0.000      0.000      0.000
    Category > 2       0.000      0.000      0.000      0.000
 PYDI4AB
    Category > 1       0.000      0.000      0.000      0.000
    Category > 2       0.000      0.000      0.000      0.000
 PYDI5AB
    Category > 1       0.000      0.000      0.000      0.000
    Category > 2       0.000      0.000      0.000      0.000
 PYDI6AB
    Category > 1       0.000      0.000      0.000      0.000
    Category > 2       0.000      0.000      0.000      0.000
 PYDI7AB
    Category > 1       0.000      0.000      0.000      0.000
    Category > 2       0.000      0.000      0.000      0.000

Latent Class 3 Compared to Latent Class 4

 PYDI1AB
    Category > 1       0.000      0.000      0.000      0.000
    Category > 2       0.000      0.000      0.000      0.000
 PYDI2AB
    Category > 1       0.000      0.000      0.000      0.000
    Category > 2       0.000      0.000      0.000      0.000
 PYDI3AB
    Category > 1       0.000      0.000      0.000      0.000
    Category > 2       0.000      0.000      0.000      0.000
 PYDI4AB
    Category > 1       1.000      0.000      1.000      1.000
    Category > 2       0.000      0.000      0.000      0.000
 PYDI5AB
    Category > 1       0.000      0.000      0.000      0.000
    Category > 2       0.000      0.000      0.000      0.000
 PYDI6AB
    Category > 1       0.000      0.000      0.000      0.000
    Category > 2       0.000      0.000      0.000      0.000
 PYDI7AB
    Category > 1       0.000      0.000      0.000      0.000
    Category > 2       0.000      0.000      0.000      0.000


RESIDUAL OUTPUT


     RESIDUAL OUTPUT IS NOT AVAILABLE FOR THIS MODEL.  ADDITIONAL OUTPUT FOR
     CATEGORICAL, COUNT, AND NOMINAL VARIABLES MAY BE AVAILABLE USING TECH10.


TECHNICAL 1 OUTPUT


     PARAMETER SPECIFICATION FOR LATENT CLASS 1


     PARAMETER SPECIFICATION FOR LATENT CLASS 2


     PARAMETER SPECIFICATION FOR LATENT CLASS 3


     PARAMETER SPECIFICATION FOR LATENT CLASS 4


     PARAMETER SPECIFICATION FOR LATENT CLASS INDICATOR MODEL PART


           TAU(U) FOR LATENT CLASS 1
              PYDI1AB$      PYDI1AB$      PYDI2AB$      PYDI2AB$      PYDI3AB$
              ________      ________      ________      ________      ________
                    1             2             3             4             5


           TAU(U) FOR LATENT CLASS 1
              PYDI3AB$      PYDI4AB$      PYDI4AB$      PYDI5AB$      PYDI5AB$
              ________      ________      ________      ________      ________
                    6             7             8             9            10


           TAU(U) FOR LATENT CLASS 1
              PYDI6AB$      PYDI6AB$      PYDI7AB$      PYDI7AB$
              ________      ________      ________      ________
                   11            12            13            14


           TAU(U) FOR LATENT CLASS 2
              PYDI1AB$      PYDI1AB$      PYDI2AB$      PYDI2AB$      PYDI3AB$
              ________      ________      ________      ________      ________
                   15            16            17            18            19


           TAU(U) FOR LATENT CLASS 2
              PYDI3AB$      PYDI4AB$      PYDI4AB$      PYDI5AB$      PYDI5AB$
              ________      ________      ________      ________      ________
                   20            21            22            23            24


           TAU(U) FOR LATENT CLASS 2
              PYDI6AB$      PYDI6AB$      PYDI7AB$      PYDI7AB$
              ________      ________      ________      ________
                   25            26            27            28


           TAU(U) FOR LATENT CLASS 3
              PYDI1AB$      PYDI1AB$      PYDI2AB$      PYDI2AB$      PYDI3AB$
              ________      ________      ________      ________      ________
                   29            30            31            32            33


           TAU(U) FOR LATENT CLASS 3
              PYDI3AB$      PYDI4AB$      PYDI4AB$      PYDI5AB$      PYDI5AB$
              ________      ________      ________      ________      ________
                   34            35            36            37            38


           TAU(U) FOR LATENT CLASS 3
              PYDI6AB$      PYDI6AB$      PYDI7AB$      PYDI7AB$
              ________      ________      ________      ________
                   39            40            41            42


           TAU(U) FOR LATENT CLASS 4
              PYDI1AB$      PYDI1AB$      PYDI2AB$      PYDI2AB$      PYDI3AB$
              ________      ________      ________      ________      ________
                   43            44            45            46            47


           TAU(U) FOR LATENT CLASS 4
              PYDI3AB$      PYDI4AB$      PYDI4AB$      PYDI5AB$      PYDI5AB$
              ________      ________      ________      ________      ________
                   48            49            50            51            52


           TAU(U) FOR LATENT CLASS 4
              PYDI6AB$      PYDI6AB$      PYDI7AB$      PYDI7AB$
              ________      ________      ________      ________
                   53            54            55            56


     PARAMETER SPECIFICATION FOR LATENT CLASS REGRESSION MODEL PART


           ALPHA(C)
              C#1           C#2           C#3           C#4
              ________      ________      ________      ________
                   57            58            59             0


     STARTING VALUES FOR LATENT CLASS 1


     STARTING VALUES FOR LATENT CLASS 2


     STARTING VALUES FOR LATENT CLASS 3


     STARTING VALUES FOR LATENT CLASS 4


     STARTING VALUES FOR LATENT CLASS INDICATOR MODEL PART


           TAU(U) FOR LATENT CLASS 1
              PYDI1AB$      PYDI1AB$      PYDI2AB$      PYDI2AB$      PYDI3AB$
              ________      ________      ________      ________      ________
               -1.598         4.199        -3.574         4.198        -2.906


           TAU(U) FOR LATENT CLASS 1
              PYDI3AB$      PYDI4AB$      PYDI4AB$      PYDI5AB$      PYDI5AB$
              ________      ________      ________      ________      ________
                4.198        -3.641         4.198        -2.869         4.198


           TAU(U) FOR LATENT CLASS 1
              PYDI6AB$      PYDI6AB$      PYDI7AB$      PYDI7AB$
              ________      ________      ________      ________
               -3.943         4.198        -3.538         4.198


           TAU(U) FOR LATENT CLASS 2
              PYDI1AB$      PYDI1AB$      PYDI2AB$      PYDI2AB$      PYDI3AB$
              ________      ________      ________      ________      ________
               -0.598         5.199        -2.574         5.198        -1.906


           TAU(U) FOR LATENT CLASS 2
              PYDI3AB$      PYDI4AB$      PYDI4AB$      PYDI5AB$      PYDI5AB$
              ________      ________      ________      ________      ________
                5.198        -2.641         5.198        -1.869         5.198


           TAU(U) FOR LATENT CLASS 2
              PYDI6AB$      PYDI6AB$      PYDI7AB$      PYDI7AB$
              ________      ________      ________      ________
               -2.943         5.198        -2.538         5.198


           TAU(U) FOR LATENT CLASS 3
              PYDI1AB$      PYDI1AB$      PYDI2AB$      PYDI2AB$      PYDI3AB$
              ________      ________      ________      ________      ________
               -0.598         5.199        -2.574         5.198        -1.906


           TAU(U) FOR LATENT CLASS 3
              PYDI3AB$      PYDI4AB$      PYDI4AB$      PYDI5AB$      PYDI5AB$
              ________      ________      ________      ________      ________
                5.198        -2.641         5.198        -1.869         5.198


           TAU(U) FOR LATENT CLASS 3
              PYDI6AB$      PYDI6AB$      PYDI7AB$      PYDI7AB$
              ________      ________      ________      ________
               -2.943         5.198        -2.538         5.198


           TAU(U) FOR LATENT CLASS 4
              PYDI1AB$      PYDI1AB$      PYDI2AB$      PYDI2AB$      PYDI3AB$
              ________      ________      ________      ________      ________
                0.402         6.199        -1.574         6.198        -0.906


           TAU(U) FOR LATENT CLASS 4
              PYDI3AB$      PYDI4AB$      PYDI4AB$      PYDI5AB$      PYDI5AB$
              ________      ________      ________      ________      ________
                6.198        -1.641         6.198        -0.869         6.198


           TAU(U) FOR LATENT CLASS 4
              PYDI6AB$      PYDI6AB$      PYDI7AB$      PYDI7AB$
              ________      ________      ________      ________
               -1.943         6.198        -1.538         6.198


     STARTING VALUES FOR LATENT CLASS REGRESSION MODEL PART


           ALPHA(C)
              C#1           C#2           C#3           C#4
              ________      ________      ________      ________
                0.000         0.000         0.000         0.000


TECHNICAL 11 OUTPUT

     Random Starts Specifications for the k-1 Class Analysis Model
        Number of initial stage random starts                  20
        Number of final stage optimizations                     4



     VUONG-LO-MENDELL-RUBIN LIKELIHOOD RATIO TEST FOR 3 (H0) VERSUS 4 CLASSES

          H0 Loglikelihood Value                        -3495.298
          2 Times the Loglikelihood Difference             89.067
          Difference in the Number of Parameters               15
          Mean                                              9.133
          Standard Deviation                               11.250
          P-Value                                          0.0001

     LO-MENDELL-RUBIN ADJUSTED LRT TEST

          Value                                            88.272
          P-Value                                          0.0001


TECHNICAL 14 OUTPUT

     Random Starts Specifications for the k-1 Class Analysis Model
        Number of initial stage random starts                  20
        Number of final stage optimizations                     4

     Random Starts Specification for the k-1 Class Model for Generated Data
        Number of initial stage random starts                   0
        Number of final stage optimizations for the
           initial stage random starts                          0
     Random Starts Specification for the k Class Model for Generated Data
        Number of initial stage random starts                  40
        Number of final stage optimizations                     8
     Number of bootstrap draws requested                   Varies


     PARAMETRIC BOOTSTRAPPED LIKELIHOOD RATIO TEST FOR 3 (H0) VERSUS 4 CLASSES

          H0 Loglikelihood Value                        -3495.298
          2 Times the Loglikelihood Difference             89.067
          Difference in the Number of Parameters               15
          Approximate P-Value                              0.0000
          Successful Bootstrap Draws                           10

     WARNING:  OF THE 10 BOOTSTRAP DRAWS, 6 DRAWS HAD BOTH A SMALLER LRT VALUE THAN THE
     OBSERVED LRT VALUE AND NOT A REPLICATED BEST LOGLIKELIHOOD VALUE FOR THE 4-CLASS MODEL.
     THIS MEANS THAT THE P-VALUE MAY NOT BE TRUSTWORTHY DUE TO LOCAL MAXIMA.
     INCREASE THE NUMBER OF RANDOM STARTS USING THE LRTSTARTS OPTION.



SAVEDATA INFORMATION


  Save file
    savedata.dat

  Order and format of variables

    PYDI1AB        F10.3
    PYDI2AB        F10.3
    PYDI3AB        F10.3
    PYDI4AB        F10.3
    PYDI5AB        F10.3
    PYDI6AB        F10.3
    PYDI7AB        F10.3
    CPROB1         F10.3
    CPROB2         F10.3
    CPROB3         F10.3
    CPROB4         F10.3
    C              F10.3

  Save file format
    12F10.3

  Save file record length    10000

  Save missing symbol        *


  Response Patterns

  Save file
    resp_patterns.dat
  Save format      Free

  Order of information saved

    Frequency
    PYDI1AB
    PYDI2AB
    PYDI3AB
    PYDI4AB
    PYDI5AB
    PYDI6AB
    PYDI7AB
    CPROB1
    CPROB2
    CPROB3
    CPROB4
    C

     Beginning Time:  15:25:14
        Ending Time:  15:25:14
       Elapsed Time:  00:00:00



MUTHEN & MUTHEN
3463 Stoner Ave.
Los Angeles, CA  90066

Tel: (310) 391-9971
Fax: (310) 391-8971
Web: www.StatModel.com
Support: Support@StatModel.com

Copyright (c) 1998-2023 Muthen & Muthen
