Mplus VERSION 9
MUTHEN & MUTHEN
05/26/2026  11:44 AM

INPUT INSTRUCTIONS

  TITLE:
  Class 5 Math Attitudes & Efficacy - T1
  DATA:
  FILE = "C:/Users/dnajiarch/Box/LTA/10faq_aux/dang_2017/enumeration/
  enum.dat";
  VARIABLE:
  NAMES = bys87a bys87c bys87f bys89a bys89b bys89l bys89r bys89u f1s18a f1s18b f1s18c
       f1s18d f1s18e f3bytscwt f3onet2curr bystlang stu_id;
   MISSING=.;
   categorical = bys87a,bys87c,bys87f,bys89a,
  bys89b,bys89l,bys89r,bys89u;
   usevar = bys87a,bys87c,bys87f,bys89a,
  bys89b,bys89l,bys89r,bys89u;

  WEIGHT = f3bytscwt;

   classes = c(5);
  ANALYSIS:
  estimator = mlr;
      type = mixture;
      starts = 500 100;
      processors = 12;
  OUTPUT:
  sampstat residual tech11 tech14;



*** WARNING
  One or more observations has a value of 0 for the WEIGHT variable.  Consider using the
  SUBPOPULATION option to restrict the analysis to observations with a positive weight.
*** WARNING in OUTPUT command
  SAMPSTAT option is not available when all outcomes are censored, ordered
  categorical, unordered categorical (nominal), count or continuous-time
  survival variables.  Request for SAMPSTAT is ignored.
*** WARNING in OUTPUT command
  TECH14 option is not available for TYPE=MIXTURE with weights.
  Request for TECH14 is ignored.
*** WARNING
  Data set contains cases with missing on all variables.
  These cases were not included in the analysis.
  Number of cases with missing on all variables:  4051
   4 WARNING(S) FOUND IN THE INPUT INSTRUCTIONS




Class 5 Math Attitudes & Efficacy - T1

SUMMARY OF ANALYSIS

Number of groups                                                 1
Number of observations                                       12146

Number of dependent variables                                    8
Number of independent variables                                  0
Number of continuous latent variables                            0
Number of categorical latent variables                           1

Observed dependent variables

  Binary and ordered categorical (ordinal)
   BYS87A      BYS87C      BYS87F      BYS89A      BYS89B      BYS89L
   BYS89R      BYS89U

Categorical latent variables
   C

Variables with special functions

  Weight variable       F3BYTSCW

Estimator                                                      MLR
Information matrix                                        OBSERVED
Optimization Specifications for the Quasi-Newton Algorithm for
Continuous Outcomes
  Maximum number of iterations                                 100
  Convergence criterion                                  0.100D-05
Optimization Specifications for the EM Algorithm
  Maximum number of iterations                                 500
  Convergence criteria
    Loglikelihood change                                 0.100D-06
    Relative loglikelihood change                        0.100D-06
    Derivative                                           0.100D-05
Optimization Specifications for the M step of the EM Algorithm for
Categorical Latent Variables
  Number of M step iterations                                    1
  M step convergence criterion                           0.100D-05
  Basis for M step termination                           ITERATION
Optimization Specifications for the M step of the EM Algorithm for
Censored, Binary or Ordered Categorical (Ordinal), Unordered
Categorical (Nominal) and Count Outcomes
  Number of M step iterations                                    1
  M step convergence criterion                           0.100D-05
  Basis for M step termination                           ITERATION
  Maximum value for logit thresholds                            15
  Minimum value for logit thresholds                           -15
  Minimum expected cell size for chi-square              0.100D-01
Maximum number of iterations for H1                           2000
Convergence criterion for H1                             0.100D-03
Optimization algorithm                                         EMA
Random Starts Specifications
  Number of initial stage random starts                        500
  Number of final stage optimizations                          100
  Number of initial stage iterations                            10
  Initial stage convergence criterion                    0.100D+01
  Random starts scale                                    0.500D+01
  Random seed for generating random starts                       0
Link                                                         LOGIT

Input data file(s)
  C:/Users/dnajiarch/Box/LTA/10faq_aux/dang_2017/enumeration/enum.dat
Input data format  FREE


SUMMARY OF DATA

     Number of missing data patterns            91
     Number of y missing data patterns           0
     Number of u missing data patterns          91


COVARIANCE COVERAGE OF DATA

Minimum covariance coverage value   0.100


     PROPORTION OF DATA PRESENT FOR U


           Covariance Coverage
              BYS87A        BYS87C        BYS87F        BYS89A        BYS89B
              ________      ________      ________      ________      ________
 BYS87A         0.967
 BYS87C         0.955         0.961
 BYS87F         0.952         0.953         0.968
 BYS89A         0.928         0.928         0.928         0.938
 BYS89B         0.924         0.924         0.925         0.929         0.941
 BYS89L         0.895         0.894         0.896         0.898         0.900
 BYS89R         0.877         0.876         0.877         0.880         0.882
 BYS89U         0.870         0.869         0.869         0.875         0.874


           Covariance Coverage
              BYS89L        BYS89R        BYS89U
              ________      ________      ________
 BYS89L         0.910
 BYS89R         0.880         0.891
 BYS89U         0.871         0.870         0.878


UNIVARIATE PROPORTIONS AND COUNTS FOR CATEGORICAL VARIABLES

    BYS87A
      Category 1    0.492         5798.557
      Category 2    0.508         5984.521
    BYS87C
      Category 1    0.667         7830.675
      Category 2    0.333         3905.000
    BYS87F
      Category 1    0.496         5851.616
      Category 2    0.504         5943.889
    BYS89A
      Category 1    0.550         6326.217
      Category 2    0.450         5170.051
    BYS89B
      Category 1    0.599         6910.879
      Category 2    0.401         4627.208
    BYS89L
      Category 1    0.548         6111.953
      Category 2    0.452         5041.534
    BYS89R
      Category 1    0.480         5265.050
      Category 2    0.520         5695.871
    BYS89U
      Category 1    0.462         4989.969
      Category 2    0.538         5802.608


RANDOM STARTS RESULTS RANKED FROM THE BEST TO THE WORST LOGLIKELIHOOD VALUES

Final stage loglikelihood values at local maxima, seeds, and initial stage start numbers:

          -45344.554  797594           234
          -45344.554  573096           20
          -45344.554  736574           414
          -45344.554  22362            365
          -45344.554  360419           356
          -45344.554  829540           324
          -45344.554  93468            3
          -45344.554  605358           321
          -45344.554  789985           67
          -45344.554  476498           179
          -45344.554  112586           494
          -45344.554  unperturbed      0
          -45344.554  369602           146
          -45344.554  529496           343
          -45344.554  402224           91
          -45344.554  175199           247
          -45344.554  749635           420
          -45344.554  217130           443
          -45344.554  170954           86
          -45344.554  645664           39
          -45344.554  303634           169
          -45344.554  696773           80
          -45344.554  483369           270
          -45344.554  576220           115
          -45344.554  107446           12
          -45344.554  432148           30
          -45344.554  53621            483
          -45344.554  466971           109
          -45344.554  722748           346
          -45344.554  417035           149
          -45344.554  918558           412
          -45344.554  732596           320
          -45344.554  475420           71
          -45344.554  915107           54
          -45344.554  173440           328
          -45344.554  484501           163
          -45344.554  777045           377
          -45344.554  972873           157
          -45344.554  85462            51
          -45344.554  89970            223
          -45344.554  752769           253
          -45344.554  76451            211
          -45344.554  377504           294
          -45344.554  988761           475
          -45344.554  685657           69
          -45344.554  286735           175
          -45344.554  484406           421
          -45344.554  597614           284
          -45344.554  603842           61
          -45344.554  973369           202
          -45344.554  27071            15
          -45344.554  371246           101
          -45344.554  80438            246
          -45344.554  456213           160
          -45344.554  887676           22
          -45344.554  467339           66
          -45344.554  824126           287
          -45344.554  484687           306
          -45344.554  602797           336
          -45344.554  790059           469
          -45344.554  136842           58
          -45344.554  252949           487
          -45344.554  383986           159
          -45344.554  188640           451
          -45344.554  140442           500
          -45344.554  782200           84
          -45344.554  414828           322
          -45344.554  292884           103
          -45344.554  804660           260
          -45344.554  12477            155
          -45346.109  830529           279
          -45346.109  443442           380
          -45346.109  608460           244
          -45346.109  146900           391
          -45346.109  399508           415
          -45346.109  650371           14

24 perturbed starting value run(s) did not converge or were rejected in the third stage.



THE BEST LOGLIKELIHOOD VALUE HAS BEEN REPLICATED.  RERUN WITH AT LEAST TWICE THE
RANDOM STARTS TO CHECK THAT THE BEST LOGLIKELIHOOD IS STILL OBTAINED AND REPLICATED.

     IN THE OPTIMIZATION, ONE OR MORE LOGIT THRESHOLDS APPROACHED EXTREME VALUES
     OF -15.000 AND 15.000 AND WERE FIXED TO STABILIZE MODEL ESTIMATION.  THESE
     VALUES IMPLY PROBABILITIES OF 0 AND 1.  IN THE MODEL RESULTS SECTION, THESE
     PARAMETERS HAVE 0 STANDARD ERRORS AND 999 IN THE Z-SCORE AND P-VALUE COLUMNS.




THE MODEL ESTIMATION TERMINATED NORMALLY



MODEL FIT INFORMATION

Number of Free Parameters                       44

Loglikelihood

          H0 Value                      -45344.554
          H0 Scaling Correction Factor      2.2762
            for MLR

Information Criteria

          Akaike (AIC)                   90777.108
          Bayesian (BIC)                 91102.917
          Sample-Size Adjusted BIC       90963.090
            (n* = (n + 2) / 24)

Chi-Square Test of Model Fit for the Binary and Ordered Categorical
(Ordinal) Outcomes**

          Pearson Chi-Square

          Value                            971.827
          Degrees of Freedom                   207
          P-Value                           0.0000

          Likelihood Ratio Chi-Square

          Value                            728.970
          Degrees of Freedom                   207
          P-Value                           0.0000

** Of the 3402 cells in the latent class indicator table, 4
   were deleted in the calculation of chi-square due to extreme values.

Chi-Square Test for MCAR under the Unrestricted Latent Class Indicator Model

          Pearson Chi-Square

          Value                           2703.563
          Degrees of Freedom                  3056
          P-Value                           1.0000

          Likelihood Ratio Chi-Square

          Value                           1520.467
          Degrees of Freedom                  3056
          P-Value                           1.0000



FINAL CLASS COUNTS AND PROPORTIONS FOR THE LATENT CLASSES
BASED ON THE ESTIMATED MODEL

    Latent
   Classes

       1       1583.94163          0.13041
       2       1592.79391          0.13114
       3       1816.92489          0.14959
       4       2845.66539          0.23429
       5       4306.67419          0.35458


FINAL CLASS COUNTS AND PROPORTIONS FOR THE LATENT CLASSES
BASED ON ESTIMATED POSTERIOR PROBABILITIES

    Latent
   Classes

       1       1583.94163          0.13041
       2       1592.79391          0.13114
       3       1816.92489          0.14959
       4       2845.66539          0.23429
       5       4306.67419          0.35458


FINAL CLASS COUNTS AND PROPORTIONS FOR THE LATENT CLASSES
BASED ON THEIR MOST LIKELY LATENT CLASS MEMBERSHIP

Class Counts and Proportions

    Latent
   Classes

       1             1498          0.12335
       2             1342          0.11050
       3             1684          0.13865
       4             2940          0.24207
       5             4681          0.38543


CLASSIFICATION QUALITY

     Entropy                         0.786


Average Latent Class Probabilities for Most Likely Latent Class Membership (Row)
by Latent Class (Column)

           1        2        3        4        5

    1   0.854    0.006    0.060    0.075    0.006
    2   0.004    0.849    0.085    0.023    0.039
    3   0.045    0.070    0.800    0.045    0.040
    4   0.058    0.018    0.029    0.891    0.004
    5   0.011    0.059    0.039    0.002    0.890


Classification Probabilities for the Most Likely Latent Class Membership (Column)
by Latent Class (Row)

           1        2        3        4        5

    1   0.808    0.004    0.048    0.108    0.032
    2   0.005    0.715    0.074    0.033    0.173
    3   0.049    0.063    0.741    0.047    0.100
    4   0.039    0.011    0.027    0.921    0.002
    5   0.002    0.012    0.016    0.002    0.967


Logits for the Classification Probabilities for the Most Likely Latent Class Membership (Column)
by Latent Class (Row)

              1        2        3        4        5

    1      3.215   -2.157    0.394    1.205    0.000
    2     -3.504    1.418   -0.857   -1.659    0.000
    3     -0.709   -0.463    2.006   -0.744    0.000
    4      2.764    1.458    2.375    5.915    0.000
    5     -6.085   -4.370   -4.115   -5.993    0.000


MODEL RESULTS

                                                    Two-Tailed
                    Estimate       S.E.  Est./S.E.    P-Value

Latent Class 1

 Thresholds
    BYS87A$1           0.575      0.108      5.343      0.000
    BYS87C$1           3.609      0.745      4.848      0.000
    BYS87F$1           0.884      0.161      5.479      0.000
    BYS89A$1          -2.499      0.387     -6.462      0.000
    BYS89B$1          -3.288      1.191     -2.762      0.006
    BYS89L$1          -2.105      0.269     -7.823      0.000
    BYS89R$1          -2.429      0.289     -8.419      0.000
    BYS89U$1          -2.808      0.267    -10.533      0.000

Latent Class 2

 Thresholds
    BYS87A$1          -1.304      0.122    -10.692      0.000
    BYS87C$1          -0.937      0.179     -5.228      0.000
    BYS87F$1          -1.719      0.148    -11.641      0.000
    BYS89A$1           1.396      0.137     10.159      0.000
    BYS89B$1           1.828      0.158     11.580      0.000
    BYS89L$1           1.672      0.177      9.456      0.000
    BYS89R$1           1.699      0.281      6.046      0.000
    BYS89U$1           1.417      0.234      6.059      0.000

Latent Class 3

 Thresholds
    BYS87A$1          -0.087      0.161     -0.540      0.589
    BYS87C$1           1.090      0.278      3.926      0.000
    BYS87F$1           0.008      0.208      0.038      0.970
    BYS89A$1           0.672      0.157      4.280      0.000
    BYS89B$1           1.925      0.437      4.408      0.000
    BYS89L$1          -0.092      0.108     -0.848      0.396
    BYS89R$1          -1.774      0.294     -6.025      0.000
    BYS89U$1          -2.066      0.286     -7.223      0.000

Latent Class 4

 Thresholds
    BYS87A$1          -1.548      0.091    -16.938      0.000
    BYS87C$1          -1.682      0.160    -10.489      0.000
    BYS87F$1          -2.744      0.181    -15.149      0.000
    BYS89A$1          -3.002      0.201    -14.938      0.000
    BYS89B$1          -2.673      0.211    -12.662      0.000
    BYS89L$1          -3.253      0.199    -16.369      0.000
    BYS89R$1          -3.708      0.239    -15.542      0.000
    BYS89U$1          -3.963      0.258    -15.340      0.000

Latent Class 5

 Thresholds
    BYS87A$1           1.139      0.064     17.826      0.000
    BYS87C$1          15.000      0.000    999.000    999.000
    BYS87F$1           1.607      0.087     18.527      0.000
    BYS89A$1           2.451      0.111     22.164      0.000
    BYS89B$1           2.952      0.124     23.795      0.000
    BYS89L$1           3.482      0.183     18.988      0.000
    BYS89R$1           2.683      0.159     16.924      0.000
    BYS89U$1           2.558      0.156     16.421      0.000

Categorical Latent Variables

 Means
    C#1               -1.000      0.082    -12.251      0.000
    C#2               -0.995      0.084    -11.886      0.000
    C#3               -0.863      0.129     -6.710      0.000
    C#4               -0.414      0.048     -8.613      0.000


QUALITY OF NUMERICAL RESULTS

     Condition Number for the Information Matrix              0.250E-03
       (ratio of smallest to largest eigenvalue)


LATENT CLASS INDICATOR MEANS AND PROBABILITIES FOR EACH LATENT CLASS

     MEAN/PROBABILITY PROFILES FOR C
                       Latent class
                     1      2      3      4      5
     BYS87A
       Category 1  0.640  0.213  0.478  0.175  0.757
       Category 2  0.360  0.787  0.522  0.825  0.243
     BYS87C
       Category 1  0.974  0.281  0.748  0.157  1.000
       Category 2  0.026  0.719  0.252  0.843  0.000
     BYS87F
       Category 1  0.708  0.152  0.502  0.060  0.833
       Category 2  0.292  0.848  0.498  0.940  0.167
     BYS89A
       Category 1  0.076  0.801  0.662  0.047  0.921
       Category 2  0.924  0.199  0.338  0.953  0.079
     BYS89B
       Category 1  0.036  0.862  0.873  0.065  0.950
       Category 2  0.964  0.138  0.127  0.935  0.050
     BYS89L
       Category 1  0.109  0.842  0.477  0.037  0.970
       Category 2  0.891  0.158  0.523  0.963  0.030
     BYS89R
       Category 1  0.081  0.845  0.145  0.024  0.936
       Category 2  0.919  0.155  0.855  0.976  0.064
     BYS89U
       Category 1  0.057  0.805  0.112  0.019  0.928
       Category 2  0.943  0.195  0.888  0.981  0.072


RESULTS IN PROBABILITY SCALE

                                                    Two-Tailed
                    Estimate       S.E.  Est./S.E.    P-Value

Latent Class 1

 BYS87A
    Category 1         0.640      0.025     25.808      0.000
    Category 2         0.360      0.025     14.524      0.000
 BYS87C
    Category 1         0.974      0.019     50.959      0.000
    Category 2         0.026      0.019      1.379      0.168
 BYS87F
    Category 1         0.708      0.033     21.200      0.000
    Category 2         0.292      0.033      8.757      0.000
 BYS89A
    Category 1         0.076      0.027      2.799      0.005
    Category 2         0.924      0.027     34.046      0.000
 BYS89B
    Category 1         0.036      0.041      0.871      0.384
    Category 2         0.964      0.041     23.347      0.000
 BYS89L
    Category 1         0.109      0.026      4.168      0.000
    Category 2         0.891      0.026     34.219      0.000
 BYS89R
    Category 1         0.081      0.021      3.771      0.000
    Category 2         0.919      0.021     42.799      0.000
 BYS89U
    Category 1         0.057      0.014      3.977      0.000
    Category 2         0.943      0.014     65.946      0.000

Latent Class 2

 BYS87A
    Category 1         0.213      0.020     10.426      0.000
    Category 2         0.787      0.020     38.408      0.000
 BYS87C
    Category 1         0.281      0.036      7.761      0.000
    Category 2         0.719      0.036     19.819      0.000
 BYS87F
    Category 1         0.152      0.019      7.986      0.000
    Category 2         0.848      0.019     44.553      0.000
 BYS89A
    Category 1         0.801      0.022     36.670      0.000
    Category 2         0.199      0.022      9.083      0.000
 BYS89B
    Category 1         0.862      0.019     45.746      0.000
    Category 2         0.138      0.019      7.353      0.000
 BYS89L
    Category 1         0.842      0.024     35.756      0.000
    Category 2         0.158      0.024      6.720      0.000
 BYS89R
    Category 1         0.845      0.037     23.020      0.000
    Category 2         0.155      0.037      4.209      0.000
 BYS89U
    Category 1         0.805      0.037     21.912      0.000
    Category 2         0.195      0.037      5.313      0.000

Latent Class 3

 BYS87A
    Category 1         0.478      0.040     11.943      0.000
    Category 2         0.522      0.040     13.024      0.000
 BYS87C
    Category 1         0.748      0.052     14.315      0.000
    Category 2         0.252      0.052      4.813      0.000
 BYS87F
    Category 1         0.502      0.052      9.640      0.000
    Category 2         0.498      0.052      9.563      0.000
 BYS89A
    Category 1         0.662      0.035     18.839      0.000
    Category 2         0.338      0.035      9.621      0.000
 BYS89B
    Category 1         0.873      0.049     17.989      0.000
    Category 2         0.127      0.049      2.624      0.009
 BYS89L
    Category 1         0.477      0.027     17.673      0.000
    Category 2         0.523      0.027     19.371      0.000
 BYS89R
    Category 1         0.145      0.037      3.973      0.000
    Category 2         0.855      0.037     23.411      0.000
 BYS89U
    Category 1         0.112      0.029      3.939      0.000
    Category 2         0.888      0.029     31.092      0.000

Latent Class 4

 BYS87A
    Category 1         0.175      0.013     13.273      0.000
    Category 2         0.825      0.013     62.389      0.000
 BYS87C
    Category 1         0.157      0.021      7.397      0.000
    Category 2         0.843      0.021     39.762      0.000
 BYS87F
    Category 1         0.060      0.010      5.875      0.000
    Category 2         0.940      0.010     91.377      0.000
 BYS89A
    Category 1         0.047      0.009      5.223      0.000
    Category 2         0.953      0.009    105.135      0.000
 BYS89B
    Category 1         0.065      0.013      5.063      0.000
    Category 2         0.935      0.013     73.365      0.000
 BYS89L
    Category 1         0.037      0.007      5.227      0.000
    Category 2         0.963      0.007    135.162      0.000
 BYS89R
    Category 1         0.024      0.006      4.295      0.000
    Category 2         0.976      0.006    175.062      0.000
 BYS89U
    Category 1         0.019      0.005      3.944      0.000
    Category 2         0.981      0.005    207.543      0.000

Latent Class 5

 BYS87A
    Category 1         0.757      0.012     64.540      0.000
    Category 2         0.243      0.012     20.664      0.000
 BYS87C
    Category 1         1.000      0.000      0.000      1.000
    Category 2         0.000      0.000      0.000      1.000
 BYS87F
    Category 1         0.833      0.012     69.037      0.000
    Category 2         0.167      0.012     13.836      0.000
 BYS89A
    Category 1         0.921      0.008    113.913      0.000
    Category 2         0.079      0.008      9.825      0.000
 BYS89B
    Category 1         0.950      0.006    162.343      0.000
    Category 2         0.050      0.006      8.483      0.000
 BYS89L
    Category 1         0.970      0.005    182.858      0.000
    Category 2         0.030      0.005      5.620      0.000
 BYS89R
    Category 1         0.936      0.009     98.567      0.000
    Category 2         0.064      0.009      6.740      0.000
 BYS89U
    Category 1         0.928      0.010     89.274      0.000
    Category 2         0.072      0.010      6.918      0.000


EQUALITY TESTS OF PROBABILITIES ACROSS THE LATENT CLASSES

                    Chi-Square     P-Value   Degrees of Freedom


BYS87A
  Overall test        789.164      0.000        4
  Class 1 vs. 2       138.701      0.000        1
  Class 1 vs. 3         9.282      0.002        1
  Class 1 vs. 4       257.046      0.000        1
  Class 1 vs. 5        20.781      0.000        1
  Class 2 vs. 3        31.203      0.000        1
  Class 2 vs. 4         2.602      0.107        1
  Class 2 vs. 5       322.875      0.000        1
  Class 3 vs. 4        53.682      0.000        1
  Class 3 vs. 5        46.835      0.000        1
  Class 4 vs. 5       587.796      0.000        1

BYS87C
  Overall test      30305.212      0.000        4
  Class 1 vs. 2        36.362      0.000        1
  Class 1 vs. 3         8.365      0.004        1
  Class 1 vs. 4        53.137      0.000        1
  Class 1 vs. 5       234.066      0.000        1
  Class 2 vs. 3        29.584      0.000        1
  Class 2 vs. 4        10.576      0.001        1
  Class 2 vs. 5      7900.970      0.000        1
  Class 3 vs. 4        59.040      0.000        1
  Class 3 vs. 5      2510.058      0.000        1
  Class 4 vs. 5     10824.944      0.000        1

BYS87F
  Overall test        799.008      0.000        4
  Class 1 vs. 2       157.393      0.000        1
  Class 1 vs. 3         8.049      0.005        1
  Class 1 vs. 4       290.225      0.000        1
  Class 1 vs. 5        16.138      0.000        1
  Class 2 vs. 3        37.602      0.000        1
  Class 2 vs. 4        20.973      0.000        1
  Class 2 vs. 5       403.707      0.000        1
  Class 3 vs. 4        77.345      0.000        1
  Class 3 vs. 5        45.583      0.000        1
  Class 4 vs. 5       481.132      0.000        1

BYS89A
  Overall test        757.768      0.000        4
  Class 1 vs. 2        83.877      0.000        1
  Class 1 vs. 3        90.814      0.000        1
  Class 1 vs. 4         1.147      0.284        1
  Class 1 vs. 5       134.208      0.000        1
  Class 2 vs. 3        10.610      0.001        1
  Class 2 vs. 4       323.125      0.000        1
  Class 2 vs. 5        34.047      0.000        1
  Class 3 vs. 4       165.841      0.000        1
  Class 3 vs. 5        67.960      0.000        1
  Class 4 vs. 5       637.617      0.000        1

BYS89B
  Overall test        891.292      0.000        4
  Class 1 vs. 2        17.433      0.000        1
  Class 1 vs. 3        24.710      0.000        1
  Class 1 vs. 4         0.218      0.640        1
  Class 1 vs. 5        26.936      0.000        1
  Class 2 vs. 3         0.036      0.850        1
  Class 2 vs. 4       334.324      0.000        1
  Class 2 vs. 5        27.921      0.000        1
  Class 3 vs. 4        69.756      0.000        1
  Class 3 vs. 5         4.837      0.028        1
  Class 4 vs. 5       560.876      0.000        1

BYS89L
  Overall test        828.808      0.000        4
  Class 1 vs. 2       141.855      0.000        1
  Class 1 vs. 3        45.576      0.000        1
  Class 1 vs. 4        10.710      0.001        1
  Class 1 vs. 5       245.738      0.000        1
  Class 2 vs. 3        82.185      0.000        1
  Class 2 vs. 4       332.223      0.000        1
  Class 2 vs. 5        46.894      0.000        1
  Class 3 vs. 4       188.054      0.000        1
  Class 3 vs. 5       299.453      0.000        1
  Class 4 vs. 5       654.730      0.000        1

BYS89R
  Overall test       1091.239      0.000        4
  Class 1 vs. 2       120.573      0.000        1
  Class 1 vs. 3         1.583      0.208        1
  Class 1 vs. 4        11.143      0.001        1
  Class 1 vs. 5       188.557      0.000        1
  Class 2 vs. 3        73.382      0.000        1
  Class 2 vs. 4       243.128      0.000        1
  Class 2 vs. 5         8.028      0.005        1
  Class 3 vs. 4        26.307      0.000        1
  Class 3 vs. 5       263.751      0.000        1
  Class 4 vs. 5       496.360      0.000        1

BYS89U
  Overall test       1050.406      0.000        4
  Class 1 vs. 2       148.826      0.000        1
  Class 1 vs. 3         2.579      0.108        1
  Class 1 vs. 4         9.331      0.002        1
  Class 1 vs. 5       235.810      0.000        1
  Class 2 vs. 3       106.231      0.000        1
  Class 2 vs. 4       271.635      0.000        1
  Class 2 vs. 5        14.347      0.000        1
  Class 3 vs. 4        24.849      0.000        1
  Class 3 vs. 5       295.827      0.000        1
  Class 4 vs. 5       454.955      0.000        1


LATENT CLASS INDICATOR ODDS RATIOS FOR THE LATENT CLASSES

                                                95% C.I.
                    Estimate       S.E.  Lower 2.5% Upper 2.5%

Latent Class 1 Compared to Latent Class 2

 BYS87A
    Category > 1       0.153      0.024      0.112      0.209
 BYS87C
    Category > 1       0.011      0.008      0.002      0.046
 BYS87F
    Category > 1       0.074      0.015      0.049      0.111
 BYS89A
    Category > 1      49.114     20.883     21.344    113.015
 BYS89B
    Category > 1     166.713    204.285     15.098   1840.882
 BYS89L
    Category > 1      43.681     13.852     23.462     81.324
 BYS89R
    Category > 1      62.075     23.338     29.709    129.702
 BYS89U
    Category > 1      68.392     23.687     34.689    134.841

Latent Class 1 Compared to Latent Class 3

 BYS87A
    Category > 1       0.516      0.112      0.337      0.790
 BYS87C
    Category > 1       0.081      0.070      0.015      0.444
 BYS87F
    Category > 1       0.416      0.129      0.227      0.763
 BYS89A
    Category > 1      23.821      7.926     12.410     45.727
 BYS89B
    Category > 1     183.735    192.703     23.520   1435.343
 BYS89L
    Category > 1       7.490      2.234      4.174     13.438
 BYS89R
    Category > 1       1.926      1.004      0.694      5.348
 BYS89U
    Category > 1       2.101      0.971      0.849      5.197

Latent Class 1 Compared to Latent Class 4

 BYS87A
    Category > 1       0.120      0.016      0.092      0.155
 BYS87C
    Category > 1       0.005      0.004      0.001      0.021
 BYS87F
    Category > 1       0.027      0.006      0.017      0.040
 BYS89A
    Category > 1       0.604      0.284      0.240      1.519
 BYS89B
    Category > 1       1.849      2.434      0.140     24.408
 BYS89L
    Category > 1       0.317      0.111      0.160      0.631
 BYS89R
    Category > 1       0.278      0.107      0.131      0.590
 BYS89U
    Category > 1       0.315      0.119      0.150      0.661

Latent Class 1 Compared to Latent Class 5

 BYS87A
    Category > 1       1.758      0.217      1.379      2.240
 BYS87C
    Category > 1   88493.898      0.000  88493.906  88493.906
 BYS87F
    Category > 1       2.061      0.371      1.448      2.933
 BYS89A
    Category > 1     141.046     60.256     61.055    325.841
 BYS89B
    Category > 1     512.840    616.594     48.591   5412.654
 BYS89L
    Category > 1     267.101     95.206    132.820    537.138
 BYS89R
    Category > 1     165.977     61.788     80.014    344.294
 BYS89U
    Category > 1     213.993     74.776    107.884    424.467

Latent Class 2 Compared to Latent Class 3

 BYS87A
    Category > 1       3.378      0.736      2.204      5.178
 BYS87C
    Category > 1       7.595      2.831      3.658     15.770
 BYS87F
    Category > 1       5.624      1.584      3.238      9.766
 BYS89A
    Category > 1       0.485      0.108      0.314      0.750
 BYS89B
    Category > 1       1.102      0.568      0.401      3.028
 BYS89L
    Category > 1       0.171      0.033      0.117      0.251
 BYS89R
    Category > 1       0.031      0.013      0.014      0.069
 BYS89U
    Category > 1       0.031      0.010      0.016      0.060

Latent Class 2 Compared to Latent Class 4

 BYS87A
    Category > 1       0.784      0.118      0.583      1.054
 BYS87C
    Category > 1       0.475      0.109      0.303      0.744
 BYS87F
    Category > 1       0.359      0.080      0.231      0.556
 BYS89A
    Category > 1       0.012      0.003      0.008      0.020
 BYS89B
    Category > 1       0.011      0.003      0.007      0.018
 BYS89L
    Category > 1       0.007      0.002      0.004      0.012
 BYS89R
    Category > 1       0.004      0.002      0.002      0.009
 BYS89U
    Category > 1       0.005      0.002      0.002      0.009

Latent Class 2 Compared to Latent Class 5

 BYS87A
    Category > 1      11.506      1.564      8.814     15.019
 BYS87C
    Category > 1   *********      0.000  *********  *********
 BYS87F
    Category > 1      27.838      4.609     20.124     38.508
 BYS89A
    Category > 1       2.872      0.519      2.015      4.093
 BYS89B
    Category > 1       3.076      0.654      2.028      4.667
 BYS89L
    Category > 1       6.115      1.617      3.642     10.267
 BYS89R
    Category > 1       2.674      0.928      1.354      5.280
 BYS89U
    Category > 1       3.129      0.942      1.734      5.646

Latent Class 3 Compared to Latent Class 4

 BYS87A
    Category > 1       0.232      0.046      0.157      0.343
 BYS87C
    Category > 1       0.063      0.023      0.031      0.127
 BYS87F
    Category > 1       0.064      0.020      0.035      0.118
 BYS89A
    Category > 1       0.025      0.007      0.015      0.044
 BYS89B
    Category > 1       0.010      0.006      0.003      0.030
 BYS89L
    Category > 1       0.042      0.010      0.027      0.067
 BYS89R
    Category > 1       0.145      0.055      0.069      0.303
 BYS89U
    Category > 1       0.150      0.057      0.071      0.316

Latent Class 3 Compared to Latent Class 5

 BYS87A
    Category > 1       3.406      0.610      2.398      4.838
 BYS87C
    Category > 1   *********      0.000  *********  *********
 BYS87F
    Category > 1       4.950      1.173      3.112      7.875
 BYS89A
    Category > 1       5.921      1.277      3.879      9.037
 BYS89B
    Category > 1       2.791      1.303      1.118      6.967
 BYS89L
    Category > 1      35.663      7.366     23.791     53.460
 BYS89R
    Category > 1      86.171     23.645     50.326    147.548
 BYS89U
    Category > 1     101.875     27.387     60.150    172.543

Latent Class 4 Compared to Latent Class 5

 BYS87A
    Category > 1      14.681      1.627     11.815     18.242
 BYS87C
    Category > 1   *********      0.000  *********  *********
 BYS87F
    Category > 1      77.608     15.397     52.606    114.494
 BYS89A
    Category > 1     233.409     50.403    152.863    356.395
 BYS89B
    Category > 1     277.316     65.868    174.098    441.729
 BYS89L
    Category > 1     841.323    221.446    502.241   1409.330
 BYS89R
    Category > 1     596.106    170.984    339.755   1045.880
 BYS89U
    Category > 1     679.028    207.585    372.961   1236.266


RESIDUAL OUTPUT


     RESIDUAL OUTPUT IS NOT AVAILABLE FOR THIS MODEL.  ADDITIONAL OUTPUT FOR
     CATEGORICAL, COUNT, AND NOMINAL VARIABLES MAY BE AVAILABLE USING TECH10.


TECHNICAL 11 OUTPUT

     Random Starts Specifications for the k-1 Class Analysis Model
        Number of initial stage random starts                 500
        Number of final stage optimizations                   100



     VUONG-LO-MENDELL-RUBIN LIKELIHOOD RATIO TEST FOR 4 (H0) VERSUS 5 CLASSES

          H0 Loglikelihood Value                       -45812.591
          2 Times the Loglikelihood Difference            936.074
          Difference in the Number of Parameters                9
          Mean                                             92.682
          Standard Deviation                              149.132
          P-Value                                          0.0000

     LO-MENDELL-RUBIN ADJUSTED LRT TEST

          Value                                           925.144
          P-Value                                          0.0000


     Beginning Time:  11:44:42
        Ending Time:  11:44:58
       Elapsed Time:  00:00:16



MUTHEN & MUTHEN
3463 Stoner Ave.
Los Angeles, CA  90066

Tel: (310) 391-9971
Fax: (310) 391-8971
Web: www.StatModel.com
Support: Support@StatModel.com

Copyright (c) 1998-2025 Muthen & Muthen
