Mplus VERSION 9
MUTHEN & MUTHEN
05/27/2026   5:03 PM

INPUT INSTRUCTIONS

  TITLE:
  Step 1 - Unconditional Model w/ Auxiliary Specification
  DATA:
  FILE = "C:/Users/dnajiarch/Box/lca_moderation/three_step/new.dat";
  VARIABLE:
  NAMES = CASENUM COHORT SCHOOLID GENDER RACETH MOTHED ISCIIRT KA47A KA47H KA47I KA47K
       KA47L KA9A KA9B KA9C KA9D KA9E KA9F KA9G KA9I KA9J KA9K KB9H FEMALE URM;
   MISSING=.;
   categorical = KA47A KA47H KA47I KA47K KA47L;
    usevar =  KA47A KA47H KA47I KA47K KA47L;
    classes = c(4);
    AUXILIARY = FEMALE MOTHED ISCIIRT KA9B KA9D KA9G KA9K URM;
  ANALYSIS:
  estimator = mlr;
      type = mixture;
      starts = 0;
      OPTSEED = 375590;
  OUTPUT:
  sampstat residual tech11 tech14 svalues(1 3 4 2)
  SAVEDATA:
  File=savedata.dat;
      Save=cprob;



*** WARNING in OUTPUT command
  SAMPSTAT option is not available when all outcomes are censored, ordered
  categorical, unordered categorical (nominal), count or continuous-time
  survival variables.  Request for SAMPSTAT is ignored.
*** WARNING
  Data set contains cases with missing on all variables.
  These cases were not included in the analysis.
  Number of cases with missing on all variables:  2581
   2 WARNING(S) FOUND IN THE INPUT INSTRUCTIONS




Step 1 - Unconditional Model w/ Auxiliary Specification

SUMMARY OF ANALYSIS

Number of groups                                                 1
Number of observations                                        3364

Number of dependent variables                                    5
Number of independent variables                                  0
Number of continuous latent variables                            0
Number of categorical latent variables                           1

Observed dependent variables

  Binary and ordered categorical (ordinal)
   KA47A       KA47H       KA47I       KA47K       KA47L

Observed auxiliary variables
   FEMALE      MOTHED      ISCIIRT     KA9B        KA9D        KA9G
   KA9K        URM

Categorical latent variables
   C


Estimator                                                      MLR
Information matrix                                        OBSERVED
Optimization Specifications for the Quasi-Newton Algorithm for
Continuous Outcomes
  Maximum number of iterations                                 100
  Convergence criterion                                  0.100D-05
Optimization Specifications for the EM Algorithm
  Maximum number of iterations                                 500
  Convergence criteria
    Loglikelihood change                                 0.100D-06
    Relative loglikelihood change                        0.100D-06
    Derivative                                           0.100D-05
Optimization Specifications for the M step of the EM Algorithm for
Categorical Latent Variables
  Number of M step iterations                                    1
  M step convergence criterion                           0.100D-05
  Basis for M step termination                           ITERATION
Optimization Specifications for the M step of the EM Algorithm for
Censored, Binary or Ordered Categorical (Ordinal), Unordered
Categorical (Nominal) and Count Outcomes
  Number of M step iterations                                    1
  M step convergence criterion                           0.100D-05
  Basis for M step termination                           ITERATION
  Maximum value for logit thresholds                            15
  Minimum value for logit thresholds                           -15
  Minimum expected cell size for chi-square              0.100D-01
Maximum number of iterations for H1                           2000
Convergence criterion for H1                             0.100D-03
Optimization algorithm                                         EMA
Random Starts Specifications
  Random seed for analysis                                  375590
Link                                                         LOGIT

Input data file(s)
  C:/Users/dnajiarch/Box/lca_moderation/three_step/new.dat
Input data format  FREE


SUMMARY OF DATA

     Number of missing data patterns            14
     Number of y missing data patterns           0
     Number of u missing data patterns          14


COVARIANCE COVERAGE OF DATA

Minimum covariance coverage value   0.100


     PROPORTION OF DATA PRESENT FOR U


           Covariance Coverage
              KA47A         KA47H         KA47I         KA47K         KA47L
              ________      ________      ________      ________      ________
 KA47A          0.998
 KA47H          0.991         0.993
 KA47I          0.989         0.985         0.990
 KA47K          0.991         0.987         0.986         0.993
 KA47L          0.996         0.991         0.989         0.992         0.997


UNIVARIATE PROPORTIONS AND COUNTS FOR CATEGORICAL VARIABLES

    KA47A
      Category 1    0.466         1564.000
      Category 2    0.534         1793.000
    KA47H
      Category 1    0.550         1837.000
      Category 2    0.450         1502.000
    KA47I
      Category 1    0.452         1507.000
      Category 2    0.548         1825.000
    KA47K
      Category 1    0.659         2200.000
      Category 2    0.341         1139.000
    KA47L
      Category 1    0.597         2003.000
      Category 2    0.403         1352.000


     IN THE OPTIMIZATION, ONE OR MORE LOGIT THRESHOLDS APPROACHED EXTREME VALUES
     OF -15.000 AND 15.000 AND WERE FIXED TO STABILIZE MODEL ESTIMATION.  THESE
     VALUES IMPLY PROBABILITIES OF 0 AND 1.  IN THE MODEL RESULTS SECTION, THESE
     PARAMETERS HAVE 0 STANDARD ERRORS AND 999 IN THE Z-SCORE AND P-VALUE COLUMNS.




THE MODEL ESTIMATION TERMINATED NORMALLY



MODEL FIT INFORMATION

Number of Free Parameters                       23

Loglikelihood

          H0 Value                       -8742.238
          H0 Scaling Correction Factor      1.0185
            for MLR

Information Criteria

          Akaike (AIC)                   17530.475
          Bayesian (BIC)                 17671.255
          Sample-Size Adjusted BIC       17598.174
            (n* = (n + 2) / 24)

Chi-Square Test of Model Fit for the Binary and Ordered Categorical
(Ordinal) Outcomes

          Pearson Chi-Square

          Value                             19.916
          Degrees of Freedom                     8
          P-Value                           0.0107

          Likelihood Ratio Chi-Square

          Value                             18.593
          Degrees of Freedom                     8
          P-Value                           0.0172

Chi-Square Test for MCAR under the Unrestricted Latent Class Indicator Model

          Pearson Chi-Square

          Value                            107.174
          Degrees of Freedom                   109
          P-Value                           0.5315

          Likelihood Ratio Chi-Square

          Value                             80.001
          Degrees of Freedom                   109
          P-Value                           0.9832



FINAL CLASS COUNTS AND PROPORTIONS FOR THE LATENT CLASSES
BASED ON THE ESTIMATED MODEL

    Latent
   Classes

       1       1007.47472          0.29949
       2        879.57942          0.26147
       3        253.00903          0.07521
       4       1223.93683          0.36383


FINAL CLASS COUNTS AND PROPORTIONS FOR THE LATENT CLASSES
BASED ON ESTIMATED POSTERIOR PROBABILITIES

    Latent
   Classes

       1       1007.47472          0.29949
       2        879.57942          0.26147
       3        253.00903          0.07521
       4       1223.93683          0.36383


FINAL CLASS COUNTS AND PROPORTIONS FOR THE LATENT CLASSES
BASED ON THEIR MOST LIKELY LATENT CLASS MEMBERSHIP

Class Counts and Proportions

    Latent
   Classes

       1              999          0.29697
       2              949          0.28210
       3              242          0.07194
       4             1174          0.34899


CLASSIFICATION QUALITY

     Entropy                         0.766


Average Latent Class Probabilities for Most Likely Latent Class Membership (Row)
by Latent Class (Column)

           1        2        3        4

    1   0.923    0.042    0.034    0.000
    2   0.069    0.765    0.031    0.135
    3   0.080    0.141    0.779    0.000
    4   0.000    0.066    0.000    0.934


Classification Probabilities for the Most Likely Latent Class Membership (Column)
by Latent Class (Row)

           1        2        3        4

    1   0.915    0.065    0.019    0.000
    2   0.048    0.825    0.039    0.088
    3   0.136    0.118    0.745    0.002
    4   0.000    0.104    0.000    0.895


Logits for the Classification Probabilities for the Most Likely Latent Class Membership (Column)
by Latent Class (Row)

              1        2        3        4

    1      8.959    6.319    5.092    0.000
    2     -0.610    2.237   -0.819    0.000
    3      4.497    4.352    6.199    0.000
    4     -8.219   -2.150  -13.705    0.000


MODEL RESULTS

                                                    Two-Tailed
                    Estimate       S.E.  Est./S.E.    P-Value

Latent Class 1

 Thresholds
    KA47A$1           -2.120      0.122    -17.356      0.000
    KA47H$1           -2.737      0.407     -6.731      0.000
    KA47I$1           -4.172      0.884     -4.720      0.000
    KA47K$1           -1.591      0.139    -11.471      0.000
    KA47L$1           -3.187      0.399     -7.980      0.000

Latent Class 2

 Thresholds
    KA47A$1           -0.329      0.136     -2.421      0.015
    KA47H$1           -0.127      0.154     -0.826      0.409
    KA47I$1           -1.199      0.200     -5.984      0.000
    KA47K$1            1.590      0.170      9.354      0.000
    KA47L$1            1.710      0.620      2.759      0.006

Latent Class 3

 Thresholds
    KA47A$1           -0.738      0.205     -3.606      0.000
    KA47H$1            0.888      0.353      2.514      0.012
    KA47I$1            0.964      0.969      0.995      0.320
    KA47K$1            0.039      0.230      0.171      0.864
    KA47L$1          -15.000      0.000    999.000    999.000

Latent Class 4

 Thresholds
    KA47A$1            1.547      0.101     15.304      0.000
    KA47H$1            3.910      0.660      5.927      0.000
    KA47I$1            2.382      0.294      8.089      0.000
    KA47K$1            3.483      0.217     16.019      0.000
    KA47L$1           15.000      0.000    999.000    999.000

Categorical Latent Variables

 Means
    C#1               -0.195      0.083     -2.340      0.019
    C#2               -0.330      0.131     -2.525      0.012
    C#3               -1.576      0.406     -3.880      0.000


QUALITY OF NUMERICAL RESULTS

     Condition Number for the Information Matrix              0.105E-02
       (ratio of smallest to largest eigenvalue)


LATENT CLASS INDICATOR MEANS AND PROBABILITIES FOR EACH LATENT CLASS

     MEAN/PROBABILITY PROFILES FOR C
                       Latent class
                     1      2      3      4
     KA47A
       Category 1  0.107  0.418  0.323  0.825
       Category 2  0.893  0.582  0.677  0.175
     KA47H
       Category 1  0.061  0.468  0.708  0.980
       Category 2  0.939  0.532  0.292  0.020
     KA47I
       Category 1  0.015  0.232  0.724  0.915
       Category 2  0.985  0.768  0.276  0.085
     KA47K
       Category 1  0.169  0.831  0.510  0.970
       Category 2  0.831  0.169  0.490  0.030
     KA47L
       Category 1  0.040  0.847  0.000  1.000
       Category 2  0.960  0.153  1.000  0.000


RESULTS IN PROBABILITY SCALE

                                                    Two-Tailed
                    Estimate       S.E.  Est./S.E.    P-Value

Latent Class 1

 KA47A
    Category 1         0.107      0.012      9.170      0.000
    Category 2         0.893      0.012     76.391      0.000
 KA47H
    Category 1         0.061      0.023      2.618      0.009
    Category 2         0.939      0.023     40.439      0.000
 KA47I
    Category 1         0.015      0.013      1.149      0.251
    Category 2         0.985      0.013     74.486      0.000
 KA47K
    Category 1         0.169      0.020      8.679      0.000
    Category 2         0.831      0.020     42.599      0.000
 KA47L
    Category 1         0.040      0.015      2.607      0.009
    Category 2         0.960      0.015     63.155      0.000

Latent Class 2

 KA47A
    Category 1         0.418      0.033     12.646      0.000
    Category 2         0.582      0.033     17.575      0.000
 KA47H
    Category 1         0.468      0.038     12.235      0.000
    Category 2         0.532      0.038     13.890      0.000
 KA47I
    Category 1         0.232      0.036      6.495      0.000
    Category 2         0.768      0.036     21.546      0.000
 KA47K
    Category 1         0.831      0.024     34.737      0.000
    Category 2         0.169      0.024      7.080      0.000
 KA47L
    Category 1         0.847      0.080     10.532      0.000
    Category 2         0.153      0.080      1.905      0.057

Latent Class 3

 KA47A
    Category 1         0.323      0.045      7.219      0.000
    Category 2         0.677      0.045     15.104      0.000
 KA47H
    Category 1         0.708      0.073      9.713      0.000
    Category 2         0.292      0.073      3.998      0.000
 KA47I
    Category 1         0.724      0.194      3.737      0.000
    Category 2         0.276      0.194      1.425      0.154
 KA47K
    Category 1         0.510      0.058      8.859      0.000
    Category 2         0.490      0.058      8.517      0.000
 KA47L
    Category 1         0.000      0.000      0.000      1.000
    Category 2         1.000      0.000      0.000      1.000

Latent Class 4

 KA47A
    Category 1         0.825      0.015     56.367      0.000
    Category 2         0.175      0.015     11.997      0.000
 KA47H
    Category 1         0.980      0.013     77.135      0.000
    Category 2         0.020      0.013      1.546      0.122
 KA47I
    Category 1         0.915      0.023     40.151      0.000
    Category 2         0.085      0.023      3.710      0.000
 KA47K
    Category 1         0.970      0.006    154.359      0.000
    Category 2         0.030      0.006      4.740      0.000
 KA47L
    Category 1         1.000      0.000      0.000      1.000
    Category 2         0.000      0.000      0.000      1.000


EQUALITY TESTS OF PROBABILITIES ACROSS THE LATENT CLASSES

                    Chi-Square     P-Value   Degrees of Freedom


KA47A
  Overall test        619.337      0.000        3
  Class 1 vs. 2       104.140      0.000        1
  Class 1 vs. 3        31.021      0.000        1
  Class 1 vs. 4       574.372      0.000        1
  Class 2 vs. 3         2.147      0.143        1
  Class 2 vs. 4       147.092      0.000        1
  Class 3 vs. 4        98.513      0.000        1

KA47H
  Overall test        107.226      0.000        3
  Class 1 vs. 2        36.280      0.000        1
  Class 1 vs. 3        80.048      0.000        1
  Class 1 vs. 4        65.356      0.000        1
  Class 2 vs. 3         6.311      0.012        1
  Class 2 vs. 4        40.128      0.000        1
  Class 3 vs. 4        15.799      0.000        1

KA47I
  Overall test        164.964      0.000        3
  Class 1 vs. 2        10.696      0.001        1
  Class 1 vs. 3        22.972      0.000        1
  Class 1 vs. 4        46.925      0.000        1
  Class 2 vs. 3         4.530      0.033        1
  Class 2 vs. 4       144.321      0.000        1
  Class 3 vs. 4         1.830      0.176        1

KA47K
  Overall test        592.638      0.000        3
  Class 1 vs. 2       257.231      0.000        1
  Class 1 vs. 3        53.002      0.000        1
  Class 1 vs. 4       422.761      0.000        1
  Class 2 vs. 3        27.998      0.000        1
  Class 2 vs. 4        44.515      0.000        1
  Class 3 vs. 4       120.481      0.000        1

KA47L
  Overall test  *************      0.000        3
  Class 1 vs. 2        54.324      0.000        1
  Class 1 vs. 3       874.639      0.000        1
  Class 1 vs. 4      2073.381      0.000        1
  Class 2 vs. 3       726.887      0.000        1
  Class 2 vs. 4       459.825      0.000        1
  Class 3 vs. 4  ************      0.000        1


LATENT CLASS INDICATOR ODDS RATIOS FOR THE LATENT CLASSES

                                                95% C.I.
                    Estimate       S.E.  Lower 2.5% Upper 2.5%

Latent Class 1 Compared to Latent Class 2

 KA47A
    Category > 1       5.994      1.052      4.250      8.455
 KA47H
    Category > 1      13.606      5.897      5.818     31.816
 KA47I
    Category > 1      19.546     17.767      3.291    116.095
 KA47K
    Category > 1      24.081      4.777     16.324     35.524
 KA47L
    Category > 1     133.909     88.973     36.411    492.471

Latent Class 1 Compared to Latent Class 3

 KA47A
    Category > 1       3.982      0.988      2.449      6.475
 KA47H
    Category > 1      37.526     15.204     16.961     83.026
 KA47I
    Category > 1     170.038    182.212     20.815   1389.008
 KA47K
    Category > 1       5.105      1.143      3.292      7.919
 KA47L
    Category > 1       0.000      0.000      0.000      0.000

Latent Class 1 Compared to Latent Class 4

 KA47A
    Category > 1      39.143      5.990     29.000     52.833
 KA47H
    Category > 1     770.485    633.503    153.774   3860.521
 KA47I
    Category > 1     701.676    671.282    107.594   4575.968
 KA47K
    Category > 1     159.833     39.444     98.537    259.257
 KA47L
    Category > 1   *********      0.000  *********  *********

Latent Class 2 Compared to Latent Class 3

 KA47A
    Category > 1       0.664      0.185      0.384      1.148
 KA47H
    Category > 1       2.758      1.114      1.250      6.087
 KA47I
    Category > 1       8.699      8.841      1.187     63.767
 KA47K
    Category > 1       0.212      0.062      0.119      0.377
 KA47L
    Category > 1       0.000      0.000      0.000      0.000

Latent Class 2 Compared to Latent Class 4

 KA47A
    Category > 1       6.530      1.010      4.822      8.843
 KA47H
    Category > 1      56.629     36.084     16.242    197.443
 KA47I
    Category > 1      35.898     10.700     20.015     64.385
 KA47K
    Category > 1       6.637      1.883      3.806     11.573
 KA47L
    Category > 1   *********      0.000  *********  *********

Latent Class 3 Compared to Latent Class 4

 KA47A
    Category > 1       9.830      2.264      6.260     15.438
 KA47H
    Category > 1      20.532     15.610      4.627     91.119
 KA47I
    Category > 1       4.127      4.324      0.529     32.172
 KA47K
    Category > 1      31.306      9.822     16.926     57.903
 KA47L
    Category > 1   *********      0.000  *********  *********


MODEL COMMAND WITH FINAL ESTIMATES USED AS STARTING VALUES

     %OVERALL%

     [ c#1*-0.19463 ];
     [ c#2*-0.33038 ];
     [ c#3*-1.57640 ];

     %C#1%

     [ ka47a$1*-2.11997 ];
     [ ka47h$1*-2.73742 ];
     [ ka47i$1*-4.17189 ];
     [ ka47k$1*-1.59094 ];
     [ ka47l$1*-3.18740 ];

     %C#2%

     [ ka47a$1*-0.32915 ];
     [ ka47h$1*-0.12692 ];
     [ ka47i$1*-1.19911 ];
     [ ka47k$1*1.59049 ];
     [ ka47l$1*1.70976 ];

     %C#3%

     [ ka47a$1*-0.73824 ];
     [ ka47h$1*0.88761 ];
     [ ka47i$1*0.96413 ];
     [ ka47k$1*0.03938 ];
     [ ka47l$1*-15 ];

     %C#4%

     [ ka47a$1*1.54725 ];
     [ ka47h$1*3.90960 ];
     [ ka47i$1*2.38158 ];
     [ ka47k$1*3.48319 ];
     [ ka47l$1*15 ];



RESIDUAL OUTPUT


     RESIDUAL OUTPUT IS NOT AVAILABLE FOR THIS MODEL.  ADDITIONAL OUTPUT FOR
     CATEGORICAL, COUNT, AND NOMINAL VARIABLES MAY BE AVAILABLE USING TECH10.


TECHNICAL 11 OUTPUT

     Random Starts Specifications for the k-1 Class Analysis Model
        Number of initial stage random starts                  20
        Number of final stage optimizations                     4



     VUONG-LO-MENDELL-RUBIN LIKELIHOOD RATIO TEST FOR 3 (H0) VERSUS 4 CLASSES

          H0 Loglikelihood Value                        -8814.564
          2 Times the Loglikelihood Difference            144.653
          Difference in the Number of Parameters                6
          Mean                                              4.173
          Standard Deviation                                6.787
          P-Value                                          0.0000

     LO-MENDELL-RUBIN ADJUSTED LRT TEST

          Value                                           141.744
          P-Value                                          0.0000


TECHNICAL 14 OUTPUT

     Random Starts Specifications for the k-1 Class Analysis Model
        Number of initial stage random starts                  20
        Number of final stage optimizations                     4

     Random Starts Specification for the k-1 Class Model for Generated Data
        Number of initial stage random starts                   0
        Number of final stage optimizations for the
           initial stage random starts                          0
     Random Starts Specification for the k Class Model for Generated Data
        Number of initial stage random starts                  40
        Number of final stage optimizations                     8
     Number of bootstrap draws requested                   Varies


     PARAMETRIC BOOTSTRAPPED LIKELIHOOD RATIO TEST FOR 3 (H0) VERSUS 4 CLASSES

          H0 Loglikelihood Value                        -8814.564
          2 Times the Loglikelihood Difference            144.653
          Difference in the Number of Parameters                6
          Approximate P-Value                              0.0000
          Successful Bootstrap Draws                            5


SAVEDATA INFORMATION


  Save file
    savedata.dat

  Order and format of variables

    KA47A          F10.3
    KA47H          F10.3
    KA47I          F10.3
    KA47K          F10.3
    KA47L          F10.3
    FEMALE         F10.3
    MOTHED         F10.3
    ISCIIRT        F10.3
    KA9B           F10.3
    KA9D           F10.3
    KA9G           F10.3
    KA9K           F10.3
    URM            F10.3
    CPROB1         F10.3
    CPROB2         F10.3
    CPROB3         F10.3
    CPROB4         F10.3
    MLCC           F10.3

  Save file format
    18F10.3

  Save file record length    10000

  Save missing symbol        *


     Beginning Time:  17:03:00
        Ending Time:  17:03:02
       Elapsed Time:  00:00:02



MUTHEN & MUTHEN
3463 Stoner Ave.
Los Angeles, CA  90066

Tel: (310) 391-9971
Fax: (310) 391-8971
Web: www.StatModel.com
Support: Support@StatModel.com

Copyright (c) 1998-2025 Muthen & Muthen
