Mplus VERSION 8.11 (Mac)
MUTHEN & MUTHEN
05/21/2025  10:15 PM

INPUT INSTRUCTIONS

  TITLE:
  Step 1_2class
  DATA:
  FILE = "Step1_2class.dat";

  VARIABLE:
  NAMES = ResponseId Family PhysPeers NonPhysPeers HSPhysTeach NonPhysFaculty
       PhysFaculty ResearchGrp WiPGroup GIPGroup ReligOrg OtherIdent SocialComm
       MentalHlth Woman Transgender NonBinary White Asian Hispanic Black MidEastern
       NatAmerican PacificIslander InstitutionType AcademicYear Identity;
   MISSING=.;
   categorical = Family-MentalHlth;
     usevar = Family-MentalHlth;

     classes = c(2);

     auxiliary =   ! list all potential covariates and distals here
     Woman NonBinary Transgender     ! covariate
     Identity;      ! distal outcome
  ANALYSIS:
  estimator = mlr;
      type = mixture;
      starts = 0;
      optseed = 987090;
  OUTPUT:
  residual tech11 tech14
  SAVEDATA:
  File=3step_savedata.dat;
      Save=cprob;
  PLOT:
  type = plot3;
      series = Family-MentalHlth(*);



*** WARNING in VARIABLE command
  Note that only the first 8 characters of variable names are used in the output.
  Shorten variable names to avoid any confusion.
*** WARNING in PLOT command
  Note that only the first 8 characters of variable names are used in plots.
  If variable names are not unique within the first 8 characters, problems
  may occur.
   2 WARNING(S) FOUND IN THE INPUT INSTRUCTIONS




Step 1_2class

SUMMARY OF ANALYSIS

Number of groups                                                 1
Number of observations                                         567

Number of dependent variables                                   13
Number of independent variables                                  0
Number of continuous latent variables                            0
Number of categorical latent variables                           1

Observed dependent variables

  Binary and ordered categorical (ordinal)
   FAMILY      PHYSPEER    NONPHYSP    HSPHYSTE    NONPHYSF    PHYSFACU
   RESEARCH    WIPGROUP    GIPGROUP    RELIGORG    OTHERIDE    SOCIALCO
   MENTALHL

Observed auxiliary variables
   WOMAN       NONBINARY   TRANSGENDE  IDENTITY

Categorical latent variables
   C


Estimator                                                      MLR
Information matrix                                        OBSERVED
Optimization Specifications for the Quasi-Newton Algorithm for
Continuous Outcomes
  Maximum number of iterations                                 100
  Convergence criterion                                  0.100D-05
Optimization Specifications for the EM Algorithm
  Maximum number of iterations                                 500
  Convergence criteria
    Loglikelihood change                                 0.100D-06
    Relative loglikelihood change                        0.100D-06
    Derivative                                           0.100D-05
Optimization Specifications for the M step of the EM Algorithm for
Categorical Latent variables
  Number of M step iterations                                    1
  M step convergence criterion                           0.100D-05
  Basis for M step termination                           ITERATION
Optimization Specifications for the M step of the EM Algorithm for
Censored, Binary or Ordered Categorical (Ordinal), Unordered
Categorical (Nominal) and Count Outcomes
  Number of M step iterations                                    1
  M step convergence criterion                           0.100D-05
  Basis for M step termination                           ITERATION
  Maximum value for logit thresholds                            15
  Minimum value for logit thresholds                           -15
  Minimum expected cell size for chi-square              0.100D-01
Maximum number of iterations for H1                           2000
Convergence criterion for H1                             0.100D-03
Optimization algorithm                                         EMA
Random Starts Specifications
  Random seed for analysis                                  987090
Link                                                         LOGIT

Input data file(s)
  Step1_2class.dat
Input data format  FREE


SUMMARY OF DATA

     Number of missing data patterns             1
     Number of y missing data patterns           0
     Number of u missing data patterns           1


COVARIANCE COVERAGE OF DATA

Minimum covariance coverage value   0.100


UNIVARIATE PROPORTIONS AND COUNTS FOR CATEGORICAL VARIABLES

    FAMILY
      Category 1    0.351          199.000
      Category 2    0.649          368.000
    PHYSPEER
      Category 1    0.146           83.000
      Category 2    0.854          484.000
    NONPHYSP
      Category 1    0.266          151.000
      Category 2    0.734          416.000
    HSPHYSTE
      Category 1    0.755          428.000
      Category 2    0.245          139.000
    NONPHYSF
      Category 1    0.764          433.000
      Category 2    0.236          134.000
    PHYSFACU
      Category 1    0.259          147.000
      Category 2    0.741          420.000
    RESEARCH
      Category 1    0.462          262.000
      Category 2    0.538          305.000
    WIPGROUP
      Category 1    0.492          279.000
      Category 2    0.508          288.000
    GIPGROUP
      Category 1    0.727          412.000
      Category 2    0.273          155.000
    RELIGORG
      Category 1    0.922          523.000
      Category 2    0.078           44.000
    OTHERIDE
      Category 1    0.961          545.000
      Category 2    0.039           22.000
    SOCIALCO
      Category 1    0.778          441.000
      Category 2    0.222          126.000
    MENTALHL
      Category 1    0.788          447.000
      Category 2    0.212          120.000



THE MODEL ESTIMATION TERMINATED NORMALLY



MODEL FIT INFORMATION

Number of Free Parameters                       27

Loglikelihood

          H0 Value                       -3647.649
          H0 Scaling Correction Factor      1.0713
            for MLR

Information Criteria

          Akaike (AIC)                    7349.298
          Bayesian (BIC)                  7466.488
          Sample-Size Adjusted BIC        7380.775
            (n* = (n + 2) / 24)

Chi-Square Test of Model Fit for the Binary and Ordered Categorical
(Ordinal) Outcomes**

          Pearson Chi-Square

          Value                           2417.386
          Degrees of Freedom                  8152
          P-Value                           1.0000

          Likelihood Ratio Chi-Square

          Value                           1050.809
          Degrees of Freedom                  8152
          P-Value                           1.0000

** Of the 8192 cells in the latent class indicator table, 12
   were deleted in the calculation of chi-square due to extreme values.



FINAL CLASS COUNTS AND PROPORTIONS FOR THE LATENT CLASSES
BASED ON THE ESTIMATED MODEL

    Latent
   Classes

       1        419.00825          0.73899
       2        147.99175          0.26101


FINAL CLASS COUNTS AND PROPORTIONS FOR THE LATENT CLASSES
BASED ON ESTIMATED POSTERIOR PROBABILITIES

    Latent
   Classes

       1        419.00825          0.73899
       2        147.99175          0.26101


FINAL CLASS COUNTS AND PROPORTIONS FOR THE LATENT CLASSES
BASED ON THEIR MOST LIKELY LATENT CLASS MEMBERSHIP

Class Counts and Proportions

    Latent
   Classes

       1              427          0.75309
       2              140          0.24691


CLASSIFICATION QUALITY

     Entropy                         0.766


Average Latent Class Probabilities for Most Likely Latent Class Membership (Row)
by Latent Class (Column)

           1        2

    1   0.948    0.052
    2   0.101    0.899


Classification Probabilities for the Most Likely Latent Class Membership (Column)
by Latent Class (Row)

           1        2

    1   0.966    0.034
    2   0.149    0.851


Logits for the Classification Probabilities for the Most Likely Latent Class Membership (Column)
by Latent Class (Row)

              1        2

    1      3.358    0.000
    2     -1.741    0.000


MODEL RESULTS

                                                    Two-Tailed
                    Estimate       S.E.  Est./S.E.    P-Value

Latent Class 1

 Thresholds
    FAMILY$1          -1.007      0.121     -8.348      0.000
    PHYSPEER$1        -3.237      0.496     -6.522      0.000
    NONPHYSP$1        -1.847      0.184    -10.021      0.000
    HSPHYSTE$1         0.991      0.117      8.493      0.000
    NONPHYSF$1         0.869      0.115      7.528      0.000
    PHYSFACU$1        -2.098      0.226     -9.269      0.000
    RESEARCH$1        -0.606      0.116     -5.239      0.000
    WIPGROUP$1        -0.470      0.124     -3.784      0.000
    GIPGROUP$1         0.549      0.122      4.516      0.000
    RELIGORG$1         2.321      0.177     13.094      0.000
    OTHERIDE$1         2.944      0.230     12.793      0.000
    SOCIALCO$1         0.922      0.119      7.729      0.000
    MENTALHL$1         1.115      0.119      9.393      0.000

Latent Class 2

 Thresholds
    FAMILY$1           0.352      0.224      1.573      0.116
    PHYSPEER$1        -0.185      0.227     -0.814      0.416
    NONPHYSP$1         0.553      0.252      2.197      0.028
    HSPHYSTE$1         1.564      0.254      6.148      0.000
    NONPHYSF$1         2.602      0.480      5.420      0.000
    PHYSFACU$1         0.771      0.314      2.458      0.014
    RESEARCH$1         1.213      0.318      3.815      0.000
    WIPGROUP$1         1.362      0.343      3.969      0.000
    GIPGROUP$1         4.491      2.294      1.957      0.050
    RELIGORG$1         3.072      0.487      6.306      0.000
    OTHERIDE$1         4.949      1.036      4.777      0.000
    SOCIALCO$1         3.038      0.611      4.973      0.000
    MENTALHL$1         2.073      0.332      6.246      0.000

Categorical Latent Variables

 Means
    C#1                1.041      0.189      5.513      0.000


QUALITY OF NUMERICAL RESULTS

     Condition Number for the Information Matrix              0.346E-02
       (ratio of smallest to largest eigenvalue)


RESULTS IN PROBABILITY SCALE

                                                    Two-Tailed
                    Estimate       S.E.  Est./S.E.    P-Value

Latent Class 1

 FAMILY
    Category 1         0.268      0.024     11.316      0.000
    Category 2         0.732      0.024     30.980      0.000
 PHYSPEERS
    Category 1         0.038      0.018      2.094      0.036
    Category 2         0.962      0.018     53.324      0.000
 NONPHYSPEE
    Category 1         0.136      0.022      6.279      0.000
    Category 2         0.864      0.022     39.832      0.000
 HSPHYSTEAC
    Category 1         0.729      0.023     31.653      0.000
    Category 2         0.271      0.023     11.745      0.000
 NONPHYSFAC
    Category 1         0.705      0.024     29.316      0.000
    Category 2         0.295      0.024     12.292      0.000
 PHYSFACULT
    Category 1         0.109      0.022      4.961      0.000
    Category 2         0.891      0.022     40.422      0.000
 RESEARCHGR
    Category 1         0.353      0.026     13.366      0.000
    Category 2         0.647      0.026     24.496      0.000
 WIPGROUP
    Category 1         0.385      0.029     13.090      0.000
    Category 2         0.615      0.029     20.939      0.000
 GIPGROUP
    Category 1         0.634      0.028     22.461      0.000
    Category 2         0.366      0.028     12.967      0.000
 RELIGORG
    Category 1         0.911      0.014     63.114      0.000
    Category 2         0.089      0.014      6.194      0.000
 OTHERIDENT
    Category 1         0.950      0.011     86.878      0.000
    Category 2         0.050      0.011      4.574      0.000
 SOCIALCOMM
    Category 1         0.715      0.024     29.461      0.000
    Category 2         0.285      0.024     11.717      0.000
 MENTALHLTH
    Category 1         0.753      0.022     34.114      0.000
    Category 2         0.247      0.022     11.186      0.000

Latent Class 2

 FAMILY
    Category 1         0.587      0.054     10.812      0.000
    Category 2         0.413      0.054      7.601      0.000
 PHYSPEERS
    Category 1         0.454      0.056      8.052      0.000
    Category 2         0.546      0.056      9.688      0.000
 NONPHYSPEE
    Category 1         0.635      0.058     10.883      0.000
    Category 2         0.365      0.058      6.261      0.000
 HSPHYSTEAC
    Category 1         0.827      0.036     22.713      0.000
    Category 2         0.173      0.036      4.752      0.000
 NONPHYSFAC
    Category 1         0.931      0.031     30.184      0.000
    Category 2         0.069      0.031      2.237      0.025
 PHYSFACULT
    Category 1         0.684      0.068     10.077      0.000
    Category 2         0.316      0.068      4.660      0.000
 RESEARCHGR
    Category 1         0.771      0.056     13.723      0.000
    Category 2         0.229      0.056      4.079      0.000
 WIPGROUP
    Category 1         0.796      0.056     14.290      0.000
    Category 2         0.204      0.056      3.660      0.000
 GIPGROUP
    Category 1         0.989      0.025     39.310      0.000
    Category 2         0.011      0.025      0.441      0.659
 RELIGORG
    Category 1         0.956      0.021     46.369      0.000
    Category 2         0.044      0.021      2.148      0.032
 OTHERIDENT
    Category 1         0.993      0.007    137.102      0.000
    Category 2         0.007      0.007      0.972      0.331
 SOCIALCOMM
    Category 1         0.954      0.027     35.793      0.000
    Category 2         0.046      0.027      1.715      0.086
 MENTALHLTH
    Category 1         0.888      0.033     26.967      0.000
    Category 2         0.112      0.033      3.392      0.001


LATENT CLASS INDICATOR ODDS RATIOS FOR THE LATENT CLASSES

                                                95% C.I.
                    Estimate       S.E.  Lower 2.5% Upper 2.5%

Latent Class 1 Compared to Latent Class 2

 FAMILY
    Category > 1       3.895      1.007      2.347      6.463
 PHYSPEER
    Category > 1      21.167     12.159      6.866     65.254
 NONPHYSP
    Category > 1      11.027      3.197      6.246     19.466
 HSPHYSTE
    Category > 1       1.774      0.518      1.000      3.145
 NONPHYSF
    Category > 1       5.658      2.809      2.138     14.973
 PHYSFACU
    Category > 1      17.622      6.759      8.309     37.373
 RESEARCH
    Category > 1       6.166      2.111      3.152     12.061
 WIPGROUP
    Category > 1       6.245      2.353      2.984     13.071
 GIPGROUP
    Category > 1      51.487    118.497      0.566   4685.730
 RELIGORG
    Category > 1       2.119      1.146      0.734      6.118
 OTHERIDE
    Category > 1       7.425      7.952      0.910     60.576
 SOCIALCO
    Category > 1       8.299      5.206      2.427     28.380
 MENTALHL
    Category > 1       2.607      0.943      1.283      5.298


RESIDUAL OUTPUT


     RESIDUAL OUTPUT IS NOT AVAILABLE FOR THIS MODEL.  ADDITIONAL OUTPUT FOR
     CATEGORICAL, COUNT, AND NOMINAL VARIABLES MAY BE AVAILABLE USING TECH10.


TECHNICAL 11 OUTPUT

     Random Starts Specifications for the k-1 Class Analysis Model
        Number of initial stage random starts                  20
        Number of final stage optimizations                     4



     VUONG-LO-MENDELL-RUBIN LIKELIHOOD RATIO TEST FOR 1 (H0) VERSUS 2 CLASSES

          H0 Loglikelihood Value                        -3840.128
          2 Times the Loglikelihood Difference            384.957
          Difference in the Number of Parameters               14
          Mean                                             21.037
          Standard Deviation                               14.663
          P-Value                                          0.0000

     LO-MENDELL-RUBIN ADJUSTED LRT TEST

          Value                                           380.669
          P-Value                                          0.0000


TECHNICAL 14 OUTPUT

     Random Starts Specifications for the k-1 Class Analysis Model
        Number of initial stage random starts                  20
        Number of final stage optimizations                     4

     Random Starts Specification for the k-1 Class Model for Generated Data
        Number of initial stage random starts                   0
        Number of final stage optimizations for the
           initial stage random starts                          0
     Random Starts Specification for the k Class Model for Generated Data
        Number of initial stage random starts                  40
        Number of final stage optimizations                     8
     Number of bootstrap draws requested                   Varies


     PARAMETRIC BOOTSTRAPPED LIKELIHOOD RATIO TEST FOR 1 (H0) VERSUS 2 CLASSES

          H0 Loglikelihood Value                        -3840.128
          2 Times the Loglikelihood Difference            384.957
          Difference in the Number of Parameters               14
          Approximate P-Value                              0.0000
          Successful Bootstrap Draws                            5

     WARNING:  OF THE 5 BOOTSTRAP DRAWS, 3 DRAWS HAD BOTH A SMALLER LRT VALUE THAN THE
     OBSERVED LRT VALUE AND NOT A REPLICATED BEST LOGLIKELIHOOD VALUE FOR THE 2-CLASS MODEL.
     THIS MEANS THAT THE P-VALUE MAY NOT BE TRUSTWORTHY DUE TO LOCAL MAXIMA.
     INCREASE THE NUMBER OF RANDOM STARTS USING THE LRTSTARTS OPTION.



PLOT INFORMATION

The following plots are available:

  Histograms (sample values)
  Scatterplots (sample values)
  Sample proportions and estimated probabilities

SAVEDATA INFORMATION


  Save file
    3step_savedata.dat

  Order and format of variables

    FAMILY         F10.3
    PHYSPEER       F10.3
    NONPHYSP       F10.3
    HSPHYSTE       F10.3
    NONPHYSF       F10.3
    PHYSFACU       F10.3
    RESEARCH       F10.3
    WIPGROUP       F10.3
    GIPGROUP       F10.3
    RELIGORG       F10.3
    OTHERIDE       F10.3
    SOCIALCO       F10.3
    MENTALHL       F10.3
    WOMAN          F10.3
    NONBINAR       F10.3
    TRANSGEN       F10.3
    IDENTITY       F10.3
    CPROB1         F10.3
    CPROB2         F10.3
    C              F10.3

  Save file format
    20F10.3

  Save file record length    10000

  Save missing symbol        *


     Beginning Time:  22:15:02
        Ending Time:  22:15:03
       Elapsed Time:  00:00:01



MUTHEN & MUTHEN
3463 Stoner Ave.
Los Angeles, CA  90066

Tel: (310) 391-9971
Fax: (310) 391-8971
Web: www.StatModel.com
Support: Support@StatModel.com

Copyright (c) 1998-2024 Muthen & Muthen
