Mplus VERSION 9
MUTHEN & MUTHEN
06/04/2026   7:43 PM

INPUT INSTRUCTIONS

  TITLE:
  model 6 with 3 classes
  DATA:
  FILE = "data_49fcf53fbfe2cbd403ca0d1914083a06.dat";
  VARIABLE:
  NAMES = z_ASCI_IA z_AMSC z_EB z_MSLQ z_CSC;
   MISSING=.;
   CLASSES = c1(3);

  ANALYSIS:
  TYPE = mixture;
  starts = 500 100;
  MODEL:
  %c1#1%
  z_ASCI_IA (vz_ASCI_IA1);
  z_AMSC (vz_AMSC1);
  z_EB (vz_EB1);
  z_MSLQ (vz_MSLQ1);
  z_CSC (vz_CSC1);

  z_ASCI_IA WITH z_AMSC (z_ASCI_IAWz_AMSC1);
  z_ASCI_IA WITH z_EB (z_ASCI_IAWz_EB1);
  z_ASCI_IA WITH z_MSLQ (z_ASCI_IAWz_MSLQ1);
  z_ASCI_IA WITH z_CSC (z_ASCI_IAWz_CSC1);
  z_AMSC WITH z_EB (z_AMSCWz_EB1);
  z_AMSC WITH z_MSLQ (z_AMSCWz_MSLQ1);
  z_AMSC WITH z_CSC (z_AMSCWz_CSC1);
  z_EB WITH z_MSLQ (z_EBWz_MSLQ1);
  z_EB WITH z_CSC (z_EBWz_CSC1);
  z_MSLQ WITH z_CSC (z_MSLQWz_CSC1);

  %c1#2%
  z_ASCI_IA (vz_ASCI_IA2);
  z_AMSC (vz_AMSC2);
  z_EB (vz_EB2);
  z_MSLQ (vz_MSLQ2);
  z_CSC (vz_CSC2);

  z_ASCI_IA WITH z_AMSC (z_ASCI_IAWz_AMSC2);
  z_ASCI_IA WITH z_EB (z_ASCI_IAWz_EB2);
  z_ASCI_IA WITH z_MSLQ (z_ASCI_IAWz_MSLQ2);
  z_ASCI_IA WITH z_CSC (z_ASCI_IAWz_CSC2);
  z_AMSC WITH z_EB (z_AMSCWz_EB2);
  z_AMSC WITH z_MSLQ (z_AMSCWz_MSLQ2);
  z_AMSC WITH z_CSC (z_AMSCWz_CSC2);
  z_EB WITH z_MSLQ (z_EBWz_MSLQ2);
  z_EB WITH z_CSC (z_EBWz_CSC2);
  z_MSLQ WITH z_CSC (z_MSLQWz_CSC2);

  %c1#3%
  z_ASCI_IA (vz_ASCI_IA3);
  z_AMSC (vz_AMSC3);
  z_EB (vz_EB3);
  z_MSLQ (vz_MSLQ3);
  z_CSC (vz_CSC3);

  z_ASCI_IA WITH z_AMSC (z_ASCI_IAWz_AMSC3);
  z_ASCI_IA WITH z_EB (z_ASCI_IAWz_EB3);
  z_ASCI_IA WITH z_MSLQ (z_ASCI_IAWz_MSLQ3);
  z_ASCI_IA WITH z_CSC (z_ASCI_IAWz_CSC3);
  z_AMSC WITH z_EB (z_AMSCWz_EB3);
  z_AMSC WITH z_MSLQ (z_AMSCWz_MSLQ3);
  z_AMSC WITH z_CSC (z_AMSCWz_CSC3);
  z_EB WITH z_MSLQ (z_EBWz_MSLQ3);
  z_EB WITH z_CSC (z_EBWz_CSC3);
  z_MSLQ WITH z_CSC (z_MSLQWz_CSC3);


  OUTPUT:
  TECH14;
  sampstat residual tech11 tech14
  SAVEDATA:
  FILE IS model_6_class_3.dat;
  SAVE = cprobabilities;



*** WARNING in VARIABLE command
  Note that only the first 8 characters of variable names are used in the output.
  Shorten variable names to avoid any confusion.
*** WARNING in MODEL command
  All variables are uncorrelated with all other variables within class.
  Check that this is what is intended.
   2 WARNING(S) FOUND IN THE INPUT INSTRUCTIONS




model 6 with 3 classes

SUMMARY OF ANALYSIS

Number of groups                                                 1
Number of observations                                         269

Number of dependent variables                                    5
Number of independent variables                                  0
Number of continuous latent variables                            0
Number of categorical latent variables                           1

Observed dependent variables

  Continuous
   Z_ASCI_IA   Z_AMSC      Z_EB        Z_MSLQ      Z_CSC

Categorical latent variables
   C1


Estimator                                                      MLR
Information matrix                                        OBSERVED
Optimization Specifications for the Quasi-Newton Algorithm for
Continuous Outcomes
  Maximum number of iterations                                 100
  Convergence criterion                                  0.100D-05
Optimization Specifications for the EM Algorithm
  Maximum number of iterations                                 500
  Convergence criteria
    Loglikelihood change                                 0.100D-06
    Relative loglikelihood change                        0.100D-06
    Derivative                                           0.100D-05
Optimization Specifications for the M step of the EM Algorithm for
Categorical Latent Variables
  Number of M step iterations                                    1
  M step convergence criterion                           0.100D-05
  Basis for M step termination                           ITERATION
Optimization Specifications for the M step of the EM Algorithm for
Censored, Binary or Ordered Categorical (Ordinal), Unordered
Categorical (Nominal) and Count Outcomes
  Number of M step iterations                                    1
  M step convergence criterion                           0.100D-05
  Basis for M step termination                           ITERATION
  Maximum value for logit thresholds                            15
  Minimum value for logit thresholds                           -15
  Minimum expected cell size for chi-square              0.100D-01
Maximum number of iterations for H1                           2000
Convergence criterion for H1                             0.100D-03
Optimization algorithm                                         EMA
Random Starts Specifications
  Number of initial stage random starts                        500
  Number of final stage optimizations                          100
  Number of initial stage iterations                            10
  Initial stage convergence criterion                    0.100D+01
  Random starts scale                                    0.500D+01
  Random seed for generating random starts                       0

Input data file(s)
  data_49fcf53fbfe2cbd403ca0d1914083a06.dat
Input data format  FREE


SUMMARY OF DATA

     Number of missing data patterns             1
     Number of y missing data patterns           1
     Number of u missing data patterns           0


COVARIANCE COVERAGE OF DATA

Minimum covariance coverage value   0.100


     PROPORTION OF DATA PRESENT FOR Y


           Covariance Coverage
              Z_ASCI_I      Z_AMSC        Z_EB          Z_MSLQ        Z_CSC
              ________      ________      ________      ________      ________
 Z_ASCI_I       1.000
 Z_AMSC         1.000         1.000
 Z_EB           1.000         1.000         1.000
 Z_MSLQ         1.000         1.000         1.000         1.000
 Z_CSC          1.000         1.000         1.000         1.000         1.000


SAMPLE STATISTICS


     ESTIMATED SAMPLE STATISTICS


           Means
              Z_ASCI_I      Z_AMSC        Z_EB          Z_MSLQ        Z_CSC
              ________      ________      ________      ________      ________
                0.000         0.000         0.000         0.000         0.000


           Covariances
              Z_ASCI_I      Z_AMSC        Z_EB          Z_MSLQ        Z_CSC
              ________      ________      ________      ________      ________
 Z_ASCI_I       0.996
 Z_AMSC        -0.271         0.996
 Z_EB           0.143         0.019         0.996
 Z_MSLQ        -0.152         0.215        -0.370         0.996
 Z_CSC          0.100         0.161         0.337        -0.115         0.996


           Correlations
              Z_ASCI_I      Z_AMSC        Z_EB          Z_MSLQ        Z_CSC
              ________      ________      ________      ________      ________
 Z_ASCI_I       1.000
 Z_AMSC        -0.272         1.000
 Z_EB           0.144         0.019         1.000
 Z_MSLQ        -0.153         0.216        -0.371         1.000
 Z_CSC          0.101         0.161         0.339        -0.116         1.000


     MAXIMUM LOG-LIKELIHOOD VALUE FOR THE UNRESTRICTED (H1) MODEL IS -1842.405


UNIVARIATE SAMPLE STATISTICS


     UNIVARIATE HIGHER-ORDER MOMENT DESCRIPTIVE STATISTICS

         Variable/         Mean/     Skewness/   Minimum/ % with                Percentiles
        Sample Size      Variance    Kurtosis    Maximum  Min/Max      20%/60%    40%/80%    Median

     Z_ASCI_IA             0.000       0.511      -2.728    0.37%      -0.756     -0.318     -0.099
             269.000       0.996       1.105       3.624    0.37%       0.120      0.777
     Z_AMSC                0.000      -0.270      -2.810    0.37%      -0.934     -0.197      0.004
             269.000       0.996      -0.213       2.283    0.37%       0.272      0.875
     Z_EB                  0.000      -0.128      -4.510    0.37%      -0.806     -0.277     -0.013
             269.000       0.996       1.787       3.426    0.37%       0.252      0.781
     Z_MSLQ                0.000      -0.305      -3.046    1.12%      -0.820     -0.227      0.070
             269.000       0.996      -0.212       1.702    6.32%       0.367      0.812
     Z_CSC                 0.000       0.712      -2.933    0.37%      -0.936     -0.365     -0.080
             269.000       0.996       3.726       5.627    0.37%       0.206      0.776

RANDOM STARTS RESULTS RANKED FROM THE BEST TO THE WORST LOGLIKELIHOOD VALUES

144 perturbed starting value run(s) did not converge in the initial stage
optimizations.

Final stage loglikelihood values at local maxima, seeds, and initial stage start numbers:

           -1756.403  238906           430
           -1758.136  551639           55
           -1759.890  824126           287
           -1760.991  475420           71
           -1762.793  748692           204
           -1765.249  887676           22
           -1765.541  691234           250
           -1765.784  303634           169
           -1766.112  830529           279
           -1767.980  195763           358
           -1769.572  617243           237
           -1769.809  206099           363
           -1770.391  879338           309
           -1772.122  502532           445
           -1773.183  887580           493
           -1774.677  217130           443
           -1775.377  903369           134
           -1775.739  857799           315
           -1777.027  349562           359
           -1778.183  402224           91
           -1778.183  939709           112
           -1779.419  286735           175
           -1780.236  991329           182
           -1780.372  39136            226
           -1780.804  562716           300
           -1782.001  783102           433
           -1782.125  714997           399
           -1782.321  415502           194
           -1782.438  15715            274
           -1782.666  728038           177
           -1782.680  156536           245
           -1783.171  182524           373
           -1783.219  1548             384
           -1783.325  529496           343
           -1784.118  741888           138
           -1784.375  137377           397
           -1784.427  485483           498
           -1784.538  851945           18
           -1784.722  425982           485
           -1785.267  534483           290
           -1789.895  722748           346

Unperturbed starting value run did not converge or was rejected in the third stage.

58 perturbed starting value run(s) did not converge or were rejected in the third stage.



     WARNING:  THE BEST LOGLIKELIHOOD VALUE WAS NOT REPLICATED.  THE
     SOLUTION MAY NOT BE TRUSTWORTHY DUE TO LOCAL MAXIMA.  INCREASE THE
     NUMBER OF RANDOM STARTS.

     THE STANDARD ERRORS OF THE MODEL PARAMETER ESTIMATES MAY NOT BE
     TRUSTWORTHY FOR SOME PARAMETERS DUE TO A NON-POSITIVE DEFINITE
     FIRST-ORDER DERIVATIVE PRODUCT MATRIX.  THIS MAY BE DUE TO THE STARTING
     VALUES BUT MAY ALSO BE AN INDICATION OF MODEL NONIDENTIFICATION.  THE
     CONDITION NUMBER IS      -0.718D-17.  PROBLEM INVOLVING THE FOLLOWING PARAMETER:
     Parameter 46, %C1#3%: Z_ASCI_IA (equality/label)

     THE FOLLOWING SET OF PARAMETERS IS INVOLVED IN THE NON-IDENTIFICATION
     Parameter 41, %C1#3%: [ Z_ASCI_IA ]
     Parameter 42, %C1#3%: [ Z_AMSC ]
     Parameter 43, %C1#3%: [ Z_EB ]
     Parameter 44, %C1#3%: [ Z_MSLQ ]
     Parameter 45, %C1#3%: [ Z_CSC ]
     Parameter 46, %C1#3%: Z_ASCI_IA (equality/label)


THE MODEL ESTIMATION TERMINATED NORMALLY



MODEL FIT INFORMATION

Number of Free Parameters                       62

Loglikelihood

          H0 Value                       -1756.403
          H0 Scaling Correction Factor      1.0397
            for MLR

Information Criteria

          Akaike (AIC)                    3636.807
          Bayesian (BIC)                  3859.679
          Sample-Size Adjusted BIC        3663.099
            (n* = (n + 2) / 24)



FINAL CLASS COUNTS AND PROPORTIONS FOR THE LATENT CLASSES
BASED ON THE ESTIMATED MODEL

    Latent
   Classes

       1        247.45555          0.91991
       2         15.54893          0.05780
       3          5.99552          0.02229


FINAL CLASS COUNTS AND PROPORTIONS FOR THE LATENT CLASSES
BASED ON ESTIMATED POSTERIOR PROBABILITIES

    Latent
   Classes

       1        247.45555          0.91991
       2         15.54893          0.05780
       3          5.99552          0.02229


FINAL CLASS COUNTS AND PROPORTIONS FOR THE LATENT CLASSES
BASED ON THEIR MOST LIKELY LATENT CLASS MEMBERSHIP

Class Counts and Proportions

    Latent
   Classes

       1              246          0.91450
       2               17          0.06320
       3                6          0.02230


CLASSIFICATION QUALITY

     Entropy                         0.968


Average Latent Class Probabilities for Most Likely Latent Class Membership (Row)
by Latent Class (Column)

           1        2        3

    1   0.994    0.006    0.000
    2   0.169    0.831    0.000
    3   0.001    0.000    0.999


Classification Probabilities for the Most Likely Latent Class Membership (Column)
by Latent Class (Row)

           1        2        3

    1   0.988    0.012    0.000
    2   0.092    0.908    0.000
    3   0.000    0.000    1.000


Logits for the Classification Probabilities for the Most Likely Latent Class Membership (Column)
by Latent Class (Row)

              1        2        3

    1     10.907    6.465    0.000
    2     11.428   13.719    0.000
    3    -13.816  -13.816    0.000


MODEL RESULTS

                                                    Two-Tailed
                    Estimate       S.E.  Est./S.E.    P-Value

Latent Class 1

 Z_ASCI_I WITH
    Z_AMSC            -0.256      0.056     -4.568      0.000
    Z_EB               0.085      0.063      1.356      0.175
    Z_MSLQ            -0.113      0.060     -1.890      0.059
    Z_CSC              0.058      0.053      1.092      0.275

 Z_AMSC   WITH
    Z_EB               0.036      0.063      0.569      0.569
    Z_MSLQ             0.151      0.063      2.405      0.016
    Z_CSC              0.149      0.061      2.424      0.015

 Z_EB     WITH
    Z_MSLQ            -0.351      0.058     -6.064      0.000
    Z_CSC              0.298      0.070      4.243      0.000

 Z_MSLQ   WITH
    Z_CSC             -0.140      0.055     -2.554      0.011

 Means
    Z_ASCI_IA          0.002      0.061      0.034      0.973
    Z_AMSC            -0.085      0.064     -1.328      0.184
    Z_EB               0.027      0.062      0.430      0.667
    Z_MSLQ            -0.076      0.066     -1.149      0.251
    Z_CSC             -0.061      0.058     -1.048      0.295

 Variances
    Z_ASCI_IA          0.844      0.095      8.882      0.000
    Z_AMSC             0.949      0.083     11.452      0.000
    Z_EB               0.922      0.100      9.214      0.000
    Z_MSLQ             0.954      0.086     11.120      0.000
    Z_CSC              0.831      0.076     10.946      0.000

Latent Class 2

 Z_ASCI_I WITH
    Z_AMSC            -0.397      0.168     -2.367      0.018
    Z_EB              -0.186      0.553     -0.337      0.736
    Z_MSLQ             0.183      0.208      0.880      0.379
    Z_CSC             -0.473      0.249     -1.902      0.057

 Z_AMSC   WITH
    Z_EB               0.447      0.397      1.127      0.260
    Z_MSLQ             0.040      0.103      0.391      0.695
    Z_CSC              0.096      0.100      0.961      0.337

 Z_EB     WITH
    Z_MSLQ             0.244      0.218      1.120      0.263
    Z_CSC              0.247      0.270      0.916      0.359

 Z_MSLQ   WITH
    Z_CSC             -0.200      0.136     -1.466      0.143

 Means
    Z_ASCI_IA         -0.853      0.566     -1.508      0.132
    Z_AMSC             1.107      0.194      5.698      0.000
    Z_EB              -0.774      0.384     -2.015      0.044
    Z_MSLQ             1.204      0.162      7.432      0.000
    Z_CSC              0.066      0.234      0.281      0.779

 Variances
    Z_ASCI_IA          1.022      0.727      1.406      0.160
    Z_AMSC             0.338      0.117      2.893      0.004
    Z_EB               1.548      0.992      1.560      0.119
    Z_MSLQ             0.228      0.073      3.107      0.002
    Z_CSC              0.493      0.272      1.811      0.070

Latent Class 3

 Z_ASCI_I WITH
    Z_AMSC             0.495      0.334      1.481      0.138
    Z_EB              -0.266      0.215     -1.234      0.217
    Z_MSLQ            -0.036      0.377     -0.096      0.924
    Z_CSC             -1.506      0.544     -2.767      0.006

 Z_AMSC   WITH
    Z_EB              -0.089      0.153     -0.579      0.563
    Z_MSLQ            -0.431      0.401     -1.073      0.283
    Z_CSC             -1.113      0.819     -1.359      0.174

 Z_EB     WITH
    Z_MSLQ            -0.255      0.095     -2.697      0.007
    Z_CSC              0.246      0.300      0.818      0.413

 Z_MSLQ   WITH
    Z_CSC              0.670      0.883      0.759      0.448

 Means
    Z_ASCI_IA          2.127      0.363      5.857      0.000
    Z_AMSC             0.652      0.357      1.828      0.068
    Z_EB               0.913      0.185      4.942      0.000
    Z_MSLQ             0.021      0.355      0.059      0.953
    Z_CSC              2.346      0.761      3.083      0.002

 Variances
    Z_ASCI_IA          0.791      0.320      2.475      0.013
    Z_AMSC             0.762      0.334      2.277      0.023
    Z_EB               0.204      0.122      1.673      0.094
    Z_MSLQ             0.754      0.305      2.475      0.013
    Z_CSC              3.468      1.401      2.476      0.013

Categorical Latent Variables

 Means
    C1#1               3.720      0.414      8.988      0.000
    C1#2               0.953      0.565      1.688      0.091


QUALITY OF NUMERICAL RESULTS

     Condition Number for the Information Matrix             -0.718E-17
       (ratio of smallest to largest eigenvalue)


LATENT CLASS INDICATOR MEANS AND PROBABILITIES FOR EACH LATENT CLASS

     MEAN/PROBABILITY PROFILES FOR C1
                       Latent class
                     1      2      3
     Z_ASCI_I      0.002 -0.853  2.127
     Z_AMSC       -0.085  1.107  0.652
     Z_EB          0.027 -0.774  0.913
     Z_MSLQ       -0.076  1.204  0.021
     Z_CSC        -0.061  0.066  2.346


EQUALITY TESTS OF MEANS ACROSS THE LATENT CLASSES

                    Chi-Square     P-Value   Degrees of Freedom


Z_ASCI_I
  Overall test         36.444      0.000        2
  Class 1 vs. 2         2.159      0.142        1
  Class 1 vs. 3        33.295      0.000        1
  Class 2 vs. 3        19.660      0.000        1

Z_AMSC
  Overall test         39.070      0.000        2
  Class 1 vs. 2        35.877      0.000        1
  Class 1 vs. 3         4.140      0.042        1
  Class 2 vs. 3         1.252      0.263        1

Z_EB
  Overall test         25.724      0.000        2
  Class 1 vs. 2         4.299      0.038        1
  Class 1 vs. 3        20.719      0.000        1
  Class 2 vs. 3        15.670      0.000        1

Z_MSLQ
  Overall test         49.822      0.000        2
  Class 1 vs. 2        49.713      0.000        1
  Class 1 vs. 3         0.072      0.788        1
  Class 2 vs. 3         9.204      0.002        1

Z_CSC
  Overall test         10.147      0.006        2
  Class 1 vs. 2         0.268      0.605        1
  Class 1 vs. 3         9.948      0.002        1
  Class 2 vs. 3         8.204      0.004        1


RESIDUAL OUTPUT


     ESTIMATED MODEL AND RESIDUALS (OBSERVED - ESTIMATED) FOR CLASS 1


           Model Estimated Means
              Z_ASCI_I      Z_AMSC        Z_EB          Z_MSLQ        Z_CSC
              ________      ________      ________      ________      ________
                0.002        -0.085         0.027        -0.076        -0.061


           Residuals for Means
              Z_ASCI_I      Z_AMSC        Z_EB          Z_MSLQ        Z_CSC
              ________      ________      ________      ________      ________
                0.000         0.000         0.000         0.000         0.000


           Model Estimated Covariances
              Z_ASCI_I      Z_AMSC        Z_EB          Z_MSLQ        Z_CSC
              ________      ________      ________      ________      ________
 Z_ASCI_I       0.844
 Z_AMSC        -0.256         0.949
 Z_EB           0.085         0.036         0.922
 Z_MSLQ        -0.113         0.151        -0.351         0.954
 Z_CSC          0.058         0.149         0.298        -0.140         0.831


           Residuals for Covariances
              Z_ASCI_I      Z_AMSC        Z_EB          Z_MSLQ        Z_CSC
              ________      ________      ________      ________      ________
 Z_ASCI_I       0.000
 Z_AMSC         0.000         0.000
 Z_EB           0.000         0.000         0.000
 Z_MSLQ         0.000         0.000         0.000         0.000
 Z_CSC          0.000         0.000         0.000         0.000         0.000


     ESTIMATED MODEL AND RESIDUALS (OBSERVED - ESTIMATED) FOR CLASS 2


           Model Estimated Means
              Z_ASCI_I      Z_AMSC        Z_EB          Z_MSLQ        Z_CSC
              ________      ________      ________      ________      ________
               -0.853         1.107        -0.774         1.204         0.066


           Residuals for Means
              Z_ASCI_I      Z_AMSC        Z_EB          Z_MSLQ        Z_CSC
              ________      ________      ________      ________      ________
                0.000         0.000         0.000         0.000         0.000


           Model Estimated Covariances
              Z_ASCI_I      Z_AMSC        Z_EB          Z_MSLQ        Z_CSC
              ________      ________      ________      ________      ________
 Z_ASCI_I       1.022
 Z_AMSC        -0.397         0.338
 Z_EB          -0.186         0.447         1.548
 Z_MSLQ         0.183         0.040         0.244         0.228
 Z_CSC         -0.473         0.096         0.247        -0.200         0.493


           Residuals for Covariances
              Z_ASCI_I      Z_AMSC        Z_EB          Z_MSLQ        Z_CSC
              ________      ________      ________      ________      ________
 Z_ASCI_I       0.000
 Z_AMSC         0.000         0.000
 Z_EB           0.000         0.000         0.000
 Z_MSLQ         0.000         0.000         0.000         0.000
 Z_CSC          0.000         0.000         0.000         0.000         0.000


     ESTIMATED MODEL AND RESIDUALS (OBSERVED - ESTIMATED) FOR CLASS 3


           Model Estimated Means
              Z_ASCI_I      Z_AMSC        Z_EB          Z_MSLQ        Z_CSC
              ________      ________      ________      ________      ________
                2.127         0.652         0.913         0.021         2.346


           Residuals for Means
              Z_ASCI_I      Z_AMSC        Z_EB          Z_MSLQ        Z_CSC
              ________      ________      ________      ________      ________
                0.000         0.000         0.000         0.000         0.000


           Model Estimated Covariances
              Z_ASCI_I      Z_AMSC        Z_EB          Z_MSLQ        Z_CSC
              ________      ________      ________      ________      ________
 Z_ASCI_I       0.791
 Z_AMSC         0.495         0.762
 Z_EB          -0.266        -0.089         0.204
 Z_MSLQ        -0.036        -0.431        -0.255         0.754
 Z_CSC         -1.506        -1.113         0.246         0.670         3.468


           Residuals for Covariances
              Z_ASCI_I      Z_AMSC        Z_EB          Z_MSLQ        Z_CSC
              ________      ________      ________      ________      ________
 Z_ASCI_I       0.000
 Z_AMSC         0.000         0.000
 Z_EB           0.000         0.000         0.000
 Z_MSLQ         0.000         0.000         0.000         0.000
 Z_CSC          0.000         0.000         0.000         0.000         0.000


TECHNICAL 11 OUTPUT

     Random Starts Specifications for the k-1 Class Analysis Model
        Number of initial stage random starts                 500
        Number of final stage optimizations                   100



     VUONG-LO-MENDELL-RUBIN LIKELIHOOD RATIO TEST FOR 2 (H0) VERSUS 3 CLASSES

          H0 Loglikelihood Value                        -1781.332
          2 Times the Loglikelihood Difference             49.857
          Difference in the Number of Parameters               21
          Mean                                            114.833
          Standard Deviation                               88.630
          P-Value                                          0.7696

     LO-MENDELL-RUBIN ADJUSTED LRT TEST

          Value                                            49.436
          P-Value                                          0.7726


TECHNICAL 14 OUTPUT

     Random Starts Specifications for the k-1 Class Analysis Model
        Number of initial stage random starts                 500
        Number of final stage optimizations                   100

     Random Starts Specification for the k-1 Class Model for Generated Data
        Number of initial stage random starts                   0
        Number of final stage optimizations for the
           initial stage random starts                          0
     Random Starts Specification for the k Class Model for Generated Data
        Number of initial stage random starts                  40
        Number of final stage optimizations                     8
     Number of bootstrap draws requested                   Varies


     PARAMETRIC BOOTSTRAPPED LIKELIHOOD RATIO TEST FOR 2 (H0) VERSUS 3 CLASSES

          H0 Loglikelihood Value                        -1781.332
          2 Times the Loglikelihood Difference             49.857
          Difference in the Number of Parameters               21
          Approximate P-Value                              0.5000
          Successful Bootstrap Draws                            6

     WARNING:  20 OUT OF 26 BOOTSTRAP DRAWS DID NOT CONVERGE.
     THE P-VALUE MAY NOT BE TRUSTWORTHY.
     INCREASE THE NUMBER OF RANDOM STARTS USING THE LRTSTARTS OPTION.



SAVEDATA INFORMATION


  Save file
    model_6_class_3.dat

  Order and format of variables

    Z_ASCI_I       F10.3
    Z_AMSC         F10.3
    Z_EB           F10.3
    Z_MSLQ         F10.3
    Z_CSC          F10.3
    CPROB1         F10.3
    CPROB2         F10.3
    CPROB3         F10.3
    MLCC1          F10.3

  Save file format
    9F10.3

  Save file record length    10000

  Save missing symbol        *


     Beginning Time:  19:43:27
        Ending Time:  19:43:50
       Elapsed Time:  00:00:23



MUTHEN & MUTHEN
3463 Stoner Ave.
Los Angeles, CA  90066

Tel: (310) 391-9971
Fax: (310) 391-8971
Web: www.StatModel.com
Support: Support@StatModel.com

Copyright (c) 1998-2025 Muthen & Muthen
