Mplus VERSION 9
MUTHEN & MUTHEN
06/04/2026   7:36 PM

INPUT INSTRUCTIONS

  TITLE:
  model 1 with 2 classes
  DATA:
  FILE = "data_49fcf53fbfe2cbd403ca0d1914083a06.dat";
  VARIABLE:
  NAMES = z_ASCI_IA z_AMSC z_EB z_MSLQ z_CSC;
   MISSING=.;
   CLASSES = c1(2);

  ANALYSIS:
  TYPE = mixture;
  starts = 500 100;
  MODEL:
  %c1#1%
  z_ASCI_IA (vz_ASCI_IA);
  z_AMSC (vz_AMSC);
  z_EB (vz_EB);
  z_MSLQ (vz_MSLQ);
  z_CSC (vz_CSC);

  z_ASCI_IA WITH z_AMSC@0;
  z_ASCI_IA WITH z_EB@0;
  z_ASCI_IA WITH z_MSLQ@0;
  z_ASCI_IA WITH z_CSC@0;
  z_AMSC WITH z_EB@0;
  z_AMSC WITH z_MSLQ@0;
  z_AMSC WITH z_CSC@0;
  z_EB WITH z_MSLQ@0;
  z_EB WITH z_CSC@0;
  z_MSLQ WITH z_CSC@0;

  %c1#2%
  z_ASCI_IA (vz_ASCI_IA);
  z_AMSC (vz_AMSC);
  z_EB (vz_EB);
  z_MSLQ (vz_MSLQ);
  z_CSC (vz_CSC);

  z_ASCI_IA WITH z_AMSC@0;
  z_ASCI_IA WITH z_EB@0;
  z_ASCI_IA WITH z_MSLQ@0;
  z_ASCI_IA WITH z_CSC@0;
  z_AMSC WITH z_EB@0;
  z_AMSC WITH z_MSLQ@0;
  z_AMSC WITH z_CSC@0;
  z_EB WITH z_MSLQ@0;
  z_EB WITH z_CSC@0;
  z_MSLQ WITH z_CSC@0;


  OUTPUT:
  TECH14;
  sampstat residual tech11 tech14
  SAVEDATA:
  FILE IS model_1_class_2.dat;
  SAVE = cprobabilities;



*** WARNING in VARIABLE command
  Note that only the first 8 characters of variable names are used in the output.
  Shorten variable names to avoid any confusion.
*** WARNING in MODEL command
  All variables are uncorrelated with all other variables within class.
  Check that this is what is intended.
   2 WARNING(S) FOUND IN THE INPUT INSTRUCTIONS




model 1 with 2 classes

SUMMARY OF ANALYSIS

Number of groups                                                 1
Number of observations                                         269

Number of dependent variables                                    5
Number of independent variables                                  0
Number of continuous latent variables                            0
Number of categorical latent variables                           1

Observed dependent variables

  Continuous
   Z_ASCI_IA   Z_AMSC      Z_EB        Z_MSLQ      Z_CSC

Categorical latent variables
   C1


Estimator                                                      MLR
Information matrix                                        OBSERVED
Optimization Specifications for the Quasi-Newton Algorithm for
Continuous Outcomes
  Maximum number of iterations                                 100
  Convergence criterion                                  0.100D-05
Optimization Specifications for the EM Algorithm
  Maximum number of iterations                                 500
  Convergence criteria
    Loglikelihood change                                 0.100D-06
    Relative loglikelihood change                        0.100D-06
    Derivative                                           0.100D-05
Optimization Specifications for the M step of the EM Algorithm for
Categorical Latent Variables
  Number of M step iterations                                    1
  M step convergence criterion                           0.100D-05
  Basis for M step termination                           ITERATION
Optimization Specifications for the M step of the EM Algorithm for
Censored, Binary or Ordered Categorical (Ordinal), Unordered
Categorical (Nominal) and Count Outcomes
  Number of M step iterations                                    1
  M step convergence criterion                           0.100D-05
  Basis for M step termination                           ITERATION
  Maximum value for logit thresholds                            15
  Minimum value for logit thresholds                           -15
  Minimum expected cell size for chi-square              0.100D-01
Maximum number of iterations for H1                           2000
Convergence criterion for H1                             0.100D-03
Optimization algorithm                                         EMA
Random Starts Specifications
  Number of initial stage random starts                        500
  Number of final stage optimizations                          100
  Number of initial stage iterations                            10
  Initial stage convergence criterion                    0.100D+01
  Random starts scale                                    0.500D+01
  Random seed for generating random starts                       0

Input data file(s)
  data_49fcf53fbfe2cbd403ca0d1914083a06.dat
Input data format  FREE


SUMMARY OF DATA

     Number of missing data patterns             1
     Number of y missing data patterns           1
     Number of u missing data patterns           0


COVARIANCE COVERAGE OF DATA

Minimum covariance coverage value   0.100


     PROPORTION OF DATA PRESENT FOR Y


           Covariance Coverage
              Z_ASCI_I      Z_AMSC        Z_EB          Z_MSLQ        Z_CSC
              ________      ________      ________      ________      ________
 Z_ASCI_I       1.000
 Z_AMSC         1.000         1.000
 Z_EB           1.000         1.000         1.000
 Z_MSLQ         1.000         1.000         1.000         1.000
 Z_CSC          1.000         1.000         1.000         1.000         1.000


SAMPLE STATISTICS


     ESTIMATED SAMPLE STATISTICS


           Means
              Z_ASCI_I      Z_AMSC        Z_EB          Z_MSLQ        Z_CSC
              ________      ________      ________      ________      ________
                0.000         0.000         0.000         0.000         0.000


           Covariances
              Z_ASCI_I      Z_AMSC        Z_EB          Z_MSLQ        Z_CSC
              ________      ________      ________      ________      ________
 Z_ASCI_I       0.996
 Z_AMSC        -0.271         0.996
 Z_EB           0.143         0.019         0.996
 Z_MSLQ        -0.152         0.215        -0.370         0.996
 Z_CSC          0.100         0.161         0.337        -0.115         0.996


           Correlations
              Z_ASCI_I      Z_AMSC        Z_EB          Z_MSLQ        Z_CSC
              ________      ________      ________      ________      ________
 Z_ASCI_I       1.000
 Z_AMSC        -0.272         1.000
 Z_EB           0.144         0.019         1.000
 Z_MSLQ        -0.153         0.216        -0.371         1.000
 Z_CSC          0.101         0.161         0.339        -0.116         1.000


     MAXIMUM LOG-LIKELIHOOD VALUE FOR THE UNRESTRICTED (H1) MODEL IS -1842.405


UNIVARIATE SAMPLE STATISTICS


     UNIVARIATE HIGHER-ORDER MOMENT DESCRIPTIVE STATISTICS

         Variable/         Mean/     Skewness/   Minimum/ % with                Percentiles
        Sample Size      Variance    Kurtosis    Maximum  Min/Max      20%/60%    40%/80%    Median

     Z_ASCI_IA             0.000       0.511      -2.728    0.37%      -0.756     -0.318     -0.099
             269.000       0.996       1.105       3.624    0.37%       0.120      0.777
     Z_AMSC                0.000      -0.270      -2.810    0.37%      -0.934     -0.197      0.004
             269.000       0.996      -0.213       2.283    0.37%       0.272      0.875
     Z_EB                  0.000      -0.128      -4.510    0.37%      -0.806     -0.277     -0.013
             269.000       0.996       1.787       3.426    0.37%       0.252      0.781
     Z_MSLQ                0.000      -0.305      -3.046    1.12%      -0.820     -0.227      0.070
             269.000       0.996      -0.212       1.702    6.32%       0.367      0.812
     Z_CSC                 0.000       0.712      -2.933    0.37%      -0.936     -0.365     -0.080
             269.000       0.996       3.726       5.627    0.37%       0.206      0.776

RANDOM STARTS RESULTS RANKED FROM THE BEST TO THE WORST LOGLIKELIHOOD VALUES

Final stage loglikelihood values at local maxima, seeds, and initial stage start numbers:

           -1865.603  136842           58
           -1865.603  471438           252
           -1865.603  609185           181
           -1865.603  471040           403
           -1865.603  781190           219
           -1865.603  848890           95
           -1865.603  120506           45
           -1865.603  926797           406
           -1865.603  282464           283
           -1865.603  985387           381
           -1865.603  673496           218
           -1865.603  562716           300
           -1865.603  903369           134
           -1865.603  992389           77
           -1865.603  605565           404
           -1865.603  746978           410
           -1865.603  414828           322
           -1865.603  518828           432
           -1865.603  259507           53
           -1865.603  303634           169
           -1865.603  871851           257
           -1865.603  137377           397
           -1865.603  512836           289
           -1865.603  51375            148
           -1865.603  21132            351
           -1865.603  849670           347
           -1865.603  311214           64
           -1865.603  479273           156
           -1865.603  344422           296
           -1865.603  645664           39
           -1865.603  835767           210
           -1865.603  836066           372
           -1865.603  376411           473
           -1865.603  314084           81
           -1865.603  1548             384
           -1865.603  579995           183
           -1865.603  597614           284
           -1865.603  637345           19
           -1865.603  616917           261
           -1865.603  622860           259
           -1865.603  286735           175
           -1865.603  140442           500
           -1865.603  168762           200
           -1865.603  802682           419
           -1865.603  175199           247
           -1865.603  714997           399
           -1865.603  539751           459
           -1865.603  972873           157

52 perturbed starting value run(s) did not converge or were rejected in the third stage.



THE BEST LOGLIKELIHOOD VALUE HAS BEEN REPLICATED.  RERUN WITH AT LEAST TWICE THE
RANDOM STARTS TO CHECK THAT THE BEST LOGLIKELIHOOD IS STILL OBTAINED AND REPLICATED.


THE MODEL ESTIMATION TERMINATED NORMALLY



MODEL FIT INFORMATION

Number of Free Parameters                       16

Loglikelihood

          H0 Value                       -1865.603
          H0 Scaling Correction Factor      1.3474
            for MLR

Information Criteria

          Akaike (AIC)                    3763.205
          Bayesian (BIC)                  3820.721
          Sample-Size Adjusted BIC        3769.990
            (n* = (n + 2) / 24)



FINAL CLASS COUNTS AND PROPORTIONS FOR THE LATENT CLASSES
BASED ON THE ESTIMATED MODEL

    Latent
   Classes

       1        112.77282          0.41923
       2        156.22718          0.58077


FINAL CLASS COUNTS AND PROPORTIONS FOR THE LATENT CLASSES
BASED ON ESTIMATED POSTERIOR PROBABILITIES

    Latent
   Classes

       1        112.77282          0.41923
       2        156.22718          0.58077


FINAL CLASS COUNTS AND PROPORTIONS FOR THE LATENT CLASSES
BASED ON THEIR MOST LIKELY LATENT CLASS MEMBERSHIP

Class Counts and Proportions

    Latent
   Classes

       1              115          0.42751
       2              154          0.57249


CLASSIFICATION QUALITY

     Entropy                         0.622


Average Latent Class Probabilities for Most Likely Latent Class Membership (Row)
by Latent Class (Column)

           1        2

    1   0.862    0.138
    2   0.089    0.911


Classification Probabilities for the Most Likely Latent Class Membership (Column)
by Latent Class (Row)

           1        2

    1   0.879    0.121
    2   0.102    0.898


Logits for the Classification Probabilities for the Most Likely Latent Class Membership (Column)
by Latent Class (Row)

              1        2

    1      1.982    0.000
    2     -2.179    0.000


MODEL RESULTS

                                                    Two-Tailed
                    Estimate       S.E.  Est./S.E.    P-Value

Latent Class 1

 Z_ASCI_I WITH
    Z_AMSC             0.000      0.000    999.000    999.000
    Z_EB               0.000      0.000    999.000    999.000
    Z_MSLQ             0.000      0.000    999.000    999.000
    Z_CSC              0.000      0.000    999.000    999.000

 Z_AMSC   WITH
    Z_EB               0.000      0.000    999.000    999.000
    Z_MSLQ             0.000      0.000    999.000    999.000
    Z_CSC              0.000      0.000    999.000    999.000

 Z_EB     WITH
    Z_MSLQ             0.000      0.000    999.000    999.000
    Z_CSC              0.000      0.000    999.000    999.000

 Z_MSLQ   WITH
    Z_CSC              0.000      0.000    999.000    999.000

 Means
    Z_ASCI_IA          0.307      0.119      2.589      0.010
    Z_AMSC            -0.254      0.110     -2.304      0.021
    Z_EB               0.585      0.154      3.808      0.000
    Z_MSLQ            -0.814      0.108     -7.500      0.000
    Z_CSC              0.324      0.189      1.712      0.087

 Variances
    Z_ASCI_IA          0.928      0.106      8.732      0.000
    Z_AMSC             0.950      0.083     11.492      0.000
    Z_EB               0.749      0.115      6.529      0.000
    Z_MSLQ             0.518      0.127      4.078      0.000
    Z_CSC              0.920      0.150      6.131      0.000

Latent Class 2

 Z_ASCI_I WITH
    Z_AMSC             0.000      0.000    999.000    999.000
    Z_EB               0.000      0.000    999.000    999.000
    Z_MSLQ             0.000      0.000    999.000    999.000
    Z_CSC              0.000      0.000    999.000    999.000

 Z_AMSC   WITH
    Z_EB               0.000      0.000    999.000    999.000
    Z_MSLQ             0.000      0.000    999.000    999.000
    Z_CSC              0.000      0.000    999.000    999.000

 Z_EB     WITH
    Z_MSLQ             0.000      0.000    999.000    999.000
    Z_CSC              0.000      0.000    999.000    999.000

 Z_MSLQ   WITH
    Z_CSC              0.000      0.000    999.000    999.000

 Means
    Z_ASCI_IA         -0.222      0.100     -2.219      0.027
    Z_AMSC             0.183      0.106      1.726      0.084
    Z_EB              -0.422      0.076     -5.586      0.000
    Z_MSLQ             0.587      0.135      4.350      0.000
    Z_CSC             -0.234      0.105     -2.224      0.026

 Variances
    Z_ASCI_IA          0.928      0.106      8.732      0.000
    Z_AMSC             0.950      0.083     11.492      0.000
    Z_EB               0.749      0.115      6.529      0.000
    Z_MSLQ             0.518      0.127      4.078      0.000
    Z_CSC              0.920      0.150      6.131      0.000

Categorical Latent Variables

 Means
    C1#1              -0.326      0.257     -1.267      0.205


QUALITY OF NUMERICAL RESULTS

     Condition Number for the Information Matrix              0.357E-01
       (ratio of smallest to largest eigenvalue)


LATENT CLASS INDICATOR MEANS AND PROBABILITIES FOR EACH LATENT CLASS

     MEAN/PROBABILITY PROFILES FOR C1
                   Latent class
                     1      2
     Z_ASCI_I      0.307 -0.222
     Z_AMSC       -0.254  0.183
     Z_EB          0.585 -0.422
     Z_MSLQ       -0.814  0.587
     Z_CSC         0.324 -0.234


EQUALITY TESTS OF MEANS ACROSS THE LATENT CLASSES

                    Chi-Square     P-Value   Degrees of Freedom


Z_ASCI_I
  Overall test          9.360      0.002        1

Z_AMSC
  Overall test          6.252      0.012        1

Z_EB
  Overall test         39.195      0.000        1

Z_MSLQ
  Overall test         65.790      0.000        1

Z_CSC
  Overall test          4.492      0.034        1


RESIDUAL OUTPUT


     ESTIMATED MODEL AND RESIDUALS (OBSERVED - ESTIMATED) FOR CLASS 1


           Model Estimated Means
              Z_ASCI_I      Z_AMSC        Z_EB          Z_MSLQ        Z_CSC
              ________      ________      ________      ________      ________
                0.307        -0.254         0.585        -0.814         0.324


           Residuals for Means
              Z_ASCI_I      Z_AMSC        Z_EB          Z_MSLQ        Z_CSC
              ________      ________      ________      ________      ________
                0.000         0.000         0.000         0.000         0.000


           Model Estimated Covariances
              Z_ASCI_I      Z_AMSC        Z_EB          Z_MSLQ        Z_CSC
              ________      ________      ________      ________      ________
 Z_ASCI_I       0.928
 Z_AMSC         0.000         0.950
 Z_EB           0.000         0.000         0.749
 Z_MSLQ         0.000         0.000         0.000         0.518
 Z_CSC          0.000         0.000         0.000         0.000         0.920


           Residuals for Covariances
              Z_ASCI_I      Z_AMSC        Z_EB          Z_MSLQ        Z_CSC
              ________      ________      ________      ________      ________
 Z_ASCI_I       0.057
 Z_AMSC        -0.138        -0.038
 Z_EB           0.014         0.107         0.046
 Z_MSLQ         0.119         0.080        -0.001         0.059
 Z_CSC          0.070         0.152         0.336         0.149         0.166


     ESTIMATED MODEL AND RESIDUALS (OBSERVED - ESTIMATED) FOR CLASS 2


           Model Estimated Means
              Z_ASCI_I      Z_AMSC        Z_EB          Z_MSLQ        Z_CSC
              ________      ________      ________      ________      ________
               -0.222         0.183        -0.422         0.587        -0.234


           Residuals for Means
              Z_ASCI_I      Z_AMSC        Z_EB          Z_MSLQ        Z_CSC
              ________      ________      ________      ________      ________
                0.000         0.000         0.000         0.000         0.000


           Model Estimated Covariances
              Z_ASCI_I      Z_AMSC        Z_EB          Z_MSLQ        Z_CSC
              ________      ________      ________      ________      ________
 Z_ASCI_I       0.928
 Z_AMSC         0.000         0.950
 Z_EB           0.000         0.000         0.749
 Z_MSLQ         0.000         0.000         0.000         0.518
 Z_CSC          0.000         0.000         0.000         0.000         0.920


           Residuals for Covariances
              Z_ASCI_I      Z_AMSC        Z_EB          Z_MSLQ        Z_CSC
              ________      ________      ________      ________      ________
 Z_ASCI_I      -0.041
 Z_AMSC        -0.270         0.027
 Z_EB           0.013         0.140        -0.034
 Z_MSLQ        -0.038         0.055        -0.045        -0.042
 Z_CSC         -0.002         0.269         0.102         0.022        -0.120


TECHNICAL 11 OUTPUT

     Random Starts Specifications for the k-1 Class Analysis Model
        Number of initial stage random starts                 500
        Number of final stage optimizations                   100



     VUONG-LO-MENDELL-RUBIN LIKELIHOOD RATIO TEST FOR 1 (H0) VERSUS 2 CLASSES

          H0 Loglikelihood Value                        -1905.968
          2 Times the Loglikelihood Difference             80.730
          Difference in the Number of Parameters                6
          Mean                                             17.781
          Standard Deviation                               14.480
          P-Value                                          0.0046

     LO-MENDELL-RUBIN ADJUSTED LRT TEST

          Value                                            78.395
          P-Value                                          0.0054


TECHNICAL 14 OUTPUT

     Random Starts Specifications for the k-1 Class Analysis Model
        Number of initial stage random starts                 500
        Number of final stage optimizations                   100

     Random Starts Specification for the k-1 Class Model for Generated Data
        Number of initial stage random starts                   0
        Number of final stage optimizations for the
           initial stage random starts                          0
     Random Starts Specification for the k Class Model for Generated Data
        Number of initial stage random starts                  40
        Number of final stage optimizations                     8
     Number of bootstrap draws requested                   Varies


     PARAMETRIC BOOTSTRAPPED LIKELIHOOD RATIO TEST FOR 1 (H0) VERSUS 2 CLASSES

          H0 Loglikelihood Value                        -1905.968
          2 Times the Loglikelihood Difference             80.730
          Difference in the Number of Parameters                6
          Approximate P-Value                              0.0000
          Successful Bootstrap Draws                            5


SAVEDATA INFORMATION


  Save file
    model_1_class_2.dat

  Order and format of variables

    Z_ASCI_I       F10.3
    Z_AMSC         F10.3
    Z_EB           F10.3
    Z_MSLQ         F10.3
    Z_CSC          F10.3
    CPROB1         F10.3
    CPROB2         F10.3
    MLCC1          F10.3

  Save file format
    8F10.3

  Save file record length    10000

  Save missing symbol        *


     Beginning Time:  19:36:56
        Ending Time:  19:36:59
       Elapsed Time:  00:00:03



MUTHEN & MUTHEN
3463 Stoner Ave.
Los Angeles, CA  90066

Tel: (310) 391-9971
Fax: (310) 391-8971
Web: www.StatModel.com
Support: Support@StatModel.com

Copyright (c) 1998-2025 Muthen & Muthen
