Mplus VERSION 9
MUTHEN & MUTHEN
06/04/2026   7:42 PM

INPUT INSTRUCTIONS

  TITLE:
  model 3 with 5 classes
  DATA:
  FILE = "data_49fcf53fbfe2cbd403ca0d1914083a06.dat";
  VARIABLE:
  NAMES = z_ASCI_IA z_AMSC z_EB z_MSLQ z_CSC;
   MISSING=.;
   CLASSES = c1(5);

  ANALYSIS:
  TYPE = mixture;
  starts = 500 100;
  MODEL:
  %c1#1%
  z_ASCI_IA (vz_ASCI_IA);
  z_AMSC (vz_AMSC);
  z_EB (vz_EB);
  z_MSLQ (vz_MSLQ);
  z_CSC (vz_CSC);

  z_ASCI_IA WITH z_AMSC (z_ASCI_IAWz_AMSC);
  z_ASCI_IA WITH z_EB (z_ASCI_IAWz_EB);
  z_ASCI_IA WITH z_MSLQ (z_ASCI_IAWz_MSLQ);
  z_ASCI_IA WITH z_CSC (z_ASCI_IAWz_CSC);
  z_AMSC WITH z_EB (z_AMSCWz_EB);
  z_AMSC WITH z_MSLQ (z_AMSCWz_MSLQ);
  z_AMSC WITH z_CSC (z_AMSCWz_CSC);
  z_EB WITH z_MSLQ (z_EBWz_MSLQ);
  z_EB WITH z_CSC (z_EBWz_CSC);
  z_MSLQ WITH z_CSC (z_MSLQWz_CSC);

  %c1#2%
  z_ASCI_IA (vz_ASCI_IA);
  z_AMSC (vz_AMSC);
  z_EB (vz_EB);
  z_MSLQ (vz_MSLQ);
  z_CSC (vz_CSC);

  z_ASCI_IA WITH z_AMSC (z_ASCI_IAWz_AMSC);
  z_ASCI_IA WITH z_EB (z_ASCI_IAWz_EB);
  z_ASCI_IA WITH z_MSLQ (z_ASCI_IAWz_MSLQ);
  z_ASCI_IA WITH z_CSC (z_ASCI_IAWz_CSC);
  z_AMSC WITH z_EB (z_AMSCWz_EB);
  z_AMSC WITH z_MSLQ (z_AMSCWz_MSLQ);
  z_AMSC WITH z_CSC (z_AMSCWz_CSC);
  z_EB WITH z_MSLQ (z_EBWz_MSLQ);
  z_EB WITH z_CSC (z_EBWz_CSC);
  z_MSLQ WITH z_CSC (z_MSLQWz_CSC);

  %c1#3%
  z_ASCI_IA (vz_ASCI_IA);
  z_AMSC (vz_AMSC);
  z_EB (vz_EB);
  z_MSLQ (vz_MSLQ);
  z_CSC (vz_CSC);

  z_ASCI_IA WITH z_AMSC (z_ASCI_IAWz_AMSC);
  z_ASCI_IA WITH z_EB (z_ASCI_IAWz_EB);
  z_ASCI_IA WITH z_MSLQ (z_ASCI_IAWz_MSLQ);
  z_ASCI_IA WITH z_CSC (z_ASCI_IAWz_CSC);
  z_AMSC WITH z_EB (z_AMSCWz_EB);
  z_AMSC WITH z_MSLQ (z_AMSCWz_MSLQ);
  z_AMSC WITH z_CSC (z_AMSCWz_CSC);
  z_EB WITH z_MSLQ (z_EBWz_MSLQ);
  z_EB WITH z_CSC (z_EBWz_CSC);
  z_MSLQ WITH z_CSC (z_MSLQWz_CSC);

  %c1#4%
  z_ASCI_IA (vz_ASCI_IA);
  z_AMSC (vz_AMSC);
  z_EB (vz_EB);
  z_MSLQ (vz_MSLQ);
  z_CSC (vz_CSC);

  z_ASCI_IA WITH z_AMSC (z_ASCI_IAWz_AMSC);
  z_ASCI_IA WITH z_EB (z_ASCI_IAWz_EB);
  z_ASCI_IA WITH z_MSLQ (z_ASCI_IAWz_MSLQ);
  z_ASCI_IA WITH z_CSC (z_ASCI_IAWz_CSC);
  z_AMSC WITH z_EB (z_AMSCWz_EB);
  z_AMSC WITH z_MSLQ (z_AMSCWz_MSLQ);
  z_AMSC WITH z_CSC (z_AMSCWz_CSC);
  z_EB WITH z_MSLQ (z_EBWz_MSLQ);
  z_EB WITH z_CSC (z_EBWz_CSC);
  z_MSLQ WITH z_CSC (z_MSLQWz_CSC);

  %c1#5%
  z_ASCI_IA (vz_ASCI_IA);
  z_AMSC (vz_AMSC);
  z_EB (vz_EB);
  z_MSLQ (vz_MSLQ);
  z_CSC (vz_CSC);

  z_ASCI_IA WITH z_AMSC (z_ASCI_IAWz_AMSC);
  z_ASCI_IA WITH z_EB (z_ASCI_IAWz_EB);
  z_ASCI_IA WITH z_MSLQ (z_ASCI_IAWz_MSLQ);
  z_ASCI_IA WITH z_CSC (z_ASCI_IAWz_CSC);
  z_AMSC WITH z_EB (z_AMSCWz_EB);
  z_AMSC WITH z_MSLQ (z_AMSCWz_MSLQ);
  z_AMSC WITH z_CSC (z_AMSCWz_CSC);
  z_EB WITH z_MSLQ (z_EBWz_MSLQ);
  z_EB WITH z_CSC (z_EBWz_CSC);
  z_MSLQ WITH z_CSC (z_MSLQWz_CSC);


  OUTPUT:
  TECH14;
  sampstat residual tech11 tech14
  SAVEDATA:
  FILE IS model_3_class_5.dat;
  SAVE = cprobabilities;



*** WARNING in VARIABLE command
  Note that only the first 8 characters of variable names are used in the output.
  Shorten variable names to avoid any confusion.
*** WARNING in MODEL command
  All variables are uncorrelated with all other variables within class.
  Check that this is what is intended.
   2 WARNING(S) FOUND IN THE INPUT INSTRUCTIONS




model 3 with 5 classes

SUMMARY OF ANALYSIS

Number of groups                                                 1
Number of observations                                         269

Number of dependent variables                                    5
Number of independent variables                                  0
Number of continuous latent variables                            0
Number of categorical latent variables                           1

Observed dependent variables

  Continuous
   Z_ASCI_IA   Z_AMSC      Z_EB        Z_MSLQ      Z_CSC

Categorical latent variables
   C1


Estimator                                                      MLR
Information matrix                                        OBSERVED
Optimization Specifications for the Quasi-Newton Algorithm for
Continuous Outcomes
  Maximum number of iterations                                 100
  Convergence criterion                                  0.100D-05
Optimization Specifications for the EM Algorithm
  Maximum number of iterations                                 500
  Convergence criteria
    Loglikelihood change                                 0.100D-06
    Relative loglikelihood change                        0.100D-06
    Derivative                                           0.100D-05
Optimization Specifications for the M step of the EM Algorithm for
Categorical Latent Variables
  Number of M step iterations                                    1
  M step convergence criterion                           0.100D-05
  Basis for M step termination                           ITERATION
Optimization Specifications for the M step of the EM Algorithm for
Censored, Binary or Ordered Categorical (Ordinal), Unordered
Categorical (Nominal) and Count Outcomes
  Number of M step iterations                                    1
  M step convergence criterion                           0.100D-05
  Basis for M step termination                           ITERATION
  Maximum value for logit thresholds                            15
  Minimum value for logit thresholds                           -15
  Minimum expected cell size for chi-square              0.100D-01
Maximum number of iterations for H1                           2000
Convergence criterion for H1                             0.100D-03
Optimization algorithm                                         EMA
Random Starts Specifications
  Number of initial stage random starts                        500
  Number of final stage optimizations                          100
  Number of initial stage iterations                            10
  Initial stage convergence criterion                    0.100D+01
  Random starts scale                                    0.500D+01
  Random seed for generating random starts                       0

Input data file(s)
  data_49fcf53fbfe2cbd403ca0d1914083a06.dat
Input data format  FREE


SUMMARY OF DATA

     Number of missing data patterns             1
     Number of y missing data patterns           1
     Number of u missing data patterns           0


COVARIANCE COVERAGE OF DATA

Minimum covariance coverage value   0.100


     PROPORTION OF DATA PRESENT FOR Y


           Covariance Coverage
              Z_ASCI_I      Z_AMSC        Z_EB          Z_MSLQ        Z_CSC
              ________      ________      ________      ________      ________
 Z_ASCI_I       1.000
 Z_AMSC         1.000         1.000
 Z_EB           1.000         1.000         1.000
 Z_MSLQ         1.000         1.000         1.000         1.000
 Z_CSC          1.000         1.000         1.000         1.000         1.000


SAMPLE STATISTICS


     ESTIMATED SAMPLE STATISTICS


           Means
              Z_ASCI_I      Z_AMSC        Z_EB          Z_MSLQ        Z_CSC
              ________      ________      ________      ________      ________
                0.000         0.000         0.000         0.000         0.000


           Covariances
              Z_ASCI_I      Z_AMSC        Z_EB          Z_MSLQ        Z_CSC
              ________      ________      ________      ________      ________
 Z_ASCI_I       0.996
 Z_AMSC        -0.271         0.996
 Z_EB           0.143         0.019         0.996
 Z_MSLQ        -0.152         0.215        -0.370         0.996
 Z_CSC          0.100         0.161         0.337        -0.115         0.996


           Correlations
              Z_ASCI_I      Z_AMSC        Z_EB          Z_MSLQ        Z_CSC
              ________      ________      ________      ________      ________
 Z_ASCI_I       1.000
 Z_AMSC        -0.272         1.000
 Z_EB           0.144         0.019         1.000
 Z_MSLQ        -0.153         0.216        -0.371         1.000
 Z_CSC          0.101         0.161         0.339        -0.116         1.000


     MAXIMUM LOG-LIKELIHOOD VALUE FOR THE UNRESTRICTED (H1) MODEL IS -1842.405


UNIVARIATE SAMPLE STATISTICS


     UNIVARIATE HIGHER-ORDER MOMENT DESCRIPTIVE STATISTICS

         Variable/         Mean/     Skewness/   Minimum/ % with                Percentiles
        Sample Size      Variance    Kurtosis    Maximum  Min/Max      20%/60%    40%/80%    Median

     Z_ASCI_IA             0.000       0.511      -2.728    0.37%      -0.756     -0.318     -0.099
             269.000       0.996       1.105       3.624    0.37%       0.120      0.777
     Z_AMSC                0.000      -0.270      -2.810    0.37%      -0.934     -0.197      0.004
             269.000       0.996      -0.213       2.283    0.37%       0.272      0.875
     Z_EB                  0.000      -0.128      -4.510    0.37%      -0.806     -0.277     -0.013
             269.000       0.996       1.787       3.426    0.37%       0.252      0.781
     Z_MSLQ                0.000      -0.305      -3.046    1.12%      -0.820     -0.227      0.070
             269.000       0.996      -0.212       1.702    6.32%       0.367      0.812
     Z_CSC                 0.000       0.712      -2.933    0.37%      -0.936     -0.365     -0.080
             269.000       0.996       3.726       5.627    0.37%       0.206      0.776

RANDOM STARTS RESULTS RANKED FROM THE BEST TO THE WORST LOGLIKELIHOOD VALUES

Final stage loglikelihood values at local maxima, seeds, and initial stage start numbers:

           -1792.585  79945            395
           -1792.585  967237           48
           -1792.715  636396           168
           -1794.575  802256           477
           -1794.575  631413           439
           -1794.682  580405           286
           -1794.682  485483           498
           -1794.682  576726           280
           -1794.925  746978           410
           -1794.925  443917           60
           -1795.086  801065           393
           -1795.837  754100           56
           -1796.178  587946           120
           -1796.767  930323           267
           -1796.783  118421           139
           -1796.858  860772           174
           -1796.858  188640           451
           -1797.478  783110           72
           -1797.738  539751           459
           -1798.013  605161           409
           -1798.053  597614           284
           -1798.082  780698           337
           -1798.082  246261           38
           -1798.082  282464           283
           -1798.272  153053           378
           -1798.463  798839           312
           -1798.581  695155           150
           -1798.778  533738           11
           -1799.381  264081           186
           -1799.381  872743           374
           -1799.381  629320           222
           -1799.406  579995           183
           -1799.406  140442           500
           -1799.644  349562           359
           -1799.720  366533           484
           -1799.885  626891           32
           -1800.229  997222           229
           -1801.337  268217           83
           -1801.337  335485           496
           -1801.369  772131           407
           -1801.435  224950           455
           -1801.498  347515           24
           -1801.736  915642           40
           -1801.868  unperturbed      0
           -1802.352  202790           198
           -1802.564  761633           50
           -1803.097  640833           434
           -1803.097  105435           265
           -1803.738  692169           308
           -1803.815  751153           110
           -1803.946  359578           458
           -1803.946  418686           338
           -1803.994  502532           445
           -1804.169  637095           207
           -1804.814  476498           179
           -1805.157  392418           28
           -1805.206  414284           158
           -1805.307  860102           495
           -1805.451  926283           269
           -1805.638  232226           235
           -1805.877  127215           9
           -1806.391  741484           441
           -1807.765  609089           241

37 perturbed starting value run(s) did not converge or were rejected in the third stage.



THE BEST LOGLIKELIHOOD VALUE HAS BEEN REPLICATED.  RERUN WITH AT LEAST TWICE THE
RANDOM STARTS TO CHECK THAT THE BEST LOGLIKELIHOOD IS STILL OBTAINED AND REPLICATED.

     THE STANDARD ERRORS OF THE MODEL PARAMETER ESTIMATES MAY NOT BE
     TRUSTWORTHY FOR SOME PARAMETERS DUE TO A NON-POSITIVE DEFINITE
     FIRST-ORDER DERIVATIVE PRODUCT MATRIX.  THIS MAY BE DUE TO THE STARTING
     VALUES BUT MAY ALSO BE AN INDICATION OF MODEL NONIDENTIFICATION.  THE
     CONDITION NUMBER IS       0.517D-18.  PROBLEM INVOLVING THE FOLLOWING PARAMETER:
     Parameter 37, %C1#5%: [ Z_AMSC ]

     Parameter 37, %C1#5%: [ Z_AMSC ] DOES NOT AFFECT THE DATA FIT IN THE RANGE THE PARAMETER IS IN.
     THE PARAMETER MIGHT HAVE CONVERGED TO A LARGE ABSOLUTE VALUE BEYOND WHICH THE MODEL
     FIT DOES NOT IMPROVE. THE PROBLEM CAN OCCUR, FOR EXAMPLE, IF THE JOINT DISTRIBUTION
     OF CATEGORICAL VARIABLES INVOLVED HAS EMPTY CELLS. TO RESOLVE THE PROBLEM, FIX THE
     PARAMETER TO THE VALUE IT IS ESTIMATED AT.


THE MODEL ESTIMATION TERMINATED NORMALLY



MODEL FIT INFORMATION

Number of Free Parameters                       44

Loglikelihood

          H0 Value                       -1792.585
          H0 Scaling Correction Factor      0.9815
            for MLR

Information Criteria

          Akaike (AIC)                    3673.171
          Bayesian (BIC)                  3831.338
          Sample-Size Adjusted BIC        3691.829
            (n* = (n + 2) / 24)



FINAL CLASS COUNTS AND PROPORTIONS FOR THE LATENT CLASSES
BASED ON THE ESTIMATED MODEL

    Latent
   Classes

       1         16.94673          0.06300
       2        219.03968          0.81427
       3         23.48949          0.08732
       4          8.52409          0.03169
       5          1.00001          0.00372


FINAL CLASS COUNTS AND PROPORTIONS FOR THE LATENT CLASSES
BASED ON ESTIMATED POSTERIOR PROBABILITIES

    Latent
   Classes

       1         16.94673          0.06300
       2        219.03968          0.81427
       3         23.48949          0.08732
       4          8.52409          0.03169
       5          1.00001          0.00372


FINAL CLASS COUNTS AND PROPORTIONS FOR THE LATENT CLASSES
BASED ON THEIR MOST LIKELY LATENT CLASS MEMBERSHIP

Class Counts and Proportions

    Latent
   Classes

       1               15          0.05576
       2              224          0.83271
       3               22          0.08178
       4                7          0.02602
       5                1          0.00372


CLASSIFICATION QUALITY

     Entropy                         0.895


Average Latent Class Probabilities for Most Likely Latent Class Membership (Row)
by Latent Class (Column)

           1        2        3        4        5

    1   0.842    0.153    0.000    0.005    0.000
    2   0.019    0.953    0.019    0.009    0.000
    3   0.000    0.124    0.875    0.001    0.000
    4   0.014    0.066    0.001    0.920    0.000
    5   0.000    0.000    0.000    0.000    1.000


Classification Probabilities for the Most Likely Latent Class Membership (Column)
by Latent Class (Row)

           1        2        3        4        5

    1   0.746    0.249    0.000    0.006    0.000
    2   0.010    0.975    0.012    0.002    0.000
    3   0.000    0.180    0.819    0.000    0.000
    4   0.009    0.234    0.002    0.755    0.000
    5   0.000    0.000    0.000    0.000    1.000


Logits for the Classification Probabilities for the Most Likely Latent Class Membership (Column)
by Latent Class (Row)

              1        2        3        4        5

    1     13.522   12.424    2.187    8.647    0.000
    2      9.255   13.790    9.432    7.649    0.000
    3      2.926   12.102   13.616    5.379    0.000
    4      9.050   12.363    7.622   13.535    0.000
    5    -13.816  -13.816  -12.187  -13.816    0.000


MODEL RESULTS

                                                    Two-Tailed
                    Estimate       S.E.  Est./S.E.    P-Value

Latent Class 1

 Z_ASCI_I WITH
    Z_AMSC            -0.231      0.059     -3.950      0.000
    Z_EB               0.109      0.057      1.900      0.057
    Z_MSLQ            -0.097      0.061     -1.593      0.111
    Z_CSC              0.020      0.061      0.323      0.747

 Z_AMSC   WITH
    Z_EB               0.070      0.068      1.028      0.304
    Z_MSLQ             0.170      0.063      2.716      0.007
    Z_CSC              0.246      0.074      3.305      0.001

 Z_EB     WITH
    Z_MSLQ            -0.377      0.068     -5.542      0.000
    Z_CSC              0.070      0.074      0.939      0.347

 Z_MSLQ   WITH
    Z_CSC             -0.125      0.055     -2.268      0.023

 Means
    Z_ASCI_IA          0.550      0.390      1.410      0.159
    Z_AMSC            -0.457      0.370     -1.236      0.217
    Z_EB              -1.518      0.332     -4.568      0.000
    Z_MSLQ            -0.598      0.736     -0.812      0.417
    Z_CSC             -0.883      0.499     -1.768      0.077

 Variances
    Z_ASCI_IA          0.723      0.078      9.250      0.000
    Z_AMSC             0.919      0.092      9.943      0.000
    Z_EB               0.673      0.102      6.626      0.000
    Z_MSLQ             0.943      0.083     11.359      0.000
    Z_CSC              0.667      0.072      9.273      0.000

Latent Class 2

 Z_ASCI_I WITH
    Z_AMSC            -0.231      0.059     -3.950      0.000
    Z_EB               0.109      0.057      1.900      0.057
    Z_MSLQ            -0.097      0.061     -1.593      0.111
    Z_CSC              0.020      0.061      0.323      0.747

 Z_AMSC   WITH
    Z_EB               0.070      0.068      1.028      0.304
    Z_MSLQ             0.170      0.063      2.716      0.007
    Z_CSC              0.246      0.074      3.305      0.001

 Z_EB     WITH
    Z_MSLQ            -0.377      0.068     -5.542      0.000
    Z_CSC              0.070      0.074      0.939      0.347

 Z_MSLQ   WITH
    Z_CSC             -0.125      0.055     -2.268      0.023

 Means
    Z_ASCI_IA         -0.190      0.067     -2.842      0.004
    Z_AMSC             0.108      0.082      1.322      0.186
    Z_EB              -0.048      0.077     -0.632      0.527
    Z_MSLQ             0.089      0.073      1.215      0.224
    Z_CSC             -0.110      0.075     -1.463      0.143

 Variances
    Z_ASCI_IA          0.723      0.078      9.250      0.000
    Z_AMSC             0.919      0.092      9.943      0.000
    Z_EB               0.673      0.102      6.626      0.000
    Z_MSLQ             0.943      0.083     11.359      0.000
    Z_CSC              0.667      0.072      9.273      0.000

Latent Class 3

 Z_ASCI_I WITH
    Z_AMSC            -0.231      0.059     -3.950      0.000
    Z_EB               0.109      0.057      1.900      0.057
    Z_MSLQ            -0.097      0.061     -1.593      0.111
    Z_CSC              0.020      0.061      0.323      0.747

 Z_AMSC   WITH
    Z_EB               0.070      0.068      1.028      0.304
    Z_MSLQ             0.170      0.063      2.716      0.007
    Z_CSC              0.246      0.074      3.305      0.001

 Z_EB     WITH
    Z_MSLQ            -0.377      0.068     -5.542      0.000
    Z_CSC              0.070      0.074      0.939      0.347

 Z_MSLQ   WITH
    Z_CSC             -0.125      0.055     -2.268      0.023

 Means
    Z_ASCI_IA          0.413      0.188      2.195      0.028
    Z_AMSC            -0.743      0.354     -2.097      0.036
    Z_EB               1.397      0.460      3.039      0.002
    Z_MSLQ            -0.408      0.222     -1.839      0.066
    Z_CSC              1.305      0.310      4.214      0.000

 Variances
    Z_ASCI_IA          0.723      0.078      9.250      0.000
    Z_AMSC             0.919      0.092      9.943      0.000
    Z_EB               0.673      0.102      6.626      0.000
    Z_MSLQ             0.943      0.083     11.359      0.000
    Z_CSC              0.667      0.072      9.273      0.000

Latent Class 4

 Z_ASCI_I WITH
    Z_AMSC            -0.231      0.059     -3.950      0.000
    Z_EB               0.109      0.057      1.900      0.057
    Z_MSLQ            -0.097      0.061     -1.593      0.111
    Z_CSC              0.020      0.061      0.323      0.747

 Z_AMSC   WITH
    Z_EB               0.070      0.068      1.028      0.304
    Z_MSLQ             0.170      0.063      2.716      0.007
    Z_CSC              0.246      0.074      3.305      0.001

 Z_EB     WITH
    Z_MSLQ            -0.377      0.068     -5.542      0.000
    Z_CSC              0.070      0.074      0.939      0.347

 Z_MSLQ   WITH
    Z_CSC             -0.125      0.055     -2.268      0.023

 Means
    Z_ASCI_IA          2.548      0.462      5.519      0.000
    Z_AMSC             0.287      0.349      0.821      0.412
    Z_EB               0.323      0.278      1.161      0.246
    Z_MSLQ            -0.150      0.208     -0.721      0.471
    Z_CSC              0.326      0.301      1.082      0.279

 Variances
    Z_ASCI_IA          0.723      0.078      9.250      0.000
    Z_AMSC             0.919      0.092      9.943      0.000
    Z_EB               0.673      0.102      6.626      0.000
    Z_MSLQ             0.943      0.083     11.359      0.000
    Z_CSC              0.667      0.072      9.273      0.000

Latent Class 5

 Z_ASCI_I WITH
    Z_AMSC            -0.231      0.059     -3.950      0.000
    Z_EB               0.109      0.057      1.900      0.057
    Z_MSLQ            -0.097      0.061     -1.593      0.111
    Z_CSC              0.020      0.061      0.323      0.747

 Z_AMSC   WITH
    Z_EB               0.070      0.068      1.028      0.304
    Z_MSLQ             0.170      0.063      2.716      0.007
    Z_CSC              0.246      0.074      3.305      0.001

 Z_EB     WITH
    Z_MSLQ            -0.377      0.068     -5.542      0.000
    Z_CSC              0.070      0.074      0.939      0.347

 Z_MSLQ   WITH
    Z_CSC             -0.125      0.055     -2.268      0.023

 Means
    Z_ASCI_IA          0.996      0.000  *********      0.000
    Z_AMSC            -0.934      0.000  *********      0.000
    Z_EB               0.781      0.000  *********      0.000
    Z_MSLQ             1.554      0.000  50908.895      0.000
    Z_CSC              5.627      0.000  *********      0.000

 Variances
    Z_ASCI_IA          0.723      0.078      9.250      0.000
    Z_AMSC             0.919      0.092      9.943      0.000
    Z_EB               0.673      0.102      6.626      0.000
    Z_MSLQ             0.943      0.083     11.359      0.000
    Z_CSC              0.667      0.072      9.273      0.000

Categorical Latent Variables

 Means
    C1#1               2.830      1.122      2.522      0.012
    C1#2               5.389      1.005      5.363      0.000
    C1#3               3.157      1.073      2.942      0.003
    C1#4               2.143      1.130      1.896      0.058


QUALITY OF NUMERICAL RESULTS

     Condition Number for the Information Matrix              0.517E-18
       (ratio of smallest to largest eigenvalue)


LATENT CLASS INDICATOR MEANS AND PROBABILITIES FOR EACH LATENT CLASS

     MEAN/PROBABILITY PROFILES FOR C1
                       Latent class
                     1      2      3      4      5
     Z_ASCI_I      0.550 -0.190  0.413  2.548  0.996
     Z_AMSC       -0.457  0.108 -0.743  0.287 -0.934
     Z_EB         -1.518 -0.048  1.397  0.323  0.781
     Z_MSLQ       -0.598  0.089 -0.408 -0.150  1.554
     Z_CSC        -0.883 -0.110  1.305  0.326  5.627


EQUALITY TESTS OF MEANS ACROSS THE LATENT CLASSES

                    Chi-Square     P-Value   Degrees of Freedom


Z_ASCI_I
  Overall test        421.236      0.000        4
  Class 1 vs. 2         3.498      0.061        1
  Class 1 vs. 3         0.108      0.743        1
  Class 1 vs. 4        12.040      0.001        1
  Class 1 vs. 5         1.305      0.253        1
  Class 2 vs. 3         9.272      0.002        1
  Class 2 vs. 4        37.997      0.000        1
  Class 2 vs. 5       313.269      0.000        1
  Class 3 vs. 4        19.113      0.000        1
  Class 3 vs. 5         9.634      0.002        1
  Class 4 vs. 5        11.302      0.001        1

Z_AMSC
  Overall test        237.403      0.000        4
  Class 1 vs. 2         2.144      0.143        1
  Class 1 vs. 3         0.284      0.594        1
  Class 1 vs. 4         2.119      0.145        1
  Class 1 vs. 5         1.662      0.197        1
  Class 2 vs. 3         4.585      0.032        1
  Class 2 vs. 4         0.244      0.621        1
  Class 2 vs. 5       162.119      0.000        1
  Class 3 vs. 4         4.454      0.035        1
  Class 3 vs. 5         0.289      0.591        1
  Class 4 vs. 5        12.207      0.000        1

Z_EB
  Overall test        200.870      0.000        4
  Class 1 vs. 2        18.590      0.000        1
  Class 1 vs. 3        29.885      0.000        1
  Class 1 vs. 4        20.826      0.000        1
  Class 1 vs. 5        47.855      0.000        1
  Class 2 vs. 3        10.692      0.001        1
  Class 2 vs. 4         1.636      0.201        1
  Class 2 vs. 5       117.004      0.000        1
  Class 3 vs. 4         4.333      0.037        1
  Class 3 vs. 5         1.797      0.180        1
  Class 4 vs. 5         2.706      0.100        1

Z_MSLQ
  Overall test        719.680      0.000        4
  Class 1 vs. 2         0.813      0.367        1
  Class 1 vs. 3         0.054      0.816        1
  Class 1 vs. 4         0.362      0.548        1
  Class 1 vs. 5         8.541      0.003        1
  Class 2 vs. 3         4.470      0.034        1
  Class 2 vs. 4         1.114      0.291        1
  Class 2 vs. 5       401.899      0.000        1
  Class 3 vs. 4         0.702      0.402        1
  Class 3 vs. 5        78.246      0.000        1
  Class 4 vs. 5        66.834      0.000        1

Z_CSC
  Overall test       8430.964      0.000        4
  Class 1 vs. 2         2.120      0.145        1
  Class 1 vs. 3        13.132      0.000        1
  Class 1 vs. 4         5.194      0.023        1
  Class 1 vs. 5       169.864      0.000        1
  Class 2 vs. 3        23.703      0.000        1
  Class 2 vs. 4         1.863      0.172        1
  Class 2 vs. 5      5823.237      0.000        1
  Class 3 vs. 4         4.845      0.028        1
  Class 3 vs. 5       194.641      0.000        1
  Class 4 vs. 5       310.261      0.000        1


RESIDUAL OUTPUT


     ESTIMATED MODEL AND RESIDUALS (OBSERVED - ESTIMATED) FOR CLASS 1


           Model Estimated Means
              Z_ASCI_I      Z_AMSC        Z_EB          Z_MSLQ        Z_CSC
              ________      ________      ________      ________      ________
                0.550        -0.457        -1.518        -0.598        -0.883


           Residuals for Means
              Z_ASCI_I      Z_AMSC        Z_EB          Z_MSLQ        Z_CSC
              ________      ________      ________      ________      ________
                0.000         0.000         0.000         0.000         0.000


           Model Estimated Covariances
              Z_ASCI_I      Z_AMSC        Z_EB          Z_MSLQ        Z_CSC
              ________      ________      ________      ________      ________
 Z_ASCI_I       0.723
 Z_AMSC        -0.231         0.919
 Z_EB           0.109         0.070         0.673
 Z_MSLQ        -0.097         0.170        -0.377         0.943
 Z_CSC          0.020         0.246         0.070        -0.125         0.667


           Residuals for Covariances
              Z_ASCI_I      Z_AMSC        Z_EB          Z_MSLQ        Z_CSC
              ________      ________      ________      ________      ________
 Z_ASCI_I       0.368
 Z_AMSC        -0.126        -0.227
 Z_EB           0.257        -0.215         0.365
 Z_MSLQ        -0.149         0.097        -0.318         0.468
 Z_CSC         -0.094        -0.005        -0.179        -0.048         0.320


     ESTIMATED MODEL AND RESIDUALS (OBSERVED - ESTIMATED) FOR CLASS 2


           Model Estimated Means
              Z_ASCI_I      Z_AMSC        Z_EB          Z_MSLQ        Z_CSC
              ________      ________      ________      ________      ________
               -0.190         0.108        -0.048         0.089        -0.110


           Residuals for Means
              Z_ASCI_I      Z_AMSC        Z_EB          Z_MSLQ        Z_CSC
              ________      ________      ________      ________      ________
                0.000         0.000         0.000         0.000         0.000


           Model Estimated Covariances
              Z_ASCI_I      Z_AMSC        Z_EB          Z_MSLQ        Z_CSC
              ________      ________      ________      ________      ________
 Z_ASCI_I       0.723
 Z_AMSC        -0.231         0.919
 Z_EB           0.109         0.070         0.673
 Z_MSLQ        -0.097         0.170        -0.377         0.943
 Z_CSC          0.020         0.246         0.070        -0.125         0.667


           Residuals for Covariances
              Z_ASCI_I      Z_AMSC        Z_EB          Z_MSLQ        Z_CSC
              ________      ________      ________      ________      ________
 Z_ASCI_I      -0.004
 Z_AMSC        -0.032         0.002
 Z_EB          -0.016        -0.007        -0.047
 Z_MSLQ        -0.008        -0.011         0.009         0.017
 Z_CSC         -0.006        -0.038         0.011        -0.009        -0.028


     ESTIMATED MODEL AND RESIDUALS (OBSERVED - ESTIMATED) FOR CLASS 3


           Model Estimated Means
              Z_ASCI_I      Z_AMSC        Z_EB          Z_MSLQ        Z_CSC
              ________      ________      ________      ________      ________
                0.413        -0.743         1.397        -0.408         1.305


           Residuals for Means
              Z_ASCI_I      Z_AMSC        Z_EB          Z_MSLQ        Z_CSC
              ________      ________      ________      ________      ________
                0.000         0.000         0.000         0.000         0.000


           Model Estimated Covariances
              Z_ASCI_I      Z_AMSC        Z_EB          Z_MSLQ        Z_CSC
              ________      ________      ________      ________      ________
 Z_ASCI_I       0.723
 Z_AMSC        -0.231         0.919
 Z_EB           0.109         0.070         0.673
 Z_MSLQ        -0.097         0.170        -0.377         0.943
 Z_CSC          0.020         0.246         0.070        -0.125         0.667


           Residuals for Covariances
              Z_ASCI_I      Z_AMSC        Z_EB          Z_MSLQ        Z_CSC
              ________      ________      ________      ________      ________
 Z_ASCI_I      -0.148
 Z_AMSC         0.289         0.253
 Z_EB           0.007         0.214         0.265
 Z_MSLQ         0.126         0.020         0.086        -0.263
 Z_CSC          0.121         0.330         0.036         0.052         0.143


     ESTIMATED MODEL AND RESIDUALS (OBSERVED - ESTIMATED) FOR CLASS 4


           Model Estimated Means
              Z_ASCI_I      Z_AMSC        Z_EB          Z_MSLQ        Z_CSC
              ________      ________      ________      ________      ________
                2.548         0.287         0.323        -0.150         0.326


           Residuals for Means
              Z_ASCI_I      Z_AMSC        Z_EB          Z_MSLQ        Z_CSC
              ________      ________      ________      ________      ________
                0.000         0.000         0.000         0.000         0.000


           Model Estimated Covariances
              Z_ASCI_I      Z_AMSC        Z_EB          Z_MSLQ        Z_CSC
              ________      ________      ________      ________      ________
 Z_ASCI_I       0.723
 Z_AMSC        -0.231         0.919
 Z_EB           0.109         0.070         0.673
 Z_MSLQ        -0.097         0.170        -0.377         0.943
 Z_CSC          0.020         0.246         0.070        -0.125         0.667


           Residuals for Covariances
              Z_ASCI_I      Z_AMSC        Z_EB          Z_MSLQ        Z_CSC
              ________      ________      ________      ________      ________
 Z_ASCI_I      -0.146
 Z_AMSC         0.240        -0.194
 Z_EB          -0.118         0.021        -0.158
 Z_MSLQ         0.154         0.050         0.118        -0.538
 Z_CSC          0.002         0.095        -0.026         0.166        -0.221


     ESTIMATED MODEL AND RESIDUALS (OBSERVED - ESTIMATED) FOR CLASS 5


           Model Estimated Means
              Z_ASCI_I      Z_AMSC        Z_EB          Z_MSLQ        Z_CSC
              ________      ________      ________      ________      ________
                0.996        -0.934         0.781         1.554         5.627


           Residuals for Means
              Z_ASCI_I      Z_AMSC        Z_EB          Z_MSLQ        Z_CSC
              ________      ________      ________      ________      ________
                0.000         0.000         0.000         0.000         0.000


           Model Estimated Covariances
              Z_ASCI_I      Z_AMSC        Z_EB          Z_MSLQ        Z_CSC
              ________      ________      ________      ________      ________
 Z_ASCI_I       0.723
 Z_AMSC        -0.231         0.919
 Z_EB           0.109         0.070         0.673
 Z_MSLQ        -0.097         0.170        -0.377         0.943
 Z_CSC          0.020         0.246         0.070        -0.125         0.667


           Residuals for Covariances
              Z_ASCI_I      Z_AMSC        Z_EB          Z_MSLQ        Z_CSC
              ________      ________      ________      ________      ________
 Z_ASCI_I      -0.723
 Z_AMSC         0.231        -0.919
 Z_EB          -0.109        -0.070        -0.673
 Z_MSLQ         0.097        -0.170         0.377        -0.943
 Z_CSC         -0.020        -0.246        -0.070         0.125        -0.667


TECHNICAL 11 OUTPUT

     Random Starts Specifications for the k-1 Class Analysis Model
        Number of initial stage random starts                 500
        Number of final stage optimizations                   100



     VUONG-LO-MENDELL-RUBIN LIKELIHOOD RATIO TEST FOR 4 (H0) VERSUS 5 CLASSES

          H0 Loglikelihood Value                        -1802.697
          2 Times the Loglikelihood Difference             20.224
          Difference in the Number of Parameters                6
          Mean                                             20.002
          Standard Deviation                               28.121
          P-Value                                          0.4316

     LO-MENDELL-RUBIN ADJUSTED LRT TEST

          Value                                            19.639
          P-Value                                          0.4411


TECHNICAL 14 OUTPUT

     Random Starts Specifications for the k-1 Class Analysis Model
        Number of initial stage random starts                 500
        Number of final stage optimizations                   100

     Random Starts Specification for the k-1 Class Model for Generated Data
        Number of initial stage random starts                   0
        Number of final stage optimizations for the
           initial stage random starts                          0
     Random Starts Specification for the k Class Model for Generated Data
        Number of initial stage random starts                  40
        Number of final stage optimizations                     8
     Number of bootstrap draws requested                   Varies


     PARAMETRIC BOOTSTRAPPED LIKELIHOOD RATIO TEST FOR 4 (H0) VERSUS 5 CLASSES

          H0 Loglikelihood Value                        -1802.697
          2 Times the Loglikelihood Difference             20.224
          Difference in the Number of Parameters                6
          Approximate P-Value                              0.5000
          Successful Bootstrap Draws                            6


SAVEDATA INFORMATION


  Save file
    model_3_class_5.dat

  Order and format of variables

    Z_ASCI_I       F10.3
    Z_AMSC         F10.3
    Z_EB           F10.3
    Z_MSLQ         F10.3
    Z_CSC          F10.3
    CPROB1         F10.3
    CPROB2         F10.3
    CPROB3         F10.3
    CPROB4         F10.3
    CPROB5         F10.3
    MLCC1          F10.3

  Save file format
    11F10.3

  Save file record length    10000

  Save missing symbol        *


     Beginning Time:  19:42:18
        Ending Time:  19:42:35
       Elapsed Time:  00:00:17



MUTHEN & MUTHEN
3463 Stoner Ave.
Los Angeles, CA  90066

Tel: (310) 391-9971
Fax: (310) 391-8971
Web: www.StatModel.com
Support: Support@StatModel.com

Copyright (c) 1998-2025 Muthen & Muthen
