Mplus VERSION 9
MUTHEN & MUTHEN
06/04/2026   7:37 PM

INPUT INSTRUCTIONS

  TITLE:
  model 1 with 3 classes
  DATA:
  FILE = "data_49fcf53fbfe2cbd403ca0d1914083a06.dat";
  VARIABLE:
  NAMES = z_ASCI_IA z_AMSC z_EB z_MSLQ z_CSC;
   MISSING=.;
   CLASSES = c1(3);

  ANALYSIS:
  TYPE = mixture;
  starts = 500 100;
  MODEL:
  %c1#1%
  z_ASCI_IA (vz_ASCI_IA);
  z_AMSC (vz_AMSC);
  z_EB (vz_EB);
  z_MSLQ (vz_MSLQ);
  z_CSC (vz_CSC);

  z_ASCI_IA WITH z_AMSC@0;
  z_ASCI_IA WITH z_EB@0;
  z_ASCI_IA WITH z_MSLQ@0;
  z_ASCI_IA WITH z_CSC@0;
  z_AMSC WITH z_EB@0;
  z_AMSC WITH z_MSLQ@0;
  z_AMSC WITH z_CSC@0;
  z_EB WITH z_MSLQ@0;
  z_EB WITH z_CSC@0;
  z_MSLQ WITH z_CSC@0;

  %c1#2%
  z_ASCI_IA (vz_ASCI_IA);
  z_AMSC (vz_AMSC);
  z_EB (vz_EB);
  z_MSLQ (vz_MSLQ);
  z_CSC (vz_CSC);

  z_ASCI_IA WITH z_AMSC@0;
  z_ASCI_IA WITH z_EB@0;
  z_ASCI_IA WITH z_MSLQ@0;
  z_ASCI_IA WITH z_CSC@0;
  z_AMSC WITH z_EB@0;
  z_AMSC WITH z_MSLQ@0;
  z_AMSC WITH z_CSC@0;
  z_EB WITH z_MSLQ@0;
  z_EB WITH z_CSC@0;
  z_MSLQ WITH z_CSC@0;

  %c1#3%
  z_ASCI_IA (vz_ASCI_IA);
  z_AMSC (vz_AMSC);
  z_EB (vz_EB);
  z_MSLQ (vz_MSLQ);
  z_CSC (vz_CSC);

  z_ASCI_IA WITH z_AMSC@0;
  z_ASCI_IA WITH z_EB@0;
  z_ASCI_IA WITH z_MSLQ@0;
  z_ASCI_IA WITH z_CSC@0;
  z_AMSC WITH z_EB@0;
  z_AMSC WITH z_MSLQ@0;
  z_AMSC WITH z_CSC@0;
  z_EB WITH z_MSLQ@0;
  z_EB WITH z_CSC@0;
  z_MSLQ WITH z_CSC@0;


  OUTPUT:
  TECH14;
  sampstat residual tech11 tech14
  SAVEDATA:
  FILE IS model_1_class_3.dat;
  SAVE = cprobabilities;



*** WARNING in VARIABLE command
  Note that only the first 8 characters of variable names are used in the output.
  Shorten variable names to avoid any confusion.
*** WARNING in MODEL command
  All variables are uncorrelated with all other variables within class.
  Check that this is what is intended.
   2 WARNING(S) FOUND IN THE INPUT INSTRUCTIONS




model 1 with 3 classes

SUMMARY OF ANALYSIS

Number of groups                                                 1
Number of observations                                         269

Number of dependent variables                                    5
Number of independent variables                                  0
Number of continuous latent variables                            0
Number of categorical latent variables                           1

Observed dependent variables

  Continuous
   Z_ASCI_IA   Z_AMSC      Z_EB        Z_MSLQ      Z_CSC

Categorical latent variables
   C1


Estimator                                                      MLR
Information matrix                                        OBSERVED
Optimization Specifications for the Quasi-Newton Algorithm for
Continuous Outcomes
  Maximum number of iterations                                 100
  Convergence criterion                                  0.100D-05
Optimization Specifications for the EM Algorithm
  Maximum number of iterations                                 500
  Convergence criteria
    Loglikelihood change                                 0.100D-06
    Relative loglikelihood change                        0.100D-06
    Derivative                                           0.100D-05
Optimization Specifications for the M step of the EM Algorithm for
Categorical Latent Variables
  Number of M step iterations                                    1
  M step convergence criterion                           0.100D-05
  Basis for M step termination                           ITERATION
Optimization Specifications for the M step of the EM Algorithm for
Censored, Binary or Ordered Categorical (Ordinal), Unordered
Categorical (Nominal) and Count Outcomes
  Number of M step iterations                                    1
  M step convergence criterion                           0.100D-05
  Basis for M step termination                           ITERATION
  Maximum value for logit thresholds                            15
  Minimum value for logit thresholds                           -15
  Minimum expected cell size for chi-square              0.100D-01
Maximum number of iterations for H1                           2000
Convergence criterion for H1                             0.100D-03
Optimization algorithm                                         EMA
Random Starts Specifications
  Number of initial stage random starts                        500
  Number of final stage optimizations                          100
  Number of initial stage iterations                            10
  Initial stage convergence criterion                    0.100D+01
  Random starts scale                                    0.500D+01
  Random seed for generating random starts                       0

Input data file(s)
  data_49fcf53fbfe2cbd403ca0d1914083a06.dat
Input data format  FREE


SUMMARY OF DATA

     Number of missing data patterns             1
     Number of y missing data patterns           1
     Number of u missing data patterns           0


COVARIANCE COVERAGE OF DATA

Minimum covariance coverage value   0.100


     PROPORTION OF DATA PRESENT FOR Y


           Covariance Coverage
              Z_ASCI_I      Z_AMSC        Z_EB          Z_MSLQ        Z_CSC
              ________      ________      ________      ________      ________
 Z_ASCI_I       1.000
 Z_AMSC         1.000         1.000
 Z_EB           1.000         1.000         1.000
 Z_MSLQ         1.000         1.000         1.000         1.000
 Z_CSC          1.000         1.000         1.000         1.000         1.000


SAMPLE STATISTICS


     ESTIMATED SAMPLE STATISTICS


           Means
              Z_ASCI_I      Z_AMSC        Z_EB          Z_MSLQ        Z_CSC
              ________      ________      ________      ________      ________
                0.000         0.000         0.000         0.000         0.000


           Covariances
              Z_ASCI_I      Z_AMSC        Z_EB          Z_MSLQ        Z_CSC
              ________      ________      ________      ________      ________
 Z_ASCI_I       0.996
 Z_AMSC        -0.271         0.996
 Z_EB           0.143         0.019         0.996
 Z_MSLQ        -0.152         0.215        -0.370         0.996
 Z_CSC          0.100         0.161         0.337        -0.115         0.996


           Correlations
              Z_ASCI_I      Z_AMSC        Z_EB          Z_MSLQ        Z_CSC
              ________      ________      ________      ________      ________
 Z_ASCI_I       1.000
 Z_AMSC        -0.272         1.000
 Z_EB           0.144         0.019         1.000
 Z_MSLQ        -0.153         0.216        -0.371         1.000
 Z_CSC          0.101         0.161         0.339        -0.116         1.000


     MAXIMUM LOG-LIKELIHOOD VALUE FOR THE UNRESTRICTED (H1) MODEL IS -1842.405


UNIVARIATE SAMPLE STATISTICS


     UNIVARIATE HIGHER-ORDER MOMENT DESCRIPTIVE STATISTICS

         Variable/         Mean/     Skewness/   Minimum/ % with                Percentiles
        Sample Size      Variance    Kurtosis    Maximum  Min/Max      20%/60%    40%/80%    Median

     Z_ASCI_IA             0.000       0.511      -2.728    0.37%      -0.756     -0.318     -0.099
             269.000       0.996       1.105       3.624    0.37%       0.120      0.777
     Z_AMSC                0.000      -0.270      -2.810    0.37%      -0.934     -0.197      0.004
             269.000       0.996      -0.213       2.283    0.37%       0.272      0.875
     Z_EB                  0.000      -0.128      -4.510    0.37%      -0.806     -0.277     -0.013
             269.000       0.996       1.787       3.426    0.37%       0.252      0.781
     Z_MSLQ                0.000      -0.305      -3.046    1.12%      -0.820     -0.227      0.070
             269.000       0.996      -0.212       1.702    6.32%       0.367      0.812
     Z_CSC                 0.000       0.712      -2.933    0.37%      -0.936     -0.365     -0.080
             269.000       0.996       3.726       5.627    0.37%       0.206      0.776

RANDOM STARTS RESULTS RANKED FROM THE BEST TO THE WORST LOGLIKELIHOOD VALUES

Final stage loglikelihood values at local maxima, seeds, and initial stage start numbers:

           -1846.969  259507           53
           -1846.969  195763           358
           -1846.969  746978           410
           -1846.969  551639           55
           -1846.969  354559           73
           -1846.969  82357            339
           -1846.969  851945           18
           -1846.969  140442           500
           -1846.969  562716           300
           -1846.969  414828           322
           -1846.969  784664           75
           -1846.969  404426           344
           -1846.969  137377           397
           -1846.969  751153           110
           -1846.969  645664           39
           -1846.969  922596           456
           -1846.969  609089           241
           -1846.969  376411           473
           -1846.969  699554           427
           -1846.969  76974            16
           -1846.969  939709           112
           -1846.969  667250           318
           -1846.969  888905           444
           -1846.969  227563           63
           -1846.969  478421           311
           -1846.969  314084           81
           -1846.969  715561           125
           -1846.969  1548             384
           -1846.969  804660           260
           -1849.223  520177           262
           -1850.481  392751           480
           -1850.481  373505           88
           -1850.481  342019           301
           -1850.481  440841           118
           -1850.481  887676           22
           -1850.481  790452           303
           -1850.481  960438           116
           -1850.481  273992           349
           -1850.481  479273           156
           -1850.481  902278           21
           -1850.481  650371           14
           -1850.481  425982           485
           -1850.481  608460           244
           -1850.481  188498           258
           -1850.481  848890           95
           -1850.481  7959             256
           -1850.481  468036           131
           -1850.481  193847           354
           -1850.481  996231           310
           -1850.481  66276            217

50 perturbed starting value run(s) did not converge or were rejected in the third stage.



THE BEST LOGLIKELIHOOD VALUE HAS BEEN REPLICATED.  RERUN WITH AT LEAST TWICE THE
RANDOM STARTS TO CHECK THAT THE BEST LOGLIKELIHOOD IS STILL OBTAINED AND REPLICATED.


THE MODEL ESTIMATION TERMINATED NORMALLY



MODEL FIT INFORMATION

Number of Free Parameters                       22

Loglikelihood

          H0 Value                       -1846.969
          H0 Scaling Correction Factor      1.2268
            for MLR

Information Criteria

          Akaike (AIC)                    3737.938
          Bayesian (BIC)                  3817.021
          Sample-Size Adjusted BIC        3747.267
            (n* = (n + 2) / 24)



FINAL CLASS COUNTS AND PROPORTIONS FOR THE LATENT CLASSES
BASED ON THE ESTIMATED MODEL

    Latent
   Classes

       1        108.55937          0.40357
       2        153.48269          0.57057
       3          6.95795          0.02587


FINAL CLASS COUNTS AND PROPORTIONS FOR THE LATENT CLASSES
BASED ON ESTIMATED POSTERIOR PROBABILITIES

    Latent
   Classes

       1        108.55937          0.40357
       2        153.48269          0.57057
       3          6.95795          0.02587


FINAL CLASS COUNTS AND PROPORTIONS FOR THE LATENT CLASSES
BASED ON THEIR MOST LIKELY LATENT CLASS MEMBERSHIP

Class Counts and Proportions

    Latent
   Classes

       1              109          0.40520
       2              153          0.56877
       3                7          0.02602


CLASSIFICATION QUALITY

     Entropy                         0.767


Average Latent Class Probabilities for Most Likely Latent Class Membership (Row)
by Latent Class (Column)

           1        2        3

    1   0.870    0.122    0.008
    2   0.083    0.915    0.001
    3   0.135    0.026    0.839


Classification Probabilities for the Most Likely Latent Class Membership (Column)
by Latent Class (Row)

           1        2        3

    1   0.874    0.118    0.009
    2   0.086    0.913    0.001
    3   0.130    0.026    0.844


Logits for the Classification Probabilities for the Most Likely Latent Class Membership (Column)
by Latent Class (Row)

              1        2        3

    1      4.609    2.603    0.000
    2      4.289    6.647    0.000
    3     -1.870   -3.488    0.000


MODEL RESULTS

                                                    Two-Tailed
                    Estimate       S.E.  Est./S.E.    P-Value

Latent Class 1

 Z_ASCI_I WITH
    Z_AMSC             0.000      0.000    999.000    999.000
    Z_EB               0.000      0.000    999.000    999.000
    Z_MSLQ             0.000      0.000    999.000    999.000
    Z_CSC              0.000      0.000    999.000    999.000

 Z_AMSC   WITH
    Z_EB               0.000      0.000    999.000    999.000
    Z_MSLQ             0.000      0.000    999.000    999.000
    Z_CSC              0.000      0.000    999.000    999.000

 Z_EB     WITH
    Z_MSLQ             0.000      0.000    999.000    999.000
    Z_CSC              0.000      0.000    999.000    999.000

 Z_MSLQ   WITH
    Z_CSC              0.000      0.000    999.000    999.000

 Means
    Z_ASCI_IA          0.253      0.117      2.167      0.030
    Z_AMSC            -0.296      0.114     -2.596      0.009
    Z_EB               0.484      0.115      4.203      0.000
    Z_MSLQ            -0.868      0.105     -8.274      0.000
    Z_CSC              0.170      0.118      1.442      0.149

 Variances
    Z_ASCI_IA          0.921      0.105      8.751      0.000
    Z_AMSC             0.937      0.082     11.472      0.000
    Z_EB               0.710      0.096      7.375      0.000
    Z_MSLQ             0.477      0.074      6.400      0.000
    Z_CSC              0.758      0.073     10.324      0.000

Latent Class 2

 Z_ASCI_I WITH
    Z_AMSC             0.000      0.000    999.000    999.000
    Z_EB               0.000      0.000    999.000    999.000
    Z_MSLQ             0.000      0.000    999.000    999.000
    Z_CSC              0.000      0.000    999.000    999.000

 Z_AMSC   WITH
    Z_EB               0.000      0.000    999.000    999.000
    Z_MSLQ             0.000      0.000    999.000    999.000
    Z_CSC              0.000      0.000    999.000    999.000

 Z_EB     WITH
    Z_MSLQ             0.000      0.000    999.000    999.000
    Z_CSC              0.000      0.000    999.000    999.000

 Z_MSLQ   WITH
    Z_CSC              0.000      0.000    999.000    999.000

 Means
    Z_ASCI_IA         -0.220      0.096     -2.305      0.021
    Z_AMSC             0.201      0.098      2.064      0.039
    Z_EB              -0.426      0.076     -5.618      0.000
    Z_MSLQ             0.615      0.089      6.887      0.000
    Z_CSC             -0.244      0.077     -3.171      0.002

 Variances
    Z_ASCI_IA          0.921      0.105      8.751      0.000
    Z_AMSC             0.937      0.082     11.472      0.000
    Z_EB               0.710      0.096      7.375      0.000
    Z_MSLQ             0.477      0.074      6.400      0.000
    Z_CSC              0.758      0.073     10.324      0.000

Latent Class 3

 Z_ASCI_I WITH
    Z_AMSC             0.000      0.000    999.000    999.000
    Z_EB               0.000      0.000    999.000    999.000
    Z_MSLQ             0.000      0.000    999.000    999.000
    Z_CSC              0.000      0.000    999.000    999.000

 Z_AMSC   WITH
    Z_EB               0.000      0.000    999.000    999.000
    Z_MSLQ             0.000      0.000    999.000    999.000
    Z_CSC              0.000      0.000    999.000    999.000

 Z_EB     WITH
    Z_MSLQ             0.000      0.000    999.000    999.000
    Z_CSC              0.000      0.000    999.000    999.000

 Z_MSLQ   WITH
    Z_CSC              0.000      0.000    999.000    999.000

 Means
    Z_ASCI_IA          0.910      0.188      4.835      0.000
    Z_AMSC             0.182      0.280      0.650      0.516
    Z_EB               1.845      0.361      5.103      0.000
    Z_MSLQ            -0.030      0.375     -0.079      0.937
    Z_CSC              2.728      0.963      2.832      0.005

 Variances
    Z_ASCI_IA          0.921      0.105      8.751      0.000
    Z_AMSC             0.937      0.082     11.472      0.000
    Z_EB               0.710      0.096      7.375      0.000
    Z_MSLQ             0.477      0.074      6.400      0.000
    Z_CSC              0.758      0.073     10.324      0.000

Categorical Latent Variables

 Means
    C1#1               2.747      0.642      4.278      0.000
    C1#2               3.094      0.619      4.998      0.000


QUALITY OF NUMERICAL RESULTS

     Condition Number for the Information Matrix              0.110E-02
       (ratio of smallest to largest eigenvalue)


LATENT CLASS INDICATOR MEANS AND PROBABILITIES FOR EACH LATENT CLASS

     MEAN/PROBABILITY PROFILES FOR C1
                       Latent class
                     1      2      3
     Z_ASCI_I      0.253 -0.220  0.910
     Z_AMSC       -0.296  0.201  0.182
     Z_EB          0.484 -0.426  1.845
     Z_MSLQ       -0.868  0.615 -0.030
     Z_CSC         0.170 -0.244  2.728


EQUALITY TESTS OF MEANS ACROSS THE LATENT CLASSES

                    Chi-Square     P-Value   Degrees of Freedom


Z_ASCI_I
  Overall test         29.110      0.000        2
  Class 1 vs. 2         7.954      0.005        1
  Class 1 vs. 3         9.162      0.002        1
  Class 2 vs. 3        28.242      0.000        1

Z_AMSC
  Overall test          9.436      0.009        2
  Class 1 vs. 2         8.840      0.003        1
  Class 1 vs. 3         2.547      0.110        1
  Class 2 vs. 3         0.004      0.947        1

Z_EB
  Overall test         79.032      0.000        2
  Class 1 vs. 2        49.477      0.000        1
  Class 1 vs. 3        13.040      0.000        1
  Class 2 vs. 3        38.019      0.000        1

Z_MSLQ
  Overall test        181.453      0.000        2
  Class 1 vs. 2       178.836      0.000        1
  Class 1 vs. 3         4.912      0.027        1
  Class 2 vs. 3         2.742      0.098        1

Z_CSC
  Overall test         12.407      0.002        2
  Class 1 vs. 2         7.245      0.007        1
  Class 1 vs. 3         7.646      0.006        1
  Class 2 vs. 3         9.429      0.002        1


RESIDUAL OUTPUT


     ESTIMATED MODEL AND RESIDUALS (OBSERVED - ESTIMATED) FOR CLASS 1


           Model Estimated Means
              Z_ASCI_I      Z_AMSC        Z_EB          Z_MSLQ        Z_CSC
              ________      ________      ________      ________      ________
                0.253        -0.296         0.484        -0.868         0.170


           Residuals for Means
              Z_ASCI_I      Z_AMSC        Z_EB          Z_MSLQ        Z_CSC
              ________      ________      ________      ________      ________
                0.000         0.000         0.000         0.000         0.000


           Model Estimated Covariances
              Z_ASCI_I      Z_AMSC        Z_EB          Z_MSLQ        Z_CSC
              ________      ________      ________      ________      ________
 Z_ASCI_I       0.921
 Z_AMSC         0.000         0.937
 Z_EB           0.000         0.000         0.710
 Z_MSLQ         0.000         0.000         0.000         0.477
 Z_CSC          0.000         0.000         0.000         0.000         0.758


           Residuals for Covariances
              Z_ASCI_I      Z_AMSC        Z_EB          Z_MSLQ        Z_CSC
              ________      ________      ________      ________      ________
 Z_ASCI_I       0.082
 Z_AMSC        -0.181        -0.021
 Z_EB          -0.023         0.065        -0.023
 Z_MSLQ         0.090         0.070        -0.041         0.037
 Z_CSC         -0.020         0.100         0.211         0.038        -0.015


     ESTIMATED MODEL AND RESIDUALS (OBSERVED - ESTIMATED) FOR CLASS 2


           Model Estimated Means
              Z_ASCI_I      Z_AMSC        Z_EB          Z_MSLQ        Z_CSC
              ________      ________      ________      ________      ________
               -0.220         0.201        -0.426         0.615        -0.244


           Residuals for Means
              Z_ASCI_I      Z_AMSC        Z_EB          Z_MSLQ        Z_CSC
              ________      ________      ________      ________      ________
                0.000         0.000         0.000         0.000         0.000


           Model Estimated Covariances
              Z_ASCI_I      Z_AMSC        Z_EB          Z_MSLQ        Z_CSC
              ________      ________      ________      ________      ________
 Z_ASCI_I       0.921
 Z_AMSC         0.000         0.937
 Z_EB           0.000         0.000         0.710
 Z_MSLQ         0.000         0.000         0.000         0.477
 Z_CSC          0.000         0.000         0.000         0.000         0.758


           Residuals for Covariances
              Z_ASCI_I      Z_AMSC        Z_EB          Z_MSLQ        Z_CSC
              ________      ________      ________      ________      ________
 Z_ASCI_I      -0.029
 Z_AMSC        -0.259         0.032
 Z_EB           0.019         0.145         0.003
 Z_MSLQ        -0.038         0.043        -0.043        -0.037
 Z_CSC         -0.013         0.284         0.083         0.004        -0.045


     ESTIMATED MODEL AND RESIDUALS (OBSERVED - ESTIMATED) FOR CLASS 3


           Model Estimated Means
              Z_ASCI_I      Z_AMSC        Z_EB          Z_MSLQ        Z_CSC
              ________      ________      ________      ________      ________
                0.910         0.182         1.845        -0.030         2.728


           Residuals for Means
              Z_ASCI_I      Z_AMSC        Z_EB          Z_MSLQ        Z_CSC
              ________      ________      ________      ________      ________
                0.000         0.000         0.000         0.000         0.000


           Model Estimated Covariances
              Z_ASCI_I      Z_AMSC        Z_EB          Z_MSLQ        Z_CSC
              ________      ________      ________      ________      ________
 Z_ASCI_I       0.921
 Z_AMSC         0.000         0.937
 Z_EB           0.000         0.000         0.710
 Z_MSLQ         0.000         0.000         0.000         0.477
 Z_CSC          0.000         0.000         0.000         0.000         0.758


           Residuals for Covariances
              Z_ASCI_I      Z_AMSC        Z_EB          Z_MSLQ        Z_CSC
              ________      ________      ________      ________      ________
 Z_ASCI_I      -0.631
 Z_AMSC         0.047        -0.374
 Z_EB          -0.185         0.304         0.283
 Z_MSLQ        -0.029        -0.460        -0.328         0.248
 Z_CSC          0.152        -0.244        -0.685         0.547         1.234


TECHNICAL 11 OUTPUT

     Random Starts Specifications for the k-1 Class Analysis Model
        Number of initial stage random starts                 500
        Number of final stage optimizations                   100



     VUONG-LO-MENDELL-RUBIN LIKELIHOOD RATIO TEST FOR 2 (H0) VERSUS 3 CLASSES

          H0 Loglikelihood Value                        -1865.603
          2 Times the Loglikelihood Difference             37.268
          Difference in the Number of Parameters                6
          Mean                                             17.812
          Standard Deviation                               36.967
          P-Value                                          0.1916

     LO-MENDELL-RUBIN ADJUSTED LRT TEST

          Value                                            36.190
          P-Value                                          0.1976


TECHNICAL 14 OUTPUT

     Random Starts Specifications for the k-1 Class Analysis Model
        Number of initial stage random starts                 500
        Number of final stage optimizations                   100

     Random Starts Specification for the k-1 Class Model for Generated Data
        Number of initial stage random starts                   0
        Number of final stage optimizations for the
           initial stage random starts                          0
     Random Starts Specification for the k Class Model for Generated Data
        Number of initial stage random starts                  40
        Number of final stage optimizations                     8
     Number of bootstrap draws requested                   Varies


     PARAMETRIC BOOTSTRAPPED LIKELIHOOD RATIO TEST FOR 2 (H0) VERSUS 3 CLASSES

          H0 Loglikelihood Value                        -1865.603
          2 Times the Loglikelihood Difference             37.268
          Difference in the Number of Parameters                6
          Approximate P-Value                              0.0000
          Successful Bootstrap Draws                           20


SAVEDATA INFORMATION


  Save file
    model_1_class_3.dat

  Order and format of variables

    Z_ASCI_I       F10.3
    Z_AMSC         F10.3
    Z_EB           F10.3
    Z_MSLQ         F10.3
    Z_CSC          F10.3
    CPROB1         F10.3
    CPROB2         F10.3
    CPROB3         F10.3
    MLCC1          F10.3

  Save file format
    9F10.3

  Save file record length    10000

  Save missing symbol        *


     Beginning Time:  19:37:06
        Ending Time:  19:37:15
       Elapsed Time:  00:00:09



MUTHEN & MUTHEN
3463 Stoner Ave.
Los Angeles, CA  90066

Tel: (310) 391-9971
Fax: (310) 391-8971
Web: www.StatModel.com
Support: Support@StatModel.com

Copyright (c) 1998-2025 Muthen & Muthen
