Mplus VERSION 9
MUTHEN & MUTHEN
06/04/2026   7:40 PM

INPUT INSTRUCTIONS

  TITLE:
  model 2 with 6 classes
  DATA:
  FILE = "data_49fcf53fbfe2cbd403ca0d1914083a06.dat";
  VARIABLE:
  NAMES = z_ASCI_IA z_AMSC z_EB z_MSLQ z_CSC;
   MISSING=.;
   CLASSES = c1(6);

  ANALYSIS:
  TYPE = mixture;
  starts = 500 100;
  MODEL:
  %c1#1%
  z_ASCI_IA (vz_ASCI_IA1);
  z_AMSC (vz_AMSC1);
  z_EB (vz_EB1);
  z_MSLQ (vz_MSLQ1);
  z_CSC (vz_CSC1);

  z_ASCI_IA WITH z_AMSC@0;
  z_ASCI_IA WITH z_EB@0;
  z_ASCI_IA WITH z_MSLQ@0;
  z_ASCI_IA WITH z_CSC@0;
  z_AMSC WITH z_EB@0;
  z_AMSC WITH z_MSLQ@0;
  z_AMSC WITH z_CSC@0;
  z_EB WITH z_MSLQ@0;
  z_EB WITH z_CSC@0;
  z_MSLQ WITH z_CSC@0;

  %c1#2%
  z_ASCI_IA (vz_ASCI_IA2);
  z_AMSC (vz_AMSC2);
  z_EB (vz_EB2);
  z_MSLQ (vz_MSLQ2);
  z_CSC (vz_CSC2);

  z_ASCI_IA WITH z_AMSC@0;
  z_ASCI_IA WITH z_EB@0;
  z_ASCI_IA WITH z_MSLQ@0;
  z_ASCI_IA WITH z_CSC@0;
  z_AMSC WITH z_EB@0;
  z_AMSC WITH z_MSLQ@0;
  z_AMSC WITH z_CSC@0;
  z_EB WITH z_MSLQ@0;
  z_EB WITH z_CSC@0;
  z_MSLQ WITH z_CSC@0;

  %c1#3%
  z_ASCI_IA (vz_ASCI_IA3);
  z_AMSC (vz_AMSC3);
  z_EB (vz_EB3);
  z_MSLQ (vz_MSLQ3);
  z_CSC (vz_CSC3);

  z_ASCI_IA WITH z_AMSC@0;
  z_ASCI_IA WITH z_EB@0;
  z_ASCI_IA WITH z_MSLQ@0;
  z_ASCI_IA WITH z_CSC@0;
  z_AMSC WITH z_EB@0;
  z_AMSC WITH z_MSLQ@0;
  z_AMSC WITH z_CSC@0;
  z_EB WITH z_MSLQ@0;
  z_EB WITH z_CSC@0;
  z_MSLQ WITH z_CSC@0;

  %c1#4%
  z_ASCI_IA (vz_ASCI_IA4);
  z_AMSC (vz_AMSC4);
  z_EB (vz_EB4);
  z_MSLQ (vz_MSLQ4);
  z_CSC (vz_CSC4);

  z_ASCI_IA WITH z_AMSC@0;
  z_ASCI_IA WITH z_EB@0;
  z_ASCI_IA WITH z_MSLQ@0;
  z_ASCI_IA WITH z_CSC@0;
  z_AMSC WITH z_EB@0;
  z_AMSC WITH z_MSLQ@0;
  z_AMSC WITH z_CSC@0;
  z_EB WITH z_MSLQ@0;
  z_EB WITH z_CSC@0;
  z_MSLQ WITH z_CSC@0;

  %c1#5%
  z_ASCI_IA (vz_ASCI_IA5);
  z_AMSC (vz_AMSC5);
  z_EB (vz_EB5);
  z_MSLQ (vz_MSLQ5);
  z_CSC (vz_CSC5);

  z_ASCI_IA WITH z_AMSC@0;
  z_ASCI_IA WITH z_EB@0;
  z_ASCI_IA WITH z_MSLQ@0;
  z_ASCI_IA WITH z_CSC@0;
  z_AMSC WITH z_EB@0;
  z_AMSC WITH z_MSLQ@0;
  z_AMSC WITH z_CSC@0;
  z_EB WITH z_MSLQ@0;
  z_EB WITH z_CSC@0;
  z_MSLQ WITH z_CSC@0;

  %c1#6%
  z_ASCI_IA (vz_ASCI_IA6);
  z_AMSC (vz_AMSC6);
  z_EB (vz_EB6);
  z_MSLQ (vz_MSLQ6);
  z_CSC (vz_CSC6);

  z_ASCI_IA WITH z_AMSC@0;
  z_ASCI_IA WITH z_EB@0;
  z_ASCI_IA WITH z_MSLQ@0;
  z_ASCI_IA WITH z_CSC@0;
  z_AMSC WITH z_EB@0;
  z_AMSC WITH z_MSLQ@0;
  z_AMSC WITH z_CSC@0;
  z_EB WITH z_MSLQ@0;
  z_EB WITH z_CSC@0;
  z_MSLQ WITH z_CSC@0;


  OUTPUT:
  TECH14;
  sampstat residual tech11 tech14
  SAVEDATA:
  FILE IS model_2_class_6.dat;
  SAVE = cprobabilities;



*** WARNING in VARIABLE command
  Note that only the first 8 characters of variable names are used in the output.
  Shorten variable names to avoid any confusion.
*** WARNING in MODEL command
  All variables are uncorrelated with all other variables within class.
  Check that this is what is intended.
   2 WARNING(S) FOUND IN THE INPUT INSTRUCTIONS




model 2 with 6 classes

SUMMARY OF ANALYSIS

Number of groups                                                 1
Number of observations                                         269

Number of dependent variables                                    5
Number of independent variables                                  0
Number of continuous latent variables                            0
Number of categorical latent variables                           1

Observed dependent variables

  Continuous
   Z_ASCI_IA   Z_AMSC      Z_EB        Z_MSLQ      Z_CSC

Categorical latent variables
   C1


Estimator                                                      MLR
Information matrix                                        OBSERVED
Optimization Specifications for the Quasi-Newton Algorithm for
Continuous Outcomes
  Maximum number of iterations                                 100
  Convergence criterion                                  0.100D-05
Optimization Specifications for the EM Algorithm
  Maximum number of iterations                                 500
  Convergence criteria
    Loglikelihood change                                 0.100D-06
    Relative loglikelihood change                        0.100D-06
    Derivative                                           0.100D-05
Optimization Specifications for the M step of the EM Algorithm for
Categorical Latent Variables
  Number of M step iterations                                    1
  M step convergence criterion                           0.100D-05
  Basis for M step termination                           ITERATION
Optimization Specifications for the M step of the EM Algorithm for
Censored, Binary or Ordered Categorical (Ordinal), Unordered
Categorical (Nominal) and Count Outcomes
  Number of M step iterations                                    1
  M step convergence criterion                           0.100D-05
  Basis for M step termination                           ITERATION
  Maximum value for logit thresholds                            15
  Minimum value for logit thresholds                           -15
  Minimum expected cell size for chi-square              0.100D-01
Maximum number of iterations for H1                           2000
Convergence criterion for H1                             0.100D-03
Optimization algorithm                                         EMA
Random Starts Specifications
  Number of initial stage random starts                        500
  Number of final stage optimizations                          100
  Number of initial stage iterations                            10
  Initial stage convergence criterion                    0.100D+01
  Random starts scale                                    0.500D+01
  Random seed for generating random starts                       0

Input data file(s)
  data_49fcf53fbfe2cbd403ca0d1914083a06.dat
Input data format  FREE


SUMMARY OF DATA

     Number of missing data patterns             1
     Number of y missing data patterns           1
     Number of u missing data patterns           0


COVARIANCE COVERAGE OF DATA

Minimum covariance coverage value   0.100


     PROPORTION OF DATA PRESENT FOR Y


           Covariance Coverage
              Z_ASCI_I      Z_AMSC        Z_EB          Z_MSLQ        Z_CSC
              ________      ________      ________      ________      ________
 Z_ASCI_I       1.000
 Z_AMSC         1.000         1.000
 Z_EB           1.000         1.000         1.000
 Z_MSLQ         1.000         1.000         1.000         1.000
 Z_CSC          1.000         1.000         1.000         1.000         1.000


SAMPLE STATISTICS


     ESTIMATED SAMPLE STATISTICS


           Means
              Z_ASCI_I      Z_AMSC        Z_EB          Z_MSLQ        Z_CSC
              ________      ________      ________      ________      ________
                0.000         0.000         0.000         0.000         0.000


           Covariances
              Z_ASCI_I      Z_AMSC        Z_EB          Z_MSLQ        Z_CSC
              ________      ________      ________      ________      ________
 Z_ASCI_I       0.996
 Z_AMSC        -0.271         0.996
 Z_EB           0.143         0.019         0.996
 Z_MSLQ        -0.152         0.215        -0.370         0.996
 Z_CSC          0.100         0.161         0.337        -0.115         0.996


           Correlations
              Z_ASCI_I      Z_AMSC        Z_EB          Z_MSLQ        Z_CSC
              ________      ________      ________      ________      ________
 Z_ASCI_I       1.000
 Z_AMSC        -0.272         1.000
 Z_EB           0.144         0.019         1.000
 Z_MSLQ        -0.153         0.216        -0.371         1.000
 Z_CSC          0.101         0.161         0.339        -0.116         1.000


     MAXIMUM LOG-LIKELIHOOD VALUE FOR THE UNRESTRICTED (H1) MODEL IS -1842.405


UNIVARIATE SAMPLE STATISTICS


     UNIVARIATE HIGHER-ORDER MOMENT DESCRIPTIVE STATISTICS

         Variable/         Mean/     Skewness/   Minimum/ % with                Percentiles
        Sample Size      Variance    Kurtosis    Maximum  Min/Max      20%/60%    40%/80%    Median

     Z_ASCI_IA             0.000       0.511      -2.728    0.37%      -0.756     -0.318     -0.099
             269.000       0.996       1.105       3.624    0.37%       0.120      0.777
     Z_AMSC                0.000      -0.270      -2.810    0.37%      -0.934     -0.197      0.004
             269.000       0.996      -0.213       2.283    0.37%       0.272      0.875
     Z_EB                  0.000      -0.128      -4.510    0.37%      -0.806     -0.277     -0.013
             269.000       0.996       1.787       3.426    0.37%       0.252      0.781
     Z_MSLQ                0.000      -0.305      -3.046    1.12%      -0.820     -0.227      0.070
             269.000       0.996      -0.212       1.702    6.32%       0.367      0.812
     Z_CSC                 0.000       0.712      -2.933    0.37%      -0.936     -0.365     -0.080
             269.000       0.996       3.726       5.627    0.37%       0.206      0.776

RANDOM STARTS RESULTS RANKED FROM THE BEST TO THE WORST LOGLIKELIHOOD VALUES

Unperturbed starting value run did not converge in the initial stage
optimizations.

387 perturbed starting value run(s) did not converge in the initial stage
optimizations.

Final stage loglikelihood values at local maxima, seeds, and initial stage start numbers:

           -1779.349  529496           343
           -1779.456  836066           372
           -1779.732  752769           253
           -1780.165  27071            15
           -1780.970  609089           241
           -1781.181  960438           116
           -1781.621  915642           40
           -1782.380  69413            472
           -1782.544  913639           162
           -1783.018  263268           165
           -1783.520  746978           410
           -1784.079  232559           136
           -1784.096  608849           224
           -1784.186  193847           354
           -1784.267  508482           446
           -1785.184  846194           93
           -1785.488  972873           157
           -1785.579  15715            274
           -1786.778  471040           403
           -1787.247  790452           303
           -1788.798  782821           272
           -1789.143  414828           322
           -1789.966  888905           444
           -1790.225  971853           402
           -1790.771  665121           417
           -1790.862  605565           404
           -1791.940  748692           204
           -1795.768  945065           255
           -1795.894  781190           219
           -1797.994  987090           70
           -1800.832  85462            51
           -1819.169  850840           232

68 perturbed starting value run(s) did not converge or were rejected in the third stage.



     WARNING:  THE BEST LOGLIKELIHOOD VALUE WAS NOT REPLICATED.  THE
     SOLUTION MAY NOT BE TRUSTWORTHY DUE TO LOCAL MAXIMA.  INCREASE THE
     NUMBER OF RANDOM STARTS.


THE MODEL ESTIMATION TERMINATED NORMALLY



MODEL FIT INFORMATION

Number of Free Parameters                       65

Loglikelihood

          H0 Value                       -1779.349
          H0 Scaling Correction Factor      1.0895
            for MLR

Information Criteria

          Akaike (AIC)                    3688.698
          Bayesian (BIC)                  3922.354
          Sample-Size Adjusted BIC        3716.262
            (n* = (n + 2) / 24)



FINAL CLASS COUNTS AND PROPORTIONS FOR THE LATENT CLASSES
BASED ON THE ESTIMATED MODEL

    Latent
   Classes

       1         14.66631          0.05452
       2         43.89060          0.16316
       3        107.25683          0.39872
       4          7.29461          0.02712
       5         18.35473          0.06823
       6         77.53692          0.28824


FINAL CLASS COUNTS AND PROPORTIONS FOR THE LATENT CLASSES
BASED ON ESTIMATED POSTERIOR PROBABILITIES

    Latent
   Classes

       1         14.66631          0.05452
       2         43.89060          0.16316
       3        107.25683          0.39872
       4          7.29461          0.02712
       5         18.35473          0.06823
       6         77.53692          0.28824


FINAL CLASS COUNTS AND PROPORTIONS FOR THE LATENT CLASSES
BASED ON THEIR MOST LIKELY LATENT CLASS MEMBERSHIP

Class Counts and Proportions

    Latent
   Classes

       1               13          0.04833
       2               38          0.14126
       3              110          0.40892
       4                8          0.02974
       5               15          0.05576
       6               85          0.31599


CLASSIFICATION QUALITY

     Entropy                         0.779


Average Latent Class Probabilities for Most Likely Latent Class Membership (Row)
by Latent Class (Column)

           1        2        3        4        5        6

    1   0.757    0.045    0.081    0.000    0.004    0.114
    2   0.000    0.878    0.098    0.000    0.003    0.021
    3   0.033    0.051    0.870    0.002    0.008    0.037
    4   0.000    0.000    0.109    0.891    0.000    0.001
    5   0.000    0.002    0.010    0.000    0.892    0.095
    6   0.015    0.051    0.067    0.000    0.046    0.821


Classification Probabilities for the Most Likely Latent Class Membership (Column)
by Latent Class (Row)

           1        2        3        4        5        6

    1   0.671    0.000    0.244    0.000    0.000    0.085
    2   0.013    0.760    0.127    0.000    0.001    0.099
    3   0.010    0.035    0.893    0.008    0.001    0.053
    4   0.000    0.000    0.023    0.977    0.000    0.000
    5   0.003    0.007    0.047    0.000    0.729    0.214
    6   0.019    0.010    0.052    0.000    0.018    0.900


Logits for the Classification Probabilities for the Most Likely Latent Class Membership (Column)
by Latent Class (Row)

              1        2        3        4        5        6

    1      2.065   -9.060    1.056  -11.351   -6.348    0.000
    2     -1.998    2.040    0.251   -9.817   -4.804    0.000
    3     -1.695   -0.426    2.820   -1.883   -3.605    0.000
    4      0.000    0.000   10.055   13.792    0.000    0.000
    5     -4.338   -3.432   -1.518  -10.004    1.224    0.000
    6     -3.854   -4.476   -2.846   -9.300   -3.889    0.000


MODEL RESULTS

                                                    Two-Tailed
                    Estimate       S.E.  Est./S.E.    P-Value

Latent Class 1

 Z_ASCI_I WITH
    Z_AMSC             0.000      0.000    999.000    999.000
    Z_EB               0.000      0.000    999.000    999.000
    Z_MSLQ             0.000      0.000    999.000    999.000
    Z_CSC              0.000      0.000    999.000    999.000

 Z_AMSC   WITH
    Z_EB               0.000      0.000    999.000    999.000
    Z_MSLQ             0.000      0.000    999.000    999.000
    Z_CSC              0.000      0.000    999.000    999.000

 Z_EB     WITH
    Z_MSLQ             0.000      0.000    999.000    999.000
    Z_CSC              0.000      0.000    999.000    999.000

 Z_MSLQ   WITH
    Z_CSC              0.000      0.000    999.000    999.000

 Means
    Z_ASCI_IA         -0.515      0.242     -2.130      0.033
    Z_AMSC            -0.239      0.049     -4.865      0.000
    Z_EB              -0.302      0.395     -0.766      0.444
    Z_MSLQ            -0.811      0.697     -1.163      0.245
    Z_CSC             -0.150      0.333     -0.451      0.652

 Variances
    Z_ASCI_IA          0.108      0.053      2.041      0.041
    Z_AMSC             0.011      0.005      1.929      0.054
    Z_EB               2.015      1.913      1.053      0.292
    Z_MSLQ             1.613      0.592      2.723      0.006
    Z_CSC              0.406      0.186      2.180      0.029

Latent Class 2

 Z_ASCI_I WITH
    Z_AMSC             0.000      0.000    999.000    999.000
    Z_EB               0.000      0.000    999.000    999.000
    Z_MSLQ             0.000      0.000    999.000    999.000
    Z_CSC              0.000      0.000    999.000    999.000

 Z_AMSC   WITH
    Z_EB               0.000      0.000    999.000    999.000
    Z_MSLQ             0.000      0.000    999.000    999.000
    Z_CSC              0.000      0.000    999.000    999.000

 Z_EB     WITH
    Z_MSLQ             0.000      0.000    999.000    999.000
    Z_CSC              0.000      0.000    999.000    999.000

 Z_MSLQ   WITH
    Z_CSC              0.000      0.000    999.000    999.000

 Means
    Z_ASCI_IA          0.504      0.192      2.625      0.009
    Z_AMSC            -1.080      0.221     -4.893      0.000
    Z_EB              -0.813      0.216     -3.765      0.000
    Z_MSLQ             0.084      0.204      0.412      0.680
    Z_CSC             -0.708      0.196     -3.609      0.000

 Variances
    Z_ASCI_IA          0.830      0.277      3.000      0.003
    Z_AMSC             0.534      0.165      3.240      0.001
    Z_EB               0.529      0.182      2.909      0.004
    Z_MSLQ             1.058      0.355      2.976      0.003
    Z_CSC              0.934      0.208      4.495      0.000

Latent Class 3

 Z_ASCI_I WITH
    Z_AMSC             0.000      0.000    999.000    999.000
    Z_EB               0.000      0.000    999.000    999.000
    Z_MSLQ             0.000      0.000    999.000    999.000
    Z_CSC              0.000      0.000    999.000    999.000

 Z_AMSC   WITH
    Z_EB               0.000      0.000    999.000    999.000
    Z_MSLQ             0.000      0.000    999.000    999.000
    Z_CSC              0.000      0.000    999.000    999.000

 Z_EB     WITH
    Z_MSLQ             0.000      0.000    999.000    999.000
    Z_CSC              0.000      0.000    999.000    999.000

 Z_MSLQ   WITH
    Z_CSC              0.000      0.000    999.000    999.000

 Means
    Z_ASCI_IA         -0.331      0.122     -2.712      0.007
    Z_AMSC             0.484      0.162      2.994      0.003
    Z_EB              -0.324      0.101     -3.196      0.001
    Z_MSLQ             0.660      0.112      5.885      0.000
    Z_CSC             -0.162      0.095     -1.709      0.088

 Variances
    Z_ASCI_IA          0.601      0.191      3.138      0.002
    Z_AMSC             0.505      0.121      4.189      0.000
    Z_EB               0.554      0.109      5.070      0.000
    Z_MSLQ             0.383      0.090      4.256      0.000
    Z_CSC              0.544      0.073      7.503      0.000

Latent Class 4

 Z_ASCI_I WITH
    Z_AMSC             0.000      0.000    999.000    999.000
    Z_EB               0.000      0.000    999.000    999.000
    Z_MSLQ             0.000      0.000    999.000    999.000
    Z_CSC              0.000      0.000    999.000    999.000

 Z_AMSC   WITH
    Z_EB               0.000      0.000    999.000    999.000
    Z_MSLQ             0.000      0.000    999.000    999.000
    Z_CSC              0.000      0.000    999.000    999.000

 Z_EB     WITH
    Z_MSLQ             0.000      0.000    999.000    999.000
    Z_CSC              0.000      0.000    999.000    999.000

 Z_MSLQ   WITH
    Z_CSC              0.000      0.000    999.000    999.000

 Means
    Z_ASCI_IA         -0.821      0.748     -1.097      0.273
    Z_AMSC             1.718      0.075     23.044      0.000
    Z_EB              -0.239      0.043     -5.578      0.000
    Z_MSLQ             0.968      0.252      3.838      0.000
    Z_CSC              0.563      0.213      2.636      0.008

 Variances
    Z_ASCI_IA          3.799      2.542      1.495      0.135
    Z_AMSC             0.034      0.017      2.016      0.044
    Z_EB               0.009      0.009      1.041      0.298
    Z_MSLQ             0.330      0.096      3.430      0.001
    Z_CSC              0.254      0.150      1.691      0.091

Latent Class 5

 Z_ASCI_I WITH
    Z_AMSC             0.000      0.000    999.000    999.000
    Z_EB               0.000      0.000    999.000    999.000
    Z_MSLQ             0.000      0.000    999.000    999.000
    Z_CSC              0.000      0.000    999.000    999.000

 Z_AMSC   WITH
    Z_EB               0.000      0.000    999.000    999.000
    Z_MSLQ             0.000      0.000    999.000    999.000
    Z_CSC              0.000      0.000    999.000    999.000

 Z_EB     WITH
    Z_MSLQ             0.000      0.000    999.000    999.000
    Z_CSC              0.000      0.000    999.000    999.000

 Z_MSLQ   WITH
    Z_CSC              0.000      0.000    999.000    999.000

 Means
    Z_ASCI_IA          0.745      0.212      3.514      0.000
    Z_AMSC            -0.353      0.275     -1.284      0.199
    Z_EB               1.724      0.240      7.195      0.000
    Z_MSLQ            -0.602      0.279     -2.160      0.031
    Z_CSC              1.386      0.419      3.307      0.001

 Variances
    Z_ASCI_IA          0.501      0.210      2.389      0.017
    Z_AMSC             1.029      0.337      3.050      0.002
    Z_EB               0.743      0.212      3.510      0.000
    Z_MSLQ             0.966      0.325      2.970      0.003
    Z_CSC              2.403      1.147      2.096      0.036

Latent Class 6

 Z_ASCI_I WITH
    Z_AMSC             0.000      0.000    999.000    999.000
    Z_EB               0.000      0.000    999.000    999.000
    Z_MSLQ             0.000      0.000    999.000    999.000
    Z_CSC              0.000      0.000    999.000    999.000

 Z_AMSC   WITH
    Z_EB               0.000      0.000    999.000    999.000
    Z_MSLQ             0.000      0.000    999.000    999.000
    Z_CSC              0.000      0.000    999.000    999.000

 Z_EB     WITH
    Z_MSLQ             0.000      0.000    999.000    999.000
    Z_CSC              0.000      0.000    999.000    999.000

 Z_MSLQ   WITH
    Z_CSC              0.000      0.000    999.000    999.000

 Means
    Z_ASCI_IA          0.170      0.177      0.963      0.335
    Z_AMSC            -0.091      0.150     -0.605      0.545
    Z_EB               0.579      0.105      5.499      0.000
    Z_MSLQ            -0.756      0.153     -4.939      0.000
    Z_CSC              0.272      0.144      1.883      0.060

 Variances
    Z_ASCI_IA          1.089      0.275      3.966      0.000
    Z_AMSC             0.897      0.163      5.505      0.000
    Z_EB               0.253      0.069      3.645      0.000
    Z_MSLQ             0.287      0.130      2.204      0.028
    Z_CSC              0.623      0.134      4.653      0.000

Categorical Latent Variables

 Means
    C1#1              -1.665      0.776     -2.146      0.032
    C1#2              -0.569      0.481     -1.183      0.237
    C1#3               0.324      0.315      1.030      0.303
    C1#4              -2.364      0.460     -5.139      0.000
    C1#5              -1.441      0.516     -2.792      0.005


QUALITY OF NUMERICAL RESULTS

     Condition Number for the Information Matrix              0.218E-06
       (ratio of smallest to largest eigenvalue)


LATENT CLASS INDICATOR MEANS AND PROBABILITIES FOR EACH LATENT CLASS

     MEAN/PROBABILITY PROFILES FOR C1
                       Latent class
                     1      2      3      4      5      6
     Z_ASCI_I     -0.515  0.504 -0.331 -0.821  0.745  0.170
     Z_AMSC       -0.239 -1.080  0.484  1.718 -0.353 -0.091
     Z_EB         -0.302 -0.813 -0.324 -0.239  1.724  0.579
     Z_MSLQ       -0.811  0.084  0.660  0.968 -0.602 -0.756
     Z_CSC        -0.150 -0.708 -0.162  0.563  1.386  0.272


EQUALITY TESTS OF MEANS ACROSS THE LATENT CLASSES

                    Chi-Square     P-Value   Degrees of Freedom


Z_ASCI_I
  Overall test         36.681      0.000        5
  Class 1 vs. 2         9.706      0.002        1
  Class 1 vs. 3         0.424      0.515        1
  Class 1 vs. 4         0.153      0.696        1
  Class 1 vs. 5        15.316      0.000        1
  Class 1 vs. 6         5.233      0.022        1
  Class 2 vs. 3        15.731      0.000        1
  Class 2 vs. 4         2.928      0.087        1
  Class 2 vs. 5         0.726      0.394        1
  Class 2 vs. 6         1.438      0.231        1
  Class 3 vs. 4         0.412      0.521        1
  Class 3 vs. 5        20.218      0.000        1
  Class 3 vs. 6         4.196      0.041        1
  Class 4 vs. 5         4.058      0.044        1
  Class 4 vs. 6         1.666      0.197        1
  Class 5 vs. 6         3.747      0.053        1

Z_AMSC
  Overall test        543.320      0.000        5
  Class 1 vs. 2        13.816      0.000        1
  Class 1 vs. 3        14.680      0.000        1
  Class 1 vs. 4       467.062      0.000        1
  Class 1 vs. 5         0.168      0.682        1
  Class 1 vs. 6         0.850      0.356        1
  Class 2 vs. 3        54.208      0.000        1
  Class 2 vs. 4       150.069      0.000        1
  Class 2 vs. 5         4.257      0.039        1
  Class 2 vs. 6        15.107      0.000        1
  Class 3 vs. 4        52.187      0.000        1
  Class 3 vs. 5         6.704      0.010        1
  Class 3 vs. 6         7.601      0.006        1
  Class 4 vs. 5        52.806      0.000        1
  Class 4 vs. 6       117.467      0.000        1
  Class 5 vs. 6         0.612      0.434        1

Z_EB
  Overall test        117.929      0.000        5
  Class 1 vs. 2         1.358      0.244        1
  Class 1 vs. 3         0.003      0.958        1
  Class 1 vs. 4         0.026      0.873        1
  Class 1 vs. 5        18.901      0.000        1
  Class 1 vs. 6         4.749      0.029        1
  Class 2 vs. 3         4.584      0.032        1
  Class 2 vs. 4         6.860      0.009        1
  Class 2 vs. 5        58.540      0.000        1
  Class 2 vs. 6        42.904      0.000        1
  Class 3 vs. 4         0.598      0.439        1
  Class 3 vs. 5        56.283      0.000        1
  Class 3 vs. 6        49.659      0.000        1
  Class 4 vs. 5        64.966      0.000        1
  Class 4 vs. 6        52.411      0.000        1
  Class 5 vs. 6        22.764      0.000        1

Z_MSLQ
  Overall test        123.205      0.000        5
  Class 1 vs. 2         1.716      0.190        1
  Class 1 vs. 3         4.589      0.032        1
  Class 1 vs. 4         5.620      0.018        1
  Class 1 vs. 5         0.079      0.779        1
  Class 1 vs. 6         0.006      0.940        1
  Class 2 vs. 3         6.258      0.012        1
  Class 2 vs. 4         7.270      0.007        1
  Class 2 vs. 5         3.941      0.047        1
  Class 2 vs. 6        10.565      0.001        1
  Class 3 vs. 4         1.201      0.273        1
  Class 3 vs. 5        16.546      0.000        1
  Class 3 vs. 6        82.026      0.000        1
  Class 4 vs. 5        17.400      0.000        1
  Class 4 vs. 6        33.755      0.000        1
  Class 5 vs. 6         0.195      0.658        1

Z_CSC
  Overall test         36.131      0.000        5
  Class 1 vs. 2         1.945      0.163        1
  Class 1 vs. 3         0.001      0.974        1
  Class 1 vs. 4         3.191      0.074        1
  Class 1 vs. 5         8.258      0.004        1
  Class 1 vs. 6         1.213      0.271        1
  Class 2 vs. 3         6.927      0.008        1
  Class 2 vs. 4        19.724      0.000        1
  Class 2 vs. 5        19.970      0.000        1
  Class 2 vs. 6        18.081      0.000        1
  Class 3 vs. 4         9.864      0.002        1
  Class 3 vs. 5        12.692      0.000        1
  Class 3 vs. 6         6.848      0.009        1
  Class 4 vs. 5         3.076      0.079        1
  Class 4 vs. 6         1.298      0.255        1
  Class 5 vs. 6         6.923      0.009        1


RESIDUAL OUTPUT


     ESTIMATED MODEL AND RESIDUALS (OBSERVED - ESTIMATED) FOR CLASS 1


           Model Estimated Means
              Z_ASCI_I      Z_AMSC        Z_EB          Z_MSLQ        Z_CSC
              ________      ________      ________      ________      ________
               -0.515        -0.239        -0.302        -0.811        -0.150


           Residuals for Means
              Z_ASCI_I      Z_AMSC        Z_EB          Z_MSLQ        Z_CSC
              ________      ________      ________      ________      ________
                0.000         0.000         0.000         0.000         0.000


           Model Estimated Covariances
              Z_ASCI_I      Z_AMSC        Z_EB          Z_MSLQ        Z_CSC
              ________      ________      ________      ________      ________
 Z_ASCI_I       0.108
 Z_AMSC         0.000         0.011
 Z_EB           0.000         0.000         2.015
 Z_MSLQ         0.000         0.000         0.000         1.613
 Z_CSC          0.000         0.000         0.000         0.000         0.406


           Residuals for Covariances
              Z_ASCI_I      Z_AMSC        Z_EB          Z_MSLQ        Z_CSC
              ________      ________      ________      ________      ________
 Z_ASCI_I       0.000
 Z_AMSC        -0.007         0.000
 Z_EB           0.154        -0.056         0.000
 Z_MSLQ        -0.002         0.019        -0.665         0.000
 Z_CSC          0.000         0.018        -0.085         0.141         0.000


     ESTIMATED MODEL AND RESIDUALS (OBSERVED - ESTIMATED) FOR CLASS 2


           Model Estimated Means
              Z_ASCI_I      Z_AMSC        Z_EB          Z_MSLQ        Z_CSC
              ________      ________      ________      ________      ________
                0.504        -1.080        -0.813         0.084        -0.708


           Residuals for Means
              Z_ASCI_I      Z_AMSC        Z_EB          Z_MSLQ        Z_CSC
              ________      ________      ________      ________      ________
                0.000         0.000         0.000         0.000         0.000


           Model Estimated Covariances
              Z_ASCI_I      Z_AMSC        Z_EB          Z_MSLQ        Z_CSC
              ________      ________      ________      ________      ________
 Z_ASCI_I       0.830
 Z_AMSC         0.000         0.534
 Z_EB           0.000         0.000         0.529
 Z_MSLQ         0.000         0.000         0.000         1.058
 Z_CSC          0.000         0.000         0.000         0.000         0.934


           Residuals for Covariances
              Z_ASCI_I      Z_AMSC        Z_EB          Z_MSLQ        Z_CSC
              ________      ________      ________      ________      ________
 Z_ASCI_I       0.000
 Z_AMSC         0.120         0.000
 Z_EB          -0.055        -0.025         0.000
 Z_MSLQ        -0.258        -0.051        -0.123         0.000
 Z_CSC          0.118         0.042         0.087        -0.075         0.000


     ESTIMATED MODEL AND RESIDUALS (OBSERVED - ESTIMATED) FOR CLASS 3


           Model Estimated Means
              Z_ASCI_I      Z_AMSC        Z_EB          Z_MSLQ        Z_CSC
              ________      ________      ________      ________      ________
               -0.331         0.484        -0.324         0.660        -0.162


           Residuals for Means
              Z_ASCI_I      Z_AMSC        Z_EB          Z_MSLQ        Z_CSC
              ________      ________      ________      ________      ________
                0.000         0.000         0.000         0.000         0.000


           Model Estimated Covariances
              Z_ASCI_I      Z_AMSC        Z_EB          Z_MSLQ        Z_CSC
              ________      ________      ________      ________      ________
 Z_ASCI_I       0.601
 Z_AMSC         0.000         0.505
 Z_EB           0.000         0.000         0.554
 Z_MSLQ         0.000         0.000         0.000         0.383
 Z_CSC          0.000         0.000         0.000         0.000         0.544


           Residuals for Covariances
              Z_ASCI_I      Z_AMSC        Z_EB          Z_MSLQ        Z_CSC
              ________      ________      ________      ________      ________
 Z_ASCI_I       0.000
 Z_AMSC        -0.093         0.000
 Z_EB           0.046        -0.003         0.000
 Z_MSLQ         0.008         0.016        -0.015         0.000
 Z_CSC          0.066         0.068        -0.001         0.002         0.000


     ESTIMATED MODEL AND RESIDUALS (OBSERVED - ESTIMATED) FOR CLASS 4


           Model Estimated Means
              Z_ASCI_I      Z_AMSC        Z_EB          Z_MSLQ        Z_CSC
              ________      ________      ________      ________      ________
               -0.821         1.718        -0.239         0.968         0.563


           Residuals for Means
              Z_ASCI_I      Z_AMSC        Z_EB          Z_MSLQ        Z_CSC
              ________      ________      ________      ________      ________
                0.000         0.000         0.000         0.000         0.000


           Model Estimated Covariances
              Z_ASCI_I      Z_AMSC        Z_EB          Z_MSLQ        Z_CSC
              ________      ________      ________      ________      ________
 Z_ASCI_I       3.799
 Z_AMSC         0.000         0.034
 Z_EB           0.000         0.000         0.009
 Z_MSLQ         0.000         0.000         0.000         0.330
 Z_CSC          0.000         0.000         0.000         0.000         0.254


           Residuals for Covariances
              Z_ASCI_I      Z_AMSC        Z_EB          Z_MSLQ        Z_CSC
              ________      ________      ________      ________      ________
 Z_ASCI_I       0.000
 Z_AMSC        -0.173         0.000
 Z_EB           0.161        -0.007         0.000
 Z_MSLQ        -0.212         0.015        -0.008         0.000
 Z_CSC         -0.149        -0.012        -0.003        -0.209         0.000


     ESTIMATED MODEL AND RESIDUALS (OBSERVED - ESTIMATED) FOR CLASS 5


           Model Estimated Means
              Z_ASCI_I      Z_AMSC        Z_EB          Z_MSLQ        Z_CSC
              ________      ________      ________      ________      ________
                0.745        -0.353         1.724        -0.602         1.386


           Residuals for Means
              Z_ASCI_I      Z_AMSC        Z_EB          Z_MSLQ        Z_CSC
              ________      ________      ________      ________      ________
                0.000         0.000         0.000         0.000         0.000


           Model Estimated Covariances
              Z_ASCI_I      Z_AMSC        Z_EB          Z_MSLQ        Z_CSC
              ________      ________      ________      ________      ________
 Z_ASCI_I       0.501
 Z_AMSC         0.000         1.029
 Z_EB           0.000         0.000         0.743
 Z_MSLQ         0.000         0.000         0.000         0.966
 Z_CSC          0.000         0.000         0.000         0.000         2.403


           Residuals for Covariances
              Z_ASCI_I      Z_AMSC        Z_EB          Z_MSLQ        Z_CSC
              ________      ________      ________      ________      ________
 Z_ASCI_I       0.000
 Z_AMSC         0.041         0.000
 Z_EB          -0.059        -0.024         0.000
 Z_MSLQ         0.121         0.038        -0.198         0.000
 Z_CSC          0.024         0.316        -0.225         0.659         0.000


     ESTIMATED MODEL AND RESIDUALS (OBSERVED - ESTIMATED) FOR CLASS 6


           Model Estimated Means
              Z_ASCI_I      Z_AMSC        Z_EB          Z_MSLQ        Z_CSC
              ________      ________      ________      ________      ________
                0.170        -0.091         0.579        -0.756         0.272


           Residuals for Means
              Z_ASCI_I      Z_AMSC        Z_EB          Z_MSLQ        Z_CSC
              ________      ________      ________      ________      ________
                0.000         0.000         0.000         0.000         0.000


           Model Estimated Covariances
              Z_ASCI_I      Z_AMSC        Z_EB          Z_MSLQ        Z_CSC
              ________      ________      ________      ________      ________
 Z_ASCI_I       1.089
 Z_AMSC         0.000         0.897
 Z_EB           0.000         0.000         0.253
 Z_MSLQ         0.000         0.000         0.000         0.287
 Z_CSC          0.000         0.000         0.000         0.000         0.623


           Residuals for Covariances
              Z_ASCI_I      Z_AMSC        Z_EB          Z_MSLQ        Z_CSC
              ________      ________      ________      ________      ________
 Z_ASCI_I       0.000
 Z_AMSC        -0.155         0.000
 Z_EB           0.067         0.041         0.000
 Z_MSLQ         0.106         0.038        -0.026         0.000
 Z_CSC          0.065         0.080         0.074        -0.012         0.000


TECHNICAL 11 OUTPUT

     Random Starts Specifications for the k-1 Class Analysis Model
        Number of initial stage random starts                 500
        Number of final stage optimizations                   100



     VUONG-LO-MENDELL-RUBIN LIKELIHOOD RATIO TEST FOR 5 (H0) VERSUS 6 CLASSES

          H0 Loglikelihood Value                        -1793.890
          2 Times the Loglikelihood Difference             29.082
          Difference in the Number of Parameters               11
          Mean                                             48.144
          Standard Deviation                               81.773
          P-Value                                          0.5326

     LO-MENDELL-RUBIN ADJUSTED LRT TEST

          Value                                            28.617
          P-Value                                          0.5357


TECHNICAL 14 OUTPUT

     Random Starts Specifications for the k-1 Class Analysis Model
        Number of initial stage random starts                 500
        Number of final stage optimizations                   100

     Random Starts Specification for the k-1 Class Model for Generated Data
        Number of initial stage random starts                   0
        Number of final stage optimizations for the
           initial stage random starts                          0
     Random Starts Specification for the k Class Model for Generated Data
        Number of initial stage random starts                  40
        Number of final stage optimizations                     8
     Number of bootstrap draws requested                   Varies


     PARAMETRIC BOOTSTRAPPED LIKELIHOOD RATIO TEST FOR 5 (H0) VERSUS 6 CLASSES

          H0 Loglikelihood Value                        -1793.890
          2 Times the Loglikelihood Difference             29.082
          Difference in the Number of Parameters               11
          Approximate P-Value                              0.4286
          Successful Bootstrap Draws                            7


SAVEDATA INFORMATION


  Save file
    model_2_class_6.dat

  Order and format of variables

    Z_ASCI_I       F10.3
    Z_AMSC         F10.3
    Z_EB           F10.3
    Z_MSLQ         F10.3
    Z_CSC          F10.3
    CPROB1         F10.3
    CPROB2         F10.3
    CPROB3         F10.3
    CPROB4         F10.3
    CPROB5         F10.3
    CPROB6         F10.3
    MLCC1          F10.3

  Save file format
    12F10.3

  Save file record length    10000

  Save missing symbol        *


     Beginning Time:  19:40:58
        Ending Time:  19:41:29
       Elapsed Time:  00:00:31



MUTHEN & MUTHEN
3463 Stoner Ave.
Los Angeles, CA  90066

Tel: (310) 391-9971
Fax: (310) 391-8971
Web: www.StatModel.com
Support: Support@StatModel.com

Copyright (c) 1998-2025 Muthen & Muthen
