Mplus VERSION 8.11
MUTHEN & MUTHEN
06/05/2025   4:16 PM

INPUT INSTRUCTIONS

  TITLE:
  Science Attitudes: 5-Class
  DATA:
  FILE = "C:/Users/dnajiarch/Box/lca-bookdown/joint_occurrence/enum_sci/
  data.dat";
  VARIABLE:
  NAMES = casenum gender math_enjoy math_useful math_logical math_job math_adult
       sci_enjoy sci_useful sci_logical sci_job sci_adult;
   MISSING=.;
   categorical = sci_enjoy, sci_useful, sci_logical, sci_job, sci_adult;
  usevar = sci_enjoy, sci_useful, sci_logical, sci_job, sci_adult;
  classes = c(5);
  ANALYSIS:
  estimator = mlr;
      type = mixture;
      processors = 12;
      starts = 500 100;
  OUTPUT:
  sampstat residual tech11 tech14;



*** WARNING in VARIABLE command
  Note that only the first 8 characters of variable names are used in the output.
  Shorten variable names to avoid any confusion.
*** WARNING in OUTPUT command
  SAMPSTAT option is not available when all outcomes are censored, ordered
  categorical, unordered categorical (nominal), count or continuous-time
  survival variables.  Request for SAMPSTAT is ignored.
*** WARNING
  Data set contains cases with missing on all variables.
  These cases were not included in the analysis.
  Number of cases with missing on all variables:  2581
   3 WARNING(S) FOUND IN THE INPUT INSTRUCTIONS




Science Attitudes: 5-Class

SUMMARY OF ANALYSIS

Number of groups                                                 1
Number of observations                                        3364

Number of dependent variables                                    5
Number of independent variables                                  0
Number of continuous latent variables                            0
Number of categorical latent variables                           1

Observed dependent variables

  Binary and ordered categorical (ordinal)
   SCI_ENJO    SCI_USEF    SCI_LOGI    SCI_JOB     SCI_ADUL

Categorical latent variables
   C


Estimator                                                      MLR
Information matrix                                        OBSERVED
Optimization Specifications for the Quasi-Newton Algorithm for
Continuous Outcomes
  Maximum number of iterations                                 100
  Convergence criterion                                  0.100D-05
Optimization Specifications for the EM Algorithm
  Maximum number of iterations                                 500
  Convergence criteria
    Loglikelihood change                                 0.100D-06
    Relative loglikelihood change                        0.100D-06
    Derivative                                           0.100D-05
Optimization Specifications for the M step of the EM Algorithm for
Categorical Latent variables
  Number of M step iterations                                    1
  M step convergence criterion                           0.100D-05
  Basis for M step termination                           ITERATION
Optimization Specifications for the M step of the EM Algorithm for
Censored, Binary or Ordered Categorical (Ordinal), Unordered
Categorical (Nominal) and Count Outcomes
  Number of M step iterations                                    1
  M step convergence criterion                           0.100D-05
  Basis for M step termination                           ITERATION
  Maximum value for logit thresholds                            15
  Minimum value for logit thresholds                           -15
  Minimum expected cell size for chi-square              0.100D-01
Maximum number of iterations for H1                           2000
Convergence criterion for H1                             0.100D-03
Optimization algorithm                                         EMA
Random Starts Specifications
  Number of initial stage random starts                        500
  Number of final stage optimizations                          100
  Number of initial stage iterations                            10
  Initial stage convergence criterion                    0.100D+01
  Random starts scale                                    0.500D+01
  Random seed for generating random starts                       0
Link                                                         LOGIT

Input data file(s)
  C:/Users/dnajiarch/Box/lca-bookdown/joint_occurrence/enum_sci/data.dat
Input data format  FREE


SUMMARY OF DATA

     Number of missing data patterns            14
     Number of y missing data patterns           0
     Number of u missing data patterns          14


COVARIANCE COVERAGE OF DATA

Minimum covariance coverage value   0.100


     PROPORTION OF DATA PRESENT FOR U


           Covariance Coverage
              SCI_ENJO      SCI_USEF      SCI_LOGI      SCI_JOB       SCI_ADUL
              ________      ________      ________      ________      ________
 SCI_ENJO       0.998
 SCI_USEF       0.991         0.993
 SCI_LOGI       0.989         0.985         0.990
 SCI_JOB        0.991         0.987         0.986         0.993
 SCI_ADUL       0.996         0.991         0.989         0.992         0.997


UNIVARIATE PROPORTIONS AND COUNTS FOR CATEGORICAL VARIABLES

    SCI_ENJO
      Category 1    0.466         1564.000
      Category 2    0.534         1793.000
    SCI_USEF
      Category 1    0.550         1837.000
      Category 2    0.450         1502.000
    SCI_LOGI
      Category 1    0.452         1507.000
      Category 2    0.548         1825.000
    SCI_JOB
      Category 1    0.659         2200.000
      Category 2    0.341         1139.000
    SCI_ADUL
      Category 1    0.597         2003.000
      Category 2    0.403         1352.000


RANDOM STARTS RESULTS RANKED FROM THE BEST TO THE WORST LOGLIKELIHOOD VALUES

Final stage loglikelihood values at local maxima, seeds, and initial stage start numbers:

           -8734.824  918558           412
           -8734.824  80438            246
           -8734.824  534864           307
           -8734.824  502532           445
           -8734.824  127215           9
           -8734.824  438144           271
           -8734.824  654136           167
           -8734.824  263221           447
           -8734.824  391179           78
           -8734.824  226322           478
           -8734.824  686482           215
           -8734.824  292884           103
           -8734.824  437181           135
           -8734.824  748692           204
           -8734.824  937588           293
           -8734.824  970689           266
           -8734.824  65651            214
           -8734.824  948615           140
           -8734.824  464179           106
           -8734.824  860772           174
           -8734.824  369602           146
           -8734.824  476498           179
           -8734.824  871722           355
           -8734.824  544048           87
           -8734.824  152496           123
           -8734.824  462953           7
           -8734.824  626891           32
           -8734.824  922042           492
           -8735.007  354559           73
           -8735.007  263268           165
           -8735.292  471398           74
           -8735.292  569833           85
           -8735.577  358488           264
           -8735.577  188498           258
           -8736.182  100874           108
           -8736.453  136842           58
           -8736.496  592219           119
           -8736.980  456213           160
           -8737.582  967902           52
           -8738.508  462228           298
           -8738.656  696773           80
           -8738.675  856536           144
           -8740.586  587946           120
           -8740.586  603842           61
           -8740.586  576220           115
           -8740.586  405079           68

54 perturbed starting value run(s) did not converge or were rejected in the third stage.



THE BEST LOGLIKELIHOOD VALUE HAS BEEN REPLICATED.  RERUN WITH AT LEAST TWICE THE
RANDOM STARTS TO CHECK THAT THE BEST LOGLIKELIHOOD IS STILL OBTAINED AND REPLICATED.

     IN THE OPTIMIZATION, ONE OR MORE LOGIT THRESHOLDS APPROACHED EXTREME VALUES
     OF -15.000 AND 15.000 AND WERE FIXED TO STABILIZE MODEL ESTIMATION.  THESE
     VALUES IMPLY PROBABILITIES OF 0 AND 1.  IN THE MODEL RESULTS SECTION, THESE
     PARAMETERS HAVE 0 STANDARD ERRORS AND 999 IN THE Z-SCORE AND P-VALUE COLUMNS.




THE MODEL ESTIMATION TERMINATED NORMALLY



MODEL FIT INFORMATION

Number of Free Parameters                       29

Loglikelihood

          H0 Value                       -8734.824
          H0 Scaling Correction Factor      1.0021
            for MLR

Information Criteria

          Akaike (AIC)                   17527.647
          Bayesian (BIC)                 17705.153
          Sample-Size Adjusted BIC       17613.007
            (n* = (n + 2) / 24)

Chi-Square Test of Model Fit for the Binary and Ordered Categorical
(Ordinal) Outcomes

          Pearson Chi-Square

          Value                              4.025
          Degrees of Freedom                     2
          P-Value                           0.1336

          Likelihood Ratio Chi-Square

          Value                              3.765
          Degrees of Freedom                     2
          P-Value                           0.1522

Chi-Square Test for MCAR under the Unrestricted Latent Class Indicator Model

          Pearson Chi-Square

          Value                            107.174
          Degrees of Freedom                   109
          P-Value                           0.5315

          Likelihood Ratio Chi-Square

          Value                             80.001
          Degrees of Freedom                   109
          P-Value                           0.9832



FINAL CLASS COUNTS AND PROPORTIONS FOR THE LATENT CLASSES
BASED ON THE ESTIMATED MODEL

    Latent
   Classes

       1        185.06021          0.05501
       2       1030.58726          0.30636
       3        187.71992          0.05580
       4        751.15347          0.22329
       5       1209.47914          0.35954


FINAL CLASS COUNTS AND PROPORTIONS FOR THE LATENT CLASSES
BASED ON ESTIMATED POSTERIOR PROBABILITIES

    Latent
   Classes

       1        185.06021          0.05501
       2       1030.58726          0.30636
       3        187.71992          0.05580
       4        751.15347          0.22329
       5       1209.47914          0.35954


FINAL CLASS COUNTS AND PROPORTIONS FOR THE LATENT CLASSES
BASED ON THEIR MOST LIKELY LATENT CLASS MEMBERSHIP

Class Counts and Proportions

    Latent
   Classes

       1              170          0.05054
       2             1099          0.32669
       3              113          0.03359
       4              639          0.18995
       5             1343          0.39923


CLASSIFICATION QUALITY

     Entropy                         0.761


Average Latent Class Probabilities for Most Likely Latent Class Membership (Row)
by Latent Class (Column)

           1        2        3        4        5

    1   0.776    0.022    0.053    0.149    0.000
    2   0.027    0.893    0.003    0.076    0.000
    3   0.000    0.044    0.636    0.297    0.023
    4   0.036    0.063    0.085    0.776    0.040
    5   0.000    0.000    0.036    0.084    0.879


Classification Probabilities for the Most Likely Latent Class Membership (Column)
by Latent Class (Row)

           1        2        3        4        5

    1   0.713    0.162    0.000    0.123    0.002
    2   0.004    0.952    0.005    0.039    0.000
    3   0.048    0.020    0.383    0.290    0.260
    4   0.034    0.111    0.045    0.660    0.150
    5   0.000    0.000    0.002    0.021    0.976


Logits for the Classification Probabilities for the Most Likely Latent Class Membership (Column)
by Latent Class (Row)

              1        2        3        4        5

    1      5.958    4.477   -7.519    4.203    0.000
    2      2.882    8.434    3.146    5.234    0.000
    3     -1.689   -2.580    0.386    0.108    0.000
    4     -1.497   -0.302   -1.211    1.481    0.000
    5    -13.792   -8.275   -6.113   -3.825    0.000


MODEL RESULTS

                                                    Two-Tailed
                    Estimate       S.E.  Est./S.E.    P-Value

Latent Class 1

 Thresholds
    SCI_ENJO$1        -0.639      0.232     -2.756      0.006
    SCI_USEF$1         1.207      0.590      2.045      0.041
    SCI_LOGI$1         1.729      1.410      1.226      0.220
    SCI_JOB$1         -0.103      0.240     -0.430      0.667
    SCI_ADUL$1       -15.000      0.000    999.000    999.000

Latent Class 2

 Thresholds
    SCI_ENJO$1        -2.101      0.129    -16.308      0.000
    SCI_USEF$1        -2.563      0.275     -9.331      0.000
    SCI_LOGI$1        -3.754      0.632     -5.941      0.000
    SCI_JOB$1         -1.698      0.169    -10.031      0.000
    SCI_ADUL$1        -2.905      0.285    -10.209      0.000

Latent Class 3

 Thresholds
    SCI_ENJO$1        15.000      0.000    999.000    999.000
    SCI_USEF$1        -0.627      0.594     -1.056      0.291
    SCI_LOGI$1        -0.329      0.462     -0.712      0.476
    SCI_JOB$1          0.927      0.482      1.925      0.054
    SCI_ADUL$1         2.046      1.330      1.538      0.124

Latent Class 4

 Thresholds
    SCI_ENJO$1        -0.982      0.665     -1.478      0.139
    SCI_USEF$1        -0.076      0.145     -0.526      0.599
    SCI_LOGI$1        -1.191      0.171     -6.948      0.000
    SCI_JOB$1          1.970      0.256      7.685      0.000
    SCI_ADUL$1         1.217      0.346      3.519      0.000

Latent Class 5

 Thresholds
    SCI_ENJO$1         1.554      0.103     15.058      0.000
    SCI_USEF$1        15.000      0.000    999.000    999.000
    SCI_LOGI$1         2.194      0.265      8.291      0.000
    SCI_JOB$1          3.581      0.283     12.654      0.000
    SCI_ADUL$1        15.000      0.000    999.000    999.000

Categorical Latent Variables

 Means
    C#1               -1.877      0.350     -5.360      0.000
    C#2               -0.160      0.079     -2.032      0.042
    C#3               -1.863      0.676     -2.757      0.006
    C#4               -0.476      0.210     -2.267      0.023


QUALITY OF NUMERICAL RESULTS

     Condition Number for the Information Matrix              0.521E-03
       (ratio of smallest to largest eigenvalue)


RESULTS IN PROBABILITY SCALE

                                                    Two-Tailed
                    Estimate       S.E.  Est./S.E.    P-Value

Latent Class 1

 SCI_ENJOY
    Category 1         0.345      0.052      6.583      0.000
    Category 2         0.655      0.052     12.479      0.000
 SCI_USEFUL
    Category 1         0.770      0.105      7.359      0.000
    Category 2         0.230      0.105      2.202      0.028
 SCI_LOGICA
    Category 1         0.849      0.180      4.705      0.000
    Category 2         0.151      0.180      0.835      0.404
 SCI_JOB
    Category 1         0.474      0.060      7.936      0.000
    Category 2         0.526      0.060      8.797      0.000
 SCI_ADULT
    Category 1         0.000      0.000      0.000      1.000
    Category 2         1.000      0.000      0.000      1.000

Latent Class 2

 SCI_ENJOY
    Category 1         0.109      0.013      8.712      0.000
    Category 2         0.891      0.013     71.207      0.000
 SCI_USEFUL
    Category 1         0.072      0.018      3.921      0.000
    Category 2         0.928      0.018     50.880      0.000
 SCI_LOGICA
    Category 1         0.023      0.014      1.619      0.105
    Category 2         0.977      0.014     69.160      0.000
 SCI_JOB
    Category 1         0.155      0.022      6.988      0.000
    Category 2         0.845      0.022     38.181      0.000
 SCI_ADULT
    Category 1         0.052      0.014      3.706      0.000
    Category 2         0.948      0.014     67.719      0.000

Latent Class 3

 SCI_ENJOY
    Category 1         1.000      0.000      0.000      1.000
    Category 2         0.000      0.000      0.000      1.000
 SCI_USEFUL
    Category 1         0.348      0.135      2.582      0.010
    Category 2         0.652      0.135      4.835      0.000
 SCI_LOGICA
    Category 1         0.418      0.112      3.720      0.000
    Category 2         0.582      0.112      5.171      0.000
 SCI_JOB
    Category 1         0.716      0.098      7.324      0.000
    Category 2         0.284      0.098      2.898      0.004
 SCI_ADULT
    Category 1         0.886      0.135      6.568      0.000
    Category 2         0.114      0.135      0.849      0.396

Latent Class 4

 SCI_ENJOY
    Category 1         0.272      0.132      2.068      0.039
    Category 2         0.728      0.132      5.523      0.000
 SCI_USEFUL
    Category 1         0.481      0.036     13.319      0.000
    Category 2         0.519      0.036     14.373      0.000
 SCI_LOGICA
    Category 1         0.233      0.031      7.608      0.000
    Category 2         0.767      0.031     25.029      0.000
 SCI_JOB
    Category 1         0.878      0.028     31.870      0.000
    Category 2         0.122      0.028      4.446      0.000
 SCI_ADULT
    Category 1         0.772      0.061     12.658      0.000
    Category 2         0.228      0.061      3.749      0.000

Latent Class 5

 SCI_ENJOY
    Category 1         0.825      0.015     55.524      0.000
    Category 2         0.175      0.015     11.738      0.000
 SCI_USEFUL
    Category 1         1.000      0.000      0.000      1.000
    Category 2         0.000      0.000      0.000      1.000
 SCI_LOGICA
    Category 1         0.900      0.024     37.678      0.000
    Category 2         0.100      0.024      4.200      0.000
 SCI_JOB
    Category 1         0.973      0.007    130.412      0.000
    Category 2         0.027      0.007      3.632      0.000
 SCI_ADULT
    Category 1         1.000      0.000      0.000      1.000
    Category 2         0.000      0.000      0.000      1.000


LATENT CLASS INDICATOR ODDS RATIOS FOR THE LATENT CLASSES

                                                95% C.I.
                    Estimate       S.E.  Lower 2.5% Upper 2.5%

Latent Class 1 Compared to Latent Class 2

 SCI_ENJO
    Category > 1       0.232      0.059      0.141      0.382
 SCI_USEF
    Category > 1       0.023      0.014      0.007      0.077
 SCI_LOGI
    Category > 1       0.004      0.006      0.000      0.068
 SCI_JOB
    Category > 1       0.203      0.049      0.126      0.327
 SCI_ADUL
    Category > 1   *********      0.000  *********  *********

Latent Class 1 Compared to Latent Class 3

 SCI_ENJO
    Category > 1   *********      0.000  *********  *********
 SCI_USEF
    Category > 1       0.160      0.134      0.031      0.827
 SCI_LOGI
    Category > 1       0.128      0.185      0.007      2.179
 SCI_JOB
    Category > 1       2.801      1.563      0.938      8.364
 SCI_ADUL
    Category > 1   *********      0.000  *********  *********

Latent Class 1 Compared to Latent Class 4

 SCI_ENJO
    Category > 1       0.710      0.495      0.181      2.788
 SCI_USEF
    Category > 1       0.277      0.175      0.081      0.954
 SCI_LOGI
    Category > 1       0.054      0.076      0.003      0.843
 SCI_JOB
    Category > 1       7.946      2.957      3.832     16.476
 SCI_ADUL
    Category > 1   *********      0.000  *********  *********

Latent Class 1 Compared to Latent Class 5

 SCI_ENJO
    Category > 1       8.966      2.235      5.501     14.615
 SCI_USEF
    Category > 1   *********      0.000  *********  *********
 SCI_LOGI
    Category > 1       1.592      2.216      0.104     24.377
 SCI_JOB
    Category > 1      39.802     14.846     19.160     82.683
 SCI_ADUL
    Category > 1   *********      0.000  *********  *********

Latent Class 2 Compared to Latent Class 3

 SCI_ENJO
    Category > 1   *********      0.000  *********  *********
 SCI_USEF
    Category > 1       6.930      4.290      2.059     23.317
 SCI_LOGI
    Category > 1      30.726     27.153      5.436    173.675
 SCI_JOB
    Category > 1      13.808      7.427      4.812     39.625
 SCI_ADUL
    Category > 1     141.382    191.077      9.999   1998.993

Latent Class 2 Compared to Latent Class 4

 SCI_ENJO
    Category > 1       3.060      1.985      0.858     10.914
 SCI_USEF
    Category > 1      12.024      3.532      6.761     21.385
 SCI_LOGI
    Category > 1      12.982      8.252      3.735     45.125
 SCI_JOB
    Category > 1      39.164     11.474     22.055     69.546
 SCI_ADUL
    Category > 1      61.699     26.977     26.187    145.367

Latent Class 2 Compared to Latent Class 5

 SCI_ENJO
    Category > 1      38.662      6.377     27.982     53.417
 SCI_USEF
    Category > 1   *********      0.000  *********  *********
 SCI_LOGI
    Category > 1     383.124    284.474     89.393   1642.020
 SCI_JOB
    Category > 1     196.189     63.853    103.665    371.294
 SCI_ADUL
    Category > 1   *********      0.000  *********  *********

Latent Class 3 Compared to Latent Class 4

 SCI_ENJO
    Category > 1       0.000      0.000      0.000      0.000
 SCI_USEF
    Category > 1       1.735      1.054      0.527      5.708
 SCI_LOGI
    Category > 1       0.422      0.220      0.152      1.171
 SCI_JOB
    Category > 1       2.836      1.645      0.910      8.838
 SCI_ADUL
    Category > 1       0.436      0.573      0.033      5.718

Latent Class 3 Compared to Latent Class 5

 SCI_ENJO
    Category > 1       0.000      0.000      0.000      0.000
 SCI_USEF
    Category > 1   *********      0.000  *********  *********
 SCI_LOGI
    Category > 1      12.469      5.246      5.466     28.442
 SCI_JOB
    Category > 1      14.208      8.339      4.497     44.888
 SCI_ADUL
    Category > 1   *********      0.000  *********  *********

Latent Class 4 Compared to Latent Class 5

 SCI_ENJO
    Category > 1      12.634      8.451      3.406     46.872
 SCI_USEF
    Category > 1   *********      0.000  *********  *********
 SCI_LOGI
    Category > 1      29.513      9.024     16.208     53.740
 SCI_JOB
    Category > 1       5.009      1.940      2.345     10.702
 SCI_ADUL
    Category > 1   *********      0.000  *********  *********


RESIDUAL OUTPUT


     RESIDUAL OUTPUT IS NOT AVAILABLE FOR THIS MODEL.  ADDITIONAL OUTPUT FOR
     CATEGORICAL, COUNT, AND NOMINAL VARIABLES MAY BE AVAILABLE USING TECH10.


TECHNICAL 11 OUTPUT

     Random Starts Specifications for the k-1 Class Analysis Model
        Number of initial stage random starts                 500
        Number of final stage optimizations                   100



     VUONG-LO-MENDELL-RUBIN LIKELIHOOD RATIO TEST FOR 4 (H0) VERSUS 5 CLASSES

          H0 Loglikelihood Value                        -8742.238
          2 Times the Loglikelihood Difference             14.828
          Difference in the Number of Parameters                6
          Mean                                              2.722
          Standard Deviation                                4.439
          P-Value                                          0.0079

     LO-MENDELL-RUBIN ADJUSTED LRT TEST

          Value                                            14.530
          P-Value                                          0.0089


TECHNICAL 14 OUTPUT

     Random Starts Specifications for the k-1 Class Analysis Model
        Number of initial stage random starts                 500
        Number of final stage optimizations                   100

     Random Starts Specification for the k-1 Class Model for Generated Data
        Number of initial stage random starts                   0
        Number of final stage optimizations for the
           initial stage random starts                          0
     Random Starts Specification for the k Class Model for Generated Data
        Number of initial stage random starts                  40
        Number of final stage optimizations                     8
     Number of bootstrap draws requested                   Varies


     PARAMETRIC BOOTSTRAPPED LIKELIHOOD RATIO TEST FOR 4 (H0) VERSUS 5 CLASSES

          H0 Loglikelihood Value                        -8742.238
          2 Times the Loglikelihood Difference             14.828
          Difference in the Number of Parameters                6
          Approximate P-Value                              0.0000
          Successful Bootstrap Draws                           49

     WARNING:  OF THE 49 BOOTSTRAP DRAWS, 37 DRAWS HAD BOTH A SMALLER LRT VALUE THAN THE
     OBSERVED LRT VALUE AND NOT A REPLICATED BEST LOGLIKELIHOOD VALUE FOR THE 5-CLASS MODEL.
     THIS MEANS THAT THE P-VALUE MAY NOT BE TRUSTWORTHY DUE TO LOCAL MAXIMA.
     INCREASE THE NUMBER OF RANDOM STARTS USING THE LRTSTARTS OPTION.



     Beginning Time:  16:16:14
        Ending Time:  16:16:47
       Elapsed Time:  00:00:33



MUTHEN & MUTHEN
3463 Stoner Ave.
Los Angeles, CA  90066

Tel: (310) 391-9971
Fax: (310) 391-8971
Web: www.StatModel.com
Support: Support@StatModel.com

Copyright (c) 1998-2024 Muthen & Muthen
