Mplus VERSION 8.11 (Mac)
MUTHEN & MUTHEN
04/06/2025   9:10 PM

INPUT INSTRUCTIONS

  TITLE:
  7-Class
  DATA:
  FILE = "support.dat";

  VARIABLE:
  NAMES = ResponseId Family PhysPeers NonPhysPeers HSPhysTeach NonPhysFaculty
       PhysFaculty ResearchGrp WiPGroup GIPGroup ReligOrg OtherIdent SocialComm
       MentalHlth Woman Transgender NonBinary White Asian Hispanic Black MidEastern
       NatAmerican PacificIslander InstitutionType AcademicYear Identity;
   MISSING=.;
   categorical = Family-MentalHlth;
  usevar = Family-MentalHlth;
  classes = c(7);
  ANALYSIS:
  estimator = mlr;
      type = mixture;
      starts = 2000 500;
      processors = 10;
  OUTPUT:
  sampstat residual tech11 tech14 svalues;
  PLOT:
  type = plot3;
      series = Family-MentalHlth(*);



*** WARNING in VARIABLE command
  Note that only the first 8 characters of variable names are used in the output.
  Shorten variable names to avoid any confusion.
*** WARNING in PLOT command
  Note that only the first 8 characters of variable names are used in plots.
  If variable names are not unique within the first 8 characters, problems
  may occur.
*** WARNING in OUTPUT command
  SAMPSTAT option is not available when all outcomes are censored, ordered
  categorical, unordered categorical (nominal), count or continuous-time
  survival variables.  Request for SAMPSTAT is ignored.
   3 WARNING(S) FOUND IN THE INPUT INSTRUCTIONS




7-Class

SUMMARY OF ANALYSIS

Number of groups                                                 1
Number of observations                                         567

Number of dependent variables                                   13
Number of independent variables                                  0
Number of continuous latent variables                            0
Number of categorical latent variables                           1

Observed dependent variables

  Binary and ordered categorical (ordinal)
   FAMILY      PHYSPEER    NONPHYSP    HSPHYSTE    NONPHYSF    PHYSFACU
   RESEARCH    WIPGROUP    GIPGROUP    RELIGORG    OTHERIDE    SOCIALCO
   MENTALHL

Categorical latent variables
   C


Estimator                                                      MLR
Information matrix                                        OBSERVED
Optimization Specifications for the Quasi-Newton Algorithm for
Continuous Outcomes
  Maximum number of iterations                                 100
  Convergence criterion                                  0.100D-05
Optimization Specifications for the EM Algorithm
  Maximum number of iterations                                 500
  Convergence criteria
    Loglikelihood change                                 0.100D-06
    Relative loglikelihood change                        0.100D-06
    Derivative                                           0.100D-05
Optimization Specifications for the M step of the EM Algorithm for
Categorical Latent variables
  Number of M step iterations                                    1
  M step convergence criterion                           0.100D-05
  Basis for M step termination                           ITERATION
Optimization Specifications for the M step of the EM Algorithm for
Censored, Binary or Ordered Categorical (Ordinal), Unordered
Categorical (Nominal) and Count Outcomes
  Number of M step iterations                                    1
  M step convergence criterion                           0.100D-05
  Basis for M step termination                           ITERATION
  Maximum value for logit thresholds                            15
  Minimum value for logit thresholds                           -15
  Minimum expected cell size for chi-square              0.100D-01
Maximum number of iterations for H1                           2000
Convergence criterion for H1                             0.100D-03
Optimization algorithm                                         EMA
Random Starts Specifications
  Number of initial stage random starts                       2000
  Number of final stage optimizations                          500
  Number of initial stage iterations                            10
  Initial stage convergence criterion                    0.100D+01
  Random starts scale                                    0.500D+01
  Random seed for generating random starts                       0
Link                                                         LOGIT

Input data file(s)
  support.dat
Input data format  FREE


SUMMARY OF DATA

     Number of missing data patterns             1
     Number of y missing data patterns           0
     Number of u missing data patterns           1


COVARIANCE COVERAGE OF DATA

Minimum covariance coverage value   0.100


UNIVARIATE PROPORTIONS AND COUNTS FOR CATEGORICAL VARIABLES

    FAMILY
      Category 1    0.351          199.000
      Category 2    0.649          368.000
    PHYSPEER
      Category 1    0.146           83.000
      Category 2    0.854          484.000
    NONPHYSP
      Category 1    0.266          151.000
      Category 2    0.734          416.000
    HSPHYSTE
      Category 1    0.755          428.000
      Category 2    0.245          139.000
    NONPHYSF
      Category 1    0.764          433.000
      Category 2    0.236          134.000
    PHYSFACU
      Category 1    0.259          147.000
      Category 2    0.741          420.000
    RESEARCH
      Category 1    0.462          262.000
      Category 2    0.538          305.000
    WIPGROUP
      Category 1    0.492          279.000
      Category 2    0.508          288.000
    GIPGROUP
      Category 1    0.727          412.000
      Category 2    0.273          155.000
    RELIGORG
      Category 1    0.922          523.000
      Category 2    0.078           44.000
    OTHERIDE
      Category 1    0.961          545.000
      Category 2    0.039           22.000
    SOCIALCO
      Category 1    0.778          441.000
      Category 2    0.222          126.000
    MENTALHL
      Category 1    0.788          447.000
      Category 2    0.212          120.000


RANDOM STARTS RESULTS RANKED FROM THE BEST TO THE WORST LOGLIKELIHOOD VALUES

Final stage loglikelihood values at local maxima, seeds, and initial stage start numbers:

           -3526.553  767822           1293
           -3526.793  451258           848
           -3527.478  475419           987
           -3528.341  812408           1705
           -3528.505  179229           1453
           -3528.670  327475           518
           -3528.716  887580           493
           -3528.716  436460           89
           -3528.727  848838           1647
           -3528.748  682178           1344
           -3528.748  318177           748
           -3528.748  569131           26
           -3528.748  905166           1042
           -3528.801  105656           909
           -3528.944  719490           1780
           -3528.944  140864           1776
           -3529.136  314034           513
           -3529.177  402224           91
           -3529.326  23012            352
           -3529.721  75168            1160
           -3529.854  208230           1710
           -3529.894  88388            1527
           -3529.978  940258           1242
           -3530.025  186047           1513
           -3530.210  141203           1639
           -3530.245  118244           1950
           -3530.371  109357           765
           -3530.740  97158            205
           -3530.831  228459           947
           -3530.925  566739           575
           -3531.601  427363           1966
           -3531.746  317868           740
           -3532.544  934216           1369
           -3532.841  462228           298
           -3534.206  990489           1167
           -3534.465  907342           1133
           -3534.944  779820           877
           -3534.961  588699           828
           -3535.733  699810           571
           -3538.579  486646           586
           -3541.038  248493           1901

459 perturbed starting value run(s) did not converge or were rejected in the third stage.



     WARNING:  THE BEST LOGLIKELIHOOD VALUE WAS NOT REPLICATED.  THE
     SOLUTION MAY NOT BE TRUSTWORTHY DUE TO LOCAL MAXIMA.  INCREASE THE
     NUMBER OF RANDOM STARTS.

     IN THE OPTIMIZATION, ONE OR MORE LOGIT THRESHOLDS APPROACHED EXTREME VALUES
     OF -15.000 AND 15.000 AND WERE FIXED TO STABILIZE MODEL ESTIMATION.  THESE
     VALUES IMPLY PROBABILITIES OF 0 AND 1.  IN THE MODEL RESULTS SECTION, THESE
     PARAMETERS HAVE 0 STANDARD ERRORS AND 999 IN THE Z-SCORE AND P-VALUE COLUMNS.

     THE STANDARD ERRORS OF THE MODEL PARAMETER ESTIMATES MAY NOT BE
     TRUSTWORTHY FOR SOME PARAMETERS DUE TO A NON-POSITIVE DEFINITE
     FIRST-ORDER DERIVATIVE PRODUCT MATRIX.  THIS MAY BE DUE TO THE STARTING
     VALUES BUT MAY ALSO BE AN INDICATION OF MODEL NONIDENTIFICATION.  THE
     CONDITION NUMBER IS       0.280D-12.  PROBLEM INVOLVING THE FOLLOWING PARAMETER:
     Parameter 67, %C#6%: [ PHYSPEERS$1 ]




THE MODEL ESTIMATION TERMINATED NORMALLY



MODEL FIT INFORMATION

Number of Free Parameters                       97

Loglikelihood

          H0 Value                       -3526.553
          H0 Scaling Correction Factor      1.0502
            for MLR

Information Criteria

          Akaike (AIC)                    7247.105
          Bayesian (BIC)                  7668.120
          Sample-Size Adjusted BIC        7360.190
            (n* = (n + 2) / 24)

Chi-Square Test of Model Fit for the Binary and Ordered Categorical
(Ordinal) Outcomes**

          Pearson Chi-Square

          Value                           2080.321
          Degrees of Freedom                  8087
          P-Value                           1.0000

          Likelihood Ratio Chi-Square

          Value                            873.359
          Degrees of Freedom                  8087
          P-Value                           1.0000

** Of the 8192 cells in the latent class indicator table, 7
   were deleted in the calculation of chi-square due to extreme values.



FINAL CLASS COUNTS AND PROPORTIONS FOR THE LATENT CLASSES
BASED ON THE ESTIMATED MODEL

    Latent
   Classes

       1        179.64773          0.31684
       2         16.87164          0.02976
       3         91.92070          0.16212
       4        124.85706          0.22021
       5         17.14760          0.03024
       6         87.34851          0.15405
       7         49.20677          0.08678


FINAL CLASS COUNTS AND PROPORTIONS FOR THE LATENT CLASSES
BASED ON ESTIMATED POSTERIOR PROBABILITIES

    Latent
   Classes

       1        179.64773          0.31684
       2         16.87164          0.02976
       3         91.92070          0.16212
       4        124.85706          0.22021
       5         17.14760          0.03024
       6         87.34851          0.15405
       7         49.20677          0.08678


FINAL CLASS COUNTS AND PROPORTIONS FOR THE LATENT CLASSES
BASED ON THEIR MOST LIKELY LATENT CLASS MEMBERSHIP

Class Counts and Proportions

    Latent
   Classes

       1              204          0.35979
       2               16          0.02822
       3               86          0.15168
       4              120          0.21164
       5               13          0.02293
       6               82          0.14462
       7               46          0.08113


CLASSIFICATION QUALITY

     Entropy                         0.785


Average Latent Class Probabilities for Most Likely Latent Class Membership (Row)
by Latent Class (Column)

           1        2        3        4        5        6        7

    1   0.762    0.001    0.043    0.070    0.003    0.122    0.000
    2   0.036    0.855    0.051    0.000    0.000    0.011    0.046
    3   0.003    0.006    0.919    0.000    0.028    0.003    0.041
    4   0.072    0.000    0.001    0.912    0.004    0.011    0.000
    5   0.005    0.000    0.038    0.007    0.939    0.003    0.008
    6   0.178    0.024    0.033    0.014    0.009    0.741    0.000
    7   0.000    0.009    0.000    0.000    0.017    0.000    0.974


Classification Probabilities for the Most Likely Latent Class Membership (Column)
by Latent Class (Row)

           1        2        3        4        5        6        7

    1   0.865    0.003    0.001    0.048    0.000    0.081    0.000
    2   0.015    0.811    0.033    0.000    0.000    0.117    0.024
    3   0.095    0.009    0.859    0.002    0.005    0.030    0.000
    4   0.114    0.000    0.000    0.876    0.001    0.009    0.000
    5   0.033    0.000    0.140    0.026    0.712    0.043    0.046
    6   0.284    0.002    0.003    0.015    0.000    0.696    0.000
    7   0.000    0.015    0.072    0.000    0.002    0.000    0.910


Logits for the Classification Probabilities for the Most Likely Latent Class Membership (Column)
by Latent Class (Row)

              1        2        3        4        5        6        7

    1     13.671    8.087    7.236   10.787    5.847   11.304    0.000
    2     -0.482    3.509    0.299  -10.097  -10.097    1.572    0.000
    3     11.460    9.083   13.664    7.477    8.582   10.302    0.000
    4     11.641    1.463    0.000   13.683    6.598    9.149    0.000
    5     -0.343  -10.744    1.104   -0.588    2.732   -0.070    0.000
    6     12.556    7.636    7.936    9.615    6.018   13.453    0.000
    7    -13.722   -4.103   -2.532  -13.722   -6.008  -13.722    0.000


MODEL RESULTS

                                                    Two-Tailed
                    Estimate       S.E.  Est./S.E.    P-Value

Latent Class 1

 Thresholds
    FAMILY$1          -0.580      0.319     -1.821      0.069
    PHYSPEER$1        -2.599      0.433     -6.006      0.000
    NONPHYSP$1        -0.948      0.349     -2.721      0.007
    HSPHYSTE$1         1.433      0.276      5.196      0.000
    NONPHYSF$1         1.408      0.329      4.282      0.000
    PHYSFACU$1        -2.455      0.617     -3.981      0.000
    RESEARCH$1        -1.170      0.514     -2.279      0.023
    WIPGROUP$1         0.432      0.261      1.657      0.097
    GIPGROUP$1        15.000      0.000    999.000    999.000
    RELIGORG$1         2.163      0.389      5.566      0.000
    OTHERIDE$1         3.378      0.543      6.220      0.000
    SOCIALCO$1         1.934      0.393      4.915      0.000
    MENTALHL$1         1.264      0.244      5.186      0.000

Latent Class 2

 Thresholds
    FAMILY$1          -0.047      0.667     -0.070      0.944
    PHYSPEER$1        -2.774      1.388     -1.999      0.046
    NONPHYSP$1        -2.896      1.324     -2.187      0.029
    HSPHYSTE$1        -0.864      1.335     -0.647      0.518
    NONPHYSF$1       -15.000      0.000    999.000    999.000
    PHYSFACU$1       -15.000      0.000    999.000    999.000
    RESEARCH$1       -15.000      0.000    999.000    999.000
    WIPGROUP$1        -9.798   1216.471     -0.008      0.994
    GIPGROUP$1        -1.024      1.103     -0.928      0.353
    RELIGORG$1         2.303      1.399      1.647      0.100
    OTHERIDE$1        15.000      0.000    999.000    999.000
    SOCIALCO$1        -1.967      3.660     -0.537      0.591
    MENTALHL$1         0.512      0.798      0.642      0.521

Latent Class 3

 Thresholds
    FAMILY$1         -15.000      0.000    999.000    999.000
    PHYSPEER$1        -4.215      1.015     -4.152      0.000
    NONPHYSP$1       -15.000      0.000    999.000    999.000
    HSPHYSTE$1         1.500      0.308      4.876      0.000
    NONPHYSF$1         1.586      0.384      4.130      0.000
    PHYSFACU$1        -2.343      0.425     -5.511      0.000
    RESEARCH$1        -0.958      0.302     -3.177      0.001
    WIPGROUP$1        -1.569      0.321     -4.894      0.000
    GIPGROUP$1        -1.883      1.391     -1.354      0.176
    RELIGORG$1         3.027      0.610      4.965      0.000
    OTHERIDE$1         2.630      0.492      5.344      0.000
    SOCIALCO$1         0.824      0.279      2.950      0.003
    MENTALHL$1         1.006      0.282      3.564      0.000

Latent Class 4

 Thresholds
    FAMILY$1           0.406      0.214      1.900      0.057
    PHYSPEER$1        -0.019      0.212     -0.090      0.928
    NONPHYSP$1         0.597      0.234      2.555      0.011
    HSPHYSTE$1         1.473      0.255      5.777      0.000
    NONPHYSF$1         2.691      0.470      5.720      0.000
    PHYSFACU$1         1.256      0.363      3.457      0.001
    RESEARCH$1         1.723      0.392      4.392      0.000
    WIPGROUP$1         1.333      0.279      4.769      0.000
    GIPGROUP$1        15.000      0.000    999.000    999.000
    RELIGORG$1         3.196      0.534      5.980      0.000
    OTHERIDE$1         4.915      1.168      4.207      0.000
    SOCIALCO$1         3.051      0.551      5.540      0.000
    MENTALHL$1         2.080      0.360      5.776      0.000

Latent Class 5

 Thresholds
    FAMILY$1          -1.609      0.891     -1.805      0.071
    PHYSPEER$1        -0.994      0.701     -1.419      0.156
    NONPHYSP$1        -0.323      0.674     -0.480      0.631
    HSPHYSTE$1        15.000      0.000    999.000    999.000
    NONPHYSF$1         0.049      0.633      0.077      0.939
    PHYSFACU$1         0.091      0.709      0.128      0.898
    RESEARCH$1        15.000      0.000    999.000    999.000
    WIPGROUP$1        -1.320      0.725     -1.820      0.069
    GIPGROUP$1        -1.342      0.945     -1.420      0.156
    RELIGORG$1         1.992      0.838      2.377      0.017
    OTHERIDE$1         0.890      0.634      1.404      0.160
    SOCIALCO$1        -0.998      0.687     -1.452      0.147
    MENTALHL$1         0.573      0.590      0.972      0.331

Latent Class 6

 Thresholds
    FAMILY$1          -3.011      1.204     -2.501      0.012
    PHYSPEER$1       -14.969     14.037     -1.066      0.286
    NONPHYSP$1       -15.000      0.000    999.000    999.000
    HSPHYSTE$1        -0.125      0.689     -0.182      0.856
    NONPHYSF$1         0.078      0.543      0.143      0.886
    PHYSFACU$1        -1.758      0.490     -3.586      0.000
    RESEARCH$1         0.397      0.451      0.881      0.378
    WIPGROUP$1         0.223      0.497      0.450      0.653
    GIPGROUP$1        15.000      0.000    999.000    999.000
    RELIGORG$1         1.768      0.509      3.471      0.001
    OTHERIDE$1         3.038      0.765      3.973      0.000
    SOCIALCO$1         0.305      0.401      0.760      0.447
    MENTALHL$1         1.275      0.378      3.372      0.001

Latent Class 7

 Thresholds
    FAMILY$1           2.224      1.092      2.037      0.042
    PHYSPEER$1        -3.282      0.932     -3.522      0.000
    NONPHYSP$1        -1.108      0.357     -3.106      0.002
    HSPHYSTE$1         1.963      0.479      4.102      0.000
    NONPHYSF$1         1.652      0.651      2.538      0.011
    PHYSFACU$1        -2.022      0.545     -3.708      0.000
    RESEARCH$1        -0.494      0.354     -1.394      0.163
    WIPGROUP$1        -2.641      0.609     -4.336      0.000
    GIPGROUP$1       -15.000      0.000    999.000    999.000
    RELIGORG$1        15.000      0.000    999.000    999.000
    OTHERIDE$1        15.000      0.000    999.000    999.000
    SOCIALCO$1         2.128      0.510      4.174      0.000
    MENTALHL$1         1.319      0.448      2.944      0.003

Categorical Latent Variables

 Means
    C#1                1.295      0.291      4.447      0.000
    C#2               -1.070      0.736     -1.454      0.146
    C#3                0.625      0.286      2.183      0.029
    C#4                0.931      0.226      4.115      0.000
    C#5               -1.054      0.396     -2.664      0.008
    C#6                0.574      0.430      1.334      0.182


QUALITY OF NUMERICAL RESULTS

     Condition Number for the Information Matrix              0.280E-12
       (ratio of smallest to largest eigenvalue)


RESULTS IN PROBABILITY SCALE

                                                    Two-Tailed
                    Estimate       S.E.  Est./S.E.    P-Value

Latent Class 1

 FAMILY
    Category 1         0.359      0.073      4.895      0.000
    Category 2         0.641      0.073      8.745      0.000
 PHYSPEERS
    Category 1         0.069      0.028      2.482      0.013
    Category 2         0.931      0.028     33.399      0.000
 NONPHYSPEE
    Category 1         0.279      0.070      3.981      0.000
    Category 2         0.721      0.070     10.275      0.000
 HSPHYSTEAC
    Category 1         0.807      0.043     18.824      0.000
    Category 2         0.193      0.043      4.491      0.000
 NONPHYSFAC
    Category 1         0.803      0.052     15.474      0.000
    Category 2         0.197      0.052      3.787      0.000
 PHYSFACULT
    Category 1         0.079      0.045      1.760      0.078
    Category 2         0.921      0.045     20.509      0.000
 RESEARCHGR
    Category 1         0.237      0.093      2.551      0.011
    Category 2         0.763      0.093      8.222      0.000
 WIPGROUP
    Category 1         0.606      0.062      9.745      0.000
    Category 2         0.394      0.062      6.326      0.000
 GIPGROUP
    Category 1         1.000      0.000      0.000      1.000
    Category 2         0.000      0.000      0.000      1.000
 RELIGORG
    Category 1         0.897      0.036     24.960      0.000
    Category 2         0.103      0.036      2.869      0.004
 OTHERIDENT
    Category 1         0.967      0.017     55.826      0.000
    Category 2         0.033      0.017      1.904      0.057
 SOCIALCOMM
    Category 1         0.874      0.043     20.119      0.000
    Category 2         0.126      0.043      2.910      0.004
 MENTALHLTH
    Category 1         0.780      0.042     18.626      0.000
    Category 2         0.220      0.042      5.260      0.000

Latent Class 2

 FAMILY
    Category 1         0.488      0.167      2.930      0.003
    Category 2         0.512      0.167      3.069      0.002
 PHYSPEERS
    Category 1         0.059      0.077      0.766      0.444
    Category 2         0.941      0.077     12.264      0.000
 NONPHYSPEE
    Category 1         0.052      0.066      0.797      0.425
    Category 2         0.948      0.066     14.426      0.000
 HSPHYSTEAC
    Category 1         0.297      0.279      1.065      0.287
    Category 2         0.703      0.279      2.526      0.012
 NONPHYSFAC
    Category 1         0.000      0.000      0.000      1.000
    Category 2         1.000      0.000      0.000      1.000
 PHYSFACULT
    Category 1         0.000      0.000      0.000      1.000
    Category 2         1.000      0.000      0.000      1.000
 RESEARCHGR
    Category 1         0.000      0.000      0.000      1.000
    Category 2         1.000      0.000      0.000      1.000
 WIPGROUP
    Category 1         0.000      0.068      0.001      0.999
    Category 2         1.000      0.068     14.789      0.000
 GIPGROUP
    Category 1         0.264      0.214      1.232      0.218
    Category 2         0.736      0.214      3.430      0.001
 RELIGORG
    Category 1         0.909      0.116      7.869      0.000
    Category 2         0.091      0.116      0.786      0.432
 OTHERIDENT
    Category 1         1.000      0.000      0.000      1.000
    Category 2         0.000      0.000      0.000      1.000
 SOCIALCOMM
    Category 1         0.123      0.394      0.311      0.755
    Category 2         0.877      0.394      2.226      0.026
 MENTALHLTH
    Category 1         0.625      0.187      3.344      0.001
    Category 2         0.375      0.187      2.003      0.045

Latent Class 3

 FAMILY
    Category 1         0.000      0.000      0.000      1.000
    Category 2         1.000      0.000      0.000      1.000
 PHYSPEERS
    Category 1         0.015      0.015      1.000      0.317
    Category 2         0.985      0.015     67.669      0.000
 NONPHYSPEE
    Category 1         0.000      0.000      0.000      1.000
    Category 2         1.000      0.000      0.000      1.000
 HSPHYSTEAC
    Category 1         0.818      0.046     17.820      0.000
    Category 2         0.182      0.046      3.976      0.000
 NONPHYSFAC
    Category 1         0.830      0.054     15.322      0.000
    Category 2         0.170      0.054      3.137      0.002
 PHYSFACULT
    Category 1         0.088      0.034      2.578      0.010
    Category 2         0.912      0.034     26.843      0.000
 RESEARCHGR
    Category 1         0.277      0.060      4.587      0.000
    Category 2         0.723      0.060     11.959      0.000
 WIPGROUP
    Category 1         0.172      0.046      3.768      0.000
    Category 2         0.828      0.046     18.097      0.000
 GIPGROUP
    Category 1         0.132      0.159      0.828      0.408
    Category 2         0.868      0.159      5.445      0.000
 RELIGORG
    Category 1         0.954      0.027     35.491      0.000
    Category 2         0.046      0.027      1.720      0.086
 OTHERIDENT
    Category 1         0.933      0.031     30.219      0.000
    Category 2         0.067      0.031      2.178      0.029
 SOCIALCOMM
    Category 1         0.695      0.059     11.744      0.000
    Category 2         0.305      0.059      5.153      0.000
 MENTALHLTH
    Category 1         0.732      0.055     13.229      0.000
    Category 2         0.268      0.055      4.837      0.000

Latent Class 4

 FAMILY
    Category 1         0.600      0.051     11.703      0.000
    Category 2         0.400      0.051      7.798      0.000
 PHYSPEERS
    Category 1         0.495      0.053      9.325      0.000
    Category 2         0.505      0.053      9.505      0.000
 NONPHYSPEE
    Category 1         0.645      0.054     12.054      0.000
    Category 2         0.355      0.054      6.634      0.000
 HSPHYSTEAC
    Category 1         0.813      0.039     21.031      0.000
    Category 2         0.187      0.039      4.823      0.000
 NONPHYSFAC
    Category 1         0.936      0.028     33.465      0.000
    Category 2         0.064      0.028      2.270      0.023
 PHYSFACULT
    Category 1         0.778      0.063     12.418      0.000
    Category 2         0.222      0.063      3.536      0.000
 RESEARCHGR
    Category 1         0.849      0.050     16.825      0.000
    Category 2         0.151      0.050      3.004      0.003
 WIPGROUP
    Category 1         0.791      0.046     17.145      0.000
    Category 2         0.209      0.046      4.522      0.000
 GIPGROUP
    Category 1         1.000      0.000      0.000      1.000
    Category 2         0.000      0.000      0.000      1.000
 RELIGORG
    Category 1         0.961      0.020     47.583      0.000
    Category 2         0.039      0.020      1.948      0.051
 OTHERIDENT
    Category 1         0.993      0.008    117.562      0.000
    Category 2         0.007      0.008      0.862      0.389
 SOCIALCOMM
    Category 1         0.955      0.024     40.206      0.000
    Category 2         0.045      0.024      1.901      0.057
 MENTALHLTH
    Category 1         0.889      0.036     25.001      0.000
    Category 2         0.111      0.036      3.124      0.002

Latent Class 5

 FAMILY
    Category 1         0.167      0.124      1.346      0.178
    Category 2         0.833      0.124      6.731      0.000
 PHYSPEERS
    Category 1         0.270      0.138      1.956      0.050
    Category 2         0.730      0.138      5.284      0.000
 NONPHYSPEE
    Category 1         0.420      0.164      2.559      0.010
    Category 2         0.580      0.164      3.535      0.000
 HSPHYSTEAC
    Category 1         1.000      0.000      0.000      1.000
    Category 2         0.000      0.000      0.000      1.000
 NONPHYSFAC
    Category 1         0.512      0.158      3.239      0.001
    Category 2         0.488      0.158      3.085      0.002
 PHYSFACULT
    Category 1         0.523      0.177      2.953      0.003
    Category 2         0.477      0.177      2.697      0.007
 RESEARCHGR
    Category 1         1.000      0.000      0.000      1.000
    Category 2         0.000      0.000      0.000      1.000
 WIPGROUP
    Category 1         0.211      0.121      1.748      0.081
    Category 2         0.789      0.121      6.540      0.000
 GIPGROUP
    Category 1         0.207      0.155      1.335      0.182
    Category 2         0.793      0.155      5.106      0.000
 RELIGORG
    Category 1         0.880      0.089      9.942      0.000
    Category 2         0.120      0.089      1.356      0.175
 OTHERIDENT
    Category 1         0.709      0.131      5.419      0.000
    Category 2         0.291      0.131      2.226      0.026
 SOCIALCOMM
    Category 1         0.269      0.135      1.991      0.046
    Category 2         0.731      0.135      5.402      0.000
 MENTALHLTH
    Category 1         0.639      0.136      4.705      0.000
    Category 2         0.361      0.136      2.653      0.008

Latent Class 6

 FAMILY
    Category 1         0.047      0.054      0.872      0.383
    Category 2         0.953      0.054     17.692      0.000
 PHYSPEERS
    Category 1         0.000      0.000      0.071      0.943
    Category 2         1.000      0.000  *********      0.000
 NONPHYSPEE
    Category 1         0.000      0.000      0.000      1.000
    Category 2         1.000      0.000      0.000      1.000
 HSPHYSTEAC
    Category 1         0.469      0.172      2.731      0.006
    Category 2         0.531      0.172      3.095      0.002
 NONPHYSFAC
    Category 1         0.519      0.136      3.833      0.000
    Category 2         0.481      0.136      3.546      0.000
 PHYSFACULT
    Category 1         0.147      0.061      2.392      0.017
    Category 2         0.853      0.061     13.873      0.000
 RESEARCHGR
    Category 1         0.598      0.108      5.518      0.000
    Category 2         0.402      0.108      3.709      0.000
 WIPGROUP
    Category 1         0.556      0.123      4.532      0.000
    Category 2         0.444      0.123      3.625      0.000
 GIPGROUP
    Category 1         1.000      0.000      0.000      1.000
    Category 2         0.000      0.000      0.000      1.000
 RELIGORG
    Category 1         0.854      0.063     13.468      0.000
    Category 2         0.146      0.063      2.298      0.022
 OTHERIDENT
    Category 1         0.954      0.033     28.601      0.000
    Category 2         0.046      0.033      1.370      0.171
 SOCIALCOMM
    Category 1         0.576      0.098      5.874      0.000
    Category 2         0.424      0.098      4.330      0.000
 MENTALHLTH
    Category 1         0.782      0.065     12.109      0.000
    Category 2         0.218      0.065      3.384      0.001

Latent Class 7

 FAMILY
    Category 1         0.902      0.096      9.382      0.000
    Category 2         0.098      0.096      1.015      0.310
 PHYSPEERS
    Category 1         0.036      0.032      1.113      0.266
    Category 2         0.964      0.032     29.658      0.000
 NONPHYSPEE
    Category 1         0.248      0.067      3.728      0.000
    Category 2         0.752      0.067     11.292      0.000
 HSPHYSTEAC
    Category 1         0.877      0.052     16.969      0.000
    Category 2         0.123      0.052      2.383      0.017
 NONPHYSFAC
    Category 1         0.839      0.088      9.552      0.000
    Category 2         0.161      0.088      1.831      0.067
 PHYSFACULT
    Category 1         0.117      0.056      2.076      0.038
    Category 2         0.883      0.056     15.686      0.000
 RESEARCHGR
    Category 1         0.379      0.083      4.549      0.000
    Category 2         0.621      0.083      7.452      0.000
 WIPGROUP
    Category 1         0.067      0.038      1.759      0.079
    Category 2         0.933      0.038     24.678      0.000
 GIPGROUP
    Category 1         0.000      0.000      0.000      1.000
    Category 2         1.000      0.000      0.000      1.000
 RELIGORG
    Category 1         1.000      0.000      0.000      1.000
    Category 2         0.000      0.000      0.000      1.000
 OTHERIDENT
    Category 1         1.000      0.000      0.000      1.000
    Category 2         0.000      0.000      0.000      1.000
 SOCIALCOMM
    Category 1         0.894      0.048     18.437      0.000
    Category 2         0.106      0.048      2.195      0.028
 MENTALHLTH
    Category 1         0.789      0.075     10.578      0.000
    Category 2         0.211      0.075      2.827      0.005


LATENT CLASS INDICATOR ODDS RATIOS FOR THE LATENT CLASSES

                                                95% C.I.
                    Estimate       S.E.  Lower 2.5% Upper 2.5%

Latent Class 1 Compared to Latent Class 2

 FAMILY
    Category > 1       1.705      1.301      0.382      7.608
 PHYSPEER
    Category > 1       0.840      1.239      0.047     15.142
 NONPHYSP
    Category > 1       0.143      0.199      0.009      2.186
 HSPHYSTE
    Category > 1       0.101      0.138      0.007      1.489
 NONPHYSF
    Category > 1       0.000      0.000      0.000      0.000
 PHYSFACU
    Category > 1       0.000      0.000      0.000      0.000
 RESEARCH
    Category > 1       0.000      0.000      0.000      0.000
 WIPGROUP
    Category > 1       0.000      0.044      0.000  *********
 GIPGROUP
    Category > 1       0.000      0.000      0.000      0.000
 RELIGORG
    Category > 1       1.150      1.682      0.065     20.200
 OTHERIDE
    Category > 1   *********      0.000  *********  *********
 SOCIALCO
    Category > 1       0.020      0.073      0.000     24.720
 MENTALHL
    Category > 1       0.471      0.408      0.086      2.576

Latent Class 1 Compared to Latent Class 3

 FAMILY
    Category > 1       0.000      0.000      0.000      0.000
 PHYSPEER
    Category > 1       0.199      0.220      0.023      1.744
 NONPHYSP
    Category > 1       0.000      0.000      0.000      0.000
 HSPHYSTE
    Category > 1       1.069      0.445      0.473      2.418
 NONPHYSF
    Category > 1       1.196      0.570      0.470      3.042
 PHYSFACU
    Category > 1       1.119      0.864      0.246      5.081
 RESEARCH
    Category > 1       1.236      0.737      0.384      3.975
 WIPGROUP
    Category > 1       0.135      0.055      0.061      0.300
 GIPGROUP
    Category > 1       0.000      0.000      0.000      0.000
 RELIGORG
    Category > 1       2.372      1.727      0.570      9.880
 OTHERIDE
    Category > 1       0.473      0.358      0.107      2.083
 SOCIALCO
    Category > 1       0.330      0.161      0.126      0.859
 MENTALHL
    Category > 1       0.772      0.301      0.360      1.658

Latent Class 1 Compared to Latent Class 4

 FAMILY
    Category > 1       2.681      1.130      1.174      6.123
 PHYSPEER
    Category > 1      13.200      6.418      5.090     34.232
 NONPHYSP
    Category > 1       4.689      2.121      1.933     11.378
 HSPHYSTE
    Category > 1       1.040      0.417      0.474      2.284
 NONPHYSF
    Category > 1       3.608      2.249      1.064     12.240
 PHYSFACU
    Category > 1      40.910     30.484      9.496    176.239
 RESEARCH
    Category > 1      18.051     12.938      4.430     73.552
 WIPGROUP
    Category > 1       2.462      1.031      1.083      5.595
 GIPGROUP
    Category > 1       1.000      0.000      1.000      1.000
 RELIGORG
    Category > 1       2.807      1.991      0.699     11.276
 OTHERIDE
    Category > 1       4.651      6.126      0.352     61.477
 SOCIALCO
    Category > 1       3.058      2.224      0.735     12.719
 MENTALHL
    Category > 1       2.260      1.079      0.887      5.763

Latent Class 1 Compared to Latent Class 5

 FAMILY
    Category > 1       0.357      0.339      0.056      2.294
 PHYSPEER
    Category > 1       4.981      4.143      0.976     25.429
 NONPHYSP
    Category > 1       1.868      1.431      0.416      8.382
 HSPHYSTE
    Category > 1   *********      0.000  *********  *********
 NONPHYSF
    Category > 1       0.257      0.186      0.062      1.058
 PHYSFACU
    Category > 1      12.757     11.933      2.039     79.800
 RESEARCH
    Category > 1   *********      0.000  *********  *********
 WIPGROUP
    Category > 1       0.173      0.132      0.039      0.772
 GIPGROUP
    Category > 1       0.000      0.000      0.000      0.000
 RELIGORG
    Category > 1       0.843      0.768      0.141      5.031
 OTHERIDE
    Category > 1       0.083      0.070      0.016      0.429
 SOCIALCO
    Category > 1       0.053      0.042      0.011      0.254
 MENTALHL
    Category > 1       0.501      0.320      0.143      1.755

Latent Class 1 Compared to Latent Class 6

 FAMILY
    Category > 1       0.088      0.109      0.008      0.999
 PHYSPEER
    Category > 1       0.000      0.000      0.000  *********
 NONPHYSP
    Category > 1       0.000      0.000      0.000      0.000
 HSPHYSTE
    Category > 1       0.211      0.173      0.042      1.056
 NONPHYSF
    Category > 1       0.265      0.190      0.065      1.080
 PHYSFACU
    Category > 1       2.009      1.885      0.319     12.637
 RESEARCH
    Category > 1       4.795      3.637      1.084     21.203
 WIPGROUP
    Category > 1       0.812      0.530      0.226      2.920
 GIPGROUP
    Category > 1       1.000      0.000      1.000      1.000
 RELIGORG
    Category > 1       0.674      0.536      0.142      3.201
 OTHERIDE
    Category > 1       0.712      0.765      0.087      5.851
 SOCIALCO
    Category > 1       0.196      0.102      0.071      0.544
 MENTALHL
    Category > 1       1.011      0.514      0.373      2.740

Latent Class 1 Compared to Latent Class 7

 FAMILY
    Category > 1      16.508     18.923      1.746    156.116
 PHYSPEER
    Category > 1       0.505      0.516      0.068      3.737
 NONPHYSP
    Category > 1       0.852      0.422      0.323      2.251
 HSPHYSTE
    Category > 1       1.699      0.942      0.573      5.038
 NONPHYSF
    Category > 1       1.276      0.850      0.346      4.709
 PHYSFACU
    Category > 1       1.542      1.271      0.306      7.757
 RESEARCH
    Category > 1       1.967      1.201      0.595      6.507
 WIPGROUP
    Category > 1       0.046      0.030      0.013      0.168
 GIPGROUP
    Category > 1       0.000      0.000      0.000      0.000
 RELIGORG
    Category > 1   *********      0.000  *********  *********
 OTHERIDE
    Category > 1   *********      0.000  *********  *********
 SOCIALCO
    Category > 1       1.215      0.786      0.342      4.317
 MENTALHL
    Category > 1       1.057      0.515      0.406      2.747

Latent Class 2 Compared to Latent Class 3

 FAMILY
    Category > 1       0.000      0.000      0.000      0.000
 PHYSPEER
    Category > 1       0.237      0.413      0.008      7.227
 NONPHYSP
    Category > 1       0.000      0.000      0.000      0.000
 HSPHYSTE
    Category > 1      10.632     14.609      0.719    157.123
 NONPHYSF
    Category > 1   *********      0.000  *********  *********
 PHYSFACU
    Category > 1   *********      0.000  *********  *********
 RESEARCH
    Category > 1   *********      0.000  *********  *********
 WIPGROUP
    Category > 1    3745.990  *********      0.000  *********
 GIPGROUP
    Category > 1       0.423      0.696      0.017     10.618
 RELIGORG
    Category > 1       2.062      3.423      0.080     53.336
 OTHERIDE
    Category > 1       0.000      0.000      0.000      0.000
 SOCIALCO
    Category > 1      16.291     60.009      0.012  22260.215
 MENTALHL
    Category > 1       1.638      1.404      0.306      8.783

Latent Class 2 Compared to Latent Class 4

 FAMILY
    Category > 1       1.572      1.089      0.404      6.111
 PHYSPEER
    Category > 1      15.714     22.144      0.992    248.791
 NONPHYSP
    Category > 1      32.881     44.180      2.362    457.774
 HSPHYSTE
    Category > 1      10.343     14.086      0.717    149.258
 NONPHYSF
    Category > 1   *********      0.000  *********  *********
 PHYSFACU
    Category > 1   *********      0.000  *********  *********
 RESEARCH
    Category > 1   *********      0.000  *********  *********
 WIPGROUP
    Category > 1   68213.695  *********      0.000  *********
 GIPGROUP
    Category > 1   *********      0.000  *********  *********
 RELIGORG
    Category > 1       2.441      3.633      0.132     45.132
 OTHERIDE
    Category > 1       0.000      0.000      0.000      0.000
 SOCIALCO
    Category > 1     151.147    561.315      0.104  *********
 MENTALHL
    Category > 1       4.794      4.161      0.875     26.270

Latent Class 2 Compared to Latent Class 5

 FAMILY
    Category > 1       0.210      0.237      0.023      1.916
 PHYSPEER
    Category > 1       5.929      8.989      0.304    115.735
 NONPHYSP
    Category > 1      13.101     19.469      0.712    241.125
 HSPHYSTE
    Category > 1   *********      0.000  *********  *********
 NONPHYSF
    Category > 1   *********      0.000  *********  *********
 PHYSFACU
    Category > 1   *********      0.000  *********  *********
 RESEARCH
    Category > 1   *********      0.000  *********  *********
 WIPGROUP
    Category > 1    4807.810  *********      0.000  *********
 GIPGROUP
    Category > 1       0.728      1.077      0.040     13.246
 RELIGORG
    Category > 1       0.733      1.191      0.030     17.727
 OTHERIDE
    Category > 1       0.000      0.000      0.000      0.000
 SOCIALCO
    Category > 1       2.635      9.870      0.002   4066.846
 MENTALHL
    Category > 1       1.062      1.033      0.158      7.143

Latent Class 2 Compared to Latent Class 6

 FAMILY
    Category > 1       0.052      0.073      0.003      0.836
 PHYSPEER
    Category > 1       0.000      0.000      0.000  *********
 NONPHYSP
    Category > 1       0.000      0.000      0.000      0.000
 HSPHYSTE
    Category > 1       2.093      3.124      0.112     39.017
 NONPHYSF
    Category > 1   *********      0.000  *********  *********
 PHYSFACU
    Category > 1   *********      0.000  *********  *********
 RESEARCH
    Category > 1   *********      0.000  *********  *********
 WIPGROUP
    Category > 1   22493.203  *********      0.000  *********
 GIPGROUP
    Category > 1   *********      0.000  *********  *********
 RELIGORG
    Category > 1       0.586      0.885      0.030     11.316
 OTHERIDE
    Category > 1       0.000      0.000      0.000      0.000
 SOCIALCO
    Category > 1       9.696     35.807      0.007  13494.074
 MENTALHL
    Category > 1       2.144      1.934      0.366     12.566

Latent Class 2 Compared to Latent Class 7

 FAMILY
    Category > 1       9.680     12.680      0.743    126.135
 PHYSPEER
    Category > 1       0.601      1.070      0.018     19.693
 NONPHYSP
    Category > 1       5.975      8.342      0.387     92.205
 HSPHYSTE
    Category > 1      16.892     22.565      1.232    231.603
 NONPHYSF
    Category > 1   *********      0.000  *********  *********
 PHYSFACU
    Category > 1   *********      0.000  *********  *********
 RESEARCH
    Category > 1   *********      0.000  *********  *********
 WIPGROUP
    Category > 1    1281.870  *********      0.000  *********
 GIPGROUP
    Category > 1       0.000      0.000      0.000      0.000
 RELIGORG
    Category > 1   *********      0.000  *********  *********
 OTHERIDE
    Category > 1       1.000      0.000      1.000      1.000
 SOCIALCO
    Category > 1      60.049    224.385      0.040  91041.023
 MENTALHL
    Category > 1       2.241      2.370      0.282     17.816

Latent Class 3 Compared to Latent Class 4

 FAMILY
    Category > 1   *********      0.000  *********  *********
 PHYSPEER
    Category > 1      66.405     68.763      8.725    505.416
 NONPHYSP
    Category > 1   *********      0.000  *********  *********
 HSPHYSTE
    Category > 1       0.973      0.388      0.445      2.125
 NONPHYSF
    Category > 1       3.018      1.861      0.901     10.108
 PHYSFACU
    Category > 1      36.565     20.299     12.317    108.546
 RESEARCH
    Category > 1      14.602      7.246      5.521     38.618
 WIPGROUP
    Category > 1      18.210      7.749      7.908     41.929
 GIPGROUP
    Category > 1   *********      0.000  *********  *********
 RELIGORG
    Category > 1       1.183      0.959      0.242      5.792
 OTHERIDE
    Category > 1       9.830     12.459      0.820    117.874
 SOCIALCO
    Category > 1       9.278      5.724      2.769     31.088
 MENTALHL
    Category > 1       2.926      1.330      1.200      7.133

Latent Class 3 Compared to Latent Class 5

 FAMILY
    Category > 1   *********      0.000  *********  *********
 PHYSPEER
    Category > 1      25.057     32.062      2.040    307.700
 NONPHYSP
    Category > 1   *********      0.000  *********  *********
 HSPHYSTE
    Category > 1   *********      0.000  *********  *********
 NONPHYSF
    Category > 1       0.215      0.173      0.044      1.046
 PHYSFACU
    Category > 1      11.402      9.825      2.106     61.722
 RESEARCH
    Category > 1   *********      0.000  *********  *********
 WIPGROUP
    Category > 1       1.283      1.048      0.259      6.362
 GIPGROUP
    Category > 1       1.719      2.908      0.062     47.347
 RELIGORG
    Category > 1       0.355      0.376      0.044      2.835
 OTHERIDE
    Category > 1       0.176      0.145      0.035      0.885
 SOCIALCO
    Category > 1       0.162      0.127      0.035      0.750
 MENTALHL
    Category > 1       0.648      0.431      0.176      2.388

Latent Class 3 Compared to Latent Class 6

 FAMILY
    Category > 1   *********      0.000  *********  *********
 PHYSPEER
    Category > 1       0.000      0.000      0.000  *********
 NONPHYSP
    Category > 1       1.000      0.000      1.000      1.000
 HSPHYSTE
    Category > 1       0.197      0.152      0.044      0.890
 NONPHYSF
    Category > 1       0.221      0.147      0.060      0.811
 PHYSFACU
    Category > 1       1.795      1.179      0.496      6.501
 RESEARCH
    Category > 1       3.879      2.206      1.273     11.824
 WIPGROUP
    Category > 1       6.005      3.567      1.874     19.236
 GIPGROUP
    Category > 1   *********      0.000  *********  *********
 RELIGORG
    Category > 1       0.284      0.226      0.060      1.352
 OTHERIDE
    Category > 1       1.505      1.459      0.225     10.061
 SOCIALCO
    Category > 1       0.595      0.288      0.230      1.538
 MENTALHL
    Category > 1       1.308      0.647      0.497      3.447

Latent Class 3 Compared to Latent Class 7

 FAMILY
    Category > 1   *********      0.000  *********  *********
 PHYSPEER
    Category > 1       2.541      3.511      0.169     38.119
 NONPHYSP
    Category > 1   *********      0.000  *********  *********
 HSPHYSTE
    Category > 1       1.589      0.927      0.507      4.983
 NONPHYSF
    Category > 1       1.068      0.714      0.288      3.958
 PHYSFACU
    Category > 1       1.378      0.974      0.345      5.503
 RESEARCH
    Category > 1       1.592      0.759      0.625      4.052
 WIPGROUP
    Category > 1       0.342      0.240      0.087      1.352
 GIPGROUP
    Category > 1       0.000      0.000      0.000      0.000
 RELIGORG
    Category > 1   *********      0.000  *********  *********
 OTHERIDE
    Category > 1   *********      0.000  *********  *********
 SOCIALCO
    Category > 1       3.686      2.147      1.177     11.541
 MENTALHL
    Category > 1       1.368      0.737      0.476      3.935

Latent Class 4 Compared to Latent Class 5

 FAMILY
    Category > 1       0.133      0.122      0.022      0.805
 PHYSPEER
    Category > 1       0.377      0.279      0.089      1.607
 NONPHYSP
    Category > 1       0.398      0.287      0.097      1.632
 HSPHYSTE
    Category > 1   *********      0.000  *********  *********
 NONPHYSF
    Category > 1       0.071      0.056      0.015      0.331
 PHYSFACU
    Category > 1       0.312      0.250      0.065      1.497
 RESEARCH
    Category > 1   *********      0.000  *********  *********
 WIPGROUP
    Category > 1       0.070      0.055      0.015      0.327
 GIPGROUP
    Category > 1       0.000      0.000      0.000      0.000
 RELIGORG
    Category > 1       0.300      0.300      0.042      2.125
 OTHERIDE
    Category > 1       0.018      0.024      0.001      0.246
 SOCIALCO
    Category > 1       0.017      0.016      0.003      0.101
 MENTALHL
    Category > 1       0.222      0.154      0.057      0.866

Latent Class 4 Compared to Latent Class 6

 FAMILY
    Category > 1       0.033      0.040      0.003      0.367
 PHYSPEER
    Category > 1       0.000      0.000      0.000  *********
 NONPHYSP
    Category > 1       0.000      0.000      0.000      0.000
 HSPHYSTE
    Category > 1       0.202      0.150      0.047      0.862
 NONPHYSF
    Category > 1       0.073      0.051      0.019      0.284
 PHYSFACU
    Category > 1       0.049      0.027      0.017      0.145
 RESEARCH
    Category > 1       0.266      0.157      0.083      0.847
 WIPGROUP
    Category > 1       0.330      0.183      0.111      0.976
 GIPGROUP
    Category > 1       1.000      0.000      1.000      1.000
 RELIGORG
    Category > 1       0.240      0.171      0.060      0.967
 OTHERIDE
    Category > 1       0.153      0.213      0.010      2.332
 SOCIALCO
    Category > 1       0.064      0.045      0.016      0.254
 MENTALHL
    Category > 1       0.447      0.226      0.166      1.206

Latent Class 4 Compared to Latent Class 7

 FAMILY
    Category > 1       6.158      6.841      0.698     54.337
 PHYSPEER
    Category > 1       0.038      0.036      0.006      0.247
 NONPHYSP
    Category > 1       0.182      0.077      0.079      0.419
 HSPHYSTE
    Category > 1       1.633      0.886      0.564      4.731
 NONPHYSF
    Category > 1       0.354      0.291      0.071      1.770
 PHYSFACU
    Category > 1       0.038      0.024      0.011      0.134
 RESEARCH
    Category > 1       0.109      0.058      0.039      0.308
 WIPGROUP
    Category > 1       0.019      0.013      0.005      0.070
 GIPGROUP
    Category > 1       0.000      0.000      0.000      0.000
 RELIGORG
    Category > 1   *********      0.000  *********  *********
 OTHERIDE
    Category > 1   23971.512      0.000  23971.516  23971.516
 SOCIALCO
    Category > 1       0.397      0.297      0.092      1.716
 MENTALHL
    Category > 1       0.467      0.271      0.150      1.458

Latent Class 5 Compared to Latent Class 6

 FAMILY
    Category > 1       0.246      0.370      0.013      4.689
 PHYSPEER
    Category > 1       0.000      0.000      0.000  *********
 NONPHYSP
    Category > 1       0.000      0.000      0.000      0.000
 HSPHYSTE
    Category > 1       0.000      0.000      0.000      0.000
 NONPHYSF
    Category > 1       1.030      0.873      0.195      5.429
 PHYSFACU
    Category > 1       0.157      0.138      0.028      0.875
 RESEARCH
    Category > 1       0.000      0.000      0.000      0.000
 WIPGROUP
    Category > 1       4.678      4.224      0.797     27.452
 GIPGROUP
    Category > 1   *********      0.000  *********  *********
 RELIGORG
    Category > 1       0.799      0.803      0.112      5.724
 OTHERIDE
    Category > 1       8.572      8.527      1.220     60.226
 SOCIALCO
    Category > 1       3.680      2.953      0.763     17.742
 MENTALHL
    Category > 1       2.018      1.435      0.501      8.134

Latent Class 5 Compared to Latent Class 7

 FAMILY
    Category > 1      46.203     67.595      2.626    812.810
 PHYSPEER
    Category > 1       0.101      0.127      0.009      1.174
 NONPHYSP
    Category > 1       0.456      0.354      0.100      2.086
 HSPHYSTE
    Category > 1       0.000      0.000      0.000      0.000
 NONPHYSF
    Category > 1       4.967      4.793      0.750     32.916
 PHYSFACU
    Category > 1       0.121      0.118      0.018      0.823
 RESEARCH
    Category > 1       0.000      0.000      0.000      0.000
 WIPGROUP
    Category > 1       0.267      0.256      0.041      1.749
 GIPGROUP
    Category > 1       0.000      0.000      0.000      0.000
 RELIGORG
    Category > 1   *********      0.000  *********  *********
 OTHERIDE
    Category > 1   *********      0.000  *********  *********
 SOCIALCO
    Category > 1      22.789     19.656      4.203    123.568
 MENTALHL
    Category > 1       2.110      1.602      0.476      9.347

Latent Class 6 Compared to Latent Class 7

 FAMILY
    Category > 1     187.583    310.577      7.309   4814.315
 PHYSPEER
    Category > 1   *********  *********      0.000  *********
 NONPHYSP
    Category > 1   *********      0.000  *********  *********
 HSPHYSTE
    Category > 1       8.071      6.725      1.576     41.327
 NONPHYSF
    Category > 1       4.825      4.072      0.923     25.230
 PHYSFACU
    Category > 1       0.768      0.552      0.187      3.145
 RESEARCH
    Category > 1       0.410      0.229      0.137      1.225
 WIPGROUP
    Category > 1       0.057      0.044      0.012      0.262
 GIPGROUP
    Category > 1       0.000      0.000      0.000      0.000
 RELIGORG
    Category > 1   *********      0.000  *********  *********
 OTHERIDE
    Category > 1   *********      0.000  *********  *********
 SOCIALCO
    Category > 1       6.193      4.009      1.741     22.029
 MENTALHL
    Category > 1       1.045      0.602      0.338      3.230


MODEL COMMAND WITH FINAL ESTIMATES USED AS STARTING VALUES

     %OVERALL%

     [ c#1*1.29497 ];
     [ c#2*-1.07040 ];
     [ c#3*0.62489 ];
     [ c#4*0.93114 ];
     [ c#5*-1.05417 ];
     [ c#6*0.57387 ];

     %C#1%

     [ family$1*-0.58023 ];
     [ physpeers$1*-2.59938 ];
     [ nonphyspeers$1*-0.94811 ];
     [ hsphysteach$1*1.43298 ];
     [ nonphysfaculty$1*1.40759 ];
     [ physfaculty$1*-2.45525 ];
     [ researchgrp$1*-1.17033 ];
     [ wipgroup$1*0.43207 ];
     [ gipgroup$1*15 ];
     [ religorg$1*2.16343 ];
     [ otherident$1*3.37826 ];
     [ socialcomm$1*1.93361 ];
     [ mentalhlth$1*1.26434 ];

     %C#2%

     [ family$1*-0.04651 ];
     [ physpeers$1*-2.77372 ];
     [ nonphyspeers$1*-2.89576 ];
     [ hsphysteach$1*-0.86376 ];
     [ nonphysfaculty$1*-15 ];
     [ physfaculty$1*-15 ];
     [ researchgrp$1*-15 ];
     [ wipgroup$1*-9.79753 ];
     [ gipgroup$1*-1.02368 ];
     [ religorg$1*2.30335 ];
     [ otherident$1*15 ];
     [ socialcomm$1*-1.96680 ];
     [ mentalhlth$1*0.51248 ];

     %C#3%

     [ family$1*-15 ];
     [ physpeers$1*-4.21496 ];
     [ nonphyspeers$1*-15 ];
     [ hsphysteach$1*1.50007 ];
     [ nonphysfaculty$1*1.58617 ];
     [ physfaculty$1*-2.34297 ];
     [ researchgrp$1*-0.95828 ];
     [ wipgroup$1*-1.56909 ];
     [ gipgroup$1*-1.88336 ];
     [ religorg$1*3.02723 ];
     [ otherident$1*2.62995 ];
     [ socialcomm$1*0.82379 ];
     [ mentalhlth$1*1.00618 ];

     %C#4%

     [ family$1*0.40592 ];
     [ physpeers$1*-0.01919 ];
     [ nonphyspeers$1*0.59714 ];
     [ hsphysteach$1*1.47251 ];
     [ nonphysfaculty$1*2.69077 ];
     [ physfaculty$1*1.25612 ];
     [ researchgrp$1*1.72289 ];
     [ wipgroup$1*1.33287 ];
     [ gipgroup$1*15 ];
     [ religorg$1*3.19564 ];
     [ otherident$1*4.91538 ];
     [ socialcomm$1*3.05145 ];
     [ mentalhlth$1*2.07981 ];

     %C#5%

     [ family$1*-1.60945 ];
     [ physpeers$1*-0.99381 ];
     [ nonphyspeers$1*-0.32307 ];
     [ hsphysteach$1*15 ];
     [ nonphysfaculty$1*0.04875 ];
     [ physfaculty$1*0.09083 ];
     [ researchgrp$1*15 ];
     [ wipgroup$1*-1.31953 ];
     [ gipgroup$1*-1.34165 ];
     [ religorg$1*1.99206 ];
     [ otherident$1*0.88990 ];
     [ socialcomm$1*-0.99792 ];
     [ mentalhlth$1*0.57297 ];

     %C#6%

     [ family$1*-3.01062 ];
     [ physpeers$1*-14.96921 ];
     [ nonphyspeers$1*-15 ];
     [ hsphysteach$1*-0.12522 ];
     [ nonphysfaculty$1*0.07785 ];
     [ physfaculty$1*-1.75784 ];
     [ researchgrp$1*0.39727 ];
     [ wipgroup$1*0.22344 ];
     [ gipgroup$1*15 ];
     [ religorg$1*1.76825 ];
     [ otherident$1*3.03846 ];
     [ socialcomm$1*0.30491 ];
     [ mentalhlth$1*1.27500 ];

     %C#7%

     [ family$1*2.22360 ];
     [ physpeers$1*-3.28228 ];
     [ nonphyspeers$1*-1.10821 ];
     [ hsphysteach$1*1.96309 ];
     [ nonphysfaculty$1*1.65164 ];
     [ physfaculty$1*-2.02230 ];
     [ researchgrp$1*-0.49360 ];
     [ wipgroup$1*-2.64145 ];
     [ gipgroup$1*-15 ];
     [ religorg$1*15 ];
     [ otherident$1*15 ];
     [ socialcomm$1*2.12836 ];
     [ mentalhlth$1*1.31945 ];



RESIDUAL OUTPUT


     RESIDUAL OUTPUT IS NOT AVAILABLE FOR THIS MODEL.  ADDITIONAL OUTPUT FOR
     CATEGORICAL, COUNT, AND NOMINAL VARIABLES MAY BE AVAILABLE USING TECH10.


TECHNICAL 11 OUTPUT

     Random Starts Specifications for the k-1 Class Analysis Model
        Number of initial stage random starts                2000
        Number of final stage optimizations                   500



     VUONG-LO-MENDELL-RUBIN LIKELIHOOD RATIO TEST FOR 6 (H0) VERSUS 7 CLASSES

          H0 Loglikelihood Value                        -3542.472
          2 Times the Loglikelihood Difference             31.839
          Difference in the Number of Parameters               15
          Mean                                            -20.302
          Standard Deviation                               54.552
          P-Value                                          0.0974

     LO-MENDELL-RUBIN ADJUSTED LRT TEST

          Value                                            31.508
          P-Value                                          0.0990


TECHNICAL 14 OUTPUT

     Random Starts Specifications for the k-1 Class Analysis Model
        Number of initial stage random starts                2000
        Number of final stage optimizations                   500

     Random Starts Specification for the k-1 Class Model for Generated Data
        Number of initial stage random starts                   0
        Number of final stage optimizations for the
           initial stage random starts                          0
     Random Starts Specification for the k Class Model for Generated Data
        Number of initial stage random starts                  40
        Number of final stage optimizations                     8
     Number of bootstrap draws requested                   Varies


     PARAMETRIC BOOTSTRAPPED LIKELIHOOD RATIO TEST FOR 6 (H0) VERSUS 7 CLASSES

          H0 Loglikelihood Value                        -3542.472
          2 Times the Loglikelihood Difference             31.839
          Difference in the Number of Parameters               15
          Approximate P-Value                              0.1579
          Successful Bootstrap Draws                           38


PLOT INFORMATION

The following plots are available:

  Histograms (sample values)
  Scatterplots (sample values)
  Sample proportions and estimated probabilities

     Beginning Time:  21:10:36
        Ending Time:  21:11:35
       Elapsed Time:  00:00:59



MUTHEN & MUTHEN
3463 Stoner Ave.
Los Angeles, CA  90066

Tel: (310) 391-9971
Fax: (310) 391-8971
Web: www.StatModel.com
Support: Support@StatModel.com

Copyright (c) 1998-2024 Muthen & Muthen
