Mplus VERSION 6.1
MUTHEN & MUTHEN
12/20/2012   6:46 AM

INPUT INSTRUCTIONS

  data:
  file is recoded_LSAY_09262012.dat;

  Variable:
  names are
  CASENUM COHORT AB39A AB39B AB39C AB39D AB39E AB39F AB39G AB39H AB39I AB39J
  AB39K AB39L AB39M AB39N AB39O AB39P AB39Q AB39R AB39S AB39T AB39U AB39V AB39W
  AB39X ASCIIRT CSCIIRT MTH7 SCI7 SCI8 MOTHED FATHED PEDUC PEDUC3 RSEDAN RSEDAN6
  RSEDAN5 RBACC RMAJFIR RMAJFIR2 RMAJLST2 RMAJLST RGRMAJ RGRMAJ10
  RSTEMM RSTEMMX RSTEMMB RSTEMMA WEIGHT7 WEIGHT8 WEIGHT9 WEIGHT10 WEIGHT11
  WEIGHT12 WEIGHTP1 WEIGHTP2 WEIGHTP4 WGT12A WEIGHTR GENDER RACETH3 RACETH AB39A1
  AB39H1 AB39I1 AB39K1 AB39L1 AB39M1 AB39T1 AB39U1 AB39W1 AB39X1 RACETH1 STEM
  STEMSup ENGINEER AMTHIRT CMTHIRT GENDER1 AB39A2 AB39H2 AB39I2 AB39K2 AB39L2
  AB39M2 AB39T2 AB39U2 AB39W2 AB39X2 fm fnm mm;

  categorical = AB39A2 AB39H2 AB39I2 AB39K2 AB39L2
  AB39M2 AB39T2 AB39U2 AB39W2 AB39X2;
  missing=all(9999);
  classes =c (4);
  idvariable=casenum;

  auxiliary =STEM(e)  STEMSup(e) ENGINEER(e) CMTHIRT(e) CSCIIRT(e);
  usevar = AB39A2 AB39H2 AB39I2 AB39K2 AB39L2 AB39M2 AB39T2
  AB39U2 AB39W2 AB39X2 RACETH1 GENDER1 AMTHIRT fm;

  Analysis:
  Type=mixture;
   starts = 2000 800;
   process = 8(starts);

  Model:
  %overall%
  c on GENDER1 RACETH1 AMTHIRT fm;



  Output:
   sampstat tech11 tech14;

   Plot:
  type=plot3;
  series =AB39A2 - AB39X2 (*);

  !savedata:
      !save=cprob;
     ! file=lca3;



*** WARNING
  Data set contains cases with missing on x-variables.
  These cases were not included in the analysis.
  Number of cases with missing on x-variables:  3028
*** WARNING
  Data set contains cases with missing on all variables except
  x-variables.  These cases were not included in the analysis.
  Number of cases with missing on all variables except x-variables:  36
   2 WARNING(S) FOUND IN THE INPUT INSTRUCTIONS




SUMMARY OF ANALYSIS

Number of groups                                                 1
Number of observations                                        2881

Number of dependent variables                                   10
Number of independent variables                                  4
Number of continuous latent variables                            0
Number of categorical latent variables                           1

Observed dependent variables

  Binary and ordered categorical (ordinal)
   AB39A2      AB39H2      AB39I2      AB39K2      AB39L2      AB39M2
   AB39T2      AB39U2      AB39W2      AB39X2

Observed independent variables
   RACETH1     GENDER1     AMTHIRT     FM

Observed auxiliary variables
   STEM        STEMSUP     ENGINEER    CMTHIRT     CSCIIRT

Categorical latent variables
   C

Variables with special functions

  ID variable           CASENUM

Estimator                                                      MLR
Information matrix                                        OBSERVED
Optimization Specifications for the Quasi-Newton Algorithm for
Continuous Outcomes
  Maximum number of iterations                                 100
  Convergence criterion                                  0.100D-05
Optimization Specifications for the EM Algorithm
  Maximum number of iterations                                 500
  Convergence criteria
    Loglikelihood change                                 0.100D-06
    Relative loglikelihood change                        0.100D-06
    Derivative                                           0.100D-05
Optimization Specifications for the M step of the EM Algorithm for
Categorical Latent variables
  Number of M step iterations                                    1
  M step convergence criterion                           0.100D-05
  Basis for M step termination                           ITERATION
Optimization Specifications for the M step of the EM Algorithm for
Censored, Binary or Ordered Categorical (Ordinal), Unordered
Categorical (Nominal) and Count Outcomes
  Number of M step iterations                                    1
  M step convergence criterion                           0.100D-05
  Basis for M step termination                           ITERATION
  Maximum value for logit thresholds                            15
  Minimum value for logit thresholds                           -15
  Minimum expected cell size for chi-square              0.100D-01
Maximum number of iterations for H1                           2000
Convergence criterion for H1                             0.100D-03
Optimization algorithm                                         EMA
Random Starts Specifications
  Number of initial stage random starts                       2000
  Number of final stage optimizations                          800
  Number of initial stage iterations                            10
  Initial stage convergence criterion                    0.100D+01
  Random starts scale                                    0.500D+01
  Random seed for generating random starts                       0
Link                                                         LOGIT

Input data file(s)
  recoded_LSAY_09262012.dat
Input data format  FREE


SUMMARY OF DATA

     Number of missing data patterns            49
     Number of y missing data patterns           0
     Number of u missing data patterns          49


COVARIANCE COVERAGE OF DATA

Minimum covariance coverage value   0.100


     PROPORTION OF DATA PRESENT FOR U


           Covariance Coverage
              AB39A2        AB39H2        AB39I2        AB39K2        AB39L2
              ________      ________      ________      ________      ________
 AB39A2         0.998
 AB39H2         0.978         0.978
 AB39I2         0.976         0.960         0.977
 AB39K2         0.980         0.962         0.961         0.980
 AB39L2         0.981         0.964         0.963         0.967         0.982
 AB39M2         0.991         0.973         0.972         0.975         0.977
 AB39T2         0.973         0.955         0.952         0.957         0.959
 AB39U2         0.974         0.957         0.956         0.959         0.960
 AB39W2         0.981         0.964         0.962         0.965         0.967
 AB39X2         0.991         0.973         0.972         0.975         0.977


           Covariance Coverage
              AB39M2        AB39T2        AB39U2        AB39W2        AB39X2
              ________      ________      ________      ________      ________
 AB39M2         0.992
 AB39T2         0.969         0.973
 AB39U2         0.969         0.957         0.975
 AB39W2         0.977         0.962         0.964         0.982
 AB39X2         0.987         0.971         0.973         0.980         0.992


UNIVARIATE PROPORTIONS AND COUNTS FOR CATEGORICAL VARIABLES

    AB39A2
      Category 1    0.307      883.000
      Category 2    0.693     1992.000
    AB39H2
      Category 1    0.297      838.000
      Category 2    0.703     1981.000
    AB39I2
      Category 1    0.354      996.000
      Category 2    0.646     1819.000
    AB39K2
      Category 1    0.241      681.000
      Category 2    0.759     2143.000
    AB39L2
      Category 1    0.262      742.000
      Category 2    0.738     2087.000
    AB39M2
      Category 1    0.389     1110.000
      Category 2    0.611     1747.000
    AB39T2
      Category 1    0.601     1684.000
      Category 2    0.399     1120.000
    AB39U2
      Category 1    0.509     1431.000
      Category 2    0.491     1378.000
    AB39W2
      Category 1    0.599     1693.000
      Category 2    0.401     1135.000
    AB39X2
      Category 1    0.540     1543.000
      Category 2    0.460     1316.000


SAMPLE STATISTICS


     SAMPLE STATISTICS


           Means
              RACETH1       GENDER1       AMTHIRT       FM
              ________      ________      ________      ________
 1              0.229         0.487        50.538         0.110


           Covariances
              RACETH1       GENDER1       AMTHIRT       FM
              ________      ________      ________      ________
 RACETH1        0.176
 GENDER1       -0.001         0.250
 AMTHIRT       -1.232         0.308       103.916
 FM             0.085         0.057        -0.556         0.098


           Correlations
              RACETH1       GENDER1       AMTHIRT       FM
              ________      ________      ________      ________
 RACETH1        1.000
 GENDER1       -0.005         1.000
 AMTHIRT       -0.288         0.060         1.000
 FM             0.647         0.361        -0.174         1.000

RANDOM STARTS RESULTS RANKED FROM THE BEST TO THE WORST LOGLIKELIHOOD VALUES

Final stage loglikelihood values at local maxima, seeds, and initial stage start numbers:

          -15476.458  578623           1849
          -15476.458  unperturbed      0
          -15670.394  42523            730
          -15674.685  859380           1113
          -15674.685  12050            1540
          -15674.685  346843           1316
          -15674.685  96362            1801
          -15674.685  899876           1808
          -15674.685  975897           1569
          -15674.685  879211           453
          -15674.685  860029           760
          -15674.685  643723           1807
          -15674.685  847088           750
          -15674.685  420910           928
          -15674.685  302046           863
          -15674.685  537745           1324
          -15674.685  106561           686
          -15674.685  605161           409
          -15674.685  679615           942
          -15738.466  366872           1169
          -15745.679  181069           1810
          -15745.851  180370           1652
          -15756.158  799404           1490
          -15756.158  898745           466
          -15764.797  425982           485
          -15767.238  781190           219
          -15778.783  129198           1928
          -15780.862  476498           179
          -15784.087  137719           1504
          -15786.574  314034           513
          -15788.587  848795           1757
          -15807.596  896153           1265
          -15836.594  657746           1455
          -15841.814  198008           1365
          -15864.578  662359           1954
          -15867.614  688839           273
          -15891.523  891531           206
          -15911.102  480926           1824
          -15915.126  354624           448
          -15917.757  338892           1432
          -15917.757  118421           139
          -15917.757  46552            1778
          -15917.757  316165           299
          -15940.253  556929           734
          -15944.600  254551           996
          -15946.862  529455           268
          -15971.614  198305           1825
          -15986.532  871851           257
          -16026.519  501017           1904
          -16028.350  208797           931
          -16046.734  96617            955
          -16051.293  102093           1521
          -16060.221  520177           262
          -16077.909  638977           643
          -16081.214  426169           1544
          -16081.807  636396           168
          -16085.676  538669           1334
          -16086.325  28983            1574
          -16086.490  917184           1337
          -16086.905  50887            389
          -16087.310  173191           422
          -16087.310  462953           7
          -16088.881  686482           215
          -16088.881  473343           844
          -16089.762  276243           1768
          -16091.162  621542           375
          -16091.579  907676           1101
          -16092.186  100874           108
          -16092.186  217990           1077
          -16092.186  778292           1164
          -16092.242  51011            1111
          -16092.861  246575           291
          -16092.949  363979           1594
          -16092.949  850840           232
          -16093.174  777492           972
          -16093.205  55115            408
          -16093.256  812578           1865
          -16093.261  372158           1404
          -16093.464  321390           133
          -16093.464  291112           645
          -16093.677  502532           445
          -16093.677  376289           1798
          -16093.785  410793           1134
          -16093.888  611740           1251
          -16094.024  350608           334
          -16094.062  93856            1127
          -16094.260  822358           1667
          -16094.524  835767           210
          -16094.524  474357           789
          -16094.722  673496           218
          -16094.722  668003           647
          -16094.722  140015           1556
          -16094.722  311214           64
          -16094.866  829442           1596
          -16094.910  518162           1611
          -16095.190  140849           515
          -16095.302  762461           425
          -16095.353  455617           242
          -16095.353  637345           19
          -16096.029  848331           137
          -16096.185  84437            1628
          -16096.185  573367           986
          -16096.787  502157           799
          -16099.034  77210            712
          -16099.034  608849           224
          -16099.034  96452            1783
          -16099.035  53621            483
          -16099.035  4730             1760
          -16099.035  318742           1812
          -16099.035  512836           289
          -16099.035  405371           569
          -16099.035  232226           235
          -16099.035  940258           1242
          -16099.035  276023           1353
          -16099.035  452356           1341
          -16099.035  966603           919
          -16099.035  76736            1142
          -16099.035  263268           165
          -16099.035  256781           1448
          -16099.035  437351           1874
          -16099.035  46666            1425
          -16099.035  494209           904
          -16099.035  695453           902
          -16099.035  903369           134
          -16099.035  622896           1385
          -16099.035  921206           1277
          -16099.035  695486           1500
          -16099.035  520865           763
          -16099.035  273992           349
          -16099.035  643311           888
          -16099.035  252949           487
          -16099.035  695155           150
          -16099.035  784664           75
          -16099.035  715561           125
          -16099.035  197621           1172
          -16099.035  241197           747
          -16099.035  868600           1707
          -16099.035  379823           905
          -16099.035  441118           1091
          -16099.035  602032           648
          -16099.035  871722           355
          -16099.035  674786           1496
          -16099.035  539423           1517
          -16099.035  261601           1163
          -16099.035  374219           353
          -16099.035  987560           985
          -16099.035  118958           994
          -16099.035  227563           63
          -16099.035  312754           562
          -16099.035  366706           29
          -16099.035  2066             1228
          -16099.035  555330           1400
          -16099.035  299996           1853
          -16099.035  137863           1030
          -16099.035  488581           688
          -16099.035  975141           1623
          -16099.035  194143           510
          -16099.035  672942           1098
          -16099.035  81954            1823
          -16099.035  325724           1043
          -16099.035  395754           388
          -16099.035  588699           828
          -16099.035  48713            1880
          -16099.035  544077           809
          -16099.035  526077           1903
          -16099.035  643910           1957
          -16099.035  181089           1177
          -16099.035  276102           599
          -16099.035  179022           687
          -16099.035  696107           1452
          -16099.035  694303           282
          -16099.035  391179           78
          -16099.035  569338           755
          -16099.035  399380           436
          -16099.035  697866           1018
          -16099.035  851945           18
          -16099.035  915642           40
          -16099.035  569833           85
          -16099.035  119225           1658
          -16099.035  724519           333
          -16099.035  59296            1534
          -16099.035  690596           858
          -16099.035  551282           1657
          -16099.035  459221           652
          -16099.035  884619           1441
          -16099.035  863643           1619
          -16099.035  320884           1390
          -16099.035  22518            1680
          -16099.035  591290           1607
          -16099.035  404917           1338
          -16099.035  344410           1940
          -16099.035  953815           1347
          -16099.035  472001           1791
          -16099.035  865906           641
          -16099.035  926797           406
          -16099.035  826811           1721
          -16099.035  140987           1093
          -16099.035  561664           392
          -16099.035  694918           1206
          -16099.035  343926           624
          -16099.035  440841           118
          -16099.035  442072           625
          -16099.035  464810           1424
          -16099.035  172699           1626
          -16099.035  227272           1831
          -16099.035  215483           1952
          -16099.035  835019           1985
          -16099.035  324517           1297
          -16099.035  540217           1477
          -16099.035  622173           992
          -16099.035  505082           1993
          -16099.035  147440           514
          -16099.035  237971           1815
          -16099.035  443442           380
          -16099.035  586510           1446
          -16099.035  299700           932
          -16099.035  898058           1586
          -16099.035  189463           1961
          -16099.035  623120           1114
          -16099.035  610066           1438
          -16099.035  68850            462
          -16099.035  344109           1044
          -16099.035  279482           1895
          -16099.035  289148           1092
          -16099.035  448749           1975
          -16099.035  937588           293
          -16099.035  400319           887
          -16099.035  22362            365
          -16099.035  314757           345
          -16099.035  399071           1007
          -16099.035  402224           91
          -16099.035  365050           1835
          -16099.035  227797           1263
          -16099.035  642909           251
          -16099.035  580181           691
          -16099.035  114433           708
          -16099.035  411615           171
          -16099.035  153153           1763
          -16099.035  752476           614
          -16099.035  259507           53
          -16099.035  76107            1822
          -16099.035  115671           1300
          -16099.035  674171           195
          -16099.035  802928           892
          -16099.035  726035           191
          -16099.035  527050           948
          -16099.035  185331           1162
          -16099.035  457017           1762
          -16099.035  628997           1188
          -16099.035  326355           1576
          -16099.035  77596            1258
          -16099.035  901159           1166
          -16099.035  526742           1546
          -16099.035  242713           1911
          -16099.035  196948           1465
          -16099.035  962482           1742
          -16099.035  471398           74
          -16099.035  246261           38
          -16099.035  224410           1220
          -16099.035  374630           1869
          -16099.035  680987           1926
          -16099.035  622290           880
          -16099.035  571757           1268
          -16099.035  92689            304
          -16099.035  964999           1522
          -16099.035  352269           1497
          -16099.035  782179           835
          -16099.035  192191           629
          -16099.035  702409           1227
          -16099.035  321363           1095
          -16099.035  360215           1475
          -16099.035  977507           1716
          -16099.035  993088           1740
          -16099.035  387701           275
          -16099.035  184656           1978
          -16099.035  197223           332
          -16099.035  79212            517
          -16099.035  804616           868
          -16099.035  568279           1580
          -16099.035  436892           565
          -16099.035  605358           321
          -16099.035  554483           1182
          -16099.035  516908           1977
          -16099.035  942358           644
          -16099.035  675953           1562
          -16099.035  242406           1207
          -16099.035  804111           1775
          -16099.035  80438            246
          -16099.035  670281           721
          -16099.035  431271           943
          -16099.035  857799           315
          -16099.035  931558           898
          -16099.035  859432           770
          -16099.035  277422           1485
          -16099.035  829540           324
          -16099.035  751054           117
          -16099.035  954354           840
          -16099.035  622873           1218
          -16099.035  712296           1243
          -16099.035  562716           300
          -16099.035  92355            1997
          -16099.035  661919           1062
          -16099.035  900817           1060
          -16099.035  121425           511
          -16099.035  40588            1976
          -16099.035  170118           238
          -16099.035  490123           995
          -16099.035  836515           341
          -16099.035  551829           1466
          -16099.035  996231           310
          -16099.035  173709           1560
          -16099.035  76930            1767
          -16099.035  358074           560
          -16099.035  900921           984
          -16099.035  159678           1553
          -16099.035  614535           449
          -16099.035  967237           48
          -16099.035  802256           477
          -16099.035  40327            971
          -16099.035  499150           216
          -16099.035  265218           924
          -16099.035  76974            16
          -16099.035  784646           1687
          -16099.035  39053            1301
          -16099.035  645664           39
          -16099.035  629720           926
          -16099.035  338766           1131
          -16099.035  443917           60
          -16099.035  486646           586
          -16099.035  57922            1102
          -16099.035  932967           1515
          -16099.035  240994           1598
          -16099.035  230121           1391
          -16099.035  610181           711
          -16099.035  401245           1929
          -16099.035  322790           636
          -16099.035  471040           403
          -16099.035  416250           390
          -16099.035  859223           1363
          -16099.035  990489           1167
          -16103.002  689529           516
          -16189.107  790452           303
          -16195.619  905166           1042
          -16215.727  957392           79
          -16215.727  4737             1662
          -16270.862  530559           1845
          -16275.490  977800           853
          -16368.779  533738           11
          -16368.779  162030           1047
          -16374.383  980958           1896
          -16387.587  225995           847
          -16439.568  88388            1527
          -16474.980  293820           1279
          -16475.815  283715           1610
          -16477.150  564643           1955
          -16482.103  462228           298
          -16483.554  294948           1999
          -16521.327  831410           567
          -16540.488  700270           855
          -16543.331  758647           951
          -16553.148  933977           1918
          -16553.148  11984            934
          -16558.868  332986           1193
          -16564.821  816796           1728
          -16569.390  493083           1370
          -16572.176  158701           1058
          -16575.389  518561           1856
          -16580.035  907342           1133
          -16607.648  377584           630
          -16622.113  556955           1141
          -16622.113  275475           413
          -16622.113  603842           61
          -16643.276  120506           45
          -16666.259  263221           447
          -16678.299  51375            148
          -16682.316  836066           372
          -16689.637  496762           870
          -16689.663  237332           661
          -16692.552  484501           163
          -16700.861  884242           957
          -16748.366  264901           634
          -16748.366  225539           1150
          -16750.197  269105           1809
          -16794.253  566739           575
          -16805.790  130011           587
          -16807.506  22089            143
          -16808.698  306768           978
          -16813.088  897581           1204
          -16822.768  2850             1110
          -16854.024  458226           1078
          -16878.809  435287           623
          -16897.413  271319           1765
          -16897.413  361694           1834
          -16924.596  604441           1026
          -16930.361  327927           908
          -16930.654  74838            1367
          -16981.089  109920           1729
          -16993.051  78862            529
          -17008.040  529346           1633
          -17008.040  496881           192
          -17040.070  153942           31
          -17047.528  737045           1638
          -17047.528  486572           1333
          -17058.788  843555           952
          -17080.183  748692           204
          -17080.183  69133            1097
          -17199.059  869564           869
          -17200.618  449258           1356
          -17260.368  358488           264
          -17264.643  463894           1733
          -17314.875  682718           733
          -17356.427  638577           769
          -17368.053  356194           1393
          -17373.266  965994           396
          -17373.624  244349           736
          -17394.368  809240           543
          -17399.102  264521           929
          -17466.442  285763           1486
          -17478.564  782200           84
          -17494.642  794236           127
          -17501.280  761302           744
          -17514.308  779882           1012
          -17541.416  60038            1064
          -17559.736  160326           546
          -17562.974  608460           244
          -17570.433  262022           1467
          -17577.933  117587           572
          -17615.518  809654           1491
          -17615.518  719490           1780
          -17616.624  86698            893
          -17627.274  311484           1135
          -17630.384  125727           899
          -17644.175  222513           1088
          -17649.556  897910           1878
          -17670.863  830392           35
          -17681.179  177414           1983
          -17681.179  329127           185
          -17683.089  132336           362
          -17688.765  673767           1736
          -17688.765  314084           81
          -17688.765  852283           616
          -17693.289  860940           1797
          -17693.574  70118            104
          -17695.562  124999           96
          -17701.039  39136            226
          -17756.221  219602           1247
          -17894.902  317640           437
          -17918.745  177936           726
          -17918.745  155622           507
          -17964.810  475419           987
          -18085.991  769907           457
          -18086.718  495366           964
          -18087.377  760531           550
          -18091.987  280227           1863
          -18093.686  588923           606
          -18097.418  721392           768
          -18098.444  128569           1839
          -18100.930  207299           1039
          -18101.238  514629           1695
          -18103.063  462821           745
          -18103.064  777045           377
          -18106.042  967902           52
          -18108.383  563993           1973
          -18108.486  23012            352
          -18109.021  789985           67
          -18109.322  332331           1913
          -18109.322  216815           1600
          -18110.096  865890           1571
          -18111.381  215353           164
          -18111.765  208620           965
          -18112.248  712702           684
          -18115.084  492814           1746
          -18115.478  369602           146
          -18115.478  14000            1867
          -18115.622  195763           358
          -18115.622  350502           1345
          -18116.125  818852           1650
          -18116.125  787985           482
          -18116.883  138555           1712
          -18117.006  700349           401
          -18117.063  359578           458
          -18117.063  85666            1654
          -18117.242  164643           1941
          -18118.008  868112           1484
          -18118.230  932529           1013
          -18118.436  531668           1271
          -18118.650  548493           1201
          -18118.813  172133           1697
          -18118.933  283146           1126
          -18118.933  626208           698
          -18118.933  117391           710
          -18118.933  618760           489
          -18119.092  502495           724
          -18119.092  435506           988
          -18119.179  427363           1966
          -18119.179  634333           1648
          -18119.179  117116           1909
          -18119.702  696266           1192
          -18119.754  538470           1681
          -18119.754  988537           1980
          -18119.754  966014           37
          -18119.896  887580           493
          -18119.896  166851           638
          -18119.896  287787           1630
          -18119.896  292884           103
          -18119.897  893169           1847
          -18119.949  685146           1257
          -18119.949  505879           424
          -18119.949  997222           229
          -18120.268  495995           1745
          -18120.268  798541           1266
          -18120.493  967588           1495
          -18120.846  951709           348
          -18121.037  345070           114
          -18121.037  518570           1308
          -18121.037  509733           130
          -18121.146  30098            209
          -18121.146  82200            830
          -18121.187  158157           1183
          -18121.244  312587           775
          -18121.244  950604           172
          -18121.772  270428           1873
          -18121.921  404426           344
          -18121.921  560402           1532
          -18122.022  476295           969
          -18122.114  558208           1403
          -18122.128  401572           1033
          -18122.128  178341           1592
          -18122.128  681671           1253
          -18122.688  197701           1770
          -18122.688  780726           1270
          -18123.248  481835           57
          -18123.285  978781           497
          -18123.309  537905           1335
          -18123.596  810560           1213
          -18124.304  845617           1262
          -18124.934  802644           874
          -18124.934  319298           1375
          -18124.934  118244           1950
          -18124.934  564016           1646
          -18124.934  227786           1964
          -18124.934  165382           1816
          -18124.934  346838           1170
          -18124.934  678813           1881
          -18124.934  701716           1291
          -18124.934  479256           1915
          -18124.934  127362           757
          -18124.934  673336           1899
          -18124.934  665858           1238
          -18124.934  417002           1499
          -18124.934  607642           1838
          -18124.934  514326           325
          -18124.934  724087           925
          -18124.934  622860           259
          -18124.934  276696           676
          -18124.934  656945           1255
          -18124.934  188490           1460
          -18124.934  484116           915
          -18124.934  875667           367
          -18124.934  987174           1689
          -18124.934  391368           802
          -18124.934  125750           1221
          -18124.934  964570           701
          -18124.934  576220           115
          -18124.934  314662           1036
          -18124.934  952682           1882
          -18124.934  665121           417
          -18124.934  90218            1932
          -18124.934  491386           1787
          -18124.934  792993           859
          -18124.934  548245           818
          -18124.934  823410           1578
          -18124.934  172913           557
          -18124.934  257136           1774
          -18124.934  140806           1001
          -18124.934  128920           1632
          -18124.934  727880           1547
          -18124.934  891510           1625
          -18124.934  100054           1225
          -18124.934  545756           1056
          -18124.934  494149           815
          -18124.934  448829           938
          -18124.934  728038           177
          -18124.934  590834           785
          -18124.934  32468            1606
          -18124.934  49910            829
          -18124.934  86651            993
          -18124.934  371246           101
          -18124.934  209243           1694
          -18124.934  76847            1959
          -18124.934  631413           439
          -18124.934  85734            411
          -18124.934  701525           239
          -18124.934  978061           488
          -18124.934  123102           1302
          -18124.934  677062           680
          -18124.934  467843           1157
          -18124.934  347222           533
          -18124.934  461687           833
          -18124.934  168648           1788
          -18124.934  617658           660
          -18124.934  982520           737
          -18124.934  802682           419
          -18124.934  15270            610
          -18124.934  226322           478
          -18124.934  944186           541
          -18124.934  741484           441
          -18124.934  253358           2
          -18124.934  301180           236
          -18124.934  146857           1673
          -18124.934  11397            944
          -18124.934  574727           1437
          -18124.934  493775           1402
          -18124.934  881886           608
          -18124.934  111066           1509
          -18124.934  359063           1108
          -18124.934  860102           495
          -18124.934  922042           492
          -18124.934  496344           808
          -18124.934  460453           1708
          -18124.934  417035           149
          -18124.934  79890            1413
          -18124.934  599729           658
          -18124.934  876943           650
          -18124.934  376992           1199
          -18124.934  425929           508
          -18124.934  209986           1939
          -18124.934  414284           158
          -18124.934  98720            1059
          -18124.934  995648           936
          -18124.934  779009           1458
          -18124.934  290210           1620
          -18124.934  188498           258
          -18124.934  928624           981
          -18124.934  131063           843
          -18124.934  726025           1445
          -18124.934  580405           286
          -18124.934  877429           1489
          -18124.934  778787           1677
          -18124.934  77571            980
          -18124.934  387401           1482
          -18124.934  299977           956
          -18124.934  804104           566
          -18124.934  928860           1651
          -18124.934  607072           717
          -18124.934  22874            588
          -18124.934  945797           1471
          -18124.934  283492           435
          -18124.934  432148           30
          -18124.934  97223            1146
          -18124.934  830570           369
          -18124.934  891347           504
          -18124.934  567165           319
          -18124.934  670595           1072
          -18124.934  407108           366
          -18124.934  791614           1852
          -18124.934  163110           584
          -18124.934  392407           221
          -18124.934  642008           1894
          -18124.934  666752           1820
          -18124.934  288620           1171
          -18124.934  449171           1260
          -18124.934  576726           280
          -18124.934  526265           1962
          -18124.934  30166            1888
          -18124.934  738551           1214
          -18124.934  587946           120
          -18124.934  760878           249
          -18124.934  291884           1621
          -18124.934  231366           1137
          -18124.934  673039           1173
          -18124.934  401601           1267
          -18124.934  351807           617
          -18124.934  242621           1642
          -18124.934  357866           968
          -18124.934  579138           706
          -18124.934  539751           459
          -18124.934  864006           1075
          -18124.934  568534           961
          -18124.934  452606           1675
          -18124.934  373815           618
          -18124.934  760850           739
          -18124.934  810705           626
          -18124.934  82357            339
          -18124.934  672643           1085
          -18124.934  280104           1875
          -18124.934  499347           881
          -18124.934  635599           1361
          -18124.934  597614           284
          -18124.934  317476           1427
          -18124.934  160041           1384
          -18124.934  461866           722
          -18124.934  25127            107
          -18124.934  574412           679
          -18124.934  94610            884
          -18124.934  696773           80
          -18124.934  326091           759
          -18124.934  801717           364
          -18124.934  355253           1233
          -18124.934  637095           207
          -18124.934  120380           1470
          -18124.934  626277           1510
          -18124.934  813351           1507
          -18124.934  191267           1599
          -18124.934  732971           1447
          -18124.934  374735           1178
          -18124.934  533355           1328
          -18124.934  401701           1080
          -18124.934  303834           798
          -18124.934  742609           531
          -18124.934  65651            214
          -18124.934  469158           1145
          -18124.934  150531           154
          -18124.934  645052           910
          -18124.934  39756            857
          -18124.934  303429           1016
          -18124.934  414828           322
          -18124.934  70157            1858
          -18124.934  340147           1891
          -18124.934  535063           329
          -18124.934  908674           1748
          -18124.934  592043           1090
          -18124.934  642386           662
          -18124.934  903099           1399
          -18124.934  217759           1711
          -18124.934  865693           1380
          -18124.934  781442           1230
          -18124.934  667250           318
          -18124.934  594127           1949
          -18124.934  115028           1718
          -18124.934  175820           1040
          -18124.934  250295           1884
          -18124.934  413564           535
          -18124.934  478341           731
          -18124.934  178659           1637
          -18124.934  749635           420
          -18124.934  424280           1245
          -18124.934  68291            1565
          -18124.934  220492           743
          -18124.934  107025           1009
          -18124.934  700846           867
          -18124.934  138695           783
          -18124.934  303959           1063
          -18124.934  906196           1758
          -18124.934  534483           290
          -18124.934  581196           921
          -18124.934  206099           363
          -18124.934  711214           1194
          -18124.934  407168           44
          -18124.934  863849           1122
          -18124.934  76337            76
          -18124.934  364676           27
          -18124.934  383986           159
          -18124.934  913639           162
          -18124.934  85462            51
          -18124.934  290837           1828
          -18124.934  705445           1117
          -18124.934  168199           1155
          -18124.934  273669           1118
          -18124.934  479110           1796
          -18124.934  65562            1395
          -18124.934  871188           1261
          -18124.934  732319           1430
          -18124.934  511988           1469
          -18124.934  13472            1294
          -18124.934  661290           1376
          -18124.934  991399           1433
          -18124.934  492839           1493
          -18124.934  14253            1252
          -18124.934  652857           1254
          -18124.934  767822           1293
          -18124.934  847341           1398
          -18124.934  494663           1498
          -18124.934  662983           666
          -18124.934  102845           1640
          -18124.934  702492           718
          -18124.934  348637           749
          -18124.934  586870           1538
          -18124.934  166171           1577
          -18124.934  812408           1705
          -18124.934  979450           913
          -18124.934  427006           839
          -18124.934  669947           1528
          -18124.934  14262            781
          -18124.934  358688           1573
          -18124.934  853439           1671
          -18124.934  379729           512
          -18124.934  327475           518
          -18124.934  161421           519
          -18124.934  489927           520
          -18124.934  745972           521
          -18124.934  919217           1501
          -18124.934  492040           1503
          -18124.934  889514           1505
          -18124.934  353772           1508
          -18124.934  84927            1511
          -18124.934  425149           878
          -18124.934  166220           1502
          -18124.934  329944           1506
          -18124.934  130541           896



     WARNING:  WHEN ESTIMATING A MODEL WITH MORE THAN TWO CLASSES, IT MAY BE
     NECESSARY TO INCREASE THE NUMBER OF RANDOM STARTS USING THE STARTS OPTION
     TO AVOID LOCAL MAXIMA.


THE MODEL ESTIMATION TERMINATED NORMALLY



MODEL FIT INFORMATION

Number of Free Parameters                       55

Loglikelihood

          H0 Value                      -15476.458
          H0 Scaling Correction Factor       1.206
            for MLR

Information Criteria

          Akaike (AIC)                   31062.916
          Bayesian (BIC)                 31391.041
          Sample-Size Adjusted BIC       31216.286
            (n* = (n + 2) / 24)

Chi-Square Test of Model Fit for the Binary and Ordered Categorical
(Ordinal) Outcomes**

          Pearson Chi-Square

          Value                           2506.027
          Degrees of Freedom                   951
          P-Value                           0.0000

          Likelihood Ratio Chi-Square

          Value                           1519.295
          Degrees of Freedom                   951
          P-Value                           0.0000

** Of the 11770 cells in the latent class indicator table, 29
   were deleted in the calculation of chi-square due to extreme values.

Chi-Square Test for MCAR under the Unrestricted Latent Class Indicator Model

          Pearson Chi-Square

          Value                           3937.617
          Degrees of Freedom                 10698
          P-Value                           1.0000

          Likelihood Ratio Chi-Square

          Value                           1153.167
          Degrees of Freedom                 10698
          P-Value                           1.0000



FINAL CLASS COUNTS AND PROPORTIONS FOR THE LATENT CLASSES
BASED ON THE ESTIMATED MODEL

    Latent
   Classes

       1        729.08824          0.25307
       2        719.60570          0.24978
       3        877.44002          0.30456
       4        554.86604          0.19259


FINAL CLASS COUNTS AND PROPORTIONS FOR THE LATENT CLASS PATTERNS
BASED ON ESTIMATED POSTERIOR PROBABILITIES

    Latent
   Classes

       1        729.08824          0.25307
       2        719.60570          0.24978
       3        877.44002          0.30456
       4        554.86604          0.19259


CLASSIFICATION QUALITY

     Entropy                         0.702


CLASSIFICATION OF INDIVIDUALS BASED ON THEIR MOST LIKELY LATENT CLASS MEMBERSHIP

Class Counts and Proportions

    Latent
   Classes

       1              759          0.26345
       2              674          0.23395
       3              881          0.30580
       4              567          0.19681


Average Latent Class Probabilities for Most Likely Latent Class Membership (Row)
by Latent Class (Column)

           1        2        3        4

    1   0.877    0.098    0.024    0.000
    2   0.074    0.778    0.105    0.043
    3   0.015    0.093    0.837    0.055
    4   0.000    0.068    0.090    0.842


MODEL RESULTS

                                                    Two-Tailed
                    Estimate       S.E.  Est./S.E.    P-Value

Latent Class 1

 Thresholds
    AB39A2$1          -1.789      0.159    -11.233      0.000
    AB39H2$1          -3.726      1.070     -3.482      0.000
    AB39I2$1          -5.118      3.708     -1.380      0.168
    AB39K2$1          -3.431      0.445     -7.711      0.000
    AB39L2$1          -3.688      0.579     -6.367      0.000
    AB39M2$1          -1.898      0.163    -11.636      0.000
    AB39T2$1          -2.149      0.345     -6.232      0.000
    AB39U2$1          -2.889      0.453     -6.373      0.000
    AB39W2$1          -1.733      0.221     -7.852      0.000
    AB39X2$1          -2.152      0.257     -8.368      0.000

Latent Class 2

 Thresholds
    AB39A2$1          -0.630      0.166     -3.789      0.000
    AB39H2$1          -0.330      0.274     -1.203      0.229
    AB39I2$1          -0.244      0.289     -0.844      0.399
    AB39K2$1          -0.977      0.347     -2.820      0.005
    AB39L2$1          -1.064      0.417     -2.551      0.011
    AB39M2$1          -0.973      0.166     -5.866      0.000
    AB39T2$1           0.004      0.175      0.025      0.980
    AB39U2$1          -0.297      0.214     -1.389      0.165
    AB39W2$1          -0.320      0.334     -0.959      0.338
    AB39X2$1          -0.887      0.478     -1.855      0.064

Latent Class 3

 Thresholds
    AB39A2$1          -1.015      0.098    -10.330      0.000
    AB39H2$1          -2.039      0.235     -8.663      0.000
    AB39I2$1          -0.934      0.133     -7.031      0.000
    AB39K2$1          -1.998      0.264     -7.560      0.000
    AB39L2$1          -1.893      0.242     -7.828      0.000
    AB39M2$1           0.192      0.119      1.617      0.106
    AB39T2$1           2.170      0.328      6.611      0.000
    AB39U2$1           0.993      0.182      5.447      0.000
    AB39W2$1           2.358      0.228     10.362      0.000
    AB39X2$1           1.923      0.273      7.044      0.000

Latent Class 4

 Thresholds
    AB39A2$1           0.142      0.114      1.241      0.215
    AB39H2$1           1.363      0.244      5.595      0.000
    AB39I2$1           1.496      0.247      6.064      0.000
    AB39K2$1           0.713      0.158      4.499      0.000
    AB39L2$1           1.367      0.239      5.728      0.000
    AB39M2$1           0.516      0.165      3.121      0.002
    AB39T2$1           2.356      0.480      4.907      0.000
    AB39U2$1           1.926      0.367      5.245      0.000
    AB39W2$1           2.445      0.390      6.263      0.000
    AB39X2$1           2.297      0.348      6.604      0.000

Categorical Latent Variables

 C#1        ON
    GENDER1           -0.660      0.150     -4.389      0.000
    RACETH1            0.174      0.216      0.805      0.421
    AMTHIRT            0.056      0.011      5.321      0.000
    FM                 0.455      0.322      1.413      0.158

 C#2        ON
    GENDER1           -0.451      0.178     -2.531      0.011
    RACETH1            0.096      0.261      0.369      0.712
    AMTHIRT           -0.001      0.015     -0.069      0.945
    FM                 0.669      0.342      1.960      0.050

 C#3        ON
    GENDER1            0.146      0.159      0.914      0.361
    RACETH1           -0.396      0.269     -1.474      0.140
    AMTHIRT            0.034      0.008      4.513      0.000
    FM                 0.587      0.354      1.655      0.098

 Intercepts
    C#1               -2.352      0.728     -3.231      0.001
    C#2                0.417      0.809      0.515      0.606
    C#3               -1.318      0.470     -2.805      0.005


RESULTS IN PROBABILITY SCALE

Latent Class 1

 AB39A2
    Category 1         0.143      0.020      7.328      0.000
    Category 2         0.857      0.020     43.847      0.000
 AB39H2
    Category 1         0.024      0.025      0.957      0.339
    Category 2         0.976      0.025     39.745      0.000
 AB39I2
    Category 1         0.006      0.022      0.271      0.786
    Category 2         0.994      0.022     45.280      0.000
 AB39K2
    Category 1         0.031      0.014      2.320      0.020
    Category 2         0.969      0.014     71.698      0.000
 AB39L2
    Category 1         0.024      0.014      1.770      0.077
    Category 2         0.976      0.014     70.715      0.000
 AB39M2
    Category 1         0.130      0.018      7.048      0.000
    Category 2         0.870      0.018     47.043      0.000
 AB39T2
    Category 1         0.104      0.032      3.238      0.001
    Category 2         0.896      0.032     27.767      0.000
 AB39U2
    Category 1         0.053      0.023      2.329      0.020
    Category 2         0.947      0.023     41.857      0.000
 AB39W2
    Category 1         0.150      0.028      5.333      0.000
    Category 2         0.850      0.028     30.161      0.000
 AB39X2
    Category 1         0.104      0.024      4.341      0.000
    Category 2         0.896      0.024     37.338      0.000

Latent Class 2

 AB39A2
    Category 1         0.347      0.038      9.215      0.000
    Category 2         0.653      0.038     17.304      0.000
 AB39H2
    Category 1         0.418      0.067      6.272      0.000
    Category 2         0.582      0.067      8.722      0.000
 AB39I2
    Category 1         0.439      0.071      6.175      0.000
    Category 2         0.561      0.071      7.880      0.000
 AB39K2
    Category 1         0.273      0.069      3.971      0.000
    Category 2         0.727      0.069     10.553      0.000
 AB39L2
    Category 1         0.256      0.080      3.225      0.001
    Category 2         0.744      0.080      9.347      0.000
 AB39M2
    Category 1         0.274      0.033      8.304      0.000
    Category 2         0.726      0.033     21.978      0.000
 AB39T2
    Category 1         0.501      0.044     11.428      0.000
    Category 2         0.499      0.044     11.379      0.000
 AB39U2
    Category 1         0.426      0.052      8.143      0.000
    Category 2         0.574      0.052     10.963      0.000
 AB39W2
    Category 1         0.421      0.081      5.169      0.000
    Category 2         0.579      0.081      7.120      0.000
 AB39X2
    Category 1         0.292      0.099      2.953      0.003
    Category 2         0.708      0.099      7.168      0.000

Latent Class 3

 AB39A2
    Category 1         0.266      0.019     13.860      0.000
    Category 2         0.734      0.019     38.258      0.000
 AB39H2
    Category 1         0.115      0.024      4.803      0.000
    Category 2         0.885      0.024     36.885      0.000
 AB39I2
    Category 1         0.282      0.027     10.481      0.000
    Category 2         0.718      0.027     26.680      0.000
 AB39K2
    Category 1         0.119      0.028      4.297      0.000
    Category 2         0.881      0.028     31.691      0.000
 AB39L2
    Category 1         0.131      0.028      4.758      0.000
    Category 2         0.869      0.028     31.592      0.000
 AB39M2
    Category 1         0.548      0.029     18.658      0.000
    Category 2         0.452      0.029     15.405      0.000
 AB39T2
    Category 1         0.898      0.030     29.735      0.000
    Category 2         0.102      0.030      3.394      0.001
 AB39U2
    Category 1         0.730      0.036     20.294      0.000
    Category 2         0.270      0.036      7.518      0.000
 AB39W2
    Category 1         0.914      0.018     50.843      0.000
    Category 2         0.086      0.018      4.810      0.000
 AB39X2
    Category 1         0.872      0.030     28.725      0.000
    Category 2         0.128      0.030      4.198      0.000

Latent Class 4

 AB39A2
    Category 1         0.535      0.028     18.838      0.000
    Category 2         0.465      0.028     16.347      0.000
 AB39H2
    Category 1         0.796      0.040     20.148      0.000
    Category 2         0.204      0.040      5.158      0.000
 AB39I2
    Category 1         0.817      0.037     22.146      0.000
    Category 2         0.183      0.037      4.962      0.000
 AB39K2
    Category 1         0.671      0.035     19.183      0.000
    Category 2         0.329      0.035      9.402      0.000
 AB39L2
    Category 1         0.797      0.039     20.629      0.000
    Category 2         0.203      0.039      5.260      0.000
 AB39M2
    Category 1         0.626      0.039     16.185      0.000
    Category 2         0.374      0.039      9.663      0.000
 AB39T2
    Category 1         0.913      0.038     24.047      0.000
    Category 2         0.087      0.038      2.281      0.023
 AB39U2
    Category 1         0.873      0.041     21.407      0.000
    Category 2         0.127      0.041      3.121      0.002
 AB39W2
    Category 1         0.920      0.029     32.103      0.000
    Category 2         0.080      0.029      2.783      0.005
 AB39X2
    Category 1         0.909      0.029     31.469      0.000
    Category 2         0.091      0.029      3.164      0.002


LATENT CLASS ODDS RATIO RESULTS

Latent Class 1 Compared to Latent Class 2

 AB39A2
    Category > 1       3.186      0.608      5.243      0.000
 AB39H2
    Category > 1      29.864     28.015      1.066      0.286
 AB39I2
    Category > 1     130.803    465.495      0.281      0.779
 AB39K2
    Category > 1      11.629      6.155      1.889      0.059
 AB39L2
    Category > 1      13.786     10.321      1.336      0.182
 AB39M2
    Category > 1       2.522      0.543      4.647      0.000
 AB39T2
    Category > 1       8.611      2.610      3.300      0.001
 AB39U2
    Category > 1      13.350      4.956      2.693      0.007
 AB39W2
    Category > 1       4.106      1.689      2.431      0.015
 AB39X2
    Category > 1       3.544      2.201      1.610      0.107

Latent Class 1 Compared to Latent Class 3

 AB39A2
    Category > 1       2.168      0.412      5.256      0.000
 AB39H2
    Category > 1       5.408      6.049      0.894      0.371
 AB39I2
    Category > 1      65.571    243.904      0.269      0.788
 AB39K2
    Category > 1       4.190      1.781      2.352      0.019
 AB39L2
    Category > 1       6.018      3.314      1.816      0.069
 AB39M2
    Category > 1       8.084      1.664      4.857      0.000
 AB39T2
    Category > 1      75.123     33.837      2.220      0.026
 AB39U2
    Category > 1      48.513     23.190      2.092      0.036
 AB39W2
    Category > 1      59.774     20.892      2.861      0.004
 AB39X2
    Category > 1      58.854     23.190      2.538      0.011

Latent Class 1 Compared to Latent Class 4

 AB39A2
    Category > 1       6.895      1.208      5.708      0.000
 AB39H2
    Category > 1     162.227    160.989      1.008      0.314
 AB39I2
    Category > 1     745.009   2661.236      0.280      0.780
 AB39K2
    Category > 1      63.049     28.849      2.185      0.029
 AB39L2
    Category > 1     156.737     91.273      1.717      0.086
 AB39M2
    Category > 1      11.179      2.126      5.260      0.000
 AB39T2
    Category > 1      90.411     33.792      2.675      0.007
 AB39U2
    Category > 1     123.282     43.574      2.829      0.005
 AB39W2
    Category > 1      65.230     25.891      2.519      0.012
 AB39X2
    Category > 1      85.547     35.660      2.399      0.016

Latent Class 2 Compared to Latent Class 3

 AB39A2
    Category > 1       0.680      0.140      4.874      0.000
 AB39H2
    Category > 1       0.181      0.065      2.786      0.005
 AB39I2
    Category > 1       0.501      0.168      2.982      0.003
 AB39K2
    Category > 1       0.360      0.173      2.082      0.037
 AB39L2
    Category > 1       0.437      0.232      1.883      0.060
 AB39M2
    Category > 1       3.206      0.629      5.094      0.000
 AB39T2
    Category > 1       8.724      3.036      2.873      0.004
 AB39U2
    Category > 1       3.634      1.072      3.391      0.001
 AB39W2
    Category > 1      14.558      5.201      2.799      0.005
 AB39X2
    Category > 1      16.607      8.985      1.848      0.065

Latent Class 2 Compared to Latent Class 4

 AB39A2
    Category > 1       2.164      0.400      5.408      0.000
 AB39H2
    Category > 1       5.432      1.619      3.355      0.001
 AB39I2
    Category > 1       5.696      1.764      3.228      0.001
 AB39K2
    Category > 1       5.422      2.062      2.630      0.009
 AB39L2
    Category > 1      11.369      5.174      2.197      0.028
 AB39M2
    Category > 1       4.433      0.770      5.756      0.000
 AB39T2
    Category > 1      10.499      4.458      2.355      0.019
 AB39U2
    Category > 1       9.235      3.019      3.059      0.002
 AB39W2
    Category > 1      15.887      5.194      3.059      0.002
 AB39X2
    Category > 1      24.139      9.701      2.488      0.013

Latent Class 3 Compared to Latent Class 4

 AB39A2
    Category > 1       3.181      0.482      6.597      0.000
 AB39H2
    Category > 1      29.998      9.276      3.234      0.001
 AB39I2
    Category > 1      11.362      3.148      3.609      0.000
 AB39K2
    Category > 1      15.048      4.303      3.497      0.000
 AB39L2
    Category > 1      26.043      7.949      3.276      0.001
 AB39M2
    Category > 1       1.383      0.280      4.933      0.000
 AB39T2
    Category > 1       1.204      0.590      2.039      0.041
 AB39U2
    Category > 1       2.541      0.972      2.614      0.009
 AB39W2
    Category > 1       1.091      0.510      2.140      0.032
 AB39X2
    Category > 1       1.454      0.702      2.070      0.038


LOGISTIC REGRESSION ODDS RATIO RESULTS

Categorical Latent Variables

 C#1      ON
    GENDER1            0.517
    RACETH1            1.190
    AMTHIRT            1.058
    FM                 1.576

 C#2      ON
    GENDER1            0.637
    RACETH1            1.101
    AMTHIRT            0.999
    FM                 1.953

 C#3      ON
    GENDER1            1.157
    RACETH1            0.673
    AMTHIRT            1.035
    FM                 1.798


ALTERNATIVE PARAMETERIZATIONS FOR THE CATEGORICAL LATENT VARIABLE REGRESSION

Parameterization using Reference Class 1

 C#2      ON
    RACETH1           -0.078      0.273     -0.284      0.776
    GENDER1            0.209      0.178      1.178      0.239
    AMTHIRT           -0.057      0.011     -5.205      0.000
    FM                 0.214      0.340      0.630      0.529

 C#3      ON
    RACETH1           -0.570      0.237     -2.404      0.016
    GENDER1            0.806      0.140      5.737      0.000
    AMTHIRT           -0.022      0.008     -2.757      0.006
    FM                 0.132      0.314      0.420      0.674

 C#4      ON
    RACETH1           -0.174      0.216     -0.805      0.421
    GENDER1            0.660      0.150      4.389      0.000
    AMTHIRT           -0.056      0.011     -5.321      0.000
    FM                -0.455      0.322     -1.413      0.158

 Intercepts
    C#2                2.769      0.457      6.055      0.000
    C#3                1.035      0.525      1.969      0.049
    C#4                2.352      0.728      3.231      0.001

Parameterization using Reference Class 2

 C#1      ON
    RACETH1            0.078      0.273      0.284      0.776
    GENDER1           -0.209      0.178     -1.178      0.239
    AMTHIRT            0.057      0.011      5.205      0.000
    FM                -0.214      0.340     -0.630      0.529

 C#3      ON
    RACETH1           -0.492      0.288     -1.712      0.087
    GENDER1            0.596      0.167      3.568      0.000
    AMTHIRT            0.035      0.013      2.777      0.005
    FM                -0.082      0.357     -0.231      0.817

 C#4      ON
    RACETH1           -0.096      0.261     -0.369      0.712
    GENDER1            0.451      0.178      2.531      0.011
    AMTHIRT            0.001      0.015      0.069      0.945
    FM                -0.669      0.342     -1.960      0.050

 Intercepts
    C#1               -2.769      0.457     -6.055      0.000
    C#3               -1.734      0.594     -2.920      0.004
    C#4               -0.417      0.809     -0.515      0.606

Parameterization using Reference Class 3

 C#1      ON
    RACETH1            0.570      0.237      2.404      0.016
    GENDER1           -0.806      0.140     -5.737      0.000
    AMTHIRT            0.022      0.008      2.757      0.006
    FM                -0.132      0.314     -0.420      0.674

 C#2      ON
    RACETH1            0.492      0.288      1.712      0.087
    GENDER1           -0.596      0.167     -3.568      0.000
    AMTHIRT           -0.035      0.013     -2.777      0.005
    FM                 0.082      0.357      0.231      0.817

 C#4      ON
    RACETH1            0.396      0.269      1.474      0.140
    GENDER1           -0.146      0.159     -0.914      0.361
    AMTHIRT           -0.034      0.008     -4.513      0.000
    FM                -0.587      0.354     -1.655      0.098

 Intercepts
    C#1               -1.035      0.525     -1.969      0.049
    C#2                1.734      0.594      2.920      0.004
    C#4                1.318      0.470      2.805      0.005


QUALITY OF NUMERICAL RESULTS

     Condition Number for the Information Matrix              0.130E-06
       (ratio of smallest to largest eigenvalue)


EQUALITY TESTS OF MEANS ACROSS CLASSES USING POSTERIOR PROBABILITY-BASED
MULTIPLE IMPUTATIONS WITH 3 DEGREE(S) OF FREEDOM FOR THE OVERALL TEST AND
1 DEGREE OF FREEDOM FOR THE PAIRWISE TESTS

STEM
                          Mean       S.E.                          Mean       S.E.

  Class 1                0.130      0.016  Class 2                0.076      0.016
  Class 3                0.074      0.012  Class 4                0.037      0.012

                    Chi-Square     P-Value                   Chi-Square     P-Value

  Overall test          11.321      0.010  Class 1 vs. 2          5.066      0.024
  Class 1 vs. 3          7.134      0.008  Class 1 vs. 4         21.740      0.000
  Class 2 vs. 3          0.007      0.934  Class 2 vs. 4          3.893      0.048
  Class 3 vs. 4          4.509      0.034

STEMSUP
                          Mean       S.E.                          Mean       S.E.

  Class 1                0.200      0.020  Class 2                0.149      0.021
  Class 3                0.146      0.016  Class 4                0.112      0.019

                    Chi-Square     P-Value                   Chi-Square     P-Value

  Overall test           5.426      0.143  Class 1 vs. 2          2.909      0.088
  Class 1 vs. 3          4.570      0.033  Class 1 vs. 4         10.502      0.001
  Class 2 vs. 3          0.010      0.920  Class 2 vs. 4          1.643      0.200
  Class 3 vs. 4          1.765      0.184

ENGINEER
                          Mean       S.E.                          Mean       S.E.

  Class 1                0.044      0.010  Class 2                0.023      0.009
  Class 3                0.021      0.007  Class 4                0.005      0.004

                    Chi-Square     P-Value                   Chi-Square     P-Value

  Overall test           8.328      0.040  Class 1 vs. 2          2.205      0.138
  Class 1 vs. 3          3.421      0.064  Class 1 vs. 4         13.122      0.000
  Class 2 vs. 3          0.033      0.856  Class 2 vs. 4          3.474      0.062
  Class 3 vs. 4          3.984      0.046

CMTHIRT
                          Mean       S.E.                          Mean       S.E.

  Class 1               56.903      0.500  Class 2               50.880      0.525
  Class 3               55.294      0.414  Class 4               51.616      0.521

                    Chi-Square     P-Value                   Chi-Square     P-Value

  Overall test         111.018      0.000  Class 1 vs. 2         62.359      0.000
  Class 1 vs. 3          6.108      0.013  Class 1 vs. 4         54.241      0.000
  Class 2 vs. 3         38.953      0.000  Class 2 vs. 4          0.923      0.337
  Class 3 vs. 4         29.557      0.000

CSCIIRT
                          Mean       S.E.                          Mean       S.E.

  Class 1               56.782      0.497  Class 2               52.048      0.544
  Class 3               55.496      0.424  Class 4               51.786      0.551

                    Chi-Square     P-Value                   Chi-Square     P-Value

  Overall test          72.968      0.000  Class 1 vs. 2         37.543      0.000
  Class 1 vs. 3          3.852      0.050  Class 1 vs. 4         45.442      0.000
  Class 2 vs. 3         22.097      0.000  Class 2 vs. 4          0.107      0.744
  Class 3 vs. 4         26.490      0.000



TECHNICAL 11 OUTPUT

     Random Starts Specifications for the k-1 Class Analysis Model
        Number of initial stage random starts                2000
        Number of final stage optimizations                   800



     VUONG-LO-MENDELL-RUBIN LIKELIHOOD RATIO TEST FOR 3 (H0) VERSUS 4 CLASSES

          H0 Loglikelihood Value                       -15674.685
          2 Times the Loglikelihood Difference            396.454
          Difference in the Number of Parameters               15
          Mean                                             44.921
          Standard Deviation                               78.190
          P-Value                                          0.0032

     LO-MENDELL-RUBIN ADJUSTED LRT TEST

          Value                                           393.164
          P-Value                                          0.0034


TECHNICAL 14 OUTPUT

     Random Starts Specifications for the k-1 Class Analysis Model
        Number of initial stage random starts                2000
        Number of final stage optimizations                   800

     Random Starts Specification for the k-1 Class Model for Generated Data
        Number of initial stage random starts                   0
        Number of final stage optimizations for the
           initial stage random starts                          0
     Random Starts Specification for the k Class Model for Generated Data
        Number of initial stage random starts                  20
        Number of final stage optimizations                     5
     Number of bootstrap draws requested                   Varies


     PARAMETRIC BOOTSTRAPPED LIKELIHOOD RATIO TEST FOR 3 (H0) VERSUS 4 CLASSES

          H0 Loglikelihood Value                       -15674.685
          2 Times the Loglikelihood Difference            396.454
          Difference in the Number of Parameters               15
          Approximate P-Value                              0.0000
          Successful Bootstrap Draws                            5

     WARNING:  THE BEST LOGLIKELIHOOD VALUE WAS NOT REPLICATED IN 5 OUT OF 5
     BOOTSTRAP DRAWS.  THE P-VALUE MAY NOT BE TRUSTWORTHY DUE TO LOCAL
     MAXIMA. INCREASE THE NUMBER OF RANDOM STARTS USING THE LRTSTARTS OPTION.



PLOT INFORMATION

The following plots are available:

  Histograms (sample values)
  Scatterplots (sample values)
  Sample proportions
  Estimated probabilities
  Estimated probabilities for a categorical latent variable as a
    function of its covariates

     Beginning Time:  06:46:11
        Ending Time:  06:55:42
       Elapsed Time:  00:09:31



MUTHEN & MUTHEN
3463 Stoner Ave.
Los Angeles, CA  90066

Tel: (310) 391-9971
Fax: (310) 391-8971
Web: www.StatModel.com
Support: Support@StatModel.com

Copyright (c) 1998-2010 Muthen & Muthen
