Mplus VERSION 7
MUTHEN & MUTHEN
11/06/2012  11:50 AM

INPUT INSTRUCTIONS

  data:
  file is recoded_LSAY_09262012.dat;

  Variable:
  names are
  CASENUM COHORT AB39A AB39B AB39C AB39D AB39E AB39F AB39G AB39H AB39I AB39J
  AB39K AB39L AB39M AB39N AB39O AB39P AB39Q AB39R AB39S AB39T AB39U AB39V AB39W
  AB39X ASCIIRT CSCIIRT MTH7 SCI7 SCI8 MOTHED FATHED PEDUC PEDUC3 RSEDAN RSEDAN6
  RSEDAN5 RBACC RMAJFIR RMAJFIR2 RMAJLST2 RMAJLST RGRMAJ RGRMAJ10
  RSTEMM RSTEMMX RSTEMMB RSTEMMA WEIGHT7 WEIGHT8 WEIGHT9 WEIGHT10 WEIGHT11
  WEIGHT12 WEIGHTP1 WEIGHTP2 WEIGHTP4 WGT12A WEIGHTR GENDER RACETH3 RACETH AB39A1
  AB39H1 AB39I1 AB39K1 AB39L1 AB39M1 AB39T1 AB39U1 AB39W1 AB39X1 RACETH1 STEM
  STEMSup ENGINEER AMTHIRT CMTHIRT GENDER1 AB39A2 AB39H2 AB39I2 AB39K2 AB39L2
  AB39M2 AB39T2 AB39U2 AB39W2 AB39X2 fm fnm mm;

  categorical = AB39A2 AB39H2 AB39I2 AB39K2 AB39L2
  AB39M2 AB39T2 AB39U2 AB39W2 AB39X2;
  missing=all(9999);
  classes =c (5);

  auxiliary =STEM(e)  STEMSup(e) ENGINEER(e) CMTHIRT(e) CSCIIRT(e);
  usevar = AB39A2 AB39H2 AB39I2 AB39K2 AB39L2 AB39M2 AB39T2
  AB39U2 AB39W2 AB39X2 RACETH1 GENDER1 AMTHIRT;

  Analysis:
  Type=mixture;
   starts = 200 100;
   process = 4(starts);

  Model:
  %overall%
  c on GENDER1 RACETH1 AMTHIRT;



  Output:
   sampstat tech11 tech14;

   Plot:
  type=plot3;
  series =AB39A2 - AB39X2 (*);



*** WARNING
  Data set contains cases with missing on x-variables.
  These cases were not included in the analysis.
  Number of cases with missing on x-variables:  3028
*** WARNING
  Data set contains cases with missing on all variables except
  x-variables.  These cases were not included in the analysis.
  Number of cases with missing on all variables except x-variables:  36
   2 WARNING(S) FOUND IN THE INPUT INSTRUCTIONS




SUMMARY OF ANALYSIS

Number of groups                                                 1
Number of observations                                        2881

Number of dependent variables                                   10
Number of independent variables                                  3
Number of continuous latent variables                            0
Number of categorical latent variables                           1

Observed dependent variables

  Binary and ordered categorical (ordinal)
   AB39A2      AB39H2      AB39I2      AB39K2      AB39L2      AB39M2
   AB39T2      AB39U2      AB39W2      AB39X2

Observed independent variables
   RACETH1     GENDER1     AMTHIRT

Observed auxiliary variables
   STEM        STEMSUP     ENGINEER    CMTHIRT     CSCIIRT

Categorical latent variables
   C


Estimator                                                      MLR
Information matrix                                        OBSERVED
Optimization Specifications for the Quasi-Newton Algorithm for
Continuous Outcomes
  Maximum number of iterations                                 100
  Convergence criterion                                  0.100D-05
Optimization Specifications for the EM Algorithm
  Maximum number of iterations                                 500
  Convergence criteria
    Loglikelihood change                                 0.100D-06
    Relative loglikelihood change                        0.100D-06
    Derivative                                           0.100D-05
Optimization Specifications for the M step of the EM Algorithm for
Categorical Latent variables
  Number of M step iterations                                    1
  M step convergence criterion                           0.100D-05
  Basis for M step termination                           ITERATION
Optimization Specifications for the M step of the EM Algorithm for
Censored, Binary or Ordered Categorical (Ordinal), Unordered
Categorical (Nominal) and Count Outcomes
  Number of M step iterations                                    1
  M step convergence criterion                           0.100D-05
  Basis for M step termination                           ITERATION
  Maximum value for logit thresholds                            15
  Minimum value for logit thresholds                           -15
  Minimum expected cell size for chi-square              0.100D-01
Maximum number of iterations for H1                           2000
Convergence criterion for H1                             0.100D-03
Optimization algorithm                                         EMA
Random Starts Specifications
  Number of initial stage random starts                        200
  Number of final stage optimizations                          100
  Number of initial stage iterations                            10
  Initial stage convergence criterion                    0.100D+01
  Random starts scale                                    0.500D+01
  Random seed for generating random starts                       0
Link                                                         LOGIT

Input data file(s)
  recoded_LSAY_09262012.dat
Input data format  FREE


SUMMARY OF DATA

     Number of missing data patterns            49
     Number of y missing data patterns           0
     Number of u missing data patterns          49


COVARIANCE COVERAGE OF DATA

Minimum covariance coverage value   0.100


     PROPORTION OF DATA PRESENT FOR U


           Covariance Coverage
              AB39A2        AB39H2        AB39I2        AB39K2        AB39L2
              ________      ________      ________      ________      ________
 AB39A2         0.998
 AB39H2         0.978         0.978
 AB39I2         0.976         0.960         0.977
 AB39K2         0.980         0.962         0.961         0.980
 AB39L2         0.981         0.964         0.963         0.967         0.982
 AB39M2         0.991         0.973         0.972         0.975         0.977
 AB39T2         0.973         0.955         0.952         0.957         0.959
 AB39U2         0.974         0.957         0.956         0.959         0.960
 AB39W2         0.981         0.964         0.962         0.965         0.967
 AB39X2         0.991         0.973         0.972         0.975         0.977


           Covariance Coverage
              AB39M2        AB39T2        AB39U2        AB39W2        AB39X2
              ________      ________      ________      ________      ________
 AB39M2         0.992
 AB39T2         0.969         0.973
 AB39U2         0.969         0.957         0.975
 AB39W2         0.977         0.962         0.964         0.982
 AB39X2         0.987         0.971         0.973         0.980         0.992


UNIVARIATE PROPORTIONS AND COUNTS FOR CATEGORICAL VARIABLES

    AB39A2
      Category 1    0.307      883.000
      Category 2    0.693     1992.000
    AB39H2
      Category 1    0.297      838.000
      Category 2    0.703     1981.000
    AB39I2
      Category 1    0.354      996.000
      Category 2    0.646     1819.000
    AB39K2
      Category 1    0.241      681.000
      Category 2    0.759     2143.000
    AB39L2
      Category 1    0.262      742.000
      Category 2    0.738     2087.000
    AB39M2
      Category 1    0.389     1110.000
      Category 2    0.611     1747.000
    AB39T2
      Category 1    0.601     1684.000
      Category 2    0.399     1120.000
    AB39U2
      Category 1    0.509     1431.000
      Category 2    0.491     1378.000
    AB39W2
      Category 1    0.599     1693.000
      Category 2    0.401     1135.000
    AB39X2
      Category 1    0.540     1543.000
      Category 2    0.460     1316.000


SAMPLE STATISTICS


     SAMPLE STATISTICS


           Means
              RACETH1       GENDER1       AMTHIRT
              ________      ________      ________
 1              0.229         0.487        50.538


           Covariances
              RACETH1       GENDER1       AMTHIRT
              ________      ________      ________
 RACETH1        0.176
 GENDER1       -0.001         0.250
 AMTHIRT       -1.232         0.308       103.916


           Correlations
              RACETH1       GENDER1       AMTHIRT
              ________      ________      ________
 RACETH1        1.000
 GENDER1       -0.005         1.000
 AMTHIRT       -0.288         0.060         1.000

RANDOM STARTS RESULTS RANKED FROM THE BEST TO THE WORST LOGLIKELIHOOD VALUES

Final stage loglikelihood values at local maxima, seeds, and initial stage start numbers:

          -15376.251  unperturbed      0
          -15676.076  286735           175
          -15676.076  411615           171
          -15676.076  821011           161
          -15676.076  948615           140
          -15676.076  85462            51
          -15676.076  794236           127
          -15676.076  467339           66
          -15873.453  579995           183
          -15887.647  51375            148
          -15893.301  268896           124
          -15910.493  313407           132
          -15919.562  751054           117
          -15924.578  569833           85
          -16082.802  202790           198
          -16085.428  972873           157
          -16090.833  405079           68
          -16092.661  609185           181
          -16093.953  458181           189
          -16093.953  127215           9
          -16099.535  860772           174
          -16099.535  606576           151
          -16099.535  100874           108
          -16099.535  915107           54
          -16099.535  192071           142
          -16099.535  319144           176
          -16099.535  648555           113
          -16099.535  848969           173
          -16099.535  292884           103
          -16099.535  352277           42
          -16099.535  471398           74
          -16099.535  565819           65
          -16099.535  131856           90
          -16099.535  526324           178
          -16099.535  793035           187
          -16099.535  573096           20
          -16099.535  576596           99
          -16099.535  402224           91
          -16099.535  345070           114
          -16099.535  281558           184
          -16099.535  124999           96
          -16099.535  437181           135
          -16099.535  863094           147
          -16099.535  576220           115
          -16099.535  372176           23
          -16099.535  939709           112
          -16212.049  726035           191
          -16424.687  637345           19
          -16489.199  674171           195
          -16632.525  260601           36
          -16860.774  303634           169
          -16888.733  371246           101
          -17171.504  848331           137
          -17171.564  991329           182
          -17337.449  93468            3
          -17507.295  509733           130
          -17525.248  168762           200
          -18109.322  476498           179
          -18114.208  247224           94
          -18115.478  967237           48
          -18117.954  462953           7
          -18119.179  887676           22
          -18119.179  263268           165
          -18119.179  570908           98
          -18119.896  415502           194
          -18120.923  25127            107
          -18124.934  414284           158
          -18124.934  728038           177
          -18124.934  915642           40
          -18124.934  466971           109
          -18124.934  788796           145
          -18124.934  848890           95
          -18124.934  391179           78
          -18124.934  783110           72
          -18124.934  340112           126
          -18124.934  814975           129
          -18124.934  481835           57
          -18124.934  436460           89
          -18124.934  207896           25
          -18124.934  314084           81
          -18124.934  285380           1
          -18124.934  232559           136
          -18124.934  259507           53
          -18124.934  903420           5
          -18124.934  120506           45
          -18124.934  422103           62
          -18124.934  369602           146
          -18124.934  268217           83
          -18124.934  227563           63
          -18124.934  311214           64
          -18124.934  789985           67
          -18124.934  939021           8
          -18124.934  966014           37
          -18124.934  253358           2
          -18124.934  364676           27
          -18124.934  533738           11
          -18124.934  153942           31
          -18124.934  27071            15
          -18124.934  626891           32
          -18124.934  76974            16



     WARNING:  THE BEST LOGLIKELIHOOD VALUE WAS NOT REPLICATED.  THE
     SOLUTION MAY NOT BE TRUSTWORTHY DUE TO LOCAL MAXIMA.  INCREASE THE
     NUMBER OF RANDOM STARTS.


THE MODEL ESTIMATION TERMINATED NORMALLY



MODEL FIT INFORMATION

Number of Free Parameters                       66

Loglikelihood

          H0 Value                      -15376.251
          H0 Scaling Correction Factor      1.1343
            for MLR

Information Criteria

          Akaike (AIC)                   30884.503
          Bayesian (BIC)                 31278.252
          Sample-Size Adjusted BIC       31068.546
            (n* = (n + 2) / 24)

Chi-Square Test of Model Fit for the Binary and Ordered Categorical
(Ordinal) Outcomes**

          Pearson Chi-Square

          Value                           2113.607
          Degrees of Freedom                   939
          P-Value                           0.0000

          Likelihood Ratio Chi-Square

          Value                           1320.294
          Degrees of Freedom                   939
          P-Value                           0.0000

** Of the 11770 cells in the latent class indicator table, 30
   were deleted in the calculation of chi-square due to extreme values.

Chi-Square Test for MCAR under the Unrestricted Latent Class Indicator Model

          Pearson Chi-Square

          Value                           3761.657
          Degrees of Freedom                 10698
          P-Value                           1.0000

          Likelihood Ratio Chi-Square

          Value                           1141.438
          Degrees of Freedom                 10698
          P-Value                           1.0000



FINAL CLASS COUNTS AND PROPORTIONS FOR THE LATENT CLASSES
BASED ON THE ESTIMATED MODEL

    Latent
   Classes

       1        618.63717          0.21473
       2        542.57371          0.18833
       3        438.85536          0.15233
       4        711.76000          0.24705
       5        569.17377          0.19756


FINAL CLASS COUNTS AND PROPORTIONS FOR THE LATENT CLASS PATTERNS
BASED ON ESTIMATED POSTERIOR PROBABILITIES

    Latent
   Classes

       1        618.63717          0.21473
       2        542.57371          0.18833
       3        438.85536          0.15233
       4        711.75999          0.24705
       5        569.17378          0.19756


CLASSIFICATION QUALITY

     Entropy                         0.701


CLASSIFICATION OF INDIVIDUALS BASED ON THEIR MOST LIKELY LATENT CLASS MEMBERSHIP

Class Counts and Proportions

    Latent
   Classes

       1              662          0.22978
       2              511          0.17737
       3              420          0.14578
       4              717          0.24887
       5              571          0.19820


Average Latent Class Probabilities for Most Likely Latent Class Membership (Row)
by Latent Class (Column)

           1        2        3        4        5

    1   0.868    0.069    0.061    0.002    0.000
    2   0.049    0.779    0.071    0.058    0.044
    3   0.044    0.097    0.724    0.114    0.021
    4   0.001    0.050    0.064    0.819    0.066
    5   0.000    0.040    0.021    0.080    0.859


MODEL RESULTS

                                                    Two-Tailed
                    Estimate       S.E.  Est./S.E.    P-Value

Latent Class 1

 Thresholds
    AB39A2$1          -1.786      0.155    -11.548      0.000
    AB39H2$1          -3.812      0.925     -4.121      0.000
    AB39I2$1          -6.317      9.269     -0.681      0.496
    AB39K2$1          -4.066      0.507     -8.023      0.000
    AB39L2$1          -4.927      1.136     -4.338      0.000
    AB39M2$1          -1.999      0.172    -11.616      0.000
    AB39T2$1          -2.471      0.334     -7.398      0.000
    AB39U2$1          -2.947      0.354     -8.325      0.000
    AB39W2$1          -2.446      0.357     -6.859      0.000
    AB39X2$1          -3.073      0.363     -8.475      0.000

Latent Class 2

 Thresholds
    AB39A2$1          -0.588      0.139     -4.218      0.000
    AB39H2$1          -0.187      0.194     -0.967      0.333
    AB39I2$1           0.074      0.239      0.308      0.758
    AB39K2$1          -1.241      0.275     -4.509      0.000
    AB39L2$1          -1.472      0.335     -4.388      0.000
    AB39M2$1          -1.056      0.164     -6.431      0.000
    AB39T2$1           0.026      0.183      0.141      0.888
    AB39U2$1          -0.139      0.214     -0.652      0.514
    AB39W2$1          -0.675      0.268     -2.516      0.012
    AB39X2$1          -1.733      0.506     -3.422      0.001

Latent Class 3

 Thresholds
    AB39A2$1          -1.204      0.185     -6.527      0.000
    AB39H2$1          -2.295      0.488     -4.702      0.000
    AB39I2$1          -3.321      1.114     -2.980      0.003
    AB39K2$1          -1.151      0.229     -5.024      0.000
    AB39L2$1          -1.079      0.345     -3.122      0.002
    AB39M2$1          -0.824      0.182     -4.535      0.000
    AB39T2$1           0.108      0.239      0.452      0.651
    AB39U2$1          -1.671      0.567     -2.948      0.003
    AB39W2$1           1.129      0.293      3.849      0.000
    AB39X2$1           0.803      0.317      2.532      0.011

Latent Class 4

 Thresholds
    AB39A2$1          -0.960      0.114     -8.436      0.000
    AB39H2$1          -1.668      0.216     -7.709      0.000
    AB39I2$1          -0.545      0.165     -3.302      0.001
    AB39K2$1          -2.227      0.229     -9.728      0.000
    AB39L2$1          -2.143      0.247     -8.680      0.000
    AB39M2$1           0.408      0.130      3.147      0.002
    AB39T2$1           2.855      0.402      7.108      0.000
    AB39U2$1           2.069      0.431      4.799      0.000
    AB39W2$1           2.313      0.207     11.150      0.000
    AB39X2$1           2.085      0.286      7.279      0.000

Latent Class 5

 Thresholds
    AB39A2$1           0.137      0.107      1.286      0.198
    AB39H2$1           1.303      0.183      7.132      0.000
    AB39I2$1           1.456      0.170      8.560      0.000
    AB39K2$1           0.774      0.157      4.914      0.000
    AB39L2$1           1.527      0.261      5.844      0.000
    AB39M2$1           0.433      0.121      3.589      0.000
    AB39T2$1           2.062      0.232      8.885      0.000
    AB39U2$1           1.748      0.196      8.913      0.000
    AB39W2$1           2.214      0.244      9.064      0.000
    AB39X2$1           2.161      0.291      7.416      0.000

Categorical Latent Variables

 C#1        ON
    GENDER1           -0.530      0.136     -3.889      0.000
    RACETH1            0.393      0.177      2.217      0.027
    AMTHIRT            0.057      0.009      6.297      0.000

 C#2        ON
    GENDER1           -0.227      0.156     -1.455      0.146
    RACETH1            0.426      0.194      2.196      0.028
    AMTHIRT            0.000      0.012     -0.037      0.971

 C#3        ON
    GENDER1           -0.210      0.171     -1.232      0.218
    RACETH1            0.238      0.238      1.003      0.316
    AMTHIRT            0.045      0.011      4.168      0.000

 C#4        ON
    GENDER1            0.415      0.161      2.580      0.010
    RACETH1           -0.064      0.189     -0.339      0.735
    AMTHIRT            0.033      0.008      4.305      0.000

 Intercepts
    C#1               -2.677      0.554     -4.833      0.000
    C#2               -0.033      0.643     -0.052      0.959
    C#3               -2.442      0.614     -3.977      0.000
    C#4               -1.633      0.445     -3.667      0.000


RESULTS IN PROBABILITY SCALE

Latent Class 1

 AB39A2
    Category 1         0.144      0.019      7.547      0.000
    Category 2         0.856      0.019     45.045      0.000
 AB39H2
    Category 1         0.022      0.020      1.105      0.269
    Category 2         0.978      0.020     49.992      0.000
 AB39I2
    Category 1         0.002      0.017      0.108      0.914
    Category 2         0.998      0.017     59.848      0.000
 AB39K2
    Category 1         0.017      0.008      2.007      0.045
    Category 2         0.983      0.008    117.022      0.000
 AB39L2
    Category 1         0.007      0.008      0.887      0.375
    Category 2         0.993      0.008    122.333      0.000
 AB39M2
    Category 1         0.119      0.018      6.598      0.000
    Category 2         0.881      0.018     48.707      0.000
 AB39T2
    Category 1         0.078      0.024      3.247      0.001
    Category 2         0.922      0.024     38.419      0.000
 AB39U2
    Category 1         0.050      0.017      2.974      0.003
    Category 2         0.950      0.017     56.619      0.000
 AB39W2
    Category 1         0.080      0.026      3.047      0.002
    Category 2         0.920      0.026     35.177      0.000
 AB39X2
    Category 1         0.044      0.015      2.886      0.004
    Category 2         0.956      0.015     62.352      0.000

Latent Class 2

 AB39A2
    Category 1         0.357      0.032     11.160      0.000
    Category 2         0.643      0.032     20.091      0.000
 AB39H2
    Category 1         0.453      0.048      9.452      0.000
    Category 2         0.547      0.048     11.399      0.000
 AB39I2
    Category 1         0.518      0.060      8.678      0.000
    Category 2         0.482      0.060      8.062      0.000
 AB39K2
    Category 1         0.224      0.048      4.682      0.000
    Category 2         0.776      0.048     16.202      0.000
 AB39L2
    Category 1         0.187      0.051      3.665      0.000
    Category 2         0.813      0.051     15.971      0.000
 AB39M2
    Category 1         0.258      0.031      8.206      0.000
    Category 2         0.742      0.031     23.595      0.000
 AB39T2
    Category 1         0.506      0.046     11.062      0.000
    Category 2         0.494      0.046     10.780      0.000
 AB39U2
    Category 1         0.465      0.053      8.743      0.000
    Category 2         0.535      0.053     10.051      0.000
 AB39W2
    Category 1         0.337      0.060      5.625      0.000
    Category 2         0.663      0.060     11.049      0.000
 AB39X2
    Category 1         0.150      0.065      2.324      0.020
    Category 2         0.850      0.065     13.146      0.000

Latent Class 3

 AB39A2
    Category 1         0.231      0.033      7.044      0.000
    Category 2         0.769      0.033     23.492      0.000
 AB39H2
    Category 1         0.092      0.041      2.255      0.024
    Category 2         0.908      0.041     22.385      0.000
 AB39I2
    Category 1         0.035      0.037      0.930      0.352
    Category 2         0.965      0.037     25.738      0.000
 AB39K2
    Category 1         0.240      0.042      5.744      0.000
    Category 2         0.760      0.042     18.162      0.000
 AB39L2
    Category 1         0.254      0.065      3.879      0.000
    Category 2         0.746      0.065     11.407      0.000
 AB39M2
    Category 1         0.305      0.038      7.923      0.000
    Category 2         0.695      0.038     18.053      0.000
 AB39T2
    Category 1         0.527      0.059      8.859      0.000
    Category 2         0.473      0.059      7.953      0.000
 AB39U2
    Category 1         0.158      0.076      2.096      0.036
    Category 2         0.842      0.076     11.144      0.000
 AB39W2
    Category 1         0.756      0.054     13.952      0.000
    Category 2         0.244      0.054      4.513      0.000
 AB39X2
    Category 1         0.691      0.068     10.190      0.000
    Category 2         0.309      0.068      4.564      0.000

Latent Class 4

 AB39A2
    Category 1         0.277      0.023     12.153      0.000
    Category 2         0.723      0.023     31.738      0.000
 AB39H2
    Category 1         0.159      0.029      5.493      0.000
    Category 2         0.841      0.029     29.128      0.000
 AB39I2
    Category 1         0.367      0.038      9.579      0.000
    Category 2         0.633      0.038     16.515      0.000
 AB39K2
    Category 1         0.097      0.020      4.839      0.000
    Category 2         0.903      0.020     44.872      0.000
 AB39L2
    Category 1         0.105      0.023      4.526      0.000
    Category 2         0.895      0.023     38.577      0.000
 AB39M2
    Category 1         0.601      0.031     19.325      0.000
    Category 2         0.399      0.031     12.855      0.000
 AB39T2
    Category 1         0.946      0.021     45.741      0.000
    Category 2         0.054      0.021      2.633      0.008
 AB39U2
    Category 1         0.888      0.043     20.683      0.000
    Category 2         0.112      0.043      2.612      0.009
 AB39W2
    Category 1         0.910      0.017     53.523      0.000
    Category 2         0.090      0.017      5.298      0.000
 AB39X2
    Category 1         0.889      0.028     31.580      0.000
    Category 2         0.111      0.028      3.925      0.000

Latent Class 5

 AB39A2
    Category 1         0.534      0.027     20.150      0.000
    Category 2         0.466      0.027     17.569      0.000
 AB39H2
    Category 1         0.786      0.031     25.618      0.000
    Category 2         0.214      0.031      6.964      0.000
 AB39I2
    Category 1         0.811      0.026     31.094      0.000
    Category 2         0.189      0.026      7.247      0.000
 AB39K2
    Category 1         0.684      0.034     20.119      0.000
    Category 2         0.316      0.034      9.281      0.000
 AB39L2
    Category 1         0.822      0.038     21.450      0.000
    Category 2         0.178      0.038      4.657      0.000
 AB39M2
    Category 1         0.607      0.029     21.050      0.000
    Category 2         0.393      0.029     13.646      0.000
 AB39T2
    Category 1         0.887      0.023     38.183      0.000
    Category 2         0.113      0.023      4.857      0.000
 AB39U2
    Category 1         0.852      0.025     34.380      0.000
    Category 2         0.148      0.025      5.988      0.000
 AB39W2
    Category 1         0.901      0.022     41.552      0.000
    Category 2         0.099      0.022      4.542      0.000
 AB39X2
    Category 1         0.897      0.027     33.216      0.000
    Category 2         0.103      0.027      3.827      0.000


LATENT CLASS ODDS RATIO RESULTS

Latent Class 1 Compared to Latent Class 2

 AB39A2
    Category > 1       3.315      0.653      5.074      0.000
 AB39H2
    Category > 1      37.514     31.988      1.173      0.241
 AB39I2
    Category > 1     596.103   5441.272      0.110      0.913
 AB39K2
    Category > 1      16.845      9.542      1.765      0.077
 AB39L2
    Category > 1      31.653     35.245      0.898      0.369
 AB39M2
    Category > 1       2.568      0.608      4.221      0.000
 AB39T2
    Category > 1      12.141      4.075      2.979      0.003
 AB39U2
    Category > 1      16.561      5.683      2.914      0.004
 AB39W2
    Category > 1       5.878      2.586      2.273      0.023
 AB39X2
    Category > 1       3.819      2.392      1.597      0.110

Latent Class 1 Compared to Latent Class 3

 AB39A2
    Category > 1       1.790      0.454      3.945      0.000
 AB39H2
    Category > 1       4.557      4.894      0.931      0.352
 AB39I2
    Category > 1      20.008    190.664      0.105      0.916
 AB39K2
    Category > 1      18.437     10.265      1.796      0.072
 AB39L2
    Category > 1      46.899     59.159      0.793      0.428
 AB39M2
    Category > 1       3.240      0.854      3.796      0.000
 AB39T2
    Category > 1      13.180      5.622      2.344      0.019
 AB39U2
    Category > 1       3.582      2.475      1.447      0.148
 AB39W2
    Category > 1      35.691     17.810      2.004      0.045
 AB39X2
    Category > 1      48.248     21.764      2.217      0.027

Latent Class 1 Compared to Latent Class 4

 AB39A2
    Category > 1       2.285      0.431      5.307      0.000
 AB39H2
    Category > 1       8.530      8.140      1.048      0.295
 AB39I2
    Category > 1     321.186   2976.157      0.108      0.914
 AB39K2
    Category > 1       6.287      3.460      1.817      0.069
 AB39L2
    Category > 1      16.183     18.519      0.874      0.382
 AB39M2
    Category > 1      11.098      2.378      4.667      0.000
 AB39T2
    Category > 1     205.522    112.723      1.823      0.068
 AB39U2
    Category > 1     150.745     85.771      1.758      0.079
 AB39W2
    Category > 1     116.638     51.288      2.274      0.023
 AB39X2
    Category > 1     173.867     79.301      2.192      0.028

Latent Class 1 Compared to Latent Class 5

 AB39A2
    Category > 1       6.845      1.228      5.575      0.000
 AB39H2
    Category > 1     166.417    152.174      1.094      0.274
 AB39I2
    Category > 1    2376.072  21992.727      0.108      0.914
 AB39K2
    Category > 1     126.381     66.834      1.891      0.059
 AB39L2
    Category > 1     635.244    708.876      0.896      0.370
 AB39M2
    Category > 1      11.388      2.163      5.264      0.000
 AB39T2
    Category > 1      93.018     29.707      3.131      0.002
 AB39U2
    Category > 1     109.310     38.437      2.844      0.004
 AB39W2
    Category > 1     105.618     47.034      2.246      0.025
 AB39X2
    Category > 1     187.530     88.665      2.115      0.034

Latent Class 2 Compared to Latent Class 3

 AB39A2
    Category > 1       0.540      0.133      4.050      0.000
 AB39H2
    Category > 1       0.121      0.070      1.739      0.082
 AB39I2
    Category > 1       0.034      0.039      0.854      0.393
 AB39K2
    Category > 1       1.094      0.415      2.637      0.008
 AB39L2
    Category > 1       1.482      0.841      1.761      0.078
 AB39M2
    Category > 1       1.262      0.331      3.814      0.000
 AB39T2
    Category > 1       1.086      0.333      3.258      0.001
 AB39U2
    Category > 1       0.216      0.132      1.642      0.101
 AB39W2
    Category > 1       6.072      2.532      2.398      0.016
 AB39X2
    Category > 1      12.632      8.722      1.448      0.148

Latent Class 2 Compared to Latent Class 4

 AB39A2
    Category > 1       0.689      0.125      5.504      0.000
 AB39H2
    Category > 1       0.227      0.063      3.633      0.000
 AB39I2
    Category > 1       0.539      0.155      3.473      0.001
 AB39K2
    Category > 1       0.373      0.135      2.772      0.006
 AB39L2
    Category > 1       0.511      0.208      2.462      0.014
 AB39M2
    Category > 1       4.322      0.838      5.160      0.000
 AB39T2
    Category > 1      16.928      7.142      2.370      0.018
 AB39U2
    Category > 1       9.102      4.348      2.094      0.036
 AB39W2
    Category > 1      19.843      6.156      3.223      0.001
 AB39X2
    Category > 1      45.522     23.923      1.903      0.057

Latent Class 2 Compared to Latent Class 5

 AB39A2
    Category > 1       2.065      0.354      5.838      0.000
 AB39H2
    Category > 1       4.436      1.092      4.061      0.000
 AB39I2
    Category > 1       3.986      1.116      3.570      0.000
 AB39K2
    Category > 1       7.502      2.274      3.299      0.001
 AB39L2
    Category > 1      20.069      7.033      2.854      0.004
 AB39M2
    Category > 1       4.436      0.832      5.333      0.000
 AB39T2
    Category > 1       7.662      1.941      3.947      0.000
 AB39U2
    Category > 1       6.600      1.680      3.928      0.000
 AB39W2
    Category > 1      17.968      5.140      3.496      0.000
 AB39X2
    Category > 1      49.100     21.115      2.325      0.020

Latent Class 3 Compared to Latent Class 4

 AB39A2
    Category > 1       1.277      0.308      4.140      0.000
 AB39H2
    Category > 1       1.872      1.096      1.708      0.088
 AB39I2
    Category > 1      16.053     17.374      0.924      0.355
 AB39K2
    Category > 1       0.341      0.122      2.802      0.005
 AB39L2
    Category > 1       0.345      0.162      2.131      0.033
 AB39M2
    Category > 1       3.425      0.759      4.510      0.000
 AB39T2
    Category > 1      15.594      5.832      2.674      0.007
 AB39U2
    Category > 1      42.088     20.661      2.037      0.042
 AB39W2
    Category > 1       3.268      1.152      2.838      0.005
 AB39X2
    Category > 1       3.604      1.728      2.085      0.037

Latent Class 3 Compared to Latent Class 5

 AB39A2
    Category > 1       3.825      0.798      4.795      0.000
 AB39H2
    Category > 1      36.520     19.100      1.912      0.056
 AB39I2
    Category > 1     118.758    131.416      0.904      0.366
 AB39K2
    Category > 1       6.855      2.075      3.304      0.001
 AB39L2
    Category > 1      13.545      6.581      2.058      0.040
 AB39M2
    Category > 1       3.515      0.762      4.612      0.000
 AB39T2
    Category > 1       7.058      2.267      3.113      0.002
 AB39U2
    Category > 1      30.520     19.083      1.599      0.110
 AB39W2
    Category > 1       2.959      1.023      2.891      0.004
 AB39X2
    Category > 1       3.887      1.748      2.224      0.026

Latent Class 4 Compared to Latent Class 5

 AB39A2
    Category > 1       2.995      0.477      6.274      0.000
 AB39H2
    Category > 1      19.509      4.790      4.072      0.000
 AB39I2
    Category > 1       7.398      1.781      4.153      0.000
 AB39K2
    Category > 1      20.102      4.701      4.277      0.000
 AB39L2
    Category > 1      39.255     11.675      3.362      0.001
 AB39M2
    Category > 1       1.026      0.187      5.481      0.000
 AB39T2
    Category > 1       0.453      0.211      2.146      0.032
 AB39U2
    Category > 1       0.725      0.361      2.010      0.044
 AB39W2
    Category > 1       0.906      0.285      3.180      0.001
 AB39X2
    Category > 1       1.079      0.424      2.543      0.011


LOGISTIC REGRESSION ODDS RATIO RESULTS

Categorical Latent Variables

 C#1      ON
    GENDER1            0.589
    RACETH1            1.481
    AMTHIRT            1.059

 C#2      ON
    GENDER1            0.797
    RACETH1            1.531
    AMTHIRT            1.000

 C#3      ON
    GENDER1            0.810
    RACETH1            1.269
    AMTHIRT            1.046

 C#4      ON
    GENDER1            1.515
    RACETH1            0.938
    AMTHIRT            1.033


ALTERNATIVE PARAMETERIZATIONS FOR THE CATEGORICAL LATENT VARIABLE REGRESSION

Parameterization using Reference Class 1

 C#2      ON
    RACETH1            0.033      0.219      0.150      0.881
    GENDER1            0.303      0.160      1.891      0.059
    AMTHIRT           -0.058      0.010     -5.947      0.000

 C#3      ON
    RACETH1           -0.155      0.246     -0.628      0.530
    GENDER1            0.319      0.175      1.822      0.068
    AMTHIRT           -0.013      0.012     -1.069      0.285

 C#4      ON
    RACETH1           -0.457      0.179     -2.547      0.011
    GENDER1            0.945      0.147      6.424      0.000
    AMTHIRT           -0.025      0.007     -3.298      0.001

 C#5      ON
    RACETH1           -0.393      0.177     -2.217      0.027
    GENDER1            0.530      0.136      3.889      0.000
    AMTHIRT           -0.057      0.009     -6.297      0.000

 Intercepts
    C#2                2.644      0.507      5.213      0.000
    C#3                0.235      0.692      0.340      0.734
    C#4                1.045      0.474      2.203      0.028
    C#5                2.677      0.554      4.833      0.000

Parameterization using Reference Class 2

 C#1      ON
    RACETH1           -0.033      0.219     -0.150      0.881
    GENDER1           -0.303      0.160     -1.891      0.059
    AMTHIRT            0.058      0.010      5.947      0.000

 C#3      ON
    RACETH1           -0.187      0.277     -0.677      0.498
    GENDER1            0.016      0.196      0.083      0.934
    AMTHIRT            0.045      0.015      2.972      0.003

 C#4      ON
    RACETH1           -0.490      0.198     -2.477      0.013
    GENDER1            0.642      0.169      3.806      0.000
    AMTHIRT            0.033      0.010      3.294      0.001

 C#5      ON
    RACETH1           -0.426      0.194     -2.196      0.028
    GENDER1            0.227      0.156      1.455      0.146
    AMTHIRT            0.000      0.012      0.037      0.971

 Intercepts
    C#1               -2.644      0.507     -5.213      0.000
    C#3               -2.409      0.813     -2.963      0.003
    C#4               -1.599      0.551     -2.903      0.004
    C#5                0.033      0.643      0.052      0.959

Parameterization using Reference Class 3

 C#1      ON
    RACETH1            0.155      0.246      0.628      0.530
    GENDER1           -0.319      0.175     -1.822      0.068
    AMTHIRT            0.013      0.012      1.069      0.285

 C#2      ON
    RACETH1            0.187      0.277      0.677      0.498
    GENDER1           -0.016      0.196     -0.083      0.934
    AMTHIRT           -0.045      0.015     -2.972      0.003

 C#4      ON
    RACETH1           -0.302      0.259     -1.166      0.243
    GENDER1            0.626      0.194      3.227      0.001
    AMTHIRT           -0.012      0.011     -1.029      0.303

 C#5      ON
    RACETH1           -0.238      0.238     -1.003      0.316
    GENDER1            0.210      0.171      1.232      0.218
    AMTHIRT           -0.045      0.011     -4.168      0.000

 Intercepts
    C#1               -0.235      0.692     -0.340      0.734
    C#2                2.409      0.813      2.963      0.003
    C#4                0.809      0.686      1.180      0.238
    C#5                2.442      0.614      3.977      0.000

Parameterization using Reference Class 4

 C#1      ON
    RACETH1            0.457      0.179      2.547      0.011
    GENDER1           -0.945      0.147     -6.424      0.000
    AMTHIRT            0.025      0.007      3.298      0.001

 C#2      ON
    RACETH1            0.490      0.198      2.477      0.013
    GENDER1           -0.642      0.169     -3.806      0.000
    AMTHIRT           -0.033      0.010     -3.294      0.001

 C#3      ON
    RACETH1            0.302      0.259      1.166      0.243
    GENDER1           -0.626      0.194     -3.227      0.001
    AMTHIRT            0.012      0.011      1.029      0.303

 C#5      ON
    RACETH1            0.064      0.189      0.339      0.735
    GENDER1           -0.415      0.161     -2.580      0.010
    AMTHIRT           -0.033      0.008     -4.305      0.000

 Intercepts
    C#1               -1.045      0.474     -2.203      0.028
    C#2                1.599      0.551      2.903      0.004
    C#3               -0.809      0.686     -1.180      0.238
    C#5                1.633      0.445      3.667      0.000


QUALITY OF NUMERICAL RESULTS

     Condition Number for the Information Matrix              0.161E-07
       (ratio of smallest to largest eigenvalue)


EQUALITY TESTS OF MEANS ACROSS CLASSES USING POSTERIOR PROBABILITY-BASED
MULTIPLE IMPUTATIONS WITH 4 DEGREE(S) OF FREEDOM FOR THE OVERALL TEST AND
1 DEGREE OF FREEDOM FOR THE PAIRWISE TESTS

STEM
                          Mean       S.E.                          Mean       S.E.

  Class 1                0.129      0.018  Class 2                0.083      0.018
  Class 3                0.099      0.020  Class 4                0.065      0.013
  Class 5                0.036      0.011

                    Chi-Square     P-Value                   Chi-Square     P-Value

  Overall test           8.544      0.074  Class 1 vs. 2          3.029      0.082
  Class 1 vs. 3          1.182      0.277  Class 1 vs. 4          8.405      0.004
  Class 1 vs. 5         19.657      0.000  Class 2 vs. 3          0.336      0.562
  Class 2 vs. 4          0.549      0.459  Class 2 vs. 5          4.792      0.029
  Class 3 vs. 4          1.773      0.183  Class 3 vs. 5          7.392      0.007
  Class 4 vs. 5          2.715      0.099

STEMSUP
                          Mean       S.E.                          Mean       S.E.

  Class 1                0.200      0.021  Class 2                0.155      0.024
  Class 3                0.167      0.026  Class 4                0.139      0.018
  Class 5                0.111      0.019

                    Chi-Square     P-Value                   Chi-Square     P-Value

  Overall test           4.007      0.405  Class 1 vs. 2          1.927      0.165
  Class 1 vs. 3          0.878      0.349  Class 1 vs. 4          4.919      0.027
  Class 1 vs. 5          9.928      0.002  Class 2 vs. 3          0.110      0.741
  Class 2 vs. 4          0.246      0.620  Class 2 vs. 5          2.046      0.153
  Class 3 vs. 4          0.681      0.409  Class 3 vs. 5          3.009      0.083
  Class 4 vs. 5          1.163      0.281

ENGINEER
                          Mean       S.E.                          Mean       S.E.

  Class 1                0.043      0.011  Class 2                0.026      0.010
  Class 3                0.031      0.012  Class 4                0.018      0.007
  Class 5                0.005      0.004

                    Chi-Square     P-Value                   Chi-Square     P-Value

  Overall test           6.901      0.141  Class 1 vs. 2          1.378      0.240
  Class 1 vs. 3          0.603      0.437  Class 1 vs. 4          3.990      0.046
  Class 1 vs. 5         11.758      0.001  Class 2 vs. 3          0.099      0.753
  Class 2 vs. 4          0.384      0.536  Class 2 vs. 5          3.608      0.058
  Class 3 vs. 4          0.801      0.371  Class 3 vs. 5          4.363      0.037
  Class 4 vs. 5          2.576      0.108

CMTHIRT
                          Mean       S.E.                          Mean       S.E.

  Class 1               56.821      0.541  Class 2               50.827      0.610
  Class 3               55.155      0.694  Class 4               54.979      0.463
  Class 5               51.268      0.516

                    Chi-Square     P-Value                   Chi-Square     P-Value

  Overall test          98.754      0.000  Class 1 vs. 2         49.034      0.000
  Class 1 vs. 3          3.391      0.066  Class 1 vs. 4          6.780      0.009
  Class 1 vs. 5         56.367      0.000  Class 2 vs. 3         20.462      0.000
  Class 2 vs. 4         27.626      0.000  Class 2 vs. 5          0.284      0.594
  Class 3 vs. 4          0.040      0.841  Class 3 vs. 5         19.908      0.000
  Class 4 vs. 5         27.366      0.000

CSCIIRT
                          Mean       S.E.                          Mean       S.E.

  Class 1               56.656      0.548  Class 2               51.942      0.643
  Class 3               55.894      0.695  Class 4               55.050      0.466
  Class 5               51.536      0.533

                    Chi-Square     P-Value                   Chi-Square     P-Value

  Overall test          68.295      0.000  Class 1 vs. 2         28.391      0.000
  Class 1 vs. 3          0.706      0.401  Class 1 vs. 4          5.105      0.024
  Class 1 vs. 5         44.472      0.000  Class 2 vs. 3         15.974      0.000
  Class 2 vs. 4         13.768      0.000  Class 2 vs. 5          0.230      0.631
  Class 3 vs. 4          0.934      0.334  Class 3 vs. 5         23.871      0.000
  Class 4 vs. 5         23.724      0.000



TECHNICAL 11 OUTPUT

     Random Starts Specifications for the k-1 Class Analysis Model
        Number of initial stage random starts                 200
        Number of final stage optimizations                   100



     VUONG-LO-MENDELL-RUBIN LIKELIHOOD RATIO TEST FOR 4 (H0) VERSUS 5 CLASSES

          H0 Loglikelihood Value                       -15478.862
          2 Times the Loglikelihood Difference            205.222
          Difference in the Number of Parameters               14
          Mean                                            -17.485
          Standard Deviation                               66.721
          P-Value                                          0.0006

     LO-MENDELL-RUBIN ADJUSTED LRT TEST

          Value                                           203.398
          P-Value                                          0.0006


TECHNICAL 14 OUTPUT

     Random Starts Specifications for the k-1 Class Analysis Model
        Number of initial stage random starts                 200
        Number of final stage optimizations                   100

     Random Starts Specification for the k-1 Class Model for Generated Data
        Number of initial stage random starts                   0
        Number of final stage optimizations for the
           initial stage random starts                          0
     Random Starts Specification for the k Class Model for Generated Data
        Number of initial stage random starts                  40
        Number of final stage optimizations                     8
     Number of bootstrap draws requested                   Varies


     PARAMETRIC BOOTSTRAPPED LIKELIHOOD RATIO TEST FOR 4 (H0) VERSUS 5 CLASSES

          H0 Loglikelihood Value                       -15478.862
          2 Times the Loglikelihood Difference            205.222
          Difference in the Number of Parameters               14
          Approximate P-Value                              0.0000
          Successful Bootstrap Draws                            5

     WARNING:  THE BEST LOGLIKELIHOOD VALUE FOR THE 4 CLASS MODEL FOR THE GENERATED DATA
     WAS NOT REPLICATED IN 5 OUT OF 5 BOOTSTRAP DRAWS.  THE P-VALUE MAY NOT BE TRUSTWORTHY
     DUE TO LOCAL MAXIMA.  INCREASE THE NUMBER OF RANDOM STARTS USING THE LRTSTARTS OPTION.



PLOT INFORMATION

The following plots are available:

  Histograms of sample values
  Scatterplots (sample values)
  Sample proportions and estimated probabilities
  Estimated probabilities for a categorical latent variable as a
    function of its covariates

DIAGRAM INFORMATION

  Mplus diagrams are currently not available for Mixture analysis.
  No diagram output was produced.


     Beginning Time:  11:50:20
        Ending Time:  11:52:14
       Elapsed Time:  00:01:54



MUTHEN & MUTHEN
3463 Stoner Ave.
Los Angeles, CA  90066

Tel: (310) 391-9971
Fax: (310) 391-8971
Web: www.StatModel.com
Support: Support@StatModel.com

Copyright (c) 1998-2012 Muthen & Muthen
