Mplus VERSION 8.11 (Mac)
MUTHEN & MUTHEN
06/17/2025  12:25 PM

INPUT INSTRUCTIONS

  TITLE:
  4-Class G7 LCA with Fixed Thresholds from Invariant LTA
  DATA:
  FILE = "/Users/brucecarter/Library/CloudStorage/Box-Box/TC_LTA/lca_enum2/lca_g7.dat";

  VARIABLE:
  NAMES = CASENUM AB39A GA32A KA46A AB39H GA32H KA46H AB39I GA32I KA46I AB39K GA32K
       KA46K AB39L GA32L KA46L AB39M GA33A KA47A AB39T GA33H KA47H AB39U GA33I KA47I
       AB39W GA33K KA47K AB39X GA33L KA47L SCIG8 SCIG11 MINORITY STEM STEMSUP ENGINEER
       MATHG7 MATHG8 MATHG10 MATHG11 MATHG12 FEMALE;
   MISSING=.;

    categorical = AB39A AB39H AB39I AB39K AB39L AB39M AB39T AB39U AB39W AB39X;
    usevar = AB39A AB39H AB39I AB39K AB39L AB39M AB39T AB39U AB39W AB39X;
    missing = all(9999);
    classes = c(4);
    auxiliary = GA32A GA32H GA32I GA32K GA32L GA33A GA33H GA33I GA33K GA33L
              KA46A KA46H KA46I KA46K KA46L KA47A KA47H KA47I KA47K KA47L
              STEM STEMSup ENGINEER MathG8 SciG8 MathG11 SciG11 Female
              Minority MathG7 MathG10 MathG12 CASENUM;
  ANALYSIS:

        estimator = mlr;
        type = mixture;
        starts = 0;
        processors = 4;
  MODEL:
    %OVERALL%
      [c#1@0];

    %c#1%
      [AB39A$1@-1.566]
      [AB39H$1@-2.945]
      [AB39I$1@-3.121]
      [AB39K$1@-2.87]
      [AB39L$1@-3.789]
      [AB39M$1@-2.162]
      [AB39T$1@-2.101]
      [AB39U$1@-2.508]
      [AB39W$1@-1.835]
      [AB39X$1@-2.329]

    %c#2%
      [AB39A$1@0.751]
      [AB39H$1@1.914]
      [AB39I$1@1.619]
      [AB39K$1@1.492]
      [AB39L$1@2.256]
      [AB39M$1@1.36]
      [AB39T$1@3.636]
      [AB39U$1@2.923]
      [AB39W$1@3.589]
      [AB39X$1@3.51]

    %c#3%
      [AB39A$1@-0.082]
      [AB39H$1@-0.123]
      [AB39I$1@-0.52]
      [AB39K$1@-0.07]
      [AB39L$1@0.153]
      [AB39M$1@-0.892]
      [AB39T$1@0.046]
      [AB39U$1@-0.468]
      [AB39W$1@0.455]
      [AB39X$1@0.15]

    %c#4%
      [AB39A$1@-0.89]
      [AB39H$1@-1.678]
      [AB39I$1@-0.898]
      [AB39K$1@-1.926]
      [AB39L$1@-2.27]
      [AB39M$1@0.441]
      [AB39T$1@2.227]
      [AB39U$1@1.023]
      [AB39W$1@2.039]
      [AB39X$1@1.858]
  OUTPUT:

        sampstat;
        tech1;
        tech11;
        tech14;
        svalues;
  SAVEDATA:

        file = g7.dat;
        save = cprobabilities;
        missflag = 9999;



*** WARNING in OUTPUT command
  SAMPSTAT option is not available when all outcomes are censored, ordered
  categorical, unordered categorical (nominal), count or continuous-time
  survival variables.  Request for SAMPSTAT is ignored.
*** WARNING
  Data set contains cases with missing on all variables.
  These cases were not included in the analysis.
  Number of cases with missing on all variables:  26
   2 WARNING(S) FOUND IN THE INPUT INSTRUCTIONS




4-Class G7 LCA with Fixed Thresholds from Invariant LTA

SUMMARY OF ANALYSIS

Number of groups                                                 1
Number of observations                                        1886

Number of dependent variables                                   10
Number of independent variables                                  0
Number of continuous latent variables                            0
Number of categorical latent variables                           1

Observed dependent variables

  Binary and ordered categorical (ordinal)
   AB39A       AB39H       AB39I       AB39K       AB39L       AB39M
   AB39T       AB39U       AB39W       AB39X

Observed auxiliary variables
   GA32A       GA32H       GA32I       GA32K       GA32L       GA33A
   GA33H       GA33I       GA33K       GA33L       KA46A       KA46H
   KA46I       KA46K       KA46L       KA47A       KA47H       KA47I
   KA47K       KA47L       STEM        STEMSUP     ENGINEER    MATHG8
   SCIG8       MATHG11     SCIG11      FEMALE      MINORITY    MATHG7
   MATHG10     MATHG12     CASENUM

Categorical latent variables
   C


Estimator                                                      MLR
Information matrix                                        OBSERVED
Optimization Specifications for the Quasi-Newton Algorithm for
Continuous Outcomes
  Maximum number of iterations                                 100
  Convergence criterion                                  0.100D-05
Optimization Specifications for the EM Algorithm
  Maximum number of iterations                                 500
  Convergence criteria
    Loglikelihood change                                 0.100D-06
    Relative loglikelihood change                        0.100D-06
    Derivative                                           0.100D-05
Optimization Specifications for the M step of the EM Algorithm for
Categorical Latent variables
  Number of M step iterations                                    1
  M step convergence criterion                           0.100D-05
  Basis for M step termination                           ITERATION
Optimization Specifications for the M step of the EM Algorithm for
Censored, Binary or Ordered Categorical (Ordinal), Unordered
Categorical (Nominal) and Count Outcomes
  Number of M step iterations                                    1
  M step convergence criterion                           0.100D-05
  Basis for M step termination                           ITERATION
  Maximum value for logit thresholds                            15
  Minimum value for logit thresholds                           -15
  Minimum expected cell size for chi-square              0.100D-01
Maximum number of iterations for H1                           2000
Convergence criterion for H1                             0.100D-03
Optimization algorithm                                         EMA
Link                                                         LOGIT

Input data file(s)
  /Users/brucecarter/Library/CloudStorage/Box-Box/TC_LTA/lca_enum2/lca_g7.dat
Input data format  FREE


SUMMARY OF DATA

     Number of missing data patterns            32
     Number of y missing data patterns           0
     Number of u missing data patterns          32


COVARIANCE COVERAGE OF DATA

Minimum covariance coverage value   0.100


     PROPORTION OF DATA PRESENT FOR U


           Covariance Coverage
              AB39A         AB39H         AB39I         AB39K         AB39L
              ________      ________      ________      ________      ________
 AB39A          0.998
 AB39H          0.980         0.981
 AB39I          0.978         0.964         0.979
 AB39K          0.982         0.968         0.966         0.983
 AB39L          0.984         0.969         0.968         0.972         0.985
 AB39M          0.992         0.976         0.975         0.978         0.980
 AB39T          0.975         0.960         0.957         0.961         0.964
 AB39U          0.980         0.964         0.963         0.966         0.968
 AB39W          0.984         0.968         0.966         0.970         0.972
 AB39X          0.992         0.976         0.975         0.978         0.980


           Covariance Coverage
              AB39M         AB39T         AB39U         AB39W         AB39X
              ________      ________      ________      ________      ________
 AB39M          0.993
 AB39T          0.972         0.976
 AB39U          0.976         0.963         0.981
 AB39W          0.980         0.967         0.971         0.985
 AB39X          0.988         0.974         0.980         0.983         0.993


UNIVARIATE PROPORTIONS AND COUNTS FOR CATEGORICAL VARIABLES

    AB39A
      Category 1    0.312          587.000
      Category 2    0.688         1295.000
    AB39H
      Category 1    0.278          515.000
      Category 2    0.722         1336.000
    AB39I
      Category 1    0.347          641.000
      Category 2    0.653         1206.000
    AB39K
      Category 1    0.232          430.000
      Category 2    0.768         1424.000
    AB39L
      Category 1    0.249          462.000
      Category 2    0.751         1395.000
    AB39M
      Category 1    0.376          705.000
      Category 2    0.624         1168.000
    AB39T
      Category 1    0.602         1107.000
      Category 2    0.398          733.000
    AB39U
      Category 1    0.508          939.000
      Category 2    0.492          911.000
    AB39W
      Category 1    0.600         1115.000
      Category 2    0.400          742.000
    AB39X
      Category 1    0.536         1003.000
      Category 2    0.464          870.000



THE MODEL ESTIMATION TERMINATED NORMALLY



MODEL FIT INFORMATION

Number of Free Parameters                        2

Loglikelihood

          H0 Value                      -10140.567
          H0 Scaling Correction Factor      1.0000
            for MLR

Information Criteria

          Akaike (AIC)                   20285.133
          Bayesian (BIC)                 20296.218
          Sample-Size Adjusted BIC       20289.864
            (n* = (n + 2) / 24)

Chi-Square Test of Model Fit for the Binary and Ordered Categorical
(Ordinal) Outcomes**

          Pearson Chi-Square

          Value                           2723.740
          Degrees of Freedom                  1001
          P-Value                           0.0000

          Likelihood Ratio Chi-Square

          Value                           1433.360
          Degrees of Freedom                  1001
          P-Value                           0.0000

** Of the 9062 cells in the latent class indicator table, 20
   were deleted in the calculation of chi-square due to extreme values.

Chi-Square Test for MCAR under the Unrestricted Latent Class Indicator Model

          Pearson Chi-Square

          Value                           2319.971
          Degrees of Freedom                  8007
          P-Value                           1.0000

          Likelihood Ratio Chi-Square

          Value                            723.566
          Degrees of Freedom                  8007
          P-Value                           1.0000



FINAL CLASS COUNTS AND PROPORTIONS FOR THE LATENT CLASSES
BASED ON THE ESTIMATED MODEL

    Latent
   Classes

       1        624.05943          0.33089
       2        227.30982          0.12052
       3        410.57132          0.21769
       4        624.05943          0.33089


FINAL CLASS COUNTS AND PROPORTIONS FOR THE LATENT CLASSES
BASED ON ESTIMATED POSTERIOR PROBABILITIES

    Latent
   Classes

       1        594.53346          0.31524
       2        227.30982          0.12052
       3        410.57132          0.21769
       4        653.58540          0.34655


FINAL CLASS COUNTS AND PROPORTIONS FOR THE LATENT CLASSES
BASED ON THEIR MOST LIKELY LATENT CLASS MEMBERSHIP

Class Counts and Proportions

    Latent
   Classes

       1              625          0.33139
       2              226          0.11983
       3              364          0.19300
       4              671          0.35578


CLASSIFICATION QUALITY

     Entropy                         0.726


Average Latent Class Probabilities for Most Likely Latent Class Membership (Row)
by Latent Class (Column)

           1        2        3        4

    1   0.896    0.000    0.064    0.040
    2   0.000    0.854    0.079    0.067
    3   0.068    0.035    0.773    0.124
    4   0.014    0.032    0.107    0.847


Classification Probabilities for the Most Likely Latent Class Membership (Column)
by Latent Class (Row)

           1        2        3        4

    1   0.942    0.000    0.042    0.016
    2   0.001    0.849    0.057    0.093
    3   0.097    0.043    0.685    0.175
    4   0.038    0.023    0.069    0.869


Logits for the Classification Probabilities for the Most Likely Latent Class Membership (Column)
by Latent Class (Row)

              1        2        3        4

    1      4.058   -9.697    0.942    0.000
    2     -4.854    2.207   -0.502    0.000
    3     -0.593   -1.396    1.364    0.000
    4     -3.120   -3.624   -2.533    0.000


MODEL RESULTS

                                                    Two-Tailed
                    Estimate       S.E.  Est./S.E.    P-Value

Latent Class 1

 Thresholds
    AB39A$1           -1.566      0.000    999.000    999.000
    AB39H$1           -2.945      0.000    999.000    999.000
    AB39I$1           -3.121      0.000    999.000    999.000
    AB39K$1           -2.870      0.000    999.000    999.000
    AB39L$1           -3.789      0.000    999.000    999.000
    AB39M$1           -2.162      0.000    999.000    999.000
    AB39T$1           -2.101      0.000    999.000    999.000
    AB39U$1           -2.508      0.000    999.000    999.000
    AB39W$1           -1.835      0.000    999.000    999.000
    AB39X$1           -2.329      0.000    999.000    999.000

Latent Class 2

 Thresholds
    AB39A$1            0.751      0.000    999.000    999.000
    AB39H$1            1.914      0.000    999.000    999.000
    AB39I$1            1.619      0.000    999.000    999.000
    AB39K$1            1.492      0.000    999.000    999.000
    AB39L$1            2.256      0.000    999.000    999.000
    AB39M$1            1.360      0.000    999.000    999.000
    AB39T$1            3.636      0.000    999.000    999.000
    AB39U$1            2.923      0.000    999.000    999.000
    AB39W$1            3.589      0.000    999.000    999.000
    AB39X$1            3.510      0.000    999.000    999.000

Latent Class 3

 Thresholds
    AB39A$1           -0.082      0.000    999.000    999.000
    AB39H$1           -0.123      0.000    999.000    999.000
    AB39I$1           -0.520      0.000    999.000    999.000
    AB39K$1           -0.070      0.000    999.000    999.000
    AB39L$1            0.153      0.000    999.000    999.000
    AB39M$1           -0.892      0.000    999.000    999.000
    AB39T$1            0.046      0.000    999.000    999.000
    AB39U$1           -0.468      0.000    999.000    999.000
    AB39W$1            0.455      0.000    999.000    999.000
    AB39X$1            0.150      0.000    999.000    999.000

Latent Class 4

 Thresholds
    AB39A$1           -0.890      0.000    999.000    999.000
    AB39H$1           -1.678      0.000    999.000    999.000
    AB39I$1           -0.898      0.000    999.000    999.000
    AB39K$1           -1.926      0.000    999.000    999.000
    AB39L$1           -2.270      0.000    999.000    999.000
    AB39M$1            0.441      0.000    999.000    999.000
    AB39T$1            2.227      0.000    999.000    999.000
    AB39U$1            1.023      0.000    999.000    999.000
    AB39W$1            2.039      0.000    999.000    999.000
    AB39X$1            1.858      0.000    999.000    999.000

Categorical Latent Variables

 Means
    C#1                0.000      0.000    999.000    999.000
    C#2               -1.010      0.082    -12.288      0.000
    C#3               -0.419      0.078     -5.339      0.000


QUALITY OF NUMERICAL RESULTS

     Condition Number for the Information Matrix              0.709E+00
       (ratio of smallest to largest eigenvalue)


RESULTS IN PROBABILITY SCALE

                                                    Two-Tailed
                    Estimate       S.E.  Est./S.E.    P-Value

Latent Class 1

 AB39A
    Category 1         0.173      0.000      0.000      1.000
    Category 2         0.827      0.000      0.000      1.000
 AB39H
    Category 1         0.050      0.000      0.000      1.000
    Category 2         0.950      0.000      0.000      1.000
 AB39I
    Category 1         0.042      0.000      0.000      1.000
    Category 2         0.958      0.000      0.000      1.000
 AB39K
    Category 1         0.054      0.000      0.000      1.000
    Category 2         0.946      0.000      0.000      1.000
 AB39L
    Category 1         0.022      0.000      0.000      1.000
    Category 2         0.978      0.000      0.000      1.000
 AB39M
    Category 1         0.103      0.000      0.000      1.000
    Category 2         0.897      0.000      0.000      1.000
 AB39T
    Category 1         0.109      0.000      0.000      1.000
    Category 2         0.891      0.000      0.000      1.000
 AB39U
    Category 1         0.075      0.000      0.000      1.000
    Category 2         0.925      0.000      0.000      1.000
 AB39W
    Category 1         0.138      0.000      0.000      1.000
    Category 2         0.862      0.000      0.000      1.000
 AB39X
    Category 1         0.089      0.000      0.000      1.000
    Category 2         0.911      0.000      0.000      1.000

Latent Class 2

 AB39A
    Category 1         0.679      0.000      0.000      1.000
    Category 2         0.321      0.000      0.000      1.000
 AB39H
    Category 1         0.871      0.000      0.000      1.000
    Category 2         0.129      0.000      0.000      1.000
 AB39I
    Category 1         0.835      0.000      0.000      1.000
    Category 2         0.165      0.000      0.000      1.000
 AB39K
    Category 1         0.816      0.000      0.000      1.000
    Category 2         0.184      0.000      0.000      1.000
 AB39L
    Category 1         0.905      0.000      0.000      1.000
    Category 2         0.095      0.000      0.000      1.000
 AB39M
    Category 1         0.796      0.000      0.000      1.000
    Category 2         0.204      0.000      0.000      1.000
 AB39T
    Category 1         0.974      0.000      0.000      1.000
    Category 2         0.026      0.000      0.000      1.000
 AB39U
    Category 1         0.949      0.000      0.000      1.000
    Category 2         0.051      0.000      0.000      1.000
 AB39W
    Category 1         0.973      0.000      0.000      1.000
    Category 2         0.027      0.000      0.000      1.000
 AB39X
    Category 1         0.971      0.000      0.000      1.000
    Category 2         0.029      0.000      0.000      1.000

Latent Class 3

 AB39A
    Category 1         0.480      0.000      0.000      1.000
    Category 2         0.520      0.000      0.000      1.000
 AB39H
    Category 1         0.469      0.000      0.000      1.000
    Category 2         0.531      0.000      0.000      1.000
 AB39I
    Category 1         0.373      0.000      0.000      1.000
    Category 2         0.627      0.000      0.000      1.000
 AB39K
    Category 1         0.483      0.000      0.000      1.000
    Category 2         0.517      0.000      0.000      1.000
 AB39L
    Category 1         0.538      0.000      0.000      1.000
    Category 2         0.462      0.000      0.000      1.000
 AB39M
    Category 1         0.291      0.000      0.000      1.000
    Category 2         0.709      0.000      0.000      1.000
 AB39T
    Category 1         0.511      0.000      0.000      1.000
    Category 2         0.489      0.000      0.000      1.000
 AB39U
    Category 1         0.385      0.000      0.000      1.000
    Category 2         0.615      0.000      0.000      1.000
 AB39W
    Category 1         0.612      0.000      0.000      1.000
    Category 2         0.388      0.000      0.000      1.000
 AB39X
    Category 1         0.537      0.000      0.000      1.000
    Category 2         0.463      0.000      0.000      1.000

Latent Class 4

 AB39A
    Category 1         0.291      0.000      0.000      1.000
    Category 2         0.709      0.000      0.000      1.000
 AB39H
    Category 1         0.157      0.000      0.000      1.000
    Category 2         0.843      0.000      0.000      1.000
 AB39I
    Category 1         0.289      0.000      0.000      1.000
    Category 2         0.711      0.000      0.000      1.000
 AB39K
    Category 1         0.127      0.000      0.000      1.000
    Category 2         0.873      0.000      0.000      1.000
 AB39L
    Category 1         0.094      0.000      0.000      1.000
    Category 2         0.906      0.000      0.000      1.000
 AB39M
    Category 1         0.608      0.000      0.000      1.000
    Category 2         0.392      0.000      0.000      1.000
 AB39T
    Category 1         0.903      0.000      0.000      1.000
    Category 2         0.097      0.000      0.000      1.000
 AB39U
    Category 1         0.736      0.000      0.000      1.000
    Category 2         0.264      0.000      0.000      1.000
 AB39W
    Category 1         0.885      0.000      0.000      1.000
    Category 2         0.115      0.000      0.000      1.000
 AB39X
    Category 1         0.865      0.000      0.000      1.000
    Category 2         0.135      0.000      0.000      1.000


LATENT CLASS INDICATOR ODDS RATIOS FOR THE LATENT CLASSES

                                                95% C.I.
                    Estimate       S.E.  Lower 2.5% Upper 2.5%

Latent Class 1 Compared to Latent Class 2

 AB39A
    Category > 1      10.145      0.000     10.145     10.145
 AB39H
    Category > 1     128.895      0.000    128.895    128.895
 AB39I
    Category > 1     114.434      0.000    114.434    114.434
 AB39K
    Category > 1      78.414      0.000     78.414     78.414
 AB39L
    Category > 1     421.998      0.000    421.998    421.998
 AB39M
    Category > 1      33.852      0.000     33.852     33.852
 AB39T
    Category > 1     310.133      0.000    310.133    310.133
 AB39U
    Category > 1     228.377      0.000    228.377    228.377
 AB39W
    Category > 1     226.784      0.000    226.784    226.784
 AB39X
    Category > 1     343.436      0.000    343.436    343.436

Latent Class 1 Compared to Latent Class 3

 AB39A
    Category > 1       4.411      0.000      4.411      4.411
 AB39H
    Category > 1      16.810      0.000     16.810     16.810
 AB39I
    Category > 1      13.477      0.000     13.477     13.477
 AB39K
    Category > 1      16.445      0.000     16.445     16.445
 AB39L
    Category > 1      51.522      0.000     51.522     51.522
 AB39M
    Category > 1       3.561      0.000      3.561      3.561
 AB39T
    Category > 1       8.559      0.000      8.559      8.559
 AB39U
    Category > 1       7.691      0.000      7.691      7.691
 AB39W
    Category > 1       9.875      0.000      9.875      9.875
 AB39X
    Category > 1      11.929      0.000     11.929     11.929

Latent Class 1 Compared to Latent Class 4

 AB39A
    Category > 1       1.966      0.000      1.966      1.966
 AB39H
    Category > 1       3.550      0.000      3.550      3.550
 AB39I
    Category > 1       9.235      0.000      9.235      9.235
 AB39K
    Category > 1       2.570      0.000      2.570      2.570
 AB39L
    Category > 1       4.568      0.000      4.568      4.568
 AB39M
    Category > 1      13.504      0.000     13.504     13.504
 AB39T
    Category > 1      75.793      0.000     75.793     75.793
 AB39U
    Category > 1      34.158      0.000     34.158     34.158
 AB39W
    Category > 1      48.135      0.000     48.135     48.135
 AB39X
    Category > 1      65.825      0.000     65.825     65.825

Latent Class 2 Compared to Latent Class 3

 AB39A
    Category > 1       0.435      0.000      0.435      0.435
 AB39H
    Category > 1       0.130      0.000      0.130      0.130
 AB39I
    Category > 1       0.118      0.000      0.118      0.118
 AB39K
    Category > 1       0.210      0.000      0.210      0.210
 AB39L
    Category > 1       0.122      0.000      0.122      0.122
 AB39M
    Category > 1       0.105      0.000      0.105      0.105
 AB39T
    Category > 1       0.028      0.000      0.028      0.028
 AB39U
    Category > 1       0.034      0.000      0.034      0.034
 AB39W
    Category > 1       0.044      0.000      0.044      0.044
 AB39X
    Category > 1       0.035      0.000      0.035      0.035

Latent Class 2 Compared to Latent Class 4

 AB39A
    Category > 1       0.194      0.000      0.194      0.194
 AB39H
    Category > 1       0.028      0.000      0.028      0.028
 AB39I
    Category > 1       0.081      0.000      0.081      0.081
 AB39K
    Category > 1       0.033      0.000      0.033      0.033
 AB39L
    Category > 1       0.011      0.000      0.011      0.011
 AB39M
    Category > 1       0.399      0.000      0.399      0.399
 AB39T
    Category > 1       0.244      0.000      0.244      0.244
 AB39U
    Category > 1       0.150      0.000      0.150      0.150
 AB39W
    Category > 1       0.212      0.000      0.212      0.212
 AB39X
    Category > 1       0.192      0.000      0.192      0.192

Latent Class 3 Compared to Latent Class 4

 AB39A
    Category > 1       0.446      0.000      0.446      0.446
 AB39H
    Category > 1       0.211      0.000      0.211      0.211
 AB39I
    Category > 1       0.685      0.000      0.685      0.685
 AB39K
    Category > 1       0.156      0.000      0.156      0.156
 AB39L
    Category > 1       0.089      0.000      0.089      0.089
 AB39M
    Category > 1       3.792      0.000      3.792      3.792
 AB39T
    Category > 1       8.855      0.000      8.855      8.855
 AB39U
    Category > 1       4.442      0.000      4.442      4.442
 AB39W
    Category > 1       4.874      0.000      4.874      4.874
 AB39X
    Category > 1       5.518      0.000      5.518      5.518


MODEL COMMAND WITH FINAL ESTIMATES USED AS STARTING VALUES

     %OVERALL%

     [ c#1@0 ];
     [ c#2*-1.00993 ];
     [ c#3*-0.41870 ];

     %C#1%

     [ ab39a$1@-1.56600 ];
     [ ab39h$1@-2.94500 ];
     [ ab39i$1@-3.12100 ];
     [ ab39k$1@-2.87000 ];
     [ ab39l$1@-3.78900 ];
     [ ab39m$1@-2.16200 ];
     [ ab39t$1@-2.10100 ];
     [ ab39u$1@-2.50800 ];
     [ ab39w$1@-1.83500 ];
     [ ab39x$1@-2.32900 ];

     %C#2%

     [ ab39a$1@0.75100 ];
     [ ab39h$1@1.91400 ];
     [ ab39i$1@1.61900 ];
     [ ab39k$1@1.49200 ];
     [ ab39l$1@2.25600 ];
     [ ab39m$1@1.36000 ];
     [ ab39t$1@3.63600 ];
     [ ab39u$1@2.92300 ];
     [ ab39w$1@3.58900 ];
     [ ab39x$1@3.51000 ];

     %C#3%

     [ ab39a$1@-0.08200 ];
     [ ab39h$1@-0.12300 ];
     [ ab39i$1@-0.52000 ];
     [ ab39k$1@-0.07000 ];
     [ ab39l$1@0.15300 ];
     [ ab39m$1@-0.89200 ];
     [ ab39t$1@0.04600 ];
     [ ab39u$1@-0.46800 ];
     [ ab39w$1@0.45500 ];
     [ ab39x$1@0.15000 ];

     %C#4%

     [ ab39a$1@-0.89000 ];
     [ ab39h$1@-1.67800 ];
     [ ab39i$1@-0.89800 ];
     [ ab39k$1@-1.92600 ];
     [ ab39l$1@-2.27000 ];
     [ ab39m$1@0.44100 ];
     [ ab39t$1@2.22700 ];
     [ ab39u$1@1.02300 ];
     [ ab39w$1@2.03900 ];
     [ ab39x$1@1.85800 ];



TECHNICAL 1 OUTPUT


     PARAMETER SPECIFICATION FOR LATENT CLASS 1


     PARAMETER SPECIFICATION FOR LATENT CLASS 2


     PARAMETER SPECIFICATION FOR LATENT CLASS 3


     PARAMETER SPECIFICATION FOR LATENT CLASS 4


     PARAMETER SPECIFICATION FOR LATENT CLASS INDICATOR MODEL PART


           TAU(U) FOR LATENT CLASS 1
              AB39A$1       AB39H$1       AB39I$1       AB39K$1       AB39L$1
              ________      ________      ________      ________      ________
                    0             0             0             0             0


           TAU(U) FOR LATENT CLASS 1
              AB39M$1       AB39T$1       AB39U$1       AB39W$1       AB39X$1
              ________      ________      ________      ________      ________
                    0             0             0             0             0


           TAU(U) FOR LATENT CLASS 2
              AB39A$1       AB39H$1       AB39I$1       AB39K$1       AB39L$1
              ________      ________      ________      ________      ________
                    0             0             0             0             0


           TAU(U) FOR LATENT CLASS 2
              AB39M$1       AB39T$1       AB39U$1       AB39W$1       AB39X$1
              ________      ________      ________      ________      ________
                    0             0             0             0             0


           TAU(U) FOR LATENT CLASS 3
              AB39A$1       AB39H$1       AB39I$1       AB39K$1       AB39L$1
              ________      ________      ________      ________      ________
                    0             0             0             0             0


           TAU(U) FOR LATENT CLASS 3
              AB39M$1       AB39T$1       AB39U$1       AB39W$1       AB39X$1
              ________      ________      ________      ________      ________
                    0             0             0             0             0


           TAU(U) FOR LATENT CLASS 4
              AB39A$1       AB39H$1       AB39I$1       AB39K$1       AB39L$1
              ________      ________      ________      ________      ________
                    0             0             0             0             0


           TAU(U) FOR LATENT CLASS 4
              AB39M$1       AB39T$1       AB39U$1       AB39W$1       AB39X$1
              ________      ________      ________      ________      ________
                    0             0             0             0             0


     PARAMETER SPECIFICATION FOR LATENT CLASS REGRESSION MODEL PART


           ALPHA(C)
              C#1           C#2           C#3           C#4
              ________      ________      ________      ________
                    0             1             2             0


     STARTING VALUES FOR LATENT CLASS 1


     STARTING VALUES FOR LATENT CLASS 2


     STARTING VALUES FOR LATENT CLASS 3


     STARTING VALUES FOR LATENT CLASS 4


     STARTING VALUES FOR LATENT CLASS INDICATOR MODEL PART


           TAU(U) FOR LATENT CLASS 1
              AB39A$1       AB39H$1       AB39I$1       AB39K$1       AB39L$1
              ________      ________      ________      ________      ________
               -1.566        -2.945        -3.121        -2.870        -3.789


           TAU(U) FOR LATENT CLASS 1
              AB39M$1       AB39T$1       AB39U$1       AB39W$1       AB39X$1
              ________      ________      ________      ________      ________
               -2.162        -2.101        -2.508        -1.835        -2.329


           TAU(U) FOR LATENT CLASS 2
              AB39A$1       AB39H$1       AB39I$1       AB39K$1       AB39L$1
              ________      ________      ________      ________      ________
                0.751         1.914         1.619         1.492         2.256


           TAU(U) FOR LATENT CLASS 2
              AB39M$1       AB39T$1       AB39U$1       AB39W$1       AB39X$1
              ________      ________      ________      ________      ________
                1.360         3.636         2.923         3.589         3.510


           TAU(U) FOR LATENT CLASS 3
              AB39A$1       AB39H$1       AB39I$1       AB39K$1       AB39L$1
              ________      ________      ________      ________      ________
               -0.082        -0.123        -0.520        -0.070         0.153


           TAU(U) FOR LATENT CLASS 3
              AB39M$1       AB39T$1       AB39U$1       AB39W$1       AB39X$1
              ________      ________      ________      ________      ________
               -0.892         0.046        -0.468         0.455         0.150


           TAU(U) FOR LATENT CLASS 4
              AB39A$1       AB39H$1       AB39I$1       AB39K$1       AB39L$1
              ________      ________      ________      ________      ________
               -0.890        -1.678        -0.898        -1.926        -2.270


           TAU(U) FOR LATENT CLASS 4
              AB39M$1       AB39T$1       AB39U$1       AB39W$1       AB39X$1
              ________      ________      ________      ________      ________
                0.441         2.227         1.023         2.039         1.858


     STARTING VALUES FOR LATENT CLASS REGRESSION MODEL PART


           ALPHA(C)
              C#1           C#2           C#3           C#4
              ________      ________      ________      ________
                0.000         0.000         0.000         0.000


TECHNICAL 11 OUTPUT

     Random Starts Specifications for the k-1 Class Analysis Model
        Number of initial stage random starts                   0
        Number of final stage optimizations                     0



     VUONG-LO-MENDELL-RUBIN LIKELIHOOD RATIO TEST FOR 3 (H0) VERSUS 4 CLASSES

          H0 Loglikelihood Value                       -11689.182
          2 Times the Loglikelihood Difference           3097.230
          Difference in the Number of Parameters                0
          Mean                                              0.000
          Standard Deviation                                1.840
          P-Value                                          0.0000


TECHNICAL 14 OUTPUT

     Random Starts Specifications for the k-1 Class Analysis Model
        Number of initial stage random starts                   0
        Number of final stage optimizations                     0

     Random Starts Specification for the k-1 Class Model for Generated Data
        Number of initial stage random starts                   0
        Number of final stage optimizations for the
           initial stage random starts                          0
     Random Starts Specification for the k Class Model for Generated Data
        Number of initial stage random starts                  40
        Number of final stage optimizations                     8
     Number of bootstrap draws requested                   Varies


     PARAMETRIC BOOTSTRAPPED LIKELIHOOD RATIO TEST FOR 3 (H0) VERSUS 4 CLASSES

          H0 Loglikelihood Value                       -11689.182
          2 Times the Loglikelihood Difference           3097.230
          Difference in the Number of Parameters                0
          Approximate P-Value                              0.0000
          Successful Bootstrap Draws                            0

     WARNING:  100 OUT OF 100 BOOTSTRAP DRAWS DID NOT CONVERGE.
     THE P-VALUE MAY NOT BE TRUSTWORTHY.
     INCREASE THE NUMBER OF RANDOM STARTS USING THE LRTSTARTS OPTION.



SAVEDATA INFORMATION


  Save file
    g7.dat

  Order and format of variables

    AB39A          F10.3
    AB39H          F10.3
    AB39I          F10.3
    AB39K          F10.3
    AB39L          F10.3
    AB39M          F10.3
    AB39T          F10.3
    AB39U          F10.3
    AB39W          F10.3
    AB39X          F10.3
    GA32A          F10.3
    GA32H          F10.3
    GA32I          F10.3
    GA32K          F10.3
    GA32L          F10.3
    GA33A          F10.3
    GA33H          F10.3
    GA33I          F10.3
    GA33K          F10.3
    GA33L          F10.3
    KA46A          F10.3
    KA46H          F10.3
    KA46I          F10.3
    KA46K          F10.3
    KA46L          F10.3
    KA47A          F10.3
    KA47H          F10.3
    KA47I          F10.3
    KA47K          F10.3
    KA47L          F10.3
    STEM           F10.3
    STEMSUP        F10.3
    ENGINEER       F10.3
    MATHG8         F10.3
    SCIG8          F10.3
    MATHG11        F10.3
    SCIG11         F10.3
    FEMALE         F10.3
    MINORITY       F10.3
    MATHG7         F10.3
    MATHG10        F10.3
    MATHG12        F10.3
    CASENUM        F10.3
    CPROB1         F10.3
    CPROB2         F10.3
    CPROB3         F10.3
    CPROB4         F10.3
    C              F10.3

  Save file format
    48F10.3

  Save file record length    10000

  Save missing symbol        9999


     Beginning Time:  12:25:17
        Ending Time:  12:25:23
       Elapsed Time:  00:00:06



MUTHEN & MUTHEN
3463 Stoner Ave.
Los Angeles, CA  90066

Tel: (310) 391-9971
Fax: (310) 391-8971
Web: www.StatModel.com
Support: Support@StatModel.com

Copyright (c) 1998-2024 Muthen & Muthen
