Mplus VERSION 8.11
MUTHEN & MUTHEN
07/09/2025   1:26 PM

INPUT INSTRUCTIONS

  TITLE:
  3-Class LCA for LSAY 7th Grade
  DATA:
  FILE = "C:/Users/Karen Nylund-Gibson/Box/TC_LTA/g7_enum/lsay_g7.dat";
  VARIABLE:
  NAMES = AB39A AB39H AB39I AB39K AB39L AB39M AB39T AB39U AB39W AB39X;
   MISSING=.;
   categorical = AB39A AB39H AB39I AB39K AB39L AB39M AB39T AB39U AB39W AB39X;
  usevar = AB39A AB39H AB39I AB39K AB39L AB39M AB39T AB39U AB39W AB39X;
  missing = all(9999);
  classes = c(3);
  ANALYSIS:

        estimator = mlr;
        type = mixture;
        starts = 500 10;
        processors = 10;
  OUTPUT:
  sampstat; residual; tech11; tech14;
  PLOT:

        type = plot3;
        series = AB39A AB39H AB39I AB39K AB39L AB39M
                 AB39T AB39U AB39W AB39X(*);



*** WARNING in OUTPUT command
  SAMPSTAT option is not available when all outcomes are censored, ordered
  categorical, unordered categorical (nominal), count or continuous-time
  survival variables.  Request for SAMPSTAT is ignored.
*** WARNING
  Data set contains cases with missing on all variables.
  These cases were not included in the analysis.
  Number of cases with missing on all variables:  26
   2 WARNING(S) FOUND IN THE INPUT INSTRUCTIONS




3-Class LCA for LSAY 7th Grade

SUMMARY OF ANALYSIS

Number of groups                                                 1
Number of observations                                        1886

Number of dependent variables                                   10
Number of independent variables                                  0
Number of continuous latent variables                            0
Number of categorical latent variables                           1

Observed dependent variables

  Binary and ordered categorical (ordinal)
   AB39A       AB39H       AB39I       AB39K       AB39L       AB39M
   AB39T       AB39U       AB39W       AB39X

Categorical latent variables
   C


Estimator                                                      MLR
Information matrix                                        OBSERVED
Optimization Specifications for the Quasi-Newton Algorithm for
Continuous Outcomes
  Maximum number of iterations                                 100
  Convergence criterion                                  0.100D-05
Optimization Specifications for the EM Algorithm
  Maximum number of iterations                                 500
  Convergence criteria
    Loglikelihood change                                 0.100D-06
    Relative loglikelihood change                        0.100D-06
    Derivative                                           0.100D-05
Optimization Specifications for the M step of the EM Algorithm for
Categorical Latent variables
  Number of M step iterations                                    1
  M step convergence criterion                           0.100D-05
  Basis for M step termination                           ITERATION
Optimization Specifications for the M step of the EM Algorithm for
Censored, Binary or Ordered Categorical (Ordinal), Unordered
Categorical (Nominal) and Count Outcomes
  Number of M step iterations                                    1
  M step convergence criterion                           0.100D-05
  Basis for M step termination                           ITERATION
  Maximum value for logit thresholds                            15
  Minimum value for logit thresholds                           -15
  Minimum expected cell size for chi-square              0.100D-01
Maximum number of iterations for H1                           2000
Convergence criterion for H1                             0.100D-03
Optimization algorithm                                         EMA
Random Starts Specifications
  Number of initial stage random starts                        500
  Number of final stage optimizations                           10
  Number of initial stage iterations                            10
  Initial stage convergence criterion                    0.100D+01
  Random starts scale                                    0.500D+01
  Random seed for generating random starts                       0
Link                                                         LOGIT

Input data file(s)
  C:/Users/Karen Nylund-Gibson/Box/TC_LTA/g7_enum/lsay_g7.dat
Input data format  FREE


SUMMARY OF DATA

     Number of missing data patterns            32
     Number of y missing data patterns           0
     Number of u missing data patterns          32


COVARIANCE COVERAGE OF DATA

Minimum covariance coverage value   0.100


     PROPORTION OF DATA PRESENT FOR U


           Covariance Coverage
              AB39A         AB39H         AB39I         AB39K         AB39L
              ________      ________      ________      ________      ________
 AB39A          0.998
 AB39H          0.980         0.981
 AB39I          0.978         0.964         0.979
 AB39K          0.982         0.968         0.966         0.983
 AB39L          0.984         0.969         0.968         0.972         0.985
 AB39M          0.992         0.976         0.975         0.978         0.980
 AB39T          0.975         0.960         0.957         0.961         0.964
 AB39U          0.980         0.964         0.963         0.966         0.968
 AB39W          0.984         0.968         0.966         0.970         0.972
 AB39X          0.992         0.976         0.975         0.978         0.980


           Covariance Coverage
              AB39M         AB39T         AB39U         AB39W         AB39X
              ________      ________      ________      ________      ________
 AB39M          0.993
 AB39T          0.972         0.976
 AB39U          0.976         0.963         0.981
 AB39W          0.980         0.967         0.971         0.985
 AB39X          0.988         0.974         0.980         0.983         0.993


UNIVARIATE PROPORTIONS AND COUNTS FOR CATEGORICAL VARIABLES

    AB39A
      Category 1    0.312          587.000
      Category 2    0.688         1295.000
    AB39H
      Category 1    0.278          515.000
      Category 2    0.722         1336.000
    AB39I
      Category 1    0.347          641.000
      Category 2    0.653         1206.000
    AB39K
      Category 1    0.232          430.000
      Category 2    0.768         1424.000
    AB39L
      Category 1    0.249          462.000
      Category 2    0.751         1395.000
    AB39M
      Category 1    0.376          705.000
      Category 2    0.624         1168.000
    AB39T
      Category 1    0.602         1107.000
      Category 2    0.398          733.000
    AB39U
      Category 1    0.508          939.000
      Category 2    0.492          911.000
    AB39W
      Category 1    0.600         1115.000
      Category 2    0.400          742.000
    AB39X
      Category 1    0.536         1003.000
      Category 2    0.464          870.000


RANDOM STARTS RESULTS RANKED FROM THE BEST TO THE WORST LOGLIKELIHOOD VALUES

Final stage loglikelihood values at local maxima, seeds, and initial stage start numbers:

          -10165.874  563002           360
          -10165.874  468036           131
          -10165.874  416463           467
          -10165.874  636396           168
          -10165.874  736574           414
          -10165.874  153942           31
          -10165.874  82357            339
          -10165.874  399848           220
          -10165.874  569833           85
          -10165.874  512836           289



THE BEST LOGLIKELIHOOD VALUE HAS BEEN REPLICATED.  RERUN WITH AT LEAST TWICE THE
RANDOM STARTS TO CHECK THAT THE BEST LOGLIKELIHOOD IS STILL OBTAINED AND REPLICATED.


THE MODEL ESTIMATION TERMINATED NORMALLY



MODEL FIT INFORMATION

Number of Free Parameters                       32

Loglikelihood

          H0 Value                      -10165.874
          H0 Scaling Correction Factor      1.2665
            for MLR

Information Criteria

          Akaike (AIC)                   20395.749
          Bayesian (BIC)                 20573.100
          Sample-Size Adjusted BIC       20471.436
            (n* = (n + 2) / 24)

Chi-Square Test of Model Fit for the Binary and Ordered Categorical
(Ordinal) Outcomes**

          Pearson Chi-Square

          Value                           2746.703
          Degrees of Freedom                   962
          P-Value                           0.0000

          Likelihood Ratio Chi-Square

          Value                           1449.823
          Degrees of Freedom                   962
          P-Value                           0.0000

** Of the 9062 cells in the latent class indicator table, 29
   were deleted in the calculation of chi-square due to extreme values.

Chi-Square Test for MCAR under the Unrestricted Latent Class Indicator Model

          Pearson Chi-Square

          Value                           1934.623
          Degrees of Freedom                  8007
          P-Value                           1.0000

          Likelihood Ratio Chi-Square

          Value                            657.520
          Degrees of Freedom                  8007
          P-Value                           1.0000



FINAL CLASS COUNTS AND PROPORTIONS FOR THE LATENT CLASSES
BASED ON THE ESTIMATED MODEL

    Latent
   Classes

       1        384.35666          0.20379
       2        682.30605          0.36177
       3        819.33728          0.43443


FINAL CLASS COUNTS AND PROPORTIONS FOR THE LATENT CLASSES
BASED ON ESTIMATED POSTERIOR PROBABILITIES

    Latent
   Classes

       1        384.35666          0.20379
       2        682.30605          0.36177
       3        819.33728          0.43443


FINAL CLASS COUNTS AND PROPORTIONS FOR THE LATENT CLASSES
BASED ON THEIR MOST LIKELY LATENT CLASS MEMBERSHIP

Class Counts and Proportions

    Latent
   Classes

       1              374          0.19830
       2              679          0.36002
       3              833          0.44168


CLASSIFICATION QUALITY

     Entropy                         0.752


Average Latent Class Probabilities for Most Likely Latent Class Membership (Row)
by Latent Class (Column)

           1        2        3

    1   0.856    0.005    0.139
    2   0.003    0.925    0.072
    3   0.074    0.063    0.863


Classification Probabilities for the Most Likely Latent Class Membership (Column)
by Latent Class (Row)

           1        2        3

    1   0.833    0.006    0.161
    2   0.002    0.921    0.077
    3   0.064    0.059    0.877


Logits for the Classification Probabilities for the Most Likely Latent Class Membership (Column)
by Latent Class (Row)

              1        2        3

    1      1.643   -3.324    0.000
    2     -3.437    2.482    0.000
    3     -2.623   -2.692    0.000


MODEL RESULTS

                                                    Two-Tailed
                    Estimate       S.E.  Est./S.E.    P-Value

Latent Class 1

 Thresholds
    AB39A$1            0.112      0.138      0.816      0.415
    AB39H$1            1.654      0.470      3.517      0.000
    AB39I$1            1.478      0.377      3.921      0.000
    AB39K$1            0.549      0.370      1.483      0.138
    AB39L$1            1.140      0.544      2.094      0.036
    AB39M$1            0.363      0.170      2.140      0.032
    AB39T$1            2.061      0.336      6.132      0.000
    AB39U$1            1.740      0.361      4.827      0.000
    AB39W$1            1.941      0.409      4.745      0.000
    AB39X$1            1.679      0.419      4.008      0.000

Latent Class 2

 Thresholds
    AB39A$1           -1.380      0.120    -11.506      0.000
    AB39H$1           -2.126      0.201    -10.596      0.000
    AB39I$1           -2.079      0.216     -9.611      0.000
    AB39K$1           -2.450      0.217    -11.291      0.000
    AB39L$1           -2.848      0.255    -11.183      0.000
    AB39M$1           -2.027      0.165    -12.297      0.000
    AB39T$1           -1.724      0.245     -7.029      0.000
    AB39U$1           -1.931      0.230     -8.404      0.000
    AB39W$1           -1.502      0.209     -7.201      0.000
    AB39X$1           -2.434      0.288     -8.456      0.000

Latent Class 3

 Thresholds
    AB39A$1           -0.834      0.135     -6.181      0.000
    AB39H$1           -1.656      0.507     -3.265      0.001
    AB39I$1           -0.733      0.224     -3.266      0.001
    AB39K$1           -1.572      0.220     -7.133      0.000
    AB39L$1           -1.553      0.270     -5.742      0.000
    AB39M$1           -0.030      0.111     -0.269      0.788
    AB39T$1            1.691      0.255      6.635      0.000
    AB39U$1            0.679      0.139      4.875      0.000
    AB39W$1            1.516      0.246      6.162      0.000
    AB39X$1            1.215      0.280      4.335      0.000

Categorical Latent Variables

 Means
    C#1               -0.757      0.430     -1.759      0.079
    C#2               -0.183      0.246     -0.745      0.457


QUALITY OF NUMERICAL RESULTS

     Condition Number for the Information Matrix              0.764E-02
       (ratio of smallest to largest eigenvalue)


RESULTS IN PROBABILITY SCALE

                                                    Two-Tailed
                    Estimate       S.E.  Est./S.E.    P-Value

Latent Class 1

 AB39A
    Category 1         0.528      0.034     15.369      0.000
    Category 2         0.472      0.034     13.734      0.000
 AB39H
    Category 1         0.839      0.063     13.242      0.000
    Category 2         0.161      0.063      2.533      0.011
 AB39I
    Category 1         0.814      0.057     14.283      0.000
    Category 2         0.186      0.057      3.259      0.001
 AB39K
    Category 1         0.634      0.086      7.374      0.000
    Category 2         0.366      0.086      4.257      0.000
 AB39L
    Category 1         0.758      0.100      7.580      0.000
    Category 2         0.242      0.100      2.425      0.015
 AB39M
    Category 1         0.590      0.041     14.359      0.000
    Category 2         0.410      0.041      9.984      0.000
 AB39T
    Category 1         0.887      0.034     26.348      0.000
    Category 2         0.113      0.034      3.354      0.001
 AB39U
    Category 1         0.851      0.046     18.582      0.000
    Category 2         0.149      0.046      3.260      0.001
 AB39W
    Category 1         0.874      0.045     19.471      0.000
    Category 2         0.126      0.045      2.797      0.005
 AB39X
    Category 1         0.843      0.056     15.185      0.000
    Category 2         0.157      0.056      2.832      0.005

Latent Class 2

 AB39A
    Category 1         0.201      0.019     10.431      0.000
    Category 2         0.799      0.019     41.479      0.000
 AB39H
    Category 1         0.107      0.019      5.578      0.000
    Category 2         0.893      0.019     46.759      0.000
 AB39I
    Category 1         0.111      0.021      5.201      0.000
    Category 2         0.889      0.021     41.590      0.000
 AB39K
    Category 1         0.079      0.016      5.005      0.000
    Category 2         0.921      0.016     58.027      0.000
 AB39L
    Category 1         0.055      0.013      4.154      0.000
    Category 2         0.945      0.013     71.681      0.000
 AB39M
    Category 1         0.116      0.017      6.864      0.000
    Category 2         0.884      0.017     52.131      0.000
 AB39T
    Category 1         0.151      0.032      4.806      0.000
    Category 2         0.849      0.032     26.935      0.000
 AB39U
    Category 1         0.127      0.025      4.982      0.000
    Category 2         0.873      0.025     34.374      0.000
 AB39W
    Category 1         0.182      0.031      5.862      0.000
    Category 2         0.818      0.031     26.325      0.000
 AB39X
    Category 1         0.081      0.021      3.779      0.000
    Category 2         0.919      0.021     43.089      0.000

Latent Class 3

 AB39A
    Category 1         0.303      0.028     10.626      0.000
    Category 2         0.697      0.028     24.473      0.000
 AB39H
    Category 1         0.160      0.068      2.348      0.019
    Category 2         0.840      0.068     12.300      0.000
 AB39I
    Category 1         0.325      0.049      6.598      0.000
    Category 2         0.675      0.049     13.730      0.000
 AB39K
    Category 1         0.172      0.031      5.480      0.000
    Category 2         0.828      0.031     26.393      0.000
 AB39L
    Category 1         0.175      0.039      4.481      0.000
    Category 2         0.825      0.039     21.169      0.000
 AB39M
    Category 1         0.493      0.028     17.821      0.000
    Category 2         0.507      0.028     18.358      0.000
 AB39T
    Category 1         0.844      0.033     25.208      0.000
    Category 2         0.156      0.033      4.649      0.000
 AB39U
    Category 1         0.664      0.031     21.330      0.000
    Category 2         0.336      0.031     10.813      0.000
 AB39W
    Category 1         0.820      0.036     22.575      0.000
    Category 2         0.180      0.036      4.958      0.000
 AB39X
    Category 1         0.771      0.049     15.592      0.000
    Category 2         0.229      0.049      4.628      0.000


LATENT CLASS INDICATOR ODDS RATIOS FOR THE LATENT CLASSES

                                                95% C.I.
                    Estimate       S.E.  Lower 2.5% Upper 2.5%

Latent Class 1 Compared to Latent Class 2

 AB39A
    Category > 1       0.225      0.045      0.152      0.331
 AB39H
    Category > 1       0.023      0.013      0.007      0.070
 AB39I
    Category > 1       0.029      0.014      0.011      0.076
 AB39K
    Category > 1       0.050      0.024      0.019      0.128
 AB39L
    Category > 1       0.019      0.012      0.005      0.067
 AB39M
    Category > 1       0.092      0.025      0.054      0.155
 AB39T
    Category > 1       0.023      0.011      0.009      0.061
 AB39U
    Category > 1       0.025      0.013      0.009      0.068
 AB39W
    Category > 1       0.032      0.017      0.011      0.091
 AB39X
    Category > 1       0.016      0.009      0.005      0.051

Latent Class 1 Compared to Latent Class 3

 AB39A
    Category > 1       0.388      0.067      0.277      0.543
 AB39H
    Category > 1       0.037      0.015      0.017      0.081
 AB39I
    Category > 1       0.110      0.039      0.055      0.218
 AB39K
    Category > 1       0.120      0.039      0.063      0.227
 AB39L
    Category > 1       0.068      0.033      0.026      0.175
 AB39M
    Category > 1       0.675      0.162      0.421      1.081
 AB39T
    Category > 1       0.690      0.371      0.241      1.979
 AB39U
    Category > 1       0.346      0.152      0.146      0.819
 AB39W
    Category > 1       0.654      0.405      0.194      2.199
 AB39X
    Category > 1       0.628      0.417      0.171      2.305

Latent Class 2 Compared to Latent Class 3

 AB39A
    Category > 1       1.727      0.359      1.149      2.594
 AB39H
    Category > 1       1.600      1.036      0.450      5.695
 AB39I
    Category > 1       3.843      1.486      1.801      8.201
 AB39K
    Category > 1       2.407      0.904      1.153      5.026
 AB39L
    Category > 1       3.652      1.613      1.537      8.680
 AB39M
    Category > 1       7.373      1.250      5.288     10.279
 AB39T
    Category > 1      30.391      6.663     19.774     46.706
 AB39U
    Category > 1      13.610      3.327      8.429     21.976
 AB39W
    Category > 1      20.448      4.366     13.455     31.074
 AB39X
    Category > 1      38.410     11.385     21.485     68.669


RESIDUAL OUTPUT


     RESIDUAL OUTPUT IS NOT AVAILABLE FOR THIS MODEL.  ADDITIONAL OUTPUT FOR
     CATEGORICAL, COUNT, AND NOMINAL VARIABLES MAY BE AVAILABLE USING TECH10.


TECHNICAL 11 OUTPUT

     Random Starts Specifications for the k-1 Class Analysis Model
        Number of initial stage random starts                 500
        Number of final stage optimizations                    10



     VUONG-LO-MENDELL-RUBIN LIKELIHOOD RATIO TEST FOR 2 (H0) VERSUS 3 CLASSES

          H0 Loglikelihood Value                       -10418.761
          2 Times the Loglikelihood Difference            505.773
          Difference in the Number of Parameters               11
          Mean                                             65.192
          Standard Deviation                               70.760
          P-Value                                          0.0014

     LO-MENDELL-RUBIN ADJUSTED LRT TEST

          Value                                           499.749
          P-Value                                          0.0015


TECHNICAL 14 OUTPUT

     Random Starts Specifications for the k-1 Class Analysis Model
        Number of initial stage random starts                 500
        Number of final stage optimizations                    10

     Random Starts Specification for the k-1 Class Model for Generated Data
        Number of initial stage random starts                   0
        Number of final stage optimizations for the
           initial stage random starts                          0
     Random Starts Specification for the k Class Model for Generated Data
        Number of initial stage random starts                  40
        Number of final stage optimizations                     8
     Number of bootstrap draws requested                   Varies


     PARAMETRIC BOOTSTRAPPED LIKELIHOOD RATIO TEST FOR 2 (H0) VERSUS 3 CLASSES

          H0 Loglikelihood Value                       -10418.761
          2 Times the Loglikelihood Difference            505.773
          Difference in the Number of Parameters               11
          Approximate P-Value                              0.0000
          Successful Bootstrap Draws                            5

     WARNING:  OF THE 5 BOOTSTRAP DRAWS, 3 DRAWS HAD BOTH A SMALLER LRT VALUE THAN THE
     OBSERVED LRT VALUE AND NOT A REPLICATED BEST LOGLIKELIHOOD VALUE FOR THE 3-CLASS MODEL.
     THIS MEANS THAT THE P-VALUE MAY NOT BE TRUSTWORTHY DUE TO LOCAL MAXIMA.
     INCREASE THE NUMBER OF RANDOM STARTS USING THE LRTSTARTS OPTION.



PLOT INFORMATION

The following plots are available:

  Histograms (sample values)
  Scatterplots (sample values)
  Sample proportions and estimated probabilities

     Beginning Time:  13:26:11
        Ending Time:  13:26:29
       Elapsed Time:  00:00:18



MUTHEN & MUTHEN
3463 Stoner Ave.
Los Angeles, CA  90066

Tel: (310) 391-9971
Fax: (310) 391-8971
Web: www.StatModel.com
Support: Support@StatModel.com

Copyright (c) 1998-2024 Muthen & Muthen
