Mplus VERSION 8.11
MUTHEN & MUTHEN
07/09/2025   1:26 PM

INPUT INSTRUCTIONS

  TITLE:
  5-Class LCA for LSAY 7th Grade
  DATA:
  FILE = "C:/Users/Karen Nylund-Gibson/Box/TC_LTA/g7_enum/lsay_g7.dat";
  VARIABLE:
  NAMES = AB39A AB39H AB39I AB39K AB39L AB39M AB39T AB39U AB39W AB39X;
   MISSING=.;
   categorical = AB39A AB39H AB39I AB39K AB39L AB39M AB39T AB39U AB39W AB39X;
  usevar = AB39A AB39H AB39I AB39K AB39L AB39M AB39T AB39U AB39W AB39X;
  missing = all(9999);
  classes = c(5);
  ANALYSIS:

        estimator = mlr;
        type = mixture;
        starts = 500 10;
        processors = 10;
  OUTPUT:
  sampstat; residual; tech11; tech14;
  PLOT:

        type = plot3;
        series = AB39A AB39H AB39I AB39K AB39L AB39M
                 AB39T AB39U AB39W AB39X(*);



*** WARNING in OUTPUT command
  SAMPSTAT option is not available when all outcomes are censored, ordered
  categorical, unordered categorical (nominal), count or continuous-time
  survival variables.  Request for SAMPSTAT is ignored.
*** WARNING
  Data set contains cases with missing on all variables.
  These cases were not included in the analysis.
  Number of cases with missing on all variables:  26
   2 WARNING(S) FOUND IN THE INPUT INSTRUCTIONS




5-Class LCA for LSAY 7th Grade

SUMMARY OF ANALYSIS

Number of groups                                                 1
Number of observations                                        1886

Number of dependent variables                                   10
Number of independent variables                                  0
Number of continuous latent variables                            0
Number of categorical latent variables                           1

Observed dependent variables

  Binary and ordered categorical (ordinal)
   AB39A       AB39H       AB39I       AB39K       AB39L       AB39M
   AB39T       AB39U       AB39W       AB39X

Categorical latent variables
   C


Estimator                                                      MLR
Information matrix                                        OBSERVED
Optimization Specifications for the Quasi-Newton Algorithm for
Continuous Outcomes
  Maximum number of iterations                                 100
  Convergence criterion                                  0.100D-05
Optimization Specifications for the EM Algorithm
  Maximum number of iterations                                 500
  Convergence criteria
    Loglikelihood change                                 0.100D-06
    Relative loglikelihood change                        0.100D-06
    Derivative                                           0.100D-05
Optimization Specifications for the M step of the EM Algorithm for
Categorical Latent variables
  Number of M step iterations                                    1
  M step convergence criterion                           0.100D-05
  Basis for M step termination                           ITERATION
Optimization Specifications for the M step of the EM Algorithm for
Censored, Binary or Ordered Categorical (Ordinal), Unordered
Categorical (Nominal) and Count Outcomes
  Number of M step iterations                                    1
  M step convergence criterion                           0.100D-05
  Basis for M step termination                           ITERATION
  Maximum value for logit thresholds                            15
  Minimum value for logit thresholds                           -15
  Minimum expected cell size for chi-square              0.100D-01
Maximum number of iterations for H1                           2000
Convergence criterion for H1                             0.100D-03
Optimization algorithm                                         EMA
Random Starts Specifications
  Number of initial stage random starts                        500
  Number of final stage optimizations                           10
  Number of initial stage iterations                            10
  Initial stage convergence criterion                    0.100D+01
  Random starts scale                                    0.500D+01
  Random seed for generating random starts                       0
Link                                                         LOGIT

Input data file(s)
  C:/Users/Karen Nylund-Gibson/Box/TC_LTA/g7_enum/lsay_g7.dat
Input data format  FREE


SUMMARY OF DATA

     Number of missing data patterns            32
     Number of y missing data patterns           0
     Number of u missing data patterns          32


COVARIANCE COVERAGE OF DATA

Minimum covariance coverage value   0.100


     PROPORTION OF DATA PRESENT FOR U


           Covariance Coverage
              AB39A         AB39H         AB39I         AB39K         AB39L
              ________      ________      ________      ________      ________
 AB39A          0.998
 AB39H          0.980         0.981
 AB39I          0.978         0.964         0.979
 AB39K          0.982         0.968         0.966         0.983
 AB39L          0.984         0.969         0.968         0.972         0.985
 AB39M          0.992         0.976         0.975         0.978         0.980
 AB39T          0.975         0.960         0.957         0.961         0.964
 AB39U          0.980         0.964         0.963         0.966         0.968
 AB39W          0.984         0.968         0.966         0.970         0.972
 AB39X          0.992         0.976         0.975         0.978         0.980


           Covariance Coverage
              AB39M         AB39T         AB39U         AB39W         AB39X
              ________      ________      ________      ________      ________
 AB39M          0.993
 AB39T          0.972         0.976
 AB39U          0.976         0.963         0.981
 AB39W          0.980         0.967         0.971         0.985
 AB39X          0.988         0.974         0.980         0.983         0.993


UNIVARIATE PROPORTIONS AND COUNTS FOR CATEGORICAL VARIABLES

    AB39A
      Category 1    0.312          587.000
      Category 2    0.688         1295.000
    AB39H
      Category 1    0.278          515.000
      Category 2    0.722         1336.000
    AB39I
      Category 1    0.347          641.000
      Category 2    0.653         1206.000
    AB39K
      Category 1    0.232          430.000
      Category 2    0.768         1424.000
    AB39L
      Category 1    0.249          462.000
      Category 2    0.751         1395.000
    AB39M
      Category 1    0.376          705.000
      Category 2    0.624         1168.000
    AB39T
      Category 1    0.602         1107.000
      Category 2    0.398          733.000
    AB39U
      Category 1    0.508          939.000
      Category 2    0.492          911.000
    AB39W
      Category 1    0.600         1115.000
      Category 2    0.400          742.000
    AB39X
      Category 1    0.536         1003.000
      Category 2    0.464          870.000


RANDOM STARTS RESULTS RANKED FROM THE BEST TO THE WORST LOGLIKELIHOOD VALUES

Final stage loglikelihood values at local maxima, seeds, and initial stage start numbers:

           -9969.239  15715            274
           -9969.239  534864           307
           -9969.239  407168           44
           -9969.239  587946           120
           -9969.239  871722           355
           -9969.239  131856           90
           -9969.697  263268           165
           -9969.697  802682           419
           -9969.697  181293           212
           -9969.697  320494           465



THE BEST LOGLIKELIHOOD VALUE HAS BEEN REPLICATED.  RERUN WITH AT LEAST TWICE THE
RANDOM STARTS TO CHECK THAT THE BEST LOGLIKELIHOOD IS STILL OBTAINED AND REPLICATED.

     IN THE OPTIMIZATION, ONE OR MORE LOGIT THRESHOLDS APPROACHED EXTREME VALUES
     OF -15.000 AND 15.000 AND WERE FIXED TO STABILIZE MODEL ESTIMATION.  THESE
     VALUES IMPLY PROBABILITIES OF 0 AND 1.  IN THE MODEL RESULTS SECTION, THESE
     PARAMETERS HAVE 0 STANDARD ERRORS AND 999 IN THE Z-SCORE AND P-VALUE COLUMNS.




THE MODEL ESTIMATION TERMINATED NORMALLY



MODEL FIT INFORMATION

Number of Free Parameters                       54

Loglikelihood

          H0 Value                       -9969.239
          H0 Scaling Correction Factor      1.1676
            for MLR

Information Criteria

          Akaike (AIC)                   20046.478
          Bayesian (BIC)                 20345.758
          Sample-Size Adjusted BIC       20174.200
            (n* = (n + 2) / 24)

Chi-Square Test of Model Fit for the Binary and Ordered Categorical
(Ordinal) Outcomes**

          Pearson Chi-Square

          Value                           1813.581
          Degrees of Freedom                   947
          P-Value                           0.0000

          Likelihood Ratio Chi-Square

          Value                           1085.641
          Degrees of Freedom                   947
          P-Value                           0.0011

** Of the 9062 cells in the latent class indicator table, 22
   were deleted in the calculation of chi-square due to extreme values.

Chi-Square Test for MCAR under the Unrestricted Latent Class Indicator Model

          Pearson Chi-Square

          Value                           2186.986
          Degrees of Freedom                  8007
          P-Value                           1.0000

          Likelihood Ratio Chi-Square

          Value                            706.663
          Degrees of Freedom                  8007
          P-Value                           1.0000



FINAL CLASS COUNTS AND PROPORTIONS FOR THE LATENT CLASSES
BASED ON THE ESTIMATED MODEL

    Latent
   Classes

       1        463.54005          0.24578
       2        492.47970          0.26112
       3        436.46751          0.23142
       4        174.57171          0.09256
       5        318.94102          0.16911


FINAL CLASS COUNTS AND PROPORTIONS FOR THE LATENT CLASSES
BASED ON ESTIMATED POSTERIOR PROBABILITIES

    Latent
   Classes

       1        463.54005          0.24578
       2        492.47970          0.26112
       3        436.46751          0.23142
       4        174.57171          0.09256
       5        318.94102          0.16911


FINAL CLASS COUNTS AND PROPORTIONS FOR THE LATENT CLASSES
BASED ON THEIR MOST LIKELY LATENT CLASS MEMBERSHIP

Class Counts and Proportions

    Latent
   Classes

       1              483          0.25610
       2              492          0.26087
       3              397          0.21050
       4              183          0.09703
       5              331          0.17550


CLASSIFICATION QUALITY

     Entropy                         0.762


Average Latent Class Probabilities for Most Likely Latent Class Membership (Row)
by Latent Class (Column)

           1        2        3        4        5

    1   0.881    0.016    0.100    0.002    0.001
    2   0.009    0.868    0.069    0.014    0.040
    3   0.079    0.050    0.841    0.010    0.021
    4   0.010    0.063    0.070    0.798    0.059
    5   0.000    0.079    0.023    0.052    0.846


Classification Probabilities for the Most Likely Latent Class Membership (Column)
by Latent Class (Row)

           1        2        3        4        5

    1   0.918    0.010    0.068    0.004    0.000
    2   0.016    0.867    0.040    0.024    0.053
    3   0.110    0.078    0.765    0.029    0.018
    4   0.005    0.038    0.022    0.837    0.098
    5   0.001    0.062    0.026    0.034    0.878


Logits for the Classification Probabilities for the Most Likely Latent Class Membership (Column)
by Latent Class (Row)

              1        2        3        4        5

    1     13.730    9.209   11.126    8.242    0.000
    2     -1.197    2.793   -0.286   -0.814    0.000
    3      1.834    1.482    3.769    0.508    0.000
    4     -2.991   -0.941   -1.484    2.147    0.000
    5     -6.684   -2.657   -3.536   -3.261    0.000


MODEL RESULTS

                                                    Two-Tailed
                    Estimate       S.E.  Est./S.E.    P-Value

Latent Class 1

 Thresholds
    AB39A$1           -1.813      0.172    -10.568      0.000
    AB39H$1           -3.893      0.701     -5.553      0.000
    AB39I$1           -5.236      2.831     -1.850      0.064
    AB39K$1           -3.308      0.466     -7.091      0.000
    AB39L$1           -4.948      1.441     -3.434      0.001
    AB39M$1           -2.265      0.221    -10.235      0.000
    AB39T$1           -2.476      0.480     -5.157      0.000
    AB39U$1           -2.992      0.385     -7.763      0.000
    AB39W$1           -1.956      0.428     -4.566      0.000
    AB39X$1           -2.543      0.328     -7.753      0.000

Latent Class 2

 Thresholds
    AB39A$1           -0.919      0.143     -6.422      0.000
    AB39H$1           -2.415      0.379     -6.372      0.000
    AB39I$1           -0.991      0.161     -6.142      0.000
    AB39K$1           -2.146      0.225     -9.540      0.000
    AB39L$1           -2.346      0.411     -5.703      0.000
    AB39M$1            0.255      0.159      1.604      0.109
    AB39T$1            2.230      0.323      6.898      0.000
    AB39U$1            0.890      0.177      5.028      0.000
    AB39W$1            2.202      0.272      8.108      0.000
    AB39X$1            3.780      4.122      0.917      0.359

Latent Class 3

 Thresholds
    AB39A$1           -0.803      0.263     -3.058      0.002
    AB39H$1           -0.760      0.289     -2.627      0.009
    AB39I$1           -0.318      0.319     -0.998      0.318
    AB39K$1           -1.378      0.179     -7.719      0.000
    AB39L$1           -3.054      1.894     -1.613      0.107
    AB39M$1           -0.899      0.224     -4.017      0.000
    AB39T$1            0.277      0.308      0.899      0.368
    AB39U$1           -0.057      0.223     -0.255      0.799
    AB39W$1            0.055      0.397      0.139      0.890
    AB39X$1           -1.666      0.574     -2.902      0.004

Latent Class 4

 Thresholds
    AB39A$1           -0.151      0.214     -0.705      0.481
    AB39H$1           -0.190      0.245     -0.776      0.438
    AB39I$1           -0.767      0.296     -2.589      0.010
    AB39K$1            0.190      0.371      0.512      0.609
    AB39L$1           15.000      0.000    999.000    999.000
    AB39M$1           -1.015      0.257     -3.950      0.000
    AB39T$1            0.234      0.315      0.744      0.457
    AB39U$1           -0.598      0.291     -2.055      0.040
    AB39W$1            0.465      0.471      0.988      0.323
    AB39X$1            1.125      0.779      1.443      0.149

Latent Class 5

 Thresholds
    AB39A$1            0.093      0.135      0.688      0.491
    AB39H$1            1.480      0.272      5.437      0.000
    AB39I$1            1.999      0.329      6.072      0.000
    AB39K$1            0.358      0.174      2.056      0.040
    AB39L$1            0.954      0.239      3.990      0.000
    AB39M$1            0.750      0.168      4.458      0.000
    AB39T$1            3.371      0.596      5.660      0.000
    AB39U$1            3.771      1.226      3.075      0.002
    AB39W$1            2.743      0.359      7.633      0.000
    AB39X$1            2.470      0.383      6.454      0.000

Categorical Latent Variables

 Means
    C#1                0.374      0.196      1.905      0.057
    C#2                0.434      0.225      1.930      0.054
    C#3                0.314      0.236      1.328      0.184
    C#4               -0.603      0.265     -2.277      0.023


QUALITY OF NUMERICAL RESULTS

     Condition Number for the Information Matrix              0.396E-03
       (ratio of smallest to largest eigenvalue)


RESULTS IN PROBABILITY SCALE

                                                    Two-Tailed
                    Estimate       S.E.  Est./S.E.    P-Value

Latent Class 1

 AB39A
    Category 1         0.140      0.021      6.779      0.000
    Category 2         0.860      0.021     41.559      0.000
 AB39H
    Category 1         0.020      0.014      1.456      0.145
    Category 2         0.980      0.014     71.390      0.000
 AB39I
    Category 1         0.005      0.015      0.355      0.722
    Category 2         0.995      0.015     66.713      0.000
 AB39K
    Category 1         0.035      0.016      2.222      0.026
    Category 2         0.965      0.016     60.725      0.000
 AB39L
    Category 1         0.007      0.010      0.699      0.485
    Category 2         0.993      0.010     98.461      0.000
 AB39M
    Category 1         0.094      0.019      4.987      0.000
    Category 2         0.906      0.019     48.047      0.000
 AB39T
    Category 1         0.078      0.034      2.258      0.024
    Category 2         0.922      0.034     26.856      0.000
 AB39U
    Category 1         0.048      0.018      2.725      0.006
    Category 2         0.952      0.018     54.294      0.000
 AB39W
    Category 1         0.124      0.047      2.665      0.008
    Category 2         0.876      0.047     18.836      0.000
 AB39X
    Category 1         0.073      0.022      3.289      0.001
    Category 2         0.927      0.022     41.815      0.000

Latent Class 2

 AB39A
    Category 1         0.285      0.029      9.779      0.000
    Category 2         0.715      0.029     24.507      0.000
 AB39H
    Category 1         0.082      0.029      2.874      0.004
    Category 2         0.918      0.029     32.169      0.000
 AB39I
    Category 1         0.271      0.032      8.493      0.000
    Category 2         0.729      0.032     22.889      0.000
 AB39K
    Category 1         0.105      0.021      4.966      0.000
    Category 2         0.895      0.021     42.452      0.000
 AB39L
    Category 1         0.087      0.033      2.664      0.008
    Category 2         0.913      0.033     27.813      0.000
 AB39M
    Category 1         0.563      0.039     14.423      0.000
    Category 2         0.437      0.039     11.181      0.000
 AB39T
    Category 1         0.903      0.028     31.856      0.000
    Category 2         0.097      0.028      3.426      0.001
 AB39U
    Category 1         0.709      0.037     19.407      0.000
    Category 2         0.291      0.037      7.971      0.000
 AB39W
    Category 1         0.900      0.024     36.980      0.000
    Category 2         0.100      0.024      4.089      0.000
 AB39X
    Category 1         0.978      0.090     10.876      0.000
    Category 2         0.022      0.090      0.248      0.804

Latent Class 3

 AB39A
    Category 1         0.309      0.056      5.515      0.000
    Category 2         0.691      0.056     12.309      0.000
 AB39H
    Category 1         0.319      0.063      5.071      0.000
    Category 2         0.681      0.063     10.846      0.000
 AB39I
    Category 1         0.421      0.078      5.418      0.000
    Category 2         0.579      0.078      7.447      0.000
 AB39K
    Category 1         0.201      0.029      7.012      0.000
    Category 2         0.799      0.029     27.824      0.000
 AB39L
    Category 1         0.045      0.081      0.553      0.580
    Category 2         0.955      0.081     11.722      0.000
 AB39M
    Category 1         0.289      0.046      6.284      0.000
    Category 2         0.711      0.046     15.446      0.000
 AB39T
    Category 1         0.569      0.076      7.533      0.000
    Category 2         0.431      0.076      5.711      0.000
 AB39U
    Category 1         0.486      0.056      8.722      0.000
    Category 2         0.514      0.056      9.232      0.000
 AB39W
    Category 1         0.514      0.099      5.184      0.000
    Category 2         0.486      0.099      4.907      0.000
 AB39X
    Category 1         0.159      0.077      2.072      0.038
    Category 2         0.841      0.077     10.958      0.000

Latent Class 4

 AB39A
    Category 1         0.462      0.053      8.685      0.000
    Category 2         0.538      0.053     10.099      0.000
 AB39H
    Category 1         0.453      0.061      7.456      0.000
    Category 2         0.547      0.061      9.018      0.000
 AB39I
    Category 1         0.317      0.064      4.942      0.000
    Category 2         0.683      0.064     10.642      0.000
 AB39K
    Category 1         0.547      0.092      5.959      0.000
    Category 2         0.453      0.092      4.929      0.000
 AB39L
    Category 1         1.000      0.000      0.000      1.000
    Category 2         0.000      0.000      0.000      1.000
 AB39M
    Category 1         0.266      0.050      5.301      0.000
    Category 2         0.734      0.050     14.628      0.000
 AB39T
    Category 1         0.558      0.078      7.198      0.000
    Category 2         0.442      0.078      5.695      0.000
 AB39U
    Category 1         0.355      0.067      5.329      0.000
    Category 2         0.645      0.067      9.687      0.000
 AB39W
    Category 1         0.614      0.112      5.505      0.000
    Category 2         0.386      0.112      3.458      0.001
 AB39X
    Category 1         0.755      0.144      5.234      0.000
    Category 2         0.245      0.144      1.700      0.089

Latent Class 5

 AB39A
    Category 1         0.523      0.034     15.589      0.000
    Category 2         0.477      0.034     14.210      0.000
 AB39H
    Category 1         0.815      0.041     19.812      0.000
    Category 2         0.185      0.041      4.512      0.000
 AB39I
    Category 1         0.881      0.035     25.464      0.000
    Category 2         0.119      0.035      3.448      0.001
 AB39K
    Category 1         0.588      0.042     13.967      0.000
    Category 2         0.412      0.042      9.767      0.000
 AB39L
    Category 1         0.722      0.048     15.042      0.000
    Category 2         0.278      0.048      5.794      0.000
 AB39M
    Category 1         0.679      0.037     18.523      0.000
    Category 2         0.321      0.037      8.745      0.000
 AB39T
    Category 1         0.967      0.019     50.559      0.000
    Category 2         0.033      0.019      1.737      0.082
 AB39U
    Category 1         0.977      0.027     36.217      0.000
    Category 2         0.023      0.027      0.834      0.404
 AB39W
    Category 1         0.940      0.020     46.018      0.000
    Category 2         0.060      0.020      2.962      0.003
 AB39X
    Category 1         0.922      0.028     33.501      0.000
    Category 2         0.078      0.028      2.834      0.005


LATENT CLASS INDICATOR ODDS RATIOS FOR THE LATENT CLASSES

                                                95% C.I.
                    Estimate       S.E.  Lower 2.5% Upper 2.5%

Latent Class 1 Compared to Latent Class 2

 AB39A
    Category > 1       2.446      0.516      1.618      3.699
 AB39H
    Category > 1       4.381      3.391      0.961     19.976
 AB39I
    Category > 1      69.693    197.380      0.271  17945.719
 AB39K
    Category > 1       3.197      1.520      1.259      8.119
 AB39L
    Category > 1      13.493     20.463      0.691    263.653
 AB39M
    Category > 1      12.428      3.628      7.013     22.023
 AB39T
    Category > 1     110.609     72.414     30.656    399.089
 AB39U
    Category > 1      48.517     21.225     20.583    114.362
 AB39W
    Category > 1      63.918     37.237     20.404    200.224
 AB39X
    Category > 1     557.279   2371.624      0.133  *********

Latent Class 1 Compared to Latent Class 3

 AB39A
    Category > 1       2.747      0.948      1.397      5.403
 AB39H
    Category > 1      22.930     16.602      5.547     94.782
 AB39I
    Category > 1     136.658    396.869      0.461  40519.520
 AB39K
    Category > 1       6.887      3.327      2.672     17.754
 AB39L
    Category > 1       6.644     14.532      0.091    483.239
 AB39M
    Category > 1       3.919      1.265      2.082      7.380
 AB39T
    Category > 1      15.691      9.713      4.664     52.794
 AB39U
    Category > 1      18.826      7.163      8.931     39.686
 AB39W
    Category > 1       7.467      5.361      1.828     30.501
 AB39X
    Category > 1       2.403      1.839      0.537     10.767

Latent Class 1 Compared to Latent Class 4

 AB39A
    Category > 1       5.272      1.344      3.198      8.690
 AB39H
    Category > 1      40.548     29.011      9.976    164.811
 AB39I
    Category > 1      87.221    239.534      0.401  18980.414
 AB39K
    Category > 1      33.041     18.010     11.352     96.171
 AB39L
    Category > 1   *********      0.000  *********  *********
 AB39M
    Category > 1       3.491      1.137      1.844      6.610
 AB39T
    Category > 1      15.035      7.380      5.744     39.350
 AB39U
    Category > 1      10.961      5.079      4.421     27.180
 AB39W
    Category > 1      11.254      5.697      4.173     30.351
 AB39X
    Category > 1      39.145     29.200      9.073    168.900

Latent Class 1 Compared to Latent Class 5

 AB39A
    Category > 1       6.725      1.459      4.396     10.290
 AB39H
    Category > 1     215.341    157.302     51.444    901.406
 AB39I
    Category > 1    1387.116   3959.241      5.158  *********
 AB39K
    Category > 1      39.077     19.056     15.025    101.629
 AB39L
    Category > 1     365.692    522.525     22.225   6017.178
 AB39M
    Category > 1      20.405      5.456     12.082     34.461
 AB39T
    Category > 1     346.317    245.055     86.527   1386.109
 AB39U
    Category > 1     865.076   1068.760     76.810   9742.989
 AB39W
    Category > 1     109.827     57.790     39.157    308.043
 AB39X
    Category > 1     150.263     68.217     61.718    365.839

Latent Class 2 Compared to Latent Class 3

 AB39A
    Category > 1       1.123      0.392      0.567      2.225
 AB39H
    Category > 1       5.233      1.983      2.490     10.998
 AB39I
    Category > 1       1.961      0.711      0.963      3.991
 AB39K
    Category > 1       2.155      0.608      1.239      3.747
 AB39L
    Category > 1       0.492      1.059      0.007     33.323
 AB39M
    Category > 1       0.315      0.070      0.204      0.488
 AB39T
    Category > 1       0.142      0.050      0.071      0.285
 AB39U
    Category > 1       0.388      0.111      0.221      0.680
 AB39W
    Category > 1       0.117      0.040      0.060      0.227
 AB39X
    Category > 1       0.004      0.016      0.000      6.113

Latent Class 2 Compared to Latent Class 4

 AB39A
    Category > 1       2.155      0.518      1.346      3.451
 AB39H
    Category > 1       9.254      3.738      4.193     20.427
 AB39I
    Category > 1       1.252      0.411      0.658      2.381
 AB39K
    Category > 1      10.336      4.239      4.626     23.094
 AB39L
    Category > 1   *********      0.000  *********  *********
 AB39M
    Category > 1       0.281      0.094      0.146      0.540
 AB39T
    Category > 1       0.136      0.069      0.050      0.367
 AB39U
    Category > 1       0.226      0.073      0.120      0.425
 AB39W
    Category > 1       0.176      0.111      0.051      0.609
 AB39X
    Category > 1       0.070      0.332      0.000    749.508

Latent Class 2 Compared to Latent Class 5

 AB39A
    Category > 1       2.749      0.560      1.844      4.098
 AB39H
    Category > 1      49.148     20.886     21.369    113.040
 AB39I
    Category > 1      19.903      6.670     10.320     38.387
 AB39K
    Category > 1      12.224      3.245      7.265     20.569
 AB39L
    Category > 1      27.101     11.601     11.712     62.712
 AB39M
    Category > 1       1.642      0.390      1.031      2.615
 AB39T
    Category > 1       3.131      2.128      0.826     11.861
 AB39U
    Category > 1      17.830     22.125      1.566    202.961
 AB39W
    Category > 1       1.718      0.770      0.714      4.135
 AB39X
    Category > 1       0.270      1.114      0.000    883.224

Latent Class 3 Compared to Latent Class 4

 AB39A
    Category > 1       1.919      0.747      0.894      4.117
 AB39H
    Category > 1       1.768      0.602      0.907      3.447
 AB39I
    Category > 1       0.638      0.292      0.260      1.565
 AB39K
    Category > 1       4.797      1.775      2.323      9.908
 AB39L
    Category > 1   *********      0.000  *********  *********
 AB39M
    Category > 1       0.891      0.348      0.415      1.914
 AB39T
    Category > 1       0.958      0.505      0.341      2.693
 AB39U
    Category > 1       0.582      0.197      0.300      1.131
 AB39W
    Category > 1       1.507      1.200      0.316      7.179
 AB39X
    Category > 1      16.287     19.897      1.486    178.545

Latent Class 3 Compared to Latent Class 5

 AB39A
    Category > 1       2.448      0.704      1.393      4.303
 AB39H
    Category > 1       9.391      3.878      4.181     21.096
 AB39I
    Category > 1      10.150      4.144      4.560     22.595
 AB39K
    Category > 1       5.674      1.421      3.473      9.269
 AB39L
    Category > 1      55.037    106.596      1.236   2450.780
 AB39M
    Category > 1       5.206      1.403      3.070      8.828
 AB39T
    Category > 1      22.071     13.876      6.436     75.681
 AB39U
    Category > 1      45.950     55.776      4.257    496.048
 AB39W
    Category > 1      14.707      7.273      5.580     38.767
 AB39X
    Category > 1      62.519     42.731     16.376    238.674

Latent Class 4 Compared to Latent Class 5

 AB39A
    Category > 1       1.276      0.342      0.755      2.156
 AB39H
    Category > 1       5.311      1.887      2.647     10.655
 AB39I
    Category > 1      15.903      6.760      6.913     36.586
 AB39K
    Category > 1       1.183      0.514      0.505      2.771
 AB39L
    Category > 1       0.000      0.000      0.000      0.000
 AB39M
    Category > 1       5.844      1.800      3.196     10.688
 AB39T
    Category > 1      23.035     14.522      6.695     79.253
 AB39U
    Category > 1      78.921     93.876      7.668    812.281
 AB39W
    Category > 1       9.759      6.108      2.862     33.276
 AB39X
    Category > 1       3.839      3.493      0.645     22.845


RESIDUAL OUTPUT


     RESIDUAL OUTPUT IS NOT AVAILABLE FOR THIS MODEL.  ADDITIONAL OUTPUT FOR
     CATEGORICAL, COUNT, AND NOMINAL VARIABLES MAY BE AVAILABLE USING TECH10.


TECHNICAL 11 OUTPUT

     Random Starts Specifications for the k-1 Class Analysis Model
        Number of initial stage random starts                 500
        Number of final stage optimizations                    10



     VUONG-LO-MENDELL-RUBIN LIKELIHOOD RATIO TEST FOR 4 (H0) VERSUS 5 CLASSES

          H0 Loglikelihood Value                       -10042.970
          2 Times the Loglikelihood Difference            147.462
          Difference in the Number of Parameters               11
          Mean                                             24.176
          Standard Deviation                               60.500
          P-Value                                          0.0386

     LO-MENDELL-RUBIN ADJUSTED LRT TEST

          Value                                           145.705
          P-Value                                          0.0397


TECHNICAL 14 OUTPUT

     Random Starts Specifications for the k-1 Class Analysis Model
        Number of initial stage random starts                 500
        Number of final stage optimizations                    10

     Random Starts Specification for the k-1 Class Model for Generated Data
        Number of initial stage random starts                   0
        Number of final stage optimizations for the
           initial stage random starts                          0
     Random Starts Specification for the k Class Model for Generated Data
        Number of initial stage random starts                  40
        Number of final stage optimizations                     8
     Number of bootstrap draws requested                   Varies


     PARAMETRIC BOOTSTRAPPED LIKELIHOOD RATIO TEST FOR 4 (H0) VERSUS 5 CLASSES

          H0 Loglikelihood Value                       -10042.970
          2 Times the Loglikelihood Difference            147.462
          Difference in the Number of Parameters               11
          Approximate P-Value                              0.0000
          Successful Bootstrap Draws                            5


PLOT INFORMATION

The following plots are available:

  Histograms (sample values)
  Scatterplots (sample values)
  Sample proportions and estimated probabilities

     Beginning Time:  13:26:52
        Ending Time:  13:27:10
       Elapsed Time:  00:00:18



MUTHEN & MUTHEN
3463 Stoner Ave.
Los Angeles, CA  90066

Tel: (310) 391-9971
Fax: (310) 391-8971
Web: www.StatModel.com
Support: Support@StatModel.com

Copyright (c) 1998-2024 Muthen & Muthen
