Mplus VERSION 8.11
MUTHEN & MUTHEN
07/09/2025   1:27 PM

INPUT INSTRUCTIONS

  TITLE:
  7-Class LCA for LSAY 7th Grade
  DATA:
  FILE = "C:/Users/Karen Nylund-Gibson/Box/TC_LTA/g7_enum/lsay_g7.dat";
  VARIABLE:
  NAMES = AB39A AB39H AB39I AB39K AB39L AB39M AB39T AB39U AB39W AB39X;
   MISSING=.;
   categorical = AB39A AB39H AB39I AB39K AB39L AB39M AB39T AB39U AB39W AB39X;
  usevar = AB39A AB39H AB39I AB39K AB39L AB39M AB39T AB39U AB39W AB39X;
  missing = all(9999);
  classes = c(7);
  ANALYSIS:

        estimator = mlr;
        type = mixture;
        starts = 500 10;
        processors = 10;
  OUTPUT:
  sampstat; residual; tech11; tech14;
  PLOT:

        type = plot3;
        series = AB39A AB39H AB39I AB39K AB39L AB39M
                 AB39T AB39U AB39W AB39X(*);



*** WARNING in OUTPUT command
  SAMPSTAT option is not available when all outcomes are censored, ordered
  categorical, unordered categorical (nominal), count or continuous-time
  survival variables.  Request for SAMPSTAT is ignored.
*** WARNING
  Data set contains cases with missing on all variables.
  These cases were not included in the analysis.
  Number of cases with missing on all variables:  26
   2 WARNING(S) FOUND IN THE INPUT INSTRUCTIONS




7-Class LCA for LSAY 7th Grade

SUMMARY OF ANALYSIS

Number of groups                                                 1
Number of observations                                        1886

Number of dependent variables                                   10
Number of independent variables                                  0
Number of continuous latent variables                            0
Number of categorical latent variables                           1

Observed dependent variables

  Binary and ordered categorical (ordinal)
   AB39A       AB39H       AB39I       AB39K       AB39L       AB39M
   AB39T       AB39U       AB39W       AB39X

Categorical latent variables
   C


Estimator                                                      MLR
Information matrix                                        OBSERVED
Optimization Specifications for the Quasi-Newton Algorithm for
Continuous Outcomes
  Maximum number of iterations                                 100
  Convergence criterion                                  0.100D-05
Optimization Specifications for the EM Algorithm
  Maximum number of iterations                                 500
  Convergence criteria
    Loglikelihood change                                 0.100D-06
    Relative loglikelihood change                        0.100D-06
    Derivative                                           0.100D-05
Optimization Specifications for the M step of the EM Algorithm for
Categorical Latent variables
  Number of M step iterations                                    1
  M step convergence criterion                           0.100D-05
  Basis for M step termination                           ITERATION
Optimization Specifications for the M step of the EM Algorithm for
Censored, Binary or Ordered Categorical (Ordinal), Unordered
Categorical (Nominal) and Count Outcomes
  Number of M step iterations                                    1
  M step convergence criterion                           0.100D-05
  Basis for M step termination                           ITERATION
  Maximum value for logit thresholds                            15
  Minimum value for logit thresholds                           -15
  Minimum expected cell size for chi-square              0.100D-01
Maximum number of iterations for H1                           2000
Convergence criterion for H1                             0.100D-03
Optimization algorithm                                         EMA
Random Starts Specifications
  Number of initial stage random starts                        500
  Number of final stage optimizations                           10
  Number of initial stage iterations                            10
  Initial stage convergence criterion                    0.100D+01
  Random starts scale                                    0.500D+01
  Random seed for generating random starts                       0
Link                                                         LOGIT

Input data file(s)
  C:/Users/Karen Nylund-Gibson/Box/TC_LTA/g7_enum/lsay_g7.dat
Input data format  FREE


SUMMARY OF DATA

     Number of missing data patterns            32
     Number of y missing data patterns           0
     Number of u missing data patterns          32


COVARIANCE COVERAGE OF DATA

Minimum covariance coverage value   0.100


     PROPORTION OF DATA PRESENT FOR U


           Covariance Coverage
              AB39A         AB39H         AB39I         AB39K         AB39L
              ________      ________      ________      ________      ________
 AB39A          0.998
 AB39H          0.980         0.981
 AB39I          0.978         0.964         0.979
 AB39K          0.982         0.968         0.966         0.983
 AB39L          0.984         0.969         0.968         0.972         0.985
 AB39M          0.992         0.976         0.975         0.978         0.980
 AB39T          0.975         0.960         0.957         0.961         0.964
 AB39U          0.980         0.964         0.963         0.966         0.968
 AB39W          0.984         0.968         0.966         0.970         0.972
 AB39X          0.992         0.976         0.975         0.978         0.980


           Covariance Coverage
              AB39M         AB39T         AB39U         AB39W         AB39X
              ________      ________      ________      ________      ________
 AB39M          0.993
 AB39T          0.972         0.976
 AB39U          0.976         0.963         0.981
 AB39W          0.980         0.967         0.971         0.985
 AB39X          0.988         0.974         0.980         0.983         0.993


UNIVARIATE PROPORTIONS AND COUNTS FOR CATEGORICAL VARIABLES

    AB39A
      Category 1    0.312          587.000
      Category 2    0.688         1295.000
    AB39H
      Category 1    0.278          515.000
      Category 2    0.722         1336.000
    AB39I
      Category 1    0.347          641.000
      Category 2    0.653         1206.000
    AB39K
      Category 1    0.232          430.000
      Category 2    0.768         1424.000
    AB39L
      Category 1    0.249          462.000
      Category 2    0.751         1395.000
    AB39M
      Category 1    0.376          705.000
      Category 2    0.624         1168.000
    AB39T
      Category 1    0.602         1107.000
      Category 2    0.398          733.000
    AB39U
      Category 1    0.508          939.000
      Category 2    0.492          911.000
    AB39W
      Category 1    0.600         1115.000
      Category 2    0.400          742.000
    AB39X
      Category 1    0.536         1003.000
      Category 2    0.464          870.000


RANDOM STARTS RESULTS RANKED FROM THE BEST TO THE WORST LOGLIKELIHOOD VALUES

Final stage loglikelihood values at local maxima, seeds, and initial stage start numbers:

           -9891.204  848890           95
           -9891.204  292884           103
           -9891.204  829540           324
           -9891.204  193847           354
           -9891.204  823392           479
           -9893.864  937588           293
           -9894.265  107446           12
           -9898.309  393232           152
           -9904.214  762461           425
           -9904.532  455617           242



THE BEST LOGLIKELIHOOD VALUE HAS BEEN REPLICATED.  RERUN WITH AT LEAST TWICE THE
RANDOM STARTS TO CHECK THAT THE BEST LOGLIKELIHOOD IS STILL OBTAINED AND REPLICATED.

     IN THE OPTIMIZATION, ONE OR MORE LOGIT THRESHOLDS APPROACHED EXTREME VALUES
     OF -15.000 AND 15.000 AND WERE FIXED TO STABILIZE MODEL ESTIMATION.  THESE
     VALUES IMPLY PROBABILITIES OF 0 AND 1.  IN THE MODEL RESULTS SECTION, THESE
     PARAMETERS HAVE 0 STANDARD ERRORS AND 999 IN THE Z-SCORE AND P-VALUE COLUMNS.




THE MODEL ESTIMATION TERMINATED NORMALLY



MODEL FIT INFORMATION

Number of Free Parameters                       76

Loglikelihood

          H0 Value                       -9891.204
          H0 Scaling Correction Factor      1.1238
            for MLR

Information Criteria

          Akaike (AIC)                   19934.408
          Bayesian (BIC)                 20355.616
          Sample-Size Adjusted BIC       20114.164
            (n* = (n + 2) / 24)

Chi-Square Test of Model Fit for the Binary and Ordered Categorical
(Ordinal) Outcomes**

          Pearson Chi-Square

          Value                           1457.408
          Degrees of Freedom                   924
          P-Value                           0.0000

          Likelihood Ratio Chi-Square

          Value                            922.009
          Degrees of Freedom                   924
          P-Value                           0.5123

** Of the 9062 cells in the latent class indicator table, 23
   were deleted in the calculation of chi-square due to extreme values.

Chi-Square Test for MCAR under the Unrestricted Latent Class Indicator Model

          Pearson Chi-Square

          Value                           2210.666
          Degrees of Freedom                  8007
          P-Value                           1.0000

          Likelihood Ratio Chi-Square

          Value                            702.535
          Degrees of Freedom                  8007
          P-Value                           1.0000



FINAL CLASS COUNTS AND PROPORTIONS FOR THE LATENT CLASSES
BASED ON THE ESTIMATED MODEL

    Latent
   Classes

       1        307.91426          0.16326
       2         47.49600          0.02518
       3        394.48455          0.20916
       4        164.15056          0.08704
       5        298.76041          0.15841
       6        224.17693          0.11886
       7        449.01730          0.23808


FINAL CLASS COUNTS AND PROPORTIONS FOR THE LATENT CLASSES
BASED ON ESTIMATED POSTERIOR PROBABILITIES

    Latent
   Classes

       1        307.91426          0.16326
       2         47.49600          0.02518
       3        394.48455          0.20916
       4        164.15056          0.08704
       5        298.76041          0.15841
       6        224.17693          0.11886
       7        449.01730          0.23808


FINAL CLASS COUNTS AND PROPORTIONS FOR THE LATENT CLASSES
BASED ON THEIR MOST LIKELY LATENT CLASS MEMBERSHIP

Class Counts and Proportions

    Latent
   Classes

       1              267          0.14157
       2               48          0.02545
       3              396          0.20997
       4              168          0.08908
       5              313          0.16596
       6              238          0.12619
       7              456          0.24178


CLASSIFICATION QUALITY

     Entropy                         0.774


Average Latent Class Probabilities for Most Likely Latent Class Membership (Row)
by Latent Class (Column)

           1        2        3        4        5        6        7

    1   0.795    0.020    0.042    0.009    0.037    0.045    0.052
    2   0.160    0.720    0.000    0.067    0.008    0.006    0.038
    3   0.063    0.000    0.823    0.018    0.038    0.056    0.002
    4   0.050    0.007    0.055    0.798    0.080    0.000    0.010
    5   0.031    0.000    0.086    0.053    0.829    0.001    0.000
    6   0.105    0.007    0.083    0.001    0.000    0.771    0.033
    7   0.044    0.010    0.004    0.001    0.001    0.013    0.927


Classification Probabilities for the Most Likely Latent Class Membership (Column)
by Latent Class (Row)

           1        2        3        4        5        6        7

    1   0.689    0.025    0.081    0.027    0.031    0.081    0.065
    2   0.112    0.727    0.000    0.026    0.001    0.037    0.098
    3   0.029    0.000    0.826    0.023    0.068    0.050    0.004
    4   0.014    0.020    0.044    0.817    0.102    0.001    0.004
    5   0.033    0.001    0.050    0.045    0.869    0.000    0.001
    6   0.054    0.001    0.099    0.000    0.001    0.819    0.026
    7   0.031    0.004    0.002    0.004    0.000    0.017    0.942


Logits for the Classification Probabilities for the Most Likely Latent Class Membership (Column)
by Latent Class (Row)

              1        2        3        4        5        6        7

    1      2.360   -0.959    0.224   -0.870   -0.735    0.221    0.000
    2      0.135    2.007  -11.490   -1.339   -5.117   -0.976    0.000
    3      1.944   -8.318    5.306    1.743    2.812    2.502    0.000
    4      1.228    1.577    2.372    5.305    3.220   -1.614    0.000
    5      3.407    0.209    3.818    3.708    6.667   -1.611    0.000
    6      0.730   -2.988    1.334  -10.167   -2.974    3.448    0.000
    7     -3.417   -5.434   -6.142   -5.542  -13.756   -3.987    0.000


MODEL RESULTS

                                                    Two-Tailed
                    Estimate       S.E.  Est./S.E.    P-Value

Latent Class 1

 Thresholds
    AB39A$1           -0.780      0.205     -3.794      0.000
    AB39H$1           -0.424      0.223     -1.898      0.058
    AB39I$1            0.288      0.299      0.963      0.336
    AB39K$1           -1.594      0.302     -5.281      0.000
    AB39L$1           -2.727      0.892     -3.058      0.002
    AB39M$1           -0.443      0.240     -1.844      0.065
    AB39T$1            0.739      0.267      2.766      0.006
    AB39U$1            0.575      0.236      2.435      0.015
    AB39W$1           -0.173      0.296     -0.585      0.558
    AB39X$1           -1.140      0.406     -2.806      0.005

Latent Class 2

 Thresholds
    AB39A$1            0.643      0.526      1.223      0.221
    AB39H$1            0.166      0.696      0.238      0.812
    AB39I$1            1.015      0.702      1.446      0.148
    AB39K$1           -0.614      0.514     -1.195      0.232
    AB39L$1           -0.391      0.543     -0.721      0.471
    AB39M$1          -15.000      0.000    999.000    999.000
    AB39T$1          -15.000      0.000    999.000    999.000
    AB39U$1           -2.037      1.870     -1.089      0.276
    AB39W$1           -0.516      0.438     -1.178      0.239
    AB39X$1          -15.000      0.000    999.000    999.000

Latent Class 3

 Thresholds
    AB39A$1           -0.755      0.164     -4.615      0.000
    AB39H$1           -2.193      0.382     -5.737      0.000
    AB39I$1           -0.678      0.246     -2.751      0.006
    AB39K$1           -2.283      0.308     -7.417      0.000
    AB39L$1           -2.327      0.474     -4.912      0.000
    AB39M$1            0.574      0.156      3.680      0.000
    AB39T$1            3.330      0.861      3.868      0.000
    AB39U$1            1.506      0.382      3.942      0.000
    AB39W$1            2.270      0.370      6.137      0.000
    AB39X$1           15.000      0.000    999.000    999.000

Latent Class 4

 Thresholds
    AB39A$1           -0.410      0.262     -1.561      0.118
    AB39H$1           -0.485      0.377     -1.288      0.198
    AB39I$1           -1.223      0.606     -2.019      0.043
    AB39K$1            0.095      0.226      0.419      0.675
    AB39L$1           15.000      0.000    999.000    999.000
    AB39M$1           -0.818      0.212     -3.858      0.000
    AB39T$1            0.503      0.255      1.975      0.048
    AB39U$1           -0.460      0.359     -1.282      0.200
    AB39W$1            0.695      0.284      2.450      0.014
    AB39X$1            1.772      0.570      3.110      0.002

Latent Class 5

 Thresholds
    AB39A$1            0.130      0.142      0.917      0.359
    AB39H$1            1.688      0.384      4.391      0.000
    AB39I$1            2.112      0.418      5.053      0.000
    AB39K$1            0.534      0.214      2.495      0.013
    AB39L$1            1.198      0.327      3.663      0.000
    AB39M$1            0.657      0.226      2.906      0.004
    AB39T$1            3.116      0.807      3.860      0.000
    AB39U$1            3.063      1.157      2.647      0.008
    AB39W$1            2.810      0.447      6.281      0.000
    AB39X$1            2.439      0.470      5.190      0.000

Latent Class 6

 Thresholds
    AB39A$1           -1.461      0.237     -6.174      0.000
    AB39H$1           -3.048      0.636     -4.794      0.000
    AB39I$1           -5.238      6.989     -0.749      0.454
    AB39K$1           -1.327      0.265     -5.002      0.000
    AB39L$1          -15.000      0.000    999.000    999.000
    AB39M$1           -1.389      0.453     -3.067      0.002
    AB39T$1            0.041      0.336      0.123      0.902
    AB39U$1           -1.135      0.277     -4.106      0.000
    AB39W$1            3.454      6.186      0.558      0.577
    AB39X$1           -0.202      0.395     -0.512      0.609

Latent Class 7

 Thresholds
    AB39A$1           -1.737      0.153    -11.381      0.000
    AB39H$1           -3.329      0.497     -6.701      0.000
    AB39I$1           -4.354      0.997     -4.368      0.000
    AB39K$1           -3.546      0.425     -8.349      0.000
    AB39L$1           -4.722      1.418     -3.329      0.001
    AB39M$1           -2.183      0.220     -9.916      0.000
    AB39T$1           -2.254      0.363     -6.205      0.000
    AB39U$1           -2.672      0.298     -8.957      0.000
    AB39W$1           -4.080      2.493     -1.636      0.102
    AB39X$1           -2.797      0.488     -5.732      0.000

Categorical Latent Variables

 Means
    C#1               -0.377      0.175     -2.157      0.031
    C#2               -2.246      0.398     -5.647      0.000
    C#3               -0.129      0.126     -1.026      0.305
    C#4               -1.006      0.239     -4.210      0.000
    C#5               -0.407      0.229     -1.780      0.075
    C#6               -0.695      0.362     -1.921      0.055


QUALITY OF NUMERICAL RESULTS

     Condition Number for the Information Matrix              0.970E-04
       (ratio of smallest to largest eigenvalue)


RESULTS IN PROBABILITY SCALE

                                                    Two-Tailed
                    Estimate       S.E.  Est./S.E.    P-Value

Latent Class 1

 AB39A
    Category 1         0.314      0.044      7.098      0.000
    Category 2         0.686      0.044     15.478      0.000
 AB39H
    Category 1         0.396      0.053      7.408      0.000
    Category 2         0.604      0.053     11.320      0.000
 AB39I
    Category 1         0.572      0.073      7.795      0.000
    Category 2         0.428      0.073      5.843      0.000
 AB39K
    Category 1         0.169      0.042      3.986      0.000
    Category 2         0.831      0.042     19.626      0.000
 AB39L
    Category 1         0.061      0.051      1.195      0.232
    Category 2         0.939      0.051     18.265      0.000
 AB39M
    Category 1         0.391      0.057      6.841      0.000
    Category 2         0.609      0.057     10.651      0.000
 AB39T
    Category 1         0.677      0.058     11.584      0.000
    Category 2         0.323      0.058      5.534      0.000
 AB39U
    Category 1         0.640      0.054     11.764      0.000
    Category 2         0.360      0.054      6.621      0.000
 AB39W
    Category 1         0.457      0.073      6.229      0.000
    Category 2         0.543      0.073      7.406      0.000
 AB39X
    Category 1         0.242      0.075      3.248      0.001
    Category 2         0.758      0.075     10.159      0.000

Latent Class 2

 AB39A
    Category 1         0.655      0.119      5.519      0.000
    Category 2         0.345      0.119      2.900      0.004
 AB39H
    Category 1         0.541      0.173      3.132      0.002
    Category 2         0.459      0.173      2.653      0.008
 AB39I
    Category 1         0.734      0.137      5.357      0.000
    Category 2         0.266      0.137      1.942      0.052
 AB39K
    Category 1         0.351      0.117      2.999      0.003
    Category 2         0.649      0.117      5.543      0.000
 AB39L
    Category 1         0.403      0.131      3.087      0.002
    Category 2         0.597      0.131      4.565      0.000
 AB39M
    Category 1         0.000      0.000      0.000      1.000
    Category 2         1.000      0.000      0.000      1.000
 AB39T
    Category 1         0.000      0.000      0.000      1.000
    Category 2         1.000      0.000      0.000      1.000
 AB39U
    Category 1         0.115      0.191      0.605      0.545
    Category 2         0.885      0.191      4.634      0.000
 AB39W
    Category 1         0.374      0.103      3.647      0.000
    Category 2         0.626      0.103      6.109      0.000
 AB39X
    Category 1         0.000      0.000      0.000      1.000
    Category 2         1.000      0.000      0.000      1.000

Latent Class 3

 AB39A
    Category 1         0.320      0.036      8.991      0.000
    Category 2         0.680      0.036     19.122      0.000
 AB39H
    Category 1         0.100      0.035      2.908      0.004
    Category 2         0.900      0.035     26.059      0.000
 AB39I
    Category 1         0.337      0.055      6.118      0.000
    Category 2         0.663      0.055     12.050      0.000
 AB39K
    Category 1         0.093      0.026      3.580      0.000
    Category 2         0.907      0.026     35.109      0.000
 AB39L
    Category 1         0.089      0.038      2.317      0.020
    Category 2         0.911      0.038     23.737      0.000
 AB39M
    Category 1         0.640      0.036     17.795      0.000
    Category 2         0.360      0.036     10.023      0.000
 AB39T
    Category 1         0.965      0.029     33.606      0.000
    Category 2         0.035      0.029      1.203      0.229
 AB39U
    Category 1         0.818      0.057     14.419      0.000
    Category 2         0.182      0.057      3.198      0.001
 AB39W
    Category 1         0.906      0.031     28.870      0.000
    Category 2         0.094      0.031      2.984      0.003
 AB39X
    Category 1         1.000      0.000      0.000      1.000
    Category 2         0.000      0.000      0.000      1.000

Latent Class 4

 AB39A
    Category 1         0.399      0.063      6.340      0.000
    Category 2         0.601      0.063      9.551      0.000
 AB39H
    Category 1         0.381      0.089      4.292      0.000
    Category 2         0.619      0.089      6.969      0.000
 AB39I
    Category 1         0.227      0.106      2.137      0.033
    Category 2         0.773      0.106      7.261      0.000
 AB39K
    Category 1         0.524      0.056      9.285      0.000
    Category 2         0.476      0.056      8.446      0.000
 AB39L
    Category 1         1.000      0.000      0.000      1.000
    Category 2         0.000      0.000      0.000      1.000
 AB39M
    Category 1         0.306      0.045      6.801      0.000
    Category 2         0.694      0.045     15.407      0.000
 AB39T
    Category 1         0.623      0.060     10.423      0.000
    Category 2         0.377      0.060      6.303      0.000
 AB39U
    Category 1         0.387      0.085      4.542      0.000
    Category 2         0.613      0.085      7.197      0.000
 AB39W
    Category 1         0.667      0.063     10.592      0.000
    Category 2         0.333      0.063      5.288      0.000
 AB39X
    Category 1         0.855      0.071     12.078      0.000
    Category 2         0.145      0.071      2.053      0.040

Latent Class 5

 AB39A
    Category 1         0.533      0.035     15.065      0.000
    Category 2         0.467      0.035     13.226      0.000
 AB39H
    Category 1         0.844      0.051     16.668      0.000
    Category 2         0.156      0.051      3.083      0.002
 AB39I
    Category 1         0.892      0.040     22.170      0.000
    Category 2         0.108      0.040      2.682      0.007
 AB39K
    Category 1         0.631      0.050     12.635      0.000
    Category 2         0.369      0.050      7.405      0.000
 AB39L
    Category 1         0.768      0.058     13.190      0.000
    Category 2         0.232      0.058      3.980      0.000
 AB39M
    Category 1         0.659      0.051     12.950      0.000
    Category 2         0.341      0.051      6.710      0.000
 AB39T
    Category 1         0.958      0.033     29.182      0.000
    Category 2         0.042      0.033      1.294      0.196
 AB39U
    Category 1         0.955      0.049     19.351      0.000
    Category 2         0.045      0.049      0.905      0.366
 AB39W
    Category 1         0.943      0.024     39.361      0.000
    Category 2         0.057      0.024      2.370      0.018
 AB39X
    Category 1         0.920      0.035     26.524      0.000
    Category 2         0.080      0.035      2.313      0.021

Latent Class 6

 AB39A
    Category 1         0.188      0.036      5.207      0.000
    Category 2         0.812      0.036     22.440      0.000
 AB39H
    Category 1         0.045      0.028      1.647      0.099
    Category 2         0.955      0.028     34.715      0.000
 AB39I
    Category 1         0.005      0.037      0.144      0.886
    Category 2         0.995      0.037     27.073      0.000
 AB39K
    Category 1         0.210      0.044      4.771      0.000
    Category 2         0.790      0.044     17.980      0.000
 AB39L
    Category 1         0.000      0.000      0.000      1.000
    Category 2         1.000      0.000      0.000      1.000
 AB39M
    Category 1         0.200      0.072      2.760      0.006
    Category 2         0.800      0.072     11.066      0.000
 AB39T
    Category 1         0.510      0.084      6.079      0.000
    Category 2         0.490      0.084      5.832      0.000
 AB39U
    Category 1         0.243      0.051      4.779      0.000
    Category 2         0.757      0.051     14.872      0.000
 AB39W
    Category 1         0.969      0.184      5.272      0.000
    Category 2         0.031      0.184      0.167      0.868
 AB39X
    Category 1         0.450      0.098      4.600      0.000
    Category 2         0.550      0.098      5.630      0.000

Latent Class 7

 AB39A
    Category 1         0.150      0.019      7.708      0.000
    Category 2         0.850      0.019     43.763      0.000
 AB39H
    Category 1         0.035      0.017      2.085      0.037
    Category 2         0.965      0.017     58.205      0.000
 AB39I
    Category 1         0.013      0.012      1.016      0.310
    Category 2         0.987      0.012     79.034      0.000
 AB39K
    Category 1         0.028      0.012      2.422      0.015
    Category 2         0.972      0.012     84.000      0.000
 AB39L
    Category 1         0.009      0.012      0.711      0.477
    Category 2         0.991      0.012     79.970      0.000
 AB39M
    Category 1         0.101      0.020      5.054      0.000
    Category 2         0.899      0.020     44.849      0.000
 AB39T
    Category 1         0.095      0.031      3.042      0.002
    Category 2         0.905      0.031     28.979      0.000
 AB39U
    Category 1         0.065      0.018      3.584      0.000
    Category 2         0.935      0.018     51.861      0.000
 AB39W
    Category 1         0.017      0.041      0.408      0.683
    Category 2         0.983      0.041     24.114      0.000
 AB39X
    Category 1         0.057      0.026      2.174      0.030
    Category 2         0.943      0.026     35.646      0.000


LATENT CLASS INDICATOR ODDS RATIOS FOR THE LATENT CLASSES

                                                95% C.I.
                    Estimate       S.E.  Lower 2.5% Upper 2.5%

Latent Class 1 Compared to Latent Class 2

 AB39A
    Category > 1       4.149      2.347      1.369     12.572
 AB39H
    Category > 1       1.804      1.447      0.374      8.691
 AB39I
    Category > 1       2.068      1.501      0.499      8.576
 AB39K
    Category > 1       2.665      1.686      0.771      9.208
 AB39L
    Category > 1      10.336      9.420      1.732     61.680
 AB39M
    Category > 1       0.000      0.000      0.000      0.000
 AB39T
    Category > 1       0.000      0.000      0.000      0.000
 AB39U
    Category > 1       0.073      0.140      0.002      3.053
 AB39W
    Category > 1       0.710      0.400      0.235      2.141
 AB39X
    Category > 1       0.000      0.000      0.000      0.000

Latent Class 1 Compared to Latent Class 3

 AB39A
    Category > 1       1.025      0.283      0.597      1.761
 AB39H
    Category > 1       0.171      0.073      0.074      0.395
 AB39I
    Category > 1       0.381      0.136      0.189      0.767
 AB39K
    Category > 1       0.502      0.207      0.224      1.125
 AB39L
    Category > 1       1.492      1.498      0.209     10.670
 AB39M
    Category > 1       2.764      0.801      1.567      4.877
 AB39T
    Category > 1      13.344     12.163      2.236     79.643
 AB39U
    Category > 1       2.538      1.113      1.074      5.996
 AB39W
    Category > 1      11.504      5.060      4.858     27.245
 AB39X
    Category > 1   *********      0.000  *********  *********

Latent Class 1 Compared to Latent Class 4

 AB39A
    Category > 1       1.448      0.511      0.725      2.890
 AB39H
    Category > 1       0.941      0.342      0.461      1.920
 AB39I
    Category > 1       0.221      0.132      0.068      0.715
 AB39K
    Category > 1       5.414      1.895      2.726     10.753
 AB39L
    Category > 1   *********      0.000  *********  *********
 AB39M
    Category > 1       0.687      0.220      0.367      1.288
 AB39T
    Category > 1       0.790      0.272      0.402      1.551
 AB39U
    Category > 1       0.355      0.150      0.155      0.814
 AB39W
    Category > 1       2.381      0.950      1.089      5.207
 AB39X
    Category > 1      18.396     14.782      3.808     88.865

Latent Class 1 Compared to Latent Class 5

 AB39A
    Category > 1       2.484      0.638      1.502      4.108
 AB39H
    Category > 1       8.262      3.387      3.699     18.454
 AB39I
    Category > 1       6.196      2.750      2.596     14.789
 AB39K
    Category > 1       8.403      2.998      4.176     16.909
 AB39L
    Category > 1      50.653     50.746      7.109    360.903
 AB39M
    Category > 1       3.004      0.814      1.766      5.111
 AB39T
    Category > 1      10.777      8.414      2.333     49.784
 AB39U
    Category > 1      12.037     13.960      1.240    116.879
 AB39W
    Category > 1      19.744      8.746      8.287     47.042
 AB39X
    Category > 1      35.866     18.144     13.306     96.674

Latent Class 1 Compared to Latent Class 6

 AB39A
    Category > 1       0.506      0.173      0.259      0.987
 AB39H
    Category > 1       0.073      0.050      0.019      0.281
 AB39I
    Category > 1       0.004      0.028      0.000   3701.299
 AB39K
    Category > 1       1.307      0.568      0.557      3.065
 AB39L
    Category > 1       0.000      0.000      0.000      0.000
 AB39M
    Category > 1       0.388      0.206      0.138      1.097
 AB39T
    Category > 1       0.498      0.230      0.202      1.229
 AB39U
    Category > 1       0.181      0.065      0.089      0.368
 AB39W
    Category > 1      37.583    233.323      0.000  *********
 AB39X
    Category > 1       2.555      1.371      0.893      7.312

Latent Class 1 Compared to Latent Class 7

 AB39A
    Category > 1       0.384      0.102      0.228      0.647
 AB39H
    Category > 1       0.055      0.027      0.021      0.142
 AB39I
    Category > 1       0.010      0.009      0.001      0.064
 AB39K
    Category > 1       0.142      0.074      0.051      0.395
 AB39L
    Category > 1       0.136      0.244      0.004      4.573
 AB39M
    Category > 1       0.175      0.054      0.096      0.321
 AB39T
    Category > 1       0.050      0.020      0.023      0.109
 AB39U
    Category > 1       0.039      0.013      0.020      0.076
 AB39W
    Category > 1       0.020      0.051      0.000      2.792
 AB39X
    Category > 1       0.191      0.125      0.053      0.692

Latent Class 2 Compared to Latent Class 3

 AB39A
    Category > 1       0.247      0.137      0.083      0.735
 AB39H
    Category > 1       0.095      0.073      0.021      0.430
 AB39I
    Category > 1       0.184      0.143      0.040      0.844
 AB39K
    Category > 1       0.188      0.115      0.057      0.622
 AB39L
    Category > 1       0.144      0.107      0.034      0.614
 AB39M
    Category > 1   *********      0.000  *********  *********
 AB39T
    Category > 1   *********      0.000  *********  *********
 AB39U
    Category > 1      34.554     65.959      0.820   1456.687
 AB39W
    Category > 1      16.206      9.505      5.134     51.158
 AB39X
    Category > 1   *********      0.000  *********  *********

Latent Class 2 Compared to Latent Class 4

 AB39A
    Category > 1       0.349      0.206      0.109      1.113
 AB39H
    Category > 1       0.522      0.443      0.099      2.755
 AB39I
    Category > 1       0.107      0.088      0.021      0.534
 AB39K
    Category > 1       2.032      1.130      0.683      6.043
 AB39L
    Category > 1   *********      0.000  *********  *********
 AB39M
    Category > 1   *********      0.000  *********  *********
 AB39T
    Category > 1   *********      0.000  *********  *********
 AB39U
    Category > 1       4.837      8.757      0.139    168.116
 AB39W
    Category > 1       3.355      1.709      1.236      9.108
 AB39X
    Category > 1   *********      0.000  *********  *********

Latent Class 2 Compared to Latent Class 5

 AB39A
    Category > 1       0.599      0.326      0.206      1.742
 AB39H
    Category > 1       4.580      3.728      0.929     22.580
 AB39I
    Category > 1       2.996      2.304      0.663     13.528
 AB39K
    Category > 1       3.153      1.775      1.046      9.506
 AB39L
    Category > 1       4.901      3.256      1.333     18.019
 AB39M
    Category > 1   *********      0.000  *********  *********
 AB39T
    Category > 1   *********      0.000  *********  *********
 AB39U
    Category > 1     163.906    315.667      3.760   7144.232
 AB39W
    Category > 1      27.813     17.617      8.037     96.252
 AB39X
    Category > 1   *********      0.000  *********  *********

Latent Class 2 Compared to Latent Class 6

 AB39A
    Category > 1       0.122      0.071      0.039      0.380
 AB39H
    Category > 1       0.040      0.036      0.007      0.230
 AB39I
    Category > 1       0.002      0.014      0.000   2109.204
 AB39K
    Category > 1       0.490      0.279      0.161      1.493
 AB39L
    Category > 1       0.000      0.000      0.000      0.000
 AB39M
    Category > 1   *********      0.000  *********  *********
 AB39T
    Category > 1   *********      0.000  *********  *********
 AB39U
    Category > 1       2.463      4.647      0.061     99.458
 AB39W
    Category > 1      52.942    327.660      0.000  *********
 AB39X
    Category > 1   *********      0.000  *********  *********

Latent Class 2 Compared to Latent Class 7

 AB39A
    Category > 1       0.093      0.050      0.032      0.269
 AB39H
    Category > 1       0.030      0.027      0.005      0.179
 AB39I
    Category > 1       0.005      0.006      0.000      0.050
 AB39K
    Category > 1       0.053      0.035      0.015      0.194
 AB39L
    Category > 1       0.013      0.021      0.001      0.311
 AB39M
    Category > 1   *********      0.000  *********  *********
 AB39T
    Category > 1   *********      0.000  *********  *********
 AB39U
    Category > 1       0.530      0.963      0.015     18.671
 AB39W
    Category > 1       0.028      0.072      0.000      4.154
 AB39X
    Category > 1   *********      0.000  *********  *********

Latent Class 3 Compared to Latent Class 4

 AB39A
    Category > 1       1.412      0.433      0.775      2.574
 AB39H
    Category > 1       5.517      2.911      1.962     15.517
 AB39I
    Category > 1       0.580      0.386      0.157      2.141
 AB39K
    Category > 1      10.782      4.111      5.107     22.764
 AB39L
    Category > 1   *********      0.000  *********  *********
 AB39M
    Category > 1       0.249      0.065      0.149      0.415
 AB39T
    Category > 1       0.059      0.055      0.010      0.364
 AB39U
    Category > 1       0.140      0.078      0.047      0.416
 AB39W
    Category > 1       0.207      0.104      0.078      0.552
 AB39X
    Category > 1       0.000      0.000      0.000      0.000

Latent Class 3 Compared to Latent Class 5

 AB39A
    Category > 1       2.423      0.531      1.576      3.723
 AB39H
    Category > 1      48.445     19.463     22.043    106.472
 AB39I
    Category > 1      16.280      7.398      6.681     39.670
 AB39K
    Category > 1      16.735      4.998      9.320     30.052
 AB39L
    Category > 1      33.946     15.240     14.081     81.837
 AB39M
    Category > 1       1.087      0.315      0.616      1.917
 AB39T
    Category > 1       0.808      0.995      0.072      9.026
 AB39U
    Category > 1       4.743      5.980      0.401     56.142
 AB39W
    Category > 1       1.716      1.009      0.542      5.435
 AB39X
    Category > 1       0.000      0.000      0.000      0.000

Latent Class 3 Compared to Latent Class 6

 AB39A
    Category > 1       0.494      0.145      0.277      0.879
 AB39H
    Category > 1       0.425      0.319      0.098      1.850
 AB39I
    Category > 1       0.010      0.073      0.000   9272.387
 AB39K
    Category > 1       2.602      1.219      1.039      6.516
 AB39L
    Category > 1       0.000      0.000      0.000      0.000
 AB39M
    Category > 1       0.140      0.062      0.059      0.333
 AB39T
    Category > 1       0.037      0.030      0.008      0.181
 AB39U
    Category > 1       0.071      0.030      0.031      0.163
 AB39W
    Category > 1       3.267     20.975      0.000  *********
 AB39X
    Category > 1       0.000      0.000      0.000      0.000

Latent Class 3 Compared to Latent Class 7

 AB39A
    Category > 1       0.375      0.084      0.241      0.581
 AB39H
    Category > 1       0.321      0.202      0.093      1.103
 AB39I
    Category > 1       0.025      0.026      0.003      0.186
 AB39K
    Category > 1       0.283      0.159      0.094      0.853
 AB39L
    Category > 1       0.091      0.142      0.004      1.913
 AB39M
    Category > 1       0.063      0.018      0.036      0.111
 AB39T
    Category > 1       0.004      0.004      0.000      0.029
 AB39U
    Category > 1       0.015      0.008      0.006      0.042
 AB39W
    Category > 1       0.002      0.004      0.000      0.206
 AB39X
    Category > 1       0.000      0.000      0.000      0.000

Latent Class 4 Compared to Latent Class 5

 AB39A
    Category > 1       1.716      0.538      0.928      3.172
 AB39H
    Category > 1       8.780      4.253      3.398     22.690
 AB39I
    Category > 1      28.085     14.880      9.942     79.337
 AB39K
    Category > 1       1.552      0.498      0.827      2.911
 AB39L
    Category > 1       0.000      0.000      0.000      0.000
 AB39M
    Category > 1       4.372      1.438      2.294      8.329
 AB39T
    Category > 1      13.643     10.110      3.193     58.300
 AB39U
    Category > 1      33.886     33.946      4.756    241.407
 AB39W
    Category > 1       8.291      4.174      3.091     22.242
 AB39X
    Category > 1       1.950      1.716      0.348     10.938

Latent Class 4 Compared to Latent Class 6

 AB39A
    Category > 1       0.350      0.122      0.177      0.692
 AB39H
    Category > 1       0.077      0.060      0.017      0.357
 AB39I
    Category > 1       0.018      0.129      0.000  22697.678
 AB39K
    Category > 1       0.241      0.080      0.126      0.462
 AB39L
    Category > 1       0.000      0.000      0.000      0.000
 AB39M
    Category > 1       0.565      0.280      0.214      1.490
 AB39T
    Category > 1       0.630      0.274      0.269      1.478
 AB39U
    Category > 1       0.509      0.232      0.208      1.245
 AB39W
    Category > 1      15.782     96.620      0.000  *********
 AB39X
    Category > 1       0.139      0.095      0.036      0.529

Latent Class 4 Compared to Latent Class 7

 AB39A
    Category > 1       0.265      0.077      0.150      0.470
 AB39H
    Category > 1       0.058      0.031      0.021      0.163
 AB39I
    Category > 1       0.044      0.049      0.005      0.388
 AB39K
    Category > 1       0.026      0.012      0.011      0.064
 AB39L
    Category > 1       0.000      0.000      0.000      0.000
 AB39M
    Category > 1       0.255      0.078      0.140      0.465
 AB39T
    Category > 1       0.063      0.025      0.030      0.136
 AB39U
    Category > 1       0.109      0.044      0.050      0.241
 AB39W
    Category > 1       0.008      0.021      0.000      1.205
 AB39X
    Category > 1       0.010      0.008      0.002      0.044

Latent Class 5 Compared to Latent Class 6

 AB39A
    Category > 1       0.204      0.055      0.120      0.345
 AB39H
    Category > 1       0.009      0.007      0.002      0.038
 AB39I
    Category > 1       0.001      0.005      0.000    687.753
 AB39K
    Category > 1       0.156      0.060      0.073      0.333
 AB39L
    Category > 1       0.000      0.000      0.000      0.000
 AB39M
    Category > 1       0.129      0.069      0.046      0.367
 AB39T
    Category > 1       0.046      0.042      0.008      0.271
 AB39U
    Category > 1       0.015      0.018      0.001      0.158
 AB39W
    Category > 1       1.903     11.728      0.000  *********
 AB39X
    Category > 1       0.071      0.047      0.020      0.257

Latent Class 5 Compared to Latent Class 7

 AB39A
    Category > 1       0.155      0.032      0.103      0.232
 AB39H
    Category > 1       0.007      0.004      0.002      0.022
 AB39I
    Category > 1       0.002      0.002      0.000      0.012
 AB39K
    Category > 1       0.017      0.009      0.006      0.046
 AB39L
    Category > 1       0.003      0.004      0.000      0.046
 AB39M
    Category > 1       0.058      0.017      0.033      0.103
 AB39T
    Category > 1       0.005      0.004      0.001      0.021
 AB39U
    Category > 1       0.003      0.004      0.000      0.028
 AB39W
    Category > 1       0.001      0.003      0.000      0.155
 AB39X
    Category > 1       0.005      0.003      0.002      0.018

Latent Class 6 Compared to Latent Class 7

 AB39A
    Category > 1       0.759      0.215      0.436      1.321
 AB39H
    Category > 1       0.755      0.595      0.161      3.534
 AB39I
    Category > 1       2.420     16.882      0.000  *********
 AB39K
    Category > 1       0.109      0.045      0.049      0.243
 AB39L
    Category > 1   29074.963      0.000  29074.961  29074.961
 AB39M
    Category > 1       0.452      0.261      0.146      1.401
 AB39T
    Category > 1       0.101      0.058      0.032      0.312
 AB39U
    Category > 1       0.215      0.087      0.097      0.474
 AB39W
    Category > 1       0.001      0.004      0.000   1070.151
 AB39X
    Category > 1       0.075      0.058      0.016      0.339


RESIDUAL OUTPUT


     RESIDUAL OUTPUT IS NOT AVAILABLE FOR THIS MODEL.  ADDITIONAL OUTPUT FOR
     CATEGORICAL, COUNT, AND NOMINAL VARIABLES MAY BE AVAILABLE USING TECH10.


TECHNICAL 11 OUTPUT

     Random Starts Specifications for the k-1 Class Analysis Model
        Number of initial stage random starts                 500
        Number of final stage optimizations                    10



     VUONG-LO-MENDELL-RUBIN LIKELIHOOD RATIO TEST FOR 6 (H0) VERSUS 7 CLASSES

          H0 Loglikelihood Value                        -9915.148
          2 Times the Loglikelihood Difference             47.889
          Difference in the Number of Parameters               11
          Mean                                              4.993
          Standard Deviation                               36.422
          P-Value                                          0.0775

     LO-MENDELL-RUBIN ADJUSTED LRT TEST

          Value                                            47.319
          P-Value                                          0.0795


TECHNICAL 14 OUTPUT

     Random Starts Specifications for the k-1 Class Analysis Model
        Number of initial stage random starts                 500
        Number of final stage optimizations                    10

     Random Starts Specification for the k-1 Class Model for Generated Data
        Number of initial stage random starts                   0
        Number of final stage optimizations for the
           initial stage random starts                          0
     Random Starts Specification for the k Class Model for Generated Data
        Number of initial stage random starts                  40
        Number of final stage optimizations                     8
     Number of bootstrap draws requested                   Varies


     PARAMETRIC BOOTSTRAPPED LIKELIHOOD RATIO TEST FOR 6 (H0) VERSUS 7 CLASSES

          H0 Loglikelihood Value                        -9915.148
          2 Times the Loglikelihood Difference             47.889
          Difference in the Number of Parameters               11
          Approximate P-Value                              0.0000
          Successful Bootstrap Draws                           20

     WARNING:  OF THE 20 BOOTSTRAP DRAWS, 13 DRAWS HAD BOTH A SMALLER LRT VALUE THAN THE
     OBSERVED LRT VALUE AND NOT A REPLICATED BEST LOGLIKELIHOOD VALUE FOR THE 7-CLASS MODEL.
     THIS MEANS THAT THE P-VALUE MAY NOT BE TRUSTWORTHY DUE TO LOCAL MAXIMA.
     INCREASE THE NUMBER OF RANDOM STARTS USING THE LRTSTARTS OPTION.



PLOT INFORMATION

The following plots are available:

  Histograms (sample values)
  Scatterplots (sample values)
  Sample proportions and estimated probabilities

     Beginning Time:  13:27:31
        Ending Time:  13:28:13
       Elapsed Time:  00:00:42



MUTHEN & MUTHEN
3463 Stoner Ave.
Los Angeles, CA  90066

Tel: (310) 391-9971
Fax: (310) 391-8971
Web: www.StatModel.com
Support: Support@StatModel.com

Copyright (c) 1998-2024 Muthen & Muthen
