Mplus VERSION 7.1
MUTHEN & MUTHEN
06/14/2013  11:48 AM

INPUT INSTRUCTIONS

  data:
  file is Dataset_May28_Final_Mplus.dat;

  Variable:
  names are
  CASEID CASENUM COHORT SCHOOLID G7SSEComp G8SSEComp G9SSEComp G10SSEComp
  G11SSEComp G12SSEComp ABSCIC BBSCIC DBSCIC FBSCIC HASCI1C JASCI1C LASCI1C
  ABSCID BBSCID DBSCID FBSCID HASCI1D
  JASCI1D LASCI1D ABSCIE ABSCIF BBSCIF DBSCIF FBSCIF HASCI1F JASCI1F LASCI1F
  ABSCIG ABSCIH ABSCII ABSCIJ AB15J CB1K EB1K GA1K IA1K KA1K AB15L CB1M EB1M
  GA1M IA1M KA1M AB19E GC19E AB19F GC19F G7PSPComp G9PSPComp G10PSPComp
  G11PSPComp G12PSPComp AB19N DB6L FB2L GC19N HB2L JA2L LA2L AB19Q DB6O FB2O
  GC19Q HB2O JA2O LA2O AB19R FB2P GC19R HB2P JB2P LA2P AB19T DB6Q FB2R GC19T
  HB2R JA2R LA2R AB20A GC10F AB20B GC10J AB20C GC10G AB20D GC10K AB20H GC10N
  AB20K AB22A AB34B CB8B EB8B GA8B IA8B JC3B KA9B AB34D CB8D EB8D GA8D IA8D
  JC3D KA9D AB34J CB8J EB8J GA8K IA8K JC3J KA9K AB35B CB9B EB9B GA9B IA9B JC4B
  KA10B AB35D CB9D EB9D GA9D IA9D JC4D KA10D AB35J CB9J EB9J GA9K IA9K JC4J
  KA10K AB37D CB24D EB25D GA29D IA34D KA41D G7ASCComp G8ASCComp G9ASCComp
  G10ASCComp G11ASCComp G12ASCComp AB37M CB24N EB25N GA29N IA34N KA41N AB37O
  CB24P EB25P GA29P IA34P KA41P AB38B CB26B EB27B GA31B IA36B KA43B AB38H CB26H
  EB27H GA31H IA36H KA43H AB38F CB26F EB27F GA31F IA36F KA43F AB39B CB28B EB29B
  GA32B IA37B KA46B AB39H CB28H EB29H GA32H IA37H KA46H G7SSCComp G8SSCComp
  G9SSCComp G10SSCComp G11SSCComp G12SSCComp AB39M CB29A EB30A GA33A IA38A KA47A
  AB39N CB29B EB30B GA33B IA38B KA47B AB39O CB29C EB30C GA33C IA38C KA47C AB39Q
  CB29E EB30E GA33E IA38E KA47E AB39R CB29F EB30F GA33F IA38F KA47F AB39S CB29G
  EB30G GA33G IA38G KA47G AB39U CB29I EB30I GA33I IA38I KA47I AB39T CB29H EB30H
  GA33H IA38H KA47H AB39W CB29K EB30K GA33K IA38K KA47K AB39X CB29L EB30L GA33L
  IA38L KA47L CB30J EB10J GB10J IA10J KA37J CB30K EB10K GB10K IA10K KA37K CB30M
  EB10M GB10M IA10M KA37M CB30N EB10N GB10N IA10N KA37N BB10K DB1K FB1K HA1K JA1K
  LA1K G7ExC G8ExC G9ExC G10ExC G11ExC G12ExC BB10L DB1L FB1L HA1L JA1L LA1L
  BB10M DB1M FB1M HA1M JA1M LA1M BB11E DB1AA FB1AA HA1AA JA1AA LA1AA BB11J DB1FF
  FB1FF HA1FF JA1EE LA1FF BB11L DB1HH FB1HH HA1HH JA1FF LA1GG BB12A DB2A FB4A
  HA4A JA4A LA4A G7TSPSubC G8TSPSubC G9TSPSubC G10TSPSubC G11TSPSubC G12TSPSubC
  BB12B DB2B FB4B HA4B JA4B LA4B BB12C DB2C FB4C HA4C JA4C LA4C BB12D DB2D FB4D
  HA4D JA4D LA4D BB12E DB2E FB4E HA4E JA4E LA4E BB12F DB2F FB4F HA4F JA4F LA4F
  BB12G DB2G FB4G HA4G JA4G LA4G BB12H DB2H FB4H HA4H JA4H LA4H BB12I DB2I FB4I
  HA4I JA4I LA4I BB12J DB2J FB4J HA4J JA4J LA4J BB12K DB2K FB4K HC4K JC4K LC4K
  BB12L DB2L FB4L HC4L JC4L LC4L BB12M DB2M FB4M HA4K JA4K LA4K BB12N DB2N FB4N
  HA4L JA4L LA4L BB12O DB2O FB4O HA4M JA4M LA4M BB12P DB2P FB4P HA4N JA4N LA4N
  BB17B HA23B JB29B BB17G HC23G BB25A DB15A EB3D FB17A GB27D HA16A IA33D JC15A
  KB36D LC17A BB25B DB15B EB3A FB17B GB27A HA16B IA33A JC15B KB36A LC17B BB25C
  DB15C EB3B FB17C GB27B HA16C IA33B JC15C KB36B LC17C BB25D DB15D EB3C FB17D
  GB27C HA16D IA33C JC15D KB36C LC17D BB25E DB15E EB3E FB17E GB27E HA16E IA33E
  JC15E KB36E LC17E CB3C IA4C CB24F EB25F GB29F IA34F KA41F CB35A EB31A GB35A
  IA40A KA48A CB35F EB31F GC35E IA40F KA48G CB35N EB31N GC35L IA40N KA48O DB16E
  FB18E HB17E JA19E LA16E DB16G FB18G HB17G JA19G LA16G MTH7 MTH8 MTH9 MTH10
  MTH11 MTH12 MOTHED FATHED MOTHOCC FATHOCC RSTEMM RSTEMMX RSTEMMB RSTEMMA
  PACPH7 PACPH8 PACPH9 PACPH10 PACPH11 PACPH12 PCOPH7 PCOPH8 PCOPH9 PCOPH10
  PCOPH11 PCOPH12 PMHPH7 PMHPH8 PMHPH9 PMHPH10 PMHPH11 PMHPH12 PSCPH7 PSCPH9
  PSCPH10 PSCPH11 PSCPH12 HSCRE7 HSCRE10 HSCRE11 KMHPH7 KMHPH8 KMHPH9 KMHPH10
  KMHPH11 KMHPH12 KMHSCPH7 KMHSCPH8 KMHSCPH9 KMHSCPH10 KMHSCPH11 KMHSCPH12
  KSCPH7 KSCPH8 KSCPH9 KSCPH10 KSCPH11 KSCPH12 KACPH10 KACPH11 KACPH12 KACPH7
  KACPH8 KACPH9 GENDER FEMALE RACETH3 RACETH MINORITY STEMMJOB STEMMJOB1 MOTHED1
  FATHED1 POCI POCI1 ASCIIRT CSCIIRT ESCIIRT GSCIIRT ISCIIRT KSCIIRT NUMHSSCI;


  missing are all (9999);
  classes =c (5);

  usevar = G9PSPComp G9ExC G9ASCComp G9SSCComp G9SSEComp KSCPH9;

  Analysis:
  Type=mixture;
   starts = 200 50;
   process = 4(starts);

  Output:
   sampstat tech11 tech14;

  Plot:
  type=plot3;
  series =G9PSPComp - KSCPH9 (*);



*** WARNING in VARIABLE command
  Note that only the first 8 characters of variable names are used in the output.
  Shorten variable names to avoid any confusion.
*** WARNING in MODEL command
  All variables are uncorrelated with all other variables within class.
  Check that this is what is intended.
*** WARNING in PLOT command
  Note that only the first 8 characters of variable names are used in plots.
  If variable names are not unique within the first 8 characters, problems
  may occur.
*** WARNING
  Data set contains cases with missing on all variables.
  These cases were not included in the analysis.
  Number of cases with missing on all variables:  3193
   4 WARNING(S) FOUND IN THE INPUT INSTRUCTIONS




SUMMARY OF ANALYSIS

Number of groups                                                 1
Number of observations                                        2752

Number of dependent variables                                    6
Number of independent variables                                  0
Number of continuous latent variables                            0
Number of categorical latent variables                           1

Observed dependent variables

  Continuous
   G9PSPCOMP   G9EXC       G9ASCCOMP   G9SSCCOMP   G9SSECOMP   KSCPH9

Categorical latent variables
   C


Estimator                                                      MLR
Information matrix                                        OBSERVED
Optimization Specifications for the Quasi-Newton Algorithm for
Continuous Outcomes
  Maximum number of iterations                                 100
  Convergence criterion                                  0.100D-05
Optimization Specifications for the EM Algorithm
  Maximum number of iterations                                 500
  Convergence criteria
    Loglikelihood change                                 0.100D-06
    Relative loglikelihood change                        0.100D-06
    Derivative                                           0.100D-05
Optimization Specifications for the M step of the EM Algorithm for
Categorical Latent variables
  Number of M step iterations                                    1
  M step convergence criterion                           0.100D-05
  Basis for M step termination                           ITERATION
Optimization Specifications for the M step of the EM Algorithm for
Censored, Binary or Ordered Categorical (Ordinal), Unordered
Categorical (Nominal) and Count Outcomes
  Number of M step iterations                                    1
  M step convergence criterion                           0.100D-05
  Basis for M step termination                           ITERATION
  Maximum value for logit thresholds                            15
  Minimum value for logit thresholds                           -15
  Minimum expected cell size for chi-square              0.100D-01
Maximum number of iterations for H1                           2000
Convergence criterion for H1                             0.100D-03
Optimization algorithm                                         EMA
Random Starts Specifications
  Number of initial stage random starts                        200
  Number of final stage optimizations                           50
  Number of initial stage iterations                            10
  Initial stage convergence criterion                    0.100D+01
  Random starts scale                                    0.500D+01
  Random seed for generating random starts                       0

Input data file(s)
  Dataset_May28_Final_Mplus.dat
Input data format  FREE


SUMMARY OF DATA

     Number of missing data patterns            25
     Number of y missing data patterns          25
     Number of u missing data patterns           0


COVARIANCE COVERAGE OF DATA

Minimum covariance coverage value   0.100


     PROPORTION OF DATA PRESENT FOR Y


           Covariance Coverage
              G9PSPCOM      G9EXC         G9ASCCOM      G9SSCCOM      G9SSECOM
              ________      ________      ________      ________      ________
 G9PSPCOM       0.841
 G9EXC          0.841         0.923
 G9ASCCOM       0.789         0.864         0.940
 G9SSCCOM       0.775         0.850         0.848         0.850
 G9SSECOM       0.762         0.802         0.806         0.747         0.853
 KSCPH9         0.793         0.873         0.859         0.846         0.762


           Covariance Coverage
              KSCPH9
              ________
 KSCPH9         0.873


SAMPLE STATISTICS


     ESTIMATED SAMPLE STATISTICS


           Means
              G9PSPCOM      G9EXC         G9ASCCOM      G9SSCCOM      G9SSECOM
              ________      ________      ________      ________      ________
 1              1.366         1.219         2.756         3.379         3.475


           Means
              KSCPH9
              ________
 1              0.594


           Covariances
              G9PSPCOM      G9EXC         G9ASCCOM      G9SSCCOM      G9SSECOM
              ________      ________      ________      ________      ________
 G9PSPCOM       1.215
 G9EXC          0.406         2.302
 G9ASCCOM      -0.025         0.028         0.309
 G9SSCCOM       0.309         0.204         0.029         0.675
 G9SSECOM       0.333         0.257        -0.042         0.376         0.997
 KSCPH9         0.142         0.206         0.033         0.198         0.182


           Covariances
              KSCPH9
              ________
 KSCPH9         0.951


           Correlations
              G9PSPCOM      G9EXC         G9ASCCOM      G9SSCCOM      G9SSECOM
              ________      ________      ________      ________      ________
 G9PSPCOM       1.000
 G9EXC          0.243         1.000
 G9ASCCOM      -0.041         0.033         1.000
 G9SSCCOM       0.341         0.163         0.063         1.000
 G9SSECOM       0.303         0.169        -0.075         0.458         1.000
 KSCPH9         0.132         0.139         0.060         0.247         0.187


           Correlations
              KSCPH9
              ________
 KSCPH9         1.000


     MAXIMUM LOG-LIKELIHOOD VALUE FOR THE UNRESTRICTED (H1) MODEL IS -19236.730

RANDOM STARTS RESULTS RANKED FROM THE BEST TO THE WORST LOGLIKELIHOOD VALUES

Final stage loglikelihood values at local maxima, seeds, and initial stage start numbers:

          -16889.883  153942           31
          -16889.883  364676           27
          -16889.883  793035           187
          -18254.017  903420           5
          -18254.017  329127           185
          -18401.431  415502           194
          -18419.695  802779           122
          -18419.695  948615           140
          -18419.695  340112           126
          -18419.695  25127            107
          -18422.675  654136           167
          -18425.710  93468            3
          -18425.710  749453           33
          -18425.710  311214           64
          -18426.217  471398           74
          -18436.945  569131           26
          -18436.945  440841           118
          -18448.734  475420           71
          -18448.734  573096           20
          -18448.734  unperturbed      0
          -18448.734  804561           59
          -18448.734  85462            51
          -18448.734  939709           112
          -18448.734  373505           88
          -18448.734  784664           75
          -18448.734  579995           183
          -18448.734  131856           90
          -18471.696  533738           11
          -18471.696  915107           54
          -18471.696  411615           171
          -18487.754  422103           62
          -18511.356  957392           79
          -18511.356  124999           96
          -18511.356  264081           186
          -18511.356  592219           119
          -18525.643  319144           176
          -18525.643  195873           6
          -18525.643  366706           29
          -18539.588  526324           178
          -18548.761  637345           19
          -18578.239  417035           149
          -18578.239  741888           138
          -18578.239  618000           190
          -18578.239  68985            17
          -18578.239  443917           60
          -18578.239  263268           165
          -18578.239  383986           159
          -18602.148  635245           121
          -18604.100  232559           136
          -18604.100  931874           141



THE BEST LOGLIKELIHOOD VALUE HAS BEEN REPLICATED.  RERUN WITH AT LEAST TWICE THE
RANDOM STARTS TO CHECK THAT THE BEST LOGLIKELIHOOD IS STILL OBTAINED AND REPLICATED.

     THE STANDARD ERRORS OF THE MODEL PARAMETER ESTIMATES MAY NOT BE
     TRUSTWORTHY FOR SOME PARAMETERS DUE TO A NON-POSITIVE DEFINITE
     FIRST-ORDER DERIVATIVE PRODUCT MATRIX.  THIS MAY BE DUE TO THE STARTING
     VALUES BUT MAY ALSO BE AN INDICATION OF MODEL NONIDENTIFICATION.  THE
     CONDITION NUMBER IS      -0.101D-19.  PROBLEM INVOLVING PARAMETER 6.


THE MODEL ESTIMATION TERMINATED NORMALLY



MODEL FIT INFORMATION

Number of Free Parameters                       40

Loglikelihood

          H0 Value                      -16889.883
          H0 Scaling Correction Factor      1.6088
            for MLR

Information Criteria

          Akaike (AIC)                   33859.765
          Bayesian (BIC)                 34096.569
          Sample-Size Adjusted BIC       33969.475
            (n* = (n + 2) / 24)



FINAL CLASS COUNTS AND PROPORTIONS FOR THE LATENT CLASSES
BASED ON THE ESTIMATED MODEL

    Latent
   Classes

       1        235.25545          0.08549
       2       1091.63069          0.39667
       3        660.28186          0.23993
       4        598.27787          0.21740
       5        166.55412          0.06052


FINAL CLASS COUNTS AND PROPORTIONS FOR THE LATENT CLASS PATTERNS
BASED ON ESTIMATED POSTERIOR PROBABILITIES

    Latent
   Classes

       1        235.25545          0.08549
       2       1091.63069          0.39667
       3        660.28186          0.23993
       4        598.27787          0.21740
       5        166.55412          0.06052


CLASSIFICATION QUALITY

     Entropy                         0.795


CLASSIFICATION OF INDIVIDUALS BASED ON THEIR MOST LIKELY LATENT CLASS MEMBERSHIP

Class Counts and Proportions

    Latent
   Classes

       1              209          0.07594
       2             1231          0.44731
       3              643          0.23365
       4              518          0.18823
       5              151          0.05487


Average Latent Class Probabilities for Most Likely Latent Class Membership (Row)
by Latent Class (Column)

           1        2        3        4        5

    1   1.000    0.000    0.000    0.000    0.000
    2   0.019    0.791    0.123    0.056    0.011
    3   0.005    0.184    0.791    0.017    0.003
    4   0.000    0.000    0.000    1.000    0.000
    5   0.000    0.000    0.000    0.000    1.000


Classification Probabilities for the Most Likely Latent Class Membership (Row)
by Latent Class (Column)

           1        2        3        4        5

    1   0.888    0.097    0.015    0.000    0.000
    2   0.000    0.892    0.108    0.000    0.000
    3   0.000    0.230    0.770    0.000    0.000
    4   0.000    0.116    0.018    0.866    0.000
    5   0.000    0.084    0.010    0.000    0.907


Logits for the Classification Probabilities for the Most Likely Latent Class Membership (Row)
by Latent Class (Column)

              1        2        3        4        5

    1     13.697   11.481    9.597    0.000    0.000
    2      0.000   13.701   11.593    0.000    0.000
    3      0.000   12.344   13.555    0.000    0.000
    4      0.000   11.660    9.819   13.671    0.000
    5    -13.717   -2.384   -4.523  -13.717    0.000


MODEL RESULTS

                                                    Two-Tailed
                    Estimate       S.E.  Est./S.E.    P-Value

Latent Class 1

 Means
    G9PSPCOMP          1.531      0.080     19.078      0.000
    G9EXC              1.613      0.124     13.046      0.000
    G9ASCCOMP          2.798      0.046     60.618      0.000
    G9SSCCOMP          3.748      0.054     69.799      0.000
    G9SSECOMP          3.739      0.071     53.013      0.000
    KSCPH9             2.000      0.000  *********      0.000

 Variances
    G9PSPCOMP          1.035      0.043     24.150      0.000
    G9EXC              2.209      0.086     25.713      0.000
    G9ASCCOMP          0.306      0.012     25.712      0.000
    G9SSCCOMP          0.513      0.019     27.603      0.000
    G9SSECOMP          0.685      0.040     17.097      0.000
    KSCPH9             0.015      0.001     12.095      0.000

Latent Class 2

 Means
    G9PSPCOMP          1.615      0.109     14.786      0.000
    G9EXC              1.280      0.078     16.301      0.000
    G9ASCCOMP          2.719      0.023    116.079      0.000
    G9SSCCOMP          3.582      0.058     62.217      0.000
    G9SSECOMP          3.850      0.048     80.531      0.000
    KSCPH9             0.000      0.000     -7.192      0.000

 Variances
    G9PSPCOMP          1.035      0.043     24.150      0.000
    G9EXC              2.209      0.086     25.713      0.000
    G9ASCCOMP          0.306      0.012     25.712      0.000
    G9SSCCOMP          0.513      0.019     27.603      0.000
    G9SSECOMP          0.685      0.040     17.097      0.000
    KSCPH9             0.015      0.001     12.095      0.000

Latent Class 3

 Means
    G9PSPCOMP          0.634      0.043     14.737      0.000
    G9EXC              0.737      0.051     14.470      0.000
    G9ASCCOMP          2.809      0.027    104.036      0.000
    G9SSCCOMP          2.704      0.074     36.442      0.000
    G9SSECOMP          2.491      0.172     14.463      0.000
    KSCPH9             0.000      0.000     -5.193      0.000

 Variances
    G9PSPCOMP          1.035      0.043     24.150      0.000
    G9EXC              2.209      0.086     25.713      0.000
    G9ASCCOMP          0.306      0.012     25.712      0.000
    G9SSCCOMP          0.513      0.019     27.603      0.000
    G9SSECOMP          0.685      0.040     17.097      0.000
    KSCPH9             0.015      0.001     12.095      0.000

Latent Class 4

 Means
    G9PSPCOMP          1.520      0.048     31.711      0.000
    G9EXC              1.390      0.066     20.989      0.000
    G9ASCCOMP          2.707      0.033     81.615      0.000
    G9SSCCOMP          3.515      0.035    101.395      0.000
    G9SSECOMP          3.626      0.041     88.282      0.000
    KSCPH9             1.000      0.000  *********      0.000

 Variances
    G9PSPCOMP          1.035      0.043     24.150      0.000
    G9EXC              2.209      0.086     25.713      0.000
    G9ASCCOMP          0.306      0.012     25.712      0.000
    G9SSCCOMP          0.513      0.019     27.603      0.000
    G9SSECOMP          0.685      0.040     17.097      0.000
    KSCPH9             0.015      0.001     12.095      0.000

Latent Class 5

 Means
    G9PSPCOMP          1.737      0.099     17.520      0.000
    G9EXC              1.687      0.142     11.868      0.000
    G9ASCCOMP          2.904      0.053     54.957      0.000
    G9SSCCOMP          3.931      0.068     58.155      0.000
    G9SSECOMP          3.996      0.078     51.055      0.000
    KSCPH9             3.424      0.040     85.139      0.000

 Variances
    G9PSPCOMP          1.035      0.043     24.150      0.000
    G9EXC              2.209      0.086     25.713      0.000
    G9ASCCOMP          0.306      0.012     25.712      0.000
    G9SSCCOMP          0.513      0.019     27.603      0.000
    G9SSECOMP          0.685      0.040     17.097      0.000
    KSCPH9             0.015      0.001     12.095      0.000

Categorical Latent Variables

 Means
    C#1                0.345      0.108      3.206      0.001
    C#2                1.880      0.134     13.993      0.000
    C#3                1.377      0.192      7.160      0.000
    C#4                1.279      0.093     13.690      0.000


QUALITY OF NUMERICAL RESULTS

     Condition Number for the Information Matrix             -0.101E-19
       (ratio of smallest to largest eigenvalue)


TECHNICAL 1 OUTPUT


     PARAMETER SPECIFICATION FOR LATENT CLASS 1


           NU
              G9PSPCOM      G9EXC         G9ASCCOM      G9SSCCOM      G9SSECOM
              ________      ________      ________      ________      ________
 1                  1             2             3             4             5


           NU
              KSCPH9
              ________
 1                  6


           THETA
              G9PSPCOM      G9EXC         G9ASCCOM      G9SSCCOM      G9SSECOM
              ________      ________      ________      ________      ________
 G9PSPCOM           7
 G9EXC              0             8
 G9ASCCOM           0             0             9
 G9SSCCOM           0             0             0            10
 G9SSECOM           0             0             0             0            11
 KSCPH9             0             0             0             0             0


           THETA
              KSCPH9
              ________
 KSCPH9            12


     PARAMETER SPECIFICATION FOR LATENT CLASS 2


           NU
              G9PSPCOM      G9EXC         G9ASCCOM      G9SSCCOM      G9SSECOM
              ________      ________      ________      ________      ________
 1                 13            14            15            16            17


           NU
              KSCPH9
              ________
 1                 18


           THETA
              G9PSPCOM      G9EXC         G9ASCCOM      G9SSCCOM      G9SSECOM
              ________      ________      ________      ________      ________
 G9PSPCOM           7
 G9EXC              0             8
 G9ASCCOM           0             0             9
 G9SSCCOM           0             0             0            10
 G9SSECOM           0             0             0             0            11
 KSCPH9             0             0             0             0             0


           THETA
              KSCPH9
              ________
 KSCPH9            12


     PARAMETER SPECIFICATION FOR LATENT CLASS 3


           NU
              G9PSPCOM      G9EXC         G9ASCCOM      G9SSCCOM      G9SSECOM
              ________      ________      ________      ________      ________
 1                 19            20            21            22            23


           NU
              KSCPH9
              ________
 1                 24


           THETA
              G9PSPCOM      G9EXC         G9ASCCOM      G9SSCCOM      G9SSECOM
              ________      ________      ________      ________      ________
 G9PSPCOM           7
 G9EXC              0             8
 G9ASCCOM           0             0             9
 G9SSCCOM           0             0             0            10
 G9SSECOM           0             0             0             0            11
 KSCPH9             0             0             0             0             0


           THETA
              KSCPH9
              ________
 KSCPH9            12


     PARAMETER SPECIFICATION FOR LATENT CLASS 4


           NU
              G9PSPCOM      G9EXC         G9ASCCOM      G9SSCCOM      G9SSECOM
              ________      ________      ________      ________      ________
 1                 25            26            27            28            29


           NU
              KSCPH9
              ________
 1                 30


           THETA
              G9PSPCOM      G9EXC         G9ASCCOM      G9SSCCOM      G9SSECOM
              ________      ________      ________      ________      ________
 G9PSPCOM           7
 G9EXC              0             8
 G9ASCCOM           0             0             9
 G9SSCCOM           0             0             0            10
 G9SSECOM           0             0             0             0            11
 KSCPH9             0             0             0             0             0


           THETA
              KSCPH9
              ________
 KSCPH9            12


     PARAMETER SPECIFICATION FOR LATENT CLASS 5


           NU
              G9PSPCOM      G9EXC         G9ASCCOM      G9SSCCOM      G9SSECOM
              ________      ________      ________      ________      ________
 1                 31            32            33            34            35


           NU
              KSCPH9
              ________
 1                 36


           THETA
              G9PSPCOM      G9EXC         G9ASCCOM      G9SSCCOM      G9SSECOM
              ________      ________      ________      ________      ________
 G9PSPCOM           7
 G9EXC              0             8
 G9ASCCOM           0             0             9
 G9SSCCOM           0             0             0            10
 G9SSECOM           0             0             0             0            11
 KSCPH9             0             0             0             0             0


           THETA
              KSCPH9
              ________
 KSCPH9            12


     PARAMETER SPECIFICATION FOR LATENT CLASS REGRESSION MODEL PART


           ALPHA(C)
              C#1           C#2           C#3           C#4           C#5
              ________      ________      ________      ________      ________
 1                 37            38            39            40             0


     STARTING VALUES FOR LATENT CLASS 1


           NU
              G9PSPCOM      G9EXC         G9ASCCOM      G9SSCCOM      G9SSECOM
              ________      ________      ________      ________      ________
 1             -0.839        -1.809         1.644         1.750         1.499


           NU
              KSCPH9
              ________
 1             -1.345


           THETA
              G9PSPCOM      G9EXC         G9ASCCOM      G9SSCCOM      G9SSECOM
              ________      ________      ________      ________      ________
 G9PSPCOM       0.603
 G9EXC          0.000         1.151
 G9ASCCOM       0.000         0.000         0.154
 G9SSCCOM       0.000         0.000         0.000         0.337
 G9SSECOM       0.000         0.000         0.000         0.000         0.495
 KSCPH9         0.000         0.000         0.000         0.000         0.000


           THETA
              KSCPH9
              ________
 KSCPH9         0.475


     STARTING VALUES FOR LATENT CLASS 2


           NU
              G9PSPCOM      G9EXC         G9ASCCOM      G9SSCCOM      G9SSECOM
              ________      ________      ________      ________      ________
 1              0.259        -0.292         2.200         2.571         2.494


           NU
              KSCPH9
              ________
 1             -0.370


           THETA
              G9PSPCOM      G9EXC         G9ASCCOM      G9SSCCOM      G9SSECOM
              ________      ________      ________      ________      ________
 G9PSPCOM       0.603
 G9EXC          0.000         1.151
 G9ASCCOM       0.000         0.000         0.154
 G9SSCCOM       0.000         0.000         0.000         0.337
 G9SSECOM       0.000         0.000         0.000         0.000         0.495
 KSCPH9         0.000         0.000         0.000         0.000         0.000


           THETA
              KSCPH9
              ________
 KSCPH9         0.475


     STARTING VALUES FOR LATENT CLASS 3


           NU
              G9PSPCOM      G9EXC         G9ASCCOM      G9SSCCOM      G9SSECOM
              ________      ________      ________      ________      ________
 1              1.356         1.225         2.756         3.393         3.490


           NU
              KSCPH9
              ________
 1              0.605


           THETA
              G9PSPCOM      G9EXC         G9ASCCOM      G9SSCCOM      G9SSECOM
              ________      ________      ________      ________      ________
 G9PSPCOM       0.603
 G9EXC          0.000         1.151
 G9ASCCOM       0.000         0.000         0.154
 G9SSCCOM       0.000         0.000         0.000         0.337
 G9SSECOM       0.000         0.000         0.000         0.000         0.495
 KSCPH9         0.000         0.000         0.000         0.000         0.000


           THETA
              KSCPH9
              ________
 KSCPH9         0.475


     STARTING VALUES FOR LATENT CLASS 4


           NU
              G9PSPCOM      G9EXC         G9ASCCOM      G9SSCCOM      G9SSECOM
              ________      ________      ________      ________      ________
 1              2.454         2.742         3.312         4.214         4.485


           NU
              KSCPH9
              ________
 1              1.580


           THETA
              G9PSPCOM      G9EXC         G9ASCCOM      G9SSCCOM      G9SSECOM
              ________      ________      ________      ________      ________
 G9PSPCOM       0.603
 G9EXC          0.000         1.151
 G9ASCCOM       0.000         0.000         0.154
 G9SSCCOM       0.000         0.000         0.000         0.337
 G9SSECOM       0.000         0.000         0.000         0.000         0.495
 KSCPH9         0.000         0.000         0.000         0.000         0.000


           THETA
              KSCPH9
              ________
 KSCPH9         0.475


     STARTING VALUES FOR LATENT CLASS 5


           NU
              G9PSPCOM      G9EXC         G9ASCCOM      G9SSCCOM      G9SSECOM
              ________      ________      ________      ________      ________
 1              3.552         4.259         3.867         5.036         5.480


           NU
              KSCPH9
              ________
 1              2.555


           THETA
              G9PSPCOM      G9EXC         G9ASCCOM      G9SSCCOM      G9SSECOM
              ________      ________      ________      ________      ________
 G9PSPCOM       0.603
 G9EXC          0.000         1.151
 G9ASCCOM       0.000         0.000         0.154
 G9SSCCOM       0.000         0.000         0.000         0.337
 G9SSECOM       0.000         0.000         0.000         0.000         0.495
 KSCPH9         0.000         0.000         0.000         0.000         0.000


           THETA
              KSCPH9
              ________
 KSCPH9         0.475


     STARTING VALUES FOR LATENT CLASS REGRESSION MODEL PART


           ALPHA(C)
              C#1           C#2           C#3           C#4           C#5
              ________      ________      ________      ________      ________
 1              0.000         0.000         0.000         0.000         0.000


TECHNICAL 11 OUTPUT

     Random Starts Specifications for the k-1 Class Analysis Model
        Number of initial stage random starts                 200
        Number of final stage optimizations                    50



     VUONG-LO-MENDELL-RUBIN LIKELIHOOD RATIO TEST FOR 4 (H0) VERSUS 5 CLASSES

          H0 Loglikelihood Value                       -17120.539
          2 Times the Loglikelihood Difference            461.312
          Difference in the Number of Parameters               10
          Mean                                             27.431
          Standard Deviation                               26.526
          P-Value                                          0.0000

     LO-MENDELL-RUBIN ADJUSTED LRT TEST

          Value                                           455.560
          P-Value                                          0.0000


TECHNICAL 14 OUTPUT

     Random Starts Specifications for the k-1 Class Analysis Model
        Number of initial stage random starts                 200
        Number of final stage optimizations                    50

     Random Starts Specification for the k-1 Class Model for Generated Data
        Number of initial stage random starts                   0
        Number of final stage optimizations for the
           initial stage random starts                          0
     Random Starts Specification for the k Class Model for Generated Data
        Number of initial stage random starts                  40
        Number of final stage optimizations                     8
     Number of bootstrap draws requested                   Varies


     PARAMETRIC BOOTSTRAPPED LIKELIHOOD RATIO TEST FOR 4 (H0) VERSUS 5 CLASSES

          H0 Loglikelihood Value                       -17120.539
          2 Times the Loglikelihood Difference            461.312
          Difference in the Number of Parameters               10
          Approximate P-Value                              0.0000
          Successful Bootstrap Draws                            5

     WARNING:  THE BEST LOGLIKELIHOOD VALUE FOR THE 5 CLASS MODEL FOR THE GENERATED DATA
     WAS NOT REPLICATED IN 5 OUT OF 5 BOOTSTRAP DRAWS.  THE P-VALUE MAY NOT BE TRUSTWORTHY
     DUE TO LOCAL MAXIMA.  INCREASE THE NUMBER OF RANDOM STARTS USING THE LRTSTARTS OPTION.



PLOT INFORMATION

The following plots are available:

  Histograms of sample values
  Histograms of estimated values
  Scatterplots (sample values, estimated values)
  Sample means
  Estimated means
  Sample and estimated means
  Observed individual values
  Estimated individual values
  Estimated means and observed individual values
  Estimated means and estimated individual values
  Mixture distributions

DIAGRAM INFORMATION

  Mplus diagrams are currently not available for Mixture analysis.
  No diagram output was produced.


     Beginning Time:  11:48:25
        Ending Time:  11:49:36
       Elapsed Time:  00:01:11



MUTHEN & MUTHEN
3463 Stoner Ave.
Los Angeles, CA  90066

Tel: (310) 391-9971
Fax: (310) 391-8971
Web: www.StatModel.com
Support: Support@StatModel.com

Copyright (c) 1998-2013 Muthen & Muthen
