Mplus VERSION 7.11
MUTHEN & MUTHEN
06/27/2013   4:21 PM

INPUT INSTRUCTIONS

  data:
  file is Dataset_Jun21_Final_Mplus.dat;

  Variable:
  names are
  CASEID CASENUM COHORT SCHOOLID G7SSEComp G8SSEComp G9SSEComp G10SSEComp
  G11SSEComp G12SSEComp ABSCIC BBSCIC DBSCIC FBSCIC HASCI1C JASCI1C LASCI1C
  ABSCID BBSCID DBSCID FBSCID HASCI1D
  JASCI1D LASCI1D ABSCIE ABSCIF BBSCIF DBSCIF FBSCIF HASCI1F JASCI1F LASCI1F
  ABSCIG ABSCIH ABSCII ABSCIJ AB15J CB1K EB1K GA1K IA1K KA1K AB15L CB1M EB1M
  GA1M IA1M KA1M AB19E GC19E AB19F GC19F G7PSPComp G9PSPComp G10PSPComp
  G11PSPComp G12PSPComp AB19N DB6L FB2L GC19N HB2L JA2L LA2L AB19Q DB6O FB2O
  GC19Q HB2O JA2O LA2O AB19R FB2P GC19R HB2P JB2P LA2P AB19T DB6Q FB2R GC19T
  HB2R JA2R LA2R AB20A GC10F AB20B GC10J AB20C GC10G AB20D GC10K AB20H GC10N
  AB20K AB22A AB34B CB8B EB8B GA8B IA8B JC3B KA9B AB34D CB8D EB8D GA8D IA8D
  JC3D KA9D AB34J CB8J EB8J GA8K IA8K JC3J KA9K AB35B CB9B EB9B GA9B IA9B JC4B
  KA10B AB35D CB9D EB9D GA9D IA9D JC4D KA10D AB35J CB9J EB9J GA9K IA9K JC4J
  KA10K AB37D CB24D EB25D GA29D IA34D KA41D G7ASCComp G8ASCComp G9ASCComp
  G10ASCComp G11ASCComp G12ASCComp AB37M CB24N EB25N GA29N IA34N KA41N AB37O
  CB24P EB25P GA29P IA34P KA41P AB38B CB26B EB27B GA31B IA36B KA43B AB38H CB26H
  EB27H GA31H IA36H KA43H AB38F CB26F EB27F GA31F IA36F KA43F AB39B CB28B EB29B
  GA32B IA37B KA46B AB39H CB28H EB29H GA32H IA37H KA46H G7SSCComp G8SSCComp
  G9SSCComp G10SSCComp G11SSCComp G12SSCComp AB39M CB29A EB30A GA33A IA38A KA47A
  AB39N CB29B EB30B GA33B IA38B KA47B AB39O CB29C EB30C GA33C IA38C KA47C AB39Q
  CB29E EB30E GA33E IA38E KA47E AB39R CB29F EB30F GA33F IA38F KA47F AB39S CB29G
  EB30G GA33G IA38G KA47G AB39U CB29I EB30I GA33I IA38I KA47I AB39T CB29H EB30H
  GA33H IA38H KA47H AB39W CB29K EB30K GA33K IA38K KA47K AB39X CB29L EB30L GA33L
  IA38L KA47L CB30J EB10J GB10J IA10J KA37J CB30K EB10K GB10K IA10K KA37K CB30M
  EB10M GB10M IA10M KA37M CB30N EB10N GB10N IA10N KA37N BB10K DB1K FB1K HA1K JA1K
  LA1K G7ExC G8ExC G9ExC G10ExC G11ExC G12ExC BB10L DB1L FB1L HA1L JA1L LA1L
  BB10M DB1M FB1M HA1M JA1M LA1M BB11E DB1AA FB1AA HA1AA JA1AA LA1AA BB11J DB1FF
  FB1FF HA1FF JA1EE LA1FF BB11L DB1HH FB1HH HA1HH JA1FF LA1GG BB12A DB2A FB4A
  HA4A JA4A LA4A G7TSPSubC G8TSPSubC G9TSPSubC G10TSPSubC G11TSPSubC G12TSPSubC
  BB12B DB2B FB4B HA4B JA4B LA4B BB12C DB2C FB4C HA4C JA4C LA4C BB12D DB2D FB4D
  HA4D JA4D LA4D BB12E DB2E FB4E HA4E JA4E LA4E BB12F DB2F FB4F HA4F JA4F LA4F
  BB12G DB2G FB4G HA4G JA4G LA4G BB12H DB2H FB4H HA4H JA4H LA4H BB12I DB2I FB4I
  HA4I JA4I LA4I BB12J DB2J FB4J HA4J JA4J LA4J BB12K DB2K FB4K HC4K JC4K LC4K
  BB12L DB2L FB4L HC4L JC4L LC4L BB12M DB2M FB4M HA4K JA4K LA4K BB12N DB2N FB4N
  HA4L JA4L LA4L BB12O DB2O FB4O HA4M JA4M LA4M BB12P DB2P FB4P HA4N JA4N LA4N
  BB17B HA23B JB29B BB17G HC23G BB25A DB15A EB3D FB17A GB27D HA16A IA33D JC15A
  KB36D LC17A BB25B DB15B EB3A FB17B GB27A HA16B IA33A JC15B KB36A LC17B BB25C
  DB15C EB3B FB17C GB27B HA16C IA33B JC15C KB36B LC17C BB25D DB15D EB3C FB17D
  GB27C HA16D IA33C JC15D KB36C LC17D BB25E DB15E EB3E FB17E GB27E HA16E IA33E
  JC15E KB36E LC17E CB3C IA4C CB24F EB25F GB29F IA34F KA41F CB35A EB31A GB35A
  IA40A KA48A CB35F EB31F GC35E IA40F KA48G CB35N EB31N GC35L IA40N KA48O DB16E
  FB18E HB17E JA19E LA16E DB16G FB18G HB17G JA19G LA16G MTH7 MTH8 MTH9 MTH10
  MTH11 MTH12 MOTHED FATHED MOTHOCC FATHOCC RSTEMM RSTEMMX RSTEMMB RSTEMMA
  PACPH7 PACPH8 PACPH9 PACPH10 PACPH11 PACPH12 PCOPH7 PCOPH8 PCOPH9 PCOPH10
  PCOPH11 PCOPH12 PMHPH7 PMHPH8 PMHPH9 PMHPH10 PMHPH11 PMHPH12 PSCPH7 PSCPH9
  PSCPH10 PSCPH11 PSCPH12 HSCRE7 HSCRE10 HSCRE11 KMHPH7 KMHPH8 KMHPH9 KMHPH10
  KMHPH11 KMHPH12 KMHSCPH7 KMHSCPH8 KMHSCPH9 KMHSCPH10 KMHSCPH11 KMHSCPH12
  KSCPH7 KSCPH8 KSCPH9 KSCPH10 KSCPH11 KSCPH12 KACPH10 KACPH11 KACPH12 KACPH7
  KACPH8 KACPH9 GENDER FEMALE RACETH3 RACETH MINORITY STEMMJOB STEMMJOB1 MOTHED1
  FATHED1 POCI POCI1 ASCIIRT CSCIIRT ESCIIRT GSCIIRT ISCIIRT KSCIIRT NUMHSSCI;


  usevar = GA33H GA33K GA33L HA4K HA4L;
  categorical = GA33H GA33K GA33L HA4K HA4L;

  missing are all (9999);
  classes =c (9);

  Define:
   cut GA33H GA33K GA33L (3);
  Analysis:
  Type=mixture;
   starts = 200 50;
   process = 4(starts);

  Output:
   sampstat tech11 tech14;

  Plot:
  type=plot3;
  series =GA33H GA33K GA33L HA4K HA4L(*);



*** WARNING in OUTPUT command
  SAMPSTAT option is not available when all outcomes are censored, ordered
  categorical, unordered categorical (nominal), count or continuous-time
  survival variables.  Request for SAMPSTAT is ignored.
*** WARNING
  Data set contains cases with missing on all variables.
  These cases were not included in the analysis.
  Number of cases with missing on all variables:  757
   2 WARNING(S) FOUND IN THE INPUT INSTRUCTIONS




SUMMARY OF ANALYSIS

Number of groups                                                 1
Number of observations                                        2359

Number of dependent variables                                    5
Number of independent variables                                  0
Number of continuous latent variables                            0
Number of categorical latent variables                           1

Observed dependent variables

  Binary and ordered categorical (ordinal)
   GA33H       GA33K       GA33L       HA4K        HA4L

Categorical latent variables
   C


Estimator                                                      MLR
Information matrix                                        OBSERVED
Optimization Specifications for the Quasi-Newton Algorithm for
Continuous Outcomes
  Maximum number of iterations                                 100
  Convergence criterion                                  0.100D-05
Optimization Specifications for the EM Algorithm
  Maximum number of iterations                                 500
  Convergence criteria
    Loglikelihood change                                 0.100D-06
    Relative loglikelihood change                        0.100D-06
    Derivative                                           0.100D-05
Optimization Specifications for the M step of the EM Algorithm for
Categorical Latent variables
  Number of M step iterations                                    1
  M step convergence criterion                           0.100D-05
  Basis for M step termination                           ITERATION
Optimization Specifications for the M step of the EM Algorithm for
Censored, Binary or Ordered Categorical (Ordinal), Unordered
Categorical (Nominal) and Count Outcomes
  Number of M step iterations                                    1
  M step convergence criterion                           0.100D-05
  Basis for M step termination                           ITERATION
  Maximum value for logit thresholds                            15
  Minimum value for logit thresholds                           -15
  Minimum expected cell size for chi-square              0.100D-01
Maximum number of iterations for H1                           2000
Convergence criterion for H1                             0.100D-03
Optimization algorithm                                         EMA
Random Starts Specifications
  Number of initial stage random starts                        200
  Number of final stage optimizations                           50
  Number of initial stage iterations                            10
  Initial stage convergence criterion                    0.100D+01
  Random starts scale                                    0.500D+01
  Random seed for generating random starts                       0
Link                                                         LOGIT

Input data file(s)
  Dataset_Jun21_Final_Mplus.dat
Input data format  FREE


SUMMARY OF DATA

     Number of missing data patterns            14
     Number of y missing data patterns           0
     Number of u missing data patterns          14


COVARIANCE COVERAGE OF DATA

Minimum covariance coverage value   0.100


     PROPORTION OF DATA PRESENT FOR U


           Covariance Coverage
              GA33H         GA33K         GA33L         HA4K          HA4L
              ________      ________      ________      ________      ________
 GA33H          0.947
 GA33K          0.940         0.949
 GA33L          0.945         0.946         0.954
 HA4K           0.764         0.763         0.767         0.813
 HA4L           0.764         0.763         0.766         0.811         0.812


UNIVARIATE PROPORTIONS AND COUNTS FOR CATEGORICAL VARIABLES

    GA33H
      Category 1    0.572     1278.000
      Category 2    0.428      957.000
    GA33K
      Category 1    0.580     1297.000
      Category 2    0.420      941.000
    GA33L
      Category 1    0.584     1314.000
      Category 2    0.416      936.000
    HA4K
      Category 1    0.613     1176.000
      Category 2    0.387      741.000
    HA4L
      Category 1    0.777     1488.000
      Category 2    0.223      428.000


RANDOM STARTS RESULTS RANKED FROM THE BEST TO THE WORST LOGLIKELIHOOD VALUES

Final stage loglikelihood values at local maxima, seeds, and initial stage start numbers:

           -5693.496  570908           98
           -5693.496  848969           173
           -5693.496  939709           112
           -5693.496  476498           179
           -5693.496  717754           180
           -5693.496  76974            16
           -5693.496  728038           177
           -5693.496  437181           135
           -5693.496  127215           9
           -5693.496  120506           45
           -5693.496  551639           55
           -5693.496  292884           103
           -5693.496  860772           174
           -5693.496  754100           56
           -5693.496  576596           99
           -5693.496  432148           30
           -5693.496  788796           145
           -5693.496  314084           81
           -5693.496  723775           97
           -5693.496  253358           2
           -5693.496  856536           144
           -5693.496  370466           41
           -5693.496  202790           198
           -5693.496  967902           52
           -5693.496  40340            188
           -5693.496  948615           140
           -5693.496  170954           86
           -5693.496  987090           70
           -5693.496  319144           176
           -5693.496  966014           37
           -5693.496  645664           39
           -5693.496  136842           58
           -5693.496  345070           114
           -5693.496  782200           84
           -5693.496  784664           75
           -5693.496  618000           190
           -5693.496  364676           27
           -5693.496  991329           182
           -5693.496  606576           151
           -5693.496  372176           23
           -5693.496  263268           165
           -5693.496  462953           7
           -5693.496  436460           89
           -5693.496  794236           127
           -5693.496  318230           46
           -5693.496  903420           5
           -5693.496  715561           125
           -5693.496  369602           146
           -5693.496  313407           132
           -5693.496  802779           122



THE BEST LOGLIKELIHOOD VALUE HAS BEEN REPLICATED.  RERUN WITH AT LEAST TWICE THE
RANDOM STARTS TO CHECK THAT THE BEST LOGLIKELIHOOD IS STILL OBTAINED AND REPLICATED.

     THE STANDARD ERRORS OF THE MODEL PARAMETER ESTIMATES MAY NOT BE
     TRUSTWORTHY FOR SOME PARAMETERS DUE TO A NON-POSITIVE DEFINITE
     FIRST-ORDER DERIVATIVE PRODUCT MATRIX.  THIS MAY BE DUE TO THE STARTING
     VALUES BUT MAY ALSO BE AN INDICATION OF MODEL NONIDENTIFICATION.  THE
     CONDITION NUMBER IS       0.148D-17.  PROBLEM INVOLVING PARAMETER 37.

     ONE OR MORE PARAMETERS WERE FIXED TO AVOID SINGULARITY OF THE
     INFORMATION MATRIX. THE SINGULARITY IS MOST LIKELY BECAUSE THE
     MODEL IS NOT IDENTIFIED, OR BECAUSE OF EMPTY CELLS IN THE JOINT
     DISTRIBUTION OF THE CATEGORICAL VARIABLES IN THE MODEL.
     THE FOLLOWING PARAMETERS WERE FIXED:
     41 42 43 44 45 46 47 48 49 50
     51 52 53 40 9 20


THE MODEL ESTIMATION TERMINATED NORMALLY

     THE DEGREES OF FREEDOM FOR THIS MODEL ARE NEGATIVE.  THE MODEL IS NOT
     IDENTIFIED OR TOO MANY CELLS WERE DELETED.  A CHI-SQUARE TEST IS NOT
     AVAILABLE.



MODEL FIT INFORMATION

Number of Free Parameters                       53

Loglikelihood

          H0 Value                       -5693.496
          H0 Scaling Correction Factor      0.6415
            for MLR

Information Criteria

          Akaike (AIC)                   11492.992
          Bayesian (BIC)                 11798.590
          Sample-Size Adjusted BIC       11630.198
            (n* = (n + 2) / 24)



FINAL CLASS COUNTS AND PROPORTIONS FOR THE LATENT CLASSES
BASED ON THE ESTIMATED MODEL

    Latent
   Classes

       1        165.12558          0.07000
       2        230.79296          0.09784
       3        212.33403          0.09001
       4        667.41145          0.28292
       5        115.77652          0.04908
       6        371.67975          0.15756
       7        309.36933          0.13114
       8        172.85476          0.07327
       9        113.65562          0.04818


FINAL CLASS COUNTS AND PROPORTIONS FOR THE LATENT CLASS PATTERNS
BASED ON ESTIMATED POSTERIOR PROBABILITIES

    Latent
   Classes

       1        165.12558          0.07000
       2        230.79295          0.09784
       3        212.33403          0.09001
       4        667.41146          0.28292
       5        115.77652          0.04908
       6        371.67974          0.15756
       7        309.36932          0.13114
       8        172.85477          0.07327
       9        113.65562          0.04818


CLASSIFICATION QUALITY

     Entropy                         0.564


CLASSIFICATION OF INDIVIDUALS BASED ON THEIR MOST LIKELY LATENT CLASS MEMBERSHIP

Class Counts and Proportions

    Latent
   Classes

       1              107          0.04536
       2              305          0.12929
       3              334          0.14159
       4              853          0.36159
       5               65          0.02755
       6              311          0.13184
       7              262          0.11106
       8               39          0.01653
       9               83          0.03518


Average Latent Class Probabilities for Most Likely Latent Class Membership (Row)
by Latent Class (Column)

           1        2        3        4        5        6        7        8        9

    1   0.560    0.039    0.003    0.006    0.215    0.019    0.024    0.107    0.027
    2   0.056    0.625    0.115    0.000    0.017    0.038    0.002    0.038    0.108
    3   0.238    0.086    0.436    0.000    0.018    0.001    0.007    0.175    0.038
    4   0.006    0.000    0.007    0.736    0.011    0.089    0.130    0.017    0.003
    5   0.010    0.006    0.008    0.030    0.446    0.261    0.194    0.018    0.027
    6   0.004    0.006    0.007    0.097    0.032    0.732    0.092    0.006    0.024
    7   0.000    0.018    0.043    0.024    0.118    0.118    0.544    0.132    0.004
    8   0.000    0.000    0.051    0.000    0.013    0.010    0.135    0.695    0.096
    9   0.013    0.001    0.107    0.005    0.020    0.070    0.041    0.148    0.594



Classification Probabilities for the Most Likely Latent Class Membership (Row)
by Latent Class (Column)

           1        2        3        4        5        6        7        8        9

    1   0.363    0.104    0.482    0.032    0.004    0.008    0.000    0.000    0.007
    2   0.018    0.826    0.125    0.000    0.002    0.007    0.021    0.000    0.000
    3   0.001    0.165    0.686    0.030    0.003    0.011    0.053    0.009    0.042
    4   0.001    0.000    0.000    0.941    0.003    0.045    0.009    0.000    0.001
    5   0.198    0.045    0.051    0.084    0.250    0.086    0.267    0.004    0.014
    6   0.006    0.031    0.001    0.204    0.046    0.613    0.083    0.001    0.016
    7   0.008    0.002    0.008    0.359    0.041    0.093    0.461    0.017    0.011
    8   0.066    0.067    0.339    0.083    0.007    0.011    0.200    0.157    0.071
    9   0.025    0.289    0.111    0.020    0.015    0.065    0.008    0.033    0.434



Logits for the Classification Probabilities for the Most Likely Latent Class Membership (Row)
by Latent Class (Column)

              1        2        3        4        5        6        7        8        9

    1      3.989    2.742    4.274    1.562   -0.487    0.207   -8.812   -8.812    0.000
    2      3.725    7.542    5.655   -1.875    1.385    2.840    3.854   -6.082    0.000
    3     -3.374    1.371    2.797   -0.346   -2.799   -1.361    0.234   -1.495    0.000
    4      0.365   -2.161   -4.713    7.255    1.474    4.215    2.638   -6.500    0.000
    5      2.636    1.151    1.271    1.779    2.869    1.795    2.932   -1.161    0.000
    6     -1.032    0.691   -2.925    2.564    1.065    3.664    1.663   -2.703    0.000
    7     -0.263   -1.594   -0.333    3.488    1.310    2.134    3.738    0.442    0.000
    8     -0.072   -0.052    1.562    0.156   -2.356   -1.900    1.034    0.791    0.000
    9     -2.837   -0.408   -1.362   -3.084   -3.335   -1.902   -3.951   -2.581    0.000



MODEL RESULTS

                                                    Two-Tailed
                    Estimate       S.E.  Est./S.E.    P-Value

Latent Class 1

 Thresholds
    GA33H$1           -0.456     14.018     -0.033      0.974
    GA33K$1          -15.000      0.000    999.000    999.000
    GA33L$1          -15.000      0.000    999.000    999.000
    HA4K$1             0.858      4.696      0.183      0.855
    HA4L$1             3.875     20.328      0.191      0.849

Latent Class 2

 Thresholds
    GA33H$1           -2.726      0.881     -3.094      0.002
    GA33K$1           -7.559     69.461     -0.109      0.913
    GA33L$1           -2.476      0.580     -4.267      0.000
    HA4K$1           -10.946      0.000    999.000    999.000
    HA4L$1            -1.530      1.092     -1.401      0.161

Latent Class 3

 Thresholds
    GA33H$1           -6.356     24.990     -0.254      0.799
    GA33K$1           -3.871     15.811     -0.245      0.807
    GA33L$1           -2.763      4.793     -0.576      0.564
    HA4K$1             0.764      4.420      0.173      0.863
    HA4L$1             2.604      2.078      1.253      0.210

Latent Class 4

 Thresholds
    GA33H$1           15.000      0.000    999.000    999.000
    GA33K$1            4.258     46.468      0.092      0.927
    GA33L$1            2.547      2.506      1.016      0.310
    HA4K$1             2.797      4.907      0.570      0.569
    HA4L$1            11.905      0.000    999.000    999.000

Latent Class 5

 Thresholds
    GA33H$1            1.187      4.984      0.238      0.812
    GA33K$1           -1.844      8.576     -0.215      0.830
    GA33L$1            0.508     10.362      0.049      0.961
    HA4K$1             0.411      7.407      0.056      0.956
    HA4L$1             1.391      5.210      0.267      0.790

Latent Class 6

 Thresholds
    GA33H$1            1.660      0.317      5.236      0.000
    GA33K$1            2.124      2.694      0.788      0.430
    GA33L$1            2.028      0.511      3.972      0.000
    HA4K$1            -1.512      0.776     -1.949      0.051
    HA4L$1            -0.179      1.153     -0.155      0.877

Latent Class 7

 Thresholds
    GA33H$1            0.125      5.314      0.024      0.981
    GA33K$1            1.300     16.799      0.077      0.938
    GA33L$1            2.445     24.423      0.100      0.920
    HA4K$1             1.228      0.780      1.573      0.116
    HA4L$1             3.602      3.149      1.144      0.253

Latent Class 8

 Thresholds
    GA33H$1           -1.792     42.082     -0.043      0.966
    GA33K$1           -0.545     12.328     -0.044      0.965
    GA33L$1           -1.218     12.911     -0.094      0.925
    HA4K$1             1.640      3.527      0.465      0.642
    HA4L$1             8.184      0.000    999.000    999.000

Latent Class 9

 Thresholds
    GA33H$1           -2.018      0.000    999.000    999.000
    GA33K$1           -0.183      0.000    999.000    999.000
    GA33L$1           -3.773      0.000    999.000    999.000
    HA4K$1            -0.514      0.000    999.000    999.000
    HA4L$1            -0.895      0.000    999.000    999.000

Categorical Latent Variables

 Means
    C#1                0.374      0.000    999.000    999.000
    C#2                0.708      0.000    999.000    999.000
    C#3                0.625      0.000    999.000    999.000
    C#4                1.770      0.000    999.000    999.000
    C#5                0.018      0.000    999.000    999.000
    C#6                1.185      0.000    999.000    999.000
    C#7                1.001      0.000    999.000    999.000
    C#8                0.419      0.000    999.000    999.000


RESULTS IN PROBABILITY SCALE

Latent Class 1

 GA33H
    Category 1         0.388      3.328      0.117      0.907
    Category 2         0.612      3.328      0.184      0.854
 GA33K
    Category 1         0.000      0.000      0.000      1.000
    Category 2         1.000      0.000      0.000      1.000
 GA33L
    Category 1         0.000      0.000      0.000      1.000
    Category 2         1.000      0.000      0.000      1.000
 HA4K
    Category 1         0.702      0.982      0.715      0.475
    Category 2         0.298      0.982      0.303      0.762
 HA4L
    Category 1         0.980      0.405      2.419      0.016
    Category 2         0.020      0.405      0.050      0.960

Latent Class 2

 GA33H
    Category 1         0.061      0.051      1.209      0.227
    Category 2         0.939      0.051     18.467      0.000
 GA33K
    Category 1         0.001      0.036      0.014      0.989
    Category 2         0.999      0.036     27.640      0.000
 GA33L
    Category 1         0.078      0.042      1.869      0.062
    Category 2         0.922      0.042     22.216      0.000
 HA4K
    Category 1         0.000      0.000      0.000      1.000
    Category 2         1.000      0.000      0.000      1.000
 HA4L
    Category 1         0.178      0.160      1.114      0.265
    Category 2         0.822      0.160      5.143      0.000

Latent Class 3

 GA33H
    Category 1         0.002      0.043      0.040      0.968
    Category 2         0.998      0.043     23.076      0.000
 GA33K
    Category 1         0.020      0.316      0.065      0.949
    Category 2         0.980      0.316      3.098      0.002
 GA33L
    Category 1         0.059      0.268      0.222      0.824
    Category 2         0.941      0.268      3.515      0.000
 HA4K
    Category 1         0.682      0.958      0.712      0.477
    Category 2         0.318      0.958      0.332      0.740
 HA4L
    Category 1         0.931      0.133      6.986      0.000
    Category 2         0.069      0.133      0.517      0.605

Latent Class 4

 GA33H
    Category 1         1.000      0.000      0.000      1.000
    Category 2         0.000      0.000      0.000      1.000
 GA33K
    Category 1         0.986      0.640      1.542      0.123
    Category 2         0.014      0.640      0.022      0.983
 GA33L
    Category 1         0.927      0.169      5.493      0.000
    Category 2         0.073      0.169      0.430      0.667
 HA4K
    Category 1         0.943      0.266      3.546      0.000
    Category 2         0.057      0.266      0.216      0.829
 HA4L
    Category 1         1.000      0.000      0.000      1.000
    Category 2         0.000      0.000      0.000      1.000

Latent Class 5

 GA33H
    Category 1         0.766      0.893      0.858      0.391
    Category 2         0.234      0.893      0.262      0.793
 GA33K
    Category 1         0.137      1.012      0.135      0.893
    Category 2         0.863      1.012      0.853      0.393
 GA33L
    Category 1         0.624      2.430      0.257      0.797
    Category 2         0.376      2.430      0.155      0.877
 HA4K
    Category 1         0.601      1.776      0.339      0.735
    Category 2         0.399      1.776      0.225      0.822
 HA4L
    Category 1         0.801      0.831      0.963      0.336
    Category 2         0.199      0.831      0.240      0.811

Latent Class 6

 GA33H
    Category 1         0.840      0.043     19.742      0.000
    Category 2         0.160      0.043      3.755      0.000
 GA33K
    Category 1         0.893      0.257      3.476      0.001
    Category 2         0.107      0.257      0.416      0.678
 GA33L
    Category 1         0.884      0.052     16.843      0.000
    Category 2         0.116      0.052      2.217      0.027
 HA4K
    Category 1         0.181      0.115      1.573      0.116
    Category 2         0.819      0.115      7.134      0.000
 HA4L
    Category 1         0.455      0.286      1.592      0.111
    Category 2         0.545      0.286      1.904      0.057

Latent Class 7

 GA33H
    Category 1         0.531      1.323      0.401      0.688
    Category 2         0.469      1.323      0.354      0.723
 GA33K
    Category 1         0.786      2.828      0.278      0.781
    Category 2         0.214      2.828      0.076      0.940
 GA33L
    Category 1         0.920      1.794      0.513      0.608
    Category 2         0.080      1.794      0.044      0.965
 HA4K
    Category 1         0.773      0.137      5.656      0.000
    Category 2         0.227      0.137      1.657      0.098
 HA4L
    Category 1         0.973      0.081     11.958      0.000
    Category 2         0.027      0.081      0.326      0.744

Latent Class 8

 GA33H
    Category 1         0.143      5.152      0.028      0.978
    Category 2         0.857      5.152      0.166      0.868
 GA33K
    Category 1         0.367      2.864      0.128      0.898
    Category 2         0.633      2.864      0.221      0.825
 GA33L
    Category 1         0.228      2.275      0.100      0.920
    Category 2         0.772      2.275      0.339      0.734
 HA4K
    Category 1         0.838      0.480      1.746      0.081
    Category 2         0.162      0.480      0.339      0.735
 HA4L
    Category 1         1.000      0.000      0.000      1.000
    Category 2         0.000      0.000      0.000      1.000

Latent Class 9

 GA33H
    Category 1         0.117      0.000      0.000      1.000
    Category 2         0.883      0.000      0.000      1.000
 GA33K
    Category 1         0.454      0.000      0.000      1.000
    Category 2         0.546      0.000      0.000      1.000
 GA33L
    Category 1         0.022      0.000      0.000      1.000
    Category 2         0.978      0.000      0.000      1.000
 HA4K
    Category 1         0.374      0.000      0.000      1.000
    Category 2         0.626      0.000      0.000      1.000
 HA4L
    Category 1         0.290      0.000      0.000      1.000
    Category 2         0.710      0.000      0.000      1.000


LATENT CLASS ODDS RATIO RESULTS

Latent Class 1 Compared to Latent Class 2

 GA33H
    Category > 1       0.103      1.470      0.070      0.944
 GA33K
    Category > 1    1703.603  *********      0.016      0.987
 GA33L
    Category > 1   *********      0.000    999.000    999.000
 HA4K
    Category > 1       0.000      0.000      0.213      0.831
 HA4L
    Category > 1       0.004      0.094      0.048      0.962

Latent Class 1 Compared to Latent Class 3

 GA33H
    Category > 1       0.003      0.031      0.089      0.929
 GA33K
    Category > 1   68119.633      0.000    999.000    999.000
 GA33L
    Category > 1   *********      0.000    999.000    999.000
 HA4K
    Category > 1       0.910      8.227      0.111      0.912
 HA4L
    Category > 1       0.281      6.048      0.046      0.963

Latent Class 1 Compared to Latent Class 4

 GA33H
    Category > 1   *********      0.000    999.000    999.000
 GA33K
    Category > 1   *********  *********      0.029      0.977
 GA33L
    Category > 1   *********      0.000    999.000    999.000
 HA4K
    Category > 1       6.957      6.950      1.001      0.317
 HA4L
    Category > 1    3072.315  62454.320      0.049      0.961

Latent Class 1 Compared to Latent Class 5

 GA33H
    Category > 1       5.169     93.323      0.055      0.956
 GA33K
    Category > 1   *********      0.000    999.000    999.000
 GA33L
    Category > 1   *********      0.000    999.000    999.000
 HA4K
    Category > 1       0.640      7.668      0.083      0.933
 HA4L
    Category > 1       0.083      1.724      0.048      0.961

Latent Class 1 Compared to Latent Class 6

 GA33H
    Category > 1       8.296    116.033      0.071      0.943
 GA33K
    Category > 1   *********      0.000    999.000    999.000
 GA33L
    Category > 1   *********      0.000    999.000    999.000
 HA4K
    Category > 1       0.094      0.499      0.187      0.851
 HA4L
    Category > 1       0.017      0.363      0.048      0.962

Latent Class 1 Compared to Latent Class 7

 GA33H
    Category > 1       1.789     15.690      0.114      0.909
 GA33K
    Category > 1   *********      0.000    999.000    999.000
 GA33L
    Category > 1   *********      0.000    999.000    999.000
 HA4K
    Category > 1       1.448      6.258      0.231      0.817
 HA4L
    Category > 1       0.761     14.230      0.053      0.957

Latent Class 1 Compared to Latent Class 8

 GA33H
    Category > 1       0.263     14.746      0.018      0.986
 GA33K
    Category > 1   *********      0.000    999.000    999.000
 GA33L
    Category > 1   *********      0.000    999.000    999.000
 HA4K
    Category > 1       2.188      5.638      0.388      0.698
 HA4L
    Category > 1      74.425   1512.920      0.049      0.961

Latent Class 1 Compared to Latent Class 9

 GA33H
    Category > 1       0.210      2.940      0.071      0.943
 GA33K
    Category > 1   *********      0.000    999.000    999.000
 GA33L
    Category > 1   75141.555      0.000    999.000    999.000
 HA4K
    Category > 1       0.254      1.192      0.213      0.831
 HA4L
    Category > 1       0.008      0.172      0.049      0.961

Latent Class 2 Compared to Latent Class 3

 GA33H
    Category > 1       0.027      0.669      0.040      0.968
 GA33K
    Category > 1      39.986   3051.112      0.013      0.990
 GA33L
    Category > 1       0.750      3.488      0.215      0.830
 HA4K
    Category > 1   *********  *********      0.226      0.821
 HA4L
    Category > 1      62.391    153.660      0.406      0.685

Latent Class 2 Compared to Latent Class 4

 GA33H
    Category > 1   *********      0.000    999.000    999.000
 GA33K
    Category > 1   *********  *********      0.013      0.990
 GA33L
    Category > 1     151.774    332.433      0.457      0.648
 HA4K
    Category > 1   *********  *********      0.204      0.839
 HA4L
    Category > 1   *********  *********      0.916      0.360

Latent Class 2 Compared to Latent Class 5

 GA33H
    Category > 1      50.034    246.972      0.203      0.839
 GA33K
    Category > 1     303.658  21097.615      0.014      0.989
 GA33L
    Category > 1      19.767    212.344      0.093      0.926
 HA4K
    Category > 1   85589.336  *********      0.135      0.893
 HA4L
    Category > 1      18.547    112.520      0.165      0.869

Latent Class 2 Compared to Latent Class 6

 GA33H
    Category > 1      80.302     76.476      1.050      0.294
 GA33K
    Category > 1   16046.647  *********      0.014      0.989
 GA33L
    Category > 1      90.344     72.255      1.250      0.211
 HA4K
    Category > 1   12509.876   9707.161      1.289      0.197
 HA4L
    Category > 1       3.860      2.613      1.477      0.140

Latent Class 2 Compared to Latent Class 7

 GA33H
    Category > 1      17.313     96.679      0.179      0.858
 GA33K
    Category > 1    7037.779  *********      0.013      0.989
 GA33L
    Category > 1     137.072   3295.134      0.042      0.967
 HA4K
    Category > 1   *********  *********      1.281      0.200
 HA4L
    Category > 1     169.226    638.235      0.265      0.791

Latent Class 2 Compared to Latent Class 8

 GA33H
    Category > 1       2.545    106.648      0.024      0.981
 GA33K
    Category > 1    1112.256  75651.852      0.015      0.988
 GA33L
    Category > 1       3.518     46.910      0.075      0.940
 HA4K
    Category > 1   *********  *********      0.284      0.777
 HA4L
    Category > 1   16548.588  18072.834      0.916      0.360

Latent Class 2 Compared to Latent Class 9

 GA33H
    Category > 1       2.030      1.789      1.135      0.256
 GA33K
    Category > 1    1598.525  *********      0.014      0.989
 GA33L
    Category > 1       0.273      0.159      1.724      0.085
 HA4K
    Category > 1   33945.102      0.000    999.000    999.000
 HA4L
    Category > 1       1.885      2.059      0.916      0.360

Latent Class 3 Compared to Latent Class 4

 GA33H
    Category > 1   *********      0.000    999.000    999.000
 GA33K
    Category > 1    3389.899  *********      0.021      0.984
 GA33L
    Category > 1     202.298   1151.952      0.176      0.861
 HA4K
    Category > 1       7.642     70.629      0.108      0.914
 HA4L
    Category > 1   10949.345  22750.594      0.481      0.630

Latent Class 3 Compared to Latent Class 5

 GA33H
    Category > 1    1885.767  54171.402      0.035      0.972
 GA33K
    Category > 1       7.594    125.672      0.060      0.952
 GA33L
    Category > 1      26.347    315.164      0.084      0.933
 HA4K
    Category > 1       0.703      2.796      0.251      0.802
 HA4L
    Category > 1       0.297      1.366      0.218      0.828

Latent Class 3 Compared to Latent Class 6

 GA33H
    Category > 1    3026.556  75524.562      0.040      0.968
 GA33K
    Category > 1     401.310   6337.885      0.063      0.950
 GA33L
    Category > 1     120.418    587.922      0.205      0.838
 HA4K
    Category > 1       0.103      0.395      0.260      0.795
 HA4L
    Category > 1       0.062      0.163      0.380      0.704

Latent Class 3 Compared to Latent Class 7

 GA33H
    Category > 1     652.533  12919.318      0.051      0.960
 GA33K
    Category > 1     176.008   4229.521      0.042      0.967
 GA33L
    Category > 1     182.702   4343.398      0.042      0.966
 HA4K
    Category > 1       1.591      7.641      0.208      0.835
 HA4L
    Category > 1       2.712     10.552      0.257      0.797

Latent Class 3 Compared to Latent Class 8

 GA33H
    Category > 1      95.924   6423.039      0.015      0.988
 GA33K
    Category > 1      27.816    573.681      0.048      0.961
 GA33L
    Category > 1       4.689     71.326      0.066      0.948
 HA4K
    Category > 1       2.403     18.619      0.129      0.897
 HA4L
    Category > 1     265.242    551.120      0.481      0.630

Latent Class 3 Compared to Latent Class 9

 GA33H
    Category > 1      76.516   1912.102      0.040      0.968
 GA33K
    Category > 1      39.978    632.093      0.063      0.950
 GA33L
    Category > 1       0.364      1.746      0.209      0.835
 HA4K
    Category > 1       0.279      1.232      0.226      0.821
 HA4L
    Category > 1       0.030      0.063      0.481      0.630

Latent Class 4 Compared to Latent Class 5

 GA33H
    Category > 1       0.000      0.000    999.000    999.000
 GA33K
    Category > 1       0.002      0.102      0.022      0.982
 GA33L
    Category > 1       0.130      1.630      0.080      0.936
 HA4K
    Category > 1       0.092      1.120      0.082      0.935
 HA4L
    Category > 1       0.000      0.000      0.192      0.848

Latent Class 4 Compared to Latent Class 6

 GA33H
    Category > 1       0.000      0.000    999.000    999.000
 GA33K
    Category > 1       0.118      5.797      0.020      0.984
 GA33L
    Category > 1       0.595      1.552      0.383      0.701
 HA4K
    Category > 1       0.013      0.075      0.179      0.858
 HA4L
    Category > 1       0.000      0.000      0.867      0.386

Latent Class 4 Compared to Latent Class 7

 GA33H
    Category > 1       0.000      0.000    999.000    999.000
 GA33K
    Category > 1       0.052      3.265      0.016      0.987
 GA33L
    Category > 1       0.903     20.300      0.044      0.965
 HA4K
    Category > 1       0.208      0.947      0.220      0.826
 HA4L
    Category > 1       0.000      0.001      0.318      0.751

Latent Class 4 Compared to Latent Class 8

 GA33H
    Category > 1       0.000      0.000      0.036      0.971
 GA33K
    Category > 1       0.008      0.283      0.029      0.977
 GA33L
    Category > 1       0.023      0.348      0.067      0.947
 HA4K
    Category > 1       0.314      0.811      0.388      0.698
 HA4L
    Category > 1       0.024      0.000    999.000    999.000

Latent Class 4 Compared to Latent Class 9

 GA33H
    Category > 1       0.000      0.000    999.000    999.000
 GA33K
    Category > 1       0.012      0.548      0.022      0.983
 GA33L
    Category > 1       0.002      0.005      0.399      0.690
 HA4K
    Category > 1       0.036      0.179      0.204      0.839
 HA4L
    Category > 1       0.000      0.000    999.000    999.000

Latent Class 5 Compared to Latent Class 6

 GA33H
    Category > 1       1.605      8.026      0.200      0.841
 GA33K
    Category > 1      52.844    467.589      0.113      0.910
 GA33L
    Category > 1       4.570     47.807      0.096      0.924
 HA4K
    Category > 1       0.146      0.998      0.146      0.884
 HA4L
    Category > 1       0.208      1.294      0.161      0.872

Latent Class 5 Compared to Latent Class 7

 GA33H
    Category > 1       0.346      3.376      0.102      0.918
 GA33K
    Category > 1      23.177    503.175      0.046      0.963
 GA33L
    Category > 1       6.934    240.594      0.029      0.977
 HA4K
    Category > 1       2.263     17.926      0.126      0.900
 HA4L
    Category > 1       9.124     49.227      0.185      0.853

Latent Class 5 Compared to Latent Class 8

 GA33H
    Category > 1       0.051      1.966      0.026      0.979
 GA33K
    Category > 1       3.663     47.587      0.077      0.939
 GA33L
    Category > 1       0.178      0.773      0.230      0.818
 HA4K
    Category > 1       3.419     36.036      0.095      0.924
 HA4L
    Category > 1     892.244   4648.800      0.192      0.848

Latent Class 5 Compared to Latent Class 9

 GA33H
    Category > 1       0.041      0.202      0.201      0.841
 GA33K
    Category > 1       5.264     45.145      0.117      0.907
 GA33L
    Category > 1       0.014      0.143      0.097      0.923
 HA4K
    Category > 1       0.397      2.937      0.135      0.893
 HA4L
    Category > 1       0.102      0.530      0.192      0.848

Latent Class 6 Compared to Latent Class 7

 GA33H
    Category > 1       0.216      1.142      0.189      0.850
 GA33K
    Category > 1       0.439      6.434      0.068      0.946
 GA33L
    Category > 1       1.517     36.973      0.041      0.967
 HA4K
    Category > 1      15.486     21.684      0.714      0.475
 HA4L
    Category > 1      43.838    174.305      0.251      0.801

Latent Class 6 Compared to Latent Class 8

 GA33H
    Category > 1       0.032      1.335      0.024      0.981
 GA33K
    Category > 1       0.069      1.021      0.068      0.946
 GA33L
    Category > 1       0.039      0.504      0.077      0.938
 HA4K
    Category > 1      23.390     94.869      0.247      0.805
 HA4L
    Category > 1    4286.881   4944.408      0.867      0.386

Latent Class 6 Compared to Latent Class 9

 GA33H
    Category > 1       0.025      0.008      3.155      0.002
 GA33K
    Category > 1       0.100      0.268      0.371      0.710
 GA33L
    Category > 1       0.003      0.002      1.959      0.050
 HA4K
    Category > 1       2.713      2.106      1.289      0.197
 HA4L
    Category > 1       0.488      0.563      0.867      0.386

Latent Class 7 Compared to Latent Class 8

 GA33H
    Category > 1       0.147      6.960      0.021      0.983
 GA33K
    Category > 1       0.158      4.581      0.035      0.972
 GA33L
    Category > 1       0.026      0.955      0.027      0.979
 HA4K
    Category > 1       1.510      5.140      0.294      0.769
 HA4L
    Category > 1      97.790    307.963      0.318      0.751

Latent Class 7 Compared to Latent Class 9

 GA33H
    Category > 1       0.117      0.623      0.188      0.851
 GA33K
    Category > 1       0.227      3.816      0.060      0.953
 GA33L
    Category > 1       0.002      0.049      0.041      0.967
 HA4K
    Category > 1       0.175      0.137      1.281      0.200
 HA4L
    Category > 1       0.011      0.035      0.318      0.751

Latent Class 8 Compared to Latent Class 9

 GA33H
    Category > 1       0.798     33.568      0.024      0.981
 GA33K
    Category > 1       1.437     17.718      0.081      0.935
 GA33L
    Category > 1       0.078      1.003      0.077      0.938
 HA4K
    Category > 1       0.116      0.409      0.284      0.777
 HA4L
    Category > 1       0.000      0.000    999.000    999.000


QUALITY OF NUMERICAL RESULTS

     Condition Number for the Information Matrix              0.383E-09
       (ratio of smallest to largest eigenvalue)


TECHNICAL 1 OUTPUT


     PARAMETER SPECIFICATION FOR LATENT CLASS 1


     PARAMETER SPECIFICATION FOR LATENT CLASS 2


     PARAMETER SPECIFICATION FOR LATENT CLASS 3


     PARAMETER SPECIFICATION FOR LATENT CLASS 4


     PARAMETER SPECIFICATION FOR LATENT CLASS 5


     PARAMETER SPECIFICATION FOR LATENT CLASS 6


     PARAMETER SPECIFICATION FOR LATENT CLASS 7


     PARAMETER SPECIFICATION FOR LATENT CLASS 8


     PARAMETER SPECIFICATION FOR LATENT CLASS 9


     PARAMETER SPECIFICATION FOR LATENT CLASS INDICATOR MODEL PART


           TAU(U) FOR LATENT CLASS 1
              GA33H$1       GA33K$1       GA33L$1       HA4K$1        HA4L$1
              ________      ________      ________      ________      ________
 1                  1             2             3             4             5


           TAU(U) FOR LATENT CLASS 2
              GA33H$1       GA33K$1       GA33L$1       HA4K$1        HA4L$1
              ________      ________      ________      ________      ________
 1                  6             7             8             9            10


           TAU(U) FOR LATENT CLASS 3
              GA33H$1       GA33K$1       GA33L$1       HA4K$1        HA4L$1
              ________      ________      ________      ________      ________
 1                 11            12            13            14            15


           TAU(U) FOR LATENT CLASS 4
              GA33H$1       GA33K$1       GA33L$1       HA4K$1        HA4L$1
              ________      ________      ________      ________      ________
 1                 16            17            18            19            20


           TAU(U) FOR LATENT CLASS 5
              GA33H$1       GA33K$1       GA33L$1       HA4K$1        HA4L$1
              ________      ________      ________      ________      ________
 1                 21            22            23            24            25


           TAU(U) FOR LATENT CLASS 6
              GA33H$1       GA33K$1       GA33L$1       HA4K$1        HA4L$1
              ________      ________      ________      ________      ________
 1                 26            27            28            29            30


           TAU(U) FOR LATENT CLASS 7
              GA33H$1       GA33K$1       GA33L$1       HA4K$1        HA4L$1
              ________      ________      ________      ________      ________
 1                 31            32            33            34            35


           TAU(U) FOR LATENT CLASS 8
              GA33H$1       GA33K$1       GA33L$1       HA4K$1        HA4L$1
              ________      ________      ________      ________      ________
 1                 36            37            38            39            40


           TAU(U) FOR LATENT CLASS 9
              GA33H$1       GA33K$1       GA33L$1       HA4K$1        HA4L$1
              ________      ________      ________      ________      ________
 1                 41            42            43            44            45


     PARAMETER SPECIFICATION FOR LATENT CLASS REGRESSION MODEL PART


           ALPHA(C)
              C#1           C#2           C#3           C#4           C#5
              ________      ________      ________      ________      ________
 1                 46            47            48            49            50


           ALPHA(C)
              C#6           C#7           C#8           C#9
              ________      ________      ________      ________
 1                 51            52            53             0


     STARTING VALUES FOR LATENT CLASS 1


     STARTING VALUES FOR LATENT CLASS 2


     STARTING VALUES FOR LATENT CLASS 3


     STARTING VALUES FOR LATENT CLASS 4


     STARTING VALUES FOR LATENT CLASS 5


     STARTING VALUES FOR LATENT CLASS 6


     STARTING VALUES FOR LATENT CLASS 7


     STARTING VALUES FOR LATENT CLASS 8


     STARTING VALUES FOR LATENT CLASS 9


     STARTING VALUES FOR LATENT CLASS INDICATOR MODEL PART


           TAU(U) FOR LATENT CLASS 1
              GA33H$1       GA33K$1       GA33L$1       HA4K$1        HA4L$1
              ________      ________      ________      ________      ________
 1             -1.711        -1.679        -1.661        -1.538        -0.754


           TAU(U) FOR LATENT CLASS 2
              GA33H$1       GA33K$1       GA33L$1       HA4K$1        HA4L$1
              ________      ________      ________      ________      ________
 1             -0.711        -0.679        -0.661        -0.538         0.246


           TAU(U) FOR LATENT CLASS 3
              GA33H$1       GA33K$1       GA33L$1       HA4K$1        HA4L$1
              ________      ________      ________      ________      ________
 1             -0.711        -0.679        -0.661        -0.538         0.246


           TAU(U) FOR LATENT CLASS 4
              GA33H$1       GA33K$1       GA33L$1       HA4K$1        HA4L$1
              ________      ________      ________      ________      ________
 1              0.289         0.321         0.339         0.462         1.246


           TAU(U) FOR LATENT CLASS 5
              GA33H$1       GA33K$1       GA33L$1       HA4K$1        HA4L$1
              ________      ________      ________      ________      ________
 1              0.289         0.321         0.339         0.462         1.246


           TAU(U) FOR LATENT CLASS 6
              GA33H$1       GA33K$1       GA33L$1       HA4K$1        HA4L$1
              ________      ________      ________      ________      ________
 1              0.289         0.321         0.339         0.462         1.246


           TAU(U) FOR LATENT CLASS 7
              GA33H$1       GA33K$1       GA33L$1       HA4K$1        HA4L$1
              ________      ________      ________      ________      ________
 1              1.289         1.321         1.339         1.462         2.246


           TAU(U) FOR LATENT CLASS 8
              GA33H$1       GA33K$1       GA33L$1       HA4K$1        HA4L$1
              ________      ________      ________      ________      ________
 1              1.289         1.321         1.339         1.462         2.246


           TAU(U) FOR LATENT CLASS 9
              GA33H$1       GA33K$1       GA33L$1       HA4K$1        HA4L$1
              ________      ________      ________      ________      ________
 1              2.289         2.321         2.339         2.462         3.246


     STARTING VALUES FOR LATENT CLASS REGRESSION MODEL PART


           ALPHA(C)
              C#1           C#2           C#3           C#4           C#5
              ________      ________      ________      ________      ________
 1              0.000         0.000         0.000         0.000         0.000


           ALPHA(C)
              C#6           C#7           C#8           C#9
              ________      ________      ________      ________
 1              0.000         0.000         0.000         0.000


TECHNICAL 11 OUTPUT

     Random Starts Specifications for the k-1 Class Analysis Model
        Number of initial stage random starts                 200
        Number of final stage optimizations                    50



     VUONG-LO-MENDELL-RUBIN LIKELIHOOD RATIO TEST FOR 8 (H0) VERSUS 9 CLASSES

          H0 Loglikelihood Value                        -5693.496
          2 Times the Loglikelihood Difference              0.000
          Difference in the Number of Parameters                6
          Mean                                             -0.004
          Standard Deviation                                0.035
          P-Value                                          0.4521

     LO-MENDELL-RUBIN ADJUSTED LRT TEST

          Value                                             0.000
          P-Value                                          0.4521


TECHNICAL 14 OUTPUT

     Random Starts Specifications for the k-1 Class Analysis Model
        Number of initial stage random starts                 200
        Number of final stage optimizations                    50

     Random Starts Specification for the k-1 Class Model for Generated Data
        Number of initial stage random starts                   0
        Number of final stage optimizations for the
           initial stage random starts                          0
     Random Starts Specification for the k Class Model for Generated Data
        Number of initial stage random starts                  40
        Number of final stage optimizations                     8
     Number of bootstrap draws requested                   Varies


     PARAMETRIC BOOTSTRAPPED LIKELIHOOD RATIO TEST FOR 8 (H0) VERSUS 9 CLASSES

          H0 Loglikelihood Value                        -5693.496
          2 Times the Loglikelihood Difference              0.000
          Difference in the Number of Parameters                6
          Approximate P-Value                              1.0000
          Successful Bootstrap Draws                            2

     WARNING:  1 OUT OF 3 BOOTSTRAP DRAWS DID NOT CONVERGE.
     INCREASE THE NUMBER OF RANDOM STARTS USING THE LRTSTARTS OPTION.



PLOT INFORMATION

The following plots are available:

  Histograms of sample values
  Scatterplots (sample values)
  Sample proportions and estimated probabilities

     Beginning Time:  16:21:31
        Ending Time:  16:21:38
       Elapsed Time:  00:00:07



MUTHEN & MUTHEN
3463 Stoner Ave.
Los Angeles, CA  90066

Tel: (310) 391-9971
Fax: (310) 391-8971
Web: www.StatModel.com
Support: Support@StatModel.com

Copyright (c) 1998-2013 Muthen & Muthen
