Mplus VERSION 7.11
MUTHEN & MUTHEN
06/27/2013   4:21 PM

INPUT INSTRUCTIONS

  data:
  file is Dataset_Jun21_Final_Mplus.dat;

  Variable:
  names are
  CASEID CASENUM COHORT SCHOOLID G7SSEComp G8SSEComp G9SSEComp G10SSEComp
  G11SSEComp G12SSEComp ABSCIC BBSCIC DBSCIC FBSCIC HASCI1C JASCI1C LASCI1C
  ABSCID BBSCID DBSCID FBSCID HASCI1D
  JASCI1D LASCI1D ABSCIE ABSCIF BBSCIF DBSCIF FBSCIF HASCI1F JASCI1F LASCI1F
  ABSCIG ABSCIH ABSCII ABSCIJ AB15J CB1K EB1K GA1K IA1K KA1K AB15L CB1M EB1M
  GA1M IA1M KA1M AB19E GC19E AB19F GC19F G7PSPComp G9PSPComp G10PSPComp
  G11PSPComp G12PSPComp AB19N DB6L FB2L GC19N HB2L JA2L LA2L AB19Q DB6O FB2O
  GC19Q HB2O JA2O LA2O AB19R FB2P GC19R HB2P JB2P LA2P AB19T DB6Q FB2R GC19T
  HB2R JA2R LA2R AB20A GC10F AB20B GC10J AB20C GC10G AB20D GC10K AB20H GC10N
  AB20K AB22A AB34B CB8B EB8B GA8B IA8B JC3B KA9B AB34D CB8D EB8D GA8D IA8D
  JC3D KA9D AB34J CB8J EB8J GA8K IA8K JC3J KA9K AB35B CB9B EB9B GA9B IA9B JC4B
  KA10B AB35D CB9D EB9D GA9D IA9D JC4D KA10D AB35J CB9J EB9J GA9K IA9K JC4J
  KA10K AB37D CB24D EB25D GA29D IA34D KA41D G7ASCComp G8ASCComp G9ASCComp
  G10ASCComp G11ASCComp G12ASCComp AB37M CB24N EB25N GA29N IA34N KA41N AB37O
  CB24P EB25P GA29P IA34P KA41P AB38B CB26B EB27B GA31B IA36B KA43B AB38H CB26H
  EB27H GA31H IA36H KA43H AB38F CB26F EB27F GA31F IA36F KA43F AB39B CB28B EB29B
  GA32B IA37B KA46B AB39H CB28H EB29H GA32H IA37H KA46H G7SSCComp G8SSCComp
  G9SSCComp G10SSCComp G11SSCComp G12SSCComp AB39M CB29A EB30A GA33A IA38A KA47A
  AB39N CB29B EB30B GA33B IA38B KA47B AB39O CB29C EB30C GA33C IA38C KA47C AB39Q
  CB29E EB30E GA33E IA38E KA47E AB39R CB29F EB30F GA33F IA38F KA47F AB39S CB29G
  EB30G GA33G IA38G KA47G AB39U CB29I EB30I GA33I IA38I KA47I AB39T CB29H EB30H
  GA33H IA38H KA47H AB39W CB29K EB30K GA33K IA38K KA47K AB39X CB29L EB30L GA33L
  IA38L KA47L CB30J EB10J GB10J IA10J KA37J CB30K EB10K GB10K IA10K KA37K CB30M
  EB10M GB10M IA10M KA37M CB30N EB10N GB10N IA10N KA37N BB10K DB1K FB1K HA1K JA1K
  LA1K G7ExC G8ExC G9ExC G10ExC G11ExC G12ExC BB10L DB1L FB1L HA1L JA1L LA1L
  BB10M DB1M FB1M HA1M JA1M LA1M BB11E DB1AA FB1AA HA1AA JA1AA LA1AA BB11J DB1FF
  FB1FF HA1FF JA1EE LA1FF BB11L DB1HH FB1HH HA1HH JA1FF LA1GG BB12A DB2A FB4A
  HA4A JA4A LA4A G7TSPSubC G8TSPSubC G9TSPSubC G10TSPSubC G11TSPSubC G12TSPSubC
  BB12B DB2B FB4B HA4B JA4B LA4B BB12C DB2C FB4C HA4C JA4C LA4C BB12D DB2D FB4D
  HA4D JA4D LA4D BB12E DB2E FB4E HA4E JA4E LA4E BB12F DB2F FB4F HA4F JA4F LA4F
  BB12G DB2G FB4G HA4G JA4G LA4G BB12H DB2H FB4H HA4H JA4H LA4H BB12I DB2I FB4I
  HA4I JA4I LA4I BB12J DB2J FB4J HA4J JA4J LA4J BB12K DB2K FB4K HC4K JC4K LC4K
  BB12L DB2L FB4L HC4L JC4L LC4L BB12M DB2M FB4M HA4K JA4K LA4K BB12N DB2N FB4N
  HA4L JA4L LA4L BB12O DB2O FB4O HA4M JA4M LA4M BB12P DB2P FB4P HA4N JA4N LA4N
  BB17B HA23B JB29B BB17G HC23G BB25A DB15A EB3D FB17A GB27D HA16A IA33D JC15A
  KB36D LC17A BB25B DB15B EB3A FB17B GB27A HA16B IA33A JC15B KB36A LC17B BB25C
  DB15C EB3B FB17C GB27B HA16C IA33B JC15C KB36B LC17C BB25D DB15D EB3C FB17D
  GB27C HA16D IA33C JC15D KB36C LC17D BB25E DB15E EB3E FB17E GB27E HA16E IA33E
  JC15E KB36E LC17E CB3C IA4C CB24F EB25F GB29F IA34F KA41F CB35A EB31A GB35A
  IA40A KA48A CB35F EB31F GC35E IA40F KA48G CB35N EB31N GC35L IA40N KA48O DB16E
  FB18E HB17E JA19E LA16E DB16G FB18G HB17G JA19G LA16G MTH7 MTH8 MTH9 MTH10
  MTH11 MTH12 MOTHED FATHED MOTHOCC FATHOCC RSTEMM RSTEMMX RSTEMMB RSTEMMA
  PACPH7 PACPH8 PACPH9 PACPH10 PACPH11 PACPH12 PCOPH7 PCOPH8 PCOPH9 PCOPH10
  PCOPH11 PCOPH12 PMHPH7 PMHPH8 PMHPH9 PMHPH10 PMHPH11 PMHPH12 PSCPH7 PSCPH9
  PSCPH10 PSCPH11 PSCPH12 HSCRE7 HSCRE10 HSCRE11 KMHPH7 KMHPH8 KMHPH9 KMHPH10
  KMHPH11 KMHPH12 KMHSCPH7 KMHSCPH8 KMHSCPH9 KMHSCPH10 KMHSCPH11 KMHSCPH12
  KSCPH7 KSCPH8 KSCPH9 KSCPH10 KSCPH11 KSCPH12 KACPH10 KACPH11 KACPH12 KACPH7
  KACPH8 KACPH9 GENDER FEMALE RACETH3 RACETH MINORITY STEMMJOB STEMMJOB1 MOTHED1
  FATHED1 POCI POCI1 ASCIIRT CSCIIRT ESCIIRT GSCIIRT ISCIIRT KSCIIRT NUMHSSCI;


  usevar = GA33H GA33K GA33L HA4K HA4L;
  categorical = GA33H GA33K GA33L HA4K HA4L;

  missing are all (9999);
  classes =c (8);

  Define:
   cut GA33H GA33K GA33L (3);

  Analysis:
  Type=mixture;
   starts = 200 50;
   process = 4(starts);

  Output:
   sampstat tech11 tech14;

  Plot:
  type=plot3;
  series =GA33H GA33K GA33L HA4K HA4L(*);



*** WARNING in OUTPUT command
  SAMPSTAT option is not available when all outcomes are censored, ordered
  categorical, unordered categorical (nominal), count or continuous-time
  survival variables.  Request for SAMPSTAT is ignored.
*** WARNING
  Data set contains cases with missing on all variables.
  These cases were not included in the analysis.
  Number of cases with missing on all variables:  757
   2 WARNING(S) FOUND IN THE INPUT INSTRUCTIONS




SUMMARY OF ANALYSIS

Number of groups                                                 1
Number of observations                                        2359

Number of dependent variables                                    5
Number of independent variables                                  0
Number of continuous latent variables                            0
Number of categorical latent variables                           1

Observed dependent variables

  Binary and ordered categorical (ordinal)
   GA33H       GA33K       GA33L       HA4K        HA4L

Categorical latent variables
   C


Estimator                                                      MLR
Information matrix                                        OBSERVED
Optimization Specifications for the Quasi-Newton Algorithm for
Continuous Outcomes
  Maximum number of iterations                                 100
  Convergence criterion                                  0.100D-05
Optimization Specifications for the EM Algorithm
  Maximum number of iterations                                 500
  Convergence criteria
    Loglikelihood change                                 0.100D-06
    Relative loglikelihood change                        0.100D-06
    Derivative                                           0.100D-05
Optimization Specifications for the M step of the EM Algorithm for
Categorical Latent variables
  Number of M step iterations                                    1
  M step convergence criterion                           0.100D-05
  Basis for M step termination                           ITERATION
Optimization Specifications for the M step of the EM Algorithm for
Censored, Binary or Ordered Categorical (Ordinal), Unordered
Categorical (Nominal) and Count Outcomes
  Number of M step iterations                                    1
  M step convergence criterion                           0.100D-05
  Basis for M step termination                           ITERATION
  Maximum value for logit thresholds                            15
  Minimum value for logit thresholds                           -15
  Minimum expected cell size for chi-square              0.100D-01
Maximum number of iterations for H1                           2000
Convergence criterion for H1                             0.100D-03
Optimization algorithm                                         EMA
Random Starts Specifications
  Number of initial stage random starts                        200
  Number of final stage optimizations                           50
  Number of initial stage iterations                            10
  Initial stage convergence criterion                    0.100D+01
  Random starts scale                                    0.500D+01
  Random seed for generating random starts                       0
Link                                                         LOGIT

Input data file(s)
  Dataset_Jun21_Final_Mplus.dat
Input data format  FREE


SUMMARY OF DATA

     Number of missing data patterns            14
     Number of y missing data patterns           0
     Number of u missing data patterns          14


COVARIANCE COVERAGE OF DATA

Minimum covariance coverage value   0.100


     PROPORTION OF DATA PRESENT FOR U


           Covariance Coverage
              GA33H         GA33K         GA33L         HA4K          HA4L
              ________      ________      ________      ________      ________
 GA33H          0.947
 GA33K          0.940         0.949
 GA33L          0.945         0.946         0.954
 HA4K           0.764         0.763         0.767         0.813
 HA4L           0.764         0.763         0.766         0.811         0.812


UNIVARIATE PROPORTIONS AND COUNTS FOR CATEGORICAL VARIABLES

    GA33H
      Category 1    0.572     1278.000
      Category 2    0.428      957.000
    GA33K
      Category 1    0.580     1297.000
      Category 2    0.420      941.000
    GA33L
      Category 1    0.584     1314.000
      Category 2    0.416      936.000
    HA4K
      Category 1    0.613     1176.000
      Category 2    0.387      741.000
    HA4L
      Category 1    0.777     1488.000
      Category 2    0.223      428.000


RANDOM STARTS RESULTS RANKED FROM THE BEST TO THE WORST LOGLIKELIHOOD VALUES

Final stage loglikelihood values at local maxima, seeds, and initial stage start numbers:

           -5693.496  570908           98
           -5693.496  966014           37
           -5693.496  202790           198
           -5693.496  372176           23
           -5693.496  608496           4
           -5693.496  76974            16
           -5693.496  168762           200
           -5693.496  321390           133
           -5693.496  794236           127
           -5693.496  415502           194
           -5693.496  136842           58
           -5693.496  788796           145
           -5693.496  784664           75
           -5693.496  170954           86
           -5693.496  751054           117
           -5693.496  247224           94
           -5693.496  345070           114
           -5693.496  436460           89
           -5693.496  369602           146
           -5693.496  645664           39
           -5693.496  329127           185
           -5693.496  479273           156
           -5693.496  292884           103
           -5693.496  754100           56
           -5693.496  987090           70
           -5693.496  782200           84
           -5693.496  462953           7
           -5693.496  93468            3
           -5693.496  533738           11
           -5693.496  863094           147
           -5693.496  70118            104
           -5693.496  967902           52
           -5693.496  364676           27
           -5693.496  297518           166
           -5693.496  464179           106
           -5693.496  848163           47
           -5693.496  526324           178
           -5693.496  253358           2
           -5693.496  468036           131
           -5693.496  723775           97
           -5693.496  476498           179
           -5693.496  575700           100
           -5693.496  40340            188
           -5693.658  626891           32
           -5693.806  674171           195
           -5693.812  393232           152
           -5694.330  215353           164
           -5694.458  165853           105

2 perturbed starting value run(s) did not converge.



THE BEST LOGLIKELIHOOD VALUE HAS BEEN REPLICATED.  RERUN WITH AT LEAST TWICE THE
RANDOM STARTS TO CHECK THAT THE BEST LOGLIKELIHOOD IS STILL OBTAINED AND REPLICATED.

     THE STANDARD ERRORS OF THE MODEL PARAMETER ESTIMATES MAY NOT BE
     TRUSTWORTHY FOR SOME PARAMETERS DUE TO A NON-POSITIVE DEFINITE
     FIRST-ORDER DERIVATIVE PRODUCT MATRIX.  THIS MAY BE DUE TO THE STARTING
     VALUES BUT MAY ALSO BE AN INDICATION OF MODEL NONIDENTIFICATION.  THE
     CONDITION NUMBER IS      -0.200D-16.  PROBLEM INVOLVING PARAMETER 41.

     ONE OR MORE PARAMETERS WERE FIXED TO AVOID SINGULARITY OF THE
     INFORMATION MATRIX. THE SINGULARITY IS MOST LIKELY BECAUSE THE
     MODEL IS NOT IDENTIFIED, OR BECAUSE OF EMPTY CELLS IN THE JOINT
     DISTRIBUTION OF THE CATEGORICAL VARIABLES IN THE MODEL.
     THE FOLLOWING PARAMETERS WERE FIXED:
     39 40 42 43 44 45 47 13 38 2



THE MODEL ESTIMATION TERMINATED NORMALLY

     THE DEGREES OF FREEDOM FOR THIS MODEL ARE NEGATIVE.  THE MODEL IS NOT
     IDENTIFIED OR TOO MANY CELLS WERE DELETED.  A CHI-SQUARE TEST IS NOT
     AVAILABLE.



MODEL FIT INFORMATION

Number of Free Parameters                       47

Loglikelihood

          H0 Value                       -5693.496
          H0 Scaling Correction Factor      0.7447
            for MLR

Information Criteria

          Akaike (AIC)                   11480.992
          Bayesian (BIC)                 11751.994
          Sample-Size Adjusted BIC       11602.665
            (n* = (n + 2) / 24)



FINAL CLASS COUNTS AND PROPORTIONS FOR THE LATENT CLASSES
BASED ON THE ESTIMATED MODEL

    Latent
   Classes

       1        378.25720          0.16035
       2        236.18663          0.10012
       3        150.46397          0.06378
       4        681.47104          0.28888
       5        113.40604          0.04807
       6        397.76256          0.16861
       7        263.12230          0.11154
       8        138.33026          0.05864


FINAL CLASS COUNTS AND PROPORTIONS FOR THE LATENT CLASS PATTERNS
BASED ON ESTIMATED POSTERIOR PROBABILITIES

    Latent
   Classes

       1        378.25720          0.16035
       2        236.18662          0.10012
       3        150.46397          0.06378
       4        681.47103          0.28888
       5        113.40605          0.04807
       6        397.76256          0.16861
       7        263.12231          0.11154
       8        138.33027          0.05864


CLASSIFICATION QUALITY

     Entropy                         0.589


CLASSIFICATION OF INDIVIDUALS BASED ON THEIR MOST LIKELY LATENT CLASS MEMBERSHIP

Class Counts and Proportions

    Latent
   Classes

       1              542          0.22976
       2              204          0.08648
       3               81          0.03434
       4              853          0.36159
       5               65          0.02755
       6              344          0.14582
       7              229          0.09708
       8               41          0.01738


Average Latent Class Probabilities for Most Likely Latent Class Membership (Row)
by Latent Class (Column)

           1        2        3        4        5        6        7        8

    1   0.623    0.107    0.119    0.002    0.056    0.004    0.004    0.086
    2   0.002    0.787    0.108    0.000    0.051    0.049    0.001    0.001
    3   0.000    0.119    0.613    0.002    0.032    0.080    0.009    0.146
    4   0.015    0.000    0.002    0.747    0.008    0.102    0.100    0.026
    5   0.033    0.005    0.000    0.039    0.448    0.200    0.236    0.039
    6   0.008    0.008    0.010    0.047    0.048    0.756    0.114    0.010
    7   0.099    0.020    0.000    0.100    0.076    0.079    0.520    0.105
    8   0.001    0.002    0.225    0.031    0.011    0.023    0.028    0.678


Classification Probabilities for the Most Likely Latent Class Membership (Row)
by Latent Class (Column)

           1        2        3        4        5        6        7        8

    1   0.892    0.001    0.000    0.033    0.006    0.007    0.060    0.000
    2   0.247    0.680    0.041    0.001    0.001    0.012    0.019    0.000
    3   0.427    0.147    0.330    0.012    0.000    0.022    0.001    0.061
    4   0.002    0.000    0.000    0.936    0.004    0.024    0.034    0.002
    5   0.267    0.091    0.023    0.059    0.257    0.145    0.154    0.004
    6   0.006    0.025    0.016    0.218    0.033    0.654    0.046    0.002
    7   0.008    0.001    0.003    0.325    0.058    0.149    0.453    0.004
    8   0.336    0.001    0.085    0.158    0.018    0.026    0.174    0.201


Logits for the Classification Probabilities for the Most Likely Latent Class Membership (Row)
by Latent Class (Column)

              1        2        3        4        5        6        7        8

    1      8.659    2.092   -0.385    5.375    3.612    3.829    5.960    0.000
    2      6.361    7.375    4.558    0.386    1.212    3.296    3.798    0.000
    3      1.943    0.873    1.683   -1.640   -7.299   -1.011   -4.455    0.000
    4     -0.208   -7.526   -1.886    6.223    0.694    2.539    2.897    0.000
    5      4.232    3.158    1.760    2.717    4.192    3.623    3.681    0.000
    6      0.853    2.356    1.907    4.509    2.609    5.605    2.942    0.000
    7      0.535   -1.616   -0.474    4.295    2.577    3.515    4.629    0.000
    8      0.513   -4.903   -0.855   -0.238   -2.402   -2.047   -0.145    0.000


MODEL RESULTS

                                                    Two-Tailed
                    Estimate       S.E.  Est./S.E.    P-Value

Latent Class 1

 Thresholds
    GA33H$1           -1.420      2.851     -0.498      0.619
    GA33K$1           -7.909      0.000    999.000    999.000
    GA33L$1           -2.600      6.401     -0.406      0.685
    HA4K$1             0.915      1.276      0.717      0.473
    HA4L$1            15.000      0.000    999.000    999.000

Latent Class 2

 Thresholds
    GA33H$1           -2.810      1.239     -2.269      0.023
    GA33K$1           -2.950      3.281     -0.899      0.369
    GA33L$1           -2.472      0.943     -2.623      0.009
    HA4K$1           -15.000      0.000    999.000    999.000
    HA4L$1            -1.733      2.835     -0.611      0.541

Latent Class 3

 Thresholds
    GA33H$1          -15.000      0.000    999.000    999.000
    GA33K$1           -0.861      0.532     -1.618      0.106
    GA33L$1           -7.945      0.000    999.000    999.000
    HA4K$1            -0.163      3.316     -0.049      0.961
    HA4L$1             0.225      2.578      0.087      0.931

Latent Class 4

 Thresholds
    GA33H$1            3.732     19.039      0.196      0.845
    GA33K$1            3.882      3.846      1.009      0.313
    GA33L$1            2.576      3.808      0.676      0.499
    HA4K$1             3.467     11.763      0.295      0.768
    HA4L$1            15.000      0.000    999.000    999.000

Latent Class 5

 Thresholds
    GA33H$1            1.171      2.098      0.558      0.577
    GA33K$1           -1.801     24.573     -0.073      0.942
    GA33L$1            0.165      2.378      0.070      0.945
    HA4K$1            -0.258      2.580     -0.100      0.920
    HA4L$1             0.550      3.015      0.182      0.855

Latent Class 6

 Thresholds
    GA33H$1            1.674      0.373      4.489      0.000
    GA33K$1            2.526      3.352      0.753      0.451
    GA33L$1            1.936      1.332      1.453      0.146
    HA4K$1            -1.492      1.121     -1.331      0.183
    HA4L$1             0.022      0.732      0.030      0.976

Latent Class 7

 Thresholds
    GA33H$1            0.112      7.560      0.015      0.988
    GA33K$1            0.925      1.904      0.486      0.627
    GA33L$1            3.784     23.942      0.158      0.874
    HA4K$1             1.127      3.453      0.326      0.744
    HA4L$1             3.770      5.190      0.726      0.468

Latent Class 8

 Thresholds
    GA33H$1           -1.030     12.821     -0.080      0.936
    GA33K$1            0.065      5.459      0.012      0.991
    GA33L$1           -1.170      0.000    999.000    999.000
    HA4K$1             3.031      0.000    999.000    999.000
    HA4L$1             2.498      0.000    999.000    999.000

Categorical Latent Variables

 Means
    C#1                1.006      0.568      1.771      0.076
    C#2                0.535      0.000    999.000    999.000
    C#3                0.084      0.000    999.000    999.000
    C#4                1.595      0.000    999.000    999.000
    C#5               -0.199      0.000    999.000    999.000
    C#6                1.056      0.498      2.120      0.034
    C#7                0.643      0.000    999.000    999.000


RESULTS IN PROBABILITY SCALE

Latent Class 1

 GA33H
    Category 1         0.195      0.447      0.436      0.663
    Category 2         0.805      0.447      1.801      0.072
 GA33K
    Category 1         0.000      0.000      0.000      1.000
    Category 2         1.000      0.000      0.000      1.000
 GA33L
    Category 1         0.069      0.412      0.168      0.867
    Category 2         0.931      0.412      2.260      0.024
 HA4K
    Category 1         0.714      0.261      2.741      0.006
    Category 2         0.286      0.261      1.097      0.272
 HA4L
    Category 1         1.000      0.000      0.000      1.000
    Category 2         0.000      0.000      0.000      1.000

Latent Class 2

 GA33H
    Category 1         0.057      0.066      0.856      0.392
    Category 2         0.943      0.066     14.222      0.000
 GA33K
    Category 1         0.050      0.155      0.321      0.748
    Category 2         0.950      0.155      6.127      0.000
 GA33L
    Category 1         0.078      0.068      1.151      0.250
    Category 2         0.922      0.068     13.633      0.000
 HA4K
    Category 1         0.000      0.000      0.000      1.000
    Category 2         1.000      0.000      0.000      1.000
 HA4L
    Category 1         0.150      0.362      0.415      0.678
    Category 2         0.850      0.362      2.349      0.019

Latent Class 3

 GA33H
    Category 1         0.000      0.000      0.000      1.000
    Category 2         1.000      0.000      0.000      1.000
 GA33K
    Category 1         0.297      0.111      2.675      0.007
    Category 2         0.703      0.111      6.326      0.000
 GA33L
    Category 1         0.000      0.000      0.000      1.000
    Category 2         1.000      0.000      0.000      1.000
 HA4K
    Category 1         0.459      0.823      0.558      0.577
    Category 2         0.541      0.823      0.657      0.511
 HA4L
    Category 1         0.556      0.637      0.873      0.382
    Category 2         0.444      0.637      0.698      0.485

Latent Class 4

 GA33H
    Category 1         0.977      0.435      2.246      0.025
    Category 2         0.023      0.435      0.054      0.957
 GA33K
    Category 1         0.980      0.076     12.875      0.000
    Category 2         0.020      0.076      0.265      0.791
 GA33L
    Category 1         0.929      0.250      3.714      0.000
    Category 2         0.071      0.250      0.283      0.777
 HA4K
    Category 1         0.970      0.345      2.810      0.005
    Category 2         0.030      0.345      0.088      0.930
 HA4L
    Category 1         1.000      0.000      0.000      1.000
    Category 2         0.000      0.000      0.000      1.000

Latent Class 5

 GA33H
    Category 1         0.763      0.379      2.014      0.044
    Category 2         0.237      0.379      0.624      0.532
 GA33K
    Category 1         0.142      2.989      0.047      0.962
    Category 2         0.858      2.989      0.287      0.774
 GA33L
    Category 1         0.541      0.590      0.917      0.359
    Category 2         0.459      0.590      0.777      0.437
 HA4K
    Category 1         0.436      0.634      0.687      0.492
    Category 2         0.564      0.634      0.889      0.374
 HA4L
    Category 1         0.634      0.699      0.906      0.365
    Category 2         0.366      0.699      0.523      0.601

Latent Class 6

 GA33H
    Category 1         0.842      0.050     16.984      0.000
    Category 2         0.158      0.050      3.185      0.001
 GA33K
    Category 1         0.926      0.230      4.027      0.000
    Category 2         0.074      0.230      0.322      0.747
 GA33L
    Category 1         0.874      0.147      5.950      0.000
    Category 2         0.126      0.147      0.859      0.390
 HA4K
    Category 1         0.184      0.168      1.093      0.275
    Category 2         0.816      0.168      4.858      0.000
 HA4L
    Category 1         0.506      0.183      2.762      0.006
    Category 2         0.494      0.183      2.701      0.007

Latent Class 7

 GA33H
    Category 1         0.528      1.884      0.280      0.779
    Category 2         0.472      1.884      0.251      0.802
 GA33K
    Category 1         0.716      0.387      1.850      0.064
    Category 2         0.284      0.387      0.733      0.463
 GA33L
    Category 1         0.978      0.520      1.880      0.060
    Category 2         0.022      0.520      0.043      0.966
 HA4K
    Category 1         0.755      0.638      1.183      0.237
    Category 2         0.245      0.638      0.383      0.701
 HA4L
    Category 1         0.977      0.114      8.551      0.000
    Category 2         0.023      0.114      0.197      0.844

Latent Class 8

 GA33H
    Category 1         0.263      2.485      0.106      0.916
    Category 2         0.737      2.485      0.297      0.767
 GA33K
    Category 1         0.516      1.363      0.379      0.705
    Category 2         0.484      1.363      0.355      0.723
 GA33L
    Category 1         0.237      0.000      0.000      1.000
    Category 2         0.763      0.000      0.000      1.000
 HA4K
    Category 1         0.954      0.000      0.000      1.000
    Category 2         0.046      0.000      0.000      1.000
 HA4L
    Category 1         0.924      0.000      0.000      1.000
    Category 2         0.076      0.000      0.000      1.000


LATENT CLASS ODDS RATIO RESULTS

Latent Class 1 Compared to Latent Class 2

 GA33H
    Category > 1       0.249      0.508      0.489      0.625
 GA33K
    Category > 1     142.459    467.358      0.305      0.761
 GA33L
    Category > 1       1.137      6.542      0.174      0.862
 HA4K
    Category > 1       0.000      0.000    999.000    999.000
 HA4L
    Category > 1       0.000      0.000    999.000    999.000

Latent Class 1 Compared to Latent Class 3

 GA33H
    Category > 1       0.000      0.000    999.000    999.000
 GA33K
    Category > 1    1150.792    612.076      1.880      0.060
 GA33L
    Category > 1       0.005      0.031      0.156      0.876
 HA4K
    Category > 1       0.340      1.379      0.246      0.805
 HA4L
    Category > 1       0.000      0.000    999.000    999.000

Latent Class 1 Compared to Latent Class 4

 GA33H
    Category > 1     172.667   3763.971      0.046      0.963
 GA33K
    Category > 1   *********  *********      0.260      0.795
 GA33L
    Category > 1     176.990   1761.886      0.100      0.920
 HA4K
    Category > 1      12.831    157.379      0.082      0.935
 HA4L
    Category > 1       1.000      0.000    999.000    999.000

Latent Class 1 Compared to Latent Class 5

 GA33H
    Category > 1      13.340     29.368      0.454      0.650
 GA33K
    Category > 1     449.240  11039.243      0.041      0.968
 GA33L
    Category > 1      15.891    132.426      0.120      0.904
 HA4K
    Category > 1       0.309      0.960      0.322      0.747
 HA4L
    Category > 1       0.000      0.000    999.000    999.000

Latent Class 1 Compared to Latent Class 6

 GA33H
    Category > 1      22.048     61.300      0.360      0.719
 GA33K
    Category > 1   34010.492  *********      0.298      0.765
 GA33L
    Category > 1      93.314    500.525      0.186      0.852
 HA4K
    Category > 1       0.090      0.110      0.818      0.413
 HA4L
    Category > 1       0.000      0.000    999.000    999.000

Latent Class 1 Compared to Latent Class 7

 GA33H
    Category > 1       4.623     22.116      0.209      0.834
 GA33K
    Category > 1    6864.143  13071.437      0.525      0.599
 GA33L
    Category > 1     592.699  11724.723      0.051      0.960
 HA4K
    Category > 1       1.236      3.859      0.320      0.749
 HA4L
    Category > 1       0.000      0.000    999.000    999.000

Latent Class 1 Compared to Latent Class 8

 GA33H
    Category > 1       1.476     23.078      0.064      0.949
 GA33K
    Category > 1    2902.552  15844.338      0.183      0.855
 GA33L
    Category > 1       4.180     26.757      0.156      0.876
 HA4K
    Category > 1       8.292     10.581      0.784      0.433
 HA4L
    Category > 1       0.000      0.000    999.000    999.000

Latent Class 2 Compared to Latent Class 3

 GA33H
    Category > 1       0.000      0.000    999.000    999.000
 GA33K
    Category > 1       8.078     25.983      0.311      0.756
 GA33L
    Category > 1       0.004      0.004      1.061      0.289
 HA4K
    Category > 1   *********      0.000    999.000    999.000
 HA4L
    Category > 1       7.087     37.724      0.188      0.851

Latent Class 2 Compared to Latent Class 4

 GA33H
    Category > 1     693.904  13858.135      0.050      0.960
 GA33K
    Category > 1     926.759   5537.169      0.167      0.867
 GA33L
    Category > 1     155.721    717.346      0.217      0.828
 HA4K
    Category > 1   *********      0.000    999.000    999.000
 HA4L
    Category > 1   *********      0.000    999.000    999.000

Latent Class 2 Compared to Latent Class 5

 GA33H
    Category > 1      53.612    100.580      0.533      0.594
 GA33K
    Category > 1       3.153     83.126      0.038      0.970
 GA33L
    Category > 1      13.981     44.031      0.318      0.751
 HA4K
    Category > 1   *********      0.000    999.000    999.000
 HA4L
    Category > 1       9.807     41.833      0.234      0.815

Latent Class 2 Compared to Latent Class 6

 GA33H
    Category > 1      88.605    109.614      0.808      0.419
 GA33K
    Category > 1     238.740    632.791      0.377      0.706
 GA33L
    Category > 1      82.101     83.799      0.980      0.327
 HA4K
    Category > 1   *********      0.000    999.000    999.000
 HA4L
    Category > 1       5.787     16.087      0.360      0.719

Latent Class 2 Compared to Latent Class 7

 GA33H
    Category > 1      18.578    123.978      0.150      0.881
 GA33K
    Category > 1      48.183    215.623      0.223      0.823
 GA33L
    Category > 1     521.477  12134.699      0.043      0.966
 HA4K
    Category > 1   *********      0.000    999.000    999.000
 HA4L
    Category > 1     245.521   1445.056      0.170      0.865

Latent Class 2 Compared to Latent Class 8

 GA33H
    Category > 1       5.930     81.967      0.072      0.942
 GA33K
    Category > 1      20.375    101.637      0.200      0.841
 GA33L
    Category > 1       3.678      3.467      1.061      0.289
 HA4K
    Category > 1   *********      0.000    999.000    999.000
 HA4L
    Category > 1      68.785    194.993      0.353      0.724

Latent Class 3 Compared to Latent Class 4

 GA33H
    Category > 1   *********      0.000    999.000    999.000
 GA33K
    Category > 1     114.725    450.997      0.254      0.799
 GA33L
    Category > 1   37064.160  *********      0.263      0.793
 HA4K
    Category > 1      37.741    534.219      0.071      0.944
 HA4L
    Category > 1   *********      0.000    999.000    999.000

Latent Class 3 Compared to Latent Class 5

 GA33H
    Category > 1   *********      0.000    999.000    999.000
 GA33K
    Category > 1       0.390      9.630      0.041      0.968
 GA33L
    Category > 1    3327.783   7913.385      0.421      0.674
 HA4K
    Category > 1       0.910      5.034      0.181      0.857
 HA4L
    Category > 1       1.384      4.909      0.282      0.778

Latent Class 3 Compared to Latent Class 6

 GA33H
    Category > 1   *********      0.000    999.000    999.000
 GA33K
    Category > 1      29.554     96.796      0.305      0.760
 GA33L
    Category > 1   19541.240  26037.824      0.750      0.453
 HA4K
    Category > 1       0.265      0.798      0.332      0.740
 HA4L
    Category > 1       0.817      2.421      0.337      0.736

Latent Class 3 Compared to Latent Class 7

 GA33H
    Category > 1   *********      0.000    999.000    999.000
 GA33K
    Category > 1       5.965     12.108      0.493      0.622
 GA33L
    Category > 1   *********  *********      0.042      0.967
 HA4K
    Category > 1       3.634     11.666      0.312      0.755
 HA4L
    Category > 1      34.646    197.992      0.175      0.861

Latent Class 3 Compared to Latent Class 8

 GA33H
    Category > 1   *********      0.000    999.000    999.000
 GA33K
    Category > 1       2.522     13.681      0.184      0.854
 GA33L
    Category > 1     875.406      0.000    999.000    999.000
 HA4K
    Category > 1      24.389     80.874      0.302      0.763
 HA4L
    Category > 1       9.706     25.027      0.388      0.698

Latent Class 4 Compared to Latent Class 5

 GA33H
    Category > 1       0.077      1.585      0.049      0.961
 GA33K
    Category > 1       0.003      0.074      0.046      0.963
 GA33L
    Category > 1       0.090      0.181      0.496      0.620
 HA4K
    Category > 1       0.024      0.223      0.108      0.914
 HA4L
    Category > 1       0.000      0.000    999.000    999.000

Latent Class 4 Compared to Latent Class 6

 GA33H
    Category > 1       0.128      2.446      0.052      0.958
 GA33K
    Category > 1       0.258      1.742      0.148      0.882
 GA33L
    Category > 1       0.527      2.630      0.200      0.841
 HA4K
    Category > 1       0.007      0.090      0.078      0.938
 HA4L
    Category > 1       0.000      0.000    999.000    999.000

Latent Class 4 Compared to Latent Class 7

 GA33H
    Category > 1       0.027      0.710      0.038      0.970
 GA33K
    Category > 1       0.052      0.240      0.216      0.829
 GA33L
    Category > 1       3.349     92.104      0.036      0.971
 HA4K
    Category > 1       0.096      1.453      0.066      0.947
 HA4L
    Category > 1       0.000      0.000    999.000    999.000

Latent Class 4 Compared to Latent Class 8

 GA33H
    Category > 1       0.009      0.071      0.120      0.904
 GA33K
    Category > 1       0.022      0.189      0.116      0.907
 GA33L
    Category > 1       0.024      0.090      0.263      0.793
 HA4K
    Category > 1       0.646      7.601      0.085      0.932
 HA4L
    Category > 1       0.000      0.000    999.000    999.000

Latent Class 5 Compared to Latent Class 6

 GA33H
    Category > 1       1.653      3.277      0.504      0.614
 GA33K
    Category > 1      75.707   2095.284      0.036      0.971
 GA33L
    Category > 1       5.872     20.659      0.284      0.776
 HA4K
    Category > 1       0.291      1.036      0.281      0.779
 HA4L
    Category > 1       0.590      2.108      0.280      0.779

Latent Class 5 Compared to Latent Class 7

 GA33H
    Category > 1       0.347      2.211      0.157      0.875
 GA33K
    Category > 1      15.279    368.311      0.041      0.967
 GA33L
    Category > 1      37.298    972.075      0.038      0.969
 HA4K
    Category > 1       3.994     23.545      0.170      0.865
 HA4L
    Category > 1      25.035     97.229      0.257      0.797

Latent Class 5 Compared to Latent Class 8

 GA33H
    Category > 1       0.111      1.576      0.070      0.944
 GA33K
    Category > 1       6.461    192.835      0.034      0.973
 GA33L
    Category > 1       0.263      0.626      0.421      0.674
 HA4K
    Category > 1      26.805     69.164      0.388      0.698
 HA4L
    Category > 1       7.014     21.144      0.332      0.740

Latent Class 6 Compared to Latent Class 7

 GA33H
    Category > 1       0.210      1.569      0.134      0.894
 GA33K
    Category > 1       0.202      0.857      0.236      0.814
 GA33L
    Category > 1       6.352    145.816      0.044      0.965
 HA4K
    Category > 1      13.724     33.723      0.407      0.684
 HA4L
    Category > 1      42.425    233.715      0.182      0.856

Latent Class 6 Compared to Latent Class 8

 GA33H
    Category > 1       0.067      0.864      0.077      0.938
 GA33K
    Category > 1       0.085      0.277      0.308      0.758
 GA33L
    Category > 1       0.045      0.060      0.750      0.453
 HA4K
    Category > 1      92.105    103.260      0.892      0.372
 HA4L
    Category > 1      11.886      8.703      1.366      0.172

Latent Class 7 Compared to Latent Class 8

 GA33H
    Category > 1       0.319      6.464      0.049      0.961
 GA33K
    Category > 1       0.423      2.738      0.154      0.877
 GA33L
    Category > 1       0.007      0.169      0.042      0.967
 HA4K
    Category > 1       6.711     23.176      0.290      0.772
 HA4L
    Category > 1       0.280      1.454      0.193      0.847


QUALITY OF NUMERICAL RESULTS

     Condition Number for the Information Matrix              0.457E-09
       (ratio of smallest to largest eigenvalue)


TECHNICAL 1 OUTPUT


     PARAMETER SPECIFICATION FOR LATENT CLASS 1


     PARAMETER SPECIFICATION FOR LATENT CLASS 2


     PARAMETER SPECIFICATION FOR LATENT CLASS 3


     PARAMETER SPECIFICATION FOR LATENT CLASS 4


     PARAMETER SPECIFICATION FOR LATENT CLASS 5


     PARAMETER SPECIFICATION FOR LATENT CLASS 6


     PARAMETER SPECIFICATION FOR LATENT CLASS 7


     PARAMETER SPECIFICATION FOR LATENT CLASS 8


     PARAMETER SPECIFICATION FOR LATENT CLASS INDICATOR MODEL PART


           TAU(U) FOR LATENT CLASS 1
              GA33H$1       GA33K$1       GA33L$1       HA4K$1        HA4L$1
              ________      ________      ________      ________      ________
 1                  1             2             3             4             5


           TAU(U) FOR LATENT CLASS 2
              GA33H$1       GA33K$1       GA33L$1       HA4K$1        HA4L$1
              ________      ________      ________      ________      ________
 1                  6             7             8             9            10


           TAU(U) FOR LATENT CLASS 3
              GA33H$1       GA33K$1       GA33L$1       HA4K$1        HA4L$1
              ________      ________      ________      ________      ________
 1                 11            12            13            14            15


           TAU(U) FOR LATENT CLASS 4
              GA33H$1       GA33K$1       GA33L$1       HA4K$1        HA4L$1
              ________      ________      ________      ________      ________
 1                 16            17            18            19            20


           TAU(U) FOR LATENT CLASS 5
              GA33H$1       GA33K$1       GA33L$1       HA4K$1        HA4L$1
              ________      ________      ________      ________      ________
 1                 21            22            23            24            25


           TAU(U) FOR LATENT CLASS 6
              GA33H$1       GA33K$1       GA33L$1       HA4K$1        HA4L$1
              ________      ________      ________      ________      ________
 1                 26            27            28            29            30


           TAU(U) FOR LATENT CLASS 7
              GA33H$1       GA33K$1       GA33L$1       HA4K$1        HA4L$1
              ________      ________      ________      ________      ________
 1                 31            32            33            34            35


           TAU(U) FOR LATENT CLASS 8
              GA33H$1       GA33K$1       GA33L$1       HA4K$1        HA4L$1
              ________      ________      ________      ________      ________
 1                 36            37            38            39            40


     PARAMETER SPECIFICATION FOR LATENT CLASS REGRESSION MODEL PART


           ALPHA(C)
              C#1           C#2           C#3           C#4           C#5
              ________      ________      ________      ________      ________
 1                 41            42            43            44            45


           ALPHA(C)
              C#6           C#7           C#8
              ________      ________      ________
 1                 46            47             0


     STARTING VALUES FOR LATENT CLASS 1


     STARTING VALUES FOR LATENT CLASS 2


     STARTING VALUES FOR LATENT CLASS 3


     STARTING VALUES FOR LATENT CLASS 4


     STARTING VALUES FOR LATENT CLASS 5


     STARTING VALUES FOR LATENT CLASS 6


     STARTING VALUES FOR LATENT CLASS 7


     STARTING VALUES FOR LATENT CLASS 8


     STARTING VALUES FOR LATENT CLASS INDICATOR MODEL PART


           TAU(U) FOR LATENT CLASS 1
              GA33H$1       GA33K$1       GA33L$1       HA4K$1        HA4L$1
              ________      ________      ________      ________      ________
 1             -1.711        -1.679        -1.661        -1.538        -0.754


           TAU(U) FOR LATENT CLASS 2
              GA33H$1       GA33K$1       GA33L$1       HA4K$1        HA4L$1
              ________      ________      ________      ________      ________
 1             -0.711        -0.679        -0.661        -0.538         0.246


           TAU(U) FOR LATENT CLASS 3
              GA33H$1       GA33K$1       GA33L$1       HA4K$1        HA4L$1
              ________      ________      ________      ________      ________
 1              0.289         0.321         0.339         0.462         1.246


           TAU(U) FOR LATENT CLASS 4
              GA33H$1       GA33K$1       GA33L$1       HA4K$1        HA4L$1
              ________      ________      ________      ________      ________
 1              0.289         0.321         0.339         0.462         1.246


           TAU(U) FOR LATENT CLASS 5
              GA33H$1       GA33K$1       GA33L$1       HA4K$1        HA4L$1
              ________      ________      ________      ________      ________
 1              0.289         0.321         0.339         0.462         1.246


           TAU(U) FOR LATENT CLASS 6
              GA33H$1       GA33K$1       GA33L$1       HA4K$1        HA4L$1
              ________      ________      ________      ________      ________
 1              0.289         0.321         0.339         0.462         1.246


           TAU(U) FOR LATENT CLASS 7
              GA33H$1       GA33K$1       GA33L$1       HA4K$1        HA4L$1
              ________      ________      ________      ________      ________
 1              1.289         1.321         1.339         1.462         2.246


           TAU(U) FOR LATENT CLASS 8
              GA33H$1       GA33K$1       GA33L$1       HA4K$1        HA4L$1
              ________      ________      ________      ________      ________
 1              2.289         2.321         2.339         2.462         3.246


     STARTING VALUES FOR LATENT CLASS REGRESSION MODEL PART


           ALPHA(C)
              C#1           C#2           C#3           C#4           C#5
              ________      ________      ________      ________      ________
 1              0.000         0.000         0.000         0.000         0.000


           ALPHA(C)
              C#6           C#7           C#8
              ________      ________      ________
 1              0.000         0.000         0.000


TECHNICAL 11 OUTPUT

     Random Starts Specifications for the k-1 Class Analysis Model
        Number of initial stage random starts                 200
        Number of final stage optimizations                    50



     VUONG-LO-MENDELL-RUBIN LIKELIHOOD RATIO TEST FOR 7 (H0) VERSUS 8 CLASSES



     WARNING:  THE LIKELIHOOD RATIO TEST COMPUTATION FOR TECH11 DID NOT
     TERMINATE NORMALLY BECAUSE THE LOGLIKELIHOOD VALUE FOR THE MODEL WITH ONE
     LESS CLASS IS LARGER THAN THE LOGLIKELIHOOD VALUE FOR THE ESTIMATED MODEL.
     USING MORE RANDOM STARTS MAY RESOLVE THE PROBLEM.

          H0 Loglikelihood Value                        -5693.496
          2 Times the Loglikelihood Difference              0.000
          Difference in the Number of Parameters                6
          Mean                                              0.007
          Standard Deviation                                0.035
          P-Value                                          0.5577

     LO-MENDELL-RUBIN ADJUSTED LRT TEST

          Value                                             0.000
          P-Value                                          0.5577


TECHNICAL 14 OUTPUT

     Random Starts Specifications for the k-1 Class Analysis Model
        Number of initial stage random starts                 200
        Number of final stage optimizations                    50

     Random Starts Specification for the k-1 Class Model for Generated Data
        Number of initial stage random starts                   0
        Number of final stage optimizations for the
           initial stage random starts                          0
     Random Starts Specification for the k Class Model for Generated Data
        Number of initial stage random starts                  40
        Number of final stage optimizations                     8
     Number of bootstrap draws requested                   Varies


     PARAMETRIC BOOTSTRAPPED LIKELIHOOD RATIO TEST FOR 7 (H0) VERSUS 8 CLASSES



     WARNING:  THE LIKELIHOOD RATIO TEST COMPUTATION FOR TECH14 DID NOT
     TERMINATE NORMALLY BECAUSE THE LOGLIKELIHOOD VALUE FOR THE MODEL WITH ONE
     LESS CLASS IS LARGER THAN THE LOGLIKELIHOOD VALUE FOR THE ESTIMATED MODEL.
     INCREASE THE NUMBER OF RANDOM STARTS USING THE LRTSTARTS OPTION.

          H0 Loglikelihood Value                        -5693.496
          2 Times the Loglikelihood Difference              0.000
          Difference in the Number of Parameters                6
          Approximate P-Value                              1.0000
          Successful Bootstrap Draws                            0


PLOT INFORMATION

The following plots are available:

  Histograms of sample values
  Scatterplots (sample values)
  Sample proportions and estimated probabilities

     Beginning Time:  16:21:21
        Ending Time:  16:21:31
       Elapsed Time:  00:00:10



MUTHEN & MUTHEN
3463 Stoner Ave.
Los Angeles, CA  90066

Tel: (310) 391-9971
Fax: (310) 391-8971
Web: www.StatModel.com
Support: Support@StatModel.com

Copyright (c) 1998-2013 Muthen & Muthen
