Mplus VERSION 7.11
MUTHEN & MUTHEN
06/26/2013  12:48 PM

INPUT INSTRUCTIONS

  data:
  file is Dataset_Jun21_Final_Mplus.dat;

  Variable:
  names are
  CASEID CASENUM COHORT SCHOOLID G7SSEComp G8SSEComp G9SSEComp G10SSEComp
  G11SSEComp G12SSEComp ABSCIC BBSCIC DBSCIC FBSCIC HASCI1C JASCI1C LASCI1C
  ABSCID BBSCID DBSCID FBSCID HASCI1D
  JASCI1D LASCI1D ABSCIE ABSCIF BBSCIF DBSCIF FBSCIF HASCI1F JASCI1F LASCI1F
  ABSCIG ABSCIH ABSCII ABSCIJ AB15J CB1K EB1K GA1K IA1K KA1K AB15L CB1M EB1M
  GA1M IA1M KA1M AB19E GC19E AB19F GC19F G7PSPComp G9PSPComp G10PSPComp
  G11PSPComp G12PSPComp AB19N DB6L FB2L GC19N HB2L JA2L LA2L AB19Q DB6O FB2O
  GC19Q HB2O JA2O LA2O AB19R FB2P GC19R HB2P JB2P LA2P AB19T DB6Q FB2R GC19T
  HB2R JA2R LA2R AB20A GC10F AB20B GC10J AB20C GC10G AB20D GC10K AB20H GC10N
  AB20K AB22A AB34B CB8B EB8B GA8B IA8B JC3B KA9B AB34D CB8D EB8D GA8D IA8D
  JC3D KA9D AB34J CB8J EB8J GA8K IA8K JC3J KA9K AB35B CB9B EB9B GA9B IA9B JC4B
  KA10B AB35D CB9D EB9D GA9D IA9D JC4D KA10D AB35J CB9J EB9J GA9K IA9K JC4J
  KA10K AB37D CB24D EB25D GA29D IA34D KA41D G7ASCComp G8ASCComp G9ASCComp
  G10ASCComp G11ASCComp G12ASCComp AB37M CB24N EB25N GA29N IA34N KA41N AB37O
  CB24P EB25P GA29P IA34P KA41P AB38B CB26B EB27B GA31B IA36B KA43B AB38H CB26H
  EB27H GA31H IA36H KA43H AB38F CB26F EB27F GA31F IA36F KA43F AB39B CB28B EB29B
  GA32B IA37B KA46B AB39H CB28H EB29H GA32H IA37H KA46H G7SSCComp G8SSCComp
  G9SSCComp G10SSCComp G11SSCComp G12SSCComp AB39M CB29A EB30A GA33A IA38A KA47A
  AB39N CB29B EB30B GA33B IA38B KA47B AB39O CB29C EB30C GA33C IA38C KA47C AB39Q
  CB29E EB30E GA33E IA38E KA47E AB39R CB29F EB30F GA33F IA38F KA47F AB39S CB29G
  EB30G GA33G IA38G KA47G AB39U CB29I EB30I GA33I IA38I KA47I AB39T CB29H EB30H
  GA33H IA38H KA47H AB39W CB29K EB30K GA33K IA38K KA47K AB39X CB29L EB30L GA33L
  IA38L KA47L CB30J EB10J GB10J IA10J KA37J CB30K EB10K GB10K IA10K KA37K CB30M
  EB10M GB10M IA10M KA37M CB30N EB10N GB10N IA10N KA37N BB10K DB1K FB1K HA1K JA1K
  LA1K G7ExC G8ExC G9ExC G10ExC G11ExC G12ExC BB10L DB1L FB1L HA1L JA1L LA1L
  BB10M DB1M FB1M HA1M JA1M LA1M BB11E DB1AA FB1AA HA1AA JA1AA LA1AA BB11J DB1FF
  FB1FF HA1FF JA1EE LA1FF BB11L DB1HH FB1HH HA1HH JA1FF LA1GG BB12A DB2A FB4A
  HA4A JA4A LA4A G7TSPSubC G8TSPSubC G9TSPSubC G10TSPSubC G11TSPSubC G12TSPSubC
  BB12B DB2B FB4B HA4B JA4B LA4B BB12C DB2C FB4C HA4C JA4C LA4C BB12D DB2D FB4D
  HA4D JA4D LA4D BB12E DB2E FB4E HA4E JA4E LA4E BB12F DB2F FB4F HA4F JA4F LA4F
  BB12G DB2G FB4G HA4G JA4G LA4G BB12H DB2H FB4H HA4H JA4H LA4H BB12I DB2I FB4I
  HA4I JA4I LA4I BB12J DB2J FB4J HA4J JA4J LA4J BB12K DB2K FB4K HC4K JC4K LC4K
  BB12L DB2L FB4L HC4L JC4L LC4L BB12M DB2M FB4M HA4K JA4K LA4K BB12N DB2N FB4N
  HA4L JA4L LA4L BB12O DB2O FB4O HA4M JA4M LA4M BB12P DB2P FB4P HA4N JA4N LA4N
  BB17B HA23B JB29B BB17G HC23G BB25A DB15A EB3D FB17A GB27D HA16A IA33D JC15A
  KB36D LC17A BB25B DB15B EB3A FB17B GB27A HA16B IA33A JC15B KB36A LC17B BB25C
  DB15C EB3B FB17C GB27B HA16C IA33B JC15C KB36B LC17C BB25D DB15D EB3C FB17D
  GB27C HA16D IA33C JC15D KB36C LC17D BB25E DB15E EB3E FB17E GB27E HA16E IA33E
  JC15E KB36E LC17E CB3C IA4C CB24F EB25F GB29F IA34F KA41F CB35A EB31A GB35A
  IA40A KA48A CB35F EB31F GC35E IA40F KA48G CB35N EB31N GC35L IA40N KA48O DB16E
  FB18E HB17E JA19E LA16E DB16G FB18G HB17G JA19G LA16G MTH7 MTH8 MTH9 MTH10
  MTH11 MTH12 MOTHED FATHED MOTHOCC FATHOCC RSTEMM RSTEMMX RSTEMMB RSTEMMA
  PACPH7 PACPH8 PACPH9 PACPH10 PACPH11 PACPH12 PCOPH7 PCOPH8 PCOPH9 PCOPH10
  PCOPH11 PCOPH12 PMHPH7 PMHPH8 PMHPH9 PMHPH10 PMHPH11 PMHPH12 PSCPH7 PSCPH9
  PSCPH10 PSCPH11 PSCPH12 HSCRE7 HSCRE10 HSCRE11 KMHPH7 KMHPH8 KMHPH9 KMHPH10
  KMHPH11 KMHPH12 KMHSCPH7 KMHSCPH8 KMHSCPH9 KMHSCPH10 KMHSCPH11 KMHSCPH12
  KSCPH7 KSCPH8 KSCPH9 KSCPH10 KSCPH11 KSCPH12 KACPH10 KACPH11 KACPH12 KACPH7
  KACPH8 KACPH9 GENDER FEMALE RACETH3 RACETH MINORITY STEMMJOB STEMMJOB1 MOTHED1
  FATHED1 POCI POCI1 ASCIIRT CSCIIRT ESCIIRT GSCIIRT ISCIIRT KSCIIRT NUMHSSCI;


  usevar = AB39T AB39W AB39X BB12M BB12N;
  categorical = AB39T AB39W AB39X BB12M BB12N;

  missing are all (9999);
  classes =c (5);

  Define:
   cut AB39T AB39W AB39X (3);

  Analysis:
  Type=mixture;
   starts = 200 50;
   process = 4(starts);

  Output:
   sampstat tech11 tech14;

  Plot:
  type=plot3;
  series =AB39T - BB12N (*);



*** WARNING in OUTPUT command
  SAMPSTAT option is not available when all outcomes are censored, ordered
  categorical, unordered categorical (nominal), count or continuous-time
  survival variables.  Request for SAMPSTAT is ignored.
*** WARNING
  Data set contains cases with missing on all variables.
  These cases were not included in the analysis.
  Number of cases with missing on all variables:  20
   2 WARNING(S) FOUND IN THE INPUT INSTRUCTIONS




SUMMARY OF ANALYSIS

Number of groups                                                 1
Number of observations                                        3096

Number of dependent variables                                    5
Number of independent variables                                  0
Number of continuous latent variables                            0
Number of categorical latent variables                           1

Observed dependent variables

  Binary and ordered categorical (ordinal)
   AB39T       AB39W       AB39X       BB12M       BB12N

Categorical latent variables
   C


Estimator                                                      MLR
Information matrix                                        OBSERVED
Optimization Specifications for the Quasi-Newton Algorithm for
Continuous Outcomes
  Maximum number of iterations                                 100
  Convergence criterion                                  0.100D-05
Optimization Specifications for the EM Algorithm
  Maximum number of iterations                                 500
  Convergence criteria
    Loglikelihood change                                 0.100D-06
    Relative loglikelihood change                        0.100D-06
    Derivative                                           0.100D-05
Optimization Specifications for the M step of the EM Algorithm for
Categorical Latent variables
  Number of M step iterations                                    1
  M step convergence criterion                           0.100D-05
  Basis for M step termination                           ITERATION
Optimization Specifications for the M step of the EM Algorithm for
Censored, Binary or Ordered Categorical (Ordinal), Unordered
Categorical (Nominal) and Count Outcomes
  Number of M step iterations                                    1
  M step convergence criterion                           0.100D-05
  Basis for M step termination                           ITERATION
  Maximum value for logit thresholds                            15
  Minimum value for logit thresholds                           -15
  Minimum expected cell size for chi-square              0.100D-01
Maximum number of iterations for H1                           2000
Convergence criterion for H1                             0.100D-03
Optimization algorithm                                         EMA
Random Starts Specifications
  Number of initial stage random starts                        200
  Number of final stage optimizations                           50
  Number of initial stage iterations                            10
  Initial stage convergence criterion                    0.100D+01
  Random starts scale                                    0.500D+01
  Random seed for generating random starts                       0
Link                                                         LOGIT

Input data file(s)
  Dataset_Jun21_Final_Mplus.dat
Input data format  FREE


SUMMARY OF DATA

     Number of missing data patterns            18
     Number of y missing data patterns           0
     Number of u missing data patterns          18


COVARIANCE COVERAGE OF DATA

Minimum covariance coverage value   0.100


     PROPORTION OF DATA PRESENT FOR U


           Covariance Coverage
              AB39T         AB39W         AB39X         BB12M         BB12N
              ________      ________      ________      ________      ________
 AB39T          0.965
 AB39W          0.954         0.973
 AB39X          0.962         0.971         0.983
 BB12M          0.786         0.794         0.801         0.817
 BB12N          0.784         0.793         0.800         0.811         0.815


UNIVARIATE PROPORTIONS AND COUNTS FOR CATEGORICAL VARIABLES

    AB39T
      Category 1    0.596     1782.000
      Category 2    0.404     1206.000
    AB39W
      Category 1    0.596     1796.000
      Category 2    0.404     1216.000
    AB39X
      Category 1    0.539     1639.000
      Category 2    0.461     1404.000
    BB12M
      Category 1    0.739     1870.000
      Category 2    0.261      660.000
    BB12N
      Category 1    0.853     2152.000
      Category 2    0.147      372.000


RANDOM STARTS RESULTS RANKED FROM THE BEST TO THE WORST LOGLIKELIHOOD VALUES

Final stage loglikelihood values at local maxima, seeds, and initial stage start numbers:

           -7591.442  415502           194
           -7591.442  576220           115
           -7591.442  475420           71
           -7591.442  40340            188
           -7591.442  950604           172
           -7591.442  unperturbed      0
           -7591.442  728038           177
           -7591.442  575700           100
           -7591.442  464179           106
           -7591.442  153942           31
           -7591.442  846194           93
           -7591.442  902278           21
           -7591.443  645664           39
           -7591.443  587946           120
           -7591.443  168762           200
           -7591.443  364676           27
           -7591.443  948615           140
           -7591.443  462953           7
           -7591.527  93468            3
           -7591.527  987090           70
           -7591.914  371246           101
           -7591.915  268896           124
           -7591.915  393232           152
           -7591.915  609185           181
           -7591.979  369602           146
           -7591.979  391179           78
           -7591.979  636396           168
           -7592.006  784664           75
           -7592.257  247224           94
           -7592.257  471398           74
           -7592.465  726035           191
           -7592.594  533738           11
           -7592.818  960438           116
           -7592.818  476498           179
           -7592.936  565819           65
           -7592.936  100874           108
           -7593.154  915107           54
           -7593.154  347515           24
           -7593.189  253358           2
           -7593.228  496881           192
           -7593.325  227563           63
           -7593.760  788796           145
           -7593.760  696773           80
           -7593.760  124999           96
           -7593.850  856536           144
           -7593.850  966014           37
           -7593.943  260601           36
           -7594.647  399671           13
           -7595.203  292884           103
           -7595.352  484501           163



THE BEST LOGLIKELIHOOD VALUE HAS BEEN REPLICATED.  RERUN WITH AT LEAST TWICE THE
RANDOM STARTS TO CHECK THAT THE BEST LOGLIKELIHOOD IS STILL OBTAINED AND REPLICATED.


THE MODEL ESTIMATION TERMINATED NORMALLY



MODEL FIT INFORMATION

Number of Free Parameters                       29

Loglikelihood

          H0 Value                       -7591.442
          H0 Scaling Correction Factor      1.0100
            for MLR

Information Criteria

          Akaike (AIC)                   15240.884
          Bayesian (BIC)                 15415.982
          Sample-Size Adjusted BIC       15323.837
            (n* = (n + 2) / 24)

Chi-Square Test of Model Fit for the Binary and Ordered Categorical
(Ordinal) Outcomes

          Pearson Chi-Square

          The chi-square is negative for this model part.

          Likelihood Ratio Chi-Square

          Value                              0.567
          Degrees of Freedom                     2
          P-Value                           0.7533

Chi-Square Test for MCAR under the Unrestricted Latent Class Indicator Model

          Pearson Chi-Square

          Value                            152.618
          Degrees of Freedom                   121
          P-Value                           0.0274

          Likelihood Ratio Chi-Square

          Value                            106.807
          Degrees of Freedom                   121
          P-Value                           0.8179



FINAL CLASS COUNTS AND PROPORTIONS FOR THE LATENT CLASSES
BASED ON THE ESTIMATED MODEL

    Latent
   Classes

       1        343.04032          0.11080
       2        211.53599          0.06833
       3        773.61104          0.24987
       4        349.35035          0.11284
       5       1418.46230          0.45816


FINAL CLASS COUNTS AND PROPORTIONS FOR THE LATENT CLASS PATTERNS
BASED ON ESTIMATED POSTERIOR PROBABILITIES

    Latent
   Classes

       1        343.04030          0.11080
       2        211.53599          0.06833
       3        773.61104          0.24987
       4        349.35035          0.11284
       5       1418.46232          0.45816


CLASSIFICATION QUALITY

     Entropy                         0.744


CLASSIFICATION OF INDIVIDUALS BASED ON THEIR MOST LIKELY LATENT CLASS MEMBERSHIP

Class Counts and Proportions

    Latent
   Classes

       1              262          0.08463
       2              194          0.06266
       3              924          0.29845
       4              199          0.06428
       5             1517          0.48999


Average Latent Class Probabilities for Most Likely Latent Class Membership (Row)
by Latent Class (Column)

           1        2        3        4        5

    1   0.951    0.004    0.026    0.016    0.003
    2   0.116    0.595    0.153    0.082    0.055
    3   0.011    0.050    0.735    0.147    0.058
    4   0.023    0.013    0.006    0.950    0.007
    5   0.038    0.031    0.038    0.003    0.891


Classification Probabilities for the Most Likely Latent Class Membership (Row)
by Latent Class (Column)

           1        2        3        4        5

    1   0.726    0.065    0.028    0.014    0.166
    2   0.005    0.546    0.217    0.012    0.220
    3   0.009    0.038    0.878    0.002    0.074
    4   0.012    0.045    0.388    0.541    0.014
    5   0.001    0.007    0.038    0.001    0.953


Logits for the Classification Probabilities for the Most Likely Latent Class Membership (Row)
by Latent Class (Column)

              1        2        3        4        5

    1      1.474   -0.934   -1.768   -2.507    0.000
    2     -3.755    0.910   -0.011   -2.879    0.000
    3     -2.131   -0.654    2.477   -3.871    0.000
    4     -0.116    1.212    3.355    3.689    0.000
    5     -7.466   -4.846   -3.222   -6.848    0.000


MODEL RESULTS

                                                    Two-Tailed
                    Estimate       S.E.  Est./S.E.    P-Value

Latent Class 1

 Thresholds
    AB39T$1            1.629      0.212      7.668      0.000
    AB39W$1            1.702      0.214      7.946      0.000
    AB39X$1            2.227      0.984      2.262      0.024
    BB12M$1          -15.000      0.000    999.000    999.000
    BB12N$1            1.085      0.150      7.208      0.000

Latent Class 2

 Thresholds
    AB39T$1            3.635     20.448      0.178      0.859
    AB39W$1           -0.405      0.668     -0.607      0.544
    AB39X$1          -15.000      0.000    999.000    999.000
    BB12M$1            0.389      0.713      0.546      0.585
    BB12N$1            0.967      0.849      1.138      0.255

Latent Class 3

 Thresholds
    AB39T$1           -1.754      0.593     -2.956      0.003
    AB39W$1           -1.427      0.219     -6.511      0.000
    AB39X$1           -1.866      0.236     -7.913      0.000
    BB12M$1            1.680      1.067      1.574      0.115
    BB12N$1           15.000      0.000    999.000    999.000

Latent Class 4

 Thresholds
    AB39T$1           -2.884      1.997     -1.444      0.149
    AB39W$1           -1.811      0.365     -4.959      0.000
    AB39X$1           -2.630      0.362     -7.267      0.000
    BB12M$1           -1.045      0.269     -3.880      0.000
    BB12N$1           -0.853      1.439     -0.593      0.553

Latent Class 5

 Thresholds
    AB39T$1            1.817      0.102     17.837      0.000
    AB39W$1            2.151      0.128     16.773      0.000
    AB39X$1            1.873      0.284      6.586      0.000
    BB12M$1           15.000      0.000    999.000    999.000
    BB12N$1            2.999      0.154     19.504      0.000

Categorical Latent Variables

 Means
    C#1               -1.419      0.105    -13.491      0.000
    C#2               -1.903      0.763     -2.496      0.013
    C#3               -0.606      0.292     -2.074      0.038
    C#4               -1.401      0.437     -3.209      0.001


RESULTS IN PROBABILITY SCALE

Latent Class 1

 AB39T
    Category 1         0.836      0.029     28.706      0.000
    Category 2         0.164      0.029      5.632      0.000
 AB39W
    Category 1         0.846      0.028     30.273      0.000
    Category 2         0.154      0.028      5.520      0.000
 AB39X
    Category 1         0.903      0.087     10.435      0.000
    Category 2         0.097      0.087      1.125      0.260
 BB12M
    Category 1         0.000      0.000      0.000      1.000
    Category 2         1.000      0.000      0.000      1.000
 BB12N
    Category 1         0.747      0.028     26.305      0.000
    Category 2         0.253      0.028      8.891      0.000

Latent Class 2

 AB39T
    Category 1         0.974      0.512      1.903      0.057
    Category 2         0.026      0.512      0.050      0.960
 AB39W
    Category 1         0.400      0.160      2.496      0.013
    Category 2         0.600      0.160      3.744      0.000
 AB39X
    Category 1         0.000      0.000      0.000      1.000
    Category 2         1.000      0.000      0.000      1.000
 BB12M
    Category 1         0.596      0.172      3.473      0.001
    Category 2         0.404      0.172      2.353      0.019
 BB12N
    Category 1         0.725      0.170      4.273      0.000
    Category 2         0.275      0.170      1.625      0.104

Latent Class 3

 AB39T
    Category 1         0.148      0.075      1.977      0.048
    Category 2         0.852      0.075     11.422      0.000
 AB39W
    Category 1         0.194      0.034      5.658      0.000
    Category 2         0.806      0.034     23.573      0.000
 AB39X
    Category 1         0.134      0.027      4.895      0.000
    Category 2         0.866      0.027     31.647      0.000
 BB12M
    Category 1         0.843      0.141      5.965      0.000
    Category 2         0.157      0.141      1.112      0.266
 BB12N
    Category 1         1.000      0.000      0.000      1.000
    Category 2         0.000      0.000      0.000      1.000

Latent Class 4

 AB39T
    Category 1         0.053      0.100      0.529      0.597
    Category 2         0.947      0.100      9.459      0.000
 AB39W
    Category 1         0.141      0.044      3.186      0.001
    Category 2         0.859      0.044     19.489      0.000
 AB39X
    Category 1         0.067      0.023      2.962      0.003
    Category 2         0.933      0.023     41.094      0.000
 BB12M
    Category 1         0.260      0.052      5.018      0.000
    Category 2         0.740      0.052     14.269      0.000
 BB12N
    Category 1         0.299      0.302      0.991      0.322
    Category 2         0.701      0.302      2.326      0.020

Latent Class 5

 AB39T
    Category 1         0.860      0.012     70.219      0.000
    Category 2         0.140      0.012     11.413      0.000
 AB39W
    Category 1         0.896      0.012     74.819      0.000
    Category 2         0.104      0.012      8.703      0.000
 AB39X
    Category 1         0.867      0.033     26.402      0.000
    Category 2         0.133      0.033      4.056      0.000
 BB12M
    Category 1         1.000      0.000      0.000      1.000
    Category 2         0.000      0.000      0.000      1.000
 BB12N
    Category 1         0.953      0.007    137.011      0.000
    Category 2         0.047      0.007      6.827      0.000


LATENT CLASS ODDS RATIO RESULTS

Latent Class 1 Compared to Latent Class 2

 AB39T
    Category > 1       7.439    151.765      0.049      0.961
 AB39W
    Category > 1       0.122      0.081      1.502      0.133
 AB39X
    Category > 1       0.000      0.000    999.000    999.000
 BB12M
    Category > 1   *********      0.000    999.000    999.000
 BB12N
    Category > 1       0.889      0.773      1.150      0.250

Latent Class 1 Compared to Latent Class 3

 AB39T
    Category > 1       0.034      0.021      1.601      0.109
 AB39W
    Category > 1       0.044      0.013      3.404      0.001
 AB39X
    Category > 1       0.017      0.017      1.004      0.315
 BB12M
    Category > 1   *********      0.000    999.000    999.000
 BB12N
    Category > 1   *********      0.000    999.000    999.000

Latent Class 1 Compared to Latent Class 4

 AB39T
    Category > 1       0.011      0.022      0.503      0.615
 AB39W
    Category > 1       0.030      0.013      2.367      0.018
 AB39X
    Category > 1       0.008      0.008      0.971      0.331
 BB12M
    Category > 1   *********      0.000    999.000    999.000
 BB12N
    Category > 1       0.144      0.206      0.701      0.484

Latent Class 1 Compared to Latent Class 5

 AB39T
    Category > 1       1.207      0.289      4.173      0.000
 AB39W
    Category > 1       1.568      0.398      3.934      0.000
 AB39X
    Category > 1       0.702      0.599      1.173      0.241
 BB12M
    Category > 1   *********      0.000    999.000    999.000
 BB12N
    Category > 1       6.783      1.466      4.625      0.000

Latent Class 2 Compared to Latent Class 3

 AB39T
    Category > 1       0.005      0.093      0.049      0.961
 AB39W
    Category > 1       0.360      0.231      1.560      0.119
 AB39X
    Category > 1   *********      0.000    999.000    999.000
 BB12M
    Category > 1       3.635      5.168      0.703      0.482
 BB12N
    Category > 1   *********      0.000    999.000    999.000

Latent Class 2 Compared to Latent Class 4

 AB39T
    Category > 1       0.001      0.030      0.050      0.960
 AB39W
    Category > 1       0.245      0.178      1.381      0.167
 AB39X
    Category > 1   *********      0.000    999.000    999.000
 BB12M
    Category > 1       0.238      0.167      1.427      0.154
 BB12N
    Category > 1       0.162      0.256      0.633      0.526

Latent Class 2 Compared to Latent Class 5

 AB39T
    Category > 1       0.162      3.316      0.049      0.961
 AB39W
    Category > 1      12.893      8.890      1.450      0.147
 AB39X
    Category > 1   *********      0.000    999.000    999.000
 BB12M
    Category > 1   *********      0.000    999.000    999.000
 BB12N
    Category > 1       7.631      6.468      1.180      0.238

Latent Class 3 Compared to Latent Class 4

 AB39T
    Category > 1       0.323      0.752      0.429      0.668
 AB39W
    Category > 1       0.681      0.216      3.159      0.002
 AB39X
    Category > 1       0.466      0.202      2.304      0.021
 BB12M
    Category > 1       0.066      0.077      0.851      0.395
 BB12N
    Category > 1       0.000      0.000    999.000    999.000

Latent Class 3 Compared to Latent Class 5

 AB39T
    Category > 1      35.555     21.492      1.654      0.098
 AB39W
    Category > 1      35.816      9.256      3.869      0.000
 AB39X
    Category > 1      42.085     16.073      2.618      0.009
 BB12M
    Category > 1   *********      0.000    999.000    999.000
 BB12N
    Category > 1       0.000      0.000    999.000    999.000

Latent Class 4 Compared to Latent Class 5

 AB39T
    Category > 1     110.091    219.996      0.500      0.617
 AB39W
    Category > 1      52.586     20.642      2.548      0.011
 AB39X
    Category > 1      90.302     43.000      2.100      0.036
 BB12M
    Category > 1   *********      0.000    999.000    999.000
 BB12N
    Category > 1      47.109     68.485      0.688      0.492


QUALITY OF NUMERICAL RESULTS

     Condition Number for the Information Matrix              0.677E-05
       (ratio of smallest to largest eigenvalue)


TECHNICAL 11 OUTPUT

     Random Starts Specifications for the k-1 Class Analysis Model
        Number of initial stage random starts                 200
        Number of final stage optimizations                    50



     VUONG-LO-MENDELL-RUBIN LIKELIHOOD RATIO TEST FOR 4 (H0) VERSUS 5 CLASSES

          H0 Loglikelihood Value                        -7596.682
          2 Times the Loglikelihood Difference             10.481
          Difference in the Number of Parameters                6
          Mean                                             -8.527
          Standard Deviation                               21.904
          P-Value                                          0.0573

     LO-MENDELL-RUBIN ADJUSTED LRT TEST

          Value                                            10.268
          P-Value                                          0.0607


TECHNICAL 14 OUTPUT

     Random Starts Specifications for the k-1 Class Analysis Model
        Number of initial stage random starts                 200
        Number of final stage optimizations                    50

     Random Starts Specification for the k-1 Class Model for Generated Data
        Number of initial stage random starts                   0
        Number of final stage optimizations for the
           initial stage random starts                          0
     Random Starts Specification for the k Class Model for Generated Data
        Number of initial stage random starts                  40
        Number of final stage optimizations                     8
     Number of bootstrap draws requested                   Varies


     PARAMETRIC BOOTSTRAPPED LIKELIHOOD RATIO TEST FOR 4 (H0) VERSUS 5 CLASSES

          H0 Loglikelihood Value                        -7596.682
          2 Times the Loglikelihood Difference             10.481
          Difference in the Number of Parameters                6
          Approximate P-Value                              0.1200
          Successful Bootstrap Draws                           50

     WARNING:  THE BEST LOGLIKELIHOOD VALUE FOR THE 5 CLASS MODEL FOR THE GENERATED DATA
     WAS NOT REPLICATED IN 30 OUT OF 44 BOOTSTRAP DRAWS.  THE P-VALUE MAY NOT BE TRUSTWORTHY
     DUE TO LOCAL MAXIMA.  INCREASE THE NUMBER OF RANDOM STARTS USING THE LRTSTARTS OPTION.



PLOT INFORMATION

The following plots are available:

  Histograms of sample values
  Scatterplots (sample values)
  Sample proportions and estimated probabilities

     Beginning Time:  12:48:45
        Ending Time:  12:48:57
       Elapsed Time:  00:00:12



MUTHEN & MUTHEN
3463 Stoner Ave.
Los Angeles, CA  90066

Tel: (310) 391-9971
Fax: (310) 391-8971
Web: www.StatModel.com
Support: Support@StatModel.com

Copyright (c) 1998-2013 Muthen & Muthen
