Mplus VERSION 7.11
MUTHEN & MUTHEN
06/26/2013  10:19 AM

INPUT INSTRUCTIONS

  data:
  file is Dataset_Jun21_Final_Mplus.dat;

  Variable:
  names are
  CASEID CASENUM COHORT SCHOOLID G7SSEComp G8SSEComp G9SSEComp G10SSEComp
  G11SSEComp G12SSEComp ABSCIC BBSCIC DBSCIC FBSCIC HASCI1C JASCI1C LASCI1C
  ABSCID BBSCID DBSCID FBSCID HASCI1D
  JASCI1D LASCI1D ABSCIE ABSCIF BBSCIF DBSCIF FBSCIF HASCI1F JASCI1F LASCI1F
  ABSCIG ABSCIH ABSCII ABSCIJ AB15J CB1K EB1K GA1K IA1K KA1K AB15L CB1M EB1M
  GA1M IA1M KA1M AB19E GC19E AB19F GC19F G7PSPComp G9PSPComp G10PSPComp
  G11PSPComp G12PSPComp AB19N DB6L FB2L GC19N HB2L JA2L LA2L AB19Q DB6O FB2O
  GC19Q HB2O JA2O LA2O AB19R FB2P GC19R HB2P JB2P LA2P AB19T DB6Q FB2R GC19T
  HB2R JA2R LA2R AB20A GC10F AB20B GC10J AB20C GC10G AB20D GC10K AB20H GC10N
  AB20K AB22A AB34B CB8B EB8B GA8B IA8B JC3B KA9B AB34D CB8D EB8D GA8D IA8D
  JC3D KA9D AB34J CB8J EB8J GA8K IA8K JC3J KA9K AB35B CB9B EB9B GA9B IA9B JC4B
  KA10B AB35D CB9D EB9D GA9D IA9D JC4D KA10D AB35J CB9J EB9J GA9K IA9K JC4J
  KA10K AB37D CB24D EB25D GA29D IA34D KA41D G7ASCComp G8ASCComp G9ASCComp
  G10ASCComp G11ASCComp G12ASCComp AB37M CB24N EB25N GA29N IA34N KA41N AB37O
  CB24P EB25P GA29P IA34P KA41P AB38B CB26B EB27B GA31B IA36B KA43B AB38H CB26H
  EB27H GA31H IA36H KA43H AB38F CB26F EB27F GA31F IA36F KA43F AB39B CB28B EB29B
  GA32B IA37B KA46B AB39H CB28H EB29H GA32H IA37H KA46H G7SSCComp G8SSCComp
  G9SSCComp G10SSCComp G11SSCComp G12SSCComp AB39M CB29A EB30A GA33A IA38A KA47A
  AB39N CB29B EB30B GA33B IA38B KA47B AB39O CB29C EB30C GA33C IA38C KA47C AB39Q
  CB29E EB30E GA33E IA38E KA47E AB39R CB29F EB30F GA33F IA38F KA47F AB39S CB29G
  EB30G GA33G IA38G KA47G AB39U CB29I EB30I GA33I IA38I KA47I AB39T CB29H EB30H
  GA33H IA38H KA47H AB39W CB29K EB30K GA33K IA38K KA47K AB39X CB29L EB30L GA33L
  IA38L KA47L CB30J EB10J GB10J IA10J KA37J CB30K EB10K GB10K IA10K KA37K CB30M
  EB10M GB10M IA10M KA37M CB30N EB10N GB10N IA10N KA37N BB10K DB1K FB1K HA1K JA1K
  LA1K G7ExC G8ExC G9ExC G10ExC G11ExC G12ExC BB10L DB1L FB1L HA1L JA1L LA1L
  BB10M DB1M FB1M HA1M JA1M LA1M BB11E DB1AA FB1AA HA1AA JA1AA LA1AA BB11J DB1FF
  FB1FF HA1FF JA1EE LA1FF BB11L DB1HH FB1HH HA1HH JA1FF LA1GG BB12A DB2A FB4A
  HA4A JA4A LA4A G7TSPSubC G8TSPSubC G9TSPSubC G10TSPSubC G11TSPSubC G12TSPSubC
  BB12B DB2B FB4B HA4B JA4B LA4B BB12C DB2C FB4C HA4C JA4C LA4C BB12D DB2D FB4D
  HA4D JA4D LA4D BB12E DB2E FB4E HA4E JA4E LA4E BB12F DB2F FB4F HA4F JA4F LA4F
  BB12G DB2G FB4G HA4G JA4G LA4G BB12H DB2H FB4H HA4H JA4H LA4H BB12I DB2I FB4I
  HA4I JA4I LA4I BB12J DB2J FB4J HA4J JA4J LA4J BB12K DB2K FB4K HC4K JC4K LC4K
  BB12L DB2L FB4L HC4L JC4L LC4L BB12M DB2M FB4M HA4K JA4K LA4K BB12N DB2N FB4N
  HA4L JA4L LA4L BB12O DB2O FB4O HA4M JA4M LA4M BB12P DB2P FB4P HA4N JA4N LA4N
  BB17B HA23B JB29B BB17G HC23G BB25A DB15A EB3D FB17A GB27D HA16A IA33D JC15A
  KB36D LC17A BB25B DB15B EB3A FB17B GB27A HA16B IA33A JC15B KB36A LC17B BB25C
  DB15C EB3B FB17C GB27B HA16C IA33B JC15C KB36B LC17C BB25D DB15D EB3C FB17D
  GB27C HA16D IA33C JC15D KB36C LC17D BB25E DB15E EB3E FB17E GB27E HA16E IA33E
  JC15E KB36E LC17E CB3C IA4C CB24F EB25F GB29F IA34F KA41F CB35A EB31A GB35A
  IA40A KA48A CB35F EB31F GC35E IA40F KA48G CB35N EB31N GC35L IA40N KA48O DB16E
  FB18E HB17E JA19E LA16E DB16G FB18G HB17G JA19G LA16G MTH7 MTH8 MTH9 MTH10
  MTH11 MTH12 MOTHED FATHED MOTHOCC FATHOCC RSTEMM RSTEMMX RSTEMMB RSTEMMA
  PACPH7 PACPH8 PACPH9 PACPH10 PACPH11 PACPH12 PCOPH7 PCOPH8 PCOPH9 PCOPH10
  PCOPH11 PCOPH12 PMHPH7 PMHPH8 PMHPH9 PMHPH10 PMHPH11 PMHPH12 PSCPH7 PSCPH9
  PSCPH10 PSCPH11 PSCPH12 HSCRE7 HSCRE10 HSCRE11 KMHPH7 KMHPH8 KMHPH9 KMHPH10
  KMHPH11 KMHPH12 KMHSCPH7 KMHSCPH8 KMHSCPH9 KMHSCPH10 KMHSCPH11 KMHSCPH12
  KSCPH7 KSCPH8 KSCPH9 KSCPH10 KSCPH11 KSCPH12 KACPH10 KACPH11 KACPH12 KACPH7
  KACPH8 KACPH9 GENDER FEMALE RACETH3 RACETH MINORITY STEMMJOB STEMMJOB1 MOTHED1
  FATHED1 POCI POCI1 ASCIIRT CSCIIRT ESCIIRT GSCIIRT ISCIIRT KSCIIRT NUMHSSCI;


  missing are all (9999);
  classes =c (2);

  usevar = AB39M AB39N AB39O AB39U AB39X ;
  categorical=AB39M AB39N AB39O AB39U AB39X;

  Analysis:
  Type=basic;



*** WARNING in VARIABLE command
  CLASSES option is only available with TYPE=MIXTURE.
  CLASSES option will be ignored.
*** WARNING
  Data set contains cases with missing on all variables.
  These cases were not included in the analysis.
  Number of cases with missing on all variables:  55
   2 WARNING(S) FOUND IN THE INPUT INSTRUCTIONS




SUMMARY OF ANALYSIS

Number of groups                                                 1
Number of observations                                        3061

Number of dependent variables                                    5
Number of independent variables                                  0
Number of continuous latent variables                            0

Observed dependent variables

  Binary and ordered categorical (ordinal)
   AB39M       AB39N       AB39O       AB39U       AB39X


Estimator                                                    WLSMV
Maximum number of iterations                                  1000
Convergence criterion                                    0.500D-04
Maximum number of steepest descent iterations                   20
Maximum number of iterations for H1                           2000
Convergence criterion for H1                             0.100D-03
Parameterization                                             DELTA

Input data file(s)
  Dataset_Jun21_Final_Mplus.dat

Input data format  FREE


SUMMARY OF DATA

     Number of missing data patterns            18


SUMMARY OF MISSING DATA PATTERNS


     MISSING DATA PATTERNS (x = not missing)

           1  2  3  4  5  6  7  8  9 10 11 12 13 14 15 16 17 18
 AB39M     x  x  x  x  x  x  x  x  x  x  x  x
 AB39N     x  x  x  x  x  x                    x  x
 AB39O     x  x  x  x        x  x  x           x     x  x
 AB39U     x  x        x     x  x     x        x  x  x  x  x
 AB39X     x     x     x     x     x  x  x     x     x     x  x


     MISSING DATA PATTERN FREQUENCIES

    Pattern   Frequency     Pattern   Frequency     Pattern   Frequency
          1        2895           7          23          13          10
          2           3           8           2          14           1
          3          52           9           2          15           3
          4           9          10           1          16           1
          5          52          11           1          17           1
          6           1          12           1          18           3


COVARIANCE COVERAGE OF DATA

Minimum covariance coverage value   0.100


     PROPORTION OF DATA PRESENT


           Covariance Coverage
              AB39M         AB39N         AB39O         AB39U         AB39X
              ________      ________      ________      ________      ________
 AB39M          0.994
 AB39N          0.984         0.988
 AB39O          0.975         0.970         0.980
 AB39U          0.972         0.967         0.959         0.977
 AB39X          0.989         0.983         0.975         0.975         0.994


UNIVARIATE PROPORTIONS AND COUNTS FOR CATEGORICAL VARIABLES

    AB39M
      Category 1    0.088      268.000
      Category 2    0.135      412.000
      Category 3    0.163      497.000
      Category 4    0.358     1088.000
      Category 5    0.255      777.000
    AB39N
      Category 1    0.064      192.000
      Category 2    0.127      383.000
      Category 3    0.227      686.000
      Category 4    0.386     1168.000
      Category 5    0.196      594.000
    AB39O
      Category 1    0.050      151.000
      Category 2    0.101      304.000
      Category 3    0.184      553.000
      Category 4    0.454     1363.000
      Category 5    0.210      629.000
    AB39U
      Category 1    0.046      137.000
      Category 2    0.107      319.000
      Category 3    0.355     1063.000
      Category 4    0.318      951.000
      Category 5    0.174      522.000
    AB39X
      Category 1    0.069      211.000
      Category 2    0.101      308.000
      Category 3    0.368     1120.000
      Category 4    0.260      791.000
      Category 5    0.201      613.000





RESULTS FOR BASIC ANALYSIS


     ESTIMATED SAMPLE STATISTICS


           MEANS/INTERCEPTS/THRESHOLDS
              AB39M$1       AB39M$2       AB39M$3       AB39M$4       AB39N$1
              ________      ________      ________      ________      ________
      1        -1.353        -0.760        -0.287         0.658        -1.526


           MEANS/INTERCEPTS/THRESHOLDS
              AB39N$2       AB39N$3       AB39N$4       AB39O$1       AB39O$2
              ________      ________      ________      ________      ________
      1        -0.877        -0.209         0.854        -1.642        -1.029


           MEANS/INTERCEPTS/THRESHOLDS
              AB39O$3       AB39O$4       AB39U$1       AB39U$2       AB39U$3
              ________      ________      ________      ________      ________
      1        -0.423         0.808        -1.687        -1.026         0.019


           MEANS/INTERCEPTS/THRESHOLDS
              AB39U$4       AB39X$1       AB39X$2       AB39X$3       AB39X$4
              ________      ________      ________      ________      ________
      1         0.937        -1.481        -0.952         0.097         0.836


           CORRELATION MATRIX (WITH VARIANCES ON THE DIAGONAL)
              AB39M         AB39N         AB39O         AB39U         AB39X
              ________      ________      ________      ________      ________
 AB39M
 AB39N          0.744
 AB39O          0.669         0.753
 AB39U          0.435         0.404         0.419
 AB39X          0.501         0.432         0.441         0.528


     STANDARD ERRORS FOR ESTIMATED SAMPLE STATISTICS


           S.E. FOR MEANS/INTERCEPTS/THRESHOLDS
              AB39M$1       AB39M$2       AB39M$3       AB39M$4       AB39N$1
              ________      ________      ________      ________      ________
      1         0.032         0.025         0.023         0.025         0.036


           S.E. FOR MEANS/INTERCEPTS/THRESHOLDS
              AB39N$2       AB39N$3       AB39N$4       AB39O$1       AB39O$2
              ________      ________      ________      ________      ________
      1         0.026         0.023         0.026         0.038         0.028


           S.E. FOR MEANS/INTERCEPTS/THRESHOLDS
              AB39O$3       AB39O$4       AB39U$1       AB39U$2       AB39U$3
              ________      ________      ________      ________      ________
      1         0.024         0.026         0.040         0.028         0.023


           S.E. FOR MEANS/INTERCEPTS/THRESHOLDS
              AB39U$4       AB39X$1       AB39X$2       AB39X$3       AB39X$4
              ________      ________      ________      ________      ________
      1         0.027         0.035         0.027         0.023         0.026


           S.E. FOR CORRELATION MATRIX (WITH VARIANCES ON THE DIAGONAL)
              AB39M         AB39N         AB39O         AB39U         AB39X
              ________      ________      ________      ________      ________
 AB39M
 AB39N          0.006
 AB39O          0.008         0.006
 AB39U          0.014         0.014         0.014
 AB39X          0.013         0.014         0.013         0.011


DIAGRAM INFORMATION

  Mplus diagrams are currently not available for TYPE=BASIC.
  No diagram output was produced.


     Beginning Time:  10:19:35
        Ending Time:  10:19:36
       Elapsed Time:  00:00:01



MUTHEN & MUTHEN
3463 Stoner Ave.
Los Angeles, CA  90066

Tel: (310) 391-9971
Fax: (310) 391-8971
Web: www.StatModel.com
Support: Support@StatModel.com

Copyright (c) 1998-2013 Muthen & Muthen
