Mplus VERSION 7
MUTHEN & MUTHEN
06/25/2013  11:28 AM

INPUT INSTRUCTIONS

  data:
  file is Dataset_Jun21_Final_Mplus.dat;

  Variable:
  names are
  CASEID CASENUM COHORT SCHOOLID G7SSEComp G8SSEComp G9SSEComp G10SSEComp
  G11SSEComp G12SSEComp ABSCIC BBSCIC DBSCIC FBSCIC HASCI1C JASCI1C LASCI1C
  ABSCID BBSCID DBSCID FBSCID HASCI1D
  JASCI1D LASCI1D ABSCIE ABSCIF BBSCIF DBSCIF FBSCIF HASCI1F JASCI1F LASCI1F
  ABSCIG ABSCIH ABSCII ABSCIJ AB15J CB1K EB1K GA1K IA1K KA1K AB15L CB1M EB1M
  GA1M IA1M KA1M AB19E GC19E AB19F GC19F G7PSPComp G9PSPComp G10PSPComp
  G11PSPComp G12PSPComp AB19N DB6L FB2L GC19N HB2L JA2L LA2L AB19Q DB6O FB2O
  GC19Q HB2O JA2O LA2O AB19R FB2P GC19R HB2P JB2P LA2P AB19T DB6Q FB2R GC19T
  HB2R JA2R LA2R AB20A GC10F AB20B GC10J AB20C GC10G AB20D GC10K AB20H GC10N
  AB20K AB22A AB34B CB8B EB8B GA8B IA8B JC3B KA9B AB34D CB8D EB8D GA8D IA8D
  JC3D KA9D AB34J CB8J EB8J GA8K IA8K JC3J KA9K AB35B CB9B EB9B GA9B IA9B JC4B
  KA10B AB35D CB9D EB9D GA9D IA9D JC4D KA10D AB35J CB9J EB9J GA9K IA9K JC4J
  KA10K AB37D CB24D EB25D GA29D IA34D KA41D G7ASCComp G8ASCComp G9ASCComp
  G10ASCComp G11ASCComp G12ASCComp AB37M CB24N EB25N GA29N IA34N KA41N AB37O
  CB24P EB25P GA29P IA34P KA41P AB38B CB26B EB27B GA31B IA36B KA43B AB38H CB26H
  EB27H GA31H IA36H KA43H AB38F CB26F EB27F GA31F IA36F KA43F AB39B CB28B EB29B
  GA32B IA37B KA46B AB39H CB28H EB29H GA32H IA37H KA46H G7SSCComp G8SSCComp
  G9SSCComp G10SSCComp G11SSCComp G12SSCComp AB39M CB29A EB30A GA33A IA38A KA47A
  AB39N CB29B EB30B GA33B IA38B KA47B AB39O CB29C EB30C GA33C IA38C KA47C AB39Q
  CB29E EB30E GA33E IA38E KA47E AB39R CB29F EB30F GA33F IA38F KA47F AB39S CB29G
  EB30G GA33G IA38G KA47G AB39U CB29I EB30I GA33I IA38I KA47I AB39T CB29H EB30H
  GA33H IA38H KA47H AB39W CB29K EB30K GA33K IA38K KA47K AB39X CB29L EB30L GA33L
  IA38L KA47L CB30J EB10J GB10J IA10J KA37J CB30K EB10K GB10K IA10K KA37K CB30M
  EB10M GB10M IA10M KA37M CB30N EB10N GB10N IA10N KA37N BB10K DB1K FB1K HA1K JA1K
  LA1K G7ExC G8ExC G9ExC G10ExC G11ExC G12ExC BB10L DB1L FB1L HA1L JA1L LA1L
  BB10M DB1M FB1M HA1M JA1M LA1M BB11E DB1AA FB1AA HA1AA JA1AA LA1AA BB11J DB1FF
  FB1FF HA1FF JA1EE LA1FF BB11L DB1HH FB1HH HA1HH JA1FF LA1GG BB12A DB2A FB4A
  HA4A JA4A LA4A G7TSPSubC G8TSPSubC G9TSPSubC G10TSPSubC G11TSPSubC G12TSPSubC
  BB12B DB2B FB4B HA4B JA4B LA4B BB12C DB2C FB4C HA4C JA4C LA4C BB12D DB2D FB4D
  HA4D JA4D LA4D BB12E DB2E FB4E HA4E JA4E LA4E BB12F DB2F FB4F HA4F JA4F LA4F
  BB12G DB2G FB4G HA4G JA4G LA4G BB12H DB2H FB4H HA4H JA4H LA4H BB12I DB2I FB4I
  HA4I JA4I LA4I BB12J DB2J FB4J HA4J JA4J LA4J BB12K DB2K FB4K HC4K JC4K LC4K
  BB12L DB2L FB4L HC4L JC4L LC4L BB12M DB2M FB4M HA4K JA4K LA4K BB12N DB2N FB4N
  HA4L JA4L LA4L BB12O DB2O FB4O HA4M JA4M LA4M BB12P DB2P FB4P HA4N JA4N LA4N
  BB17B HA23B JB29B BB17G HC23G BB25A DB15A EB3D FB17A GB27D HA16A IA33D JC15A
  KB36D LC17A BB25B DB15B EB3A FB17B GB27A HA16B IA33A JC15B KB36A LC17B BB25C
  DB15C EB3B FB17C GB27B HA16C IA33B JC15C KB36B LC17C BB25D DB15D EB3C FB17D
  GB27C HA16D IA33C JC15D KB36C LC17D BB25E DB15E EB3E FB17E GB27E HA16E IA33E
  JC15E KB36E LC17E CB3C IA4C CB24F EB25F GB29F IA34F KA41F CB35A EB31A GB35A
  IA40A KA48A CB35F EB31F GC35E IA40F KA48G CB35N EB31N GC35L IA40N KA48O DB16E
  FB18E HB17E JA19E LA16E DB16G FB18G HB17G JA19G LA16G MTH7 MTH8 MTH9 MTH10
  MTH11 MTH12 MOTHED FATHED MOTHOCC FATHOCC RSTEMM RSTEMMX RSTEMMB RSTEMMA
  PACPH7 PACPH8 PACPH9 PACPH10 PACPH11 PACPH12 PCOPH7 PCOPH8 PCOPH9 PCOPH10
  PCOPH11 PCOPH12 PMHPH7 PMHPH8 PMHPH9 PMHPH10 PMHPH11 PMHPH12 PSCPH7 PSCPH9
  PSCPH10 PSCPH11 PSCPH12 HSCRE7 HSCRE10 HSCRE11 KMHPH7 KMHPH8 KMHPH9 KMHPH10
  KMHPH11 KMHPH12 KMHSCPH7 KMHSCPH8 KMHSCPH9 KMHSCPH10 KMHSCPH11 KMHSCPH12
  KSCPH7 KSCPH8 KSCPH9 KSCPH10 KSCPH11 KSCPH12 KACPH10 KACPH11 KACPH12 KACPH7
  KACPH8 KACPH9 GENDER FEMALE RACETH3 RACETH MINORITY STEMMJOB STEMMJOB1 MOTHED1
  FATHED1 POCI POCI1 ASCIIRT CSCIIRT ESCIIRT GSCIIRT ISCIIRT KSCIIRT NUMHSSCI;


  missing are all (9999);
  classes =c (9);

  usevar = AB39M AB39N AB39O AB39U AB39X ABSCIC ABSCID ABSCIF;

  Analysis:
  Type=mixture;
   starts = 500 150;
   process = 8(starts);

  Output:
   sampstat tech11 tech14;

  Plot:
  type=plot3;
  series =AB39M - ABSCIF (*);



*** WARNING
  Variable name contains more than 8 characters.
  Only the first 8 characters will be printed in the output.
  Variable: G7SSECOMP
*** WARNING
  Variable name contains more than 8 characters.
  Only the first 8 characters will be printed in the output.
  Variable: G8SSECOMP
*** WARNING
  Variable name contains more than 8 characters.
  Only the first 8 characters will be printed in the output.
  Variable: G9SSECOMP
*** WARNING
  Variable name contains more than 8 characters.
  Only the first 8 characters will be printed in the output.
  Variable: G10SSECOMP
*** WARNING
  Variable name contains more than 8 characters.
  Only the first 8 characters will be printed in the output.
  Variable: G11SSECOMP
*** WARNING
  Variable name contains more than 8 characters.
  Only the first 8 characters will be printed in the output.
  Variable: G12SSECOMP
*** WARNING
  Variable name contains more than 8 characters.
  Only the first 8 characters will be printed in the output.
  Variable: G7PSPCOMP
*** WARNING
  Variable name contains more than 8 characters.
  Only the first 8 characters will be printed in the output.
  Variable: G9PSPCOMP
*** WARNING
  Variable name contains more than 8 characters.
  Only the first 8 characters will be printed in the output.
  Variable: G10PSPCOMP
*** WARNING
  Variable name contains more than 8 characters.
  Only the first 8 characters will be printed in the output.
  Variable: G11PSPCOMP
*** WARNING
  Variable name contains more than 8 characters.
  Only the first 8 characters will be printed in the output.
  Variable: G12PSPCOMP
*** WARNING
  Variable name contains more than 8 characters.
  Only the first 8 characters will be printed in the output.
  Variable: G7ASCCOMP
*** WARNING
  Variable name contains more than 8 characters.
  Only the first 8 characters will be printed in the output.
  Variable: G8ASCCOMP
*** WARNING
  Variable name contains more than 8 characters.
  Only the first 8 characters will be printed in the output.
  Variable: G9ASCCOMP
*** WARNING
  Variable name contains more than 8 characters.
  Only the first 8 characters will be printed in the output.
  Variable: G10ASCCOMP
*** WARNING
  Variable name contains more than 8 characters.
  Only the first 8 characters will be printed in the output.
  Variable: G11ASCCOMP
*** WARNING
  Variable name contains more than 8 characters.
  Only the first 8 characters will be printed in the output.
  Variable: G12ASCCOMP
*** WARNING
  Variable name contains more than 8 characters.
  Only the first 8 characters will be printed in the output.
  Variable: G7SSCCOMP
*** WARNING
  Variable name contains more than 8 characters.
  Only the first 8 characters will be printed in the output.
  Variable: G8SSCCOMP
*** WARNING
  Variable name contains more than 8 characters.
  Only the first 8 characters will be printed in the output.
  Variable: G9SSCCOMP
*** WARNING
  Variable name contains more than 8 characters.
  Only the first 8 characters will be printed in the output.
  Variable: G10SSCCOMP
*** WARNING
  Variable name contains more than 8 characters.
  Only the first 8 characters will be printed in the output.
  Variable: G11SSCCOMP
*** WARNING
  Variable name contains more than 8 characters.
  Only the first 8 characters will be printed in the output.
  Variable: G12SSCCOMP
*** WARNING
  Variable name contains more than 8 characters.
  Only the first 8 characters will be printed in the output.
  Variable: G7TSPSUBC
*** WARNING
  Variable name contains more than 8 characters.
  Only the first 8 characters will be printed in the output.
  Variable: G8TSPSUBC
*** WARNING
  Variable name contains more than 8 characters.
  Only the first 8 characters will be printed in the output.
  Variable: G9TSPSUBC
*** WARNING
  Variable name contains more than 8 characters.
  Only the first 8 characters will be printed in the output.
  Variable: G10TSPSUBC
*** WARNING
  Variable name contains more than 8 characters.
  Only the first 8 characters will be printed in the output.
  Variable: G11TSPSUBC
*** WARNING
  Variable name contains more than 8 characters.
  Only the first 8 characters will be printed in the output.
  Variable: G12TSPSUBC
*** WARNING
  Variable name contains more than 8 characters.
  Only the first 8 characters will be printed in the output.
  Variable: KMHSCPH10
*** WARNING
  Variable name contains more than 8 characters.
  Only the first 8 characters will be printed in the output.
  Variable: KMHSCPH11
*** WARNING
  Variable name contains more than 8 characters.
  Only the first 8 characters will be printed in the output.
  Variable: KMHSCPH12
*** WARNING
  Variable name contains more than 8 characters.
  Only the first 8 characters will be printed in the output.
  Variable: STEMMJOB1
*** WARNING in MODEL command
  All variables are uncorrelated with all other variables within class.
  Check that this is what is intended.
*** WARNING in PLOT command
  Note that only the first 8 characters of variable names are used in plots.
  If variable names are not unique within the first 8 characters, problems
  may occur.
*** WARNING
  Data set contains cases with missing on all variables.
  These cases were not included in the analysis.
  Number of cases with missing on all variables:  14
  36 WARNING(S) FOUND IN THE INPUT INSTRUCTIONS




SUMMARY OF ANALYSIS

Number of groups                                                 1
Number of observations                                        3102

Number of dependent variables                                    8
Number of independent variables                                  0
Number of continuous latent variables                            0
Number of categorical latent variables                           1

Observed dependent variables

  Continuous
   AB39M       AB39N       AB39O       AB39U       AB39X       ABSCIC
   ABSCID      ABSCIF

Categorical latent variables
   C


Estimator                                                      MLR
Information matrix                                        OBSERVED
Optimization Specifications for the Quasi-Newton Algorithm for
Continuous Outcomes
  Maximum number of iterations                                 100
  Convergence criterion                                  0.100D-05
Optimization Specifications for the EM Algorithm
  Maximum number of iterations                                 500
  Convergence criteria
    Loglikelihood change                                 0.100D-06
    Relative loglikelihood change                        0.100D-06
    Derivative                                           0.100D-05
Optimization Specifications for the M step of the EM Algorithm for
Categorical Latent variables
  Number of M step iterations                                    1
  M step convergence criterion                           0.100D-05
  Basis for M step termination                           ITERATION
Optimization Specifications for the M step of the EM Algorithm for
Censored, Binary or Ordered Categorical (Ordinal), Unordered
Categorical (Nominal) and Count Outcomes
  Number of M step iterations                                    1
  M step convergence criterion                           0.100D-05
  Basis for M step termination                           ITERATION
  Maximum value for logit thresholds                            15
  Minimum value for logit thresholds                           -15
  Minimum expected cell size for chi-square              0.100D-01
Maximum number of iterations for H1                           2000
Convergence criterion for H1                             0.100D-03
Optimization algorithm                                         EMA
Random Starts Specifications
  Number of initial stage random starts                        500
  Number of final stage optimizations                          150
  Number of initial stage iterations                            10
  Initial stage convergence criterion                    0.100D+01
  Random starts scale                                    0.500D+01
  Random seed for generating random starts                       0

Input data file(s)
  Dataset_Jun21_Final_Mplus.dat
Input data format  FREE


SUMMARY OF DATA

     Number of missing data patterns            31
     Number of y missing data patterns          31
     Number of u missing data patterns           0


COVARIANCE COVERAGE OF DATA

Minimum covariance coverage value   0.100


     PROPORTION OF DATA PRESENT FOR Y


           Covariance Coverage
              AB39M         AB39N         AB39O         AB39U         AB39X
              ________      ________      ________      ________      ________
 AB39M          0.981
 AB39N          0.971         0.975
 AB39O          0.963         0.957         0.967
 AB39U          0.959         0.955         0.947         0.965
 AB39X          0.975         0.970         0.962         0.962         0.981
 ABSCIC         0.873         0.868         0.862         0.858         0.873
 ABSCID         0.871         0.867         0.860         0.856         0.871
 ABSCIF         0.868         0.864         0.858         0.853         0.868


           Covariance Coverage
              ABSCIC        ABSCID        ABSCIF
              ________      ________      ________
 ABSCIC         0.891
 ABSCID         0.889         0.889
 ABSCIF         0.886         0.886         0.887


SAMPLE STATISTICS


     ESTIMATED SAMPLE STATISTICS


           Means
              AB39M         AB39N         AB39O         AB39U         AB39X
              ________      ________      ________      ________      ________
 1              3.551         3.521         3.671         3.466         3.421


           Means
              ABSCIC        ABSCID        ABSCIF
              ________      ________      ________
 1              3.802         4.171         3.778


           Covariances
              AB39M         AB39N         AB39O         AB39U         AB39X
              ________      ________      ________      ________      ________
 AB39M          1.559
 AB39N          0.945         1.275
 AB39O          0.777         0.818         1.142
 AB39U          0.480         0.406         0.395         1.088
 AB39X          0.616         0.480         0.455         0.553         1.266
 ABSCIC         0.891         0.660         0.571         0.343         0.370
 ABSCID         0.501         0.367         0.395         0.227         0.215
 ABSCIF         0.573         0.383         0.340         0.389         0.629


           Covariances
              ABSCIC        ABSCID        ABSCIF
              ________      ________      ________
 ABSCIC         1.720
 ABSCID         0.709         1.358
 ABSCIF         0.663         0.476         1.998


           Correlations
              AB39M         AB39N         AB39O         AB39U         AB39X
              ________      ________      ________      ________      ________
 AB39M          1.000
 AB39N          0.670         1.000
 AB39O          0.582         0.678         1.000
 AB39U          0.369         0.345         0.354         1.000
 AB39X          0.438         0.378         0.379         0.472         1.000
 ABSCIC         0.544         0.445         0.408         0.250         0.251
 ABSCID         0.344         0.279         0.317         0.187         0.164
 ABSCIF         0.324         0.240         0.225         0.264         0.396


           Correlations
              ABSCIC        ABSCID        ABSCIF
              ________      ________      ________
 ABSCIC         1.000
 ABSCID         0.464         1.000
 ABSCIF         0.357         0.289         1.000


     MAXIMUM LOG-LIKELIHOOD VALUE FOR THE UNRESTRICTED (H1) MODEL IS -32998.544

RANDOM STARTS RESULTS RANKED FROM THE BEST TO THE WORST LOGLIKELIHOOD VALUES

Final stage loglikelihood values at local maxima, seeds, and initial stage start numbers:

          -32173.979  791396           243
          -32173.979  458181           189
          -32173.979  396795           323
          -32173.979  164305           128
          -32174.054  565819           65
          -32174.054  43523            297
          -32174.054  965994           396
          -32174.054  455617           242
          -32174.054  617243           237
          -32174.054  608496           4
          -32174.483  679832           302
          -32174.483  131856           90
          -32174.483  539751           459
          -32174.869  751054           117
          -32174.869  185071           370
          -32186.606  416463           467
          -32190.222  107446           12
          -32190.222  15715            274
          -32190.222  192071           142
          -32192.175  967902           52
          -32196.498  863691           481
          -32196.498  484406           421
          -32196.498  317640           437
          -32196.498  636396           168
          -32196.498  345070           114
          -32196.498  655497           376
          -32196.498  377504           294
          -32196.498  534864           307
          -32198.505  76337            76
          -32200.978  978781           497
          -32200.978  840078           203
          -32200.978  637345           19
          -32200.978  830570           369
          -32202.748  931874           141
          -32202.748  69413            472
          -32202.748  217130           443
          -32202.748  178475           231
          -32202.748  173191           422
          -32202.748  392407           221
          -32202.748  857799           315
          -32202.748  278692           342
          -32203.197  665121           417
          -32203.197  645664           39
          -32203.401  73576            213
          -32203.401  951709           348
          -32203.401  631413           439
          -32204.743  722748           346
          -32212.504  790452           303
          -32212.504  68850            462
          -32212.504  992389           77
          -32212.504  967237           48
          -32212.504  562716           300
          -32216.236  27071            15
          -32216.236  853195           431
          -32216.236  789985           67
          -32221.458  168762           200
          -32224.113  286735           175
          -32224.997  224950           455
          -32224.997  926797           406
          -32227.419  915642           40
          -32227.419  66276            217
          -32227.419  284109           82
          -32227.419  137305           379
          -32227.419  930323           267
          -32227.419  268217           83
          -32227.419  485483           498
          -32227.419  341041           34
          -32227.419  112586           494
          -32227.419  76974            16
          -32227.419  206099           363
          -32228.823  85462            51
          -32228.823  475420           71
          -32228.823  370466           41
          -32228.823  418686           338
          -32228.823  411615           171
          -32228.823  267983           228
          -32229.686  92689            304
          -32236.664  614535           449
          -32240.024  268896           124
          -32240.024  485256           371
          -32240.024  518828           432
          -32240.024  105435           265
          -32240.024  695155           150
          -32241.376  264935           281
          -32241.376  930872           277
          -32244.161  21345            199
          -32245.855  193042           316
          -32254.076  783102           433
          -32254.076  879211           453
          -32259.504  856536           144
          -32260.823  529496           343
          -32262.235  79945            395
          -32273.327  211281           292
          -32273.687  829540           324
          -32273.687  437181           135
          -32273.687  777045           377
          -32273.968  127215           9
          -32273.968  769907           457
          -32274.063  824126           287
          -32274.063  40340            188
          -32278.879  514326           325
          -32280.653  791285           416
          -32280.653  741888           138
          -32280.653  488125           368
          -32290.519  195353           225
          -32291.001  576596           99
          -32291.001  569833           85
          -32292.463  728038           177
          -32297.139  349263           263
          -32297.139  350608           334
          -32300.266  948615           140
          -32300.301  717754           180
          -32300.396  762461           425
          -32300.814  723775           97
          -32300.814  59674            240
          -32305.896  563002           360
          -32330.225  297518           166
          -32330.402  156536           245
          -32331.151  748692           204
          -32331.151  347515           24
          -32340.211  93468            3
          -32342.582  937588           293
          -32343.950  456213           160
          -32343.950  535804           111
          -32343.950  443917           60
          -32364.974  784664           75
          -32375.748  193569           440
          -32391.739  609089           241
          -32392.420  846194           93
          -32407.142  193847           354
          -32407.142  238906           430
          -32407.142  891531           206

18 perturbed starting value run(s) did not converge.



THE BEST LOGLIKELIHOOD VALUE HAS BEEN REPLICATED.  RERUN WITH AT LEAST TWICE THE
RANDOM STARTS TO CHECK THAT THE BEST LOGLIKELIHOOD IS STILL OBTAINED AND REPLICATED.


THE MODEL ESTIMATION TERMINATED NORMALLY



MODEL FIT INFORMATION

Number of Free Parameters                       88

Loglikelihood

          H0 Value                      -32173.979
          H0 Scaling Correction Factor      1.5766
            for MLR

Information Criteria

          Akaike (AIC)                   64523.959
          Bayesian (BIC)                 65055.461
          Sample-Size Adjusted BIC       64775.849
            (n* = (n + 2) / 24)



FINAL CLASS COUNTS AND PROPORTIONS FOR THE LATENT CLASSES
BASED ON THE ESTIMATED MODEL

    Latent
   Classes

       1        225.39429          0.07266
       2        111.19754          0.03585
       3       1141.11883          0.36787
       4        126.35270          0.04073
       5         59.24675          0.01910
       6        301.29157          0.09713
       7        583.17448          0.18800
       8        173.45742          0.05592
       9        380.76642          0.12275


FINAL CLASS COUNTS AND PROPORTIONS FOR THE LATENT CLASS PATTERNS
BASED ON ESTIMATED POSTERIOR PROBABILITIES

    Latent
   Classes

       1        225.39429          0.07266
       2        111.19754          0.03585
       3       1141.11883          0.36787
       4        126.35271          0.04073
       5         59.24675          0.01910
       6        301.29159          0.09713
       7        583.17448          0.18800
       8        173.45741          0.05592
       9        380.76641          0.12275


CLASSIFICATION QUALITY

     Entropy                         0.846


CLASSIFICATION OF INDIVIDUALS BASED ON THEIR MOST LIKELY LATENT CLASS MEMBERSHIP

Class Counts and Proportions

    Latent
   Classes

       1              219          0.07060
       2              112          0.03611
       3             1192          0.38427
       4              104          0.03353
       5               53          0.01709
       6              290          0.09349
       7              562          0.18117
       8              177          0.05706
       9              393          0.12669


Average Latent Class Probabilities for Most Likely Latent Class Membership (Row)
by Latent Class (Column)

           1        2        3        4        5        6        7        8        9

    1   0.895    0.028    0.003    0.000    0.001    0.025    0.000    0.010    0.039
    2   0.056    0.926    0.000    0.002    0.003    0.000    0.000    0.014    0.000
    3   0.001    0.000    0.871    0.020    0.001    0.018    0.056    0.004    0.029
    4   0.000    0.001    0.081    0.854    0.018    0.000    0.017    0.028    0.002
    5   0.000    0.005    0.004    0.076    0.842    0.000    0.000    0.030    0.042
    6   0.040    0.000    0.033    0.000    0.000    0.843    0.000    0.043    0.042
    7   0.000    0.000    0.076    0.007    0.000    0.000    0.917    0.000    0.000
    8   0.018    0.006    0.017    0.027    0.017    0.100    0.000    0.788    0.026
    9   0.018    0.000    0.099    0.001    0.020    0.031    0.000    0.021    0.810



MODEL RESULTS

                                                    Two-Tailed
                    Estimate       S.E.  Est./S.E.    P-Value

Latent Class 1

 Means
    AB39M              1.590      0.059     27.124      0.000
    AB39N              1.878      0.079     23.661      0.000
    AB39O              1.895      0.081     23.410      0.000
    AB39U              2.848      0.086     33.207      0.000
    AB39X              2.440      0.096     25.434      0.000
    ABSCIC             2.741      0.143     19.231      0.000
    ABSCID             4.087      0.087     46.844      0.000
    ABSCIF             3.043      0.146     20.802      0.000

 Variances
    AB39M              0.302      0.019     16.062      0.000
    AB39N              0.505      0.021     23.600      0.000
    AB39O              0.275      0.018     15.017      0.000
    AB39U              0.853      0.026     33.057      0.000
    AB39X              0.937      0.028     33.978      0.000
    ABSCIC             1.015      0.039     26.274      0.000
    ABSCID             0.402      0.035     11.615      0.000
    ABSCIF             1.666      0.047     35.805      0.000

Latent Class 2

 Means
    AB39M              1.298      0.054     23.817      0.000
    AB39N              1.422      0.086     16.602      0.000
    AB39O              1.447      0.075     19.338      0.000
    AB39U              2.390      0.124     19.322      0.000
    AB39X              2.195      0.120     18.317      0.000
    ABSCIC             1.361      0.078     17.401      0.000
    ABSCID             1.455      0.098     14.891      0.000
    ABSCIF             1.936      0.153     12.627      0.000

 Variances
    AB39M              0.302      0.019     16.062      0.000
    AB39N              0.505      0.021     23.600      0.000
    AB39O              0.275      0.018     15.017      0.000
    AB39U              0.853      0.026     33.057      0.000
    AB39X              0.937      0.028     33.978      0.000
    ABSCIC             1.015      0.039     26.274      0.000
    ABSCID             0.402      0.035     11.615      0.000
    ABSCIF             1.666      0.047     35.805      0.000

Latent Class 3

 Means
    AB39M              4.049      0.030    134.778      0.000
    AB39N              3.779      0.026    147.747      0.000
    AB39O              3.963      0.018    222.767      0.000
    AB39U              3.487      0.033    104.276      0.000
    AB39X              3.489      0.034    102.607      0.000
    ABSCIC             4.267      0.050     84.949      0.000
    ABSCID             4.636      0.070     65.890      0.000
    ABSCIF             3.989      0.050     80.019      0.000

 Variances
    AB39M              0.302      0.019     16.062      0.000
    AB39N              0.505      0.021     23.600      0.000
    AB39O              0.275      0.018     15.017      0.000
    AB39U              0.853      0.026     33.057      0.000
    AB39X              0.937      0.028     33.978      0.000
    ABSCIC             1.015      0.039     26.274      0.000
    ABSCID             0.402      0.035     11.615      0.000
    ABSCIF             1.666      0.047     35.805      0.000

Latent Class 4

 Means
    AB39M              4.192      0.136     30.760      0.000
    AB39N              4.083      0.166     24.574      0.000
    AB39O              4.218      0.145     29.173      0.000
    AB39U              3.777      0.259     14.565      0.000
    AB39X              3.762      0.180     20.915      0.000
    ABSCIC             3.340      0.228     14.657      0.000
    ABSCID             2.034      0.476      4.275      0.000
    ABSCIF             3.435      0.234     14.692      0.000

 Variances
    AB39M              0.302      0.019     16.062      0.000
    AB39N              0.505      0.021     23.600      0.000
    AB39O              0.275      0.018     15.017      0.000
    AB39U              0.853      0.026     33.057      0.000
    AB39X              0.937      0.028     33.978      0.000
    ABSCIC             1.015      0.039     26.274      0.000
    ABSCID             0.402      0.035     11.615      0.000
    ABSCIF             1.666      0.047     35.805      0.000

Latent Class 5

 Means
    AB39M              3.964      0.185     21.398      0.000
    AB39N              3.171      0.191     16.611      0.000
    AB39O              2.219      0.305      7.274      0.000
    AB39U              2.993      0.190     15.778      0.000
    AB39X              3.229      0.210     15.351      0.000
    ABSCIC             3.145      0.459      6.847      0.000
    ABSCID             1.551      0.287      5.408      0.000
    ABSCIF             3.443      0.291     11.819      0.000

 Variances
    AB39M              0.302      0.019     16.062      0.000
    AB39N              0.505      0.021     23.600      0.000
    AB39O              0.275      0.018     15.017      0.000
    AB39U              0.853      0.026     33.057      0.000
    AB39X              0.937      0.028     33.978      0.000
    ABSCIC             1.015      0.039     26.274      0.000
    ABSCID             0.402      0.035     11.615      0.000
    ABSCIF             1.666      0.047     35.805      0.000

Latent Class 6

 Means
    AB39M              1.946      0.103     18.865      0.000
    AB39N              3.056      0.114     26.761      0.000
    AB39O              3.837      0.063     61.239      0.000
    AB39U              3.100      0.068     45.340      0.000
    AB39X              2.880      0.082     35.227      0.000
    ABSCIC             3.133      0.107     29.191      0.000
    ABSCID             4.426      0.078     56.759      0.000
    ABSCIF             3.309      0.119     27.727      0.000

 Variances
    AB39M              0.302      0.019     16.062      0.000
    AB39N              0.505      0.021     23.600      0.000
    AB39O              0.275      0.018     15.017      0.000
    AB39U              0.853      0.026     33.057      0.000
    AB39X              0.937      0.028     33.978      0.000
    ABSCIC             1.015      0.039     26.274      0.000
    ABSCID             0.402      0.035     11.615      0.000
    ABSCIF             1.666      0.047     35.805      0.000

Latent Class 7

 Means
    AB39M              4.913      0.012    425.980      0.000
    AB39N              4.770      0.025    192.839      0.000
    AB39O              4.820      0.028    171.927      0.000
    AB39U              4.300      0.049     87.173      0.000
    AB39X              4.343      0.050     87.093      0.000
    ABSCIC             4.742      0.026    183.977      0.000
    ABSCID             4.802      0.025    194.296      0.000
    ABSCIF             4.478      0.050     89.737      0.000

 Variances
    AB39M              0.302      0.019     16.062      0.000
    AB39N              0.505      0.021     23.600      0.000
    AB39O              0.275      0.018     15.017      0.000
    AB39U              0.853      0.026     33.057      0.000
    AB39X              0.937      0.028     33.978      0.000
    ABSCIC             1.015      0.039     26.274      0.000
    ABSCID             0.402      0.035     11.615      0.000
    ABSCIF             1.666      0.047     35.805      0.000

Latent Class 8

 Means
    AB39M              2.332      0.152     15.300      0.000
    AB39N              3.039      0.136     22.384      0.000
    AB39O              3.661      0.100     36.692      0.000
    AB39U              3.141      0.086     36.581      0.000
    AB39X              3.204      0.089     36.058      0.000
    ABSCIC             2.430      0.180     13.497      0.000
    ABSCID             2.246      0.181     12.382      0.000
    ABSCIF             2.943      0.165     17.885      0.000

 Variances
    AB39M              0.302      0.019     16.062      0.000
    AB39N              0.505      0.021     23.600      0.000
    AB39O              0.275      0.018     15.017      0.000
    AB39U              0.853      0.026     33.057      0.000
    AB39X              0.937      0.028     33.978      0.000
    ABSCIC             1.015      0.039     26.274      0.000
    ABSCID             0.402      0.035     11.615      0.000
    ABSCIF             1.666      0.047     35.805      0.000

Latent Class 9

 Means
    AB39M              3.345      0.074     45.255      0.000
    AB39N              2.880      0.057     50.888      0.000
    AB39O              2.653      0.066     39.981      0.000
    AB39U              3.224      0.060     53.509      0.000
    AB39X              3.190      0.070     45.690      0.000
    ABSCIC             3.738      0.086     43.628      0.000
    ABSCID             4.458      0.067     66.645      0.000
    ABSCIF             3.917      0.097     40.203      0.000

 Variances
    AB39M              0.302      0.019     16.062      0.000
    AB39N              0.505      0.021     23.600      0.000
    AB39O              0.275      0.018     15.017      0.000
    AB39U              0.853      0.026     33.057      0.000
    AB39X              0.937      0.028     33.978      0.000
    ABSCIC             1.015      0.039     26.274      0.000
    ABSCID             0.402      0.035     11.615      0.000
    ABSCIF             1.666      0.047     35.805      0.000

Categorical Latent Variables

 Means
    C#1               -0.524      0.116     -4.529      0.000
    C#2               -1.231      0.132     -9.348      0.000
    C#3                1.098      0.098     11.227      0.000
    C#4               -1.103      0.422     -2.613      0.009
    C#5               -1.860      0.254     -7.329      0.000
    C#6               -0.234      0.148     -1.580      0.114
    C#7                0.426      0.097      4.412      0.000
    C#8               -0.786      0.171     -4.596      0.000


QUALITY OF NUMERICAL RESULTS

     Condition Number for the Information Matrix              0.719E-03
       (ratio of smallest to largest eigenvalue)


TECHNICAL 11 OUTPUT

     Random Starts Specifications for the k-1 Class Analysis Model
        Number of initial stage random starts                 500
        Number of final stage optimizations                   150



     VUONG-LO-MENDELL-RUBIN LIKELIHOOD RATIO TEST FOR 8 (H0) VERSUS 9 CLASSES

          H0 Loglikelihood Value                       -32293.940
          2 Times the Loglikelihood Difference            239.922
          Difference in the Number of Parameters                9
          Mean                                             80.213
          Standard Deviation                              221.919
          P-Value                                          0.2359

     LO-MENDELL-RUBIN ADJUSTED LRT TEST

          Value                                           236.651
          P-Value                                          0.2404


TECHNICAL 14 OUTPUT

     Random Starts Specifications for the k-1 Class Analysis Model
        Number of initial stage random starts                 500
        Number of final stage optimizations                   150

     Random Starts Specification for the k-1 Class Model for Generated Data
        Number of initial stage random starts                   0
        Number of final stage optimizations for the
           initial stage random starts                          0
     Random Starts Specification for the k Class Model for Generated Data
        Number of initial stage random starts                  40
        Number of final stage optimizations                     8
     Number of bootstrap draws requested                   Varies


     PARAMETRIC BOOTSTRAPPED LIKELIHOOD RATIO TEST FOR 8 (H0) VERSUS 9 CLASSES

          H0 Loglikelihood Value                       -32293.940
          2 Times the Loglikelihood Difference            239.922
          Difference in the Number of Parameters                9
          Approximate P-Value                              0.0000
          Successful Bootstrap Draws                            5

     WARNING:  THE BEST LOGLIKELIHOOD VALUE FOR THE 8 CLASS MODEL FOR THE GENERATED DATA
     WAS NOT REPLICATED IN 4 OUT OF 5 BOOTSTRAP DRAWS.  THE P-VALUE MAY NOT BE TRUSTWORTHY
     DUE TO LOCAL MAXIMA.  INCREASE THE NUMBER OF RANDOM STARTS USING THE LRTSTARTS OPTION.



PLOT INFORMATION

The following plots are available:

  Histograms of sample values
  Histograms of estimated values
  Scatterplots (sample values, estimated values)
  Sample means
  Estimated means
  Sample and estimated means
  Observed individual values
  Estimated individual values
  Estimated means and observed individual values
  Estimated means and estimated individual values
  Mixture distributions

DIAGRAM INFORMATION

  Mplus diagrams are currently not available for Mixture analysis.
  No diagram output was produced.


     Beginning Time:  11:28:34
        Ending Time:  11:41:49
       Elapsed Time:  00:13:15



MUTHEN & MUTHEN
3463 Stoner Ave.
Los Angeles, CA  90066

Tel: (310) 391-9971
Fax: (310) 391-8971
Web: www.StatModel.com
Support: Support@StatModel.com

Copyright (c) 1998-2012 Muthen & Muthen
