Mplus VERSION 9
MUTHEN & MUTHEN
11/11/2025  11:42 AM

INPUT INSTRUCTIONS

  TITLE:
  Class 2 Time 3
  DATA:
  FILE = "C:/Users/dnajiarch/Box/LTA/ML 3 Step in LTA/step_1/t3/t3.dat";
  VARIABLE:
  NAMES = CASENUM COHORT AB39A GA32A KA46A AB39B AB39C AB39D AB39E AB39F AB39G AB39H
       GA32H KA46H AB39I GA32I KA46I AB39J AB39K GA32K KA46K AB39L GA32L KA46L AB39M
       GA33A KA47A AB39N AB39O AB39P AB39Q AB39R AB39S AB39T GA33H KA47H AB39U GA33I
       KA47I AB39V AB39W GA33K KA47K AB39X GA33L KA47L SCIENCEG7 SCIG8 SCIG11 MTH7
       SCI7 SCI8 MOTHED FATHED PEDUC PEDUC3 RSEDAN RSEDAN6 RSEDAN5 RBACC RMAJFIRST
       RMAJFIRST2 RMAJLAST2 RMAJLAST RGRADMAJ RGRADMAJ10 RSTEMM RSTEMMX RSTEMMB
       RSTEMMA WEIGHT7 WEIGHT8 WEIGHT9 WEIGHT10 WEIGHT11 WEIGHT12 WEIGHTP1 WEIGHTP2
       WEIGHTP4 WGT12A WEIGHTR GENDER RACETH3 RACETH MINORITY STEM STEMSUP ENGINEER
       MATHG7 MATHG8 MATHG10 MATHG11 MATHG12 FEMALE;
   MISSING=.;
   categorical = KA46A KA46H KA46I KA46K KA46L KA47A KA47H KA47I KA47K KA47L;
  usevar = KA46A KA46H KA46I KA46K KA46L KA47A KA47H KA47I KA47K KA47L;

  classes = c(2);
  ANALYSIS:
  estimator = mlr;
      type = mixture;
      starts = 500 100;
      processors = 12;
  OUTPUT:
  sampstat residual tech11 tech14;



*** WARNING in OUTPUT command
  SAMPSTAT option is not available when all outcomes are censored, ordered
  categorical, unordered categorical (nominal), count or continuous-time
  survival variables.  Request for SAMPSTAT is ignored.
*** WARNING
  Data set contains cases with missing on all variables.
  These cases were not included in the analysis.
  Number of cases with missing on all variables:  790
   2 WARNING(S) FOUND IN THE INPUT INSTRUCTIONS




Class 2 Time 3

SUMMARY OF ANALYSIS

Number of groups                                                 1
Number of observations                                        1122

Number of dependent variables                                   10
Number of independent variables                                  0
Number of continuous latent variables                            0
Number of categorical latent variables                           1

Observed dependent variables

  Binary and ordered categorical (ordinal)
   KA46A       KA46H       KA46I       KA46K       KA46L       KA47A
   KA47H       KA47I       KA47K       KA47L

Categorical latent variables
   C


Estimator                                                      MLR
Information matrix                                        OBSERVED
Optimization Specifications for the Quasi-Newton Algorithm for
Continuous Outcomes
  Maximum number of iterations                                 100
  Convergence criterion                                  0.100D-05
Optimization Specifications for the EM Algorithm
  Maximum number of iterations                                 500
  Convergence criteria
    Loglikelihood change                                 0.100D-06
    Relative loglikelihood change                        0.100D-06
    Derivative                                           0.100D-05
Optimization Specifications for the M step of the EM Algorithm for
Categorical Latent Variables
  Number of M step iterations                                    1
  M step convergence criterion                           0.100D-05
  Basis for M step termination                           ITERATION
Optimization Specifications for the M step of the EM Algorithm for
Censored, Binary or Ordered Categorical (Ordinal), Unordered
Categorical (Nominal) and Count Outcomes
  Number of M step iterations                                    1
  M step convergence criterion                           0.100D-05
  Basis for M step termination                           ITERATION
  Maximum value for logit thresholds                            15
  Minimum value for logit thresholds                           -15
  Minimum expected cell size for chi-square              0.100D-01
Maximum number of iterations for H1                           2000
Convergence criterion for H1                             0.100D-03
Optimization algorithm                                         EMA
Random Starts Specifications
  Number of initial stage random starts                        500
  Number of final stage optimizations                          100
  Number of initial stage iterations                            10
  Initial stage convergence criterion                    0.100D+01
  Random starts scale                                    0.500D+01
  Random seed for generating random starts                       0
Link                                                         LOGIT

Input data file(s)
  C:/Users/dnajiarch/Box/LTA/ML 3 Step in LTA/step_1/t3/t3.dat
Input data format  FREE


SUMMARY OF DATA

     Number of missing data patterns            20
     Number of y missing data patterns           0
     Number of u missing data patterns          20


COVARIANCE COVERAGE OF DATA

Minimum covariance coverage value   0.100


     PROPORTION OF DATA PRESENT FOR U


           Covariance Coverage
              KA46A         KA46H         KA46I         KA46K         KA46L
              ________      ________      ________      ________      ________
 KA46A          0.998
 KA46H          0.990         0.990
 KA46I          0.987         0.986         0.988
 KA46K          0.985         0.984         0.980         0.985
 KA46L          0.984         0.983         0.980         0.978         0.984
 KA47A          0.984         0.981         0.979         0.976         0.975
 KA47H          0.979         0.977         0.973         0.971         0.971
 KA47I          0.980         0.979         0.975         0.973         0.972
 KA47K          0.979         0.977         0.973         0.971         0.971
 KA47L          0.982         0.980         0.977         0.975         0.974


           Covariance Coverage
              KA47A         KA47H         KA47I         KA47K         KA47L
              ________      ________      ________      ________      ________
 KA47A          0.985
 KA47H          0.978         0.980
 KA47I          0.979         0.975         0.980
 KA47K          0.978         0.974         0.976         0.980
 KA47L          0.981         0.978         0.979         0.978         0.983


UNIVARIATE PROPORTIONS AND COUNTS FOR CATEGORICAL VARIABLES

    KA46A
      Category 1    0.433          485.000
      Category 2    0.567          635.000
    KA46H
      Category 1    0.327          363.000
      Category 2    0.673          748.000
    KA46I
      Category 1    0.288          319.000
      Category 2    0.712          789.000
    KA46K
      Category 1    0.389          430.000
      Category 2    0.611          675.000
    KA46L
      Category 1    0.349          385.000
      Category 2    0.651          719.000
    KA47A
      Category 1    0.448          495.000
      Category 2    0.552          610.000
    KA47H
      Category 1    0.515          566.000
      Category 2    0.485          533.000
    KA47I
      Category 1    0.435          479.000
      Category 2    0.565          621.000
    KA47K
      Category 1    0.617          678.000
      Category 2    0.383          421.000
    KA47L
      Category 1    0.557          614.000
      Category 2    0.443          489.000


RANDOM STARTS RESULTS RANKED FROM THE BEST TO THE WORST LOGLIKELIHOOD VALUES

Final stage loglikelihood values at local maxima, seeds, and initial stage start numbers:

           -5976.598  65651            214
           -5976.598  544048           87
           -5976.598  746978           410
           -5976.598  626087           314
           -5976.598  55115            408
           -5976.598  780698           337
           -5976.598  965639           463
           -5976.598  282464           283
           -5976.598  562716           300
           -5976.598  150531           154
           -5976.598  903369           134
           -5976.598  354559           73
           -5976.598  987090           70
           -5976.598  153053           378
           -5976.598  860772           174
           -5976.598  227563           63
           -5976.598  195353           225
           -5976.598  853195           431
           -5976.598  596257           405
           -5976.598  791396           243
           -5976.598  790059           469
           -5976.598  863094           147
           -5976.598  22362            365
           -5976.598  443442           380
           -5976.598  80438            246
           -5976.598  314084           81
           -5976.598  377504           294
           -5976.598  621542           375
           -5976.598  437181           135
           -5976.598  190339           102
           -5976.598  782821           272
           -5976.598  152496           123
           -5976.598  146900           391
           -5976.598  741484           441
           -5976.598  246575           291
           -5976.598  260601           36
           -5976.598  972873           157
           -5976.598  970689           266
           -5976.598  124999           96
           -5976.598  319144           176
           -5976.598  836066           372
           -5976.598  39136            226
           -5976.598  978781           497
           -5976.598  263049           454
           -5976.598  267983           228
           -5976.598  471398           74
           -5976.598  193569           440
           -5976.598  53621            483
           -5976.598  991329           182
           -5976.598  173191           422
           -5976.598  760878           249
           -5976.598  851945           18
           -5976.598  655497           376
           -5976.598  188498           258
           -5976.598  292884           103
           -5976.598  301180           236
           -5976.598  650371           14
           -5976.598  193847           354
           -5976.598  475420           71
           -5976.598  741888           138
           -5976.598  359578           458
           -5976.598  466971           109
           -5976.598  220454           288
           -5976.598  136842           58
           -5976.598  unperturbed      0
           -5976.598  391949           295
           -5976.598  966014           37
           -5976.598  614009           317
           -5976.598  802256           477
           -5976.598  836515           341
           -5976.598  370466           41
           -5976.598  76974            16
           -5976.598  871851           257
           -5976.598  202790           198
           -5976.598  21345            199
           -5976.598  371246           101
           -5976.598  514326           325
           -5976.598  915107           54
           -5976.598  654136           167
           -5976.598  372176           23
           -5976.598  496881           192
           -5976.598  215353           164
           -5976.598  404426           344
           -5976.598  794236           127
           -5976.598  535804           111
           -5976.598  399380           436
           -5976.598  754100           56
           -5976.598  478421           311
           -5976.598  112586           494
           -5976.598  618000           190
           -5976.598  137305           379
           -5976.598  387701           275
           -5976.598  425982           485
           -5976.598  823392           479
           -5976.598  728038           177
           -5976.598  43523            297
           -5976.598  408713           450
           -5976.598  462953           7
           -5976.598  765392           382
           -5976.598  575700           100



THE BEST LOGLIKELIHOOD VALUE HAS BEEN REPLICATED.  RERUN WITH AT LEAST TWICE THE
RANDOM STARTS TO CHECK THAT THE BEST LOGLIKELIHOOD IS STILL OBTAINED AND REPLICATED.


THE MODEL ESTIMATION TERMINATED NORMALLY



MODEL FIT INFORMATION

Number of Free Parameters                       21

Loglikelihood

          H0 Value                       -5976.598
          H0 Scaling Correction Factor      1.1032
            for MLR

Information Criteria

          Akaike (AIC)                   11995.197
          Bayesian (BIC)                 12100.677
          Sample-Size Adjusted BIC       12033.975
            (n* = (n + 2) / 24)

Chi-Square Test of Model Fit for the Binary and Ordered Categorical
(Ordinal) Outcomes**

          Pearson Chi-Square

          Value                           3037.647
          Degrees of Freedom                   986
          P-Value                           0.0000

          Likelihood Ratio Chi-Square

          Value                           1593.912
          Degrees of Freedom                   986
          P-Value                           0.0000

** Of the 6568 cells in the latent class indicator table, 16
   were deleted in the calculation of chi-square due to extreme values.

Chi-Square Test for MCAR under the Unrestricted Latent Class Indicator Model

          Pearson Chi-Square

          Value                            844.370
          Degrees of Freedom                  5525
          P-Value                           1.0000

          Likelihood Ratio Chi-Square

          Value                            200.715
          Degrees of Freedom                  5525
          P-Value                           1.0000



FINAL CLASS COUNTS AND PROPORTIONS FOR THE LATENT CLASSES
BASED ON THE ESTIMATED MODEL

    Latent
   Classes

       1        533.50932          0.47550
       2        588.49068          0.52450


FINAL CLASS COUNTS AND PROPORTIONS FOR THE LATENT CLASSES
BASED ON ESTIMATED POSTERIOR PROBABILITIES

    Latent
   Classes

       1        533.50932          0.47550
       2        588.49068          0.52450


FINAL CLASS COUNTS AND PROPORTIONS FOR THE LATENT CLASSES
BASED ON THEIR MOST LIKELY LATENT CLASS MEMBERSHIP

Class Counts and Proportions

    Latent
   Classes

       1              529          0.47148
       2              593          0.52852


CLASSIFICATION QUALITY

     Entropy                         0.862


Average Latent Class Probabilities for Most Likely Latent Class Membership (Row)
by Latent Class (Column)

           1        2

    1   0.963    0.037
    2   0.041    0.959


Classification Probabilities for the Most Likely Latent Class Membership (Column)
by Latent Class (Row)

           1        2

    1   0.954    0.046
    2   0.034    0.966


Logits for the Classification Probabilities for the Most Likely Latent Class Membership (Column)
by Latent Class (Row)

              1        2

    1      3.041    0.000
    2     -3.356    0.000


MODEL RESULTS

                                                    Two-Tailed
                    Estimate       S.E.  Est./S.E.    P-Value

Latent Class 1

 Thresholds
    KA46A$1           -1.199      0.115    -10.384      0.000
    KA46H$1           -2.416      0.189    -12.807      0.000
    KA46I$1           -3.125      0.286    -10.937      0.000
    KA46K$1           -1.765      0.155    -11.403      0.000
    KA46L$1           -2.354      0.208    -11.316      0.000
    KA47A$1           -1.780      0.146    -12.188      0.000
    KA47H$1           -1.773      0.184     -9.641      0.000
    KA47I$1           -2.497      0.228    -10.960      0.000
    KA47K$1           -0.935      0.143     -6.558      0.000
    KA47L$1           -1.364      0.167     -8.178      0.000

Latent Class 2

 Thresholds
    KA46A$1            0.470      0.096      4.871      0.000
    KA46H$1            0.194      0.107      1.818      0.069
    KA46I$1            0.051      0.105      0.490      0.624
    KA46K$1            0.447      0.101      4.442      0.000
    KA46L$1            0.352      0.103      3.413      0.001
    KA47A$1            0.954      0.123      7.755      0.000
    KA47H$1            1.747      0.160     10.909      0.000
    KA47I$1            1.148      0.138      8.346      0.000
    KA47K$1            2.456      0.195     12.585      0.000
    KA47L$1            1.952      0.157     12.407      0.000

Categorical Latent Variables

 Means
    C#1               -0.098      0.089     -1.102      0.271


QUALITY OF NUMERICAL RESULTS

     Condition Number for the Information Matrix              0.439E-01
       (ratio of smallest to largest eigenvalue)


LATENT CLASS INDICATOR MEANS AND PROBABILITIES FOR EACH LATENT CLASS

     MEAN/PROBABILITY PROFILES FOR C
                   Latent class
                     1      2
     KA46A
       Category 1  0.232  0.615
       Category 2  0.768  0.385
     KA46H
       Category 1  0.082  0.548
       Category 2  0.918  0.452
     KA46I
       Category 1  0.042  0.513
       Category 2  0.958  0.487
     KA46K
       Category 1  0.146  0.610
       Category 2  0.854  0.390
     KA46L
       Category 1  0.087  0.587
       Category 2  0.913  0.413
     KA47A
       Category 1  0.144  0.722
       Category 2  0.856  0.278
     KA47H
       Category 1  0.145  0.852
       Category 2  0.855  0.148
     KA47I
       Category 1  0.076  0.759
       Category 2  0.924  0.241
     KA47K
       Category 1  0.282  0.921
       Category 2  0.718  0.079
     KA47L
       Category 1  0.204  0.876
       Category 2  0.796  0.124


RESULTS IN PROBABILITY SCALE

                                                    Two-Tailed
                    Estimate       S.E.  Est./S.E.    P-Value

Latent Class 1

 KA46A
    Category 1         0.232      0.021     11.269      0.000
    Category 2         0.768      0.021     37.385      0.000
 KA46H
    Category 1         0.082      0.014      5.774      0.000
    Category 2         0.918      0.014     64.680      0.000
 KA46I
    Category 1         0.042      0.012      3.654      0.000
    Category 2         0.958      0.012     83.132      0.000
 KA46K
    Category 1         0.146      0.019      7.568      0.000
    Category 2         0.854      0.019     44.200      0.000
 KA46L
    Category 1         0.087      0.016      5.264      0.000
    Category 2         0.913      0.016     55.415      0.000
 KA47A
    Category 1         0.144      0.018      7.999      0.000
    Category 2         0.856      0.018     47.456      0.000
 KA47H
    Category 1         0.145      0.023      6.362      0.000
    Category 2         0.855      0.023     37.458      0.000
 KA47I
    Category 1         0.076      0.016      4.750      0.000
    Category 2         0.924      0.016     57.708      0.000
 KA47K
    Category 1         0.282      0.029      9.767      0.000
    Category 2         0.718      0.029     24.881      0.000
 KA47L
    Category 1         0.204      0.027      7.528      0.000
    Category 2         0.796      0.027     29.451      0.000

Latent Class 2

 KA46A
    Category 1         0.615      0.023     26.958      0.000
    Category 2         0.385      0.023     16.854      0.000
 KA46H
    Category 1         0.548      0.026     20.727      0.000
    Category 2         0.452      0.026     17.067      0.000
 KA46I
    Category 1         0.513      0.026     19.583      0.000
    Category 2         0.487      0.026     18.602      0.000
 KA46K
    Category 1         0.610      0.024     25.496      0.000
    Category 2         0.390      0.024     16.313      0.000
 KA46L
    Category 1         0.587      0.025     23.481      0.000
    Category 2         0.413      0.025     16.513      0.000
 KA47A
    Category 1         0.722      0.025     29.236      0.000
    Category 2         0.278      0.025     11.265      0.000
 KA47H
    Category 1         0.852      0.020     42.065      0.000
    Category 2         0.148      0.020      7.335      0.000
 KA47I
    Category 1         0.759      0.025     30.183      0.000
    Category 2         0.241      0.025      9.575      0.000
 KA47K
    Category 1         0.921      0.014     64.850      0.000
    Category 2         0.079      0.014      5.565      0.000
 KA47L
    Category 1         0.876      0.017     51.123      0.000
    Category 2         0.124      0.017      7.257      0.000


EQUALITY TESTS OF PROBABILITIES ACROSS THE LATENT CLASSES

                    Chi-Square     P-Value   Degrees of Freedom


KA46A
  Overall test        130.560      0.000        1

KA46H
  Overall test        162.018      0.000        1

KA46I
  Overall test        123.087      0.000        1

KA46K
  Overall test        163.890      0.000        1

KA46L
  Overall test        153.862      0.000        1

KA47A
  Overall test        254.978      0.000        1

KA47H
  Overall test        312.400      0.000        1

KA47I
  Overall test        261.660      0.000        1

KA47K
  Overall test        257.973      0.000        1

KA47L
  Overall test        278.213      0.000        1


LATENT CLASS INDICATOR ODDS RATIOS FOR THE LATENT CLASSES

                                                95% C.I.
                    Estimate       S.E.  Lower 2.5% Upper 2.5%

Latent Class 1 Compared to Latent Class 2

 KA46A
    Category > 1       5.306      0.775      3.985      7.065
 KA46H
    Category > 1      13.604      2.790      9.101     20.334
 KA46I
    Category > 1      23.950      6.856     13.666     41.974
 KA46K
    Category > 1       9.128      1.577      6.506     12.806
 KA46L
    Category > 1      14.970      3.266      9.762     22.957
 KA47A
    Category > 1      15.398      2.637     11.008     21.538
 KA47H
    Category > 1      33.768      6.724     22.856     49.889
 KA47I
    Category > 1      38.297      8.631     24.623     59.565
 KA47K
    Category > 1      29.685      6.267     19.627     44.899
 KA47L
    Category > 1      27.557      5.479     18.663     40.688


RESIDUAL OUTPUT


     RESIDUAL OUTPUT IS NOT AVAILABLE FOR THIS MODEL.  ADDITIONAL OUTPUT FOR
     CATEGORICAL, COUNT, AND NOMINAL VARIABLES MAY BE AVAILABLE USING TECH10.


TECHNICAL 11 OUTPUT

     Random Starts Specifications for the k-1 Class Analysis Model
        Number of initial stage random starts                 500
        Number of final stage optimizations                   100



     VUONG-LO-MENDELL-RUBIN LIKELIHOOD RATIO TEST FOR 1 (H0) VERSUS 2 CLASSES

          H0 Loglikelihood Value                        -7349.129
          2 Times the Loglikelihood Difference           2745.062
          Difference in the Number of Parameters               11
          Mean                                             13.162
          Standard Deviation                               33.427
          P-Value                                          0.0000

     LO-MENDELL-RUBIN ADJUSTED LRT TEST

          Value                                          2709.982
          P-Value                                          0.0000


TECHNICAL 14 OUTPUT

     Random Starts Specifications for the k-1 Class Analysis Model
        Number of initial stage random starts                 500
        Number of final stage optimizations                   100

     Random Starts Specification for the k-1 Class Model for Generated Data
        Number of initial stage random starts                   0
        Number of final stage optimizations for the
           initial stage random starts                          0
     Random Starts Specification for the k Class Model for Generated Data
        Number of initial stage random starts                  40
        Number of final stage optimizations                     8
     Number of bootstrap draws requested                   Varies


     PARAMETRIC BOOTSTRAPPED LIKELIHOOD RATIO TEST FOR 1 (H0) VERSUS 2 CLASSES

          H0 Loglikelihood Value                        -7349.129
          2 Times the Loglikelihood Difference           2745.062
          Difference in the Number of Parameters               11
          Approximate P-Value                              0.0000
          Successful Bootstrap Draws                            5

     WARNING:  OF THE 5 BOOTSTRAP DRAWS, 4 DRAWS HAD BOTH A SMALLER LRT VALUE THAN THE
     OBSERVED LRT VALUE AND NOT A REPLICATED BEST LOGLIKELIHOOD VALUE FOR THE 2-CLASS MODEL.
     THIS MEANS THAT THE P-VALUE MAY NOT BE TRUSTWORTHY DUE TO LOCAL MAXIMA.
     INCREASE THE NUMBER OF RANDOM STARTS USING THE LRTSTARTS OPTION.



     Beginning Time:  11:42:53
        Ending Time:  11:43:03
       Elapsed Time:  00:00:10



MUTHEN & MUTHEN
3463 Stoner Ave.
Los Angeles, CA  90066

Tel: (310) 391-9971
Fax: (310) 391-8971
Web: www.StatModel.com
Support: Support@StatModel.com

Copyright (c) 1998-2025 Muthen & Muthen
