Mplus VERSION 9
MUTHEN & MUTHEN
11/11/2025  11:43 AM

INPUT INSTRUCTIONS

  TITLE:
  Class 4 Time 3
  DATA:
  FILE = "C:/Users/dnajiarch/Box/LTA/ML 3 Step in LTA/step_1/t3/t3.dat";
  VARIABLE:
  NAMES = CASENUM COHORT AB39A GA32A KA46A AB39B AB39C AB39D AB39E AB39F AB39G AB39H
       GA32H KA46H AB39I GA32I KA46I AB39J AB39K GA32K KA46K AB39L GA32L KA46L AB39M
       GA33A KA47A AB39N AB39O AB39P AB39Q AB39R AB39S AB39T GA33H KA47H AB39U GA33I
       KA47I AB39V AB39W GA33K KA47K AB39X GA33L KA47L SCIENCEG7 SCIG8 SCIG11 MTH7
       SCI7 SCI8 MOTHED FATHED PEDUC PEDUC3 RSEDAN RSEDAN6 RSEDAN5 RBACC RMAJFIRST
       RMAJFIRST2 RMAJLAST2 RMAJLAST RGRADMAJ RGRADMAJ10 RSTEMM RSTEMMX RSTEMMB
       RSTEMMA WEIGHT7 WEIGHT8 WEIGHT9 WEIGHT10 WEIGHT11 WEIGHT12 WEIGHTP1 WEIGHTP2
       WEIGHTP4 WGT12A WEIGHTR GENDER RACETH3 RACETH MINORITY STEM STEMSUP ENGINEER
       MATHG7 MATHG8 MATHG10 MATHG11 MATHG12 FEMALE;
   MISSING=.;
   categorical = KA46A KA46H KA46I KA46K KA46L KA47A KA47H KA47I KA47K KA47L;
  usevar = KA46A KA46H KA46I KA46K KA46L KA47A KA47H KA47I KA47K KA47L;

  classes = c(4);
  ANALYSIS:
  estimator = mlr;
      type = mixture;
      starts = 500 100;
      processors = 12;
  OUTPUT:
  sampstat residual tech11 tech14;



*** WARNING in OUTPUT command
  SAMPSTAT option is not available when all outcomes are censored, ordered
  categorical, unordered categorical (nominal), count or continuous-time
  survival variables.  Request for SAMPSTAT is ignored.
*** WARNING
  Data set contains cases with missing on all variables.
  These cases were not included in the analysis.
  Number of cases with missing on all variables:  790
   2 WARNING(S) FOUND IN THE INPUT INSTRUCTIONS




Class 4 Time 3

SUMMARY OF ANALYSIS

Number of groups                                                 1
Number of observations                                        1122

Number of dependent variables                                   10
Number of independent variables                                  0
Number of continuous latent variables                            0
Number of categorical latent variables                           1

Observed dependent variables

  Binary and ordered categorical (ordinal)
   KA46A       KA46H       KA46I       KA46K       KA46L       KA47A
   KA47H       KA47I       KA47K       KA47L

Categorical latent variables
   C


Estimator                                                      MLR
Information matrix                                        OBSERVED
Optimization Specifications for the Quasi-Newton Algorithm for
Continuous Outcomes
  Maximum number of iterations                                 100
  Convergence criterion                                  0.100D-05
Optimization Specifications for the EM Algorithm
  Maximum number of iterations                                 500
  Convergence criteria
    Loglikelihood change                                 0.100D-06
    Relative loglikelihood change                        0.100D-06
    Derivative                                           0.100D-05
Optimization Specifications for the M step of the EM Algorithm for
Categorical Latent Variables
  Number of M step iterations                                    1
  M step convergence criterion                           0.100D-05
  Basis for M step termination                           ITERATION
Optimization Specifications for the M step of the EM Algorithm for
Censored, Binary or Ordered Categorical (Ordinal), Unordered
Categorical (Nominal) and Count Outcomes
  Number of M step iterations                                    1
  M step convergence criterion                           0.100D-05
  Basis for M step termination                           ITERATION
  Maximum value for logit thresholds                            15
  Minimum value for logit thresholds                           -15
  Minimum expected cell size for chi-square              0.100D-01
Maximum number of iterations for H1                           2000
Convergence criterion for H1                             0.100D-03
Optimization algorithm                                         EMA
Random Starts Specifications
  Number of initial stage random starts                        500
  Number of final stage optimizations                          100
  Number of initial stage iterations                            10
  Initial stage convergence criterion                    0.100D+01
  Random starts scale                                    0.500D+01
  Random seed for generating random starts                       0
Link                                                         LOGIT

Input data file(s)
  C:/Users/dnajiarch/Box/LTA/ML 3 Step in LTA/step_1/t3/t3.dat
Input data format  FREE


SUMMARY OF DATA

     Number of missing data patterns            20
     Number of y missing data patterns           0
     Number of u missing data patterns          20


COVARIANCE COVERAGE OF DATA

Minimum covariance coverage value   0.100


     PROPORTION OF DATA PRESENT FOR U


           Covariance Coverage
              KA46A         KA46H         KA46I         KA46K         KA46L
              ________      ________      ________      ________      ________
 KA46A          0.998
 KA46H          0.990         0.990
 KA46I          0.987         0.986         0.988
 KA46K          0.985         0.984         0.980         0.985
 KA46L          0.984         0.983         0.980         0.978         0.984
 KA47A          0.984         0.981         0.979         0.976         0.975
 KA47H          0.979         0.977         0.973         0.971         0.971
 KA47I          0.980         0.979         0.975         0.973         0.972
 KA47K          0.979         0.977         0.973         0.971         0.971
 KA47L          0.982         0.980         0.977         0.975         0.974


           Covariance Coverage
              KA47A         KA47H         KA47I         KA47K         KA47L
              ________      ________      ________      ________      ________
 KA47A          0.985
 KA47H          0.978         0.980
 KA47I          0.979         0.975         0.980
 KA47K          0.978         0.974         0.976         0.980
 KA47L          0.981         0.978         0.979         0.978         0.983


UNIVARIATE PROPORTIONS AND COUNTS FOR CATEGORICAL VARIABLES

    KA46A
      Category 1    0.433          485.000
      Category 2    0.567          635.000
    KA46H
      Category 1    0.327          363.000
      Category 2    0.673          748.000
    KA46I
      Category 1    0.288          319.000
      Category 2    0.712          789.000
    KA46K
      Category 1    0.389          430.000
      Category 2    0.611          675.000
    KA46L
      Category 1    0.349          385.000
      Category 2    0.651          719.000
    KA47A
      Category 1    0.448          495.000
      Category 2    0.552          610.000
    KA47H
      Category 1    0.515          566.000
      Category 2    0.485          533.000
    KA47I
      Category 1    0.435          479.000
      Category 2    0.565          621.000
    KA47K
      Category 1    0.617          678.000
      Category 2    0.383          421.000
    KA47L
      Category 1    0.557          614.000
      Category 2    0.443          489.000


RANDOM STARTS RESULTS RANKED FROM THE BEST TO THE WORST LOGLIKELIHOOD VALUES

Final stage loglikelihood values at local maxima, seeds, and initial stage start numbers:

           -5543.616  366706           29
           -5543.616  285380           1
           -5543.616  533738           11
           -5543.616  364676           27
           -5543.616  784664           75
           -5543.616  354208           196
           -5543.616  551639           55
           -5543.616  478421           311
           -5543.616  467339           66
           -5543.616  966014           37
           -5543.616  193847           354
           -5543.616  268217           83
           -5543.616  971853           402
           -5543.616  518828           432
           -5543.616  350608           334
           -5543.616  887676           22
           -5543.616  153942           31
           -5543.616  40340            188
           -5543.616  314084           81
           -5543.616  320494           465
           -5543.616  292884           103
           -5543.616  746978           410
           -5543.616  626087           314
           -5543.616  637345           19
           -5543.616  835767           210
           -5543.616  960438           116
           -5543.616  12477            155
           -5543.616  802682           419
           -5543.616  631413           439
           -5543.616  926283           269
           -5543.616  112586           494
           -5543.616  804660           260
           -5543.616  278692           342
           -5543.616  393232           152
           -5543.616  793035           187
           -5544.159  626891           32

64 perturbed starting value run(s) did not converge or were rejected in the third stage.



THE BEST LOGLIKELIHOOD VALUE HAS BEEN REPLICATED.  RERUN WITH AT LEAST TWICE THE
RANDOM STARTS TO CHECK THAT THE BEST LOGLIKELIHOOD IS STILL OBTAINED AND REPLICATED.


THE MODEL ESTIMATION TERMINATED NORMALLY



MODEL FIT INFORMATION

Number of Free Parameters                       43

Loglikelihood

          H0 Value                       -5543.616
          H0 Scaling Correction Factor      1.1935
            for MLR

Information Criteria

          Akaike (AIC)                   11173.232
          Bayesian (BIC)                 11389.215
          Sample-Size Adjusted BIC       11252.636
            (n* = (n + 2) / 24)

Chi-Square Test of Model Fit for the Binary and Ordered Categorical
(Ordinal) Outcomes**

          Pearson Chi-Square

          Value                           1808.717
          Degrees of Freedom                   965
          P-Value                           0.0000

          Likelihood Ratio Chi-Square

          Value                           1109.620
          Degrees of Freedom                   965
          P-Value                           0.0008

** Of the 6568 cells in the latent class indicator table, 15
   were deleted in the calculation of chi-square due to extreme values.

Chi-Square Test for MCAR under the Unrestricted Latent Class Indicator Model

          Pearson Chi-Square

          Value                            676.481
          Degrees of Freedom                  5525
          P-Value                           1.0000

          Likelihood Ratio Chi-Square

          Value                            181.376
          Degrees of Freedom                  5525
          P-Value                           1.0000



FINAL CLASS COUNTS AND PROPORTIONS FOR THE LATENT CLASSES
BASED ON THE ESTIMATED MODEL

    Latent
   Classes

       1        393.84460          0.35102
       2        218.82770          0.19503
       3        264.65099          0.23587
       4        244.67671          0.21807


FINAL CLASS COUNTS AND PROPORTIONS FOR THE LATENT CLASSES
BASED ON ESTIMATED POSTERIOR PROBABILITIES

    Latent
   Classes

       1        393.84460          0.35102
       2        218.82770          0.19503
       3        264.65099          0.23587
       4        244.67671          0.21807


FINAL CLASS COUNTS AND PROPORTIONS FOR THE LATENT CLASSES
BASED ON THEIR MOST LIKELY LATENT CLASS MEMBERSHIP

Class Counts and Proportions

    Latent
   Classes

       1              402          0.35829
       2              222          0.19786
       3              249          0.22193
       4              249          0.22193


CLASSIFICATION QUALITY

     Entropy                         0.801


Average Latent Class Probabilities for Most Likely Latent Class Membership (Row)
by Latent Class (Column)

           1        2        3        4

    1   0.935    0.000    0.046    0.019
    2   0.003    0.914    0.053    0.030
    3   0.053    0.039    0.841    0.066
    4   0.017    0.024    0.100    0.859


Classification Probabilities for the Most Likely Latent Class Membership (Column)
by Latent Class (Row)

           1        2        3        4

    1   0.954    0.002    0.034    0.011
    2   0.001    0.927    0.045    0.027
    3   0.070    0.044    0.791    0.094
    4   0.031    0.027    0.067    0.875


Logits for the Classification Probabilities for the Most Likely Latent Class Membership (Column)
by Latent Class (Row)

              1        2        3        4

    1      4.480   -1.876    1.137    0.000
    2     -3.430    3.529    0.498    0.000
    3     -0.285   -0.748    2.133    0.000
    4     -3.354   -3.462   -2.562    0.000


MODEL RESULTS

                                                    Two-Tailed
                    Estimate       S.E.  Est./S.E.    P-Value

Latent Class 1

 Thresholds
    KA46A$1           -1.435      0.150     -9.560      0.000
    KA46H$1           -3.284      0.465     -7.059      0.000
    KA46I$1           -4.537      1.790     -2.535      0.011
    KA46K$1           -2.284      0.293     -7.797      0.000
    KA46L$1           -3.687      0.530     -6.962      0.000
    KA47A$1           -2.161      0.194    -11.129      0.000
    KA47H$1           -2.754      0.457     -6.021      0.000
    KA47I$1           -3.504      0.797     -4.397      0.000
    KA47K$1           -1.574      0.289     -5.441      0.000
    KA47L$1           -2.215      0.286     -7.741      0.000

Latent Class 2

 Thresholds
    KA46A$1            1.320      0.211      6.268      0.000
    KA46H$1            2.686      0.790      3.401      0.001
    KA46I$1            1.562      0.371      4.207      0.000
    KA46K$1            2.276      0.408      5.584      0.000
    KA46L$1            2.730      0.763      3.577      0.000
    KA47A$1            2.115      0.403      5.253      0.000
    KA47H$1            4.365      1.766      2.471      0.013
    KA47I$1            2.811      0.679      4.138      0.000
    KA47K$1            5.111      2.278      2.243      0.025
    KA47L$1            4.295      1.245      3.451      0.001

Latent Class 3

 Thresholds
    KA46A$1            0.289      0.297      0.973      0.331
    KA46H$1           -0.212      0.341     -0.621      0.535
    KA46I$1           -0.627      0.257     -2.441      0.015
    KA46K$1            0.298      0.379      0.786      0.432
    KA46L$1            0.397      0.512      0.777      0.437
    KA47A$1           -0.706      0.320     -2.208      0.027
    KA47H$1           -0.133      0.290     -0.458      0.647
    KA47I$1           -0.457      0.272     -1.678      0.093
    KA47K$1            0.717      0.282      2.539      0.011
    KA47L$1            0.121      0.342      0.353      0.724

Latent Class 4

 Thresholds
    KA46A$1           -0.611      0.181     -3.379      0.001
    KA46H$1           -1.986      0.388     -5.118      0.000
    KA46I$1           -1.450      0.272     -5.328      0.000
    KA46K$1           -1.351      0.245     -5.506      0.000
    KA46L$1           -2.483      0.476     -5.220      0.000
    KA47A$1            0.994      0.238      4.175      0.000
    KA47H$1            1.990      0.437      4.551      0.000
    KA47I$1            0.771      0.250      3.088      0.002
    KA47K$1            2.736      0.448      6.107      0.000
    KA47L$1            2.727      0.549      4.964      0.000

Categorical Latent Variables

 Means
    C#1                0.476      0.125      3.823      0.000
    C#2               -0.112      0.225     -0.497      0.619
    C#3                0.078      0.211      0.372      0.710


QUALITY OF NUMERICAL RESULTS

     Condition Number for the Information Matrix              0.106E-02
       (ratio of smallest to largest eigenvalue)


LATENT CLASS INDICATOR MEANS AND PROBABILITIES FOR EACH LATENT CLASS

     MEAN/PROBABILITY PROFILES FOR C
                       Latent class
                     1      2      3      4
     KA46A
       Category 1  0.192  0.789  0.572  0.352
       Category 2  0.808  0.211  0.428  0.648
     KA46H
       Category 1  0.036  0.936  0.447  0.121
       Category 2  0.964  0.064  0.553  0.879
     KA46I
       Category 1  0.011  0.827  0.348  0.190
       Category 2  0.989  0.173  0.652  0.810
     KA46K
       Category 1  0.092  0.907  0.574  0.206
       Category 2  0.908  0.093  0.426  0.794
     KA46L
       Category 1  0.024  0.939  0.598  0.077
       Category 2  0.976  0.061  0.402  0.923
     KA47A
       Category 1  0.103  0.892  0.330  0.730
       Category 2  0.897  0.108  0.670  0.270
     KA47H
       Category 1  0.060  0.987  0.467  0.880
       Category 2  0.940  0.013  0.533  0.120
     KA47I
       Category 1  0.029  0.943  0.388  0.684
       Category 2  0.971  0.057  0.612  0.316
     KA47K
       Category 1  0.172  0.994  0.672  0.939
       Category 2  0.828  0.006  0.328  0.061
     KA47L
       Category 1  0.098  0.987  0.530  0.939
       Category 2  0.902  0.013  0.470  0.061


RESULTS IN PROBABILITY SCALE

                                                    Two-Tailed
                    Estimate       S.E.  Est./S.E.    P-Value

Latent Class 1

 KA46A
    Category 1         0.192      0.023      8.250      0.000
    Category 2         0.808      0.023     34.639      0.000
 KA46H
    Category 1         0.036      0.016      2.230      0.026
    Category 2         0.964      0.016     59.503      0.000
 KA46I
    Category 1         0.011      0.019      0.565      0.572
    Category 2         0.989      0.019     52.767      0.000
 KA46K
    Category 1         0.092      0.025      3.763      0.000
    Category 2         0.908      0.025     36.917      0.000
 KA46L
    Category 1         0.024      0.013      1.935      0.053
    Category 2         0.976      0.013     77.287      0.000
 KA47A
    Category 1         0.103      0.018      5.743      0.000
    Category 2         0.897      0.018     49.849      0.000
 KA47H
    Category 1         0.060      0.026      2.326      0.020
    Category 2         0.940      0.026     36.526      0.000
 KA47I
    Category 1         0.029      0.023      1.293      0.196
    Category 2         0.971      0.023     42.979      0.000
 KA47K
    Category 1         0.172      0.041      4.172      0.000
    Category 2         0.828      0.041     20.142      0.000
 KA47L
    Category 1         0.098      0.025      3.876      0.000
    Category 2         0.902      0.025     35.517      0.000

Latent Class 2

 KA46A
    Category 1         0.789      0.035     22.522      0.000
    Category 2         0.211      0.035      6.018      0.000
 KA46H
    Category 1         0.936      0.047     19.841      0.000
    Category 2         0.064      0.047      1.352      0.176
 KA46I
    Category 1         0.827      0.053     15.537      0.000
    Category 2         0.173      0.053      3.258      0.001
 KA46K
    Category 1         0.907      0.034     26.343      0.000
    Category 2         0.093      0.034      2.706      0.007
 KA46L
    Category 1         0.939      0.044     21.399      0.000
    Category 2         0.061      0.044      1.396      0.163
 KA47A
    Category 1         0.892      0.039     23.069      0.000
    Category 2         0.108      0.039      2.784      0.005
 KA47H
    Category 1         0.987      0.022     45.100      0.000
    Category 2         0.013      0.022      0.573      0.566
 KA47I
    Category 1         0.943      0.036     25.944      0.000
    Category 2         0.057      0.036      1.561      0.119
 KA47K
    Category 1         0.994      0.014     73.222      0.000
    Category 2         0.006      0.014      0.442      0.659
 KA47L
    Category 1         0.987      0.017     59.737      0.000
    Category 2         0.013      0.017      0.814      0.415

Latent Class 3

 KA46A
    Category 1         0.572      0.073      7.864      0.000
    Category 2         0.428      0.073      5.892      0.000
 KA46H
    Category 1         0.447      0.084      5.297      0.000
    Category 2         0.553      0.084      6.548      0.000
 KA46I
    Category 1         0.348      0.058      5.972      0.000
    Category 2         0.652      0.058     11.180      0.000
 KA46K
    Category 1         0.574      0.093      6.195      0.000
    Category 2         0.426      0.093      4.599      0.000
 KA46L
    Category 1         0.598      0.123      4.864      0.000
    Category 2         0.402      0.123      3.269      0.001
 KA47A
    Category 1         0.330      0.071      4.670      0.000
    Category 2         0.670      0.071      9.463      0.000
 KA47H
    Category 1         0.467      0.072      6.472      0.000
    Category 2         0.533      0.072      7.390      0.000
 KA47I
    Category 1         0.388      0.065      6.002      0.000
    Category 2         0.612      0.065      9.476      0.000
 KA47K
    Category 1         0.672      0.062     10.796      0.000
    Category 2         0.328      0.062      5.271      0.000
 KA47L
    Category 1         0.530      0.085      6.215      0.000
    Category 2         0.470      0.085      5.507      0.000

Latent Class 4

 KA46A
    Category 1         0.352      0.041      8.533      0.000
    Category 2         0.648      0.041     15.721      0.000
 KA46H
    Category 1         0.121      0.041      2.931      0.003
    Category 2         0.879      0.041     21.354      0.000
 KA46I
    Category 1         0.190      0.042      4.537      0.000
    Category 2         0.810      0.042     19.340      0.000
 KA46K
    Category 1         0.206      0.040      5.131      0.000
    Category 2         0.794      0.040     19.811      0.000
 KA46L
    Category 1         0.077      0.034      2.278      0.023
    Category 2         0.923      0.034     27.285      0.000
 KA47A
    Category 1         0.730      0.047     15.550      0.000
    Category 2         0.270      0.047      5.755      0.000
 KA47H
    Category 1         0.880      0.046     19.019      0.000
    Category 2         0.120      0.046      2.599      0.009
 KA47I
    Category 1         0.684      0.054     12.663      0.000
    Category 2         0.316      0.054      5.855      0.000
 KA47K
    Category 1         0.939      0.026     36.663      0.000
    Category 2         0.061      0.026      2.377      0.017
 KA47L
    Category 1         0.939      0.032     29.641      0.000
    Category 2         0.061      0.032      1.939      0.052


EQUALITY TESTS OF PROBABILITIES ACROSS THE LATENT CLASSES

                    Chi-Square     P-Value   Degrees of Freedom


KA46A
  Overall test        139.209      0.000        3
  Class 1 vs. 2       127.567      0.000        1
  Class 1 vs. 3        34.652      0.000        1
  Class 1 vs. 4        12.630      0.000        1
  Class 2 vs. 3         9.619      0.002        1
  Class 2 vs. 4        53.617      0.000        1
  Class 3 vs. 4         6.783      0.009        1

KA46H
  Overall test        102.304      0.000        3
  Class 1 vs. 2        70.821      0.000        1
  Class 1 vs. 3        55.544      0.000        1
  Class 1 vs. 4         5.039      0.025        1
  Class 2 vs. 3        18.471      0.000        1
  Class 2 vs. 4        40.305      0.000        1
  Class 3 vs. 4        11.957      0.001        1

KA46I
  Overall test        102.710      0.000        3
  Class 1 vs. 2        14.508      0.000        1
  Class 1 vs. 3         5.403      0.020        1
  Class 1 vs. 4         3.088      0.079        1
  Class 2 vs. 3        39.329      0.000        1
  Class 2 vs. 4        57.008      0.000        1
  Class 3 vs. 4         4.908      0.027        1

KA46K
  Overall test        143.769      0.000        3
  Class 1 vs. 2       104.355      0.000        1
  Class 1 vs. 3        57.910      0.000        1
  Class 1 vs. 4         6.777      0.009        1
  Class 2 vs. 3        16.155      0.000        1
  Class 2 vs. 4        79.832      0.000        1
  Class 3 vs. 4        13.404      0.000        1

KA46L
  Overall test        101.381      0.000        3
  Class 1 vs. 2        62.883      0.000        1
  Class 1 vs. 3        61.921      0.000        1
  Class 1 vs. 4         2.751      0.097        1
  Class 2 vs. 3         9.299      0.002        1
  Class 2 vs. 4        44.004      0.000        1
  Class 3 vs. 4        15.653      0.000        1

KA47A
  Overall test        208.260      0.000        3
  Class 1 vs. 2       102.973      0.000        1
  Class 1 vs. 3        16.600      0.000        1
  Class 1 vs. 4       112.197      0.000        1
  Class 2 vs. 3        68.439      0.000        1
  Class 2 vs. 4         5.163      0.023        1
  Class 3 vs. 4        14.655      0.000        1

KA47H
  Overall test        106.311      0.000        3
  Class 1 vs. 2        20.951      0.000        1
  Class 1 vs. 3        46.889      0.000        1
  Class 1 vs. 4        53.693      0.000        1
  Class 2 vs. 3         7.737      0.005        1
  Class 2 vs. 4         1.703      0.192        1
  Class 3 vs. 4        13.744      0.000        1

KA47I
  Overall test        103.134      0.000        3
  Class 1 vs. 2        90.975      0.000        1
  Class 1 vs. 3        18.291      0.000        1
  Class 1 vs. 4        25.863      0.000        1
  Class 2 vs. 3        29.132      0.000        1
  Class 2 vs. 4         7.718      0.005        1
  Class 3 vs. 4        10.153      0.001        1

KA47K
  Overall test        134.914      0.000        3
  Class 1 vs. 2         9.780      0.002        1
  Class 1 vs. 3        56.466      0.000        1
  Class 1 vs. 4        63.141      0.000        1
  Class 2 vs. 3         4.087      0.043        1
  Class 2 vs. 4         1.024      0.312        1
  Class 3 vs. 4        12.105      0.001        1

KA47L
  Overall test        138.416      0.000        3
  Class 1 vs. 2        30.605      0.000        1
  Class 1 vs. 3        42.767      0.000        1
  Class 1 vs. 4        63.353      0.000        1
  Class 2 vs. 3        14.617      0.000        1
  Class 2 vs. 4         1.184      0.277        1
  Class 3 vs. 4        12.615      0.000        1


LATENT CLASS INDICATOR ODDS RATIOS FOR THE LATENT CLASSES

                                                95% C.I.
                    Estimate       S.E.  Lower 2.5% Upper 2.5%

Latent Class 1 Compared to Latent Class 2

 KA46A
    Category > 1      15.713      3.832      9.742     25.342
 KA46H
    Category > 1     391.427    277.671     97.457   1572.133
 KA46I
    Category > 1     445.579    713.520     19.313  10280.310
 KA46K
    Category > 1      95.532     42.639     39.831    229.126
 KA46L
    Category > 1     612.058    495.274    125.312   2989.459
 KA47A
    Category > 1      71.927     30.306     31.494    164.266
 KA47H
    Category > 1    1235.455   1921.587     58.596  26048.541
 KA47I
    Category > 1     552.804    366.001    151.007   2023.702
 KA47K
    Category > 1     800.556   1711.387     12.126  52854.266
 KA47L
    Category > 1     672.190    791.068     66.948   6749.138

Latent Class 1 Compared to Latent Class 3

 KA46A
    Category > 1       5.605      1.641      3.157      9.949
 KA46H
    Category > 1      21.585      8.897      9.622     48.419
 KA46I
    Category > 1      49.910     83.961      1.846   1349.392
 KA46K
    Category > 1      13.215      4.483      6.797     25.694
 KA46L
    Category > 1      59.419     30.843     21.482    164.352
 KA47A
    Category > 1       4.283      1.529      2.127      8.623
 KA47H
    Category > 1      13.755      5.266      6.495     29.128
 KA47I
    Category > 1      21.059     15.005      5.211     85.105
 KA47K
    Category > 1       9.888      3.015      5.439     17.975
 KA47L
    Category > 1      10.342      3.694      5.135     20.829

Latent Class 1 Compared to Latent Class 4

 KA46A
    Category > 1       2.279      0.528      1.447      3.590
 KA46H
    Category > 1       3.663      2.118      1.179     11.379
 KA46I
    Category > 1      21.919     38.512      0.700    686.174
 KA46K
    Category > 1       2.541      0.910      1.259      5.129
 KA46L
    Category > 1       3.333      2.420      0.804     13.827
 KA47A
    Category > 1      23.453      6.986     13.081     42.047
 KA47H
    Category > 1     114.936     74.418     32.308    408.879
 KA47I
    Category > 1      71.907     60.451     13.841    373.577
 KA47K
    Category > 1      74.463     40.392     25.716    215.613
 KA47L
    Category > 1     140.062     86.966     41.476    472.985

Latent Class 2 Compared to Latent Class 3

 KA46A
    Category > 1       0.357      0.119      0.186      0.684
 KA46H
    Category > 1       0.055      0.037      0.015      0.207
 KA46I
    Category > 1       0.112      0.039      0.057      0.222
 KA46K
    Category > 1       0.138      0.068      0.053      0.363
 KA46L
    Category > 1       0.097      0.074      0.022      0.435
 KA47A
    Category > 1       0.060      0.020      0.031      0.116
 KA47H
    Category > 1       0.011      0.018      0.000      0.265
 KA47I
    Category > 1       0.038      0.023      0.012      0.125
 KA47K
    Category > 1       0.012      0.027      0.000      0.875
 KA47L
    Category > 1       0.015      0.017      0.002      0.131

Latent Class 2 Compared to Latent Class 4

 KA46A
    Category > 1       0.145      0.038      0.087      0.243
 KA46H
    Category > 1       0.009      0.007      0.002      0.040
 KA46I
    Category > 1       0.049      0.020      0.023      0.108
 KA46K
    Category > 1       0.027      0.011      0.012      0.059
 KA46L
    Category > 1       0.005      0.004      0.001      0.025
 KA47A
    Category > 1       0.326      0.161      0.124      0.857
 KA47H
    Category > 1       0.093      0.169      0.003      3.292
 KA47I
    Category > 1       0.130      0.095      0.031      0.548
 KA47K
    Category > 1       0.093      0.218      0.001      9.248
 KA47L
    Category > 1       0.208      0.300      0.012      3.515

Latent Class 3 Compared to Latent Class 4

 KA46A
    Category > 1       0.407      0.140      0.207      0.800
 KA46H
    Category > 1       0.170      0.087      0.062      0.464
 KA46I
    Category > 1       0.439      0.163      0.212      0.910
 KA46K
    Category > 1       0.192      0.087      0.080      0.465
 KA46L
    Category > 1       0.056      0.041      0.013      0.234
 KA47A
    Category > 1       5.476      2.432      2.293     13.077
 KA47H
    Category > 1       8.356      4.785      2.720     25.672
 KA47I
    Category > 1       3.415      1.316      1.604      7.268
 KA47K
    Category > 1       7.531      4.370      2.415     23.485
 KA47L
    Category > 1      13.543      9.937      3.215     57.050


RESIDUAL OUTPUT


     RESIDUAL OUTPUT IS NOT AVAILABLE FOR THIS MODEL.  ADDITIONAL OUTPUT FOR
     CATEGORICAL, COUNT, AND NOMINAL VARIABLES MAY BE AVAILABLE USING TECH10.


TECHNICAL 11 OUTPUT

     Random Starts Specifications for the k-1 Class Analysis Model
        Number of initial stage random starts                 500
        Number of final stage optimizations                   100



     VUONG-LO-MENDELL-RUBIN LIKELIHOOD RATIO TEST FOR 3 (H0) VERSUS 4 CLASSES

          H0 Loglikelihood Value                        -5670.595
          2 Times the Loglikelihood Difference            253.957
          Difference in the Number of Parameters               11
          Mean                                             36.341
          Standard Deviation                               48.076
          P-Value                                          0.0039

     LO-MENDELL-RUBIN ADJUSTED LRT TEST

          Value                                           250.712
          P-Value                                          0.0042


TECHNICAL 14 OUTPUT

     Random Starts Specifications for the k-1 Class Analysis Model
        Number of initial stage random starts                 500
        Number of final stage optimizations                   100

     Random Starts Specification for the k-1 Class Model for Generated Data
        Number of initial stage random starts                   0
        Number of final stage optimizations for the
           initial stage random starts                          0
     Random Starts Specification for the k Class Model for Generated Data
        Number of initial stage random starts                  40
        Number of final stage optimizations                     8
     Number of bootstrap draws requested                   Varies


     PARAMETRIC BOOTSTRAPPED LIKELIHOOD RATIO TEST FOR 3 (H0) VERSUS 4 CLASSES

          H0 Loglikelihood Value                        -5670.595
          2 Times the Loglikelihood Difference            253.957
          Difference in the Number of Parameters               11
          Approximate P-Value                              0.0000
          Successful Bootstrap Draws                            5


     Beginning Time:  11:43:17
        Ending Time:  11:43:33
       Elapsed Time:  00:00:16



MUTHEN & MUTHEN
3463 Stoner Ave.
Los Angeles, CA  90066

Tel: (310) 391-9971
Fax: (310) 391-8971
Web: www.StatModel.com
Support: Support@StatModel.com

Copyright (c) 1998-2025 Muthen & Muthen
