Mplus VERSION 9
MUTHEN & MUTHEN
11/11/2025  11:43 AM

INPUT INSTRUCTIONS

  TITLE:
  Class 6 Time 3
  DATA:
  FILE = "C:/Users/dnajiarch/Box/LTA/ML 3 Step in LTA/step_1/t3/t3.dat";
  VARIABLE:
  NAMES = CASENUM COHORT AB39A GA32A KA46A AB39B AB39C AB39D AB39E AB39F AB39G AB39H
       GA32H KA46H AB39I GA32I KA46I AB39J AB39K GA32K KA46K AB39L GA32L KA46L AB39M
       GA33A KA47A AB39N AB39O AB39P AB39Q AB39R AB39S AB39T GA33H KA47H AB39U GA33I
       KA47I AB39V AB39W GA33K KA47K AB39X GA33L KA47L SCIENCEG7 SCIG8 SCIG11 MTH7
       SCI7 SCI8 MOTHED FATHED PEDUC PEDUC3 RSEDAN RSEDAN6 RSEDAN5 RBACC RMAJFIRST
       RMAJFIRST2 RMAJLAST2 RMAJLAST RGRADMAJ RGRADMAJ10 RSTEMM RSTEMMX RSTEMMB
       RSTEMMA WEIGHT7 WEIGHT8 WEIGHT9 WEIGHT10 WEIGHT11 WEIGHT12 WEIGHTP1 WEIGHTP2
       WEIGHTP4 WGT12A WEIGHTR GENDER RACETH3 RACETH MINORITY STEM STEMSUP ENGINEER
       MATHG7 MATHG8 MATHG10 MATHG11 MATHG12 FEMALE;
   MISSING=.;
   categorical = KA46A KA46H KA46I KA46K KA46L KA47A KA47H KA47I KA47K KA47L;
  usevar = KA46A KA46H KA46I KA46K KA46L KA47A KA47H KA47I KA47K KA47L;

  classes = c(6);
  ANALYSIS:
  estimator = mlr;
      type = mixture;
      starts = 500 100;
      processors = 12;
  OUTPUT:
  sampstat residual tech11 tech14;



*** WARNING in OUTPUT command
  SAMPSTAT option is not available when all outcomes are censored, ordered
  categorical, unordered categorical (nominal), count or continuous-time
  survival variables.  Request for SAMPSTAT is ignored.
*** WARNING
  Data set contains cases with missing on all variables.
  These cases were not included in the analysis.
  Number of cases with missing on all variables:  790
   2 WARNING(S) FOUND IN THE INPUT INSTRUCTIONS




Class 6 Time 3

SUMMARY OF ANALYSIS

Number of groups                                                 1
Number of observations                                        1122

Number of dependent variables                                   10
Number of independent variables                                  0
Number of continuous latent variables                            0
Number of categorical latent variables                           1

Observed dependent variables

  Binary and ordered categorical (ordinal)
   KA46A       KA46H       KA46I       KA46K       KA46L       KA47A
   KA47H       KA47I       KA47K       KA47L

Categorical latent variables
   C


Estimator                                                      MLR
Information matrix                                        OBSERVED
Optimization Specifications for the Quasi-Newton Algorithm for
Continuous Outcomes
  Maximum number of iterations                                 100
  Convergence criterion                                  0.100D-05
Optimization Specifications for the EM Algorithm
  Maximum number of iterations                                 500
  Convergence criteria
    Loglikelihood change                                 0.100D-06
    Relative loglikelihood change                        0.100D-06
    Derivative                                           0.100D-05
Optimization Specifications for the M step of the EM Algorithm for
Categorical Latent Variables
  Number of M step iterations                                    1
  M step convergence criterion                           0.100D-05
  Basis for M step termination                           ITERATION
Optimization Specifications for the M step of the EM Algorithm for
Censored, Binary or Ordered Categorical (Ordinal), Unordered
Categorical (Nominal) and Count Outcomes
  Number of M step iterations                                    1
  M step convergence criterion                           0.100D-05
  Basis for M step termination                           ITERATION
  Maximum value for logit thresholds                            15
  Minimum value for logit thresholds                           -15
  Minimum expected cell size for chi-square              0.100D-01
Maximum number of iterations for H1                           2000
Convergence criterion for H1                             0.100D-03
Optimization algorithm                                         EMA
Random Starts Specifications
  Number of initial stage random starts                        500
  Number of final stage optimizations                          100
  Number of initial stage iterations                            10
  Initial stage convergence criterion                    0.100D+01
  Random starts scale                                    0.500D+01
  Random seed for generating random starts                       0
Link                                                         LOGIT

Input data file(s)
  C:/Users/dnajiarch/Box/LTA/ML 3 Step in LTA/step_1/t3/t3.dat
Input data format  FREE


SUMMARY OF DATA

     Number of missing data patterns            20
     Number of y missing data patterns           0
     Number of u missing data patterns          20


COVARIANCE COVERAGE OF DATA

Minimum covariance coverage value   0.100


     PROPORTION OF DATA PRESENT FOR U


           Covariance Coverage
              KA46A         KA46H         KA46I         KA46K         KA46L
              ________      ________      ________      ________      ________
 KA46A          0.998
 KA46H          0.990         0.990
 KA46I          0.987         0.986         0.988
 KA46K          0.985         0.984         0.980         0.985
 KA46L          0.984         0.983         0.980         0.978         0.984
 KA47A          0.984         0.981         0.979         0.976         0.975
 KA47H          0.979         0.977         0.973         0.971         0.971
 KA47I          0.980         0.979         0.975         0.973         0.972
 KA47K          0.979         0.977         0.973         0.971         0.971
 KA47L          0.982         0.980         0.977         0.975         0.974


           Covariance Coverage
              KA47A         KA47H         KA47I         KA47K         KA47L
              ________      ________      ________      ________      ________
 KA47A          0.985
 KA47H          0.978         0.980
 KA47I          0.979         0.975         0.980
 KA47K          0.978         0.974         0.976         0.980
 KA47L          0.981         0.978         0.979         0.978         0.983


UNIVARIATE PROPORTIONS AND COUNTS FOR CATEGORICAL VARIABLES

    KA46A
      Category 1    0.433          485.000
      Category 2    0.567          635.000
    KA46H
      Category 1    0.327          363.000
      Category 2    0.673          748.000
    KA46I
      Category 1    0.288          319.000
      Category 2    0.712          789.000
    KA46K
      Category 1    0.389          430.000
      Category 2    0.611          675.000
    KA46L
      Category 1    0.349          385.000
      Category 2    0.651          719.000
    KA47A
      Category 1    0.448          495.000
      Category 2    0.552          610.000
    KA47H
      Category 1    0.515          566.000
      Category 2    0.485          533.000
    KA47I
      Category 1    0.435          479.000
      Category 2    0.565          621.000
    KA47K
      Category 1    0.617          678.000
      Category 2    0.383          421.000
    KA47L
      Category 1    0.557          614.000
      Category 2    0.443          489.000


RANDOM STARTS RESULTS RANKED FROM THE BEST TO THE WORST LOGLIKELIHOOD VALUES

Final stage loglikelihood values at local maxima, seeds, and initial stage start numbers:

           -5444.055  193847           354
           -5444.055  478421           311
           -5444.055  364676           27
           -5444.055  973369           202
           -5444.055  902278           21
           -5444.055  654136           167
           -5444.055  790059           469
           -5444.055  195353           225
           -5444.055  281462           285
           -5444.055  238906           430
           -5444.055  195873           6
           -5444.055  760878           249
           -5444.055  918558           412
           -5444.055  298275           418
           -5444.055  576596           99
           -5444.055  741888           138
           -5444.055  802682           419
           -5444.055  153394           429
           -5444.055  714997           399
           -5444.055  508482           446
           -5444.055  848890           95
           -5444.055  830570           369
           -5444.055  407168           44
           -5444.055  292884           103
           -5444.055  603842           61
           -5444.055  518828           432
           -5444.055  514326           325
           -5444.352  596257           405
           -5444.416  286735           175
           -5445.285  783110           72
           -5446.399  939021           8
           -5446.399  851945           18
           -5446.399  391949           295
           -5446.399  655497           376
           -5446.399  499150           216
           -5446.424  124999           96
           -5446.424  579995           183
           -5446.424  220454           288
           -5448.873  352277           42
           -5458.065  46437            153
           -5458.158  399380           436
           -5461.865  930872           277

58 perturbed starting value run(s) did not converge or were rejected in the third stage.



THE BEST LOGLIKELIHOOD VALUE HAS BEEN REPLICATED.  RERUN WITH AT LEAST TWICE THE
RANDOM STARTS TO CHECK THAT THE BEST LOGLIKELIHOOD IS STILL OBTAINED AND REPLICATED.

     IN THE OPTIMIZATION, ONE OR MORE LOGIT THRESHOLDS APPROACHED EXTREME VALUES
     OF -15.000 AND 15.000 AND WERE FIXED TO STABILIZE MODEL ESTIMATION.  THESE
     VALUES IMPLY PROBABILITIES OF 0 AND 1.  IN THE MODEL RESULTS SECTION, THESE
     PARAMETERS HAVE 0 STANDARD ERRORS AND 999 IN THE Z-SCORE AND P-VALUE COLUMNS.




THE MODEL ESTIMATION TERMINATED NORMALLY



MODEL FIT INFORMATION

Number of Free Parameters                       65

Loglikelihood

          H0 Value                       -5444.055
          H0 Scaling Correction Factor      1.1503
            for MLR

Information Criteria

          Akaike (AIC)                   11018.111
          Bayesian (BIC)                 11344.597
          Sample-Size Adjusted BIC       11138.139
            (n* = (n + 2) / 24)

Chi-Square Test of Model Fit for the Binary and Ordered Categorical
(Ordinal) Outcomes**

          Pearson Chi-Square

          Value                           1310.405
          Degrees of Freedom                   944
          P-Value                           0.0000

          Likelihood Ratio Chi-Square

          Value                            913.159
          Degrees of Freedom                   944
          P-Value                           0.7587

** Of the 6568 cells in the latent class indicator table, 14
   were deleted in the calculation of chi-square due to extreme values.

Chi-Square Test for MCAR under the Unrestricted Latent Class Indicator Model

          Pearson Chi-Square

          Value                            723.746
          Degrees of Freedom                  5525
          P-Value                           1.0000

          Likelihood Ratio Chi-Square

          Value                            187.861
          Degrees of Freedom                  5525
          P-Value                           1.0000



FINAL CLASS COUNTS AND PROPORTIONS FOR THE LATENT CLASSES
BASED ON THE ESTIMATED MODEL

    Latent
   Classes

       1        316.49462          0.28208
       2        129.65196          0.11555
       3        177.24339          0.15797
       4        211.59241          0.18859
       5        205.68197          0.18332
       6         81.33565          0.07249


FINAL CLASS COUNTS AND PROPORTIONS FOR THE LATENT CLASSES
BASED ON ESTIMATED POSTERIOR PROBABILITIES

    Latent
   Classes

       1        316.49462          0.28208
       2        129.65196          0.11555
       3        177.24339          0.15797
       4        211.59241          0.18859
       5        205.68197          0.18332
       6         81.33565          0.07249


FINAL CLASS COUNTS AND PROPORTIONS FOR THE LATENT CLASSES
BASED ON THEIR MOST LIKELY LATENT CLASS MEMBERSHIP

Class Counts and Proportions

    Latent
   Classes

       1              322          0.28699
       2              138          0.12299
       3              165          0.14706
       4              215          0.19162
       5              207          0.18449
       6               75          0.06684


CLASSIFICATION QUALITY

     Entropy                         0.838


Average Latent Class Probabilities for Most Likely Latent Class Membership (Row)
by Latent Class (Column)

           1        2        3        4        5        6

    1   0.962    0.005    0.026    0.006    0.001    0.001
    2   0.000    0.865    0.057    0.066    0.000    0.013
    3   0.035    0.019    0.838    0.037    0.020    0.050
    4   0.002    0.025    0.052    0.873    0.026    0.022
    5   0.003    0.001    0.022    0.020    0.924    0.030
    6   0.000    0.001    0.092    0.036    0.069    0.802


Classification Probabilities for the Most Likely Latent Class Membership (Column)
by Latent Class (Row)

           1        2        3        4        5        6

    1   0.979    0.000    0.018    0.001    0.002    0.000
    2   0.012    0.920    0.025    0.041    0.002    0.001
    3   0.048    0.044    0.780    0.063    0.025    0.039
    4   0.009    0.043    0.029    0.887    0.020    0.013
    5   0.001    0.000    0.016    0.027    0.930    0.025
    6   0.003    0.022    0.102    0.059    0.075    0.739


Logits for the Classification Probabilities for the Most Likely Latent Class Membership (Column)
by Latent Class (Row)

              1        2        3        4        5        6

    1     13.794    0.000    9.806    7.309    7.441    0.000
    2      2.911    7.263    3.640    4.146    1.122    0.000
    3      0.210    0.126    2.997    0.483   -0.432    0.000
    4     -0.381    1.223    0.831    4.251    0.459    0.000
    5     -3.473   -7.563   -0.439    0.072    3.604    0.000
    6     -5.631   -3.522   -1.984   -2.524   -2.283    0.000


MODEL RESULTS

                                                    Two-Tailed
                    Estimate       S.E.  Est./S.E.    P-Value

Latent Class 1

 Thresholds
    KA46A$1           -1.404      0.151     -9.331      0.000
    KA46H$1           -3.423      0.446     -7.670      0.000
    KA46I$1          -15.000      0.000    999.000    999.000
    KA46K$1           -3.070      0.306    -10.020      0.000
    KA46L$1           -3.543      0.484     -7.318      0.000
    KA47A$1           -2.041      0.194    -10.528      0.000
    KA47H$1           -3.290      0.469     -7.016      0.000
    KA47I$1           -4.192      0.632     -6.636      0.000
    KA47K$1          -15.000      0.000    999.000    999.000
    KA47L$1           -2.664      0.255    -10.446      0.000

Latent Class 2

 Thresholds
    KA46A$1           -1.250      0.265     -4.721      0.000
    KA46H$1           -5.260      5.041     -1.044      0.297
    KA46I$1           -3.645      0.993     -3.669      0.000
    KA46K$1           -0.619      0.227     -2.724      0.006
    KA46L$1          -15.000      0.000    999.000    999.000
    KA47A$1           -1.510      0.307     -4.925      0.000
    KA47H$1           -0.957      0.277     -3.456      0.001
    KA47I$1           -2.597      0.567     -4.580      0.000
    KA47K$1           15.000      0.000    999.000    999.000
    KA47L$1            0.070      0.243      0.287      0.774

Latent Class 3

 Thresholds
    KA46A$1            0.055      0.238      0.229      0.819
    KA46H$1           -0.042      0.245     -0.171      0.864
    KA46I$1           -0.175      0.322     -0.543      0.587
    KA46K$1           -0.266      0.285     -0.933      0.351
    KA46L$1            0.044      0.346      0.127      0.899
    KA47A$1           -0.854      0.285     -3.002      0.003
    KA47H$1            0.005      0.224      0.023      0.982
    KA47I$1           -0.105      0.293     -0.358      0.720
    KA47K$1           -0.211      0.333     -0.633      0.527
    KA47L$1           -0.827      0.536     -1.544      0.122

Latent Class 4

 Thresholds
    KA46A$1           -0.429      0.176     -2.441      0.015
    KA46H$1           -1.564      0.279     -5.607      0.000
    KA46I$1           -1.149      0.234     -4.901      0.000
    KA46K$1           -1.276      0.233     -5.482      0.000
    KA46L$1           -2.269      0.447     -5.080      0.000
    KA47A$1            1.421      0.251      5.653      0.000
    KA47H$1            2.889      0.656      4.404      0.000
    KA47I$1            1.433      0.278      5.153      0.000
    KA47K$1            2.804      0.500      5.606      0.000
    KA47L$1            3.329      0.689      4.830      0.000

Latent Class 5

 Thresholds
    KA46A$1            1.397      0.229      6.112      0.000
    KA46H$1            2.881      0.936      3.079      0.002
    KA46I$1            1.905      0.410      4.647      0.000
    KA46K$1            2.457      0.376      6.536      0.000
    KA46L$1            2.986      0.695      4.296      0.000
    KA47A$1            2.087      0.423      4.935      0.000
    KA47H$1            3.849      1.460      2.636      0.008
    KA47I$1            3.397      0.924      3.675      0.000
    KA47K$1            4.947      1.615      3.064      0.002
    KA47L$1            4.081      0.887      4.600      0.000

Latent Class 6

 Thresholds
    KA46A$1            0.739      0.386      1.917      0.055
    KA46H$1           -0.147      0.483     -0.305      0.760
    KA46I$1           -2.102      1.782     -1.179      0.238
    KA46K$1            1.387      0.902      1.538      0.124
    KA46L$1            2.799      1.344      2.082      0.037
    KA47A$1           -0.239      0.441     -0.542      0.587
    KA47H$1            0.004      0.550      0.008      0.994
    KA47I$1           -1.096      1.031     -1.063      0.288
    KA47K$1            3.594      5.487      0.655      0.512
    KA47L$1            2.750      1.896      1.451      0.147

Categorical Latent Variables

 Means
    C#1                1.359      0.453      2.998      0.003
    C#2                0.466      0.449      1.039      0.299
    C#3                0.779      0.606      1.285      0.199
    C#4                0.956      0.451      2.121      0.034
    C#5                0.928      0.542      1.711      0.087


QUALITY OF NUMERICAL RESULTS

     Condition Number for the Information Matrix              0.180E-03
       (ratio of smallest to largest eigenvalue)


LATENT CLASS INDICATOR MEANS AND PROBABILITIES FOR EACH LATENT CLASS

     MEAN/PROBABILITY PROFILES FOR C
                       Latent class
                     1      2      3      4      5      6
     KA46A
       Category 1  0.197  0.223  0.514  0.394  0.802  0.677
       Category 2  0.803  0.777  0.486  0.606  0.198  0.323
     KA46H
       Category 1  0.032  0.005  0.490  0.173  0.947  0.463
       Category 2  0.968  0.995  0.510  0.827  0.053  0.537
     KA46I
       Category 1  0.000  0.025  0.456  0.241  0.870  0.109
       Category 2  1.000  0.975  0.544  0.759  0.130  0.891
     KA46K
       Category 1  0.044  0.350  0.434  0.218  0.921  0.800
       Category 2  0.956  0.650  0.566  0.782  0.079  0.200
     KA46L
       Category 1  0.028  0.000  0.511  0.094  0.952  0.943
       Category 2  0.972  1.000  0.489  0.906  0.048  0.057
     KA47A
       Category 1  0.115  0.181  0.299  0.805  0.890  0.441
       Category 2  0.885  0.819  0.701  0.195  0.110  0.559
     KA47H
       Category 1  0.036  0.277  0.501  0.947  0.979  0.501
       Category 2  0.964  0.723  0.499  0.053  0.021  0.499
     KA47I
       Category 1  0.015  0.069  0.474  0.807  0.968  0.251
       Category 2  0.985  0.931  0.526  0.193  0.032  0.749
     KA47K
       Category 1  0.000  1.000  0.448  0.943  0.993  0.973
       Category 2  1.000  0.000  0.552  0.057  0.007  0.027
     KA47L
       Category 1  0.065  0.517  0.304  0.965  0.983  0.940
       Category 2  0.935  0.483  0.696  0.035  0.017  0.060


RESULTS IN PROBABILITY SCALE

                                                    Two-Tailed
                    Estimate       S.E.  Est./S.E.    P-Value

Latent Class 1

 KA46A
    Category 1         0.197      0.024      8.275      0.000
    Category 2         0.803      0.024     33.707      0.000
 KA46H
    Category 1         0.032      0.014      2.314      0.021
    Category 2         0.968      0.014     70.946      0.000
 KA46I
    Category 1         0.000      0.000      0.000      1.000
    Category 2         1.000      0.000      0.000      1.000
 KA46K
    Category 1         0.044      0.013      3.415      0.001
    Category 2         0.956      0.013     73.588      0.000
 KA46L
    Category 1         0.028      0.013      2.125      0.034
    Category 2         0.972      0.013     73.458      0.000
 KA47A
    Category 1         0.115      0.020      5.830      0.000
    Category 2         0.885      0.020     44.861      0.000
 KA47H
    Category 1         0.036      0.016      2.212      0.027
    Category 2         0.964      0.016     59.366      0.000
 KA47I
    Category 1         0.015      0.009      1.607      0.108
    Category 2         0.985      0.009    106.322      0.000
 KA47K
    Category 1         0.000      0.000      0.000      1.000
    Category 2         1.000      0.000      0.000      1.000
 KA47L
    Category 1         0.065      0.016      4.194      0.000
    Category 2         0.935      0.016     60.215      0.000

Latent Class 2

 KA46A
    Category 1         0.223      0.046      4.858      0.000
    Category 2         0.777      0.046     16.960      0.000
 KA46H
    Category 1         0.005      0.026      0.199      0.842
    Category 2         0.995      0.026     38.397      0.000
 KA46I
    Category 1         0.025      0.025      1.033      0.302
    Category 2         0.975      0.025     39.538      0.000
 KA46K
    Category 1         0.350      0.052      6.774      0.000
    Category 2         0.650      0.052     12.577      0.000
 KA46L
    Category 1         0.000      0.000      0.000      1.000
    Category 2         1.000      0.000      0.000      1.000
 KA47A
    Category 1         0.181      0.045      3.983      0.000
    Category 2         0.819      0.045     18.026      0.000
 KA47H
    Category 1         0.277      0.056      4.999      0.000
    Category 2         0.723      0.056     13.017      0.000
 KA47I
    Category 1         0.069      0.037      1.896      0.058
    Category 2         0.931      0.037     25.434      0.000
 KA47K
    Category 1         1.000      0.000      0.000      1.000
    Category 2         0.000      0.000      0.000      1.000
 KA47L
    Category 1         0.517      0.061      8.538      0.000
    Category 2         0.483      0.061      7.964      0.000

Latent Class 3

 KA46A
    Category 1         0.514      0.060      8.627      0.000
    Category 2         0.486      0.060      8.168      0.000
 KA46H
    Category 1         0.490      0.061      8.006      0.000
    Category 2         0.510      0.061      8.347      0.000
 KA46I
    Category 1         0.456      0.080      5.712      0.000
    Category 2         0.544      0.080      6.803      0.000
 KA46K
    Category 1         0.434      0.070      6.192      0.000
    Category 2         0.566      0.070      8.079      0.000
 KA46L
    Category 1         0.511      0.086      5.912      0.000
    Category 2         0.489      0.086      5.658      0.000
 KA47A
    Category 1         0.299      0.060      5.008      0.000
    Category 2         0.701      0.060     11.769      0.000
 KA47H
    Category 1         0.501      0.056      8.961      0.000
    Category 2         0.499      0.056      8.915      0.000
 KA47I
    Category 1         0.474      0.073      6.486      0.000
    Category 2         0.526      0.073      7.204      0.000
 KA47K
    Category 1         0.448      0.082      5.443      0.000
    Category 2         0.552      0.082      6.718      0.000
 KA47L
    Category 1         0.304      0.113      2.682      0.007
    Category 2         0.696      0.113      6.136      0.000

Latent Class 4

 KA46A
    Category 1         0.394      0.042      9.405      0.000
    Category 2         0.606      0.042     14.438      0.000
 KA46H
    Category 1         0.173      0.040      4.337      0.000
    Category 2         0.827      0.040     20.711      0.000
 KA46I
    Category 1         0.241      0.043      5.619      0.000
    Category 2         0.759      0.043     17.724      0.000
 KA46K
    Category 1         0.218      0.040      5.494      0.000
    Category 2         0.782      0.040     19.686      0.000
 KA46L
    Category 1         0.094      0.038      2.471      0.013
    Category 2         0.906      0.038     23.883      0.000
 KA47A
    Category 1         0.805      0.039     20.452      0.000
    Category 2         0.195      0.039      4.939      0.000
 KA47H
    Category 1         0.947      0.033     28.922      0.000
    Category 2         0.053      0.033      1.609      0.108
 KA47I
    Category 1         0.807      0.043     18.668      0.000
    Category 2         0.193      0.043      4.455      0.000
 KA47K
    Category 1         0.943      0.027     35.018      0.000
    Category 2         0.057      0.027      2.120      0.034
 KA47L
    Category 1         0.965      0.023     41.942      0.000
    Category 2         0.035      0.023      1.503      0.133

Latent Class 5

 KA46A
    Category 1         0.802      0.036     22.063      0.000
    Category 2         0.198      0.036      5.454      0.000
 KA46H
    Category 1         0.947      0.047     20.127      0.000
    Category 2         0.053      0.047      1.129      0.259
 KA46I
    Category 1         0.870      0.046     18.831      0.000
    Category 2         0.130      0.046      2.803      0.005
 KA46K
    Category 1         0.921      0.027     33.705      0.000
    Category 2         0.079      0.027      2.888      0.004
 KA46L
    Category 1         0.952      0.032     29.931      0.000
    Category 2         0.048      0.032      1.512      0.131
 KA47A
    Category 1         0.890      0.042     21.426      0.000
    Category 2         0.110      0.042      2.657      0.008
 KA47H
    Category 1         0.979      0.030     32.826      0.000
    Category 2         0.021      0.030      0.700      0.484
 KA47I
    Category 1         0.968      0.029     33.408      0.000
    Category 2         0.032      0.029      1.118      0.264
 KA47K
    Category 1         0.993      0.011     87.809      0.000
    Category 2         0.007      0.011      0.624      0.533
 KA47L
    Category 1         0.983      0.014     67.872      0.000
    Category 2         0.017      0.014      1.146      0.252

Latent Class 6

 KA46A
    Category 1         0.677      0.084      8.023      0.000
    Category 2         0.323      0.084      3.832      0.000
 KA46H
    Category 1         0.463      0.120      3.861      0.000
    Category 2         0.537      0.120      4.473      0.000
 KA46I
    Category 1         0.109      0.173      0.630      0.529
    Category 2         0.891      0.173      5.151      0.000
 KA46K
    Category 1         0.800      0.144      5.549      0.000
    Category 2         0.200      0.144      1.386      0.166
 KA46L
    Category 1         0.943      0.073     12.970      0.000
    Category 2         0.057      0.073      0.789      0.430
 KA47A
    Category 1         0.441      0.109      4.055      0.000
    Category 2         0.559      0.109      5.150      0.000
 KA47H
    Category 1         0.501      0.137      3.647      0.000
    Category 2         0.499      0.137      3.631      0.000
 KA47I
    Category 1         0.251      0.194      1.294      0.196
    Category 2         0.749      0.194      3.871      0.000
 KA47K
    Category 1         0.973      0.143      6.812      0.000
    Category 2         0.027      0.143      0.187      0.851
 KA47L
    Category 1         0.940      0.107      8.782      0.000
    Category 2         0.060      0.107      0.561      0.575


EQUALITY TESTS OF PROBABILITIES ACROSS THE LATENT CLASSES

                    Chi-Square     P-Value   Degrees of Freedom


KA46A
  Overall test        141.344      0.000        5
  Class 1 vs. 2         0.260      0.610        1
  Class 1 vs. 3        26.051      0.000        1
  Class 1 vs. 4        17.827      0.000        1
  Class 1 vs. 5       103.107      0.000        1
  Class 1 vs. 6        26.584      0.000        1
  Class 2 vs. 3        12.341      0.000        1
  Class 2 vs. 4         6.399      0.011        1
  Class 2 vs. 5        59.853      0.000        1
  Class 2 vs. 6        17.698      0.000        1
  Class 3 vs. 4         2.427      0.119        1
  Class 3 vs. 5        16.503      0.000        1
  Class 3 vs. 6         2.018      0.155        1
  Class 4 vs. 5        42.055      0.000        1
  Class 4 vs. 6         7.253      0.007        1
  Class 5 vs. 6         1.826      0.177        1

KA46H
  Overall test         79.352      0.000        5
  Class 1 vs. 2         0.136      0.712        1
  Class 1 vs. 3        42.818      0.000        1
  Class 1 vs. 4        12.343      0.000        1
  Class 1 vs. 5        37.119      0.000        1
  Class 1 vs. 6        26.556      0.000        1
  Class 2 vs. 3         1.058      0.304        1
  Class 2 vs. 4         0.536      0.464        1
  Class 2 vs. 5         2.654      0.103        1
  Class 2 vs. 6         1.049      0.306        1
  Class 3 vs. 4        15.384      0.000        1
  Class 3 vs. 5         9.147      0.002        1
  Class 3 vs. 6         0.029      0.864        1
  Class 4 vs. 5        24.858      0.000        1
  Class 4 vs. 6         7.158      0.007        1
  Class 5 vs. 6         9.711      0.002        1

KA46I
  Overall test       9044.847      0.000        5
  Class 1 vs. 2       130.692      0.000        1
  Class 1 vs. 3      2118.656      0.000        1
  Class 1 vs. 4      3491.836      0.000        1
  Class 1 vs. 5      1700.781      0.000        1
  Class 1 vs. 6        52.378      0.000        1
  Class 2 vs. 3        10.733      0.001        1
  Class 2 vs. 4         5.873      0.015        1
  Class 2 vs. 5        26.801      0.000        1
  Class 2 vs. 6         0.582      0.446        1
  Class 3 vs. 4         5.211      0.022        1
  Class 3 vs. 5        14.208      0.000        1
  Class 3 vs. 6         1.098      0.295        1
  Class 4 vs. 5        52.624      0.000        1
  Class 4 vs. 6         0.304      0.581        1
  Class 5 vs. 6         6.465      0.011        1

KA46K
  Overall test        154.871      0.000        5
  Class 1 vs. 2        42.420      0.000        1
  Class 1 vs. 3        45.084      0.000        1
  Class 1 vs. 4        21.844      0.000        1
  Class 1 vs. 5       132.590      0.000        1
  Class 1 vs. 6        21.324      0.000        1
  Class 2 vs. 3         0.886      0.347        1
  Class 2 vs. 4         3.801      0.051        1
  Class 2 vs. 5        47.555      0.000        1
  Class 2 vs. 6         4.456      0.035        1
  Class 3 vs. 4         6.613      0.010        1
  Class 3 vs. 5        33.237      0.000        1
  Class 3 vs. 6         2.737      0.098        1
  Class 4 vs. 5        87.193      0.000        1
  Class 4 vs. 6         7.863      0.005        1
  Class 5 vs. 6         1.225      0.268        1

KA46L
  Overall test       4695.859      0.000        5
  Class 1 vs. 2       560.083      0.000        1
  Class 1 vs. 3        32.224      0.000        1
  Class 1 vs. 4         3.856      0.050        1
  Class 1 vs. 5        61.605      0.000        1
  Class 1 vs. 6        20.897      0.000        1
  Class 2 vs. 3      1891.613      0.000        1
  Class 2 vs. 4       812.497      0.000        1
  Class 2 vs. 5       669.812      0.000        1
  Class 2 vs. 6       175.290      0.000        1
  Class 3 vs. 4        15.583      0.000        1
  Class 3 vs. 5        14.339      0.000        1
  Class 3 vs. 6         3.625      0.057        1
  Class 4 vs. 5        43.003      0.000        1
  Class 4 vs. 6        11.960      0.001        1
  Class 5 vs. 6         0.018      0.895        1

KA47A
  Overall test        186.720      0.000        5
  Class 1 vs. 2         2.146      0.143        1
  Class 1 vs. 3        10.887      0.001        1
  Class 1 vs. 4       118.457      0.000        1
  Class 1 vs. 5        77.791      0.000        1
  Class 1 vs. 6        13.982      0.000        1
  Class 2 vs. 3         2.312      0.128        1
  Class 2 vs. 4        57.255      0.000        1
  Class 2 vs. 5        50.740      0.000        1
  Class 2 vs. 6         5.884      0.015        1
  Class 3 vs. 4        39.736      0.000        1
  Class 3 vs. 5        41.200      0.000        1
  Class 3 vs. 6         1.363      0.243        1
  Class 4 vs. 5         1.823      0.177        1
  Class 4 vs. 6        10.551      0.001        1
  Class 5 vs. 6        19.119      0.000        1

KA47H
  Overall test         82.385      0.000        5
  Class 1 vs. 2        18.517      0.000        1
  Class 1 vs. 3        41.210      0.000        1
  Class 1 vs. 4        59.807      0.000        1
  Class 1 vs. 5        21.497      0.000        1
  Class 1 vs. 6        19.618      0.000        1
  Class 2 vs. 3         6.875      0.009        1
  Class 2 vs. 4        30.768      0.000        1
  Class 2 vs. 5        10.719      0.001        1
  Class 2 vs. 6         2.509      0.113        1
  Class 3 vs. 4        16.168      0.000        1
  Class 3 vs. 5         6.738      0.009        1
  Class 3 vs. 6         0.000      0.999        1
  Class 4 vs. 5         0.394      0.530        1
  Class 4 vs. 6        13.265      0.000        1
  Class 5 vs. 6         9.211      0.002        1

KA47I
  Overall test        121.181      0.000        5
  Class 1 vs. 2         3.734      0.053        1
  Class 1 vs. 3        33.988      0.000        1
  Class 1 vs. 4        66.629      0.000        1
  Class 1 vs. 5        44.503      0.000        1
  Class 1 vs. 6         6.318      0.012        1
  Class 2 vs. 3        14.124      0.000        1
  Class 2 vs. 4        42.014      0.000        1
  Class 2 vs. 5        30.576      0.000        1
  Class 2 vs. 6         1.686      0.194        1
  Class 3 vs. 4        13.326      0.000        1
  Class 3 vs. 5        13.058      0.000        1
  Class 3 vs. 6         0.820      0.365        1
  Class 4 vs. 5         4.236      0.040        1
  Class 4 vs. 6         5.710      0.017        1
  Class 5 vs. 6        28.426      0.000        1

KA47K
  Overall test  *************      0.000        5
  Class 1 vs. 2  ************      0.000        1
  Class 1 vs. 3      1977.387      0.000        1
  Class 1 vs. 4      1266.880      0.000        1
  Class 1 vs. 5       152.586      0.000        1
  Class 1 vs. 6        11.484      0.001        1
  Class 2 vs. 3      2091.583      0.000        1
  Class 2 vs. 4       594.416      0.000        1
  Class 2 vs. 5        38.753      0.000        1
  Class 2 vs. 6         4.321      0.038        1
  Class 3 vs. 4        22.263      0.000        1
  Class 3 vs. 5        10.063      0.002        1
  Class 3 vs. 6         0.482      0.488        1
  Class 4 vs. 5         1.644      0.200        1
  Class 4 vs. 6         0.021      0.884        1
  Class 5 vs. 6         0.053      0.818        1

KA47L
  Overall test        141.928      0.000        5
  Class 1 vs. 2        60.008      0.000        1
  Class 1 vs. 3         8.510      0.004        1
  Class 1 vs. 4        66.894      0.000        1
  Class 1 vs. 5        54.954      0.000        1
  Class 1 vs. 6         7.944      0.005        1
  Class 2 vs. 3         2.302      0.129        1
  Class 2 vs. 4        20.756      0.000        1
  Class 2 vs. 5        18.967      0.000        1
  Class 2 vs. 6         2.013      0.156        1
  Class 3 vs. 4        22.806      0.000        1
  Class 3 vs. 5        23.335      0.000        1
  Class 3 vs. 6         3.751      0.053        1
  Class 4 vs. 5         0.463      0.496        1
  Class 4 vs. 6         0.075      0.784        1
  Class 5 vs. 6         0.399      0.528        1


LATENT CLASS INDICATOR ODDS RATIOS FOR THE LATENT CLASSES

                                                95% C.I.
                    Estimate       S.E.  Lower 2.5% Upper 2.5%

Latent Class 1 Compared to Latent Class 2

 KA46A
    Category > 1       1.167      0.353      0.645      2.112
 KA46H
    Category > 1       0.159      0.793      0.000   2756.648
 KA46I
    Category > 1   85414.188      0.000  85414.203  85414.203
 KA46K
    Category > 1      11.607      4.369      5.550     24.273
 KA46L
    Category > 1       0.000      0.000      0.000      0.000
 KA47A
    Category > 1       1.700      0.616      0.836      3.459
 KA47H
    Category > 1      10.307      5.587      3.562     29.824
 KA47I
    Category > 1       4.931      4.072      0.977     24.877
 KA47K
    Category > 1   *********      0.000  *********  *********
 KA47L
    Category > 1      15.393      5.432      7.707     30.742

Latent Class 1 Compared to Latent Class 3

 KA46A
    Category > 1       4.302      1.230      2.457      7.533
 KA46H
    Category > 1      29.406     15.195     10.681     80.963
 KA46I
    Category > 1   *********      0.000  *********  *********
 KA46K
    Category > 1      16.516      6.898      7.284     37.447
 KA46L
    Category > 1      36.113     22.818     10.468    124.593
 KA47A
    Category > 1       3.274      1.177      1.619      6.624
 KA47H
    Category > 1      26.975     13.845      9.864     73.766
 KA47I
    Category > 1      59.567     41.760     15.075    235.376
 KA47K
    Category > 1   *********      0.000  *********  *********
 KA47L
    Category > 1       6.277      3.952      1.827     21.564

Latent Class 1 Compared to Latent Class 4

 KA46A
    Category > 1       2.653      0.613      1.687      4.174
 KA46H
    Category > 1       6.420      3.398      2.275     18.116
 KA46I
    Category > 1   *********      0.000  *********  *********
 KA46K
    Category > 1       6.014      2.309      2.834     12.762
 KA46L
    Category > 1       3.575      2.320      1.002     12.752
 KA47A
    Category > 1      31.860     10.132     17.082     59.424
 KA47H
    Category > 1     482.370    385.393    100.761   2309.223
 KA47I
    Category > 1     277.230    191.038     71.824   1070.068
 KA47K
    Category > 1   *********      0.000  *********  *********
 KA47L
    Category > 1     400.709    293.628     95.298   1684.906

Latent Class 1 Compared to Latent Class 5

 KA46A
    Category > 1      16.477      4.547      9.594     28.298
 KA46H
    Category > 1     546.796    565.785     71.953   4155.308
 KA46I
    Category > 1   *********      0.000  *********  *********
 KA46K
    Category > 1     251.510    120.733     98.162    644.420
 KA46L
    Category > 1     684.350    569.224    134.048   3493.798
 KA47A
    Category > 1      62.043     29.037     24.792    155.266
 KA47H
    Category > 1    1259.280   1938.776     61.602  25742.391
 KA47I
    Category > 1    1977.266   2249.486    212.646  18385.416
 KA47K
    Category > 1   *********      0.000  *********  *********
 KA47L
    Category > 1     850.298    773.731    142.891   5059.858

Latent Class 1 Compared to Latent Class 6

 KA46A
    Category > 1       8.529      3.546      3.776     19.266
 KA46H
    Category > 1      26.464     16.823      7.613     91.993
 KA46I
    Category > 1   *********      0.000  *********  *********
 KA46K
    Category > 1      86.277     83.283     13.008    572.231
 KA46L
    Category > 1     568.080    788.158     37.448   8617.737
 KA47A
    Category > 1       6.058      2.919      2.356     15.575
 KA47H
    Category > 1      26.956     20.049      6.274    115.811
 KA47I
    Category > 1      22.118     27.246      1.978    247.351
 KA47K
    Category > 1   *********      0.000  *********  *********
 KA47L
    Category > 1     224.703    431.675      5.204   9702.331

Latent Class 2 Compared to Latent Class 3

 KA46A
    Category > 1       3.687      1.369      1.780      7.634
 KA46H
    Category > 1     184.674    937.020      0.009  *********
 KA46I
    Category > 1      32.135     34.036      4.031    256.190
 KA46K
    Category > 1       1.423      0.533      0.683      2.966
 KA46L
    Category > 1   *********      0.000  *********  *********
 KA47A
    Category > 1       1.926      0.830      0.827      4.482
 KA47H
    Category > 1       2.617      0.960      1.275      5.373
 KA47I
    Category > 1      12.080      8.009      3.294     44.299
 KA47K
    Category > 1       0.000      0.000      0.000      0.000
 KA47L
    Category > 1       0.408      0.241      0.128      1.299

Latent Class 2 Compared to Latent Class 4

 KA46A
    Category > 1       2.274      0.738      1.203      4.297
 KA46H
    Category > 1      40.320    203.517      0.002  *********
 KA46I
    Category > 1      12.133     12.496      1.612     91.333
 KA46K
    Category > 1       0.518      0.175      0.268      1.004
 KA46L
    Category > 1   *********      0.000  *********  *********
 KA47A
    Category > 1      18.738      7.257      8.771     40.031
 KA47H
    Category > 1      46.802     32.450     12.025    182.163
 KA47I
    Category > 1      56.222     34.949     16.625    190.129
 KA47K
    Category > 1       0.000      0.000      0.000      0.000
 KA47L
    Category > 1      26.032     18.624      6.405    105.802

Latent Class 2 Compared to Latent Class 5

 KA46A
    Category > 1      14.121      4.833      7.220     27.616
 KA46H
    Category > 1    3433.932  17162.164      0.191  *********
 KA46I
    Category > 1     257.147    275.658     31.455   2102.198
 KA46K
    Category > 1      21.669      9.665      9.040     51.943
 KA46L
    Category > 1   *********      0.000  *********  *********
 KA47A
    Category > 1      36.490     18.427     13.562     98.179
 KA47H
    Category > 1     122.182    179.334      6.881   2169.632
 KA47I
    Category > 1     400.986    434.658     47.911   3356.036
 KA47K
    Category > 1       0.000      0.000      0.000      0.000
 KA47L
    Category > 1      55.240     50.885      9.081    336.016

Latent Class 2 Compared to Latent Class 6

 KA46A
    Category > 1       7.310      3.456      2.893     18.467
 KA46H
    Category > 1     166.198    829.875      0.009  *********
 KA46I
    Category > 1       4.678      9.464      0.089    246.606
 KA46K
    Category > 1       7.433      7.064      1.154     47.877
 KA46L
    Category > 1   *********      0.000  *********  *********
 KA47A
    Category > 1       3.563      1.866      1.276      9.947
 KA47H
    Category > 1       2.615      1.587      0.796      8.594
 KA47I
    Category > 1       4.486      5.185      0.465     43.225
 KA47K
    Category > 1       0.000      0.000      0.000      0.000
 KA47L
    Category > 1      14.598     27.584      0.360    592.551

Latent Class 3 Compared to Latent Class 4

 KA46A
    Category > 1       0.617      0.191      0.336      1.133
 KA46H
    Category > 1       0.218      0.085      0.102      0.467
 KA46I
    Category > 1       0.378      0.161      0.164      0.871
 KA46K
    Category > 1       0.364      0.143      0.169      0.786
 KA46L
    Category > 1       0.099      0.058      0.031      0.312
 KA47A
    Category > 1       9.730      3.512      4.796     19.740
 KA47H
    Category > 1      17.882     12.825      4.385     72.929
 KA47I
    Category > 1       4.654      1.961      2.038     10.627
 KA47K
    Category > 1      20.387     13.027      5.827     71.329
 KA47L
    Category > 1      63.838     55.560     11.594    351.497

Latent Class 3 Compared to Latent Class 5

 KA46A
    Category > 1       3.830      1.266      2.004      7.322
 KA46H
    Category > 1      18.595     17.970      2.797    123.602
 KA46I
    Category > 1       8.002      4.415      2.714     23.597
 KA46K
    Category > 1      15.228      7.193      6.034     38.434
 KA46L
    Category > 1      18.950     14.722      4.133     86.878
 KA47A
    Category > 1      18.948      8.684      7.717     46.523
 KA47H
    Category > 1      46.683     69.119      2.564    850.111
 KA47I
    Category > 1      33.194     32.172      4.966    221.857
 KA47K
    Category > 1     173.791    282.573      7.178   4207.779
 KA47L
    Category > 1     135.463    137.651     18.486    992.629

Latent Class 3 Compared to Latent Class 6

 KA46A
    Category > 1       1.983      0.955      0.771      5.099
 KA46H
    Category > 1       0.900      0.552      0.270      2.997
 KA46I
    Category > 1       0.146      0.268      0.004      5.355
 KA46K
    Category > 1       5.224      5.220      0.737     37.037
 KA46L
    Category > 1      15.730     22.767      0.922    268.374
 KA47A
    Category > 1       1.850      0.975      0.659      5.197
 KA47H
    Category > 1       0.999      0.648      0.280      3.564
 KA47I
    Category > 1       0.371      0.406      0.043      3.171
 KA47K
    Category > 1      44.903    246.103      0.001  *********
 KA47L
    Category > 1      35.798     66.129      0.958   1337.542

Latent Class 4 Compared to Latent Class 5

 KA46A
    Category > 1       6.210      1.749      3.576     10.784
 KA46H
    Category > 1      85.167     75.923     14.840    488.761
 KA46I
    Category > 1      21.194      8.922      9.287     48.366
 KA46K
    Category > 1      41.820     16.720     19.101     91.561
 KA46L
    Category > 1     191.412    153.373     39.803    920.501
 KA47A
    Category > 1       1.947      0.961      0.740      5.124
 KA47H
    Category > 1       2.611      3.992      0.130     52.268
 KA47I
    Category > 1       7.132      6.808      1.098     46.324
 KA47K
    Category > 1       8.525     14.248      0.322    225.626
 KA47L
    Category > 1       2.122      2.347      0.243     18.542

Latent Class 4 Compared to Latent Class 6

 KA46A
    Category > 1       3.215      1.394      1.374      7.520
 KA46H
    Category > 1       4.122      2.182      1.460     11.634
 KA46I
    Category > 1       0.386      0.666      0.013     11.395
 KA46K
    Category > 1      14.346     13.626      2.229     92.312
 KA46L
    Category > 1     158.892    232.857      8.987   2809.095
 KA47A
    Category > 1       0.190      0.097      0.070      0.518
 KA47H
    Category > 1       0.056      0.044      0.012      0.264
 KA47I
    Category > 1       0.080      0.084      0.010      0.635
 KA47K
    Category > 1       2.203     11.897      0.000  87249.320
 KA47L
    Category > 1       0.561      1.183      0.009     35.006

Latent Class 5 Compared to Latent Class 6

 KA46A
    Category > 1       0.518      0.252      0.199      1.345
 KA46H
    Category > 1       0.048      0.047      0.007      0.325
 KA46I
    Category > 1       0.018      0.029      0.001      0.399
 KA46K
    Category > 1       0.343      0.332      0.052      2.281
 KA46L
    Category > 1       0.830      1.166      0.053     13.018
 KA47A
    Category > 1       0.098      0.052      0.034      0.277
 KA47H
    Category > 1       0.021      0.027      0.002      0.256
 KA47I
    Category > 1       0.011      0.009      0.002      0.058
 KA47K
    Category > 1       0.258      1.520      0.000  26363.484
 KA47L
    Category > 1       0.264      0.557      0.004     16.439


RESIDUAL OUTPUT


     RESIDUAL OUTPUT IS NOT AVAILABLE FOR THIS MODEL.  ADDITIONAL OUTPUT FOR
     CATEGORICAL, COUNT, AND NOMINAL VARIABLES MAY BE AVAILABLE USING TECH10.


TECHNICAL 11 OUTPUT

     Random Starts Specifications for the k-1 Class Analysis Model
        Number of initial stage random starts                 500
        Number of final stage optimizations                   100



     VUONG-LO-MENDELL-RUBIN LIKELIHOOD RATIO TEST FOR 5 (H0) VERSUS 6 CLASSES

          H0 Loglikelihood Value                        -5483.669
          2 Times the Loglikelihood Difference             79.228
          Difference in the Number of Parameters               11
          Mean                                             19.117
          Standard Deviation                               52.882
          P-Value                                          0.0920

     LO-MENDELL-RUBIN ADJUSTED LRT TEST

          Value                                            78.216
          P-Value                                          0.0948


TECHNICAL 14 OUTPUT

     Random Starts Specifications for the k-1 Class Analysis Model
        Number of initial stage random starts                 500
        Number of final stage optimizations                   100

     Random Starts Specification for the k-1 Class Model for Generated Data
        Number of initial stage random starts                   0
        Number of final stage optimizations for the
           initial stage random starts                          0
     Random Starts Specification for the k Class Model for Generated Data
        Number of initial stage random starts                  40
        Number of final stage optimizations                     8
     Number of bootstrap draws requested                   Varies


     PARAMETRIC BOOTSTRAPPED LIKELIHOOD RATIO TEST FOR 5 (H0) VERSUS 6 CLASSES

          H0 Loglikelihood Value                        -5483.669
          2 Times the Loglikelihood Difference             79.228
          Difference in the Number of Parameters               11
          Approximate P-Value                              0.0000
          Successful Bootstrap Draws                            5


     Beginning Time:  11:43:52
        Ending Time:  11:44:07
       Elapsed Time:  00:00:15



MUTHEN & MUTHEN
3463 Stoner Ave.
Los Angeles, CA  90066

Tel: (310) 391-9971
Fax: (310) 391-8971
Web: www.StatModel.com
Support: Support@StatModel.com

Copyright (c) 1998-2025 Muthen & Muthen
