Mplus VERSION 9
MUTHEN & MUTHEN
05/13/2026   3:47 PM

INPUT INSTRUCTIONS

  TITLE:
  Step 3 - BCH Method
  DATA:
  FILE = "C:/Users/dnajiarch/Box/LTA/ML 3 Step in LTA/phase_3/step_3a_bch/
  step3.dat";
  VARIABLE:
  NAMES = AB39A AB39H AB39I AB39K AB39L AB39M AB39T AB39U AB39W AB39X GA32A GA32H
       GA32I GA32K GA32L GA33A GA33H GA33I GA33K GA33L KA46A KA46H KA46I KA46K KA46L
       KA47A KA47H KA47I KA47K KA47L MINORITY FEMALE MATHG7 MATHG10 MATHG12 BCHW1
       BCHW2 BCHW3 BCHW4 BCHW5 BCHW6 BCHW7 BCHW8 BCHW9 BCHW10 BCHW11 BCHW12 BCHW13
       BCHW14 BCHW15 BCHW16 BCHW17 BCHW18 BCHW19 BCHW20 BCHW21 BCHW22 BCHW23 BCHW24
       BCHW25 BCHW26 BCHW27 BCHW28 BCHW29 BCHW30 BCHW31 BCHW32 BCHW33 BCHW34 BCHW35
       BCHW36 BCHW37 BCHW38 BCHW39 BCHW40 BCHW41 BCHW42 BCHW43 BCHW44 BCHW45 BCHW46
       BCHW47 BCHW48 BCHW49 BCHW50 BCHW51 BCHW52 BCHW53 BCHW54 BCHW55 BCHW56 BCHW57
       BCHW58 BCHW59 BCHW60 BCHW61 BCHW62 BCHW63 BCHW64 CASENUM;
   MISSING=.;
   usevar = BCHW1-BCHW64;

    training = BCHW1-BCHW64(bch);

    classes = c1(4) c2(4) c3(4);
  ANALYSIS:
  type = mixture;
    starts = 0;
  MODEL:
  %overall%

  c2 ON c1;
  c3 ON c2;



INPUT READING TERMINATED NORMALLY




Step 3 - BCH Method

SUMMARY OF ANALYSIS

Number of groups                                                 1
Number of observations                                        1907

Number of dependent variables                                    0
Number of independent variables                                  0
Number of continuous latent variables                            0
Number of categorical latent variables                           3

Observed dependent variables

Categorical latent variables
   C1          C2          C3

Variables with special functions

  Training variables (BCH)
   BCHW1       BCHW2       BCHW3       BCHW4       BCHW5       BCHW6
   BCHW7       BCHW8       BCHW9       BCHW10      BCHW11      BCHW12
   BCHW13      BCHW14      BCHW15      BCHW16      BCHW17      BCHW18
   BCHW19      BCHW20      BCHW21      BCHW22      BCHW23      BCHW24
   BCHW25      BCHW26      BCHW27      BCHW28      BCHW29      BCHW30
   BCHW31      BCHW32      BCHW33      BCHW34      BCHW35      BCHW36
   BCHW37      BCHW38      BCHW39      BCHW40      BCHW41      BCHW42
   BCHW43      BCHW44      BCHW45      BCHW46      BCHW47      BCHW48
   BCHW49      BCHW50      BCHW51      BCHW52      BCHW53      BCHW54
   BCHW55      BCHW56      BCHW57      BCHW58      BCHW59      BCHW60
   BCHW61      BCHW62      BCHW63      BCHW64


Estimator                                                      MLR
Information matrix                                        OBSERVED
Optimization Specifications for the Quasi-Newton Algorithm for
Continuous Outcomes
  Maximum number of iterations                                 100
  Convergence criterion                                  0.100D-05
Optimization Specifications for the EM Algorithm
  Maximum number of iterations                                 500
  Convergence criteria
    Loglikelihood change                                 0.100D-03
    Relative loglikelihood change                        0.100D-05
    Derivative                                           0.100D-03
Optimization Specifications for the M step of the EM Algorithm for
Categorical Latent Variables
  Number of M step iterations                                    1
  M step convergence criterion                           0.100D-03
  Basis for M step termination                           ITERATION
Optimization Specifications for the M step of the EM Algorithm for
Censored, Binary or Ordered Categorical (Ordinal), Unordered
Categorical (Nominal) and Count Outcomes
  Number of M step iterations                                    1
  M step convergence criterion                           0.100D-03
  Basis for M step termination                           ITERATION
  Maximum value for logit thresholds                            15
  Minimum value for logit thresholds                           -15
  Minimum expected cell size for chi-square              0.100D-01
Maximum number of iterations for H1                           2000
Convergence criterion for H1                             0.100D-03
Optimization algorithm                                         EMA
Parameterization                                             LOGIT

Input data file(s)
  C:/Users/dnajiarch/Box/LTA/ML 3 Step in LTA/phase_3/step_3a_bch/step3.dat
Input data format  FREE


SUMMARY OF DATA



COVARIANCE COVERAGE OF DATA

Minimum covariance coverage value   0.100



THE MODEL ESTIMATION TERMINATED NORMALLY



MODEL FIT INFORMATION

Number of Free Parameters                       27

Loglikelihood

          H0 Value                       -6879.862
          H0 Scaling Correction Factor      6.6016
            for MLR

Information Criteria

          Akaike (AIC)                   13813.724
          Bayesian (BIC)                 13963.662
          Sample-Size Adjusted BIC       13877.883
            (n* = (n + 2) / 24)



FINAL CLASS COUNTS AND PROPORTIONS FOR EACH LATENT CLASS VARIABLE
BASED ON THE ESTIMATED MODEL

  Latent Class
    Variable    Class

    C1             1       604.51715          0.31700
                   2       680.70148          0.35695
                   3       401.06030          0.21031
                   4       220.72115          0.11574
    C2             1       636.94684          0.33400
                   2       455.39679          0.23880
                   3       437.31317          0.22932
                   4       377.34314          0.19787
    C3             1       667.58087          0.35007
                   2       394.98181          0.20712
                   3       439.22824          0.23032
                   4       405.20914          0.21249

     Additional output is available using the TECH15 option of the OUTPUT command.


LATENT TRANSITION PROBABILITIES BASED ON THE ESTIMATED MODEL

  C1 Classes (Rows) by C2 Classes (Columns)

            1        2        3        4

   1     0.501    0.179    0.223    0.098
   2     0.219    0.377    0.192    0.212
   3     0.352    0.141    0.312    0.195
   4     0.199    0.155    0.211    0.434

  C2 Classes (Rows) by C3 Classes (Columns)

            1        2        3        4

   1     0.830    0.039    0.089    0.041
   2     0.164    0.529    0.128    0.179
   3     0.093    0.133    0.536    0.238
   4     0.062    0.188    0.238    0.512


TRANSITION PROBABILITY ODDS

     TRANSITION TABLE ODDS AND 95% CONFIDENCE INTERVALS FOR C1 TO C2
        1.000(1.000,1.000)   0.357(0.254,0.500)   0.445(0.317,0.626)   0.195(0.129,0.295)
        0.581(0.399,0.847)   1.000(1.000,1.000)   0.509(0.338,0.767)   0.561(0.410,0.768)
        1.125(0.673,1.880)   0.450(0.213,0.950)   1.000(1.000,1.000)   0.625(0.359,1.088)
        0.459(0.240,0.880)   0.357(0.186,0.686)   0.485(0.265,0.891)   1.000(1.000,1.000)

     TRANSITION TABLE ODDS AND 95% CONFIDENCE INTERVALS FOR C2 TO C3
        1.000(1.000,1.000)   0.047(0.010,0.232)   0.107(0.044,0.262)   0.050(0.013,0.189)
        0.310(0.135,0.712)   1.000(1.000,1.000)   0.242(0.105,0.556)   0.338(0.202,0.565)
        0.174(0.036,0.842)   0.248(0.105,0.584)   1.000(1.000,1.000)   0.444(0.262,0.752)
        0.120(0.017,0.869)   0.367(0.212,0.634)   0.465(0.275,0.787)   1.000(1.000,1.000)


C-SPECIFIC CLASSIFICATION RESULTS

Classification Quality for C1

     Entropy is not available with BCH weights.

BCH Weights for the Most Likely Latent Class Membership (Row)
by Latent Class (Column)

           1        2        3        4

    1   1.081    -.026    -.059    0.004
    2   -.038    1.177    -.111    -.028
    3   -.126    -.309    1.500    -.065
    4   0.012    -.106    -.094    1.188


Classification Probabilities for the Most Likely Latent Class Membership (Column)
by Latent Class (Row)

           1        2        3        4

    1   1.114    -.044    -.074    0.004
    2   -.024    1.221    -.163    -.034
    3   -.091    -.196    1.339    -.052
    4   0.011    -.089    -.106    1.184


Logits for the Classification Probabilities for the Most Likely Latent Class Membership (Column)
by Latent Class (Row)

              1        2        3        4

    1      5.561   -8.363   -8.363    0.000
    2      0.000   14.015    0.000    0.000
    3      0.000    0.000   14.108    0.000
    4     -4.715  -13.985  -13.985    0.000

Classification Quality for C2

     Entropy is not available with BCH weights.

BCH Weights for the Most Likely Latent Class Membership (Row)
by Latent Class (Column)

           1        2        3        4

    1   1.054    -.008    -.050    0.004
    2   -.292    1.461    -.127    -.042
    3   -.389    -.228    1.722    -.105
    4   -.249    -.031    -.063    1.343


Classification Probabilities for the Most Likely Latent Class Membership (Column)
by Latent Class (Row)

           1        2        3        4

    1   1.489    -.171    -.195    -.123
    2   -.015    1.196    -.160    -.021
    3   -.102    -.108    1.256    -.045
    4   0.009    -.041    -.089    1.121


Logits for the Classification Probabilities for the Most Likely Latent Class Membership (Column)
by Latent Class (Row)

              1        2        3        4

    1     14.213    0.000    0.000    0.000
    2      0.000   13.995    0.000    0.000
    3      0.000    0.000   14.043    0.000
    4     -4.847  -13.930  -13.930    0.000

Classification Quality for C3

     Entropy is not available with BCH weights.

BCH Weights for the Most Likely Latent Class Membership (Row)
by Latent Class (Column)

           1        2        3        4

    1   1.056    -.013    -.045    0.002
    2   -.797    2.049    -.184    -.069
    3   -.935    -.277    2.351    -.139
    4   -.731    -.049    -.057    1.837


Classification Probabilities for the Most Likely Latent Class Membership (Column)
by Latent Class (Row)

           1        2        3        4

    1   1.881    -.284    -.328    -.270
    2   -.040    1.235    -.164    -.030
    3   -.121    -.100    1.252    -.032
    4   0.006    -.040    -.080    1.115


Logits for the Classification Probabilities for the Most Likely Latent Class Membership (Column)
by Latent Class (Row)

              1        2        3        4

    1     14.447    0.000    0.000    0.000
    2      0.000   14.026    0.000    0.000
    3      0.000    0.000   14.041    0.000
    4     -5.293  -13.924  -13.924    0.000


MODEL RESULTS

                                                    Two-Tailed
                    Estimate       S.E.  Est./S.E.    P-Value

Categorical Latent Variables

 C2#1     ON
    C1#1               2.414      0.391      6.181      0.000
    C1#2               0.812      0.406      2.002      0.045
    C1#3               1.366      0.449      3.045      0.002

 C2#2     ON
    C1#1               1.633      0.411      3.974      0.000
    C1#2               1.606      0.380      4.226      0.000
    C1#3               0.700      0.523      1.340      0.180

 C2#3     ON
    C1#1               1.549      0.396      3.910      0.000
    C1#2               0.624      0.394      1.584      0.113
    C1#3               1.193      0.442      2.698      0.007

 C3#1     ON
    C2#1               5.115      1.279      3.998      0.000
    C2#2               2.030      1.129      1.797      0.072
    C2#3               1.182      1.359      0.869      0.385

 C3#2     ON
    C2#1               0.950      1.139      0.835      0.404
    C2#2               2.086      0.391      5.338      0.000
    C2#3               0.418      0.547      0.764      0.445

 C3#3     ON
    C2#1               1.528      0.908      1.682      0.092
    C2#2               0.429      0.542      0.792      0.429
    C2#3               1.577      0.400      3.946      0.000

 Means
    C1#1               1.008      0.091     11.067      0.000
    C1#2               1.126      0.096     11.750      0.000
    C1#3               0.597      0.113      5.277      0.000
    C2#1              -0.778      0.332     -2.344      0.019
    C2#2              -1.029      0.333     -3.091      0.002
    C2#3              -0.723      0.310     -2.334      0.020
    C3#1              -2.118      1.009     -2.099      0.036
    C3#2              -1.002      0.279     -3.590      0.000
    C3#3              -0.765      0.268     -2.852      0.004


QUALITY OF NUMERICAL RESULTS

     Condition Number for the Information Matrix              0.303E-02
       (ratio of smallest to largest eigenvalue)


     Beginning Time:  15:47:17
        Ending Time:  15:47:18
       Elapsed Time:  00:00:01



MUTHEN & MUTHEN
3463 Stoner Ave.
Los Angeles, CA  90066

Tel: (310) 391-9971
Fax: (310) 391-8971
Web: www.StatModel.com
Support: Support@StatModel.com

Copyright (c) 1998-2025 Muthen & Muthen
