Mplus VERSION 7.1
MUTHEN & MUTHEN
07/09/2013   4:21 PM

INPUT INSTRUCTIONS

  data:
  file is Dataset_Jul9_Mplus.dat;

  Variable:
  names are
  CASENUM COHORT AB39A GA32A KA46A AB39B AB39C AB39D AB39E AB39F AB39G AB39H
  GA32H KA46H AB39I GA32I KA46I AB39J AB39K GA32K KA46K AB39L GA32L KA46L AB39M
  GA33A KA47A AB39N AB39O AB39P AB39Q AB39R AB39S AB39T GA33H KA47H AB39U GA33I
  KA47I AB39V AB39W GA33K KA47K AB39X GA33L KA47L SciG7 SciG8 SciG11
  MTH7 SCI7 SCI8 MOTHED FATHED PEDUC PEDUC3 RSEDAN RSEDAN6 RSEDAN5 RBACC
  RMAJFIRST RMAJFIRST2 RMAJLAST2 RMAJLAST RGRADMAJ RGRADMAJ10 RSTEMM RSTEMMX
  RSTEMMB RSTEMMA WEIGHT7 WEIGHT8 WEIGHT9 WEIGHT10 WEIGHT11 WEIGHT12 WEIGHTP1
  WEIGHTP2 WEIGHTP4 WGT12A WEIGHTR GENDER RACETH3 RACETH Minority STEM STEMSup
  ENGINEER MathG7 MathG8 MathG10 MathG11 MathG12 Female;

  categorical = GA32A GA32H GA32I GA32K GA32L GA33A GA33H GA33I GA33K GA33L;
  missing=all(9999);
  classes =c (1);

  auxiliary =STEM(e)  STEMSup(e) ENGINEER(e) MathG8(e) SciG8(e);
  usevar = GA32A GA32H GA32I GA32K GA32L GA33A GA33H GA33I GA33K GA33L;

  Analysis:
  Type=mixture;
   starts = 500 10;
   process = 4(starts);

  Output:
   sampstat tech11 tech14;

   Plot:
  type=plot3;
  series =GA32A - GA33L (*);



*** WARNING in OUTPUT command
  SAMPSTAT option is not available when all outcomes are censored, ordered
  categorical, unordered categorical (nominal), count or continuous-time
  survival variables.  Request for SAMPSTAT is ignored.
*** WARNING in OUTPUT command
  TECH11 option is not available for TYPE=MIXTURE with only one class.
  Request for TECH11 is ignored.
*** WARNING in OUTPUT command
  TECH14 option is not available for TYPE=MIXTURE with only one class.
  Request for TECH14 is ignored.
*** WARNING
  Data set contains cases with missing on all variables.
  These cases were not included in the analysis.
  Number of cases with missing on all variables:  126
*** WARNING
  Data set contains cases with missing on all variables except
  x-variables.  These cases were not included in the analysis.
  Number of cases with missing on all variables except x-variables:  728
   5 WARNING(S) FOUND IN THE INPUT INSTRUCTIONS




SUMMARY OF ANALYSIS

Number of groups                                                 1
Number of observations                                        2262

Number of dependent variables                                   10
Number of independent variables                                  0
Number of continuous latent variables                            0
Number of categorical latent variables                           1

Observed dependent variables

  Binary and ordered categorical (ordinal)
   GA32A       GA32H       GA32I       GA32K       GA32L       GA33A
   GA33H       GA33I       GA33K       GA33L

Observed auxiliary variables
   STEM        STEMSUP     ENGINEER    MATHG8      SCIG8

Categorical latent variables
   C


Estimator                                                      MLR
Information matrix                                        OBSERVED
Optimization Specifications for the Quasi-Newton Algorithm for
Continuous Outcomes
  Maximum number of iterations                                 100
  Convergence criterion                                  0.100D-05
Optimization Specifications for the EM Algorithm
  Maximum number of iterations                                 500
  Convergence criteria
    Loglikelihood change                                 0.100D-06
    Relative loglikelihood change                        0.100D-06
    Derivative                                           0.100D-05
Optimization Specifications for the M step of the EM Algorithm for
Categorical Latent variables
  Number of M step iterations                                    1
  M step convergence criterion                           0.100D-05
  Basis for M step termination                           ITERATION
Optimization Specifications for the M step of the EM Algorithm for
Censored, Binary or Ordered Categorical (Ordinal), Unordered
Categorical (Nominal) and Count Outcomes
  Number of M step iterations                                    1
  M step convergence criterion                           0.100D-05
  Basis for M step termination                           ITERATION
  Maximum value for logit thresholds                            15
  Minimum value for logit thresholds                           -15
  Minimum expected cell size for chi-square              0.100D-01
Maximum number of iterations for H1                           2000
Convergence criterion for H1                             0.100D-03
Optimization algorithm                                         EMA
Random Starts Specifications
  Number of initial stage random starts                        500
  Number of final stage optimizations                           10
  Number of initial stage iterations                            10
  Initial stage convergence criterion                    0.100D+01
  Random starts scale                                    0.500D+01
  Random seed for generating random starts                       0
Link                                                         LOGIT

Input data file(s)
  Dataset_Jul9_Mplus.dat
Input data format  FREE


SUMMARY OF DATA

     Number of missing data patterns            30
     Number of y missing data patterns           0
     Number of u missing data patterns          30


COVARIANCE COVERAGE OF DATA

Minimum covariance coverage value   0.100


     PROPORTION OF DATA PRESENT FOR U


           Covariance Coverage
              GA32A         GA32H         GA32I         GA32K         GA32L
              ________      ________      ________      ________      ________
 GA32A          0.999
 GA32H          0.989         0.989
 GA32I          0.987         0.979         0.987
 GA32K          0.989         0.981         0.980         0.990
 GA32L          0.993         0.985         0.983         0.986         0.994
 GA33A          0.994         0.986         0.984         0.987         0.991
 GA33H          0.987         0.979         0.977         0.981         0.984
 GA33I          0.987         0.978         0.976         0.979         0.984
 GA33K          0.988         0.980         0.977         0.981         0.985
 GA33L          0.994         0.985         0.983         0.986         0.990


           Covariance Coverage
              GA33A         GA33H         GA33I         GA33K         GA33L
              ________      ________      ________      ________      ________
 GA33A          0.995
 GA33H          0.985         0.988
 GA33I          0.985         0.979         0.988
 GA33K          0.986         0.981         0.980         0.989
 GA33L          0.992         0.985         0.985         0.987         0.995


UNIVARIATE PROPORTIONS AND COUNTS FOR CATEGORICAL VARIABLES

    GA32A
      Category 1    0.375      847.000
      Category 2    0.625     1412.000
    GA32H
      Category 1    0.365      817.000
      Category 2    0.635     1421.000
    GA32I
      Category 1    0.339      757.000
      Category 2    0.661     1475.000
    GA32K
      Category 1    0.329      737.000
      Category 2    0.671     1502.000
    GA32L
      Category 1    0.353      794.000
      Category 2    0.647     1454.000
    GA33A
      Category 1    0.425      956.000
      Category 2    0.575     1294.000
    GA33H
      Category 1    0.572     1278.000
      Category 2    0.428      957.000
    GA33I
      Category 1    0.491     1097.000
      Category 2    0.509     1137.000
    GA33K
      Category 1    0.580     1297.000
      Category 2    0.420      941.000
    GA33L
      Category 1    0.584     1314.000
      Category 2    0.416      936.000


RANDOM STARTS RESULTS RANKED FROM THE BEST TO THE WORST LOGLIKELIHOOD VALUES

Final stage loglikelihood values at local maxima, seeds, and initial stage start numbers:

          -14929.940  655497           376
          -14929.940  642909           251
          -14929.940  340112           126
          -14929.940  unperturbed      0
          -14929.940  93468            3
          -14929.940  7959             256
          -14929.940  164305           128
          -14929.940  814975           129
          -14929.940  285380           1
          -14929.940  777045           377



THE MODEL ESTIMATION TERMINATED NORMALLY



MODEL FIT INFORMATION

Number of Free Parameters                       10

Loglikelihood

          H0 Value                      -14929.940
          H0 Scaling Correction Factor      1.0000
            for MLR

Information Criteria

          Akaike (AIC)                   29879.881
          Bayesian (BIC)                 29937.121
          Sample-Size Adjusted BIC       29905.349
            (n* = (n + 2) / 24)

Chi-Square Test of Model Fit for the Binary and Ordered Categorical
(Ordinal) Outcomes**

          Pearson Chi-Square

          Value                           4569.786
          Degrees of Freedom                   987
          P-Value                           0.0000

          Likelihood Ratio Chi-Square

          Value                           3108.233
          Degrees of Freedom                   987
          P-Value                           0.0000

** Of the 9020 cells in the latent class indicator table, 26
   were deleted in the calculation of chi-square due to extreme values.

Chi-Square Test for MCAR under the Unrestricted Latent Class Indicator Model

          Pearson Chi-Square

          Value                           2554.620
          Degrees of Freedom                  7967
          P-Value                           1.0000

          Likelihood Ratio Chi-Square

          Value                            541.487
          Degrees of Freedom                  7967
          P-Value                           1.0000



FINAL CLASS COUNTS AND PROPORTIONS FOR THE LATENT CLASSES
BASED ON THE ESTIMATED MODEL

    Latent
   Classes

       1       2262.00000          1.00000


FINAL CLASS COUNTS AND PROPORTIONS FOR THE LATENT CLASS PATTERNS
BASED ON ESTIMATED POSTERIOR PROBABILITIES

    Latent
   Classes

       1       2262.00000          1.00000


CLASSIFICATION OF INDIVIDUALS BASED ON THEIR MOST LIKELY LATENT CLASS MEMBERSHIP

Class Counts and Proportions

    Latent
   Classes

       1             2262          1.00000


Average Latent Class Probabilities for Most Likely Latent Class Membership (Row)
by Latent Class (Column)

           1

    1   1.000


Classification Probabilities for the Most Likely Latent Class Membership (Row)
by Latent Class (Column)

           1

    1   1.000


Logits for the Classification Probabilities for the Most Likely Latent Class Membership (Row)
by Latent Class (Column)

              1

    1      0.000


MODEL RESULTS

                                                    Two-Tailed
                    Estimate       S.E.  Est./S.E.    P-Value

Latent Class 1

 Thresholds
    GA32A$1           -0.511      0.043    -11.759      0.000
    GA32H$1           -0.553      0.044    -12.606      0.000
    GA32I$1           -0.667      0.045    -14.920      0.000
    GA32K$1           -0.712      0.045    -15.831      0.000
    GA32L$1           -0.605      0.044    -13.710      0.000
    GA33A$1           -0.303      0.043     -7.099      0.000
    GA33H$1            0.289      0.043      6.766      0.000
    GA33I$1           -0.036      0.042     -0.846      0.397
    GA33K$1            0.321      0.043      7.493      0.000
    GA33L$1            0.339      0.043      7.931      0.000


RESULTS IN PROBABILITY SCALE

Latent Class 1

 GA32A
    Category 1         0.375      0.010     36.811      0.000
    Category 2         0.625      0.010     61.367      0.000
 GA32H
    Category 1         0.365      0.010     35.871      0.000
    Category 2         0.635      0.010     62.390      0.000
 GA32I
    Category 1         0.339      0.010     33.845      0.000
    Category 2         0.661      0.010     65.947      0.000
 GA32K
    Category 1         0.329      0.010     33.146      0.000
    Category 2         0.671      0.010     67.550      0.000
 GA32L
    Category 1         0.353      0.010     35.037      0.000
    Category 2         0.647      0.010     64.161      0.000
 GA33A
    Category 1         0.425      0.010     40.771      0.000
    Category 2         0.575      0.010     55.186      0.000
 GA33H
    Category 1         0.572      0.010     54.632      0.000
    Category 2         0.428      0.010     40.910      0.000
 GA33I
    Category 1         0.491      0.011     46.426      0.000
    Category 2         0.509      0.011     48.119      0.000
 GA33K
    Category 1         0.580      0.010     55.540      0.000
    Category 2         0.420      0.010     40.295      0.000
 GA33L
    Category 1         0.584      0.010     56.202      0.000
    Category 2         0.416      0.010     40.034      0.000


QUALITY OF NUMERICAL RESULTS

     Condition Number for the Information Matrix              0.719E-01
       (ratio of smallest to largest eigenvalue)


PLOT INFORMATION

The following plots are available:

  Histograms of sample values
  Scatterplots (sample values)
  Sample proportions and estimated probabilities

DIAGRAM INFORMATION

  Mplus diagrams are currently not available for Mixture analysis.
  No diagram output was produced.


     Beginning Time:  16:21:01
        Ending Time:  16:21:04
       Elapsed Time:  00:00:03



MUTHEN & MUTHEN
3463 Stoner Ave.
Los Angeles, CA  90066

Tel: (310) 391-9971
Fax: (310) 391-8971
Web: www.StatModel.com
Support: Support@StatModel.com

Copyright (c) 1998-2013 Muthen & Muthen
