Mplus VERSION 7.1
MUTHEN & MUTHEN
07/09/2013   4:36 PM

INPUT INSTRUCTIONS

  data:
  file is Dataset_Jul9_Mplus.dat;

  Variable:
  names are
  CASENUM COHORT AB39A GA32A KA46A AB39B AB39C AB39D AB39E AB39F AB39G AB39H
  GA32H KA46H AB39I GA32I KA46I AB39J AB39K GA32K KA46K AB39L GA32L KA46L AB39M
  GA33A KA47A AB39N AB39O AB39P AB39Q AB39R AB39S AB39T GA33H KA47H AB39U GA33I
  KA47I AB39V AB39W GA33K KA47K AB39X GA33L KA47L SciG7 SciG8 SciG11
  MTH7 SCI7 SCI8 MOTHED FATHED PEDUC PEDUC3 RSEDAN RSEDAN6 RSEDAN5 RBACC
  RMAJFIRST RMAJFIRST2 RMAJLAST2 RMAJLAST RGRADMAJ RGRADMAJ10 RSTEMM RSTEMMX
  RSTEMMB RSTEMMA WEIGHT7 WEIGHT8 WEIGHT9 WEIGHT10 WEIGHT11 WEIGHT12 WEIGHTP1
  WEIGHTP2 WEIGHTP4 WGT12A WEIGHTR GENDER RACETH3 RACETH Minority STEM STEMSup
  ENGINEER MathG7 MathG8 MathG10 MathG11 MathG12 Female;

  categorical = GA32A GA32H GA32I GA32K GA32L GA33A GA33H GA33I GA33K GA33L;
  missing=all(9999);
  classes =c (6);

  auxiliary =STEM(e)  STEMSup(e) ENGINEER(e) MathG8(e) SciG8(e);
  usevar = GA32A GA32H GA32I GA32K GA32L GA33A GA33H GA33I GA33K GA33L;

  Analysis:
  Type=mixture;
   starts = 500 10;
   process = 4(starts);

  Output:
   sampstat tech11 tech14;

   Plot:
  type=plot3;
  series =GA32A - GA33L (*);



*** WARNING in OUTPUT command
  SAMPSTAT option is not available when all outcomes are censored, ordered
  categorical, unordered categorical (nominal), count or continuous-time
  survival variables.  Request for SAMPSTAT is ignored.
*** WARNING
  Data set contains cases with missing on all variables.
  These cases were not included in the analysis.
  Number of cases with missing on all variables:  126
*** WARNING
  Data set contains cases with missing on all variables except
  x-variables.  These cases were not included in the analysis.
  Number of cases with missing on all variables except x-variables:  728
   3 WARNING(S) FOUND IN THE INPUT INSTRUCTIONS




SUMMARY OF ANALYSIS

Number of groups                                                 1
Number of observations                                        2262

Number of dependent variables                                   10
Number of independent variables                                  0
Number of continuous latent variables                            0
Number of categorical latent variables                           1

Observed dependent variables

  Binary and ordered categorical (ordinal)
   GA32A       GA32H       GA32I       GA32K       GA32L       GA33A
   GA33H       GA33I       GA33K       GA33L

Observed auxiliary variables
   STEM        STEMSUP     ENGINEER    MATHG8      SCIG8

Categorical latent variables
   C


Estimator                                                      MLR
Information matrix                                        OBSERVED
Optimization Specifications for the Quasi-Newton Algorithm for
Continuous Outcomes
  Maximum number of iterations                                 100
  Convergence criterion                                  0.100D-05
Optimization Specifications for the EM Algorithm
  Maximum number of iterations                                 500
  Convergence criteria
    Loglikelihood change                                 0.100D-06
    Relative loglikelihood change                        0.100D-06
    Derivative                                           0.100D-05
Optimization Specifications for the M step of the EM Algorithm for
Categorical Latent variables
  Number of M step iterations                                    1
  M step convergence criterion                           0.100D-05
  Basis for M step termination                           ITERATION
Optimization Specifications for the M step of the EM Algorithm for
Censored, Binary or Ordered Categorical (Ordinal), Unordered
Categorical (Nominal) and Count Outcomes
  Number of M step iterations                                    1
  M step convergence criterion                           0.100D-05
  Basis for M step termination                           ITERATION
  Maximum value for logit thresholds                            15
  Minimum value for logit thresholds                           -15
  Minimum expected cell size for chi-square              0.100D-01
Maximum number of iterations for H1                           2000
Convergence criterion for H1                             0.100D-03
Optimization algorithm                                         EMA
Random Starts Specifications
  Number of initial stage random starts                        500
  Number of final stage optimizations                           10
  Number of initial stage iterations                            10
  Initial stage convergence criterion                    0.100D+01
  Random starts scale                                    0.500D+01
  Random seed for generating random starts                       0
Link                                                         LOGIT

Input data file(s)
  Dataset_Jul9_Mplus.dat
Input data format  FREE


SUMMARY OF DATA

     Number of missing data patterns            30
     Number of y missing data patterns           0
     Number of u missing data patterns          30


COVARIANCE COVERAGE OF DATA

Minimum covariance coverage value   0.100


     PROPORTION OF DATA PRESENT FOR U


           Covariance Coverage
              GA32A         GA32H         GA32I         GA32K         GA32L
              ________      ________      ________      ________      ________
 GA32A          0.999
 GA32H          0.989         0.989
 GA32I          0.987         0.979         0.987
 GA32K          0.989         0.981         0.980         0.990
 GA32L          0.993         0.985         0.983         0.986         0.994
 GA33A          0.994         0.986         0.984         0.987         0.991
 GA33H          0.987         0.979         0.977         0.981         0.984
 GA33I          0.987         0.978         0.976         0.979         0.984
 GA33K          0.988         0.980         0.977         0.981         0.985
 GA33L          0.994         0.985         0.983         0.986         0.990


           Covariance Coverage
              GA33A         GA33H         GA33I         GA33K         GA33L
              ________      ________      ________      ________      ________
 GA33A          0.995
 GA33H          0.985         0.988
 GA33I          0.985         0.979         0.988
 GA33K          0.986         0.981         0.980         0.989
 GA33L          0.992         0.985         0.985         0.987         0.995


UNIVARIATE PROPORTIONS AND COUNTS FOR CATEGORICAL VARIABLES

    GA32A
      Category 1    0.375      847.000
      Category 2    0.625     1412.000
    GA32H
      Category 1    0.365      817.000
      Category 2    0.635     1421.000
    GA32I
      Category 1    0.339      757.000
      Category 2    0.661     1475.000
    GA32K
      Category 1    0.329      737.000
      Category 2    0.671     1502.000
    GA32L
      Category 1    0.353      794.000
      Category 2    0.647     1454.000
    GA33A
      Category 1    0.425      956.000
      Category 2    0.575     1294.000
    GA33H
      Category 1    0.572     1278.000
      Category 2    0.428      957.000
    GA33I
      Category 1    0.491     1097.000
      Category 2    0.509     1137.000
    GA33K
      Category 1    0.580     1297.000
      Category 2    0.420      941.000
    GA33L
      Category 1    0.584     1314.000
      Category 2    0.416      936.000


RANDOM STARTS RESULTS RANKED FROM THE BEST TO THE WORST LOGLIKELIHOOD VALUES

Final stage loglikelihood values at local maxima, seeds, and initial stage start numbers:

          -11647.363  238906           430
          -11650.777  618000           190
          -11650.777  608849           224
          -11650.777  692169           308
          -11650.777  286735           175
          -11650.777  217130           443
          -11652.642  182524           373
          -11653.085  131856           90
          -11659.526  957392           79
          -11659.526  100874           108



     WARNING:  THE BEST LOGLIKELIHOOD VALUE WAS NOT REPLICATED.  THE
     SOLUTION MAY NOT BE TRUSTWORTHY DUE TO LOCAL MAXIMA.  INCREASE THE
     NUMBER OF RANDOM STARTS.

     THE STANDARD ERRORS OF THE MODEL PARAMETER ESTIMATES MAY NOT BE
     TRUSTWORTHY FOR SOME PARAMETERS DUE TO A NON-POSITIVE DEFINITE
     FIRST-ORDER DERIVATIVE PRODUCT MATRIX.  THIS MAY BE DUE TO THE STARTING
     VALUES BUT MAY ALSO BE AN INDICATION OF MODEL NONIDENTIFICATION.  THE
     CONDITION NUMBER IS       0.589D-13.  PROBLEM INVOLVING PARAMETER 53.


THE MODEL ESTIMATION TERMINATED NORMALLY



MODEL FIT INFORMATION

Number of Free Parameters                       65

Loglikelihood

          H0 Value                      -11647.363
          H0 Scaling Correction Factor      1.1471
            for MLR

Information Criteria

          Akaike (AIC)                   23424.726
          Bayesian (BIC)                 23796.787
          Sample-Size Adjusted BIC       23590.271
            (n* = (n + 2) / 24)

Chi-Square Test of Model Fit for the Binary and Ordered Categorical
(Ordinal) Outcomes**

          Pearson Chi-Square

          Value                           1454.825
          Degrees of Freedom                   927
          P-Value                           0.0000

          Likelihood Ratio Chi-Square

          Value                           1199.907
          Degrees of Freedom                   927
          P-Value                           0.0000

** Of the 9020 cells in the latent class indicator table, 31
   were deleted in the calculation of chi-square due to extreme values.

Chi-Square Test for MCAR under the Unrestricted Latent Class Indicator Model

          Pearson Chi-Square

          Value                           1811.376
          Degrees of Freedom                  7967
          P-Value                           1.0000

          Likelihood Ratio Chi-Square

          Value                            475.226
          Degrees of Freedom                  7967
          P-Value                           1.0000



FINAL CLASS COUNTS AND PROPORTIONS FOR THE LATENT CLASSES
BASED ON THE ESTIMATED MODEL

    Latent
   Classes

       1        657.11313          0.29050
       2        438.44832          0.19383
       3        247.22048          0.10929
       4        306.01337          0.13528
       5        440.79289          0.19487
       6        172.41181          0.07622


FINAL CLASS COUNTS AND PROPORTIONS FOR THE LATENT CLASS PATTERNS
BASED ON ESTIMATED POSTERIOR PROBABILITIES

    Latent
   Classes

       1        657.11323          0.29050
       2        438.44747          0.19383
       3        247.22081          0.10929
       4        306.01356          0.13528
       5        440.79257          0.19487
       6        172.41237          0.07622


CLASSIFICATION QUALITY

     Entropy                         0.805


CLASSIFICATION OF INDIVIDUALS BASED ON THEIR MOST LIKELY LATENT CLASS MEMBERSHIP

Class Counts and Proportions

    Latent
   Classes

       1              665          0.29399
       2              449          0.19850
       3              244          0.10787
       4              262          0.11583
       5              453          0.20027
       6              189          0.08355


Average Latent Class Probabilities for Most Likely Latent Class Membership (Row)
by Latent Class (Column)

           1        2        3        4        5        6

    1   0.930    0.000    0.040    0.022    0.003    0.006
    2   0.000    0.901    0.001    0.046    0.035    0.018
    3   0.107    0.002    0.756    0.036    0.099    0.001
    4   0.021    0.035    0.006    0.858    0.066    0.012
    5   0.005    0.033    0.075    0.050    0.824    0.013
    6   0.025    0.048    0.001    0.079    0.044    0.802


Classification Probabilities for the Most Likely Latent Class Membership (Row)
by Latent Class (Column)

           1        2        3        4        5        6

    1   0.941    0.000    0.040    0.008    0.003    0.007
    2   0.000    0.922    0.001    0.021    0.034    0.021
    3   0.107    0.001    0.746    0.007    0.138    0.001
    4   0.047    0.067    0.028    0.735    0.073    0.049
    5   0.004    0.036    0.055    0.039    0.847    0.019
    6   0.021    0.046    0.001    0.019    0.034    0.879


Logits for the Classification Probabilities for the Most Likely Latent Class Membership (Row)
by Latent Class (Column)

              1        2        3        4        5        6

    1      4.888   -3.428    1.721    0.179   -0.813    0.000
    2     -4.532    3.788   -3.072    0.015    0.501    0.000
    3      4.917    0.257    6.855    2.119    5.169    0.000
    4     -0.041    0.316   -0.543    2.708    0.404    0.000
    5     -1.618    0.627    1.059    0.727    3.794    0.000
    6     -3.720   -2.948   -6.898   -3.852   -3.258    0.000


MODEL RESULTS

                                                    Two-Tailed
                    Estimate       S.E.  Est./S.E.    P-Value

Latent Class 1

 Thresholds
    GA32A$1           -1.530      0.116    -13.197      0.000
    GA32H$1           -2.525      0.202    -12.493      0.000
    GA32I$1           -2.923      0.237    -12.317      0.000
    GA32K$1           -3.802      0.560     -6.789      0.000
    GA32L$1           -3.092      0.280    -11.038      0.000
    GA33A$1           -2.229      0.187    -11.922      0.000
    GA33H$1           -2.289      0.260     -8.805      0.000
    GA33I$1           -2.515      0.265     -9.498      0.000
    GA33K$1           -3.598      1.352     -2.661      0.008
    GA33L$1           -2.825      0.337     -8.376      0.000

Latent Class 2

 Thresholds
    GA32A$1            0.810      0.131      6.179      0.000
    GA32H$1            1.910      0.206      9.257      0.000
    GA32I$1            1.729      0.221      7.830      0.000
    GA32K$1            1.897      0.268      7.081      0.000
    GA32L$1            2.471      0.308      8.027      0.000
    GA33A$1            1.466      0.156      9.409      0.000
    GA33H$1            3.334      0.361      9.244      0.000
    GA33I$1            3.181      0.423      7.525      0.000
    GA33K$1            4.095      0.804      5.096      0.000
    GA33L$1           15.000      0.000    999.000    999.000

Latent Class 3

 Thresholds
    GA32A$1           -0.792      0.238     -3.329      0.001
    GA32H$1           -2.070      0.407     -5.089      0.000
    GA32I$1          -15.000      0.000    999.000    999.000
    GA32K$1           -1.051      0.386     -2.724      0.006
    GA32L$1          -15.000      0.000    999.000    999.000
    GA33A$1           -0.626      0.454     -1.378      0.168
    GA33H$1            0.047      0.593      0.079      0.937
    GA33I$1           -2.068      1.284     -1.611      0.107
    GA33K$1            1.212      0.595      2.038      0.042
    GA33L$1            0.355      0.715      0.496      0.620

Latent Class 4

 Thresholds
    GA32A$1            0.110      0.183      0.599      0.549
    GA32H$1            0.657      0.220      2.981      0.003
    GA32I$1            1.551      0.531      2.920      0.004
    GA32K$1           -0.261      0.205     -1.274      0.203
    GA32L$1           -0.046      0.213     -0.218      0.827
    GA33A$1           -0.610      0.197     -3.094      0.002
    GA33H$1            0.375      0.211      1.780      0.075
    GA33I$1            0.433      0.217      1.989      0.047
    GA33K$1            0.013      0.189      0.068      0.946
    GA33L$1           -0.330      0.252     -1.312      0.190

Latent Class 5

 Thresholds
    GA32A$1           -1.069      0.150     -7.110      0.000
    GA32H$1           -1.459      0.236     -6.187      0.000
    GA32I$1           -1.095      0.294     -3.722      0.000
    GA32K$1           -1.792      0.221     -8.123      0.000
    GA32L$1           -2.201      0.406     -5.424      0.000
    GA33A$1            0.699      0.175      3.986      0.000
    GA33H$1            2.790      0.647      4.309      0.000
    GA33I$1            1.936      0.931      2.080      0.038
    GA33K$1            2.307      0.485      4.755      0.000
    GA33L$1            3.028      1.170      2.587      0.010

Latent Class 6

 Thresholds
    GA32A$1           -0.217      0.184     -1.182      0.237
    GA32H$1           -0.076      0.186     -0.410      0.682
    GA32I$1          -14.761      6.091     -2.423      0.015
    GA32K$1            0.068      0.221      0.307      0.759
    GA32L$1           15.000      0.000    999.000    999.000
    GA33A$1           -0.825      0.251     -3.292      0.001
    GA33H$1            0.009      0.259      0.036      0.971
    GA33I$1           -1.149      0.392     -2.932      0.003
    GA33K$1            0.759      0.274      2.773      0.006
    GA33L$1            1.987      0.419      4.746      0.000

Categorical Latent Variables

 Means
    C#1                1.338      0.152      8.823      0.000
    C#2                0.933      0.160      5.818      0.000
    C#3                0.360      0.309      1.167      0.243
    C#4                0.574      0.231      2.484      0.013
    C#5                0.939      0.216      4.351      0.000


RESULTS IN PROBABILITY SCALE

Latent Class 1

 GA32A
    Category 1         0.178      0.017     10.491      0.000
    Category 2         0.822      0.017     48.460      0.000
 GA32H
    Category 1         0.074      0.014      5.343      0.000
    Category 2         0.926      0.014     66.757      0.000
 GA32I
    Category 1         0.051      0.011      4.441      0.000
    Category 2         0.949      0.011     82.566      0.000
 GA32K
    Category 1         0.022      0.012      1.826      0.068
    Category 2         0.978      0.012     81.741      0.000
 GA32L
    Category 1         0.043      0.012      3.732      0.000
    Category 2         0.957      0.012     82.178      0.000
 GA33A
    Category 1         0.097      0.016      5.925      0.000
    Category 2         0.903      0.016     55.034      0.000
 GA33H
    Category 1         0.092      0.022      4.236      0.000
    Category 2         0.908      0.022     41.800      0.000
 GA33I
    Category 1         0.075      0.018      4.082      0.000
    Category 2         0.925      0.018     50.483      0.000
 GA33K
    Category 1         0.027      0.035      0.760      0.447
    Category 2         0.973      0.035     27.748      0.000
 GA33L
    Category 1         0.056      0.018      3.141      0.002
    Category 2         0.944      0.018     52.945      0.000

Latent Class 2

 GA32A
    Category 1         0.692      0.028     24.781      0.000
    Category 2         0.308      0.028     11.028      0.000
 GA32H
    Category 1         0.871      0.023     37.574      0.000
    Category 2         0.129      0.023      5.565      0.000
 GA32I
    Category 1         0.849      0.028     30.045      0.000
    Category 2         0.151      0.028      5.332      0.000
 GA32K
    Category 1         0.870      0.030     28.617      0.000
    Category 2         0.130      0.030      4.291      0.000
 GA32L
    Category 1         0.922      0.022     41.683      0.000
    Category 2         0.078      0.022      3.524      0.000
 GA33A
    Category 1         0.812      0.024     34.222      0.000
    Category 2         0.188      0.024      7.898      0.000
 GA33H
    Category 1         0.966      0.012     80.565      0.000
    Category 2         0.034      0.012      2.871      0.004
 GA33I
    Category 1         0.960      0.016     59.319      0.000
    Category 2         0.040      0.016      2.464      0.014
 GA33K
    Category 1         0.984      0.013     75.972      0.000
    Category 2         0.016      0.013      1.265      0.206
 GA33L
    Category 1         1.000      0.000      0.000      1.000
    Category 2         0.000      0.000      0.000      1.000

Latent Class 3

 GA32A
    Category 1         0.312      0.051      6.103      0.000
    Category 2         0.688      0.051     13.480      0.000
 GA32H
    Category 1         0.112      0.040      2.768      0.006
    Category 2         0.888      0.040     21.939      0.000
 GA32I
    Category 1         0.000      0.000      0.000      1.000
    Category 2         1.000      0.000      0.000      1.000
 GA32K
    Category 1         0.259      0.074      3.499      0.000
    Category 2         0.741      0.074     10.007      0.000
 GA32L
    Category 1         0.000      0.000      0.000      1.000
    Category 2         1.000      0.000      0.000      1.000
 GA33A
    Category 1         0.349      0.103      3.380      0.001
    Category 2         0.651      0.103      6.318      0.000
 GA33H
    Category 1         0.512      0.148      3.456      0.001
    Category 2         0.488      0.148      3.299      0.001
 GA33I
    Category 1         0.112      0.128      0.878      0.380
    Category 2         0.888      0.128      6.938      0.000
 GA33K
    Category 1         0.771      0.105      7.330      0.000
    Category 2         0.229      0.105      2.182      0.029
 GA33L
    Category 1         0.588      0.173      3.395      0.001
    Category 2         0.412      0.173      2.381      0.017

Latent Class 4

 GA32A
    Category 1         0.527      0.046     11.545      0.000
    Category 2         0.473      0.046     10.346      0.000
 GA32H
    Category 1         0.659      0.050     13.293      0.000
    Category 2         0.341      0.050      6.894      0.000
 GA32I
    Category 1         0.825      0.077     10.760      0.000
    Category 2         0.175      0.077      2.282      0.022
 GA32K
    Category 1         0.435      0.050      8.648      0.000
    Category 2         0.565      0.050     11.225      0.000
 GA32L
    Category 1         0.488      0.053      9.196      0.000
    Category 2         0.512      0.053      9.633      0.000
 GA33A
    Category 1         0.352      0.045      7.829      0.000
    Category 2         0.648      0.045     14.408      0.000
 GA33H
    Category 1         0.593      0.051     11.648      0.000
    Category 2         0.407      0.051      8.003      0.000
 GA33I
    Category 1         0.607      0.052     11.686      0.000
    Category 2         0.393      0.052      7.581      0.000
 GA33K
    Category 1         0.503      0.047     10.646      0.000
    Category 2         0.497      0.047     10.511      0.000
 GA33L
    Category 1         0.418      0.061      6.828      0.000
    Category 2         0.582      0.061      9.500      0.000

Latent Class 5

 GA32A
    Category 1         0.256      0.029      8.937      0.000
    Category 2         0.744      0.029     26.025      0.000
 GA32H
    Category 1         0.189      0.036      5.225      0.000
    Category 2         0.811      0.036     22.481      0.000
 GA32I
    Category 1         0.251      0.055      4.538      0.000
    Category 2         0.749      0.055     13.560      0.000
 GA32K
    Category 1         0.143      0.027      5.288      0.000
    Category 2         0.857      0.027     31.739      0.000
 GA32L
    Category 1         0.100      0.036      2.737      0.006
    Category 2         0.900      0.036     24.729      0.000
 GA33A
    Category 1         0.668      0.039     17.174      0.000
    Category 2         0.332      0.039      8.537      0.000
 GA33H
    Category 1         0.942      0.035     26.690      0.000
    Category 2         0.058      0.035      1.639      0.101
 GA33I
    Category 1         0.874      0.103      8.520      0.000
    Category 2         0.126      0.103      1.229      0.219
 GA33K
    Category 1         0.909      0.040     22.763      0.000
    Category 2         0.091      0.040      2.267      0.023
 GA33L
    Category 1         0.954      0.052     18.499      0.000
    Category 2         0.046      0.052      0.896      0.370

Latent Class 6

 GA32A
    Category 1         0.446      0.045      9.832      0.000
    Category 2         0.554      0.045     12.214      0.000
 GA32H
    Category 1         0.481      0.046     10.344      0.000
    Category 2         0.519      0.046     11.165      0.000
 GA32I
    Category 1         0.000      0.000      0.164      0.870
    Category 2         1.000      0.000  *********      0.000
 GA32K
    Category 1         0.517      0.055      9.378      0.000
    Category 2         0.483      0.055      8.763      0.000
 GA32L
    Category 1         1.000      0.000      0.000      1.000
    Category 2         0.000      0.000      0.000      1.000
 GA33A
    Category 1         0.305      0.053      5.736      0.000
    Category 2         0.695      0.053     13.094      0.000
 GA33H
    Category 1         0.502      0.065      7.752      0.000
    Category 2         0.498      0.065      7.681      0.000
 GA33I
    Category 1         0.241      0.072      3.360      0.001
    Category 2         0.759      0.072     10.602      0.000
 GA33K
    Category 1         0.681      0.059     11.461      0.000
    Category 2         0.319      0.059      5.366      0.000
 GA33L
    Category 1         0.879      0.044     19.815      0.000
    Category 2         0.121      0.044      2.716      0.007


LATENT CLASS ODDS RATIO RESULTS

Latent Class 1 Compared to Latent Class 2

 GA32A
    Category > 1      10.381      1.805      5.752      0.000
 GA32H
    Category > 1      84.354     23.820      3.541      0.000
 GA32I
    Category > 1     104.755     33.845      3.095      0.002
 GA32K
    Category > 1     298.585    171.806      1.738      0.082
 GA32L
    Category > 1     260.458    109.234      2.384      0.017
 GA33A
    Category > 1      40.249      9.721      4.140      0.000
 GA33H
    Category > 1     276.921    116.402      2.379      0.017
 GA33I
    Category > 1     297.764    139.622      2.133      0.033
 GA33K
    Category > 1    2192.294   3418.604      0.641      0.521
 GA33L
    Category > 1   *********      0.000    999.000    999.000

Latent Class 1 Compared to Latent Class 3

 GA32A
    Category > 1       2.091      0.558      3.748      0.000
 GA32H
    Category > 1       1.577      0.712      2.215      0.027
 GA32I
    Category > 1       0.000      0.000    999.000    999.000
 GA32K
    Category > 1      15.654     10.956      1.429      0.153
 GA32L
    Category > 1       0.000      0.000    999.000    999.000
 GA33A
    Category > 1       4.969      2.490      1.996      0.046
 GA33H
    Category > 1      10.340      6.483      1.595      0.111
 GA33I
    Category > 1       1.565      2.298      0.681      0.496
 GA33K
    Category > 1     122.630    129.729      0.945      0.345
 GA33L
    Category > 1      24.030     17.754      1.354      0.176

Latent Class 1 Compared to Latent Class 4

 GA32A
    Category > 1       5.155      1.079      4.780      0.000
 GA32H
    Category > 1      24.094      6.502      3.706      0.000
 GA32I
    Category > 1      87.652     47.426      1.848      0.065
 GA32K
    Category > 1      34.496     19.132      1.803      0.071
 GA32L
    Category > 1      21.020      7.202      2.919      0.004
 GA33A
    Category > 1       5.047      1.446      3.491      0.000
 GA33H
    Category > 1      14.364      5.155      2.787      0.005
 GA33I
    Category > 1      19.063      7.273      2.621      0.009
 GA33K
    Category > 1      36.980     50.579      0.731      0.465
 GA33L
    Category > 1      12.115      5.234      2.315      0.021

Latent Class 1 Compared to Latent Class 5

 GA32A
    Category > 1       1.586      0.297      5.344      0.000
 GA32H
    Category > 1       2.904      0.886      3.277      0.001
 GA32I
    Category > 1       6.221      2.391      2.602      0.009
 GA32K
    Category > 1       7.460      4.462      1.672      0.095
 GA32L
    Category > 1       2.437      1.262      1.932      0.053
 GA33A
    Category > 1      18.687      5.429      3.442      0.001
 GA33H
    Category > 1     160.672    130.563      1.231      0.218
 GA33I
    Category > 1      85.733     78.550      1.091      0.275
 GA33K
    Category > 1     366.663    589.430      0.622      0.534
 GA33L
    Category > 1     348.021    480.297      0.725      0.469

Latent Class 1 Compared to Latent Class 6

 GA32A
    Category > 1       3.718      0.802      4.636      0.000
 GA32H
    Category > 1      11.575      3.054      3.790      0.000
 GA32I
    Category > 1       0.000      0.000      0.163      0.870
 GA32K
    Category > 1      47.916     28.401      1.687      0.092
 GA32L
    Category > 1   *********      0.000    999.000    999.000
 GA33A
    Category > 1       4.069      1.245      3.269      0.001
 GA33H
    Category > 1       9.961      3.423      2.910      0.004
 GA33I
    Category > 1       3.920      1.801      2.177      0.030
 GA33K
    Category > 1      77.980    104.788      0.744      0.457
 GA33L
    Category > 1     122.990     61.777      1.991      0.046

Latent Class 2 Compared to Latent Class 3

 GA32A
    Category > 1       0.201      0.056      3.627      0.000
 GA32H
    Category > 1       0.019      0.009      2.178      0.029
 GA32I
    Category > 1       0.000      0.000    999.000    999.000
 GA32K
    Category > 1       0.052      0.027      1.927      0.054
 GA32L
    Category > 1       0.000      0.000    999.000    999.000
 GA33A
    Category > 1       0.123      0.058      2.138      0.032
 GA33H
    Category > 1       0.037      0.025      1.470      0.142
 GA33I
    Category > 1       0.005      0.007      0.732      0.464
 GA33K
    Category > 1       0.056      0.057      0.988      0.323
 GA33L
    Category > 1       0.000      0.000    999.000    999.000

Latent Class 2 Compared to Latent Class 4

 GA32A
    Category > 1       0.497      0.114      4.374      0.000
 GA32H
    Category > 1       0.286      0.089      3.210      0.001
 GA32I
    Category > 1       0.837      0.477      1.753      0.080
 GA32K
    Category > 1       0.116      0.041      2.808      0.005
 GA32L
    Category > 1       0.081      0.031      2.645      0.008
 GA33A
    Category > 1       0.125      0.031      4.064      0.000
 GA33H
    Category > 1       0.052      0.022      2.379      0.017
 GA33I
    Category > 1       0.064      0.030      2.128      0.033
 GA33K
    Category > 1       0.017      0.013      1.265      0.206
 GA33L
    Category > 1       0.000      0.000    999.000    999.000

Latent Class 2 Compared to Latent Class 5

 GA32A
    Category > 1       0.153      0.031      4.946      0.000
 GA32H
    Category > 1       0.034      0.009      3.708      0.000
 GA32I
    Category > 1       0.059      0.020      3.008      0.003
 GA32K
    Category > 1       0.025      0.008      3.260      0.001
 GA32L
    Category > 1       0.009      0.004      2.413      0.016
 GA33A
    Category > 1       0.464      0.108      4.283      0.000
 GA33H
    Category > 1       0.580      0.441      1.317      0.188
 GA33I
    Category > 1       0.288      0.288      1.001      0.317
 GA33K
    Category > 1       0.167      0.147      1.134      0.257
 GA33L
    Category > 1       0.000      0.000    999.000    999.000

Latent Class 2 Compared to Latent Class 6

 GA32A
    Category > 1       0.358      0.081      4.400      0.000
 GA32H
    Category > 1       0.137      0.037      3.660      0.000
 GA32I
    Category > 1       0.000      0.000      0.164      0.869
 GA32K
    Category > 1       0.160      0.054      2.954      0.003
 GA32L
    Category > 1   *********      0.000    999.000    999.000
 GA33A
    Category > 1       0.101      0.028      3.572      0.000
 GA33H
    Category > 1       0.036      0.015      2.419      0.016
 GA33I
    Category > 1       0.013      0.007      1.961      0.050
 GA33K
    Category > 1       0.036      0.030      1.193      0.233
 GA33L
    Category > 1       0.000      0.000    999.000    999.000

Latent Class 3 Compared to Latent Class 4

 GA32A
    Category > 1       2.465      0.646      3.816      0.000
 GA32H
    Category > 1      15.282      6.271      2.437      0.015
 GA32I
    Category > 1   *********      0.000    999.000    999.000
 GA32K
    Category > 1       2.204      0.812      2.714      0.007
 GA32L
    Category > 1   *********      0.000    999.000    999.000
 GA33A
    Category > 1       1.016      0.504      2.016      0.044
 GA33H
    Category > 1       1.389      0.911      1.525      0.127
 GA33I
    Category > 1      12.185     14.903      0.818      0.414
 GA33K
    Category > 1       0.302      0.193      1.562      0.118
 GA33L
    Category > 1       0.504      0.386      1.305      0.192

Latent Class 3 Compared to Latent Class 5

 GA32A
    Category > 1       0.758      0.230      3.298      0.001
 GA32H
    Category > 1       1.842      0.889      2.072      0.038
 GA32I
    Category > 1   *********      0.000    999.000    999.000
 GA32K
    Category > 1       0.477      0.245      1.945      0.052
 GA32L
    Category > 1   *********      0.000    999.000    999.000
 GA33A
    Category > 1       3.761      1.845      2.038      0.042
 GA33H
    Category > 1      15.540     13.210      1.176      0.239
 GA33I
    Category > 1      54.798     86.809      0.631      0.528
 GA33K
    Category > 1       2.990      2.936      1.018      0.309
 GA33L
    Category > 1      14.483     22.957      0.631      0.528

Latent Class 3 Compared to Latent Class 6

 GA32A
    Category > 1       1.778      0.519      3.425      0.001
 GA32H
    Category > 1       7.342      3.155      2.327      0.020
 GA32I
    Category > 1       1.270      0.000    999.000    999.000
 GA32K
    Category > 1       3.061      1.291      2.371      0.018
 GA32L
    Category > 1   *********      0.000    999.000    999.000
 GA33A
    Category > 1       0.819      0.397      2.064      0.039
 GA33H
    Category > 1       0.963      0.586      1.643      0.100
 GA33I
    Category > 1       2.505      3.389      0.739      0.460
 GA33K
    Category > 1       0.636      0.379      1.678      0.093
 GA33L
    Category > 1       5.118      3.924      1.304      0.192

Latent Class 4 Compared to Latent Class 5

 GA32A
    Category > 1       0.308      0.075      4.094      0.000
 GA32H
    Category > 1       0.121      0.039      3.129      0.002
 GA32I
    Category > 1       0.071      0.042      1.697      0.090
 GA32K
    Category > 1       0.216      0.069      3.120      0.002
 GA32L
    Category > 1       0.116      0.053      2.189      0.029
 GA33A
    Category > 1       3.703      0.889      4.166      0.000
 GA33H
    Category > 1      11.186      7.072      1.582      0.114
 GA33I
    Category > 1       4.497      4.590      0.980      0.327
 GA33K
    Category > 1       9.915      4.951      2.003      0.045
 GA33L
    Category > 1      28.726     33.191      0.865      0.387

Latent Class 4 Compared to Latent Class 6

 GA32A
    Category > 1       0.721      0.189      3.817      0.000
 GA32H
    Category > 1       0.480      0.136      3.522      0.000
 GA32I
    Category > 1       0.000      0.000      0.159      0.874
 GA32K
    Category > 1       1.389      0.427      3.254      0.001
 GA32L
    Category > 1   *********      0.000    999.000    999.000
 GA33A
    Category > 1       0.806      0.263      3.063      0.002
 GA33H
    Category > 1       0.693      0.244      2.844      0.004
 GA33I
    Category > 1       0.206      0.093      2.207      0.027
 GA33K
    Category > 1       2.109      0.731      2.887      0.004
 GA33L
    Category > 1      10.152      5.218      1.945      0.052

Latent Class 5 Compared to Latent Class 6

 GA32A
    Category > 1       2.344      0.560      4.187      0.000
 GA32H
    Category > 1       3.986      1.189      3.353      0.001
 GA32I
    Category > 1       0.000      0.000      0.163      0.871
 GA32K
    Category > 1       6.423      2.043      3.143      0.002
 GA32L
    Category > 1   *********      0.000    999.000    999.000
 GA33A
    Category > 1       0.218      0.068      3.187      0.001
 GA33H
    Category > 1       0.062      0.044      1.409      0.159
 GA33I
    Category > 1       0.046      0.046      0.993      0.321
 GA33K
    Category > 1       0.213      0.122      1.741      0.082
 GA33L
    Category > 1       0.353      0.436      0.811      0.417


QUALITY OF NUMERICAL RESULTS

     Condition Number for the Information Matrix              0.589E-13
       (ratio of smallest to largest eigenvalue)


EQUALITY TESTS OF MEANS ACROSS CLASSES USING POSTERIOR PROBABILITY-BASED
MULTIPLE IMPUTATIONS WITH 5 DEGREE(S) OF FREEDOM FOR THE OVERALL TEST AND
1 DEGREE OF FREEDOM FOR THE PAIRWISE TESTS

STEM
                          Mean       S.E.                          Mean       S.E.

  Class 1                0.130      0.017  Class 2                0.026      0.010
  Class 3                0.101      0.027  Class 4                0.077      0.022
  Class 5                0.071      0.016  Class 6                0.024      0.016

                    Chi-Square     P-Value                   Chi-Square     P-Value

  Overall test          40.273      0.000  Class 1 vs. 2         28.758      0.000
  Class 1 vs. 3          0.778      0.378  Class 1 vs. 4          3.663      0.056
  Class 1 vs. 5          6.480      0.011  Class 1 vs. 6         21.237      0.000
  Class 2 vs. 3          6.683      0.010  Class 2 vs. 4          4.268      0.039
  Class 2 vs. 5          5.436      0.020  Class 2 vs. 6          0.016      0.901
  Class 3 vs. 4          0.478      0.490  Class 3 vs. 5          0.847      0.358
  Class 3 vs. 6          6.094      0.014  Class 4 vs. 5          0.039      0.843
  Class 4 vs. 6          3.886      0.049  Class 5 vs. 6          4.200      0.040

STEMSUP
                          Mean       S.E.                          Mean       S.E.

  Class 1                0.241      0.021  Class 2                0.074      0.016
  Class 3                0.167      0.033  Class 4                0.170      0.031
  Class 5                0.124      0.021  Class 6                0.090      0.028

                    Chi-Square     P-Value                   Chi-Square     P-Value

  Overall test          45.050      0.000  Class 1 vs. 2         40.225      0.000
  Class 1 vs. 3          3.478      0.062  Class 1 vs. 4          3.553      0.059
  Class 1 vs. 5         16.161      0.000  Class 1 vs. 6         18.540      0.000
  Class 2 vs. 3          6.530      0.011  Class 2 vs. 4          7.384      0.007
  Class 2 vs. 5          3.570      0.059  Class 2 vs. 6          0.263      0.608
  Class 3 vs. 4          0.005      0.945  Class 3 vs. 5          1.202      0.273
  Class 3 vs. 6          3.140      0.076  Class 4 vs. 5          1.409      0.235
  Class 4 vs. 6          3.359      0.067  Class 5 vs. 6          0.914      0.339

ENGINEER
                          Mean       S.E.                          Mean       S.E.

  Class 1                0.044      0.010  Class 2                0.015      0.008
  Class 3                0.016      0.012  Class 4                0.017      0.010
  Class 5                0.029      0.010  Class 6                0.004      0.007

                    Chi-Square     P-Value                   Chi-Square     P-Value

  Overall test           8.577      0.127  Class 1 vs. 2          5.476      0.019
  Class 1 vs. 3          3.071      0.080  Class 1 vs. 4          3.621      0.057
  Class 1 vs. 5          1.084      0.298  Class 1 vs. 6         10.464      0.001
  Class 2 vs. 3          0.005      0.941  Class 2 vs. 4          0.023      0.879
  Class 2 vs. 5          1.147      0.284  Class 2 vs. 6          1.091      0.296
  Class 3 vs. 4          0.003      0.954  Class 3 vs. 5          0.618      0.432
  Class 3 vs. 6          0.723      0.395  Class 4 vs. 5          0.678      0.410
  Class 4 vs. 6          0.995      0.318  Class 5 vs. 6          3.991      0.046

MATHG8
                          Mean       S.E.                          Mean       S.E.

  Class 1               57.067      0.480  Class 2               51.869      0.564
  Class 3               56.731      0.861  Class 4               52.777      0.738
  Class 5               55.209      0.550  Class 6               55.980      0.909

                    Chi-Square     P-Value                   Chi-Square     P-Value

  Overall test          74.071      0.000  Class 1 vs. 2         49.387      0.000
  Class 1 vs. 3          0.110      0.741  Class 1 vs. 4         23.128      0.000
  Class 1 vs. 5          6.547      0.011  Class 1 vs. 6          1.097      0.295
  Class 2 vs. 3         21.972      0.000  Class 2 vs. 4          0.901      0.342
  Class 2 vs. 5         17.367      0.000  Class 2 vs. 6         14.267      0.000
  Class 3 vs. 4         11.978      0.001  Class 3 vs. 5          2.042      0.153
  Class 3 vs. 6          0.369      0.544  Class 4 vs. 5          6.422      0.011
  Class 4 vs. 6          7.349      0.007  Class 5 vs. 6          0.508      0.476

SCIG8
                          Mean       S.E.                          Mean       S.E.

  Class 1               57.621      0.484  Class 2               52.261      0.555
  Class 3               56.339      0.816  Class 4               53.728      0.746
  Class 5               54.412      0.564  Class 6               56.724      0.895

                    Chi-Square     P-Value                   Chi-Square     P-Value

  Overall test          69.350      0.000  Class 1 vs. 2         53.296      0.000
  Class 1 vs. 3          1.675      0.196  Class 1 vs. 4         19.014      0.000
  Class 1 vs. 5         18.455      0.000  Class 1 vs. 6          0.761      0.383
  Class 2 vs. 3         16.966      0.000  Class 2 vs. 4          2.401      0.121
  Class 2 vs. 5          7.072      0.008  Class 2 vs. 6         17.514      0.000
  Class 3 vs. 4          5.378      0.020  Class 3 vs. 5          3.555      0.059
  Class 3 vs. 6          0.106      0.745  Class 4 vs. 5          0.492      0.483
  Class 4 vs. 6          6.420      0.011  Class 5 vs. 6          4.555      0.033



TECHNICAL 1 OUTPUT


     PARAMETER SPECIFICATION FOR LATENT CLASS 1


     PARAMETER SPECIFICATION FOR LATENT CLASS 2


     PARAMETER SPECIFICATION FOR LATENT CLASS 3


     PARAMETER SPECIFICATION FOR LATENT CLASS 4


     PARAMETER SPECIFICATION FOR LATENT CLASS 5


     PARAMETER SPECIFICATION FOR LATENT CLASS 6


     PARAMETER SPECIFICATION FOR LATENT CLASS INDICATOR MODEL PART


           TAU(U) FOR LATENT CLASS 1
              GA32A$1       GA32H$1       GA32I$1       GA32K$1       GA32L$1
              ________      ________      ________      ________      ________
 1                  1             2             3             4             5


           TAU(U) FOR LATENT CLASS 1
              GA33A$1       GA33H$1       GA33I$1       GA33K$1       GA33L$1
              ________      ________      ________      ________      ________
 1                  6             7             8             9            10


           TAU(U) FOR LATENT CLASS 2
              GA32A$1       GA32H$1       GA32I$1       GA32K$1       GA32L$1
              ________      ________      ________      ________      ________
 1                 11            12            13            14            15


           TAU(U) FOR LATENT CLASS 2
              GA33A$1       GA33H$1       GA33I$1       GA33K$1       GA33L$1
              ________      ________      ________      ________      ________
 1                 16            17            18            19            20


           TAU(U) FOR LATENT CLASS 3
              GA32A$1       GA32H$1       GA32I$1       GA32K$1       GA32L$1
              ________      ________      ________      ________      ________
 1                 21            22            23            24            25


           TAU(U) FOR LATENT CLASS 3
              GA33A$1       GA33H$1       GA33I$1       GA33K$1       GA33L$1
              ________      ________      ________      ________      ________
 1                 26            27            28            29            30


           TAU(U) FOR LATENT CLASS 4
              GA32A$1       GA32H$1       GA32I$1       GA32K$1       GA32L$1
              ________      ________      ________      ________      ________
 1                 31            32            33            34            35


           TAU(U) FOR LATENT CLASS 4
              GA33A$1       GA33H$1       GA33I$1       GA33K$1       GA33L$1
              ________      ________      ________      ________      ________
 1                 36            37            38            39            40


           TAU(U) FOR LATENT CLASS 5
              GA32A$1       GA32H$1       GA32I$1       GA32K$1       GA32L$1
              ________      ________      ________      ________      ________
 1                 41            42            43            44            45


           TAU(U) FOR LATENT CLASS 5
              GA33A$1       GA33H$1       GA33I$1       GA33K$1       GA33L$1
              ________      ________      ________      ________      ________
 1                 46            47            48            49            50


           TAU(U) FOR LATENT CLASS 6
              GA32A$1       GA32H$1       GA32I$1       GA32K$1       GA32L$1
              ________      ________      ________      ________      ________
 1                 51            52            53            54            55


           TAU(U) FOR LATENT CLASS 6
              GA33A$1       GA33H$1       GA33I$1       GA33K$1       GA33L$1
              ________      ________      ________      ________      ________
 1                 56            57            58            59            60


     PARAMETER SPECIFICATION FOR LATENT CLASS REGRESSION MODEL PART


           ALPHA(C)
              C#1           C#2           C#3           C#4           C#5
              ________      ________      ________      ________      ________
 1                 61            62            63            64            65


           ALPHA(C)
              C#6
              ________
 1                  0


     STARTING VALUES FOR LATENT CLASS 1


     STARTING VALUES FOR LATENT CLASS 2


     STARTING VALUES FOR LATENT CLASS 3


     STARTING VALUES FOR LATENT CLASS 4


     STARTING VALUES FOR LATENT CLASS 5


     STARTING VALUES FOR LATENT CLASS 6


     STARTING VALUES FOR LATENT CLASS INDICATOR MODEL PART


           TAU(U) FOR LATENT CLASS 1
              GA32A$1       GA32H$1       GA32I$1       GA32K$1       GA32L$1
              ________      ________      ________      ________      ________
 1             -2.511        -2.553        -2.667        -2.712        -2.605


           TAU(U) FOR LATENT CLASS 1
              GA33A$1       GA33H$1       GA33I$1       GA33K$1       GA33L$1
              ________      ________      ________      ________      ________
 1             -2.303        -1.711        -2.036        -1.679        -1.661


           TAU(U) FOR LATENT CLASS 2
              GA32A$1       GA32H$1       GA32I$1       GA32K$1       GA32L$1
              ________      ________      ________      ________      ________
 1             -1.511        -1.553        -1.667        -1.712        -1.605


           TAU(U) FOR LATENT CLASS 2
              GA33A$1       GA33H$1       GA33I$1       GA33K$1       GA33L$1
              ________      ________      ________      ________      ________
 1             -1.303        -0.711        -1.036        -0.679        -0.661


           TAU(U) FOR LATENT CLASS 3
              GA32A$1       GA32H$1       GA32I$1       GA32K$1       GA32L$1
              ________      ________      ________      ________      ________
 1             -0.511        -0.553        -0.667        -0.712        -0.605


           TAU(U) FOR LATENT CLASS 3
              GA33A$1       GA33H$1       GA33I$1       GA33K$1       GA33L$1
              ________      ________      ________      ________      ________
 1             -0.303         0.289        -0.036         0.321         0.339


           TAU(U) FOR LATENT CLASS 4
              GA32A$1       GA32H$1       GA32I$1       GA32K$1       GA32L$1
              ________      ________      ________      ________      ________
 1             -0.511        -0.553        -0.667        -0.712        -0.605


           TAU(U) FOR LATENT CLASS 4
              GA33A$1       GA33H$1       GA33I$1       GA33K$1       GA33L$1
              ________      ________      ________      ________      ________
 1             -0.303         0.289        -0.036         0.321         0.339


           TAU(U) FOR LATENT CLASS 5
              GA32A$1       GA32H$1       GA32I$1       GA32K$1       GA32L$1
              ________      ________      ________      ________      ________
 1              0.489         0.447         0.333         0.288         0.395


           TAU(U) FOR LATENT CLASS 5
              GA33A$1       GA33H$1       GA33I$1       GA33K$1       GA33L$1
              ________      ________      ________      ________      ________
 1              0.697         1.289         0.964         1.321         1.339


           TAU(U) FOR LATENT CLASS 6
              GA32A$1       GA32H$1       GA32I$1       GA32K$1       GA32L$1
              ________      ________      ________      ________      ________
 1              1.489         1.447         1.333         1.288         1.395


           TAU(U) FOR LATENT CLASS 6
              GA33A$1       GA33H$1       GA33I$1       GA33K$1       GA33L$1
              ________      ________      ________      ________      ________
 1              1.697         2.289         1.964         2.321         2.339


     STARTING VALUES FOR LATENT CLASS REGRESSION MODEL PART


           ALPHA(C)
              C#1           C#2           C#3           C#4           C#5
              ________      ________      ________      ________      ________
 1              0.000         0.000         0.000         0.000         0.000


           ALPHA(C)
              C#6
              ________
 1              0.000


TECHNICAL 11 OUTPUT

     Random Starts Specifications for the k-1 Class Analysis Model
        Number of initial stage random starts                 500
        Number of final stage optimizations                    10



     VUONG-LO-MENDELL-RUBIN LIKELIHOOD RATIO TEST FOR 5 (H0) VERSUS 6 CLASSES

          H0 Loglikelihood Value                       -11694.373
          2 Times the Loglikelihood Difference             94.020
          Difference in the Number of Parameters               11
          Mean                                             28.656
          Standard Deviation                               47.138
          P-Value                                          0.0819

     LO-MENDELL-RUBIN ADJUSTED LRT TEST

          Value                                            92.926
          P-Value                                          0.0842


TECHNICAL 14 OUTPUT

     Random Starts Specifications for the k-1 Class Analysis Model
        Number of initial stage random starts                 500
        Number of final stage optimizations                    10

     Random Starts Specification for the k-1 Class Model for Generated Data
        Number of initial stage random starts                   0
        Number of final stage optimizations for the
           initial stage random starts                          0
     Random Starts Specification for the k Class Model for Generated Data
        Number of initial stage random starts                  40
        Number of final stage optimizations                     8
     Number of bootstrap draws requested                   Varies


     PARAMETRIC BOOTSTRAPPED LIKELIHOOD RATIO TEST FOR 5 (H0) VERSUS 6 CLASSES

          H0 Loglikelihood Value                       -11694.373
          2 Times the Loglikelihood Difference             94.020
          Difference in the Number of Parameters               11
          Approximate P-Value                              0.0000
          Successful Bootstrap Draws                            5


PLOT INFORMATION

The following plots are available:

  Histograms of sample values
  Scatterplots (sample values)
  Sample proportions and estimated probabilities

DIAGRAM INFORMATION

  Mplus diagrams are currently not available for Mixture analysis.
  No diagram output was produced.


     Beginning Time:  16:36:41
        Ending Time:  16:37:02
       Elapsed Time:  00:00:21



MUTHEN & MUTHEN
3463 Stoner Ave.
Los Angeles, CA  90066

Tel: (310) 391-9971
Fax: (310) 391-8971
Web: www.StatModel.com
Support: Support@StatModel.com

Copyright (c) 1998-2013 Muthen & Muthen
