Mplus VERSION 7.1
MUTHEN & MUTHEN
07/09/2013   4:42 PM

INPUT INSTRUCTIONS

  data:
  file is Dataset_Jul9_Mplus.dat;

  Variable:
  names are
  CASENUM COHORT AB39A GA32A KA46A AB39B AB39C AB39D AB39E AB39F AB39G AB39H
  GA32H KA46H AB39I GA32I KA46I AB39J AB39K GA32K KA46K AB39L GA32L KA46L AB39M
  GA33A KA47A AB39N AB39O AB39P AB39Q AB39R AB39S AB39T GA33H KA47H AB39U GA33I
  KA47I AB39V AB39W GA33K KA47K AB39X GA33L KA47L SciG7 SciG8 SciG11
  MTH7 SCI7 SCI8 MOTHED FATHED PEDUC PEDUC3 RSEDAN RSEDAN6 RSEDAN5 RBACC
  RMAJFIRST RMAJFIRST2 RMAJLAST2 RMAJLAST RGRADMAJ RGRADMAJ10 RSTEMM RSTEMMX
  RSTEMMB RSTEMMA WEIGHT7 WEIGHT8 WEIGHT9 WEIGHT10 WEIGHT11 WEIGHT12 WEIGHTP1
  WEIGHTP2 WEIGHTP4 WGT12A WEIGHTR GENDER RACETH3 RACETH Minority STEM STEMSup
  ENGINEER MathG7 MathG8 MathG10 MathG11 MathG12 Female;

  categorical = GA32A GA32H GA32I GA32K GA32L GA33A GA33H GA33I GA33K GA33L;
  missing=all(9999);
  classes =c (8);

  auxiliary =STEM(e)  STEMSup(e) ENGINEER(e) MathG8(e) SciG8(e);
  usevar = GA32A GA32H GA32I GA32K GA32L GA33A GA33H GA33I GA33K GA33L;

  Analysis:
  Type=mixture;
   starts = 500 10;
   process = 4(starts);

  Output:
   sampstat tech11 tech14;

   Plot:
  type=plot3;
  series =GA32A - GA33L (*);



*** WARNING in OUTPUT command
  SAMPSTAT option is not available when all outcomes are censored, ordered
  categorical, unordered categorical (nominal), count or continuous-time
  survival variables.  Request for SAMPSTAT is ignored.
*** WARNING
  Data set contains cases with missing on all variables.
  These cases were not included in the analysis.
  Number of cases with missing on all variables:  126
*** WARNING
  Data set contains cases with missing on all variables except
  x-variables.  These cases were not included in the analysis.
  Number of cases with missing on all variables except x-variables:  728
   3 WARNING(S) FOUND IN THE INPUT INSTRUCTIONS




SUMMARY OF ANALYSIS

Number of groups                                                 1
Number of observations                                        2262

Number of dependent variables                                   10
Number of independent variables                                  0
Number of continuous latent variables                            0
Number of categorical latent variables                           1

Observed dependent variables

  Binary and ordered categorical (ordinal)
   GA32A       GA32H       GA32I       GA32K       GA32L       GA33A
   GA33H       GA33I       GA33K       GA33L

Observed auxiliary variables
   STEM        STEMSUP     ENGINEER    MATHG8      SCIG8

Categorical latent variables
   C


Estimator                                                      MLR
Information matrix                                        OBSERVED
Optimization Specifications for the Quasi-Newton Algorithm for
Continuous Outcomes
  Maximum number of iterations                                 100
  Convergence criterion                                  0.100D-05
Optimization Specifications for the EM Algorithm
  Maximum number of iterations                                 500
  Convergence criteria
    Loglikelihood change                                 0.100D-06
    Relative loglikelihood change                        0.100D-06
    Derivative                                           0.100D-05
Optimization Specifications for the M step of the EM Algorithm for
Categorical Latent variables
  Number of M step iterations                                    1
  M step convergence criterion                           0.100D-05
  Basis for M step termination                           ITERATION
Optimization Specifications for the M step of the EM Algorithm for
Censored, Binary or Ordered Categorical (Ordinal), Unordered
Categorical (Nominal) and Count Outcomes
  Number of M step iterations                                    1
  M step convergence criterion                           0.100D-05
  Basis for M step termination                           ITERATION
  Maximum value for logit thresholds                            15
  Minimum value for logit thresholds                           -15
  Minimum expected cell size for chi-square              0.100D-01
Maximum number of iterations for H1                           2000
Convergence criterion for H1                             0.100D-03
Optimization algorithm                                         EMA
Random Starts Specifications
  Number of initial stage random starts                        500
  Number of final stage optimizations                           10
  Number of initial stage iterations                            10
  Initial stage convergence criterion                    0.100D+01
  Random starts scale                                    0.500D+01
  Random seed for generating random starts                       0
Link                                                         LOGIT

Input data file(s)
  Dataset_Jul9_Mplus.dat
Input data format  FREE


SUMMARY OF DATA

     Number of missing data patterns            30
     Number of y missing data patterns           0
     Number of u missing data patterns          30


COVARIANCE COVERAGE OF DATA

Minimum covariance coverage value   0.100


     PROPORTION OF DATA PRESENT FOR U


           Covariance Coverage
              GA32A         GA32H         GA32I         GA32K         GA32L
              ________      ________      ________      ________      ________
 GA32A          0.999
 GA32H          0.989         0.989
 GA32I          0.987         0.979         0.987
 GA32K          0.989         0.981         0.980         0.990
 GA32L          0.993         0.985         0.983         0.986         0.994
 GA33A          0.994         0.986         0.984         0.987         0.991
 GA33H          0.987         0.979         0.977         0.981         0.984
 GA33I          0.987         0.978         0.976         0.979         0.984
 GA33K          0.988         0.980         0.977         0.981         0.985
 GA33L          0.994         0.985         0.983         0.986         0.990


           Covariance Coverage
              GA33A         GA33H         GA33I         GA33K         GA33L
              ________      ________      ________      ________      ________
 GA33A          0.995
 GA33H          0.985         0.988
 GA33I          0.985         0.979         0.988
 GA33K          0.986         0.981         0.980         0.989
 GA33L          0.992         0.985         0.985         0.987         0.995


UNIVARIATE PROPORTIONS AND COUNTS FOR CATEGORICAL VARIABLES

    GA32A
      Category 1    0.375      847.000
      Category 2    0.625     1412.000
    GA32H
      Category 1    0.365      817.000
      Category 2    0.635     1421.000
    GA32I
      Category 1    0.339      757.000
      Category 2    0.661     1475.000
    GA32K
      Category 1    0.329      737.000
      Category 2    0.671     1502.000
    GA32L
      Category 1    0.353      794.000
      Category 2    0.647     1454.000
    GA33A
      Category 1    0.425      956.000
      Category 2    0.575     1294.000
    GA33H
      Category 1    0.572     1278.000
      Category 2    0.428      957.000
    GA33I
      Category 1    0.491     1097.000
      Category 2    0.509     1137.000
    GA33K
      Category 1    0.580     1297.000
      Category 2    0.420      941.000
    GA33L
      Category 1    0.584     1314.000
      Category 2    0.416      936.000


RANDOM STARTS RESULTS RANKED FROM THE BEST TO THE WORST LOGLIKELIHOOD VALUES

Final stage loglikelihood values at local maxima, seeds, and initial stage start numbers:

          -11572.437  318230           46
          -11572.437  298275           418
          -11572.836  27071            15
          -11573.536  891531           206
          -11573.580  82357            339
          -11576.675  40340            188
          -11577.646  311214           64
          -11579.227  418686           338
          -11581.840  863691           481
          -11592.090  499150           216



THE BEST LOGLIKELIHOOD VALUE HAS BEEN REPLICATED.  RERUN WITH AT LEAST TWICE THE
RANDOM STARTS TO CHECK THAT THE BEST LOGLIKELIHOOD IS STILL OBTAINED AND REPLICATED.


THE MODEL ESTIMATION TERMINATED NORMALLY



MODEL FIT INFORMATION

Number of Free Parameters                       87

Loglikelihood

          H0 Value                      -11572.437
          H0 Scaling Correction Factor      1.2753
            for MLR

Information Criteria

          Akaike (AIC)                   23318.875
          Bayesian (BIC)                 23816.863
          Sample-Size Adjusted BIC       23540.449
            (n* = (n + 2) / 24)

Chi-Square Test of Model Fit for the Binary and Ordered Categorical
(Ordinal) Outcomes**

          Pearson Chi-Square

          Value                           1336.577
          Degrees of Freedom                   906
          P-Value                           0.0000

          Likelihood Ratio Chi-Square

          Value                           1050.508
          Degrees of Freedom                   906
          P-Value                           0.0006

** Of the 9020 cells in the latent class indicator table, 30
   were deleted in the calculation of chi-square due to extreme values.

Chi-Square Test for MCAR under the Unrestricted Latent Class Indicator Model

          Pearson Chi-Square

          Value                           1801.197
          Degrees of Freedom                  7967
          P-Value                           1.0000

          Likelihood Ratio Chi-Square

          Value                            480.136
          Degrees of Freedom                  7967
          P-Value                           1.0000



FINAL CLASS COUNTS AND PROPORTIONS FOR THE LATENT CLASSES
BASED ON THE ESTIMATED MODEL

    Latent
   Classes

       1        314.32499          0.13896
       2        148.59496          0.06569
       3        368.28272          0.16281
       4        172.58903          0.07630
       5        330.10157          0.14593
       6        425.15276          0.18795
       7        155.09717          0.06857
       8        347.85680          0.15378


FINAL CLASS COUNTS AND PROPORTIONS FOR THE LATENT CLASS PATTERNS
BASED ON ESTIMATED POSTERIOR PROBABILITIES

    Latent
   Classes

       1        314.32479          0.13896
       2        148.59565          0.06569
       3        368.28258          0.16281
       4        172.58888          0.07630
       5        330.10139          0.14593
       6        425.15277          0.18795
       7        155.09706          0.06857
       8        347.85687          0.15378


CLASSIFICATION QUALITY

     Entropy                         0.761


CLASSIFICATION OF INDIVIDUALS BASED ON THEIR MOST LIKELY LATENT CLASS MEMBERSHIP

Class Counts and Proportions

    Latent
   Classes

       1              239          0.10566
       2              143          0.06322
       3              392          0.17330
       4              183          0.08090
       5              340          0.15031
       6              491          0.21706
       7              143          0.06322
       8              331          0.14633


Average Latent Class Probabilities for Most Likely Latent Class Membership (Row)
by Latent Class (Column)

           1        2        3        4        5        6        7        8

    1   0.824    0.034    0.024    0.014    0.000    0.035    0.045    0.024
    2   0.062    0.802    0.010    0.003    0.012    0.000    0.000    0.111
    3   0.027    0.005    0.806    0.001    0.001    0.000    0.058    0.102
    4   0.050    0.003    0.014    0.833    0.020    0.007    0.000    0.073
    5   0.000    0.017    0.001    0.009    0.878    0.000    0.000    0.095
    6   0.140    0.000    0.002    0.000    0.000    0.831    0.026    0.000
    7   0.107    0.000    0.074    0.000    0.000    0.051    0.753    0.015
    8   0.015    0.052    0.093    0.039    0.078    0.000    0.004    0.720


Classification Probabilities for the Most Likely Latent Class Membership (Row)
by Latent Class (Column)

           1        2        3        4        5        6        7        8

    1   0.626    0.028    0.033    0.029    0.000    0.219    0.049    0.016
    2   0.055    0.772    0.014    0.004    0.038    0.001    0.000    0.117
    3   0.016    0.004    0.858    0.007    0.001    0.003    0.029    0.083
    4   0.020    0.002    0.002    0.884    0.017    0.001    0.000    0.075
    5   0.000    0.005    0.001    0.011    0.904    0.000    0.000    0.078
    6   0.020    0.000    0.000    0.003    0.000    0.960    0.017    0.000
    7   0.069    0.000    0.147    0.000    0.000    0.082    0.695    0.007
    8   0.016    0.046    0.115    0.038    0.093    0.000    0.006    0.685


Logits for the Classification Probabilities for the Most Likely Latent Class Membership (Row)
by Latent Class (Column)

              1        2        3        4        5        6        7        8

    1      3.691    0.592    0.749    0.619   -3.891    2.638    1.137    0.000
    2     -0.763    1.887   -2.133   -3.452   -1.111   -5.209  -11.669    0.000
    3     -1.662   -3.067    2.333   -2.507   -4.603   -3.348   -1.058    0.000
    4     -1.337   -3.550   -3.895    2.464   -1.481   -4.659  -11.228    0.000
    5    -11.263   -2.719   -4.164   -1.932    2.452   -6.024   -8.822    0.000
    6      9.896    4.457    4.474    7.989    5.084   13.775    9.741    0.000
    7      2.217   -8.919    2.979   -8.919   -2.907    2.393    4.532    0.000
    8     -3.733   -2.707   -1.781   -2.882   -1.999   -7.234   -4.744    0.000


MODEL RESULTS

                                                    Two-Tailed
                    Estimate       S.E.  Est./S.E.    P-Value

Latent Class 1

 Thresholds
    GA32A$1           -0.998      0.234     -4.269      0.000
    GA32H$1           -1.153      0.285     -4.051      0.000
    GA32I$1           -1.451      0.710     -2.043      0.041
    GA32K$1           -3.906      3.000     -1.302      0.193
    GA32L$1           -1.991      0.995     -2.002      0.045
    GA33A$1           -1.505      0.391     -3.847      0.000
    GA33H$1           -0.595      0.952     -0.625      0.532
    GA33I$1           -0.818      1.184     -0.691      0.490
    GA33K$1           -2.168      1.215     -1.785      0.074
    GA33L$1           -1.816      0.770     -2.356      0.018

Latent Class 2

 Thresholds
    GA32A$1            0.262      0.246      1.067      0.286
    GA32H$1            0.837      0.408      2.051      0.040
    GA32I$1           15.000      0.000    999.000    999.000
    GA32K$1            0.531      0.495      1.073      0.283
    GA32L$1            0.309      0.290      1.065      0.287
    GA33A$1           -0.991      0.354     -2.800      0.005
    GA33H$1           -0.331      0.429     -0.772      0.440
    GA33I$1           -0.090      0.508     -0.178      0.859
    GA33K$1            0.119      0.373      0.319      0.750
    GA33L$1           -0.599      0.395     -1.517      0.129

Latent Class 3

 Thresholds
    GA32A$1           -1.212      0.187     -6.465      0.000
    GA32H$1           -2.661      0.961     -2.769      0.006
    GA32I$1           -2.008      0.676     -2.971      0.003
    GA32K$1           -2.126      0.709     -2.998      0.003
    GA32L$1           -3.864      3.436     -1.124      0.261
    GA33A$1            0.521      0.192      2.714      0.007
    GA33H$1            2.058      0.508      4.051      0.000
    GA33I$1            0.974      0.515      1.890      0.059
    GA33K$1            2.673      0.496      5.389      0.000
    GA33L$1            3.166      1.080      2.931      0.003

Latent Class 4

 Thresholds
    GA32A$1           -0.188      0.203     -0.927      0.354
    GA32H$1           -0.092      0.199     -0.461      0.645
    GA32I$1          -15.000      0.000    999.000    999.000
    GA32K$1            0.223      0.427      0.523      0.601
    GA32L$1           15.000      0.000    999.000    999.000
    GA33A$1           -0.838      0.315     -2.655      0.008
    GA33H$1           -0.081      0.394     -0.207      0.836
    GA33I$1           -1.197      0.563     -2.125      0.034
    GA33K$1            0.861      0.635      1.355      0.175
    GA33L$1            1.799      0.487      3.697      0.000

Latent Class 5

 Thresholds
    GA32A$1            1.037      0.379      2.737      0.006
    GA32H$1            2.254      0.763      2.953      0.003
    GA32I$1            2.015      0.725      2.778      0.005
    GA32K$1            3.379      1.095      3.085      0.002
    GA32L$1            3.617      1.684      2.147      0.032
    GA33A$1            1.616      0.287      5.640      0.000
    GA33H$1            3.299      0.406      8.125      0.000
    GA33I$1            3.711      0.823      4.509      0.000
    GA33K$1           15.000      0.000    999.000    999.000
    GA33L$1           15.000      0.000    999.000    999.000

Latent Class 6

 Thresholds
    GA32A$1           -1.840      0.510     -3.606      0.000
    GA32H$1           -5.529     15.791     -0.350      0.726
    GA32I$1           -5.596      7.068     -0.792      0.429
    GA32K$1           -4.171      0.848     -4.917      0.000
    GA32L$1           -4.190      3.902     -1.074      0.283
    GA33A$1           -2.483      0.326     -7.619      0.000
    GA33H$1          -15.000      0.000    999.000    999.000
    GA33I$1          -15.000      0.000    999.000    999.000
    GA33K$1           -4.424      2.110     -2.097      0.036
    GA33L$1           -3.025      0.721     -4.194      0.000

Latent Class 7

 Thresholds
    GA32A$1           -0.635      0.251     -2.527      0.011
    GA32H$1           -1.689      0.420     -4.023      0.000
    GA32I$1          -15.000      0.000    999.000    999.000
    GA32K$1           -0.389      0.560     -0.694      0.487
    GA32L$1          -15.000      0.000    999.000    999.000
    GA33A$1           -0.966      0.396     -2.440      0.015
    GA33H$1           -0.503      0.413     -1.217      0.224
    GA33I$1          -15.000      0.000    999.000    999.000
    GA33K$1            1.247      1.059      1.177      0.239
    GA33L$1           -0.286      0.617     -0.463      0.643

Latent Class 8

 Thresholds
    GA32A$1           -0.145      0.383     -0.378      0.705
    GA32H$1            0.487      0.609      0.800      0.424
    GA32I$1            0.598      0.749      0.798      0.425
    GA32K$1           -0.622      0.791     -0.787      0.432
    GA32L$1           -0.072      0.384     -0.188      0.851
    GA33A$1            0.662      0.259      2.560      0.010
    GA33H$1            3.161      1.708      1.851      0.064
    GA33I$1            2.194      0.448      4.895      0.000
    GA33K$1            1.404      0.809      1.735      0.083
    GA33L$1            1.985      1.001      1.984      0.047

Categorical Latent Variables

 Means
    C#1               -0.101      0.930     -0.109      0.913
    C#2               -0.851      0.539     -1.579      0.114
    C#3                0.057      0.700      0.081      0.935
    C#4               -0.701      0.512     -1.368      0.171
    C#5               -0.052      0.698     -0.075      0.940
    C#6                0.201      0.414      0.485      0.628
    C#7               -0.808      0.637     -1.268      0.205


RESULTS IN PROBABILITY SCALE

Latent Class 1

 GA32A
    Category 1         0.269      0.046      5.858      0.000
    Category 2         0.731      0.046     15.885      0.000
 GA32H
    Category 1         0.240      0.052      4.625      0.000
    Category 2         0.760      0.052     14.645      0.000
 GA32I
    Category 1         0.190      0.109      1.738      0.082
    Category 2         0.810      0.109      7.415      0.000
 GA32K
    Category 1         0.020      0.058      0.340      0.734
    Category 2         0.980      0.058     16.905      0.000
 GA32L
    Category 1         0.120      0.105      1.143      0.253
    Category 2         0.880      0.105      8.367      0.000
 GA33A
    Category 1         0.182      0.058      3.123      0.002
    Category 2         0.818      0.058     14.070      0.000
 GA33H
    Category 1         0.355      0.218      1.630      0.103
    Category 2         0.645      0.218      2.955      0.003
 GA33I
    Category 1         0.306      0.251      1.218      0.223
    Category 2         0.694      0.251      2.759      0.006
 GA33K
    Category 1         0.103      0.112      0.918      0.359
    Category 2         0.897      0.112      8.019      0.000
 GA33L
    Category 1         0.140      0.093      1.509      0.131
    Category 2         0.860      0.093      9.273      0.000

Latent Class 2

 GA32A
    Category 1         0.565      0.060      9.362      0.000
    Category 2         0.435      0.060      7.203      0.000
 GA32H
    Category 1         0.698      0.086      8.113      0.000
    Category 2         0.302      0.086      3.514      0.000
 GA32I
    Category 1         1.000      0.000      0.000      1.000
    Category 2         0.000      0.000      0.000      1.000
 GA32K
    Category 1         0.630      0.115      5.460      0.000
    Category 2         0.370      0.115      3.211      0.001
 GA32L
    Category 1         0.577      0.071      8.136      0.000
    Category 2         0.423      0.071      5.972      0.000
 GA33A
    Category 1         0.271      0.070      3.873      0.000
    Category 2         0.729      0.070     10.435      0.000
 GA33H
    Category 1         0.418      0.104      4.003      0.000
    Category 2         0.582      0.104      5.577      0.000
 GA33I
    Category 1         0.477      0.127      3.767      0.000
    Category 2         0.523      0.127      4.123      0.000
 GA33K
    Category 1         0.530      0.093      5.704      0.000
    Category 2         0.470      0.093      5.065      0.000
 GA33L
    Category 1         0.355      0.090      3.923      0.000
    Category 2         0.645      0.090      7.142      0.000

Latent Class 3

 GA32A
    Category 1         0.229      0.033      6.922      0.000
    Category 2         0.771      0.033     23.258      0.000
 GA32H
    Category 1         0.065      0.059      1.113      0.266
    Category 2         0.935      0.059     15.931      0.000
 GA32I
    Category 1         0.118      0.071      1.678      0.093
    Category 2         0.882      0.071     12.497      0.000
 GA32K
    Category 1         0.107      0.068      1.578      0.115
    Category 2         0.893      0.068     13.231      0.000
 GA32L
    Category 1         0.021      0.069      0.297      0.766
    Category 2         0.979      0.069     14.157      0.000
 GA33A
    Category 1         0.627      0.045     13.980      0.000
    Category 2         0.373      0.045      8.304      0.000
 GA33H
    Category 1         0.887      0.051     17.381      0.000
    Category 2         0.113      0.051      2.220      0.026
 GA33I
    Category 1         0.726      0.103      7.079      0.000
    Category 2         0.274      0.103      2.673      0.008
 GA33K
    Category 1         0.935      0.030     31.222      0.000
    Category 2         0.065      0.030      2.155      0.031
 GA33L
    Category 1         0.960      0.042     22.886      0.000
    Category 2         0.040      0.042      0.965      0.335

Latent Class 4

 GA32A
    Category 1         0.453      0.050      9.009      0.000
    Category 2         0.547      0.050     10.873      0.000
 GA32H
    Category 1         0.477      0.050      9.592      0.000
    Category 2         0.523      0.050     10.516      0.000
 GA32I
    Category 1         0.000      0.000      0.000      1.000
    Category 2         1.000      0.000      0.000      1.000
 GA32K
    Category 1         0.556      0.105      5.272      0.000
    Category 2         0.444      0.105      4.216      0.000
 GA32L
    Category 1         1.000      0.000      0.000      1.000
    Category 2         0.000      0.000      0.000      1.000
 GA33A
    Category 1         0.302      0.066      4.542      0.000
    Category 2         0.698      0.066     10.496      0.000
 GA33H
    Category 1         0.480      0.098      4.883      0.000
    Category 2         0.520      0.098      5.297      0.000
 GA33I
    Category 1         0.232      0.100      2.312      0.021
    Category 2         0.768      0.100      7.652      0.000
 GA33K
    Category 1         0.703      0.133      5.299      0.000
    Category 2         0.297      0.133      2.241      0.025
 GA33L
    Category 1         0.858      0.059     14.475      0.000
    Category 2         0.142      0.059      2.396      0.017

Latent Class 5

 GA32A
    Category 1         0.738      0.073     10.083      0.000
    Category 2         0.262      0.073      3.576      0.000
 GA32H
    Category 1         0.905      0.066     13.789      0.000
    Category 2         0.095      0.066      1.448      0.148
 GA32I
    Category 1         0.882      0.075     11.719      0.000
    Category 2         0.118      0.075      1.563      0.118
 GA32K
    Category 1         0.967      0.035     27.693      0.000
    Category 2         0.033      0.035      0.944      0.345
 GA32L
    Category 1         0.974      0.043     22.689      0.000
    Category 2         0.026      0.043      0.610      0.542
 GA33A
    Category 1         0.834      0.040     21.055      0.000
    Category 2         0.166      0.040      4.182      0.000
 GA33H
    Category 1         0.964      0.014     69.183      0.000
    Category 2         0.036      0.014      2.554      0.011
 GA33I
    Category 1         0.976      0.019     50.897      0.000
    Category 2         0.024      0.019      1.245      0.213
 GA33K
    Category 1         1.000      0.000      0.000      1.000
    Category 2         0.000      0.000      0.000      1.000
 GA33L
    Category 1         1.000      0.000      0.000      1.000
    Category 2         0.000      0.000      0.000      1.000

Latent Class 6

 GA32A
    Category 1         0.137      0.060      2.271      0.023
    Category 2         0.863      0.060     14.303      0.000
 GA32H
    Category 1         0.004      0.062      0.064      0.949
    Category 2         0.996      0.062     16.018      0.000
 GA32I
    Category 1         0.004      0.026      0.142      0.887
    Category 2         0.996      0.026     38.245      0.000
 GA32K
    Category 1         0.015      0.013      1.197      0.231
    Category 2         0.985      0.013     77.572      0.000
 GA32L
    Category 1         0.015      0.057      0.260      0.795
    Category 2         0.985      0.057     17.174      0.000
 GA33A
    Category 1         0.077      0.023      3.325      0.001
    Category 2         0.923      0.023     39.811      0.000
 GA33H
    Category 1         0.000      0.000      0.000      1.000
    Category 2         1.000      0.000      0.000      1.000
 GA33I
    Category 1         0.000      0.000      0.000      1.000
    Category 2         1.000      0.000      0.000      1.000
 GA33K
    Category 1         0.012      0.025      0.480      0.632
    Category 2         0.988      0.025     40.021      0.000
 GA33L
    Category 1         0.046      0.032      1.454      0.146
    Category 2         0.954      0.032     29.938      0.000

Latent Class 7

 GA32A
    Category 1         0.346      0.057      6.094      0.000
    Category 2         0.654      0.057     11.495      0.000
 GA32H
    Category 1         0.156      0.055      2.821      0.005
    Category 2         0.844      0.055     15.278      0.000
 GA32I
    Category 1         0.000      0.000      0.000      1.000
    Category 2         1.000      0.000      0.000      1.000
 GA32K
    Category 1         0.404      0.135      2.998      0.003
    Category 2         0.596      0.135      4.422      0.000
 GA32L
    Category 1         0.000      0.000      0.000      1.000
    Category 2         1.000      0.000      0.000      1.000
 GA33A
    Category 1         0.276      0.079      3.485      0.000
    Category 2         0.724      0.079      9.161      0.000
 GA33H
    Category 1         0.377      0.097      3.884      0.000
    Category 2         0.623      0.097      6.422      0.000
 GA33I
    Category 1         0.000      0.000      0.000      1.000
    Category 2         1.000      0.000      0.000      1.000
 GA33K
    Category 1         0.777      0.184      4.229      0.000
    Category 2         0.223      0.184      1.216      0.224
 GA33L
    Category 1         0.429      0.151      2.839      0.005
    Category 2         0.571      0.151      3.777      0.000

Latent Class 8

 GA32A
    Category 1         0.464      0.095      4.873      0.000
    Category 2         0.536      0.095      5.632      0.000
 GA32H
    Category 1         0.619      0.143      4.317      0.000
    Category 2         0.381      0.143      2.653      0.008
 GA32I
    Category 1         0.645      0.172      3.760      0.000
    Category 2         0.355      0.172      2.068      0.039
 GA32K
    Category 1         0.349      0.180      1.942      0.052
    Category 2         0.651      0.180      3.619      0.000
 GA32L
    Category 1         0.482      0.096      5.033      0.000
    Category 2         0.518      0.096      5.409      0.000
 GA33A
    Category 1         0.660      0.058     11.362      0.000
    Category 2         0.340      0.058      5.859      0.000
 GA33H
    Category 1         0.959      0.067     14.402      0.000
    Category 2         0.041      0.067      0.610      0.542
 GA33I
    Category 1         0.900      0.040     22.244      0.000
    Category 2         0.100      0.040      2.481      0.013
 GA33K
    Category 1         0.803      0.128      6.267      0.000
    Category 2         0.197      0.128      1.539      0.124
 GA33L
    Category 1         0.879      0.106      8.276      0.000
    Category 2         0.121      0.106      1.137      0.256


LATENT CLASS ODDS RATIO RESULTS

Latent Class 1 Compared to Latent Class 2

 GA32A
    Category > 1       3.525      1.215      2.900      0.004
 GA32H
    Category > 1       7.310      3.656      2.000      0.046
 GA32I
    Category > 1   *********      0.000    999.000    999.000
 GA32K
    Category > 1      84.539    259.071      0.326      0.744
 GA32L
    Category > 1       9.972     11.046      0.903      0.367
 GA33A
    Category > 1       1.672      0.924      1.809      0.070
 GA33H
    Category > 1       1.302      1.490      0.874      0.382
 GA33I
    Category > 1       2.070      3.004      0.689      0.491
 GA33K
    Category > 1       9.842     14.586      0.675      0.500
 GA33L
    Category > 1       3.375      2.860      1.180      0.238

Latent Class 1 Compared to Latent Class 3

 GA32A
    Category > 1       0.807      0.232      3.474      0.001
 GA32H
    Category > 1       0.221      0.240      0.921      0.357
 GA32I
    Category > 1       0.573      0.621      0.922      0.356
 GA32K
    Category > 1       5.931     17.154      0.346      0.730
 GA32L
    Category > 1       0.154      0.521      0.295      0.768
 GA33A
    Category > 1       7.585      3.157      2.403      0.016
 GA33H
    Category > 1      14.198     14.345      0.990      0.322
 GA33I
    Category > 1       6.002      7.859      0.764      0.445
 GA33K
    Category > 1     126.627    165.354      0.766      0.444
 GA33L
    Category > 1     145.742    226.963      0.642      0.521

Latent Class 1 Compared to Latent Class 4

 GA32A
    Category > 1       2.247      0.646      3.480      0.001
 GA32H
    Category > 1       2.888      1.114      2.594      0.009
 GA32I
    Category > 1       0.000      0.000    999.000    999.000
 GA32K
    Category > 1      62.169    169.700      0.366      0.714
 GA32L
    Category > 1   *********      0.000    999.000    999.000
 GA33A
    Category > 1       1.950      1.167      1.671      0.095
 GA33H
    Category > 1       1.672      2.103      0.795      0.427
 GA33I
    Category > 1       0.685      1.104      0.620      0.535
 GA33K
    Category > 1      20.667     36.169      0.571      0.568
 GA33L
    Category > 1      37.125     24.619      1.508      0.132

Latent Class 1 Compared to Latent Class 5

 GA32A
    Category > 1       7.647      3.466      2.206      0.027
 GA32H
    Category > 1      30.163     21.377      1.411      0.158
 GA32I
    Category > 1      31.993     28.920      1.106      0.269
 GA32K
    Category > 1    1458.214   5052.952      0.289      0.773
 GA32L
    Category > 1     272.451    643.516      0.423      0.672
 GA33A
    Category > 1      22.680      9.499      2.388      0.017
 GA33H
    Category > 1      49.127     52.323      0.939      0.348
 GA33I
    Category > 1      92.651    124.259      0.746      0.456
 GA33K
    Category > 1   *********      0.000    999.000    999.000
 GA33L
    Category > 1   *********      0.000    999.000    999.000

Latent Class 1 Compared to Latent Class 6

 GA32A
    Category > 1       0.431      0.289      1.490      0.136
 GA32H
    Category > 1       0.013      0.198      0.064      0.949
 GA32I
    Category > 1       0.016      0.105      0.151      0.880
 GA32K
    Category > 1       0.767      2.658      0.289      0.773
 GA32L
    Category > 1       0.111      0.536      0.207      0.836
 GA33A
    Category > 1       0.376      0.189      1.995      0.046
 GA33H
    Category > 1       0.000      0.000    999.000    999.000
 GA33I
    Category > 1       0.000      0.000    999.000    999.000
 GA33K
    Category > 1       0.105      0.312      0.336      0.737
 GA33L
    Category > 1       0.298      0.414      0.721      0.471

Latent Class 1 Compared to Latent Class 7

 GA32A
    Category > 1       1.438      0.503      2.856      0.004
 GA32H
    Category > 1       0.585      0.323      1.811      0.070
 GA32I
    Category > 1       0.000      0.000    999.000    999.000
 GA32K
    Category > 1      33.711     98.568      0.342      0.732
 GA32L
    Category > 1       0.000      0.000    999.000    999.000
 GA33A
    Category > 1       1.714      1.014      1.690      0.091
 GA33H
    Category > 1       1.097      1.183      0.927      0.354
 GA33I
    Category > 1       0.000      0.000    999.000    999.000
 GA33K
    Category > 1      30.401     64.649      0.470      0.638
 GA33L
    Category > 1       4.618      4.713      0.980      0.327

Latent Class 1 Compared to Latent Class 8

 GA32A
    Category > 1       2.347      1.110      2.115      0.034
 GA32H
    Category > 1       5.152      3.678      1.401      0.161
 GA32I
    Category > 1       7.759      8.592      0.903      0.366
 GA32K
    Category > 1      26.684     92.657      0.288      0.773
 GA32L
    Category > 1       6.812      8.248      0.826      0.409
 GA33A
    Category > 1       8.737      3.984      2.193      0.028
 GA33H
    Category > 1      42.804     93.097      0.460      0.646
 GA33I
    Category > 1      20.319     28.388      0.716      0.474
 GA33K
    Category > 1      35.581     41.069      0.866      0.386
 GA33L
    Category > 1      44.741     63.108      0.709      0.478

Latent Class 2 Compared to Latent Class 3

 GA32A
    Category > 1       0.229      0.070      3.267      0.001
 GA32H
    Category > 1       0.030      0.031      0.969      0.333
 GA32I
    Category > 1       0.000      0.000    999.000    999.000
 GA32K
    Category > 1       0.070      0.044      1.579      0.114
 GA32L
    Category > 1       0.015      0.053      0.293      0.770
 GA33A
    Category > 1       4.536      1.989      2.281      0.023
 GA33H
    Category > 1      10.906      8.939      1.220      0.222
 GA33I
    Category > 1       2.899      2.300      1.260      0.208
 GA33K
    Category > 1      12.866      7.816      1.646      0.100
 GA33L
    Category > 1      43.188     55.371      0.780      0.435

Latent Class 2 Compared to Latent Class 4

 GA32A
    Category > 1       0.637      0.190      3.350      0.001
 GA32H
    Category > 1       0.395      0.175      2.262      0.024
 GA32I
    Category > 1       0.000      0.000    999.000    999.000
 GA32K
    Category > 1       0.735      0.462      1.591      0.112
 GA32L
    Category > 1   *********      0.000    999.000    999.000
 GA33A
    Category > 1       1.166      0.515      2.263      0.024
 GA33H
    Category > 1       1.284      0.708      1.813      0.070
 GA33I
    Category > 1       0.331      0.223      1.482      0.138
 GA33K
    Category > 1       2.100      1.061      1.979      0.048
 GA33L
    Category > 1      11.001      6.037      1.822      0.068

Latent Class 2 Compared to Latent Class 5

 GA32A
    Category > 1       2.170      0.893      2.428      0.015
 GA32H
    Category > 1       4.126      3.320      1.243      0.214
 GA32I
    Category > 1       0.000      0.000    999.000    999.000
 GA32K
    Category > 1      17.249     21.504      0.802      0.422
 GA32L
    Category > 1      27.321     46.491      0.588      0.557
 GA33A
    Category > 1      13.564      5.227      2.595      0.009
 GA33H
    Category > 1      37.737     21.410      1.763      0.078
 GA33I
    Category > 1      44.755     37.050      1.208      0.227
 GA33K
    Category > 1   *********      0.000    999.000    999.000
 GA33L
    Category > 1   *********      0.000    999.000    999.000

Latent Class 2 Compared to Latent Class 6

 GA32A
    Category > 1       0.122      0.071      1.718      0.086
 GA32H
    Category > 1       0.002      0.027      0.064      0.949
 GA32I
    Category > 1       0.000      0.000    999.000    999.000
 GA32K
    Category > 1       0.009      0.009      1.024      0.306
 GA32L
    Category > 1       0.011      0.043      0.260      0.794
 GA33A
    Category > 1       0.225      0.106      2.122      0.034
 GA33H
    Category > 1       0.000      0.000    999.000    999.000
 GA33I
    Category > 1       0.000      0.000    999.000    999.000
 GA33K
    Category > 1       0.011      0.021      0.502      0.616
 GA33L
    Category > 1       0.088      0.077      1.148      0.251

Latent Class 2 Compared to Latent Class 7

 GA32A
    Category > 1       0.408      0.134      3.039      0.002
 GA32H
    Category > 1       0.080      0.048      1.672      0.095
 GA32I
    Category > 1       0.000      0.000    999.000    999.000
 GA32K
    Category > 1       0.399      0.335      1.189      0.234
 GA32L
    Category > 1       0.000      0.000    999.000    999.000
 GA33A
    Category > 1       1.025      0.567      1.808      0.071
 GA33H
    Category > 1       0.843      0.528      1.594      0.111
 GA33I
    Category > 1       0.000      0.000    999.000    999.000
 GA33K
    Category > 1       3.089      2.790      1.107      0.268
 GA33L
    Category > 1       1.368      0.976      1.402      0.161

Latent Class 2 Compared to Latent Class 8

 GA32A
    Category > 1       0.666      0.350      1.902      0.057
 GA32H
    Category > 1       0.705      0.619      1.139      0.255
 GA32I
    Category > 1       0.000      0.000    999.000    999.000
 GA32K
    Category > 1       0.316      0.351      0.900      0.368
 GA32L
    Category > 1       0.683      0.356      1.920      0.055
 GA33A
    Category > 1       5.225      2.039      2.563      0.010
 GA33H
    Category > 1      32.880     53.396      0.616      0.538
 GA33I
    Category > 1       9.815      6.619      1.483      0.138
 GA33K
    Category > 1       3.615      3.603      1.004      0.316
 GA33L
    Category > 1      13.258     13.593      0.975      0.329

Latent Class 3 Compared to Latent Class 4

 GA32A
    Category > 1       2.784      0.727      3.828      0.000
 GA32H
    Category > 1      13.052     12.168      1.073      0.283
 GA32I
    Category > 1       0.000      0.000    999.000    999.000
 GA32K
    Category > 1      10.482      6.747      1.553      0.120
 GA32L
    Category > 1   *********      0.000    999.000    999.000
 GA33A
    Category > 1       0.257      0.099      2.595      0.009
 GA33H
    Category > 1       0.118      0.073      1.617      0.106
 GA33I
    Category > 1       0.114      0.074      1.534      0.125
 GA33K
    Category > 1       0.163      0.117      1.396      0.163
 GA33L
    Category > 1       0.255      0.362      0.704      0.481

Latent Class 3 Compared to Latent Class 5

 GA32A
    Category > 1       9.475      4.057      2.336      0.020
 GA32H
    Category > 1     136.302    220.894      0.617      0.537
 GA32I
    Category > 1      55.832     66.795      0.836      0.403
 GA32K
    Category > 1     245.855    346.272      0.710      0.478
 GA32L
    Category > 1    1773.206   8369.804      0.212      0.832
 GA33A
    Category > 1       2.990      1.118      2.674      0.007
 GA33H
    Category > 1       3.460      2.219      1.559      0.119
 GA33I
    Category > 1      15.436     16.202      0.953      0.341
 GA33K
    Category > 1   *********      0.000    999.000    999.000
 GA33L
    Category > 1   *********      0.000    999.000    999.000

Latent Class 3 Compared to Latent Class 6

 GA32A
    Category > 1       0.533      0.302      1.764      0.078
 GA32H
    Category > 1       0.057      0.909      0.062      0.950
 GA32I
    Category > 1       0.028      0.200      0.138      0.890
 GA32K
    Category > 1       0.129      0.148      0.874      0.382
 GA32L
    Category > 1       0.722      4.066      0.178      0.859
 GA33A
    Category > 1       0.050      0.018      2.766      0.006
 GA33H
    Category > 1       0.000      0.000    999.000    999.000
 GA33I
    Category > 1       0.000      0.000    999.000    999.000
 GA33K
    Category > 1       0.001      0.002      0.458      0.647
 GA33L
    Category > 1       0.002      0.002      1.134      0.257

Latent Class 3 Compared to Latent Class 7

 GA32A
    Category > 1       1.781      0.599      2.972      0.003
 GA32H
    Category > 1       2.642      3.071      0.860      0.390
 GA32I
    Category > 1       0.000      0.000    999.000    999.000
 GA32K
    Category > 1       5.684      5.786      0.982      0.326
 GA32L
    Category > 1       0.000      0.000    999.000    999.000
 GA33A
    Category > 1       0.226      0.088      2.572      0.010
 GA33H
    Category > 1       0.077      0.042      1.832      0.067
 GA33I
    Category > 1       0.000      0.000    999.000    999.000
 GA33K
    Category > 1       0.240      0.280      0.856      0.392
 GA33L
    Category > 1       0.032      0.040      0.790      0.430

Latent Class 3 Compared to Latent Class 8

 GA32A
    Category > 1       2.907      1.290      2.254      0.024
 GA32H
    Category > 1      23.281     18.332      1.270      0.204
 GA32I
    Category > 1      13.541      9.820      1.379      0.168
 GA32K
    Category > 1       4.499      6.443      0.698      0.485
 GA32L
    Category > 1      44.333    157.836      0.281      0.779
 GA33A
    Category > 1       1.152      0.439      2.622      0.009
 GA33H
    Category > 1       3.015      5.935      0.508      0.612
 GA33I
    Category > 1       3.385      2.448      1.383      0.167
 GA33K
    Category > 1       0.281      0.309      0.908      0.364
 GA33L
    Category > 1       0.307      0.454      0.676      0.499

Latent Class 4 Compared to Latent Class 5

 GA32A
    Category > 1       3.403      1.509      2.255      0.024
 GA32H
    Category > 1      10.443      8.687      1.202      0.229
 GA32I
    Category > 1   *********      0.000    999.000    999.000
 GA32K
    Category > 1      23.456     29.957      0.783      0.434
 GA32L
    Category > 1       0.000      0.000    999.000    999.000
 GA33A
    Category > 1      11.633      5.428      2.143      0.032
 GA33H
    Category > 1      29.390     15.678      1.875      0.061
 GA33I
    Category > 1     135.313    144.064      0.939      0.348
 GA33K
    Category > 1   *********      0.000    999.000    999.000
 GA33L
    Category > 1   *********      0.000    999.000    999.000

Latent Class 4 Compared to Latent Class 6

 GA32A
    Category > 1       0.192      0.117      1.636      0.102
 GA32H
    Category > 1       0.004      0.069      0.063      0.950
 GA32I
    Category > 1   12138.756      0.000    999.000    999.000
 GA32K
    Category > 1       0.012      0.013      0.954      0.340
 GA32L
    Category > 1       0.000      0.000    999.000    999.000
 GA33A
    Category > 1       0.193      0.099      1.956      0.050
 GA33H
    Category > 1       0.000      0.000    999.000    999.000
 GA33I
    Category > 1       0.000      0.000    999.000    999.000
 GA33K
    Category > 1       0.005      0.010      0.524      0.600
 GA33L
    Category > 1       0.008      0.009      0.914      0.361

Latent Class 4 Compared to Latent Class 7

 GA32A
    Category > 1       0.640      0.195      3.283      0.001
 GA32H
    Category > 1       0.202      0.093      2.180      0.029
 GA32I
    Category > 1       1.000      0.000    999.000    999.000
 GA32K
    Category > 1       0.542      0.323      1.680      0.093
 GA32L
    Category > 1       0.000      0.000    999.000    999.000
 GA33A
    Category > 1       0.879      0.448      1.964      0.050
 GA33H
    Category > 1       0.656      0.351      1.869      0.062
 GA33I
    Category > 1       0.000      0.000    999.000    999.000
 GA33K
    Category > 1       1.471      1.004      1.465      0.143
 GA33L
    Category > 1       0.124      0.089      1.391      0.164

Latent Class 4 Compared to Latent Class 8

 GA32A
    Category > 1       1.044      0.472      2.213      0.027
 GA32H
    Category > 1       1.784      1.127      1.583      0.113
 GA32I
    Category > 1   *********      0.000    999.000    999.000
 GA32K
    Category > 1       0.429      0.477      0.900      0.368
 GA32L
    Category > 1       0.000      0.000    999.000    999.000
 GA33A
    Category > 1       4.481      1.820      2.462      0.014
 GA33H
    Category > 1      25.607     43.085      0.594      0.552
 GA33I
    Category > 1      29.675     17.786      1.668      0.095
 GA33K
    Category > 1       1.722      2.189      0.786      0.432
 GA33L
    Category > 1       1.205      1.519      0.793      0.428

Latent Class 5 Compared to Latent Class 6

 GA32A
    Category > 1       0.056      0.029      1.926      0.054
 GA32H
    Category > 1       0.000      0.006      0.064      0.949
 GA32I
    Category > 1       0.000      0.003      0.145      0.884
 GA32K
    Category > 1       0.001      0.001      0.789      0.430
 GA32L
    Category > 1       0.000      0.001      0.301      0.764
 GA33A
    Category > 1       0.017      0.007      2.530      0.011
 GA33H
    Category > 1       0.000      0.000    999.000    999.000
 GA33I
    Category > 1       0.000      0.000    999.000    999.000
 GA33K
    Category > 1       0.000      0.000    999.000    999.000
 GA33L
    Category > 1       0.000      0.000    999.000    999.000

Latent Class 5 Compared to Latent Class 7

 GA32A
    Category > 1       0.188      0.086      2.183      0.029
 GA32H
    Category > 1       0.019      0.016      1.234      0.217
 GA32I
    Category > 1       0.000      0.000    999.000    999.000
 GA32K
    Category > 1       0.023      0.030      0.760      0.447
 GA32L
    Category > 1       0.000      0.000    999.000    999.000
 GA33A
    Category > 1       0.076      0.040      1.907      0.057
 GA33H
    Category > 1       0.022      0.013      1.715      0.086
 GA33I
    Category > 1       0.000      0.000    999.000    999.000
 GA33K
    Category > 1       0.000      0.000    999.000    999.000
 GA33L
    Category > 1       0.000      0.000    999.000    999.000

Latent Class 5 Compared to Latent Class 8

 GA32A
    Category > 1       0.307      0.216      1.421      0.155
 GA32H
    Category > 1       0.171      0.216      0.790      0.429
 GA32I
    Category > 1       0.243      0.345      0.702      0.482
 GA32K
    Category > 1       0.018      0.020      0.922      0.357
 GA32L
    Category > 1       0.025      0.039      0.642      0.521
 GA33A
    Category > 1       0.385      0.140      2.748      0.006
 GA33H
    Category > 1       0.871      1.592      0.547      0.584
 GA33I
    Category > 1       0.219      0.233      0.942      0.346
 GA33K
    Category > 1       0.000      0.000    999.000    999.000
 GA33L
    Category > 1       0.000      0.000    999.000    999.000

Latent Class 6 Compared to Latent Class 7

 GA32A
    Category > 1       3.340      2.036      1.640      0.101
 GA32H
    Category > 1      46.518    737.132      0.063      0.950
 GA32I
    Category > 1       0.000      0.000    999.000    999.000
 GA32K
    Category > 1      43.939     48.540      0.905      0.365
 GA32L
    Category > 1       0.000      0.000    999.000    999.000
 GA33A
    Category > 1       4.555      2.359      1.930      0.054
 GA33H
    Category > 1   *********      0.000    999.000    999.000
 GA33I
    Category > 1       1.000      0.000    999.000    999.000
 GA33K
    Category > 1     290.303    527.938      0.550      0.582
 GA33L
    Category > 1      15.478     15.910      0.973      0.331

Latent Class 6 Compared to Latent Class 8

 GA32A
    Category > 1       5.450      3.496      1.559      0.119
 GA32H
    Category > 1     409.918   6524.213      0.063      0.950
 GA32I
    Category > 1     489.661   3566.366      0.137      0.891
 GA32K
    Category > 1      34.781     35.583      0.977      0.328
 GA32L
    Category > 1      61.418    228.975      0.268      0.789
 GA33A
    Category > 1      23.218      9.552      2.431      0.015
 GA33H
    Category > 1   *********      0.000    999.000    999.000
 GA33I
    Category > 1   *********      0.000    999.000    999.000
 GA33K
    Category > 1     339.771    795.703      0.427      0.669
 GA33L
    Category > 1     149.964    143.805      1.043      0.297

Latent Class 7 Compared to Latent Class 8

 GA32A
    Category > 1       1.632      0.778      2.098      0.036
 GA32H
    Category > 1       8.812      7.239      1.217      0.223
 GA32I
    Category > 1   *********      0.000    999.000    999.000
 GA32K
    Category > 1       0.792      0.765      1.035      0.301
 GA32L
    Category > 1   *********      0.000    999.000    999.000
 GA33A
    Category > 1       5.098      2.580      1.976      0.048
 GA33H
    Category > 1      39.027     67.134      0.581      0.561
 GA33I
    Category > 1   *********      0.000    999.000    999.000
 GA33K
    Category > 1       1.170      1.806      0.648      0.517
 GA33L
    Category > 1       9.689     13.061      0.742      0.458


QUALITY OF NUMERICAL RESULTS

     Condition Number for the Information Matrix              0.660E-04
       (ratio of smallest to largest eigenvalue)


EQUALITY TESTS OF MEANS ACROSS CLASSES USING POSTERIOR PROBABILITY-BASED
MULTIPLE IMPUTATIONS WITH 7 DEGREE(S) OF FREEDOM FOR THE OVERALL TEST AND
1 DEGREE OF FREEDOM FOR THE PAIRWISE TESTS

STEM
                          Mean       S.E.                          Mean       S.E.

  Class 1                0.116      0.026  Class 2                0.078      0.035
  Class 3                0.079      0.019  Class 4                0.027      0.016
  Class 5                0.022      0.011  Class 6                0.131      0.021
  Class 7                0.113      0.035  Class 8                0.055      0.018

                    Chi-Square     P-Value                   Chi-Square     P-Value

  Overall test          43.873      0.000  Class 1 vs. 2          0.708      0.400
  Class 1 vs. 3          1.236      0.266  Class 1 vs. 4          8.233      0.004
  Class 1 vs. 5         11.056      0.001  Class 1 vs. 6          0.171      0.679
  Class 1 vs. 7          0.003      0.955  Class 1 vs. 8          3.618      0.057
  Class 2 vs. 3          0.001      0.979  Class 2 vs. 4          1.702      0.192
  Class 2 vs. 5          2.441      0.118  Class 2 vs. 6          1.715      0.190
  Class 2 vs. 7          0.492      0.483  Class 2 vs. 8          0.307      0.580
  Class 3 vs. 4          4.168      0.041  Class 3 vs. 5          6.850      0.009
  Class 3 vs. 6          3.278      0.070  Class 3 vs. 7          0.671      0.413
  Class 3 vs. 8          0.712      0.399  Class 4 vs. 5          0.085      0.770
  Class 4 vs. 6         14.364      0.000  Class 4 vs. 7          5.007      0.025
  Class 4 vs. 8          1.280      0.258  Class 5 vs. 6         21.087      0.000
  Class 5 vs. 7          6.145      0.013  Class 5 vs. 8          2.323      0.127
  Class 6 vs. 7          0.171      0.679  Class 6 vs. 8          7.041      0.008
  Class 7 vs. 8          2.113      0.146

STEMSUP
                          Mean       S.E.                          Mean       S.E.

  Class 1                0.213      0.034  Class 2                0.163      0.046
  Class 3                0.124      0.024  Class 4                0.089      0.029
  Class 5                0.064      0.019  Class 6                0.250      0.028
  Class 7                0.210      0.045  Class 8                0.120      0.027

                    Chi-Square     P-Value                   Chi-Square     P-Value

  Overall test          54.991      0.000  Class 1 vs. 2          0.752      0.386
  Class 1 vs. 3          4.490      0.034  Class 1 vs. 4          7.538      0.006
  Class 1 vs. 5         15.202      0.000  Class 1 vs. 6          0.606      0.436
  Class 1 vs. 7          0.003      0.953  Class 1 vs. 8          4.656      0.031
  Class 2 vs. 3          0.541      0.462  Class 2 vs. 4          1.871      0.171
  Class 2 vs. 5          3.971      0.046  Class 2 vs. 6          2.695      0.101
  Class 2 vs. 7          0.545      0.460  Class 2 vs. 8          0.600      0.439
  Class 3 vs. 4          0.889      0.346  Class 3 vs. 5          3.938      0.047
  Class 3 vs. 6         12.337      0.000  Class 3 vs. 7          2.663      0.103
  Class 3 vs. 8          0.010      0.921  Class 4 vs. 5          0.502      0.478
  Class 4 vs. 6         16.320      0.000  Class 4 vs. 7          5.160      0.023
  Class 4 vs. 8          0.648      0.421  Class 5 vs. 6         30.008      0.000
  Class 5 vs. 7          9.400      0.002  Class 5 vs. 8          2.626      0.105
  Class 6 vs. 7          0.555      0.456  Class 6 vs. 8         11.417      0.001
  Class 7 vs. 8          2.812      0.094

ENGINEER
                          Mean       S.E.                          Mean       S.E.

  Class 1                0.032      0.015  Class 2                0.018      0.016
  Class 3                0.030      0.012  Class 4                0.008      0.009
  Class 5                0.015      0.008  Class 6                0.046      0.013
  Class 7                0.011      0.012  Class 8                0.022      0.012

                    Chi-Square     P-Value                   Chi-Square     P-Value

  Overall test          10.424      0.166  Class 1 vs. 2          0.385      0.535
  Class 1 vs. 3          0.016      0.901  Class 1 vs. 4          1.968      0.161
  Class 1 vs. 5          1.090      0.296  Class 1 vs. 6          0.388      0.533
  Class 1 vs. 7          1.156      0.282  Class 1 vs. 8          0.322      0.570
  Class 2 vs. 3          0.338      0.561  Class 2 vs. 4          0.337      0.562
  Class 2 vs. 5          0.045      0.832  Class 2 vs. 6          1.834      0.176
  Class 2 vs. 7          0.144      0.704  Class 2 vs. 8          0.027      0.868
  Class 3 vs. 4          2.388      0.122  Class 3 vs. 5          1.168      0.280
  Class 3 vs. 6          0.805      0.370  Class 3 vs. 7          1.196      0.274
  Class 3 vs. 8          0.211      0.646  Class 4 vs. 5          0.321      0.571
  Class 4 vs. 6          5.674      0.017  Class 4 vs. 7          0.042      0.837
  Class 4 vs. 8          0.836      0.361  Class 5 vs. 6          4.025      0.045
  Class 5 vs. 7          0.064      0.801  Class 5 vs. 8          0.242      0.623
  Class 6 vs. 7          3.679      0.055  Class 6 vs. 8          1.790      0.181
  Class 7 vs. 8          0.418      0.518

MATHG8
                          Mean       S.E.                          Mean       S.E.

  Class 1               55.877      0.772  Class 2               51.402      1.036
  Class 3               55.610      0.616  Class 4               55.856      0.951
  Class 5               51.587      0.652  Class 6               57.522      0.609
  Class 7               56.959      1.144  Class 8               53.994      0.704

                    Chi-Square     P-Value                   Chi-Square     P-Value

  Overall test          78.263      0.000  Class 1 vs. 2         12.043      0.001
  Class 1 vs. 3          0.072      0.788  Class 1 vs. 4          0.000      0.986
  Class 1 vs. 5         17.913      0.000  Class 1 vs. 6          2.585      0.108
  Class 1 vs. 7          0.578      0.447  Class 1 vs. 8          3.098      0.078
  Class 2 vs. 3         12.390      0.000  Class 2 vs. 4          9.895      0.002
  Class 2 vs. 5          0.023      0.881  Class 2 vs. 6         26.183      0.000
  Class 2 vs. 7         12.637      0.000  Class 2 vs. 8          3.886      0.049
  Class 3 vs. 4          0.045      0.831  Class 3 vs. 5         20.867      0.000
  Class 3 vs. 6          4.823      0.028  Class 3 vs. 7          0.989      0.320
  Class 3 vs. 8          2.649      0.104  Class 4 vs. 5         14.048      0.000
  Class 4 vs. 6          2.228      0.136  Class 4 vs. 7          0.539      0.463
  Class 4 vs. 8          2.285      0.131  Class 5 vs. 6         44.507      0.000
  Class 5 vs. 7         15.910      0.000  Class 5 vs. 8          5.562      0.018
  Class 6 vs. 7          0.181      0.670  Class 6 vs. 8         14.086      0.000
  Class 7 vs. 8          5.355      0.021

SCIG8
                          Mean       S.E.                          Mean       S.E.

  Class 1               56.451      0.764  Class 2               52.936      1.111
  Class 3               54.712      0.605  Class 4               56.753      0.891
  Class 5               52.060      0.648  Class 6               58.010      0.622
  Class 7               56.790      1.058  Class 8               53.812      0.696

                    Chi-Square     P-Value                   Chi-Square     P-Value

  Overall test          72.272      0.000  Class 1 vs. 2          6.607      0.010
  Class 1 vs. 3          3.074      0.080  Class 1 vs. 4          0.064      0.800
  Class 1 vs. 5         19.355      0.000  Class 1 vs. 6          2.262      0.133
  Class 1 vs. 7          0.064      0.800  Class 1 vs. 8          6.336      0.012
  Class 2 vs. 3          1.981      0.159  Class 2 vs. 4          7.236      0.007
  Class 2 vs. 5          0.456      0.499  Class 2 vs. 6         16.015      0.000
  Class 2 vs. 7          6.344      0.012  Class 2 vs. 8          0.412      0.521
  Class 3 vs. 4          3.539      0.060  Class 3 vs. 5          9.169      0.002
  Class 3 vs. 6         14.740      0.000  Class 3 vs. 7          2.722      0.099
  Class 3 vs. 8          0.845      0.358  Class 4 vs. 5         18.066      0.000
  Class 4 vs. 6          1.366      0.242  Class 4 vs. 7          0.001      0.979
  Class 4 vs. 8          6.465      0.011  Class 5 vs. 6         43.858      0.000
  Class 5 vs. 7         14.305      0.000  Class 5 vs. 8          3.087      0.079
  Class 6 vs. 7          0.940      0.332  Class 6 vs. 8         19.610      0.000
  Class 7 vs. 8          5.715      0.017



TECHNICAL 11 OUTPUT

     Random Starts Specifications for the k-1 Class Analysis Model
        Number of initial stage random starts                 500
        Number of final stage optimizations                    10



     VUONG-LO-MENDELL-RUBIN LIKELIHOOD RATIO TEST FOR 7 (H0) VERSUS 8 CLASSES

          H0 Loglikelihood Value                       -11608.475
          2 Times the Loglikelihood Difference             72.075
          Difference in the Number of Parameters               11
          Mean                                           -404.603
          Standard Deviation                              765.147
          P-Value                                          0.2666

     LO-MENDELL-RUBIN ADJUSTED LRT TEST

          Value                                            71.237
          P-Value                                          0.2670


TECHNICAL 14 OUTPUT

     Random Starts Specifications for the k-1 Class Analysis Model
        Number of initial stage random starts                 500
        Number of final stage optimizations                    10

     Random Starts Specification for the k-1 Class Model for Generated Data
        Number of initial stage random starts                   0
        Number of final stage optimizations for the
           initial stage random starts                          0
     Random Starts Specification for the k Class Model for Generated Data
        Number of initial stage random starts                  40
        Number of final stage optimizations                     8
     Number of bootstrap draws requested                   Varies


     PARAMETRIC BOOTSTRAPPED LIKELIHOOD RATIO TEST FOR 7 (H0) VERSUS 8 CLASSES

          H0 Loglikelihood Value                       -11608.475
          2 Times the Loglikelihood Difference             72.075
          Difference in the Number of Parameters               11
          Approximate P-Value                              0.0000
          Successful Bootstrap Draws                           10


PLOT INFORMATION

The following plots are available:

  Histograms of sample values
  Scatterplots (sample values)
  Sample proportions and estimated probabilities

DIAGRAM INFORMATION

  Mplus diagrams are currently not available for Mixture analysis.
  No diagram output was produced.


     Beginning Time:  16:42:57
        Ending Time:  16:43:40
       Elapsed Time:  00:00:43



MUTHEN & MUTHEN
3463 Stoner Ave.
Los Angeles, CA  90066

Tel: (310) 391-9971
Fax: (310) 391-8971
Web: www.StatModel.com
Support: Support@StatModel.com

Copyright (c) 1998-2013 Muthen & Muthen
