Mplus VERSION 8.11 (Mac)
MUTHEN & MUTHEN
04/06/2025   9:09 PM

INPUT INSTRUCTIONS

  TITLE:
  6-Class
  DATA:
  FILE = "support.dat";

  VARIABLE:
  NAMES = ResponseId Family PhysPeers NonPhysPeers HSPhysTeach NonPhysFaculty
       PhysFaculty ResearchGrp WiPGroup GIPGroup ReligOrg OtherIdent SocialComm
       MentalHlth Woman Transgender NonBinary White Asian Hispanic Black MidEastern
       NatAmerican PacificIslander InstitutionType AcademicYear Identity;
   MISSING=.;
   categorical = Family-MentalHlth;
  usevar = Family-MentalHlth;
  classes = c(6);
  ANALYSIS:
  estimator = mlr;
      type = mixture;
      starts = 2000 500;
      processors = 10;
  OUTPUT:
  sampstat residual tech11 tech14 svalues;
  PLOT:
  type = plot3;
      series = Family-MentalHlth(*);



*** WARNING in VARIABLE command
  Note that only the first 8 characters of variable names are used in the output.
  Shorten variable names to avoid any confusion.
*** WARNING in PLOT command
  Note that only the first 8 characters of variable names are used in plots.
  If variable names are not unique within the first 8 characters, problems
  may occur.
*** WARNING in OUTPUT command
  SAMPSTAT option is not available when all outcomes are censored, ordered
  categorical, unordered categorical (nominal), count or continuous-time
  survival variables.  Request for SAMPSTAT is ignored.
   3 WARNING(S) FOUND IN THE INPUT INSTRUCTIONS




6-Class

SUMMARY OF ANALYSIS

Number of groups                                                 1
Number of observations                                         567

Number of dependent variables                                   13
Number of independent variables                                  0
Number of continuous latent variables                            0
Number of categorical latent variables                           1

Observed dependent variables

  Binary and ordered categorical (ordinal)
   FAMILY      PHYSPEER    NONPHYSP    HSPHYSTE    NONPHYSF    PHYSFACU
   RESEARCH    WIPGROUP    GIPGROUP    RELIGORG    OTHERIDE    SOCIALCO
   MENTALHL

Categorical latent variables
   C


Estimator                                                      MLR
Information matrix                                        OBSERVED
Optimization Specifications for the Quasi-Newton Algorithm for
Continuous Outcomes
  Maximum number of iterations                                 100
  Convergence criterion                                  0.100D-05
Optimization Specifications for the EM Algorithm
  Maximum number of iterations                                 500
  Convergence criteria
    Loglikelihood change                                 0.100D-06
    Relative loglikelihood change                        0.100D-06
    Derivative                                           0.100D-05
Optimization Specifications for the M step of the EM Algorithm for
Categorical Latent variables
  Number of M step iterations                                    1
  M step convergence criterion                           0.100D-05
  Basis for M step termination                           ITERATION
Optimization Specifications for the M step of the EM Algorithm for
Censored, Binary or Ordered Categorical (Ordinal), Unordered
Categorical (Nominal) and Count Outcomes
  Number of M step iterations                                    1
  M step convergence criterion                           0.100D-05
  Basis for M step termination                           ITERATION
  Maximum value for logit thresholds                            15
  Minimum value for logit thresholds                           -15
  Minimum expected cell size for chi-square              0.100D-01
Maximum number of iterations for H1                           2000
Convergence criterion for H1                             0.100D-03
Optimization algorithm                                         EMA
Random Starts Specifications
  Number of initial stage random starts                       2000
  Number of final stage optimizations                          500
  Number of initial stage iterations                            10
  Initial stage convergence criterion                    0.100D+01
  Random starts scale                                    0.500D+01
  Random seed for generating random starts                       0
Link                                                         LOGIT

Input data file(s)
  support.dat
Input data format  FREE


SUMMARY OF DATA

     Number of missing data patterns             1
     Number of y missing data patterns           0
     Number of u missing data patterns           1


COVARIANCE COVERAGE OF DATA

Minimum covariance coverage value   0.100


UNIVARIATE PROPORTIONS AND COUNTS FOR CATEGORICAL VARIABLES

    FAMILY
      Category 1    0.351          199.000
      Category 2    0.649          368.000
    PHYSPEER
      Category 1    0.146           83.000
      Category 2    0.854          484.000
    NONPHYSP
      Category 1    0.266          151.000
      Category 2    0.734          416.000
    HSPHYSTE
      Category 1    0.755          428.000
      Category 2    0.245          139.000
    NONPHYSF
      Category 1    0.764          433.000
      Category 2    0.236          134.000
    PHYSFACU
      Category 1    0.259          147.000
      Category 2    0.741          420.000
    RESEARCH
      Category 1    0.462          262.000
      Category 2    0.538          305.000
    WIPGROUP
      Category 1    0.492          279.000
      Category 2    0.508          288.000
    GIPGROUP
      Category 1    0.727          412.000
      Category 2    0.273          155.000
    RELIGORG
      Category 1    0.922          523.000
      Category 2    0.078           44.000
    OTHERIDE
      Category 1    0.961          545.000
      Category 2    0.039           22.000
    SOCIALCO
      Category 1    0.778          441.000
      Category 2    0.222          126.000
    MENTALHL
      Category 1    0.788          447.000
      Category 2    0.212          120.000


RANDOM STARTS RESULTS RANKED FROM THE BEST TO THE WORST LOGLIKELIHOOD VALUES

Final stage loglikelihood values at local maxima, seeds, and initial stage start numbers:

           -3542.472  217415           1240
           -3542.472  2850             1110
           -3542.472  860940           1797
           -3542.472  848331           137
           -3542.472  769907           457
           -3542.472  540747           1394
           -3542.472  695486           1500
           -3542.472  180370           1652
           -3542.472  428783           1176
           -3542.472  9311             1597
           -3542.502  887580           493
           -3542.502  494149           815
           -3542.502  440841           118
           -3542.502  282464           283
           -3542.502  210870           383
           -3542.508  830529           279
           -3542.508  192071           142
           -3542.508  165382           1816
           -3542.508  941525           609
           -3542.508  427363           1966
           -3542.528  51011            1111
           -3542.681  251680           794
           -3543.568  18366            1473
           -3543.620  881886           608
           -3543.654  331259           1947
           -3543.754  869564           869
           -3544.163  628997           1188
           -3544.231  172913           557
           -3544.273  835162           1038
           -3544.675  884242           957
           -3545.343  856737           1241
           -3545.343  92564            583
           -3545.874  402699           604
           -3546.599  553953           1595
           -3546.755  578623           1849
           -3546.966  812408           1705
           -3547.244  462228           298
           -3547.508  51375            148
           -3547.679  739486           1699
           -3547.738  609185           181
           -3548.185  569131           26
           -3548.187  246575           291
           -3549.553  940533           764
           -3549.903  339073           841
           -3550.200  277373           1374
           -3550.537  59296            1534
           -3550.665  848590           694
           -3551.677  699810           571
           -3552.387  137877           1679
           -3552.507  420910           928
           -3553.918  131202           1575
           -3555.238  602032           648
           -3565.704  197385           1259

447 perturbed starting value run(s) did not converge or were rejected in the third stage.



THE BEST LOGLIKELIHOOD VALUE HAS BEEN REPLICATED.  RERUN WITH AT LEAST TWICE THE
RANDOM STARTS TO CHECK THAT THE BEST LOGLIKELIHOOD IS STILL OBTAINED AND REPLICATED.

     IN THE OPTIMIZATION, ONE OR MORE LOGIT THRESHOLDS APPROACHED EXTREME VALUES
     OF -15.000 AND 15.000 AND WERE FIXED TO STABILIZE MODEL ESTIMATION.  THESE
     VALUES IMPLY PROBABILITIES OF 0 AND 1.  IN THE MODEL RESULTS SECTION, THESE
     PARAMETERS HAVE 0 STANDARD ERRORS AND 999 IN THE Z-SCORE AND P-VALUE COLUMNS.




THE MODEL ESTIMATION TERMINATED NORMALLY



MODEL FIT INFORMATION

Number of Free Parameters                       83

Loglikelihood

          H0 Value                       -3542.472
          H0 Scaling Correction Factor      1.1264
            for MLR

Information Criteria

          Akaike (AIC)                    7250.944
          Bayesian (BIC)                  7611.194
          Sample-Size Adjusted BIC        7347.708
            (n* = (n + 2) / 24)

Chi-Square Test of Model Fit for the Binary and Ordered Categorical
(Ordinal) Outcomes**

          Pearson Chi-Square

          Value                           2131.200
          Degrees of Freedom                  8101
          P-Value                           1.0000

          Likelihood Ratio Chi-Square

          Value                            904.735
          Degrees of Freedom                  8101
          P-Value                           1.0000

** Of the 8192 cells in the latent class indicator table, 7
   were deleted in the calculation of chi-square due to extreme values.



FINAL CLASS COUNTS AND PROPORTIONS FOR THE LATENT CLASSES
BASED ON THE ESTIMATED MODEL

    Latent
   Classes

       1         92.15391          0.16253
       2         25.28209          0.04459
       3         18.14663          0.03200
       4        182.55470          0.32197
       5        126.29839          0.22275
       6        122.56427          0.21616


FINAL CLASS COUNTS AND PROPORTIONS FOR THE LATENT CLASSES
BASED ON ESTIMATED POSTERIOR PROBABILITIES

    Latent
   Classes

       1         92.15391          0.16253
       2         25.28209          0.04459
       3         18.14663          0.03200
       4        182.55470          0.32197
       5        126.29839          0.22275
       6        122.56427          0.21616


FINAL CLASS COUNTS AND PROPORTIONS FOR THE LATENT CLASSES
BASED ON THEIR MOST LIKELY LATENT CLASS MEMBERSHIP

Class Counts and Proportions

    Latent
   Classes

       1               80          0.14109
       2               25          0.04409
       3               16          0.02822
       4              200          0.35273
       5              122          0.21517
       6              124          0.21869


CLASSIFICATION QUALITY

     Entropy                         0.794


Average Latent Class Probabilities for Most Likely Latent Class Membership (Row)
by Latent Class (Column)

           1        2        3        4        5        6

    1   0.761    0.018    0.012    0.190    0.019    0.000
    2   0.076    0.773    0.000    0.038    0.000    0.114
    3   0.001    0.026    0.812    0.023    0.012    0.125
    4   0.141    0.006    0.001    0.785    0.067    0.000
    5   0.010    0.000    0.004    0.074    0.912    0.000
    6   0.000    0.023    0.028    0.000    0.000    0.949


Classification Probabilities for the Most Likely Latent Class Membership (Column)
by Latent Class (Row)

           1        2        3        4        5        6

    1   0.661    0.021    0.000    0.305    0.013    0.000
    2   0.056    0.764    0.017    0.051    0.000    0.112
    3   0.051    0.000    0.716    0.014    0.029    0.190
    4   0.083    0.005    0.002    0.860    0.049    0.000
    5   0.012    0.000    0.002    0.105    0.881    0.000
    6   0.000    0.023    0.016    0.000    0.000    0.960


Logits for the Classification Probabilities for the Most Likely Latent Class Membership (Column)
by Latent Class (Row)

              1        2        3        4        5        6

    1     13.401    9.932    5.520   12.628    9.494    0.000
    2     -0.684    1.921   -1.900   -0.794   -6.941    0.000
    3     -1.312  -12.156    1.325   -2.610   -1.891    0.000
    4     11.329    8.545    7.615   13.665   10.807    0.000
    5      9.421    0.979    7.332   11.565   13.689    0.000
    6    -13.775   -3.722   -4.075  -13.775  -13.775    0.000


MODEL RESULTS

                                                    Two-Tailed
                    Estimate       S.E.  Est./S.E.    P-Value

Latent Class 1

 Thresholds
    FAMILY$1          -3.048      1.252     -2.435      0.015
    PHYSPEER$1       -15.000      0.000    999.000    999.000
    NONPHYSP$1       -15.000      0.000    999.000    999.000
    HSPHYSTE$1         0.001      0.607      0.002      0.998
    NONPHYSF$1         0.199      0.495      0.403      0.687
    PHYSFACU$1        -1.748      0.477     -3.664      0.000
    RESEARCH$1         0.434      0.521      0.833      0.405
    WIPGROUP$1         0.246      0.437      0.563      0.573
    GIPGROUP$1        15.000      0.000    999.000    999.000
    RELIGORG$1         1.758      0.485      3.627      0.000
    OTHERIDE$1         3.335      0.990      3.370      0.001
    SOCIALCO$1         0.394      0.397      0.992      0.321
    MENTALHL$1         1.259      0.378      3.330      0.001

Latent Class 2

 Thresholds
    FAMILY$1          -0.855      0.898     -0.952      0.341
    PHYSPEER$1        -3.209      1.545     -2.077      0.038
    NONPHYSP$1       -15.000      0.000    999.000    999.000
    HSPHYSTE$1        -0.708      1.900     -0.373      0.709
    NONPHYSF$1        -0.761      1.527     -0.499      0.618
    PHYSFACU$1       -15.000      0.000    999.000    999.000
    RESEARCH$1        -2.209      2.639     -0.837      0.403
    WIPGROUP$1        -2.698      2.980     -0.906      0.365
    GIPGROUP$1        -0.983      0.839     -1.171      0.242
    RELIGORG$1         1.935      0.847      2.283      0.022
    OTHERIDE$1         1.999      0.972      2.057      0.040
    SOCIALCO$1       -15.000      0.000    999.000    999.000
    MENTALHL$1         0.453      0.710      0.638      0.523

Latent Class 3

 Thresholds
    FAMILY$1          -1.508      1.125     -1.341      0.180
    PHYSPEER$1        -0.870      0.868     -1.002      0.317
    NONPHYSP$1        -0.620      0.725     -0.855      0.392
    HSPHYSTE$1        15.000      0.000    999.000    999.000
    NONPHYSF$1         0.328      0.747      0.439      0.661
    PHYSFACU$1         0.103      1.084      0.095      0.925
    RESEARCH$1        15.000      0.000    999.000    999.000
    WIPGROUP$1        -1.399      1.084     -1.291      0.197
    GIPGROUP$1        -1.229      0.959     -1.282      0.200
    RELIGORG$1         2.091      1.043      2.005      0.045
    OTHERIDE$1         0.931      0.720      1.294      0.196
    SOCIALCO$1        -0.947      0.924     -1.025      0.305
    MENTALHL$1         0.770      0.700      1.101      0.271

Latent Class 4

 Thresholds
    FAMILY$1          -0.633      0.298     -2.125      0.034
    PHYSPEER$1        -2.654      0.435     -6.098      0.000
    NONPHYSP$1        -1.000      0.326     -3.069      0.002
    HSPHYSTE$1         1.426      0.275      5.181      0.000
    NONPHYSF$1         1.372      0.339      4.053      0.000
    PHYSFACU$1        -2.453      0.591     -4.149      0.000
    RESEARCH$1        -1.289      0.537     -2.399      0.016
    WIPGROUP$1         0.328      0.237      1.382      0.167
    GIPGROUP$1        15.000      0.000    999.000    999.000
    RELIGORG$1         2.240      0.405      5.537      0.000
    OTHERIDE$1         3.277      0.539      6.085      0.000
    SOCIALCO$1         1.931      0.402      4.809      0.000
    MENTALHL$1         1.224      0.239      5.129      0.000

Latent Class 5

 Thresholds
    FAMILY$1           0.413      0.211      1.958      0.050
    PHYSPEER$1        -0.032      0.214     -0.152      0.880
    NONPHYSP$1         0.600      0.230      2.605      0.009
    HSPHYSTE$1         1.469      0.253      5.811      0.000
    NONPHYSF$1         2.691      0.463      5.815      0.000
    PHYSFACU$1         1.200      0.360      3.337      0.001
    RESEARCH$1         1.719      0.383      4.490      0.000
    WIPGROUP$1         1.343      0.277      4.855      0.000
    GIPGROUP$1        15.000      0.000    999.000    999.000
    RELIGORG$1         3.169      0.526      6.021      0.000
    OTHERIDE$1         4.908      1.140      4.306      0.000
    SOCIALCO$1         3.069      0.547      5.608      0.000
    MENTALHL$1         2.078      0.356      5.845      0.000

Latent Class 6

 Thresholds
    FAMILY$1          -0.556      0.272     -2.042      0.041
    PHYSPEER$1        -3.861      0.770     -5.015      0.000
    NONPHYSP$1        -2.049      0.319     -6.421      0.000
    HSPHYSTE$1         1.824      0.315      5.791      0.000
    NONPHYSF$1         1.481      0.294      5.035      0.000
    PHYSFACU$1        -2.198      0.370     -5.933      0.000
    RESEARCH$1        -0.766      0.249     -3.081      0.002
    WIPGROUP$1        -1.908      0.387     -4.931      0.000
    GIPGROUP$1       -15.000      0.000    999.000    999.000
    RELIGORG$1         3.830      0.795      4.820      0.000
    OTHERIDE$1         3.645      0.878      4.151      0.000
    SOCIALCO$1         1.531      0.812      1.886      0.059
    MENTALHL$1         1.193      0.287      4.162      0.000

Categorical Latent Variables

 Means
    C#1               -0.285      0.382     -0.746      0.456
    C#2               -1.579      0.965     -1.637      0.102
    C#3               -1.910      0.519     -3.681      0.000
    C#4                0.398      0.268      1.489      0.136
    C#5                0.030      0.202      0.148      0.882


QUALITY OF NUMERICAL RESULTS

     Condition Number for the Information Matrix              0.190E-02
       (ratio of smallest to largest eigenvalue)


RESULTS IN PROBABILITY SCALE

                                                    Two-Tailed
                    Estimate       S.E.  Est./S.E.    P-Value

Latent Class 1

 FAMILY
    Category 1         0.045      0.054      0.837      0.403
    Category 2         0.955      0.054     17.634      0.000
 PHYSPEERS
    Category 1         0.000      0.000      0.000      1.000
    Category 2         1.000      0.000      0.000      1.000
 NONPHYSPEE
    Category 1         0.000      0.000      0.000      1.000
    Category 2         1.000      0.000      0.000      1.000
 HSPHYSTEAC
    Category 1         0.500      0.152      3.298      0.001
    Category 2         0.500      0.152      3.294      0.001
 NONPHYSFAC
    Category 1         0.550      0.123      4.486      0.000
    Category 2         0.450      0.123      3.675      0.000
 PHYSFACULT
    Category 1         0.148      0.060      2.462      0.014
    Category 2         0.852      0.060     14.133      0.000
 RESEARCHGR
    Category 1         0.607      0.124      4.882      0.000
    Category 2         0.393      0.124      3.163      0.002
 WIPGROUP
    Category 1         0.561      0.108      5.216      0.000
    Category 2         0.439      0.108      4.077      0.000
 GIPGROUP
    Category 1         1.000      0.000      0.000      1.000
    Category 2         0.000      0.000      0.000      1.000
 RELIGORG
    Category 1         0.853      0.061     14.032      0.000
    Category 2         0.147      0.061      2.419      0.016
 OTHERIDENT
    Category 1         0.966      0.033     29.384      0.000
    Category 2         0.034      0.033      1.046      0.295
 SOCIALCOMM
    Category 1         0.597      0.096      6.251      0.000
    Category 2         0.403      0.096      4.215      0.000
 MENTALHLTH
    Category 1         0.779      0.065     11.962      0.000
    Category 2         0.221      0.065      3.396      0.001

Latent Class 2

 FAMILY
    Category 1         0.298      0.188      1.587      0.112
    Category 2         0.702      0.188      3.732      0.000
 PHYSPEERS
    Category 1         0.039      0.058      0.673      0.501
    Category 2         0.961      0.058     16.665      0.000
 NONPHYSPEE
    Category 1         0.000      0.000      0.000      1.000
    Category 2         1.000      0.000      0.000      1.000
 HSPHYSTEAC
    Category 1         0.330      0.420      0.786      0.432
    Category 2         0.670      0.420      1.595      0.111
 NONPHYSFAC
    Category 1         0.318      0.331      0.961      0.337
    Category 2         0.682      0.331      2.057      0.040
 PHYSFACULT
    Category 1         0.000      0.000      0.000      1.000
    Category 2         1.000      0.000      0.000      1.000
 RESEARCHGR
    Category 1         0.099      0.235      0.421      0.674
    Category 2         0.901      0.235      3.830      0.000
 WIPGROUP
    Category 1         0.063      0.176      0.358      0.720
    Category 2         0.937      0.176      5.320      0.000
 GIPGROUP
    Category 1         0.272      0.166      1.637      0.102
    Category 2         0.728      0.166      4.374      0.000
 RELIGORG
    Category 1         0.874      0.093      9.350      0.000
    Category 2         0.126      0.093      1.351      0.177
 OTHERIDENT
    Category 1         0.881      0.102      8.623      0.000
    Category 2         0.119      0.102      1.169      0.243
 SOCIALCOMM
    Category 1         0.000      0.000      0.000      1.000
    Category 2         1.000      0.000      0.000      1.000
 MENTALHLTH
    Category 1         0.611      0.169      3.623      0.000
    Category 2         0.389      0.169      2.302      0.021

Latent Class 3

 FAMILY
    Category 1         0.181      0.167      1.086      0.277
    Category 2         0.819      0.167      4.906      0.000
 PHYSPEERS
    Category 1         0.295      0.181      1.634      0.102
    Category 2         0.705      0.181      3.900      0.000
 NONPHYSPEE
    Category 1         0.350      0.165      2.123      0.034
    Category 2         0.650      0.165      3.945      0.000
 HSPHYSTEAC
    Category 1         1.000      0.000      0.000      1.000
    Category 2         0.000      0.000      0.000      1.000
 NONPHYSFAC
    Category 1         0.581      0.182      3.198      0.001
    Category 2         0.419      0.182      2.305      0.021
 PHYSFACULT
    Category 1         0.526      0.270      1.945      0.052
    Category 2         0.474      0.270      1.755      0.079
 RESEARCHGR
    Category 1         1.000      0.000      0.000      1.000
    Category 2         0.000      0.000      0.000      1.000
 WIPGROUP
    Category 1         0.198      0.172      1.150      0.250
    Category 2         0.802      0.172      4.660      0.000
 GIPGROUP
    Category 1         0.226      0.168      1.348      0.178
    Category 2         0.774      0.168      4.607      0.000
 RELIGORG
    Category 1         0.890      0.102      8.720      0.000
    Category 2         0.110      0.102      1.077      0.281
 OTHERIDENT
    Category 1         0.717      0.146      4.914      0.000
    Category 2         0.283      0.146      1.937      0.053
 SOCIALCOMM
    Category 1         0.280      0.186      1.503      0.133
    Category 2         0.720      0.186      3.873      0.000
 MENTALHLTH
    Category 1         0.683      0.151      4.517      0.000
    Category 2         0.317      0.151      2.091      0.036

Latent Class 4

 FAMILY
    Category 1         0.347      0.067      5.144      0.000
    Category 2         0.653      0.067      9.683      0.000
 PHYSPEERS
    Category 1         0.066      0.027      2.460      0.014
    Category 2         0.934      0.027     34.943      0.000
 NONPHYSPEE
    Category 1         0.269      0.064      4.200      0.000
    Category 2         0.731      0.064     11.414      0.000
 HSPHYSTEAC
    Category 1         0.806      0.043     18.756      0.000
    Category 2         0.194      0.043      4.506      0.000
 NONPHYSFAC
    Category 1         0.798      0.055     14.601      0.000
    Category 2         0.202      0.055      3.702      0.000
 PHYSFACULT
    Category 1         0.079      0.043      1.837      0.066
    Category 2         0.921      0.043     21.345      0.000
 RESEARCHGR
    Category 1         0.216      0.091      2.374      0.018
    Category 2         0.784      0.091      8.615      0.000
 WIPGROUP
    Category 1         0.581      0.058     10.064      0.000
    Category 2         0.419      0.058      7.250      0.000
 GIPGROUP
    Category 1         1.000      0.000      0.000      1.000
    Category 2         0.000      0.000      0.000      1.000
 RELIGORG
    Category 1         0.904      0.035     25.691      0.000
    Category 2         0.096      0.035      2.735      0.006
 OTHERIDENT
    Category 1         0.964      0.019     51.064      0.000
    Category 2         0.036      0.019      1.927      0.054
 SOCIALCOMM
    Category 1         0.873      0.044     19.666      0.000
    Category 2         0.127      0.044      2.852      0.004
 MENTALHLTH
    Category 1         0.773      0.042     18.442      0.000
    Category 2         0.227      0.042      5.423      0.000

Latent Class 5

 FAMILY
    Category 1         0.602      0.050     11.915      0.000
    Category 2         0.398      0.050      7.888      0.000
 PHYSPEERS
    Category 1         0.492      0.053      9.215      0.000
    Category 2         0.508      0.053      9.518      0.000
 NONPHYSPEE
    Category 1         0.646      0.053     12.250      0.000
    Category 2         0.354      0.053      6.722      0.000
 HSPHYSTEAC
    Category 1         0.813      0.038     21.146      0.000
    Category 2         0.187      0.038      4.865      0.000
 NONPHYSFAC
    Category 1         0.936      0.028     34.022      0.000
    Category 2         0.064      0.028      2.308      0.021
 PHYSFACULT
    Category 1         0.769      0.064     12.014      0.000
    Category 2         0.231      0.064      3.617      0.000
 RESEARCHGR
    Category 1         0.848      0.049     17.186      0.000
    Category 2         0.152      0.049      3.080      0.002
 WIPGROUP
    Category 1         0.793      0.045     17.461      0.000
    Category 2         0.207      0.045      4.560      0.000
 GIPGROUP
    Category 1         1.000      0.000      0.000      1.000
    Category 2         0.000      0.000      0.000      1.000
 RELIGORG
    Category 1         0.960      0.020     47.098      0.000
    Category 2         0.040      0.020      1.979      0.048
 OTHERIDENT
    Category 1         0.993      0.008    119.634      0.000
    Category 2         0.007      0.008      0.884      0.377
 SOCIALCOMM
    Category 1         0.956      0.023     41.160      0.000
    Category 2         0.044      0.023      1.912      0.056
 MENTALHLTH
    Category 1         0.889      0.035     25.286      0.000
    Category 2         0.111      0.035      3.164      0.002

Latent Class 6

 FAMILY
    Category 1         0.364      0.063      5.776      0.000
    Category 2         0.636      0.063     10.074      0.000
 PHYSPEERS
    Category 1         0.021      0.016      1.326      0.185
    Category 2         0.979      0.016     63.010      0.000
 NONPHYSPEE
    Category 1         0.114      0.032      3.538      0.000
    Category 2         0.886      0.032     27.450      0.000
 HSPHYSTEAC
    Category 1         0.861      0.038     22.849      0.000
    Category 2         0.139      0.038      3.688      0.000
 NONPHYSFAC
    Category 1         0.815      0.044     18.347      0.000
    Category 2         0.185      0.044      4.174      0.000
 PHYSFACULT
    Category 1         0.100      0.033      3.000      0.003
    Category 2         0.900      0.033     27.007      0.000
 RESEARCHGR
    Category 1         0.317      0.054      5.889      0.000
    Category 2         0.683      0.054     12.672      0.000
 WIPGROUP
    Category 1         0.129      0.044      2.967      0.003
    Category 2         0.871      0.044     20.007      0.000
 GIPGROUP
    Category 1         0.000      0.000      0.000      1.000
    Category 2         1.000      0.000      0.000      1.000
 RELIGORG
    Category 1         0.979      0.017     59.233      0.000
    Category 2         0.021      0.017      1.286      0.199
 OTHERIDENT
    Category 1         0.975      0.022     44.729      0.000
    Category 2         0.025      0.022      1.169      0.243
 SOCIALCOMM
    Category 1         0.822      0.119      6.924      0.000
    Category 2         0.178      0.119      1.499      0.134
 MENTALHLTH
    Category 1         0.767      0.051     14.991      0.000
    Category 2         0.233      0.051      4.546      0.000


LATENT CLASS INDICATOR ODDS RATIOS FOR THE LATENT CLASSES

                                                95% C.I.
                    Estimate       S.E.  Lower 2.5% Upper 2.5%

Latent Class 1 Compared to Latent Class 2

 FAMILY
    Category > 1       8.965     14.295      0.394    204.087
 PHYSPEER
    Category > 1   *********      0.000  *********  *********
 NONPHYSP
    Category > 1       1.000      0.000      1.000      1.000
 HSPHYSTE
    Category > 1       0.492      1.018      0.009     28.427
 NONPHYSF
    Category > 1       0.383      0.636      0.015      9.936
 PHYSFACU
    Category > 1       0.000      0.000      0.000      0.000
 RESEARCH
    Category > 1       0.071      0.192      0.000     13.978
 WIPGROUP
    Category > 1       0.053      0.159      0.000     19.325
 GIPGROUP
    Category > 1       0.000      0.000      0.000      0.000
 RELIGORG
    Category > 1       1.193      1.191      0.169      8.443
 OTHERIDE
    Category > 1       0.263      0.397      0.014      5.066
 SOCIALCO
    Category > 1       0.000      0.000      0.000      0.000
 MENTALHL
    Category > 1       0.447      0.368      0.089      2.247

Latent Class 1 Compared to Latent Class 3

 FAMILY
    Category > 1       4.666      7.735      0.181    120.259
 PHYSPEER
    Category > 1   *********      0.000  *********  *********
 NONPHYSP
    Category > 1   *********      0.000  *********  *********
 HSPHYSTE
    Category > 1   *********      0.000  *********  *********
 NONPHYSF
    Category > 1       1.137      1.036      0.190      6.788
 PHYSFACU
    Category > 1       6.361      7.682      0.596     67.842
 RESEARCH
    Category > 1   *********      0.000  *********  *********
 WIPGROUP
    Category > 1       0.193      0.227      0.019      1.940
 GIPGROUP
    Category > 1       0.000      0.000      0.000      0.000
 RELIGORG
    Category > 1       1.396      1.632      0.141     13.807
 OTHERIDE
    Category > 1       0.090      0.111      0.008      1.001
 SOCIALCO
    Category > 1       0.262      0.263      0.036      1.882
 MENTALHL
    Category > 1       0.613      0.498      0.125      3.012

Latent Class 1 Compared to Latent Class 4

 FAMILY
    Category > 1      11.197     14.761      0.845    148.340
 PHYSPEER
    Category > 1   *********      0.000  *********  *********
 NONPHYSP
    Category > 1   *********      0.000  *********  *********
 HSPHYSTE
    Category > 1       4.157      3.146      0.943     18.324
 NONPHYSF
    Category > 1       3.231      2.318      0.792     13.180
 PHYSFACU
    Category > 1       0.494      0.452      0.082      2.963
 RESEARCH
    Category > 1       0.179      0.151      0.034      0.933
 WIPGROUP
    Category > 1       1.085      0.661      0.329      3.581
 GIPGROUP
    Category > 1       1.000      0.000      1.000      1.000
 RELIGORG
    Category > 1       1.620      1.271      0.348      7.536
 OTHERIDE
    Category > 1       0.944      1.254      0.070     12.765
 SOCIALCO
    Category > 1       4.650      2.480      1.635     13.224
 MENTALHL
    Category > 1       0.966      0.504      0.347      2.685

Latent Class 1 Compared to Latent Class 5

 FAMILY
    Category > 1      31.839     40.668      2.604    389.231
 PHYSPEER
    Category > 1   *********      0.000  *********  *********
 NONPHYSP
    Category > 1   *********      0.000  *********  *********
 HSPHYSTE
    Category > 1       4.341      2.875      1.185     15.895
 NONPHYSF
    Category > 1      12.078      7.799      3.407     42.817
 PHYSFACU
    Category > 1      19.065     10.282      6.625     54.864
 RESEARCH
    Category > 1       3.614      2.344      1.014     12.886
 WIPGROUP
    Category > 1       2.994      1.511      1.113      8.053
 GIPGROUP
    Category > 1       1.000      0.000      1.000      1.000
 RELIGORG
    Category > 1       4.103      2.798      1.078     15.618
 OTHERIDE
    Category > 1       4.820      7.272      0.251     92.728
 SOCIALCO
    Category > 1      14.516     10.014      3.755     56.115
 MENTALHL
    Category > 1       2.269      1.140      0.847      6.076

Latent Class 1 Compared to Latent Class 6

 FAMILY
    Category > 1      12.085     15.594      0.964    151.580
 PHYSPEER
    Category > 1   68802.812      0.000  68802.812  68802.812
 NONPHYSP
    Category > 1   *********      0.000  *********  *********
 HSPHYSTE
    Category > 1       6.188      4.179      1.647     23.249
 NONPHYSF
    Category > 1       3.602      2.116      1.139     11.392
 PHYSFACU
    Category > 1       0.638      0.377      0.200      2.034
 RESEARCH
    Category > 1       0.301      0.174      0.097      0.932
 WIPGROUP
    Category > 1       0.116      0.067      0.037      0.361
 GIPGROUP
    Category > 1       0.000      0.000      0.000      0.000
 RELIGORG
    Category > 1       7.944      7.308      1.309     48.202
 OTHERIDE
    Category > 1       1.363      1.717      0.115     16.112
 SOCIALCO
    Category > 1       3.116      2.725      0.561     17.297
 MENTALHL
    Category > 1       0.936      0.429      0.382      2.297

Latent Class 2 Compared to Latent Class 3

 FAMILY
    Category > 1       0.520      0.754      0.030      8.915
 PHYSPEER
    Category > 1      10.372     17.501      0.380    283.241
 NONPHYSP
    Category > 1   *********      0.000  *********  *********
 HSPHYSTE
    Category > 1   *********      0.000  *********  *********
 NONPHYSF
    Category > 1       2.971      4.130      0.195     45.312
 PHYSFACU
    Category > 1   *********      0.000  *********  *********
 RESEARCH
    Category > 1   *********      0.000  *********  *********
 WIPGROUP
    Category > 1       3.666     10.165      0.016    839.811
 GIPGROUP
    Category > 1       0.782      1.002      0.063      9.636
 RELIGORG
    Category > 1       1.170      1.740      0.063     21.593
 OTHERIDE
    Category > 1       0.344      0.414      0.032      3.645
 SOCIALCO
    Category > 1   *********      0.000  *********  *********
 MENTALHL
    Category > 1       1.373      1.391      0.188      9.997

Latent Class 2 Compared to Latent Class 4

 FAMILY
    Category > 1       1.249      1.180      0.196      7.959
 PHYSPEER
    Category > 1       1.742      2.824      0.073     41.774
 NONPHYSP
    Category > 1   *********      0.000  *********  *********
 HSPHYSTE
    Category > 1       8.452     16.156      0.199    358.157
 NONPHYSF
    Category > 1       8.445     13.123      0.402    177.522
 PHYSFACU
    Category > 1   *********      0.000  *********  *********
 RESEARCH
    Category > 1       2.510      6.769      0.013    495.648
 WIPGROUP
    Category > 1      20.614     60.986      0.062   6799.284
 GIPGROUP
    Category > 1   *********      0.000  *********  *********
 RELIGORG
    Category > 1       1.357      1.298      0.208      8.851
 OTHERIDE
    Category > 1       3.592      3.946      0.417     30.930
 SOCIALCO
    Category > 1   *********      0.000  *********  *********
 MENTALHL
    Category > 1       2.161      1.669      0.476      9.814

Latent Class 2 Compared to Latent Class 5

 FAMILY
    Category > 1       3.552      3.299      0.575     21.933
 PHYSPEER
    Category > 1      23.960     37.631      1.103    520.449
 NONPHYSP
    Category > 1   *********      0.000  *********  *********
 HSPHYSTE
    Category > 1       8.825     16.958      0.204    381.381
 NONPHYSF
    Category > 1      31.568     50.109      1.406    708.614
 PHYSFACU
    Category > 1   *********      0.000  *********  *********
 RESEARCH
    Category > 1      50.816    134.837      0.280   9218.461
 WIPGROUP
    Category > 1      56.864    170.008      0.162  19941.580
 GIPGROUP
    Category > 1   *********      0.000  *********  *********
 RELIGORG
    Category > 1       3.438      3.416      0.490     24.101
 OTHERIDE
    Category > 1      18.346     27.501      0.972    346.352
 SOCIALCO
    Category > 1   *********      0.000  *********  *********
 MENTALHL
    Category > 1       5.079      4.029      1.073     24.042

Latent Class 2 Compared to Latent Class 6

 FAMILY
    Category > 1       1.348      1.429      0.169     10.763
 PHYSPEER
    Category > 1       0.521      0.963      0.014     19.523
 NONPHYSP
    Category > 1   *********      0.000  *********  *********
 HSPHYSTE
    Category > 1      12.581     24.191      0.290    545.110
 NONPHYSF
    Category > 1       9.413     14.036      0.506    174.969
 PHYSFACU
    Category > 1   *********      0.000  *********  *********
 RESEARCH
    Category > 1       4.233     11.578      0.020    901.566
 WIPGROUP
    Category > 1       2.202      7.122      0.004   1246.375
 GIPGROUP
    Category > 1       0.000      0.000      0.000      0.000
 RELIGORG
    Category > 1       6.657      9.084      0.459     96.566
 OTHERIDE
    Category > 1       5.187      7.920      0.260    103.435
 SOCIALCO
    Category > 1   *********      0.000  *********  *********
 MENTALHL
    Category > 1       2.096      1.814      0.384     11.437

Latent Class 3 Compared to Latent Class 4

 FAMILY
    Category > 1       2.400      2.776      0.249     23.165
 PHYSPEER
    Category > 1       0.168      0.164      0.025      1.134
 NONPHYSP
    Category > 1       0.684      0.545      0.143      3.263
 HSPHYSTE
    Category > 1       0.000      0.000      0.000      0.000
 NONPHYSF
    Category > 1       2.842      2.331      0.570     14.179
 PHYSFACU
    Category > 1       0.078      0.096      0.007      0.887
 RESEARCH
    Category > 1       0.000      0.000      0.000      0.000
 WIPGROUP
    Category > 1       5.623      6.127      0.664     47.585
 GIPGROUP
    Category > 1   *********      0.000  *********  *********
 RELIGORG
    Category > 1       1.161      1.266      0.137      9.852
 OTHERIDE
    Category > 1      10.445      9.230      1.848     59.033
 SOCIALCO
    Category > 1      17.771     18.162      2.398    131.717
 MENTALHL
    Category > 1       1.575      1.165      0.370      6.710

Latent Class 3 Compared to Latent Class 5

 FAMILY
    Category > 1       6.824      7.832      0.720     64.714
 PHYSPEER
    Category > 1       2.310      2.092      0.391     13.633
 NONPHYSP
    Category > 1       3.387      2.595      0.755     15.206
 HSPHYSTE
    Category > 1       0.000      0.000      0.000      0.000
 NONPHYSF
    Category > 1      10.625      9.266      1.923     58.706
 PHYSFACU
    Category > 1       2.997      3.478      0.308     29.145
 RESEARCH
    Category > 1       0.000      0.000      0.000      0.000
 WIPGROUP
    Category > 1      15.510     17.447      1.710    140.645
 GIPGROUP
    Category > 1   *********      0.000  *********  *********
 RELIGORG
    Category > 1       2.940      3.456      0.293     29.456
 OTHERIDE
    Category > 1      53.350     72.559      3.711    767.060
 SOCIALCO
    Category > 1      55.476     60.435      6.558    469.262
 MENTALHL
    Category > 1       3.700      2.936      0.781     17.523

Latent Class 3 Compared to Latent Class 6

 FAMILY
    Category > 1       2.590      3.196      0.231     29.080
 PHYSPEER
    Category > 1       0.050      0.067      0.004      0.674
 NONPHYSP
    Category > 1       0.240      0.202      0.046      1.251
 HSPHYSTE
    Category > 1       0.000      0.000      0.000      0.000
 NONPHYSF
    Category > 1       3.168      2.618      0.627     16.005
 PHYSFACU
    Category > 1       0.100      0.127      0.008      1.207
 RESEARCH
    Category > 1       0.000      0.000      0.000      0.000
 WIPGROUP
    Category > 1       0.601      0.784      0.046      7.767
 GIPGROUP
    Category > 1       0.000      0.000      0.000      0.000
 RELIGORG
    Category > 1       5.692      6.728      0.561     57.735
 OTHERIDE
    Category > 1      15.083     17.744      1.503    151.320
 SOCIALCO
    Category > 1      11.907     15.610      0.912    155.509
 MENTALHL
    Category > 1       1.527      1.212      0.322      7.231

Latent Class 4 Compared to Latent Class 5

 FAMILY
    Category > 1       2.844      1.121      1.313      6.159
 PHYSPEER
    Category > 1      13.754      6.659      5.325     35.524
 NONPHYSP
    Category > 1       4.952      2.100      2.157     11.369
 HSPHYSTE
    Category > 1       1.044      0.415      0.479      2.277
 NONPHYSF
    Category > 1       3.738      2.323      1.106     12.639
 PHYSFACU
    Category > 1      38.583     28.074      9.269    160.607
 RESEARCH
    Category > 1      20.243     14.488      4.978     82.317
 WIPGROUP
    Category > 1       2.759      1.073      1.287      5.913
 GIPGROUP
    Category > 1       1.000      0.000      1.000      1.000
 RELIGORG
    Category > 1       2.533      1.822      0.618     10.373
 OTHERIDE
    Category > 1       5.108      6.547      0.414     63.006
 SOCIALCO
    Category > 1       3.122      2.243      0.763     12.767
 MENTALHL
    Category > 1       2.350      1.092      0.945      5.842

Latent Class 4 Compared to Latent Class 6

 FAMILY
    Category > 1       1.079      0.439      0.487      2.394
 PHYSPEER
    Category > 1       0.299      0.264      0.053      1.685
 NONPHYSP
    Category > 1       0.350      0.157      0.145      0.844
 HSPHYSTE
    Category > 1       1.489      0.628      0.651      3.401
 NONPHYSF
    Category > 1       1.115      0.488      0.472      2.631
 PHYSFACU
    Category > 1       1.290      0.889      0.335      4.977
 RESEARCH
    Category > 1       1.686      0.993      0.532      5.349
 WIPGROUP
    Category > 1       0.107      0.050      0.042      0.270
 GIPGROUP
    Category > 1       0.000      0.000      0.000      0.000
 RELIGORG
    Category > 1       4.904      4.303      0.879     27.377
 OTHERIDE
    Category > 1       1.444      1.466      0.197     10.568
 SOCIALCO
    Category > 1       0.670      0.518      0.147      3.051
 MENTALHL
    Category > 1       0.970      0.347      0.481      1.956

Latent Class 5 Compared to Latent Class 6

 FAMILY
    Category > 1       0.380      0.128      0.195      0.737
 PHYSPEER
    Category > 1       0.022      0.017      0.005      0.103
 NONPHYSP
    Category > 1       0.071      0.028      0.033      0.152
 HSPHYSTE
    Category > 1       1.426      0.575      0.647      3.143
 NONPHYSF
    Category > 1       0.298      0.165      0.101      0.881
 PHYSFACU
    Category > 1       0.033      0.017      0.013      0.089
 RESEARCH
    Category > 1       0.083      0.038      0.034      0.205
 WIPGROUP
    Category > 1       0.039      0.018      0.015      0.098
 GIPGROUP
    Category > 1       0.000      0.000      0.000      0.000
 RELIGORG
    Category > 1       1.936      1.848      0.298     12.574
 OTHERIDE
    Category > 1       0.283      0.406      0.017      4.709
 SOCIALCO
    Category > 1       0.215      0.210      0.031      1.463
 MENTALHL
    Category > 1       0.413      0.188      0.169      1.008


MODEL COMMAND WITH FINAL ESTIMATES USED AS STARTING VALUES

     %OVERALL%

     [ c#1*-0.28518 ];
     [ c#2*-1.57854 ];
     [ c#3*-1.91015 ];
     [ c#4*0.39841 ];
     [ c#5*0.03001 ];

     %C#1%

     [ family$1*-3.04818 ];
     [ physpeers$1*-15 ];
     [ nonphyspeers$1*-15 ];
     [ hsphysteach$1*0.00136 ];
     [ nonphysfaculty$1*0.19926 ];
     [ physfaculty$1*-1.74759 ];
     [ researchgrp$1*0.43414 ];
     [ wipgroup$1*0.24625 ];
     [ gipgroup$1*15 ];
     [ religorg$1*1.75783 ];
     [ otherident$1*3.33521 ];
     [ socialcomm$1*0.39410 ];
     [ mentalhlth$1*1.25898 ];

     %C#2%

     [ family$1*-0.85486 ];
     [ physpeers$1*-3.20876 ];
     [ nonphyspeers$1*-15 ];
     [ hsphysteach$1*-0.70823 ];
     [ nonphysfaculty$1*-0.76147 ];
     [ physfaculty$1*-15 ];
     [ researchgrp$1*-2.20921 ];
     [ wipgroup$1*-2.69797 ];
     [ gipgroup$1*-0.98269 ];
     [ religorg$1*1.93462 ];
     [ otherident$1*1.99862 ];
     [ socialcomm$1*-15 ];
     [ mentalhlth$1*0.45321 ];

     %C#3%

     [ family$1*-1.50791 ];
     [ physpeers$1*-0.86967 ];
     [ nonphyspeers$1*-0.61986 ];
     [ hsphysteach$1*15 ];
     [ nonphysfaculty$1*0.32752 ];
     [ physfaculty$1*0.10257 ];
     [ researchgrp$1*15 ];
     [ wipgroup$1*-1.39878 ];
     [ gipgroup$1*-1.22910 ];
     [ religorg$1*2.09120 ];
     [ otherident$1*0.93115 ];
     [ socialcomm$1*-0.94658 ];
     [ mentalhlth$1*0.76987 ];

     %C#4%

     [ family$1*-0.63256 ];
     [ physpeers$1*-2.65367 ];
     [ nonphyspeers$1*-0.99969 ];
     [ hsphysteach$1*1.42615 ];
     [ nonphysfaculty$1*1.37215 ];
     [ physfaculty$1*-2.45254 ];
     [ researchgrp$1*-1.28881 ];
     [ wipgroup$1*0.32800 ];
     [ gipgroup$1*15 ];
     [ religorg$1*2.24009 ];
     [ otherident$1*3.27732 ];
     [ socialcomm$1*1.93099 ];
     [ mentalhlth$1*1.22393 ];

     %C#5%

     [ family$1*0.41252 ];
     [ physpeers$1*-0.03237 ];
     [ nonphyspeers$1*0.60016 ];
     [ hsphysteach$1*1.46936 ];
     [ nonphysfaculty$1*2.69069 ];
     [ physfaculty$1*1.20028 ];
     [ researchgrp$1*1.71900 ];
     [ wipgroup$1*1.34269 ];
     [ gipgroup$1*15 ];
     [ religorg$1*3.16945 ];
     [ otherident$1*4.90803 ];
     [ socialcomm$1*3.06937 ];
     [ mentalhlth$1*2.07829 ];

     %C#6%

     [ family$1*-0.55621 ];
     [ physpeers$1*-3.86100 ];
     [ nonphyspeers$1*-2.04873 ];
     [ hsphysteach$1*1.82395 ];
     [ nonphysfaculty$1*1.48065 ];
     [ physfaculty$1*-2.19754 ];
     [ researchgrp$1*-0.76638 ];
     [ wipgroup$1*-1.90842 ];
     [ gipgroup$1*-15 ];
     [ religorg$1*3.83024 ];
     [ otherident$1*3.64473 ];
     [ socialcomm$1*1.53052 ];
     [ mentalhlth$1*1.19316 ];



RESIDUAL OUTPUT


     RESIDUAL OUTPUT IS NOT AVAILABLE FOR THIS MODEL.  ADDITIONAL OUTPUT FOR
     CATEGORICAL, COUNT, AND NOMINAL VARIABLES MAY BE AVAILABLE USING TECH10.


TECHNICAL 11 OUTPUT

     Random Starts Specifications for the k-1 Class Analysis Model
        Number of initial stage random starts                2000
        Number of final stage optimizations                   500



     VUONG-LO-MENDELL-RUBIN LIKELIHOOD RATIO TEST FOR 5 (H0) VERSUS 6 CLASSES

          H0 Loglikelihood Value                        -3558.808
          2 Times the Loglikelihood Difference             32.672
          Difference in the Number of Parameters               14
          Mean                                             -3.459
          Standard Deviation                               99.525
          P-Value                                          0.3402

     LO-MENDELL-RUBIN ADJUSTED LRT TEST

          Value                                            32.308
          P-Value                                          0.3426


TECHNICAL 14 OUTPUT

     Random Starts Specifications for the k-1 Class Analysis Model
        Number of initial stage random starts                2000
        Number of final stage optimizations                   500

     Random Starts Specification for the k-1 Class Model for Generated Data
        Number of initial stage random starts                   0
        Number of final stage optimizations for the
           initial stage random starts                          0
     Random Starts Specification for the k Class Model for Generated Data
        Number of initial stage random starts                  40
        Number of final stage optimizations                     8
     Number of bootstrap draws requested                   Varies


     PARAMETRIC BOOTSTRAPPED LIKELIHOOD RATIO TEST FOR 5 (H0) VERSUS 6 CLASSES

          H0 Loglikelihood Value                        -3558.808
          2 Times the Loglikelihood Difference             32.672
          Difference in the Number of Parameters               14
          Approximate P-Value                              0.1429
          Successful Bootstrap Draws                           42


PLOT INFORMATION

The following plots are available:

  Histograms (sample values)
  Scatterplots (sample values)
  Sample proportions and estimated probabilities

     Beginning Time:  21:09:43
        Ending Time:  21:10:35
       Elapsed Time:  00:00:52



MUTHEN & MUTHEN
3463 Stoner Ave.
Los Angeles, CA  90066

Tel: (310) 391-9971
Fax: (310) 391-8971
Web: www.StatModel.com
Support: Support@StatModel.com

Copyright (c) 1998-2024 Muthen & Muthen
