Mplus VERSION 8.11
MUTHEN & MUTHEN
08/22/2025   1:30 PM

INPUT INSTRUCTIONS

  TITLE:
  Step 2 LTA with Fixed Logits — No Covariates
  DATA:
  FILE = "C:/Users/dnajiarch/Box/lca-bookdown/tc_lta/lta_enum/step2_lta.dat";
  VARIABLE:
  NAMES = N1 N2 N3;
   MISSING=.;

    USEVAR = n1 n2 n3;
    NOMINAL = n1 n2 n3;
    MISSING = all(9999);
    CLASSES = c1(4) c2(4) c3(4);
  ANALYSIS:

    TYPE = mixture;
    STARTS = 0;
  MODEL:
  MODEL c1:
    %c1#1%
      [n1#1@4.058];
      [n1#2@-9.697];
      [n1#3@0.942];
    %c1#2%
      [n1#1@-4.854];
      [n1#2@2.207];
      [n1#3@-0.502];
    %c1#3%
      [n1#1@-0.593];
      [n1#2@-1.396];
      [n1#3@1.364];
    %c1#4%
      [n1#1@-3.12];
      [n1#2@-3.624];
      [n1#3@-2.533];

  MODEL c2:
    %c2#1%
      [n2#1@4.652];
      [n2#2@-3.542];
      [n2#3@1.389];
    %c2#2%
      [n2#1@-4.422];
      [n2#2@3.46];
      [n2#3@0.507];
    %c2#3%
      [n2#1@-0.218];
      [n2#2@-0.715];
      [n2#3@1.906];
    %c2#4%
      [n2#1@-3.259];
      [n2#2@-3.167];
      [n2#3@-2.371];

  MODEL c3:
    %c3#1%
      [n3#1@4.46];
      [n3#2@-2.065];
      [n3#3@1.05];
    %c3#2%
      [n3#1@-3.304];
      [n3#2@3.383];
      [n3#3@0.155];
    %c3#3%
      [n3#1@-0.093];
      [n3#2@-0.636];
      [n3#3@1.922];
    %c3#4%
      [n3#1@-2.943];
      [n3#2@-2.971];
      [n3#3@-2.433];
  OUTPUT:
  svalues; tech11; tech14;



*** WARNING in OUTPUT command
  TECH11 option is not available for TYPE=MIXTURE with more than one
  categorical latent variable.  Request for TECH11 is ignored.
*** WARNING in OUTPUT command
  TECH14 option is not available for TYPE=MIXTURE with more than one
  categorical latent variable.  Request for TECH14 is ignored.
   2 WARNING(S) FOUND IN THE INPUT INSTRUCTIONS




Step 2 LTA with Fixed Logits — No Covariates

SUMMARY OF ANALYSIS

Number of groups                                                 1
Number of observations                                        1886

Number of dependent variables                                    3
Number of independent variables                                  0
Number of continuous latent variables                            0
Number of categorical latent variables                           3

Observed dependent variables

  Unordered categorical (nominal)
   N1          N2          N3

Categorical latent variables
   C1          C2          C3


Estimator                                                      MLR
Information matrix                                        OBSERVED
Optimization Specifications for the Quasi-Newton Algorithm for
Continuous Outcomes
  Maximum number of iterations                                 100
  Convergence criterion                                  0.100D-05
Optimization Specifications for the EM Algorithm
  Maximum number of iterations                                 500
  Convergence criteria
    Loglikelihood change                                 0.100D-03
    Relative loglikelihood change                        0.100D-05
    Derivative                                           0.100D-03
Optimization Specifications for the M step of the EM Algorithm for
Categorical Latent variables
  Number of M step iterations                                    1
  M step convergence criterion                           0.100D-03
  Basis for M step termination                           ITERATION
Optimization Specifications for the M step of the EM Algorithm for
Censored, Binary or Ordered Categorical (Ordinal), Unordered
Categorical (Nominal) and Count Outcomes
  Number of M step iterations                                    1
  M step convergence criterion                           0.100D-03
  Basis for M step termination                           ITERATION
  Maximum value for logit thresholds                            15
  Minimum value for logit thresholds                           -15
  Minimum expected cell size for chi-square              0.100D-01
Maximum number of iterations for H1                           2000
Convergence criterion for H1                             0.100D-03
Optimization algorithm                                         EMA
Parameterization                                             LOGIT

Input data file(s)
  C:/Users/dnajiarch/Box/lca-bookdown/tc_lta/lta_enum/step2_lta.dat
Input data format  FREE


SUMMARY OF DATA



COVARIANCE COVERAGE OF DATA

Minimum covariance coverage value   0.100


UNIVARIATE PROPORTIONS AND COUNTS FOR CATEGORICAL VARIABLES

    N1
      Category 1    0.331          625.000
      Category 2    0.120          226.000
      Category 3    0.193          364.000
      Category 4    0.356          671.000
    N2
      Category 1    0.338          513.000
      Category 2    0.206          313.000
      Category 3    0.209          317.000
      Category 4    0.247          374.000
    N3
      Category 1    0.355          393.000
      Category 2    0.221          245.000
      Category 3    0.201          223.000
      Category 4    0.222          246.000



THE MODEL ESTIMATION TERMINATED NORMALLY



MODEL FIT INFORMATION

Number of Free Parameters                        9

Loglikelihood

          H0 Value                       -6036.005
          H0 Scaling Correction Factor      0.9999
            for MLR

Information Criteria

          Akaike (AIC)                   12090.010
          Bayesian (BIC)                 12139.890
          Sample-Size Adjusted BIC       12111.297
            (n* = (n + 2) / 24)



FINAL CLASS COUNTS AND PROPORTIONS FOR EACH LATENT CLASS VARIABLE
BASED ON THE ESTIMATED MODEL

  Latent Class
    Variable    Class

    C1             1       594.50903          0.31522
                   2       227.30206          0.12052
                   3       410.66107          0.21774
                   4       653.52783          0.34652
    C2             1       612.53516          0.32478
                   2       378.38583          0.20063
                   3       423.84860          0.22473
                   4       471.23035          0.24986
    C3             1       636.53455          0.33751
                   2       402.02472          0.21316
                   3       426.35483          0.22606
                   4       421.08594          0.22327


CLASSIFICATION QUALITY

     Entropy                         0.513


LATENT TRANSITION PROBABILITIES BASED ON THE ESTIMATED MODEL

  C1 Classes (Rows) by C2 Classes (Columns)

            1        2        3        4

   1     0.325    0.201    0.225    0.250
   2     0.325    0.201    0.225    0.250
   3     0.325    0.201    0.225    0.250
   4     0.325    0.201    0.225    0.250

  C2 Classes (Rows) by C3 Classes (Columns)

            1        2        3        4

   1     0.338    0.213    0.226    0.223
   2     0.338    0.213    0.226    0.223
   3     0.338    0.213    0.226    0.223
   4     0.338    0.213    0.226    0.223


TRANSITION PROBABILITY ODDS

     TRANSITION TABLE ODDS AND 95% CONFIDENCE INTERVALS FOR C1 TO C2
        1.000(1.000,1.000)   0.618(0.529,0.722)   0.692(0.578,0.829)   0.769(0.659,0.898)
        1.619(1.386,1.891)   1.000(1.000,1.000)   1.120(0.919,1.366)   1.245(1.043,1.487)
        1.445(1.206,1.731)   0.893(0.732,1.089)   1.000(1.000,1.000)   1.112(0.905,1.365)
        1.300(1.114,1.517)   0.803(0.672,0.959)   0.899(0.733,1.104)   1.000(1.000,1.000)

     TRANSITION TABLE ODDS AND 95% CONFIDENCE INTERVALS FOR C2 TO C3
        1.000(1.000,1.000)   0.632(0.529,0.754)   0.670(0.544,0.825)   0.662(0.547,0.800)
        1.583(1.326,1.891)   1.000(1.000,1.000)   1.061(0.846,1.329)   1.047(0.846,1.297)
        1.493(1.212,1.838)   0.943(0.752,1.182)   1.000(1.000,1.000)   0.988(0.772,1.263)
        1.512(1.250,1.828)   0.955(0.771,1.182)   1.013(0.792,1.295)   1.000(1.000,1.000)


C-SPECIFIC CLASSIFICATION RESULTS

Classification Quality for C1

     Entropy                         0.612

Average Latent Class Probabilities for Most Likely Latent Class Membership (Row)
by Latent Class (Column)

           1        2        3        4

    1   0.896    0.000    0.064    0.040
    2   0.000    0.854    0.079    0.067
    3   0.068    0.035    0.773    0.124
    4   0.014    0.032    0.107    0.847


Classification Probabilities for the Most Likely Latent Class Membership (Column)
by Latent Class (Row)

           1        2        3        4

    1   0.942    0.000    0.042    0.016
    2   0.001    0.849    0.057    0.093
    3   0.097    0.043    0.685    0.175
    4   0.038    0.023    0.069    0.869


Logits for the Classification Probabilities for the Most Likely Latent Class Membership (Column)
by Latent Class (Row)

              1        2        3        4

    1      4.058   -9.697    0.942    0.000
    2     -4.854    2.207   -0.502    0.000
    3     -0.593   -1.396    1.364    0.000
    4     -3.120   -3.624   -2.533    0.000

Classification Quality for C2

     Entropy                         0.535

Average Latent Class Probabilities for Most Likely Latent Class Membership (Row)
by Latent Class (Column)

           1        2        3        4

    1   0.669    0.084    0.128    0.119
    2   0.000    0.897    0.059    0.043
    3   0.057    0.046    0.802    0.095
    4   0.012    0.024    0.101    0.863


Classification Probabilities for the Most Likely Latent Class Membership (Column)
by Latent Class (Row)

           1        2        3        4

    1   0.963    0.000    0.029    0.007
    2   0.196    0.742    0.039    0.023
    3   0.267    0.044    0.600    0.089
    4   0.222    0.029    0.064    0.685


Logits for the Classification Probabilities for the Most Likely Latent Class Membership (Column)
by Latent Class (Row)

              1        2        3        4

    1      4.879   -3.542    1.389    0.000
    2      2.128    3.460    0.507    0.000
    3      1.098   -0.715    1.906    0.000
    4     -1.127   -3.167   -2.371    0.000

Classification Quality for C3

     Entropy                         0.391

Average Latent Class Probabilities for Most Likely Latent Class Membership (Row)
by Latent Class (Column)

           1        2        3        4

    1   0.529    0.142    0.171    0.158
    2   0.002    0.896    0.058    0.043
    3   0.053    0.039    0.827    0.082
    4   0.017    0.030    0.110    0.843


Classification Probabilities for the Most Likely Latent Class Membership (Column)
by Latent Class (Row)

           1        2        3        4

    1   0.974    0.001    0.019    0.006
    2   0.414    0.546    0.022    0.019
    3   0.471    0.034    0.432    0.063
    4   0.439    0.025    0.043    0.493


Logits for the Classification Probabilities for the Most Likely Latent Class Membership (Column)
by Latent Class (Row)

              1        2        3        4

    1      5.012   -2.065    1.049    0.000
    2      3.105    3.383    0.154    0.000
    3      2.006   -0.636    1.921    0.000
    4     -0.115   -2.971   -2.434    0.000


MODEL RESULTS

                                                    Two-Tailed
                    Estimate       S.E.  Est./S.E.    P-Value

Parameters for Class-specific Model Parts of C1

Latent Class C1#1

 Means
    N1#1               4.058      0.000    999.000    999.000
    N1#2              -9.697      0.000    999.000    999.000
    N1#3               0.942      0.000    999.000    999.000

Latent Class C1#2

 Means
    N1#1              -4.854      0.000    999.000    999.000
    N1#2               2.207      0.000    999.000    999.000
    N1#3              -0.502      0.000    999.000    999.000

Latent Class C1#3

 Means
    N1#1              -0.593      0.000    999.000    999.000
    N1#2              -1.396      0.000    999.000    999.000
    N1#3               1.364      0.000    999.000    999.000

Latent Class C1#4

 Means
    N1#1              -3.120      0.000    999.000    999.000
    N1#2              -3.624      0.000    999.000    999.000
    N1#3              -2.533      0.000    999.000    999.000

Parameters for Class-specific Model Parts of C2

Latent Class C2#1

 Means
    N2#1               4.652      0.000    999.000    999.000
    N2#2              -3.542      0.000    999.000    999.000
    N2#3               1.389      0.000    999.000    999.000

Latent Class C2#2

 Means
    N2#1              -4.422      0.000    999.000    999.000
    N2#2               3.460      0.000    999.000    999.000
    N2#3               0.507      0.000    999.000    999.000

Latent Class C2#3

 Means
    N2#1              -0.218      0.000    999.000    999.000
    N2#2              -0.715      0.000    999.000    999.000
    N2#3               1.906      0.000    999.000    999.000

Latent Class C2#4

 Means
    N2#1              -3.259      0.000    999.000    999.000
    N2#2              -3.167      0.000    999.000    999.000
    N2#3              -2.371      0.000    999.000    999.000

Parameters for Class-specific Model Parts of C3

Latent Class C3#1

 Means
    N3#1               4.460      0.000    999.000    999.000
    N3#2              -2.065      0.000    999.000    999.000
    N3#3               1.050      0.000    999.000    999.000

Latent Class C3#2

 Means
    N3#1              -3.304      0.000    999.000    999.000
    N3#2               3.383      0.000    999.000    999.000
    N3#3               0.155      0.000    999.000    999.000

Latent Class C3#3

 Means
    N3#1              -0.093      0.000    999.000    999.000
    N3#2              -0.636      0.000    999.000    999.000
    N3#3               1.922      0.000    999.000    999.000

Latent Class C3#4

 Means
    N3#1              -2.943      0.000    999.000    999.000
    N3#2              -2.971      0.000    999.000    999.000
    N3#3              -2.433      0.000    999.000    999.000

Categorical Latent Variables

 Means
    C1#1              -0.095      0.066     -1.428      0.153
    C1#2              -1.056      0.095    -11.121      0.000
    C1#3              -0.465      0.095     -4.881      0.000
    C2#1               0.262      0.079      3.324      0.001
    C2#2              -0.219      0.091     -2.424      0.015
    C2#3              -0.106      0.105     -1.012      0.312
    C3#1               0.413      0.097      4.263      0.000
    C3#2              -0.046      0.109     -0.425      0.671
    C3#3               0.012      0.125      0.099      0.921


QUALITY OF NUMERICAL RESULTS

     Condition Number for the Information Matrix              0.749E-01
       (ratio of smallest to largest eigenvalue)


RESULTS IN PROBABILITY SCALE

                                                    Two-Tailed
                    Estimate       S.E.  Est./S.E.    P-Value

Latent Class Pattern 1 1 1

 N1
    Category 1         0.942      0.002    489.989      0.000
    Category 2         0.000      0.000    489.989      0.000
    Category 3         0.042      0.000    489.989      0.000
    Category 4         0.016      0.002      8.109      0.000
 N2
    Category 1         0.954      0.001    876.169      0.000
    Category 2         0.000      0.000    876.169      0.000
    Category 3         0.037      0.000    876.169      0.000
    Category 4         0.009      0.001      8.050      0.000
 N3
    Category 1         0.956      0.001    721.713      0.000
    Category 2         0.001      0.000    721.713      0.000
    Category 3         0.032      0.000    721.713      0.000
    Category 4         0.011      0.001      8.066      0.000

Latent Class Pattern 1 1 2

 N1
    Category 1         0.942      0.002    489.989      0.000
    Category 2         0.000      0.000    489.989      0.000
    Category 3         0.042      0.000    489.989      0.000
    Category 4         0.016      0.002      8.109      0.000
 N2
    Category 1         0.954      0.001    876.169      0.000
    Category 2         0.000      0.000    876.169      0.000
    Category 3         0.037      0.000    876.169      0.000
    Category 4         0.009      0.001      8.050      0.000
 N3
    Category 1         0.001      0.000    252.585      0.000
    Category 2         0.930      0.004    252.585      0.000
    Category 3         0.037      0.000    252.585      0.000
    Category 4         0.032      0.004      8.237      0.000

Latent Class Pattern 1 1 3

 N1
    Category 1         0.942      0.002    489.989      0.000
    Category 2         0.000      0.000    489.989      0.000
    Category 3         0.042      0.000    489.989      0.000
    Category 4         0.016      0.002      8.109      0.000
 N2
    Category 1         0.954      0.001    876.169      0.000
    Category 2         0.000      0.000    876.169      0.000
    Category 3         0.037      0.000    876.169      0.000
    Category 4         0.009      0.001      8.050      0.000
 N3
    Category 1         0.098      0.001     73.990      0.000
    Category 2         0.057      0.001     73.990      0.000
    Category 3         0.737      0.010     73.990      0.000
    Category 4         0.108      0.012      8.941      0.000

Latent Class Pattern 1 1 4

 N1
    Category 1         0.942      0.002    489.989      0.000
    Category 2         0.000      0.000    489.989      0.000
    Category 3         0.042      0.000    489.989      0.000
    Category 4         0.016      0.002      8.109      0.000
 N2
    Category 1         0.954      0.001    876.169      0.000
    Category 2         0.000      0.000    876.169      0.000
    Category 3         0.037      0.000    876.169      0.000
    Category 4         0.009      0.001      8.050      0.000
 N3
    Category 1         0.044      0.005      9.507      0.000
    Category 2         0.043      0.005      9.507      0.000
    Category 3         0.074      0.008      9.507      0.000
    Category 4         0.839      0.017     49.583      0.000

Latent Class Pattern 1 2 1

 N1
    Category 1         0.942      0.002    489.989      0.000
    Category 2         0.000      0.000    489.989      0.000
    Category 3         0.042      0.000    489.989      0.000
    Category 4         0.016      0.002      8.109      0.000
 N2
    Category 1         0.000      0.000    275.128      0.000
    Category 2         0.923      0.003    275.128      0.000
    Category 3         0.048      0.000    275.128      0.000
    Category 4         0.029      0.004      8.215      0.000
 N3
    Category 1         0.956      0.001    721.713      0.000
    Category 2         0.001      0.000    721.713      0.000
    Category 3         0.032      0.000    721.713      0.000
    Category 4         0.011      0.001      8.066      0.000

Latent Class Pattern 1 2 2

 N1
    Category 1         0.942      0.002    489.989      0.000
    Category 2         0.000      0.000    489.989      0.000
    Category 3         0.042      0.000    489.989      0.000
    Category 4         0.016      0.002      8.109      0.000
 N2
    Category 1         0.000      0.000    275.128      0.000
    Category 2         0.923      0.003    275.128      0.000
    Category 3         0.048      0.000    275.128      0.000
    Category 4         0.029      0.004      8.215      0.000
 N3
    Category 1         0.001      0.000    252.585      0.000
    Category 2         0.930      0.004    252.585      0.000
    Category 3         0.037      0.000    252.585      0.000
    Category 4         0.032      0.004      8.237      0.000

Latent Class Pattern 1 2 3

 N1
    Category 1         0.942      0.002    489.989      0.000
    Category 2         0.000      0.000    489.989      0.000
    Category 3         0.042      0.000    489.989      0.000
    Category 4         0.016      0.002      8.109      0.000
 N2
    Category 1         0.000      0.000    275.128      0.000
    Category 2         0.923      0.003    275.128      0.000
    Category 3         0.048      0.000    275.128      0.000
    Category 4         0.029      0.004      8.215      0.000
 N3
    Category 1         0.098      0.001     73.990      0.000
    Category 2         0.057      0.001     73.990      0.000
    Category 3         0.737      0.010     73.990      0.000
    Category 4         0.108      0.012      8.941      0.000

Latent Class Pattern 1 2 4

 N1
    Category 1         0.942      0.002    489.989      0.000
    Category 2         0.000      0.000    489.989      0.000
    Category 3         0.042      0.000    489.989      0.000
    Category 4         0.016      0.002      8.109      0.000
 N2
    Category 1         0.000      0.000    275.128      0.000
    Category 2         0.923      0.003    275.128      0.000
    Category 3         0.048      0.000    275.128      0.000
    Category 4         0.029      0.004      8.215      0.000
 N3
    Category 1         0.044      0.005      9.507      0.000
    Category 2         0.043      0.005      9.507      0.000
    Category 3         0.074      0.008      9.507      0.000
    Category 4         0.839      0.017     49.583      0.000

Latent Class Pattern 1 3 1

 N1
    Category 1         0.942      0.002    489.989      0.000
    Category 2         0.000      0.000    489.989      0.000
    Category 3         0.042      0.000    489.989      0.000
    Category 4         0.016      0.002      8.109      0.000
 N2
    Category 1         0.089      0.001     71.950      0.000
    Category 2         0.054      0.001     71.950      0.000
    Category 3         0.746      0.010     71.950      0.000
    Category 4         0.111      0.012      8.972      0.000
 N3
    Category 1         0.956      0.001    721.713      0.000
    Category 2         0.001      0.000    721.713      0.000
    Category 3         0.032      0.000    721.713      0.000
    Category 4         0.011      0.001      8.066      0.000

Latent Class Pattern 1 3 2

 N1
    Category 1         0.942      0.002    489.989      0.000
    Category 2         0.000      0.000    489.989      0.000
    Category 3         0.042      0.000    489.989      0.000
    Category 4         0.016      0.002      8.109      0.000
 N2
    Category 1         0.089      0.001     71.950      0.000
    Category 2         0.054      0.001     71.950      0.000
    Category 3         0.746      0.010     71.950      0.000
    Category 4         0.111      0.012      8.972      0.000
 N3
    Category 1         0.001      0.000    252.585      0.000
    Category 2         0.930      0.004    252.585      0.000
    Category 3         0.037      0.000    252.585      0.000
    Category 4         0.032      0.004      8.237      0.000

Latent Class Pattern 1 3 3

 N1
    Category 1         0.942      0.002    489.989      0.000
    Category 2         0.000      0.000    489.989      0.000
    Category 3         0.042      0.000    489.989      0.000
    Category 4         0.016      0.002      8.109      0.000
 N2
    Category 1         0.089      0.001     71.950      0.000
    Category 2         0.054      0.001     71.950      0.000
    Category 3         0.746      0.010     71.950      0.000
    Category 4         0.111      0.012      8.972      0.000
 N3
    Category 1         0.098      0.001     73.990      0.000
    Category 2         0.057      0.001     73.990      0.000
    Category 3         0.737      0.010     73.990      0.000
    Category 4         0.108      0.012      8.941      0.000

Latent Class Pattern 1 3 4

 N1
    Category 1         0.942      0.002    489.989      0.000
    Category 2         0.000      0.000    489.989      0.000
    Category 3         0.042      0.000    489.989      0.000
    Category 4         0.016      0.002      8.109      0.000
 N2
    Category 1         0.089      0.001     71.950      0.000
    Category 2         0.054      0.001     71.950      0.000
    Category 3         0.746      0.010     71.950      0.000
    Category 4         0.111      0.012      8.972      0.000
 N3
    Category 1         0.044      0.005      9.507      0.000
    Category 2         0.043      0.005      9.507      0.000
    Category 3         0.074      0.008      9.507      0.000
    Category 4         0.839      0.017     49.583      0.000

Latent Class Pattern 1 4 1

 N1
    Category 1         0.942      0.002    489.989      0.000
    Category 2         0.000      0.000    489.989      0.000
    Category 3         0.042      0.000    489.989      0.000
    Category 4         0.016      0.002      8.109      0.000
 N2
    Category 1         0.033      0.003      9.365      0.000
    Category 2         0.036      0.004      9.365      0.000
    Category 3         0.080      0.008      9.365      0.000
    Category 4         0.852      0.016     53.838      0.000
 N3
    Category 1         0.956      0.001    721.713      0.000
    Category 2         0.001      0.000    721.713      0.000
    Category 3         0.032      0.000    721.713      0.000
    Category 4         0.011      0.001      8.066      0.000

Latent Class Pattern 1 4 2

 N1
    Category 1         0.942      0.002    489.989      0.000
    Category 2         0.000      0.000    489.989      0.000
    Category 3         0.042      0.000    489.989      0.000
    Category 4         0.016      0.002      8.109      0.000
 N2
    Category 1         0.033      0.003      9.365      0.000
    Category 2         0.036      0.004      9.365      0.000
    Category 3         0.080      0.008      9.365      0.000
    Category 4         0.852      0.016     53.838      0.000
 N3
    Category 1         0.001      0.000    252.585      0.000
    Category 2         0.930      0.004    252.585      0.000
    Category 3         0.037      0.000    252.585      0.000
    Category 4         0.032      0.004      8.237      0.000

Latent Class Pattern 1 4 3

 N1
    Category 1         0.942      0.002    489.989      0.000
    Category 2         0.000      0.000    489.989      0.000
    Category 3         0.042      0.000    489.989      0.000
    Category 4         0.016      0.002      8.109      0.000
 N2
    Category 1         0.033      0.003      9.365      0.000
    Category 2         0.036      0.004      9.365      0.000
    Category 3         0.080      0.008      9.365      0.000
    Category 4         0.852      0.016     53.838      0.000
 N3
    Category 1         0.098      0.001     73.990      0.000
    Category 2         0.057      0.001     73.990      0.000
    Category 3         0.737      0.010     73.990      0.000
    Category 4         0.108      0.012      8.941      0.000

Latent Class Pattern 1 4 4

 N1
    Category 1         0.942      0.002    489.989      0.000
    Category 2         0.000      0.000    489.989      0.000
    Category 3         0.042      0.000    489.989      0.000
    Category 4         0.016      0.002      8.109      0.000
 N2
    Category 1         0.033      0.003      9.365      0.000
    Category 2         0.036      0.004      9.365      0.000
    Category 3         0.080      0.008      9.365      0.000
    Category 4         0.852      0.016     53.838      0.000
 N3
    Category 1         0.044      0.005      9.507      0.000
    Category 2         0.043      0.005      9.507      0.000
    Category 3         0.074      0.008      9.507      0.000
    Category 4         0.839      0.017     49.583      0.000

Latent Class Pattern 2 1 1

 N1
    Category 1         0.001      0.000     85.368      0.000
    Category 2         0.849      0.010     85.368      0.000
    Category 3         0.057      0.001     85.368      0.000
    Category 4         0.093      0.011      8.799      0.000
 N2
    Category 1         0.954      0.001    876.169      0.000
    Category 2         0.000      0.000    876.169      0.000
    Category 3         0.037      0.000    876.169      0.000
    Category 4         0.009      0.001      8.050      0.000
 N3
    Category 1         0.956      0.001    721.713      0.000
    Category 2         0.001      0.000    721.713      0.000
    Category 3         0.032      0.000    721.713      0.000
    Category 4         0.011      0.001      8.066      0.000

Latent Class Pattern 2 1 2

 N1
    Category 1         0.001      0.000     85.368      0.000
    Category 2         0.849      0.010     85.368      0.000
    Category 3         0.057      0.001     85.368      0.000
    Category 4         0.093      0.011      8.799      0.000
 N2
    Category 1         0.954      0.001    876.169      0.000
    Category 2         0.000      0.000    876.169      0.000
    Category 3         0.037      0.000    876.169      0.000
    Category 4         0.009      0.001      8.050      0.000
 N3
    Category 1         0.001      0.000    252.585      0.000
    Category 2         0.930      0.004    252.585      0.000
    Category 3         0.037      0.000    252.585      0.000
    Category 4         0.032      0.004      8.237      0.000

Latent Class Pattern 2 1 3

 N1
    Category 1         0.001      0.000     85.368      0.000
    Category 2         0.849      0.010     85.368      0.000
    Category 3         0.057      0.001     85.368      0.000
    Category 4         0.093      0.011      8.799      0.000
 N2
    Category 1         0.954      0.001    876.169      0.000
    Category 2         0.000      0.000    876.169      0.000
    Category 3         0.037      0.000    876.169      0.000
    Category 4         0.009      0.001      8.050      0.000
 N3
    Category 1         0.098      0.001     73.990      0.000
    Category 2         0.057      0.001     73.990      0.000
    Category 3         0.737      0.010     73.990      0.000
    Category 4         0.108      0.012      8.941      0.000

Latent Class Pattern 2 1 4

 N1
    Category 1         0.001      0.000     85.368      0.000
    Category 2         0.849      0.010     85.368      0.000
    Category 3         0.057      0.001     85.368      0.000
    Category 4         0.093      0.011      8.799      0.000
 N2
    Category 1         0.954      0.001    876.169      0.000
    Category 2         0.000      0.000    876.169      0.000
    Category 3         0.037      0.000    876.169      0.000
    Category 4         0.009      0.001      8.050      0.000
 N3
    Category 1         0.044      0.005      9.507      0.000
    Category 2         0.043      0.005      9.507      0.000
    Category 3         0.074      0.008      9.507      0.000
    Category 4         0.839      0.017     49.583      0.000

Latent Class Pattern 2 2 1

 N1
    Category 1         0.001      0.000     85.368      0.000
    Category 2         0.849      0.010     85.368      0.000
    Category 3         0.057      0.001     85.368      0.000
    Category 4         0.093      0.011      8.799      0.000
 N2
    Category 1         0.000      0.000    275.128      0.000
    Category 2         0.923      0.003    275.128      0.000
    Category 3         0.048      0.000    275.128      0.000
    Category 4         0.029      0.004      8.215      0.000
 N3
    Category 1         0.956      0.001    721.713      0.000
    Category 2         0.001      0.000    721.713      0.000
    Category 3         0.032      0.000    721.713      0.000
    Category 4         0.011      0.001      8.066      0.000

Latent Class Pattern 2 2 2

 N1
    Category 1         0.001      0.000     85.368      0.000
    Category 2         0.849      0.010     85.368      0.000
    Category 3         0.057      0.001     85.368      0.000
    Category 4         0.093      0.011      8.799      0.000
 N2
    Category 1         0.000      0.000    275.128      0.000
    Category 2         0.923      0.003    275.128      0.000
    Category 3         0.048      0.000    275.128      0.000
    Category 4         0.029      0.004      8.215      0.000
 N3
    Category 1         0.001      0.000    252.585      0.000
    Category 2         0.930      0.004    252.585      0.000
    Category 3         0.037      0.000    252.585      0.000
    Category 4         0.032      0.004      8.237      0.000

Latent Class Pattern 2 2 3

 N1
    Category 1         0.001      0.000     85.368      0.000
    Category 2         0.849      0.010     85.368      0.000
    Category 3         0.057      0.001     85.368      0.000
    Category 4         0.093      0.011      8.799      0.000
 N2
    Category 1         0.000      0.000    275.128      0.000
    Category 2         0.923      0.003    275.128      0.000
    Category 3         0.048      0.000    275.128      0.000
    Category 4         0.029      0.004      8.215      0.000
 N3
    Category 1         0.098      0.001     73.990      0.000
    Category 2         0.057      0.001     73.990      0.000
    Category 3         0.737      0.010     73.990      0.000
    Category 4         0.108      0.012      8.941      0.000

Latent Class Pattern 2 2 4

 N1
    Category 1         0.001      0.000     85.368      0.000
    Category 2         0.849      0.010     85.368      0.000
    Category 3         0.057      0.001     85.368      0.000
    Category 4         0.093      0.011      8.799      0.000
 N2
    Category 1         0.000      0.000    275.128      0.000
    Category 2         0.923      0.003    275.128      0.000
    Category 3         0.048      0.000    275.128      0.000
    Category 4         0.029      0.004      8.215      0.000
 N3
    Category 1         0.044      0.005      9.507      0.000
    Category 2         0.043      0.005      9.507      0.000
    Category 3         0.074      0.008      9.507      0.000
    Category 4         0.839      0.017     49.583      0.000

Latent Class Pattern 2 3 1

 N1
    Category 1         0.001      0.000     85.368      0.000
    Category 2         0.849      0.010     85.368      0.000
    Category 3         0.057      0.001     85.368      0.000
    Category 4         0.093      0.011      8.799      0.000
 N2
    Category 1         0.089      0.001     71.950      0.000
    Category 2         0.054      0.001     71.950      0.000
    Category 3         0.746      0.010     71.950      0.000
    Category 4         0.111      0.012      8.972      0.000
 N3
    Category 1         0.956      0.001    721.713      0.000
    Category 2         0.001      0.000    721.713      0.000
    Category 3         0.032      0.000    721.713      0.000
    Category 4         0.011      0.001      8.066      0.000

Latent Class Pattern 2 3 2

 N1
    Category 1         0.001      0.000     85.368      0.000
    Category 2         0.849      0.010     85.368      0.000
    Category 3         0.057      0.001     85.368      0.000
    Category 4         0.093      0.011      8.799      0.000
 N2
    Category 1         0.089      0.001     71.950      0.000
    Category 2         0.054      0.001     71.950      0.000
    Category 3         0.746      0.010     71.950      0.000
    Category 4         0.111      0.012      8.972      0.000
 N3
    Category 1         0.001      0.000    252.585      0.000
    Category 2         0.930      0.004    252.585      0.000
    Category 3         0.037      0.000    252.585      0.000
    Category 4         0.032      0.004      8.237      0.000

Latent Class Pattern 2 3 3

 N1
    Category 1         0.001      0.000     85.368      0.000
    Category 2         0.849      0.010     85.368      0.000
    Category 3         0.057      0.001     85.368      0.000
    Category 4         0.093      0.011      8.799      0.000
 N2
    Category 1         0.089      0.001     71.950      0.000
    Category 2         0.054      0.001     71.950      0.000
    Category 3         0.746      0.010     71.950      0.000
    Category 4         0.111      0.012      8.972      0.000
 N3
    Category 1         0.098      0.001     73.990      0.000
    Category 2         0.057      0.001     73.990      0.000
    Category 3         0.737      0.010     73.990      0.000
    Category 4         0.108      0.012      8.941      0.000

Latent Class Pattern 2 3 4

 N1
    Category 1         0.001      0.000     85.368      0.000
    Category 2         0.849      0.010     85.368      0.000
    Category 3         0.057      0.001     85.368      0.000
    Category 4         0.093      0.011      8.799      0.000
 N2
    Category 1         0.089      0.001     71.950      0.000
    Category 2         0.054      0.001     71.950      0.000
    Category 3         0.746      0.010     71.950      0.000
    Category 4         0.111      0.012      8.972      0.000
 N3
    Category 1         0.044      0.005      9.507      0.000
    Category 2         0.043      0.005      9.507      0.000
    Category 3         0.074      0.008      9.507      0.000
    Category 4         0.839      0.017     49.583      0.000

Latent Class Pattern 2 4 1

 N1
    Category 1         0.001      0.000     85.368      0.000
    Category 2         0.849      0.010     85.368      0.000
    Category 3         0.057      0.001     85.368      0.000
    Category 4         0.093      0.011      8.799      0.000
 N2
    Category 1         0.033      0.003      9.365      0.000
    Category 2         0.036      0.004      9.365      0.000
    Category 3         0.080      0.008      9.365      0.000
    Category 4         0.852      0.016     53.838      0.000
 N3
    Category 1         0.956      0.001    721.713      0.000
    Category 2         0.001      0.000    721.713      0.000
    Category 3         0.032      0.000    721.713      0.000
    Category 4         0.011      0.001      8.066      0.000

Latent Class Pattern 2 4 2

 N1
    Category 1         0.001      0.000     85.368      0.000
    Category 2         0.849      0.010     85.368      0.000
    Category 3         0.057      0.001     85.368      0.000
    Category 4         0.093      0.011      8.799      0.000
 N2
    Category 1         0.033      0.003      9.365      0.000
    Category 2         0.036      0.004      9.365      0.000
    Category 3         0.080      0.008      9.365      0.000
    Category 4         0.852      0.016     53.838      0.000
 N3
    Category 1         0.001      0.000    252.585      0.000
    Category 2         0.930      0.004    252.585      0.000
    Category 3         0.037      0.000    252.585      0.000
    Category 4         0.032      0.004      8.237      0.000

Latent Class Pattern 2 4 3

 N1
    Category 1         0.001      0.000     85.368      0.000
    Category 2         0.849      0.010     85.368      0.000
    Category 3         0.057      0.001     85.368      0.000
    Category 4         0.093      0.011      8.799      0.000
 N2
    Category 1         0.033      0.003      9.365      0.000
    Category 2         0.036      0.004      9.365      0.000
    Category 3         0.080      0.008      9.365      0.000
    Category 4         0.852      0.016     53.838      0.000
 N3
    Category 1         0.098      0.001     73.990      0.000
    Category 2         0.057      0.001     73.990      0.000
    Category 3         0.737      0.010     73.990      0.000
    Category 4         0.108      0.012      8.941      0.000

Latent Class Pattern 2 4 4

 N1
    Category 1         0.001      0.000     85.368      0.000
    Category 2         0.849      0.010     85.368      0.000
    Category 3         0.057      0.001     85.368      0.000
    Category 4         0.093      0.011      8.799      0.000
 N2
    Category 1         0.033      0.003      9.365      0.000
    Category 2         0.036      0.004      9.365      0.000
    Category 3         0.080      0.008      9.365      0.000
    Category 4         0.852      0.016     53.838      0.000
 N3
    Category 1         0.044      0.005      9.507      0.000
    Category 2         0.043      0.005      9.507      0.000
    Category 3         0.074      0.008      9.507      0.000
    Category 4         0.839      0.017     49.583      0.000

Latent Class Pattern 3 1 1

 N1
    Category 1         0.097      0.002     45.566      0.000
    Category 2         0.043      0.001     45.566      0.000
    Category 3         0.685      0.015     45.566      0.000
    Category 4         0.175      0.018      9.670      0.000
 N2
    Category 1         0.954      0.001    876.169      0.000
    Category 2         0.000      0.000    876.169      0.000
    Category 3         0.037      0.000    876.169      0.000
    Category 4         0.009      0.001      8.050      0.000
 N3
    Category 1         0.956      0.001    721.713      0.000
    Category 2         0.001      0.000    721.713      0.000
    Category 3         0.032      0.000    721.713      0.000
    Category 4         0.011      0.001      8.066      0.000

Latent Class Pattern 3 1 2

 N1
    Category 1         0.097      0.002     45.566      0.000
    Category 2         0.043      0.001     45.566      0.000
    Category 3         0.685      0.015     45.566      0.000
    Category 4         0.175      0.018      9.670      0.000
 N2
    Category 1         0.954      0.001    876.169      0.000
    Category 2         0.000      0.000    876.169      0.000
    Category 3         0.037      0.000    876.169      0.000
    Category 4         0.009      0.001      8.050      0.000
 N3
    Category 1         0.001      0.000    252.585      0.000
    Category 2         0.930      0.004    252.585      0.000
    Category 3         0.037      0.000    252.585      0.000
    Category 4         0.032      0.004      8.237      0.000

Latent Class Pattern 3 1 3

 N1
    Category 1         0.097      0.002     45.566      0.000
    Category 2         0.043      0.001     45.566      0.000
    Category 3         0.685      0.015     45.566      0.000
    Category 4         0.175      0.018      9.670      0.000
 N2
    Category 1         0.954      0.001    876.169      0.000
    Category 2         0.000      0.000    876.169      0.000
    Category 3         0.037      0.000    876.169      0.000
    Category 4         0.009      0.001      8.050      0.000
 N3
    Category 1         0.098      0.001     73.990      0.000
    Category 2         0.057      0.001     73.990      0.000
    Category 3         0.737      0.010     73.990      0.000
    Category 4         0.108      0.012      8.941      0.000

Latent Class Pattern 3 1 4

 N1
    Category 1         0.097      0.002     45.566      0.000
    Category 2         0.043      0.001     45.566      0.000
    Category 3         0.685      0.015     45.566      0.000
    Category 4         0.175      0.018      9.670      0.000
 N2
    Category 1         0.954      0.001    876.169      0.000
    Category 2         0.000      0.000    876.169      0.000
    Category 3         0.037      0.000    876.169      0.000
    Category 4         0.009      0.001      8.050      0.000
 N3
    Category 1         0.044      0.005      9.507      0.000
    Category 2         0.043      0.005      9.507      0.000
    Category 3         0.074      0.008      9.507      0.000
    Category 4         0.839      0.017     49.583      0.000

Latent Class Pattern 3 2 1

 N1
    Category 1         0.097      0.002     45.566      0.000
    Category 2         0.043      0.001     45.566      0.000
    Category 3         0.685      0.015     45.566      0.000
    Category 4         0.175      0.018      9.670      0.000
 N2
    Category 1         0.000      0.000    275.128      0.000
    Category 2         0.923      0.003    275.128      0.000
    Category 3         0.048      0.000    275.128      0.000
    Category 4         0.029      0.004      8.215      0.000
 N3
    Category 1         0.956      0.001    721.713      0.000
    Category 2         0.001      0.000    721.713      0.000
    Category 3         0.032      0.000    721.713      0.000
    Category 4         0.011      0.001      8.066      0.000

Latent Class Pattern 3 2 2

 N1
    Category 1         0.097      0.002     45.566      0.000
    Category 2         0.043      0.001     45.566      0.000
    Category 3         0.685      0.015     45.566      0.000
    Category 4         0.175      0.018      9.670      0.000
 N2
    Category 1         0.000      0.000    275.128      0.000
    Category 2         0.923      0.003    275.128      0.000
    Category 3         0.048      0.000    275.128      0.000
    Category 4         0.029      0.004      8.215      0.000
 N3
    Category 1         0.001      0.000    252.585      0.000
    Category 2         0.930      0.004    252.585      0.000
    Category 3         0.037      0.000    252.585      0.000
    Category 4         0.032      0.004      8.237      0.000

Latent Class Pattern 3 2 3

 N1
    Category 1         0.097      0.002     45.566      0.000
    Category 2         0.043      0.001     45.566      0.000
    Category 3         0.685      0.015     45.566      0.000
    Category 4         0.175      0.018      9.670      0.000
 N2
    Category 1         0.000      0.000    275.128      0.000
    Category 2         0.923      0.003    275.128      0.000
    Category 3         0.048      0.000    275.128      0.000
    Category 4         0.029      0.004      8.215      0.000
 N3
    Category 1         0.098      0.001     73.990      0.000
    Category 2         0.057      0.001     73.990      0.000
    Category 3         0.737      0.010     73.990      0.000
    Category 4         0.108      0.012      8.941      0.000

Latent Class Pattern 3 2 4

 N1
    Category 1         0.097      0.002     45.566      0.000
    Category 2         0.043      0.001     45.566      0.000
    Category 3         0.685      0.015     45.566      0.000
    Category 4         0.175      0.018      9.670      0.000
 N2
    Category 1         0.000      0.000    275.128      0.000
    Category 2         0.923      0.003    275.128      0.000
    Category 3         0.048      0.000    275.128      0.000
    Category 4         0.029      0.004      8.215      0.000
 N3
    Category 1         0.044      0.005      9.507      0.000
    Category 2         0.043      0.005      9.507      0.000
    Category 3         0.074      0.008      9.507      0.000
    Category 4         0.839      0.017     49.583      0.000

Latent Class Pattern 3 3 1

 N1
    Category 1         0.097      0.002     45.566      0.000
    Category 2         0.043      0.001     45.566      0.000
    Category 3         0.685      0.015     45.566      0.000
    Category 4         0.175      0.018      9.670      0.000
 N2
    Category 1         0.089      0.001     71.950      0.000
    Category 2         0.054      0.001     71.950      0.000
    Category 3         0.746      0.010     71.950      0.000
    Category 4         0.111      0.012      8.972      0.000
 N3
    Category 1         0.956      0.001    721.713      0.000
    Category 2         0.001      0.000    721.713      0.000
    Category 3         0.032      0.000    721.713      0.000
    Category 4         0.011      0.001      8.066      0.000

Latent Class Pattern 3 3 2

 N1
    Category 1         0.097      0.002     45.566      0.000
    Category 2         0.043      0.001     45.566      0.000
    Category 3         0.685      0.015     45.566      0.000
    Category 4         0.175      0.018      9.670      0.000
 N2
    Category 1         0.089      0.001     71.950      0.000
    Category 2         0.054      0.001     71.950      0.000
    Category 3         0.746      0.010     71.950      0.000
    Category 4         0.111      0.012      8.972      0.000
 N3
    Category 1         0.001      0.000    252.585      0.000
    Category 2         0.930      0.004    252.585      0.000
    Category 3         0.037      0.000    252.585      0.000
    Category 4         0.032      0.004      8.237      0.000

Latent Class Pattern 3 3 3

 N1
    Category 1         0.097      0.002     45.566      0.000
    Category 2         0.043      0.001     45.566      0.000
    Category 3         0.685      0.015     45.566      0.000
    Category 4         0.175      0.018      9.670      0.000
 N2
    Category 1         0.089      0.001     71.950      0.000
    Category 2         0.054      0.001     71.950      0.000
    Category 3         0.746      0.010     71.950      0.000
    Category 4         0.111      0.012      8.972      0.000
 N3
    Category 1         0.098      0.001     73.990      0.000
    Category 2         0.057      0.001     73.990      0.000
    Category 3         0.737      0.010     73.990      0.000
    Category 4         0.108      0.012      8.941      0.000

Latent Class Pattern 3 3 4

 N1
    Category 1         0.097      0.002     45.566      0.000
    Category 2         0.043      0.001     45.566      0.000
    Category 3         0.685      0.015     45.566      0.000
    Category 4         0.175      0.018      9.670      0.000
 N2
    Category 1         0.089      0.001     71.950      0.000
    Category 2         0.054      0.001     71.950      0.000
    Category 3         0.746      0.010     71.950      0.000
    Category 4         0.111      0.012      8.972      0.000
 N3
    Category 1         0.044      0.005      9.507      0.000
    Category 2         0.043      0.005      9.507      0.000
    Category 3         0.074      0.008      9.507      0.000
    Category 4         0.839      0.017     49.583      0.000

Latent Class Pattern 3 4 1

 N1
    Category 1         0.097      0.002     45.566      0.000
    Category 2         0.043      0.001     45.566      0.000
    Category 3         0.685      0.015     45.566      0.000
    Category 4         0.175      0.018      9.670      0.000
 N2
    Category 1         0.033      0.003      9.365      0.000
    Category 2         0.036      0.004      9.365      0.000
    Category 3         0.080      0.008      9.365      0.000
    Category 4         0.852      0.016     53.838      0.000
 N3
    Category 1         0.956      0.001    721.713      0.000
    Category 2         0.001      0.000    721.713      0.000
    Category 3         0.032      0.000    721.713      0.000
    Category 4         0.011      0.001      8.066      0.000

Latent Class Pattern 3 4 2

 N1
    Category 1         0.097      0.002     45.566      0.000
    Category 2         0.043      0.001     45.566      0.000
    Category 3         0.685      0.015     45.566      0.000
    Category 4         0.175      0.018      9.670      0.000
 N2
    Category 1         0.033      0.003      9.365      0.000
    Category 2         0.036      0.004      9.365      0.000
    Category 3         0.080      0.008      9.365      0.000
    Category 4         0.852      0.016     53.838      0.000
 N3
    Category 1         0.001      0.000    252.585      0.000
    Category 2         0.930      0.004    252.585      0.000
    Category 3         0.037      0.000    252.585      0.000
    Category 4         0.032      0.004      8.237      0.000

Latent Class Pattern 3 4 3

 N1
    Category 1         0.097      0.002     45.566      0.000
    Category 2         0.043      0.001     45.566      0.000
    Category 3         0.685      0.015     45.566      0.000
    Category 4         0.175      0.018      9.670      0.000
 N2
    Category 1         0.033      0.003      9.365      0.000
    Category 2         0.036      0.004      9.365      0.000
    Category 3         0.080      0.008      9.365      0.000
    Category 4         0.852      0.016     53.838      0.000
 N3
    Category 1         0.098      0.001     73.990      0.000
    Category 2         0.057      0.001     73.990      0.000
    Category 3         0.737      0.010     73.990      0.000
    Category 4         0.108      0.012      8.941      0.000

Latent Class Pattern 3 4 4

 N1
    Category 1         0.097      0.002     45.566      0.000
    Category 2         0.043      0.001     45.566      0.000
    Category 3         0.685      0.015     45.566      0.000
    Category 4         0.175      0.018      9.670      0.000
 N2
    Category 1         0.033      0.003      9.365      0.000
    Category 2         0.036      0.004      9.365      0.000
    Category 3         0.080      0.008      9.365      0.000
    Category 4         0.852      0.016     53.838      0.000
 N3
    Category 1         0.044      0.005      9.507      0.000
    Category 2         0.043      0.005      9.507      0.000
    Category 3         0.074      0.008      9.507      0.000
    Category 4         0.839      0.017     49.583      0.000

Latent Class Pattern 4 1 1

 N1
    Category 1         0.038      0.004      9.176      0.000
    Category 2         0.023      0.003      9.176      0.000
    Category 3         0.069      0.008      9.176      0.000
    Category 4         0.869      0.014     61.069      0.000
 N2
    Category 1         0.954      0.001    876.169      0.000
    Category 2         0.000      0.000    876.169      0.000
    Category 3         0.037      0.000    876.169      0.000
    Category 4         0.009      0.001      8.050      0.000
 N3
    Category 1         0.956      0.001    721.713      0.000
    Category 2         0.001      0.000    721.713      0.000
    Category 3         0.032      0.000    721.713      0.000
    Category 4         0.011      0.001      8.066      0.000

Latent Class Pattern 4 1 2

 N1
    Category 1         0.038      0.004      9.176      0.000
    Category 2         0.023      0.003      9.176      0.000
    Category 3         0.069      0.008      9.176      0.000
    Category 4         0.869      0.014     61.069      0.000
 N2
    Category 1         0.954      0.001    876.169      0.000
    Category 2         0.000      0.000    876.169      0.000
    Category 3         0.037      0.000    876.169      0.000
    Category 4         0.009      0.001      8.050      0.000
 N3
    Category 1         0.001      0.000    252.585      0.000
    Category 2         0.930      0.004    252.585      0.000
    Category 3         0.037      0.000    252.585      0.000
    Category 4         0.032      0.004      8.237      0.000

Latent Class Pattern 4 1 3

 N1
    Category 1         0.038      0.004      9.176      0.000
    Category 2         0.023      0.003      9.176      0.000
    Category 3         0.069      0.008      9.176      0.000
    Category 4         0.869      0.014     61.069      0.000
 N2
    Category 1         0.954      0.001    876.169      0.000
    Category 2         0.000      0.000    876.169      0.000
    Category 3         0.037      0.000    876.169      0.000
    Category 4         0.009      0.001      8.050      0.000
 N3
    Category 1         0.098      0.001     73.990      0.000
    Category 2         0.057      0.001     73.990      0.000
    Category 3         0.737      0.010     73.990      0.000
    Category 4         0.108      0.012      8.941      0.000

Latent Class Pattern 4 1 4

 N1
    Category 1         0.038      0.004      9.176      0.000
    Category 2         0.023      0.003      9.176      0.000
    Category 3         0.069      0.008      9.176      0.000
    Category 4         0.869      0.014     61.069      0.000
 N2
    Category 1         0.954      0.001    876.169      0.000
    Category 2         0.000      0.000    876.169      0.000
    Category 3         0.037      0.000    876.169      0.000
    Category 4         0.009      0.001      8.050      0.000
 N3
    Category 1         0.044      0.005      9.507      0.000
    Category 2         0.043      0.005      9.507      0.000
    Category 3         0.074      0.008      9.507      0.000
    Category 4         0.839      0.017     49.583      0.000

Latent Class Pattern 4 2 1

 N1
    Category 1         0.038      0.004      9.176      0.000
    Category 2         0.023      0.003      9.176      0.000
    Category 3         0.069      0.008      9.176      0.000
    Category 4         0.869      0.014     61.069      0.000
 N2
    Category 1         0.000      0.000    275.128      0.000
    Category 2         0.923      0.003    275.128      0.000
    Category 3         0.048      0.000    275.128      0.000
    Category 4         0.029      0.004      8.215      0.000
 N3
    Category 1         0.956      0.001    721.713      0.000
    Category 2         0.001      0.000    721.713      0.000
    Category 3         0.032      0.000    721.713      0.000
    Category 4         0.011      0.001      8.066      0.000

Latent Class Pattern 4 2 2

 N1
    Category 1         0.038      0.004      9.176      0.000
    Category 2         0.023      0.003      9.176      0.000
    Category 3         0.069      0.008      9.176      0.000
    Category 4         0.869      0.014     61.069      0.000
 N2
    Category 1         0.000      0.000    275.128      0.000
    Category 2         0.923      0.003    275.128      0.000
    Category 3         0.048      0.000    275.128      0.000
    Category 4         0.029      0.004      8.215      0.000
 N3
    Category 1         0.001      0.000    252.585      0.000
    Category 2         0.930      0.004    252.585      0.000
    Category 3         0.037      0.000    252.585      0.000
    Category 4         0.032      0.004      8.237      0.000

Latent Class Pattern 4 2 3

 N1
    Category 1         0.038      0.004      9.176      0.000
    Category 2         0.023      0.003      9.176      0.000
    Category 3         0.069      0.008      9.176      0.000
    Category 4         0.869      0.014     61.069      0.000
 N2
    Category 1         0.000      0.000    275.128      0.000
    Category 2         0.923      0.003    275.128      0.000
    Category 3         0.048      0.000    275.128      0.000
    Category 4         0.029      0.004      8.215      0.000
 N3
    Category 1         0.098      0.001     73.990      0.000
    Category 2         0.057      0.001     73.990      0.000
    Category 3         0.737      0.010     73.990      0.000
    Category 4         0.108      0.012      8.941      0.000

Latent Class Pattern 4 2 4

 N1
    Category 1         0.038      0.004      9.176      0.000
    Category 2         0.023      0.003      9.176      0.000
    Category 3         0.069      0.008      9.176      0.000
    Category 4         0.869      0.014     61.069      0.000
 N2
    Category 1         0.000      0.000    275.128      0.000
    Category 2         0.923      0.003    275.128      0.000
    Category 3         0.048      0.000    275.128      0.000
    Category 4         0.029      0.004      8.215      0.000
 N3
    Category 1         0.044      0.005      9.507      0.000
    Category 2         0.043      0.005      9.507      0.000
    Category 3         0.074      0.008      9.507      0.000
    Category 4         0.839      0.017     49.583      0.000

Latent Class Pattern 4 3 1

 N1
    Category 1         0.038      0.004      9.176      0.000
    Category 2         0.023      0.003      9.176      0.000
    Category 3         0.069      0.008      9.176      0.000
    Category 4         0.869      0.014     61.069      0.000
 N2
    Category 1         0.089      0.001     71.950      0.000
    Category 2         0.054      0.001     71.950      0.000
    Category 3         0.746      0.010     71.950      0.000
    Category 4         0.111      0.012      8.972      0.000
 N3
    Category 1         0.956      0.001    721.713      0.000
    Category 2         0.001      0.000    721.713      0.000
    Category 3         0.032      0.000    721.713      0.000
    Category 4         0.011      0.001      8.066      0.000

Latent Class Pattern 4 3 2

 N1
    Category 1         0.038      0.004      9.176      0.000
    Category 2         0.023      0.003      9.176      0.000
    Category 3         0.069      0.008      9.176      0.000
    Category 4         0.869      0.014     61.069      0.000
 N2
    Category 1         0.089      0.001     71.950      0.000
    Category 2         0.054      0.001     71.950      0.000
    Category 3         0.746      0.010     71.950      0.000
    Category 4         0.111      0.012      8.972      0.000
 N3
    Category 1         0.001      0.000    252.585      0.000
    Category 2         0.930      0.004    252.585      0.000
    Category 3         0.037      0.000    252.585      0.000
    Category 4         0.032      0.004      8.237      0.000

Latent Class Pattern 4 3 3

 N1
    Category 1         0.038      0.004      9.176      0.000
    Category 2         0.023      0.003      9.176      0.000
    Category 3         0.069      0.008      9.176      0.000
    Category 4         0.869      0.014     61.069      0.000
 N2
    Category 1         0.089      0.001     71.950      0.000
    Category 2         0.054      0.001     71.950      0.000
    Category 3         0.746      0.010     71.950      0.000
    Category 4         0.111      0.012      8.972      0.000
 N3
    Category 1         0.098      0.001     73.990      0.000
    Category 2         0.057      0.001     73.990      0.000
    Category 3         0.737      0.010     73.990      0.000
    Category 4         0.108      0.012      8.941      0.000

Latent Class Pattern 4 3 4

 N1
    Category 1         0.038      0.004      9.176      0.000
    Category 2         0.023      0.003      9.176      0.000
    Category 3         0.069      0.008      9.176      0.000
    Category 4         0.869      0.014     61.069      0.000
 N2
    Category 1         0.089      0.001     71.950      0.000
    Category 2         0.054      0.001     71.950      0.000
    Category 3         0.746      0.010     71.950      0.000
    Category 4         0.111      0.012      8.972      0.000
 N3
    Category 1         0.044      0.005      9.507      0.000
    Category 2         0.043      0.005      9.507      0.000
    Category 3         0.074      0.008      9.507      0.000
    Category 4         0.839      0.017     49.583      0.000

Latent Class Pattern 4 4 1

 N1
    Category 1         0.038      0.004      9.176      0.000
    Category 2         0.023      0.003      9.176      0.000
    Category 3         0.069      0.008      9.176      0.000
    Category 4         0.869      0.014     61.069      0.000
 N2
    Category 1         0.033      0.003      9.365      0.000
    Category 2         0.036      0.004      9.365      0.000
    Category 3         0.080      0.008      9.365      0.000
    Category 4         0.852      0.016     53.838      0.000
 N3
    Category 1         0.956      0.001    721.713      0.000
    Category 2         0.001      0.000    721.713      0.000
    Category 3         0.032      0.000    721.713      0.000
    Category 4         0.011      0.001      8.066      0.000

Latent Class Pattern 4 4 2

 N1
    Category 1         0.038      0.004      9.176      0.000
    Category 2         0.023      0.003      9.176      0.000
    Category 3         0.069      0.008      9.176      0.000
    Category 4         0.869      0.014     61.069      0.000
 N2
    Category 1         0.033      0.003      9.365      0.000
    Category 2         0.036      0.004      9.365      0.000
    Category 3         0.080      0.008      9.365      0.000
    Category 4         0.852      0.016     53.838      0.000
 N3
    Category 1         0.001      0.000    252.585      0.000
    Category 2         0.930      0.004    252.585      0.000
    Category 3         0.037      0.000    252.585      0.000
    Category 4         0.032      0.004      8.237      0.000

Latent Class Pattern 4 4 3

 N1
    Category 1         0.038      0.004      9.176      0.000
    Category 2         0.023      0.003      9.176      0.000
    Category 3         0.069      0.008      9.176      0.000
    Category 4         0.869      0.014     61.069      0.000
 N2
    Category 1         0.033      0.003      9.365      0.000
    Category 2         0.036      0.004      9.365      0.000
    Category 3         0.080      0.008      9.365      0.000
    Category 4         0.852      0.016     53.838      0.000
 N3
    Category 1         0.098      0.001     73.990      0.000
    Category 2         0.057      0.001     73.990      0.000
    Category 3         0.737      0.010     73.990      0.000
    Category 4         0.108      0.012      8.941      0.000

Latent Class Pattern 4 4 4

 N1
    Category 1         0.038      0.004      9.176      0.000
    Category 2         0.023      0.003      9.176      0.000
    Category 3         0.069      0.008      9.176      0.000
    Category 4         0.869      0.014     61.069      0.000
 N2
    Category 1         0.033      0.003      9.365      0.000
    Category 2         0.036      0.004      9.365      0.000
    Category 3         0.080      0.008      9.365      0.000
    Category 4         0.852      0.016     53.838      0.000
 N3
    Category 1         0.044      0.005      9.507      0.000
    Category 2         0.043      0.005      9.507      0.000
    Category 3         0.074      0.008      9.507      0.000
    Category 4         0.839      0.017     49.583      0.000


MODEL COMMAND WITH FINAL ESTIMATES USED AS STARTING VALUES

     %OVERALL%

     [ c1#1*-0.09465 ];
     [ c1#2*-1.05611 ];
     [ c1#3*-0.46462 ];
     [ c2#1*0.26226 ];
     [ c2#2*-0.21943 ];
     [ c2#3*-0.10597 ];
     [ c3#1*0.41320 ];
     [ c3#2*-0.04632 ];
     [ c3#3*0.01244 ];


  MODEL C1:

     %C1#1%

     [ n1#1@4.05800 ];
     [ n1#2@-9.69700 ];
     [ n1#3@0.94200 ];

     %C1#2%

     [ n1#1@-4.85400 ];
     [ n1#2@2.20700 ];
     [ n1#3@-0.50200 ];

     %C1#3%

     [ n1#1@-0.59300 ];
     [ n1#2@-1.39600 ];
     [ n1#3@1.36400 ];

     %C1#4%

     [ n1#1@-3.12000 ];
     [ n1#2@-3.62400 ];
     [ n1#3@-2.53300 ];

  MODEL C2:

     %C2#1%

     [ n2#1@4.65200 ];
     [ n2#2@-3.54200 ];
     [ n2#3@1.38900 ];

     %C2#2%

     [ n2#1@-4.42200 ];
     [ n2#2@3.46000 ];
     [ n2#3@0.50700 ];

     %C2#3%

     [ n2#1@-0.21800 ];
     [ n2#2@-0.71500 ];
     [ n2#3@1.90600 ];

     %C2#4%

     [ n2#1@-3.25900 ];
     [ n2#2@-3.16700 ];
     [ n2#3@-2.37100 ];

  MODEL C3:

     %C3#1%

     [ n3#1@4.46000 ];
     [ n3#2@-2.06500 ];
     [ n3#3@1.05000 ];

     %C3#2%

     [ n3#1@-3.30400 ];
     [ n3#2@3.38300 ];
     [ n3#3@0.15500 ];

     %C3#3%

     [ n3#1@-0.09300 ];
     [ n3#2@-0.63600 ];
     [ n3#3@1.92200 ];

     %C3#4%

     [ n3#1@-2.94300 ];
     [ n3#2@-2.97100 ];
     [ n3#3@-2.43300 ];



     Beginning Time:  13:30:30
        Ending Time:  13:30:30
       Elapsed Time:  00:00:00



MUTHEN & MUTHEN
3463 Stoner Ave.
Los Angeles, CA  90066

Tel: (310) 391-9971
Fax: (310) 391-8971
Web: www.StatModel.com
Support: Support@StatModel.com

Copyright (c) 1998-2024 Muthen & Muthen
