Mplus VERSION 6.1
MUTHEN & MUTHEN
07/16/2012  10:26 AM

INPUT INSTRUCTIONS

  data:
  file is recodedLSAY.dat;

  Variable:
  names are
  CASENUM COHORT AB39A AB39B AB39C AB39D AB39E AB39F AB39G AB39H AB39I AB39J
  AB39K AB39L AB39M AB39N AB39O AB39P AB39Q AB39R AB39S AB39T AB39U AB39V
  AB39W AB39X MTH7 SCI7 PEDUC PEDUC3 RSEDAN RSEDAN6 RSEDAN5 RBACC RMAJFIR
  RMAJFIR2 RMAJLST2 RMAJLST RGRMAJ RGRMAJ10 RSTEMM RSTEMMX RSTEMMB
  RSTEMMA WEIGHT7 WEIGHT8 WEIGHT9 WEIGHT10 WEIGHT11 WEIGHT12 WEIGHTP1 WEIGHTP2
  WEIGHTP4 WGT12A WEIGHTR GENDER RACETH3 RACETH STEMJOB STEMJOB1;


  missing are all (9999);
  classes =c (10);

  auxiliary =   STEMJOB(e)  STEMJOB1 (e);
  usevar = AB39A AB39H AB39I AB39K AB39L AB39M AB39T
  AB39U AB39W AB39X;

  Analysis:
  Type=mixture;
   starts = 200 50;
   process = 4(starts);

  Output:
   sampstat tech11 tech14;

   Plot:
  type=plot3;
  series =AB39A - AB39X (*);



*** WARNING in MODEL command
  All variables are uncorrelated with all other variables within class.
  Check that this is what is intended.
*** WARNING
  Data set contains cases with missing on all variables.
  These cases were not included in the analysis.
  Number of cases with missing on all variables:  1076
*** WARNING
  Data set contains cases with missing on all variables except
  x-variables.  These cases were not included in the analysis.
  Number of cases with missing on all variables except x-variables:  1801
   3 WARNING(S) FOUND IN THE INPUT INSTRUCTIONS




SUMMARY OF ANALYSIS

Number of groups                                                 1
Number of observations                                        3068

Number of dependent variables                                   10
Number of independent variables                                  0
Number of continuous latent variables                            0
Number of categorical latent variables                           1

Observed dependent variables

  Continuous
   AB39A       AB39H       AB39I       AB39K       AB39L       AB39M
   AB39T       AB39U       AB39W       AB39X

Observed auxiliary variables
   STEMJOB     STEMJOB1

Categorical latent variables
   C


Estimator                                                      MLR
Information matrix                                        OBSERVED
Optimization Specifications for the Quasi-Newton Algorithm for
Continuous Outcomes
  Maximum number of iterations                                 100
  Convergence criterion                                  0.100D-05
Optimization Specifications for the EM Algorithm
  Maximum number of iterations                                 500
  Convergence criteria
    Loglikelihood change                                 0.100D-06
    Relative loglikelihood change                        0.100D-06
    Derivative                                           0.100D-05
Optimization Specifications for the M step of the EM Algorithm for
Categorical Latent variables
  Number of M step iterations                                    1
  M step convergence criterion                           0.100D-05
  Basis for M step termination                           ITERATION
Optimization Specifications for the M step of the EM Algorithm for
Censored, Binary or Ordered Categorical (Ordinal), Unordered
Categorical (Nominal) and Count Outcomes
  Number of M step iterations                                    1
  M step convergence criterion                           0.100D-05
  Basis for M step termination                           ITERATION
  Maximum value for logit thresholds                            15
  Minimum value for logit thresholds                           -15
  Minimum expected cell size for chi-square              0.100D-01
Maximum number of iterations for H1                           2000
Convergence criterion for H1                             0.100D-03
Optimization algorithm                                         EMA
Random Starts Specifications
  Number of initial stage random starts                        200
  Number of final stage optimizations                           50
  Number of initial stage iterations                            10
  Initial stage convergence criterion                    0.100D+01
  Random starts scale                                    0.500D+01
  Random seed for generating random starts                       0

Input data file(s)
  recodedLSAY.dat
Input data format  FREE


SUMMARY OF DATA

     Number of missing data patterns            52
     Number of y missing data patterns          52
     Number of u missing data patterns           0


COVARIANCE COVERAGE OF DATA

Minimum covariance coverage value   0.100


     PROPORTION OF DATA PRESENT FOR Y


           Covariance Coverage
              AB39A         AB39H         AB39I         AB39K         AB39L
              ________      ________      ________      ________      ________
 AB39A          0.997
 AB39H          0.977         0.978
 AB39I          0.976         0.961         0.977
 AB39K          0.979         0.963         0.962         0.980
 AB39L          0.980         0.963         0.963         0.966         0.981
 AB39M          0.990         0.973         0.972         0.975         0.976
 AB39T          0.973         0.956         0.953         0.958         0.959
 AB39U          0.974         0.957         0.956         0.959         0.960
 AB39W          0.980         0.963         0.962         0.965         0.967
 AB39X          0.990         0.973         0.971         0.975         0.976


           Covariance Coverage
              AB39M         AB39T         AB39U         AB39W         AB39X
              ________      ________      ________      ________      ________
 AB39M          0.992
 AB39T          0.970         0.974
 AB39U          0.970         0.958         0.975
 AB39W          0.977         0.963         0.964         0.982
 AB39X          0.986         0.971         0.973         0.979         0.992


SAMPLE STATISTICS


     ESTIMATED SAMPLE STATISTICS


           Means
              AB39A         AB39H         AB39I         AB39K         AB39L
              ________      ________      ________      ________      ________
 1              3.687         3.867         3.754         4.053         4.040


           Means
              AB39M         AB39T         AB39U         AB39W         AB39X
              ________      ________      ________      ________      ________
 1              3.555         3.263         3.468         3.281         3.422


           Covariances
              AB39A         AB39H         AB39I         AB39K         AB39L
              ________      ________      ________      ________      ________
 AB39A          1.431
 AB39H          0.326         1.014
 AB39I          0.360         0.480         0.951
 AB39K          0.232         0.380         0.366         0.929
 AB39L          0.356         0.445         0.388         0.514         0.912
 AB39M          0.306         0.224         0.250         0.177         0.230
 AB39T          0.234         0.283         0.310         0.192         0.242
 AB39U          0.171         0.259         0.372         0.223         0.247
 AB39W          0.205         0.222         0.262         0.277         0.227
 AB39X          0.213         0.216         0.270         0.232         0.349


           Covariances
              AB39M         AB39T         AB39U         AB39W         AB39X
              ________      ________      ________      ________      ________
 AB39M          1.560
 AB39T          0.528         1.191
 AB39U          0.481         0.620         1.087
 AB39W          0.479         0.623         0.540         1.196
 AB39X          0.616         0.645         0.552         0.748         1.266


           Correlations
              AB39A         AB39H         AB39I         AB39K         AB39L
              ________      ________      ________      ________      ________
 AB39A          1.000
 AB39H          0.271         1.000
 AB39I          0.309         0.488         1.000
 AB39K          0.201         0.392         0.390         1.000
 AB39L          0.312         0.463         0.416         0.559         1.000
 AB39M          0.205         0.178         0.205         0.147         0.193
 AB39T          0.179         0.258         0.292         0.183         0.232
 AB39U          0.137         0.247         0.366         0.222         0.248
 AB39W          0.157         0.201         0.246         0.263         0.217
 AB39X          0.158         0.190         0.247         0.214         0.325


           Correlations
              AB39M         AB39T         AB39U         AB39W         AB39X
              ________      ________      ________      ________      ________
 AB39M          1.000
 AB39T          0.388         1.000
 AB39U          0.369         0.545         1.000
 AB39W          0.351         0.522         0.474         1.000
 AB39X          0.438         0.526         0.471         0.608         1.000


     MAXIMUM LOG-LIKELIHOOD VALUE FOR THE UNRESTRICTED (H1) MODEL IS -40140.397

RANDOM STARTS RESULTS RANKED FROM THE BEST TO THE WORST LOGLIKELIHOOD VALUES

Final stage loglikelihood values at local maxima, seeds, and initial stage start numbers:

          -39910.819  784664           75
          -39934.575  794236           127
          -39940.181  195873           6
          -39940.962  576596           99
          -39942.390  246261           38
          -39945.781  227563           63
          -39948.652  741888           138
          -39954.177  903369           134
          -39954.446  285380           1
          -39973.907  164305           128
          -39977.766  645664           39
          -39978.009  717754           180
          -39982.807  856536           144
          -39983.397  783110           72
          -39984.772  648555           113
          -39986.105  948615           140
          -39986.255  685657           69
          -39991.132  292884           103
          -39991.843  783165           170
          -39995.120  915107           54
          -39996.292  319144           176
          -39996.447  364676           27
          -39997.842  484501           163
          -39999.206  782200           84
          -40014.462  991329           182
          -40016.207  626891           32
          -40018.263  120506           45
          -40019.375  415931           10
          -40022.970  207896           25
          -40027.204  366706           29
          -40027.873  373505           88
          -40031.614  804561           59
          -40033.818  150531           154
          -40034.285  458181           189
          -40035.133  118421           139
          -40037.814  440841           118
          -40047.320  259507           53
          -40050.364  636396           168
          -40058.816  402224           91
          -40068.683  392418           28
          -40070.242  509733           130

9 perturbed starting value run(s) did not converge.



     WARNING:  WHEN ESTIMATING A MODEL WITH MORE THAN TWO CLASSES, IT MAY BE
     NECESSARY TO INCREASE THE NUMBER OF RANDOM STARTS USING THE STARTS OPTION
     TO AVOID LOCAL MAXIMA.


     WARNING:  THE BEST LOGLIKELIHOOD VALUE WAS NOT REPLICATED.  THE
     SOLUTION MAY NOT BE TRUSTWORTHY DUE TO LOCAL MAXIMA.  INCREASE THE
     NUMBER OF RANDOM STARTS.


THE MODEL ESTIMATION TERMINATED NORMALLY



MODEL FIT INFORMATION

Number of Free Parameters                      119

Loglikelihood

          H0 Value                      -39910.819
          H0 Scaling Correction Factor       1.507
            for MLR

Information Criteria

          Akaike (AIC)                   80059.638
          Bayesian (BIC)                 80777.063
          Sample-Size Adjusted BIC       80398.952
            (n* = (n + 2) / 24)



FINAL CLASS COUNTS AND PROPORTIONS FOR THE LATENT CLASSES
BASED ON THE ESTIMATED MODEL

    Latent
   Classes

       1        128.23970          0.04180
       2         41.30027          0.01346
       3        671.84964          0.21899
       4         79.08248          0.02578
       5        340.89817          0.11111
       6        158.83026          0.05177
       7        115.94125          0.03779
       8        367.73972          0.11986
       9        664.40385          0.21656
      10        499.71464          0.16288


FINAL CLASS COUNTS AND PROPORTIONS FOR THE LATENT CLASS PATTERNS
BASED ON ESTIMATED POSTERIOR PROBABILITIES

    Latent
   Classes

       1        128.23971          0.04180
       2         41.30027          0.01346
       3        671.84962          0.21899
       4         79.08248          0.02578
       5        340.89818          0.11111
       6        158.83026          0.05177
       7        115.94126          0.03779
       8        367.73973          0.11986
       9        664.40385          0.21656
      10        499.71465          0.16288


CLASSIFICATION QUALITY

     Entropy                         0.788


CLASSIFICATION OF INDIVIDUALS BASED ON THEIR MOST LIKELY LATENT CLASS MEMBERSHIP

Class Counts and Proportions

    Latent
   Classes

       1              125          0.04074
       2               42          0.01369
       3              693          0.22588
       4               75          0.02445
       5              326          0.10626
       6              164          0.05346
       7              106          0.03455
       8              358          0.11669
       9              688          0.22425
      10              491          0.16004


Average Latent Class Probabilities for Most Likely Latent Class Membership (Row)
by Latent Class (Column)

           1        2        3        4        5        6        7        8        9

    1   0.851    0.003    0.040    0.013    0.065    0.001    0.026    0.000    0.001
    2   0.002    0.932    0.000    0.048    0.018    0.000    0.000    0.000    0.000
    3   0.014    0.000    0.757    0.008    0.061    0.015    0.005    0.045    0.094
    4   0.017    0.013    0.053    0.844    0.056    0.017    0.000    0.000    0.001
    5   0.022    0.002    0.091    0.012    0.841    0.000    0.005    0.000    0.026
    6   0.009    0.000    0.070    0.016    0.000    0.859    0.000    0.047    0.000
    7   0.017    0.000    0.028    0.000    0.011    0.000    0.855    0.001    0.079
    8   0.000    0.000    0.084    0.000    0.000    0.016    0.001    0.776    0.089
    9   0.000    0.000    0.093    0.000    0.015    0.000    0.022    0.058    0.762
   10   0.000    0.000    0.000    0.000    0.000    0.000    0.003    0.023    0.053

          10

    1   0.000
    2   0.000
    3   0.000
    4   0.000
    5   0.000
    6   0.000
    7   0.010
    8   0.033
    9   0.050
   10   0.921


MODEL RESULTS

                                                    Two-Tailed
                    Estimate       S.E.  Est./S.E.    P-Value

Latent Class 1

 Means
    AB39A              2.948      0.172     17.152      0.000
    AB39H              1.855      0.072     25.644      0.000
    AB39I              3.026      0.156     19.449      0.000
    AB39K              4.028      0.121     33.225      0.000
    AB39L              3.558      0.136     26.224      0.000
    AB39M              2.768      0.202     13.673      0.000
    AB39T              2.317      0.148     15.634      0.000
    AB39U              2.829      0.142     19.923      0.000
    AB39W              2.550      0.125     20.468      0.000
    AB39X              2.557      0.155     16.543      0.000

 Variances
    AB39A              1.239      0.035     35.628      0.000
    AB39H              0.337      0.023     14.432      0.000
    AB39I              0.602      0.025     24.501      0.000
    AB39K              0.431      0.036     11.951      0.000
    AB39L              0.435      0.028     15.582      0.000
    AB39M              1.137      0.036     31.841      0.000
    AB39T              0.612      0.028     21.538      0.000
    AB39U              0.636      0.027     23.243      0.000
    AB39W              0.574      0.028     20.236      0.000
    AB39X              0.539      0.035     15.365      0.000

Latent Class 2

 Means
    AB39A              1.636      0.388      4.217      0.000
    AB39H              1.371      0.211      6.498      0.000
    AB39I              1.405      0.287      4.888      0.000
    AB39K              1.702      0.321      5.300      0.000
    AB39L              1.544      0.236      6.552      0.000
    AB39M              1.950      0.335      5.825      0.000
    AB39T              1.841      0.234      7.867      0.000
    AB39U              2.000      0.271      7.382      0.000
    AB39W              1.536      0.150     10.274      0.000
    AB39X              1.710      0.211      8.086      0.000

 Variances
    AB39A              1.239      0.035     35.628      0.000
    AB39H              0.337      0.023     14.432      0.000
    AB39I              0.602      0.025     24.501      0.000
    AB39K              0.431      0.036     11.951      0.000
    AB39L              0.435      0.028     15.582      0.000
    AB39M              1.137      0.036     31.841      0.000
    AB39T              0.612      0.028     21.538      0.000
    AB39U              0.636      0.027     23.243      0.000
    AB39W              0.574      0.028     20.236      0.000
    AB39X              0.539      0.035     15.365      0.000

Latent Class 3

 Means
    AB39A              3.495      0.059     59.405      0.000
    AB39H              3.779      0.050     75.624      0.000
    AB39I              3.378      0.047     71.142      0.000
    AB39K              3.991      0.094     42.451      0.000
    AB39L              3.803      0.087     43.517      0.000
    AB39M              3.146      0.093     33.701      0.000
    AB39T              2.851      0.059     48.211      0.000
    AB39U              3.051      0.057     53.128      0.000
    AB39W              2.933      0.054     54.070      0.000
    AB39X              2.992      0.069     43.326      0.000

 Variances
    AB39A              1.239      0.035     35.628      0.000
    AB39H              0.337      0.023     14.432      0.000
    AB39I              0.602      0.025     24.501      0.000
    AB39K              0.431      0.036     11.951      0.000
    AB39L              0.435      0.028     15.582      0.000
    AB39M              1.137      0.036     31.841      0.000
    AB39T              0.612      0.028     21.538      0.000
    AB39U              0.636      0.027     23.243      0.000
    AB39W              0.574      0.028     20.236      0.000
    AB39X              0.539      0.035     15.365      0.000

Latent Class 4

 Means
    AB39A              2.962      0.230     12.889      0.000
    AB39H              3.594      0.324     11.076      0.000
    AB39I              3.106      0.228     13.596      0.000
    AB39K              2.987      0.250     11.956      0.000
    AB39L              2.760      0.304      9.089      0.000
    AB39M              2.475      0.234     10.560      0.000
    AB39T              1.907      0.239      7.982      0.000
    AB39U              2.175      0.222      9.779      0.000
    AB39W              1.694      0.133     12.707      0.000
    AB39X              1.455      0.096     15.186      0.000

 Variances
    AB39A              1.239      0.035     35.628      0.000
    AB39H              0.337      0.023     14.432      0.000
    AB39I              0.602      0.025     24.501      0.000
    AB39K              0.431      0.036     11.951      0.000
    AB39L              0.435      0.028     15.582      0.000
    AB39M              1.137      0.036     31.841      0.000
    AB39T              0.612      0.028     21.538      0.000
    AB39U              0.636      0.027     23.243      0.000
    AB39W              0.574      0.028     20.236      0.000
    AB39X              0.539      0.035     15.365      0.000

Latent Class 5

 Means
    AB39A              3.285      0.099     33.111      0.000
    AB39H              3.003      0.106     28.403      0.000
    AB39I              3.081      0.069     44.357      0.000
    AB39K              2.659      0.098     27.045      0.000
    AB39L              2.919      0.091     32.206      0.000
    AB39M              3.294      0.080     41.341      0.000
    AB39T              3.055      0.057     53.612      0.000
    AB39U              3.126      0.060     52.486      0.000
    AB39W              3.013      0.060     49.812      0.000
    AB39X              3.182      0.066     48.505      0.000

 Variances
    AB39A              1.239      0.035     35.628      0.000
    AB39H              0.337      0.023     14.432      0.000
    AB39I              0.602      0.025     24.501      0.000
    AB39K              0.431      0.036     11.951      0.000
    AB39L              0.435      0.028     15.582      0.000
    AB39M              1.137      0.036     31.841      0.000
    AB39T              0.612      0.028     21.538      0.000
    AB39U              0.636      0.027     23.243      0.000
    AB39W              0.574      0.028     20.236      0.000
    AB39X              0.539      0.035     15.365      0.000

Latent Class 6

 Means
    AB39A              3.902      0.126     30.996      0.000
    AB39H              4.484      0.089     50.644      0.000
    AB39I              4.100      0.118     34.825      0.000
    AB39K              4.677      0.069     67.481      0.000
    AB39L              4.628      0.071     64.924      0.000
    AB39M              2.245      0.140     16.016      0.000
    AB39T              1.685      0.082     20.439      0.000
    AB39U              2.131      0.123     17.372      0.000
    AB39W              1.702      0.093     18.249      0.000
    AB39X              1.720      0.093     18.402      0.000

 Variances
    AB39A              1.239      0.035     35.628      0.000
    AB39H              0.337      0.023     14.432      0.000
    AB39I              0.602      0.025     24.501      0.000
    AB39K              0.431      0.036     11.951      0.000
    AB39L              0.435      0.028     15.582      0.000
    AB39M              1.137      0.036     31.841      0.000
    AB39T              0.612      0.028     21.538      0.000
    AB39U              0.636      0.027     23.243      0.000
    AB39W              0.574      0.028     20.236      0.000
    AB39X              0.539      0.035     15.365      0.000

Latent Class 7

 Means
    AB39A              3.664      0.169     21.641      0.000
    AB39H              2.157      0.169     12.730      0.000
    AB39I              3.512      0.133     26.475      0.000
    AB39K              4.418      0.081     54.464      0.000
    AB39L              4.334      0.125     34.648      0.000
    AB39M              4.233      0.125     33.809      0.000
    AB39T              3.522      0.188     18.737      0.000
    AB39U              3.904      0.205     19.034      0.000
    AB39W              4.017      0.147     27.255      0.000
    AB39X              4.359      0.118     37.017      0.000

 Variances
    AB39A              1.239      0.035     35.628      0.000
    AB39H              0.337      0.023     14.432      0.000
    AB39I              0.602      0.025     24.501      0.000
    AB39K              0.431      0.036     11.951      0.000
    AB39L              0.435      0.028     15.582      0.000
    AB39M              1.137      0.036     31.841      0.000
    AB39T              0.612      0.028     21.538      0.000
    AB39U              0.636      0.027     23.243      0.000
    AB39W              0.574      0.028     20.236      0.000
    AB39X              0.539      0.035     15.365      0.000

Latent Class 8

 Means
    AB39A              4.064      0.074     54.833      0.000
    AB39H              4.684      0.059     79.940      0.000
    AB39I              4.292      0.083     51.701      0.000
    AB39K              4.727      0.039    122.445      0.000
    AB39L              4.747      0.034    140.482      0.000
    AB39M              3.538      0.108     32.875      0.000
    AB39T              3.101      0.086     36.144      0.000
    AB39U              3.519      0.083     42.357      0.000
    AB39W              2.975      0.078     38.146      0.000
    AB39X              3.174      0.110     28.844      0.000

 Variances
    AB39A              1.239      0.035     35.628      0.000
    AB39H              0.337      0.023     14.432      0.000
    AB39I              0.602      0.025     24.501      0.000
    AB39K              0.431      0.036     11.951      0.000
    AB39L              0.435      0.028     15.582      0.000
    AB39M              1.137      0.036     31.841      0.000
    AB39T              0.612      0.028     21.538      0.000
    AB39U              0.636      0.027     23.243      0.000
    AB39W              0.574      0.028     20.236      0.000
    AB39X              0.539      0.035     15.365      0.000

Latent Class 9

 Means
    AB39A              3.754      0.054     70.038      0.000
    AB39H              4.027      0.040    100.544      0.000
    AB39I              3.876      0.041     93.850      0.000
    AB39K              3.951      0.078     50.512      0.000
    AB39L              4.065      0.077     52.668      0.000
    AB39M              3.990      0.043     93.372      0.000
    AB39T              3.704      0.051     72.347      0.000
    AB39U              3.855      0.056     69.144      0.000
    AB39W              3.667      0.063     58.076      0.000
    AB39X              3.890      0.076     51.214      0.000

 Variances
    AB39A              1.239      0.035     35.628      0.000
    AB39H              0.337      0.023     14.432      0.000
    AB39I              0.602      0.025     24.501      0.000
    AB39K              0.431      0.036     11.951      0.000
    AB39L              0.435      0.028     15.582      0.000
    AB39M              1.137      0.036     31.841      0.000
    AB39T              0.612      0.028     21.538      0.000
    AB39U              0.636      0.027     23.243      0.000
    AB39W              0.574      0.028     20.236      0.000
    AB39X              0.539      0.035     15.365      0.000

Latent Class 10

 Means
    AB39A              4.260      0.052     81.414      0.000
    AB39H              4.733      0.032    149.506      0.000
    AB39I              4.595      0.040    114.648      0.000
    AB39K              4.817      0.023    210.712      0.000
    AB39L              4.852      0.021    235.029      0.000
    AB39M              4.481      0.042    107.306      0.000
    AB39T              4.501      0.044    103.292      0.000
    AB39U              4.518      0.043    104.907      0.000
    AB39W              4.559      0.047     97.497      0.000
    AB39X              4.715      0.029    160.824      0.000

 Variances
    AB39A              1.239      0.035     35.628      0.000
    AB39H              0.337      0.023     14.432      0.000
    AB39I              0.602      0.025     24.501      0.000
    AB39K              0.431      0.036     11.951      0.000
    AB39L              0.435      0.028     15.582      0.000
    AB39M              1.137      0.036     31.841      0.000
    AB39T              0.612      0.028     21.538      0.000
    AB39U              0.636      0.027     23.243      0.000
    AB39W              0.574      0.028     20.236      0.000
    AB39X              0.539      0.035     15.365      0.000

Categorical Latent Variables

 Means
    C#1               -1.360      0.169     -8.030      0.000
    C#2               -2.493      0.316     -7.899      0.000
    C#3                0.296      0.121      2.445      0.014
    C#4               -1.844      0.187     -9.874      0.000
    C#5               -0.382      0.142     -2.687      0.007
    C#6               -1.146      0.154     -7.454      0.000
    C#7               -1.461      0.218     -6.708      0.000
    C#8               -0.307      0.127     -2.424      0.015
    C#9                0.285      0.112      2.534      0.011


QUALITY OF NUMERICAL RESULTS

     Condition Number for the Information Matrix              0.442E-03
       (ratio of smallest to largest eigenvalue)


EQUALITY TESTS OF MEANS ACROSS CLASSES USING POSTERIOR PROBABILITY-BASED
MULTIPLE IMPUTATIONS WITH 9 DEGREE(S) OF FREEDOM FOR THE OVERALL TEST AND
1 DEGREE OF FREEDOM FOR THE PAIRWISE TESTS

STEMJOB
                          Mean       S.E.                          Mean       S.E.

  Class 1                0.053      0.026  Class 2                0.001      0.010
  Class 3                0.061      0.014  Class 4                0.023      0.023
  Class 5                0.035      0.016  Class 6                0.063      0.026
  Class 7                0.094      0.041  Class 8                0.089      0.022
  Class 9                0.094      0.017  Class 10               0.130      0.020

                    Chi-Square     P-Value                   Chi-Square     P-Value

  Overall test          20.498      0.015  Class 1 vs. 2          3.378      0.066
  Class 1 vs. 3          0.064      0.800  Class 1 vs. 4          0.719      0.397
  Class 1 vs. 5          0.318      0.573  Class 1 vs. 6          0.068      0.794
  Class 1 vs. 7          0.679      0.410  Class 1 vs. 8          1.118      0.290
  Class 1 vs. 9          1.754      0.185  Class 1 vs. 10         5.386      0.020
  Class 2 vs. 3         12.309      0.000  Class 2 vs. 4          0.789      0.374
  Class 2 vs. 5          2.806      0.094  Class 2 vs. 6          4.600      0.032
  Class 2 vs. 7          4.897      0.027  Class 2 vs. 8         12.878      0.000
  Class 2 vs. 9         23.779      0.000  Class 2 vs. 10        33.083      0.000
  Class 3 vs. 4          1.899      0.168  Class 3 vs. 5          1.260      0.262
  Class 3 vs. 6          0.005      0.946  Class 3 vs. 7          0.572      0.449
  Class 3 vs. 8          1.103      0.294  Class 3 vs. 9          2.344      0.126
  Class 3 vs. 10         7.941      0.005  Class 4 vs. 5          0.170      0.680
  Class 4 vs. 6          1.242      0.265  Class 4 vs. 7          2.211      0.137
  Class 4 vs. 8          4.264      0.039  Class 4 vs. 9          6.199      0.013
  Class 4 vs. 10        12.196      0.000  Class 5 vs. 6          0.769      0.380
  Class 5 vs. 7          1.690      0.194  Class 5 vs. 8          3.793      0.051
  Class 5 vs. 9          6.230      0.013  Class 5 vs. 10        13.740      0.000
  Class 6 vs. 7          0.407      0.524  Class 6 vs. 8          0.579      0.447
  Class 6 vs. 9          1.034      0.309  Class 6 vs. 10         4.213      0.040
  Class 7 vs. 8          0.010      0.922  Class 7 vs. 9          0.000      0.991
  Class 7 vs. 10         0.614      0.433  Class 8 vs. 9          0.030      0.862
  Class 8 vs. 10         1.726      0.189  Class 9 vs. 10         1.781      0.182

STEMJOB1
                          Mean       S.E.                          Mean       S.E.

  Class 1                0.131      0.040  Class 2                0.130      0.078
  Class 3                0.127      0.019  Class 4                0.082      0.044
  Class 5                0.102      0.026  Class 6                0.105      0.034
  Class 7                0.173      0.053  Class 8                0.174      0.029
  Class 9                0.178      0.021  Class 10               0.186      0.023

                    Chi-Square     P-Value                   Chi-Square     P-Value

  Overall test           7.156      0.621  Class 1 vs. 2          0.000      0.997
  Class 1 vs. 3          0.006      0.940  Class 1 vs. 4          0.663      0.416
  Class 1 vs. 5          0.334      0.563  Class 1 vs. 6          0.241      0.623
  Class 1 vs. 7          0.392      0.531  Class 1 vs. 8          0.742      0.389
  Class 1 vs. 9          1.092      0.296  Class 1 vs. 10         1.444      0.230
  Class 2 vs. 3          0.001      0.969  Class 2 vs. 4          0.282      0.595
  Class 2 vs. 5          0.115      0.735  Class 2 vs. 6          0.089      0.765
  Class 2 vs. 7          0.206      0.650  Class 2 vs. 8          0.274      0.601
  Class 2 vs. 9          0.346      0.557  Class 2 vs. 10         0.472      0.492
  Class 3 vs. 4          0.927      0.336  Class 3 vs. 5          0.564      0.453
  Class 3 vs. 6          0.320      0.572  Class 3 vs. 7          0.658      0.417
  Class 3 vs. 8          1.725      0.189  Class 3 vs. 9          3.098      0.078
  Class 3 vs. 10         3.924      0.048  Class 4 vs. 5          0.171      0.680
  Class 4 vs. 6          0.167      0.683  Class 4 vs. 7          1.792      0.181
  Class 4 vs. 8          3.061      0.080  Class 4 vs. 9          3.841      0.050
  Class 4 vs. 10         4.513      0.034  Class 5 vs. 6          0.002      0.960
  Class 5 vs. 7          1.441      0.230  Class 5 vs. 8          3.207      0.073
  Class 5 vs. 9          4.988      0.026  Class 5 vs. 10         5.938      0.015
  Class 6 vs. 7          1.195      0.274  Class 6 vs. 8          2.211      0.137
  Class 6 vs. 9          3.259      0.071  Class 6 vs. 10         4.042      0.044
  Class 7 vs. 8          0.000      0.993  Class 7 vs. 9          0.007      0.932
  Class 7 vs. 10         0.052      0.819  Class 8 vs. 9          0.014      0.906
  Class 8 vs. 10         0.110      0.740  Class 9 vs. 10         0.064      0.800



TECHNICAL 11 OUTPUT

     Random Starts Specifications for the k-1 Class Analysis Model
        Number of initial stage random starts                 200
        Number of final stage optimizations                    50



     VUONG-LO-MENDELL-RUBIN LIKELIHOOD RATIO TEST FOR 9 (H0) VERSUS 10 CLASSES

          H0 Loglikelihood Value                       -40026.765
          2 Times the Loglikelihood Difference            231.893
          Difference in the Number of Parameters               11
          Mean                                           -212.680
          Standard Deviation                              429.193
          P-Value                                          0.1501

     LO-MENDELL-RUBIN ADJUSTED LRT TEST

          Value                                           229.297
          P-Value                                          0.1516


TECHNICAL 14 OUTPUT

     Random Starts Specifications for the k-1 Class Analysis Model
        Number of initial stage random starts                 200
        Number of final stage optimizations                    50

     Random Starts Specification for the k-1 Class Model for Generated Data
        Number of initial stage random starts                   0
        Number of final stage optimizations for the
           initial stage random starts                          0
     Random Starts Specification for the k Class Model for Generated Data
        Number of initial stage random starts                  20
        Number of final stage optimizations                     5
     Number of bootstrap draws requested                   Varies


     PARAMETRIC BOOTSTRAPPED LIKELIHOOD RATIO TEST FOR 9 (H0) VERSUS 10 CLASSES

          H0 Loglikelihood Value                       -40026.765
          2 Times the Loglikelihood Difference            231.893
          Difference in the Number of Parameters               11
          Approximate P-Value                              0.0000
          Successful Bootstrap Draws                            5

     WARNING:  THE BEST LOGLIKELIHOOD VALUE WAS NOT REPLICATED IN 5 OUT OF 5
     BOOTSTRAP DRAWS.  THE P-VALUE MAY NOT BE TRUSTWORTHY DUE TO LOCAL
     MAXIMA. INCREASE THE NUMBER OF RANDOM STARTS USING THE LRTSTARTS OPTION.



PLOT INFORMATION

The following plots are available:

  Histograms (sample values, estimated values)
  Scatterplots (sample values, estimated values)
  Sample means
  Estimated means
  Sample and estimated means
  Observed individual values
  Estimated individual values
  Estimated means and observed individual values
  Estimated means and estimated individual values
  Mixture distributions

     Beginning Time:  10:26:19
        Ending Time:  10:39:29
       Elapsed Time:  00:13:10



MUTHEN & MUTHEN
3463 Stoner Ave.
Los Angeles, CA  90066

Tel: (310) 391-9971
Fax: (310) 391-8971
Web: www.StatModel.com
Support: Support@StatModel.com

Copyright (c) 1998-2010 Muthen & Muthen
