Mplus VERSION 6.1
MUTHEN & MUTHEN
07/15/2012   5:17 PM

INPUT INSTRUCTIONS

  data:
  file is recodedLSAY.dat;

  Variable:
  names are
  CASENUM COHORT AB39A AB39B AB39C AB39D AB39E AB39F AB39G AB39H AB39I AB39J
  AB39K AB39L AB39M AB39N AB39O AB39P AB39Q AB39R AB39S AB39T AB39U AB39V
  AB39W AB39X MTH7 SCI7 PEDUC PEDUC3 RSEDAN RSEDAN6 RSEDAN5 RBACC RMAJFIR
  RMAJFIR2 RMAJLST2 RMAJLST RGRMAJ RGRMAJ10 RSTEMM RSTEMMX RSTEMMB
  RSTEMMA WEIGHT7 WEIGHT8 WEIGHT9 WEIGHT10 WEIGHT11 WEIGHT12 WEIGHTP1 WEIGHTP2
  WEIGHTP4 WGT12A WEIGHTR GENDER RACETH3 RACETH STEMJOB STEMJOB1;


  missing are all (9999);
  classes =c (3);

  auxiliary =   STEMJOB(e)  STEMJOB1 (e);
  usevar = AB39A AB39H AB39I AB39K AB39L AB39M AB39T
  AB39U AB39W AB39X;

  Analysis:
  Type=mixture;
   starts = 200 50;
   process = 4(starts);

  Output:
   sampstat tech11 tech14;

   Plot:
  type=plot3;
  series =AB39A - AB39X (*);



*** WARNING in MODEL command
  All variables are uncorrelated with all other variables within class.
  Check that this is what is intended.
*** WARNING
  Data set contains cases with missing on all variables.
  These cases were not included in the analysis.
  Number of cases with missing on all variables:  1076
*** WARNING
  Data set contains cases with missing on all variables except
  x-variables.  These cases were not included in the analysis.
  Number of cases with missing on all variables except x-variables:  1801
   3 WARNING(S) FOUND IN THE INPUT INSTRUCTIONS




SUMMARY OF ANALYSIS

Number of groups                                                 1
Number of observations                                        3068

Number of dependent variables                                   10
Number of independent variables                                  0
Number of continuous latent variables                            0
Number of categorical latent variables                           1

Observed dependent variables

  Continuous
   AB39A       AB39H       AB39I       AB39K       AB39L       AB39M
   AB39T       AB39U       AB39W       AB39X

Observed auxiliary variables
   STEMJOB     STEMJOB1

Categorical latent variables
   C


Estimator                                                      MLR
Information matrix                                        OBSERVED
Optimization Specifications for the Quasi-Newton Algorithm for
Continuous Outcomes
  Maximum number of iterations                                 100
  Convergence criterion                                  0.100D-05
Optimization Specifications for the EM Algorithm
  Maximum number of iterations                                 500
  Convergence criteria
    Loglikelihood change                                 0.100D-06
    Relative loglikelihood change                        0.100D-06
    Derivative                                           0.100D-05
Optimization Specifications for the M step of the EM Algorithm for
Categorical Latent variables
  Number of M step iterations                                    1
  M step convergence criterion                           0.100D-05
  Basis for M step termination                           ITERATION
Optimization Specifications for the M step of the EM Algorithm for
Censored, Binary or Ordered Categorical (Ordinal), Unordered
Categorical (Nominal) and Count Outcomes
  Number of M step iterations                                    1
  M step convergence criterion                           0.100D-05
  Basis for M step termination                           ITERATION
  Maximum value for logit thresholds                            15
  Minimum value for logit thresholds                           -15
  Minimum expected cell size for chi-square              0.100D-01
Maximum number of iterations for H1                           2000
Convergence criterion for H1                             0.100D-03
Optimization algorithm                                         EMA
Random Starts Specifications
  Number of initial stage random starts                        200
  Number of final stage optimizations                           50
  Number of initial stage iterations                            10
  Initial stage convergence criterion                    0.100D+01
  Random starts scale                                    0.500D+01
  Random seed for generating random starts                       0

Input data file(s)
  recodedLSAY.dat
Input data format  FREE


SUMMARY OF DATA

     Number of missing data patterns            52
     Number of y missing data patterns          52
     Number of u missing data patterns           0


COVARIANCE COVERAGE OF DATA

Minimum covariance coverage value   0.100


     PROPORTION OF DATA PRESENT FOR Y


           Covariance Coverage
              AB39A         AB39H         AB39I         AB39K         AB39L
              ________      ________      ________      ________      ________
 AB39A          0.997
 AB39H          0.977         0.978
 AB39I          0.976         0.961         0.977
 AB39K          0.979         0.963         0.962         0.980
 AB39L          0.980         0.963         0.963         0.966         0.981
 AB39M          0.990         0.973         0.972         0.975         0.976
 AB39T          0.973         0.956         0.953         0.958         0.959
 AB39U          0.974         0.957         0.956         0.959         0.960
 AB39W          0.980         0.963         0.962         0.965         0.967
 AB39X          0.990         0.973         0.971         0.975         0.976


           Covariance Coverage
              AB39M         AB39T         AB39U         AB39W         AB39X
              ________      ________      ________      ________      ________
 AB39M          0.992
 AB39T          0.970         0.974
 AB39U          0.970         0.958         0.975
 AB39W          0.977         0.963         0.964         0.982
 AB39X          0.986         0.971         0.973         0.979         0.992


SAMPLE STATISTICS


     ESTIMATED SAMPLE STATISTICS


           Means
              AB39A         AB39H         AB39I         AB39K         AB39L
              ________      ________      ________      ________      ________
 1              3.687         3.867         3.754         4.053         4.040


           Means
              AB39M         AB39T         AB39U         AB39W         AB39X
              ________      ________      ________      ________      ________
 1              3.555         3.263         3.468         3.281         3.422


           Covariances
              AB39A         AB39H         AB39I         AB39K         AB39L
              ________      ________      ________      ________      ________
 AB39A          1.431
 AB39H          0.326         1.014
 AB39I          0.360         0.480         0.951
 AB39K          0.232         0.380         0.366         0.929
 AB39L          0.356         0.445         0.388         0.514         0.912
 AB39M          0.306         0.224         0.250         0.177         0.230
 AB39T          0.234         0.283         0.310         0.192         0.242
 AB39U          0.171         0.259         0.372         0.223         0.247
 AB39W          0.205         0.222         0.262         0.277         0.227
 AB39X          0.213         0.216         0.270         0.232         0.349


           Covariances
              AB39M         AB39T         AB39U         AB39W         AB39X
              ________      ________      ________      ________      ________
 AB39M          1.560
 AB39T          0.528         1.191
 AB39U          0.481         0.620         1.087
 AB39W          0.479         0.623         0.540         1.196
 AB39X          0.616         0.645         0.552         0.748         1.266


           Correlations
              AB39A         AB39H         AB39I         AB39K         AB39L
              ________      ________      ________      ________      ________
 AB39A          1.000
 AB39H          0.271         1.000
 AB39I          0.309         0.488         1.000
 AB39K          0.201         0.392         0.390         1.000
 AB39L          0.312         0.463         0.416         0.559         1.000
 AB39M          0.205         0.178         0.205         0.147         0.193
 AB39T          0.179         0.258         0.292         0.183         0.232
 AB39U          0.137         0.247         0.366         0.222         0.248
 AB39W          0.157         0.201         0.246         0.263         0.217
 AB39X          0.158         0.190         0.247         0.214         0.325


           Correlations
              AB39M         AB39T         AB39U         AB39W         AB39X
              ________      ________      ________      ________      ________
 AB39M          1.000
 AB39T          0.388         1.000
 AB39U          0.369         0.545         1.000
 AB39W          0.351         0.522         0.474         1.000
 AB39X          0.438         0.526         0.471         0.608         1.000


     MAXIMUM LOG-LIKELIHOOD VALUE FOR THE UNRESTRICTED (H1) MODEL IS -40140.397

RANDOM STARTS RESULTS RANKED FROM THE BEST TO THE WORST LOGLIKELIHOOD VALUES

Final stage loglikelihood values at local maxima, seeds, and initial stage start numbers:

          -41599.755  603842           61
          -41599.755  496881           192
          -41599.755  570782           193
          -41599.755  606576           151
          -41599.755  637345           19
          -41599.755  533738           11
          -41599.755  303634           169
          -41599.755  136842           58
          -41599.755  281558           184
          -41599.755  195873           6
          -41599.755  741888           138
          -41599.755  723775           97
          -41599.755  422103           62
          -41599.755  821011           161
          -41599.755  40340            188
          -41599.755  856536           144
          -41599.755  93468            3
          -41599.755  618000           190
          -41599.755  726035           191
          -41599.755  749453           33
          -41599.755  575700           100
          -41599.755  190339           102
          -41599.755  991329           182
          -41599.755  784664           75
          -41599.755  931874           141
          -41599.755  848331           137
          -41599.755  371246           101
          -41599.755  648555           113
          -41599.755  728038           177
          -41599.755  939021           8
          -41599.755  131856           90
          -41599.755  635245           121
          -41599.755  915107           54
          -41599.755  127215           9
          -41599.755  440841           118
          -41599.755  948615           140
          -41599.755  654136           167
          -41599.755  783110           72
          -41599.755  311214           64
          -41599.755  467339           66
          -41599.755  462953           7
          -41599.755  153942           31
          -41599.755  70118            104
          -41599.755  unperturbed      0
          -41599.755  27071            15
          -41599.755  887676           22
          -41599.755  685657           69
          -41599.755  939709           112
          -41599.755  573096           20
          -41647.680  569833           85



     WARNING:  WHEN ESTIMATING A MODEL WITH MORE THAN TWO CLASSES, IT MAY BE
     NECESSARY TO INCREASE THE NUMBER OF RANDOM STARTS USING THE STARTS OPTION
     TO AVOID LOCAL MAXIMA.


THE MODEL ESTIMATION TERMINATED NORMALLY



MODEL FIT INFORMATION

Number of Free Parameters                       42

Loglikelihood

          H0 Value                      -41599.755
          H0 Scaling Correction Factor       2.030
            for MLR

Information Criteria

          Akaike (AIC)                   83283.510
          Bayesian (BIC)                 83536.719
          Sample-Size Adjusted BIC       83403.268
            (n* = (n + 2) / 24)



FINAL CLASS COUNTS AND PROPORTIONS FOR THE LATENT CLASSES
BASED ON THE ESTIMATED MODEL

    Latent
   Classes

       1        376.07449          0.12258
       2        972.11415          0.31686
       3       1719.81136          0.56056


FINAL CLASS COUNTS AND PROPORTIONS FOR THE LATENT CLASS PATTERNS
BASED ON ESTIMATED POSTERIOR PROBABILITIES

    Latent
   Classes

       1        376.07443          0.12258
       2        972.11422          0.31686
       3       1719.81134          0.56056


CLASSIFICATION QUALITY

     Entropy                         0.794


CLASSIFICATION OF INDIVIDUALS BASED ON THEIR MOST LIKELY LATENT CLASS MEMBERSHIP

Class Counts and Proportions

    Latent
   Classes

       1              355          0.11571
       2              953          0.31063
       3             1760          0.57366


Average Latent Class Probabilities for Most Likely Latent Class Membership (Row)
by Latent Class (Column)

           1        2        3

    1   0.869    0.001    0.131
    2   0.000    0.918    0.082
    3   0.038    0.055    0.906


MODEL RESULTS

                                                    Two-Tailed
                    Estimate       S.E.  Est./S.E.    P-Value

Latent Class 1

 Means
    AB39A              2.683      0.449      5.976      0.000
    AB39H              2.679      0.299      8.966      0.000
    AB39I              2.653      0.386      6.870      0.000
    AB39K              2.740      0.210     13.024      0.000
    AB39L              2.633      0.280      9.412      0.000
    AB39M              2.774      0.368      7.537      0.000
    AB39T              2.506      0.360      6.951      0.000
    AB39U              2.671      0.342      7.800      0.000
    AB39W              2.516      0.327      7.691      0.000
    AB39X              2.569      0.326      7.870      0.000

 Variances
    AB39A              1.251      0.046     26.988      0.000
    AB39H              0.759      0.037     20.341      0.000
    AB39I              0.684      0.028     24.771      0.000
    AB39K              0.636      0.083      7.653      0.000
    AB39L              0.569      0.067      8.510      0.000
    AB39M              1.261      0.037     33.783      0.000
    AB39T              0.775      0.028     27.827      0.000
    AB39U              0.734      0.029     24.930      0.000
    AB39W              0.778      0.027     29.000      0.000
    AB39X              0.791      0.027     29.119      0.000

Latent Class 2

 Means
    AB39A              4.106      0.043     96.354      0.000
    AB39H              4.370      0.040    109.807      0.000
    AB39I              4.351      0.037    116.202      0.000
    AB39K              4.554      0.035    129.506      0.000
    AB39L              4.606      0.033    139.601      0.000
    AB39M              4.317      0.038    113.481      0.000
    AB39T              4.192      0.046     90.409      0.000
    AB39U              4.307      0.039    111.528      0.000
    AB39W              4.210      0.051     82.521      0.000
    AB39X              4.407      0.045     98.744      0.000

 Variances
    AB39A              1.251      0.046     26.988      0.000
    AB39H              0.759      0.037     20.341      0.000
    AB39I              0.684      0.028     24.771      0.000
    AB39K              0.636      0.083      7.653      0.000
    AB39L              0.569      0.067      8.510      0.000
    AB39M              1.261      0.037     33.783      0.000
    AB39T              0.775      0.028     27.827      0.000
    AB39U              0.734      0.029     24.930      0.000
    AB39W              0.778      0.027     29.000      0.000
    AB39X              0.791      0.027     29.119      0.000

Latent Class 3

 Means
    AB39A              3.669      0.065     56.430      0.000
    AB39H              3.844      0.121     31.791      0.000
    AB39I              3.659      0.081     45.042      0.000
    AB39K              4.057      0.163     24.881      0.000
    AB39L              4.032      0.153     26.299      0.000
    AB39M              3.296      0.045     73.531      0.000
    AB39T              2.903      0.043     68.237      0.000
    AB39U              3.167      0.038     82.369      0.000
    AB39W              2.923      0.039     75.464      0.000
    AB39X              3.050      0.043     70.358      0.000

 Variances
    AB39A              1.251      0.046     26.988      0.000
    AB39H              0.759      0.037     20.341      0.000
    AB39I              0.684      0.028     24.771      0.000
    AB39K              0.636      0.083      7.653      0.000
    AB39L              0.569      0.067      8.510      0.000
    AB39M              1.261      0.037     33.783      0.000
    AB39T              0.775      0.028     27.827      0.000
    AB39U              0.734      0.029     24.930      0.000
    AB39W              0.778      0.027     29.000      0.000
    AB39X              0.791      0.027     29.119      0.000

Categorical Latent Variables

 Means
    C#1               -1.520      0.777     -1.957      0.050
    C#2               -0.570      0.142     -4.007      0.000


QUALITY OF NUMERICAL RESULTS

     Condition Number for the Information Matrix              0.239E-02
       (ratio of smallest to largest eigenvalue)


EQUALITY TESTS OF MEANS ACROSS CLASSES USING POSTERIOR PROBABILITY-BASED
MULTIPLE IMPUTATIONS WITH 2 DEGREE(S) OF FREEDOM FOR THE OVERALL TEST AND
1 DEGREE OF FREEDOM FOR THE PAIRWISE TESTS

STEMJOB
                          Mean       S.E.

  Class 1                0.023      0.012
  Class 2                0.118      0.014
  Class 3                0.070      0.008

                    Chi-Square     P-Value

  Overall test          28.486      0.000
  Class 1 vs. 2         28.082      0.000
  Class 1 vs. 3          9.955      0.002
  Class 2 vs. 3          8.389      0.004

STEMJOB1
                          Mean       S.E.

  Class 1                0.104      0.022
  Class 2                0.190      0.017
  Class 3                0.139      0.011

                    Chi-Square     P-Value

  Overall test          12.041      0.002
  Class 1 vs. 2          9.143      0.002
  Class 1 vs. 3          1.814      0.178
  Class 2 vs. 3          5.844      0.016



TECHNICAL 11 OUTPUT

     Random Starts Specifications for the k-1 Class Analysis Model
        Number of initial stage random starts                 200
        Number of final stage optimizations                    50



     VUONG-LO-MENDELL-RUBIN LIKELIHOOD RATIO TEST FOR 2 (H0) VERSUS 3 CLASSES

          H0 Loglikelihood Value                       -42349.043
          2 Times the Loglikelihood Difference           1498.577
          Difference in the Number of Parameters               11
          Mean                                           1307.854
          Standard Deviation                             1828.228
          P-Value                                          0.2843

     LO-MENDELL-RUBIN ADJUSTED LRT TEST

          Value                                          1481.799
          P-Value                                          0.2870


TECHNICAL 14 OUTPUT

     Random Starts Specifications for the k-1 Class Analysis Model
        Number of initial stage random starts                 200
        Number of final stage optimizations                    50

     Random Starts Specification for the k-1 Class Model for Generated Data
        Number of initial stage random starts                   0
        Number of final stage optimizations for the
           initial stage random starts                          0
     Random Starts Specification for the k Class Model for Generated Data
        Number of initial stage random starts                  20
        Number of final stage optimizations                     5
     Number of bootstrap draws requested                   Varies


     PARAMETRIC BOOTSTRAPPED LIKELIHOOD RATIO TEST FOR 2 (H0) VERSUS 3 CLASSES

          H0 Loglikelihood Value                       -42349.043
          2 Times the Loglikelihood Difference           1498.577
          Difference in the Number of Parameters               11
          Approximate P-Value                              0.0000
          Successful Bootstrap Draws                            5

     WARNING:  THE BEST LOGLIKELIHOOD VALUE WAS NOT REPLICATED IN 4 OUT OF 5
     BOOTSTRAP DRAWS.  THE P-VALUE MAY NOT BE TRUSTWORTHY DUE TO LOCAL
     MAXIMA. INCREASE THE NUMBER OF RANDOM STARTS USING THE LRTSTARTS OPTION.



PLOT INFORMATION

The following plots are available:

  Histograms (sample values, estimated values)
  Scatterplots (sample values, estimated values)
  Sample means
  Estimated means
  Sample and estimated means
  Observed individual values
  Estimated individual values
  Estimated means and observed individual values
  Estimated means and estimated individual values
  Mixture distributions

     Beginning Time:  17:17:08
        Ending Time:  17:19:07
       Elapsed Time:  00:01:59



MUTHEN & MUTHEN
3463 Stoner Ave.
Los Angeles, CA  90066

Tel: (310) 391-9971
Fax: (310) 391-8971
Web: www.StatModel.com
Support: Support@StatModel.com

Copyright (c) 1998-2010 Muthen & Muthen
