Mplus VERSION 6.1
MUTHEN & MUTHEN
07/16/2012   9:50 AM

INPUT INSTRUCTIONS

  data:
  file is recodedLSAY.dat;

  Variable:
  names are
  CASENUM COHORT AB39A AB39B AB39C AB39D AB39E AB39F AB39G AB39H AB39I AB39J
  AB39K AB39L AB39M AB39N AB39O AB39P AB39Q AB39R AB39S AB39T AB39U AB39V
  AB39W AB39X MTH7 SCI7 PEDUC PEDUC3 RSEDAN RSEDAN6 RSEDAN5 RBACC RMAJFIR
  RMAJFIR2 RMAJLST2 RMAJLST RGRMAJ RGRMAJ10 RSTEMM RSTEMMX RSTEMMB
  RSTEMMA WEIGHT7 WEIGHT8 WEIGHT9 WEIGHT10 WEIGHT11 WEIGHT12 WEIGHTP1 WEIGHTP2
  WEIGHTP4 WGT12A WEIGHTR GENDER RACETH3 RACETH STEMJOB STEMJOB1;


  missing are all (9999);
  classes =c (7);

  auxiliary =   STEMJOB(e)  STEMJOB1 (e);
  usevar = AB39A AB39H AB39I AB39K AB39L AB39M AB39T
  AB39U AB39W AB39X;

  Analysis:
  Type=mixture;
   starts = 200 50;
   process = 4(starts);

  Output:
   sampstat tech11 tech14;

   Plot:
  type=plot3;
  series =AB39A - AB39X (*);



*** WARNING in MODEL command
  All variables are uncorrelated with all other variables within class.
  Check that this is what is intended.
*** WARNING
  Data set contains cases with missing on all variables.
  These cases were not included in the analysis.
  Number of cases with missing on all variables:  1076
*** WARNING
  Data set contains cases with missing on all variables except
  x-variables.  These cases were not included in the analysis.
  Number of cases with missing on all variables except x-variables:  1801
   3 WARNING(S) FOUND IN THE INPUT INSTRUCTIONS




SUMMARY OF ANALYSIS

Number of groups                                                 1
Number of observations                                        3068

Number of dependent variables                                   10
Number of independent variables                                  0
Number of continuous latent variables                            0
Number of categorical latent variables                           1

Observed dependent variables

  Continuous
   AB39A       AB39H       AB39I       AB39K       AB39L       AB39M
   AB39T       AB39U       AB39W       AB39X

Observed auxiliary variables
   STEMJOB     STEMJOB1

Categorical latent variables
   C


Estimator                                                      MLR
Information matrix                                        OBSERVED
Optimization Specifications for the Quasi-Newton Algorithm for
Continuous Outcomes
  Maximum number of iterations                                 100
  Convergence criterion                                  0.100D-05
Optimization Specifications for the EM Algorithm
  Maximum number of iterations                                 500
  Convergence criteria
    Loglikelihood change                                 0.100D-06
    Relative loglikelihood change                        0.100D-06
    Derivative                                           0.100D-05
Optimization Specifications for the M step of the EM Algorithm for
Categorical Latent variables
  Number of M step iterations                                    1
  M step convergence criterion                           0.100D-05
  Basis for M step termination                           ITERATION
Optimization Specifications for the M step of the EM Algorithm for
Censored, Binary or Ordered Categorical (Ordinal), Unordered
Categorical (Nominal) and Count Outcomes
  Number of M step iterations                                    1
  M step convergence criterion                           0.100D-05
  Basis for M step termination                           ITERATION
  Maximum value for logit thresholds                            15
  Minimum value for logit thresholds                           -15
  Minimum expected cell size for chi-square              0.100D-01
Maximum number of iterations for H1                           2000
Convergence criterion for H1                             0.100D-03
Optimization algorithm                                         EMA
Random Starts Specifications
  Number of initial stage random starts                        200
  Number of final stage optimizations                           50
  Number of initial stage iterations                            10
  Initial stage convergence criterion                    0.100D+01
  Random starts scale                                    0.500D+01
  Random seed for generating random starts                       0

Input data file(s)
  recodedLSAY.dat
Input data format  FREE


SUMMARY OF DATA

     Number of missing data patterns            52
     Number of y missing data patterns          52
     Number of u missing data patterns           0


COVARIANCE COVERAGE OF DATA

Minimum covariance coverage value   0.100


     PROPORTION OF DATA PRESENT FOR Y


           Covariance Coverage
              AB39A         AB39H         AB39I         AB39K         AB39L
              ________      ________      ________      ________      ________
 AB39A          0.997
 AB39H          0.977         0.978
 AB39I          0.976         0.961         0.977
 AB39K          0.979         0.963         0.962         0.980
 AB39L          0.980         0.963         0.963         0.966         0.981
 AB39M          0.990         0.973         0.972         0.975         0.976
 AB39T          0.973         0.956         0.953         0.958         0.959
 AB39U          0.974         0.957         0.956         0.959         0.960
 AB39W          0.980         0.963         0.962         0.965         0.967
 AB39X          0.990         0.973         0.971         0.975         0.976


           Covariance Coverage
              AB39M         AB39T         AB39U         AB39W         AB39X
              ________      ________      ________      ________      ________
 AB39M          0.992
 AB39T          0.970         0.974
 AB39U          0.970         0.958         0.975
 AB39W          0.977         0.963         0.964         0.982
 AB39X          0.986         0.971         0.973         0.979         0.992


SAMPLE STATISTICS


     ESTIMATED SAMPLE STATISTICS


           Means
              AB39A         AB39H         AB39I         AB39K         AB39L
              ________      ________      ________      ________      ________
 1              3.687         3.867         3.754         4.053         4.040


           Means
              AB39M         AB39T         AB39U         AB39W         AB39X
              ________      ________      ________      ________      ________
 1              3.555         3.263         3.468         3.281         3.422


           Covariances
              AB39A         AB39H         AB39I         AB39K         AB39L
              ________      ________      ________      ________      ________
 AB39A          1.431
 AB39H          0.326         1.014
 AB39I          0.360         0.480         0.951
 AB39K          0.232         0.380         0.366         0.929
 AB39L          0.356         0.445         0.388         0.514         0.912
 AB39M          0.306         0.224         0.250         0.177         0.230
 AB39T          0.234         0.283         0.310         0.192         0.242
 AB39U          0.171         0.259         0.372         0.223         0.247
 AB39W          0.205         0.222         0.262         0.277         0.227
 AB39X          0.213         0.216         0.270         0.232         0.349


           Covariances
              AB39M         AB39T         AB39U         AB39W         AB39X
              ________      ________      ________      ________      ________
 AB39M          1.560
 AB39T          0.528         1.191
 AB39U          0.481         0.620         1.087
 AB39W          0.479         0.623         0.540         1.196
 AB39X          0.616         0.645         0.552         0.748         1.266


           Correlations
              AB39A         AB39H         AB39I         AB39K         AB39L
              ________      ________      ________      ________      ________
 AB39A          1.000
 AB39H          0.271         1.000
 AB39I          0.309         0.488         1.000
 AB39K          0.201         0.392         0.390         1.000
 AB39L          0.312         0.463         0.416         0.559         1.000
 AB39M          0.205         0.178         0.205         0.147         0.193
 AB39T          0.179         0.258         0.292         0.183         0.232
 AB39U          0.137         0.247         0.366         0.222         0.248
 AB39W          0.157         0.201         0.246         0.263         0.217
 AB39X          0.158         0.190         0.247         0.214         0.325


           Correlations
              AB39M         AB39T         AB39U         AB39W         AB39X
              ________      ________      ________      ________      ________
 AB39M          1.000
 AB39T          0.388         1.000
 AB39U          0.369         0.545         1.000
 AB39W          0.351         0.522         0.474         1.000
 AB39X          0.438         0.526         0.471         0.608         1.000


     MAXIMUM LOG-LIKELIHOOD VALUE FOR THE UNRESTRICTED (H1) MODEL IS -40140.397

RANDOM STARTS RESULTS RANKED FROM THE BEST TO THE WORST LOGLIKELIHOOD VALUES

Final stage loglikelihood values at local maxima, seeds, and initial stage start numbers:

          -40236.545  685657           69
          -40236.545  22089            143
          -40236.545  456213           160
          -40236.545  783110           72
          -40236.545  573096           20
          -40236.545  674171           195
          -40236.545  253358           2
          -40236.545  46437            153
          -40236.545  533738           11
          -40236.545  303634           169
          -40236.545  726035           191
          -40236.545  76337            76
          -40236.545  372176           23
          -40236.545  354559           73
          -40236.545  695155           150
          -40236.545  481835           57
          -40236.545  120506           45
          -40236.545  928287           197
          -40289.395  635245           121
          -40289.395  443917           60
          -40289.395  636396           168
          -40295.602  913639           162
          -40295.602  987090           70
          -40295.602  476498           179
          -40295.602  399671           13
          -40299.741  794236           127
          -40299.741  848331           137
          -40299.741  415502           194
          -40299.741  645664           39
          -40299.741  462953           7
          -40299.741  152496           123
          -40299.741  432148           30
          -40299.741  967237           48
          -40299.741  992389           77
          -40315.249  606576           151
          -40315.249  576220           115
          -40315.249  696773           80
          -40315.249  136842           58
          -40315.249  468036           131
          -40320.196  915642           40
          -40323.885  603842           61
          -40323.885  40340            188
          -40333.292  957392           79
          -40347.633  311214           64
          -40348.652  856536           144
          -40349.938  440841           118
          -40357.710  347515           24
          -40361.192  939709           112
          -40361.192  340112           126
          -40415.497  887676           22



     WARNING:  WHEN ESTIMATING A MODEL WITH MORE THAN TWO CLASSES, IT MAY BE
     NECESSARY TO INCREASE THE NUMBER OF RANDOM STARTS USING THE STARTS OPTION
     TO AVOID LOCAL MAXIMA.


THE MODEL ESTIMATION TERMINATED NORMALLY



MODEL FIT INFORMATION

Number of Free Parameters                       86

Loglikelihood

          H0 Value                      -40236.545
          H0 Scaling Correction Factor       1.622
            for MLR

Information Criteria

          Akaike (AIC)                   80645.091
          Bayesian (BIC)                 81163.566
          Sample-Size Adjusted BIC       80890.310
            (n* = (n + 2) / 24)



FINAL CLASS COUNTS AND PROPORTIONS FOR THE LATENT CLASSES
BASED ON THE ESTIMATED MODEL

    Latent
   Classes

       1         89.36215          0.02913
       2        752.12438          0.24515
       3        885.84815          0.28874
       4        554.05484          0.18059
       5        202.39803          0.06597
       6         63.50549          0.02070
       7        520.70696          0.16972


FINAL CLASS COUNTS AND PROPORTIONS FOR THE LATENT CLASS PATTERNS
BASED ON ESTIMATED POSTERIOR PROBABILITIES

    Latent
   Classes

       1         89.36213          0.02913
       2        752.12441          0.24515
       3        885.84817          0.28874
       4        554.05474          0.18059
       5        202.39798          0.06597
       6         63.50548          0.02070
       7        520.70710          0.16972


CLASSIFICATION QUALITY

     Entropy                         0.788


CLASSIFICATION OF INDIVIDUALS BASED ON THEIR MOST LIKELY LATENT CLASS MEMBERSHIP

Class Counts and Proportions

    Latent
   Classes

       1               88          0.02868
       2              778          0.25359
       3              903          0.29433
       4              523          0.17047
       5              206          0.06714
       6               58          0.01890
       7              512          0.16688


Average Latent Class Probabilities for Most Likely Latent Class Membership (Row)
by Latent Class (Column)

           1        2        3        4        5        6        7

    1   0.921    0.000    0.057    0.000    0.012    0.010    0.000
    2   0.000    0.777    0.074    0.092    0.000    0.001    0.057
    3   0.007    0.059    0.857    0.050    0.016    0.010    0.001
    4   0.000    0.114    0.065    0.785    0.018    0.000    0.018
    5   0.003    0.000    0.058    0.077    0.862    0.000    0.000
    6   0.020    0.012    0.060    0.000    0.000    0.908    0.000
    7   0.000    0.066    0.000    0.022    0.000    0.000    0.911


MODEL RESULTS

                                                    Two-Tailed
                    Estimate       S.E.  Est./S.E.    P-Value

Latent Class 1

 Means
    AB39A              2.168      0.210     10.326      0.000
    AB39H              2.138      0.216      9.901      0.000
    AB39I              2.078      0.205     10.162      0.000
    AB39K              2.493      0.262      9.504      0.000
    AB39L              2.121      0.203     10.458      0.000
    AB39M              2.112      0.162     13.035      0.000
    AB39T              1.718      0.121     14.220      0.000
    AB39U              1.874      0.169     11.058      0.000
    AB39W              1.666      0.143     11.616      0.000
    AB39X              1.613      0.142     11.341      0.000

 Variances
    AB39A              1.245      0.035     35.935      0.000
    AB39H              0.656      0.030     21.978      0.000
    AB39I              0.627      0.026     24.401      0.000
    AB39K              0.537      0.031     17.127      0.000
    AB39L              0.373      0.033     11.141      0.000
    AB39M              1.143      0.036     31.854      0.000
    AB39T              0.617      0.028     21.953      0.000
    AB39U              0.637      0.028     23.152      0.000
    AB39W              0.561      0.030     18.870      0.000
    AB39X              0.538      0.047     11.445      0.000

Latent Class 2

 Means
    AB39A              3.707      0.054     69.290      0.000
    AB39H              3.785      0.049     77.472      0.000
    AB39I              3.768      0.040     93.351      0.000
    AB39K              4.031      0.060     66.938      0.000
    AB39L              4.092      0.081     50.525      0.000
    AB39M              3.989      0.045     88.459      0.000
    AB39T              3.643      0.056     65.433      0.000
    AB39U              3.815      0.060     63.307      0.000
    AB39W              3.753      0.069     54.739      0.000
    AB39X              3.976      0.077     51.358      0.000

 Variances
    AB39A              1.245      0.035     35.935      0.000
    AB39H              0.656      0.030     21.978      0.000
    AB39I              0.627      0.026     24.401      0.000
    AB39K              0.537      0.031     17.127      0.000
    AB39L              0.373      0.033     11.141      0.000
    AB39M              1.143      0.036     31.854      0.000
    AB39T              0.617      0.028     21.953      0.000
    AB39U              0.637      0.028     23.152      0.000
    AB39W              0.561      0.030     18.870      0.000
    AB39X              0.538      0.047     11.445      0.000

Latent Class 3

 Means
    AB39A              3.329      0.055     60.142      0.000
    AB39H              3.321      0.053     63.109      0.000
    AB39I              3.257      0.047     69.781      0.000
    AB39K              3.509      0.051     68.456      0.000
    AB39L              3.405      0.049     69.046      0.000
    AB39M              3.143      0.065     48.638      0.000
    AB39T              2.870      0.055     51.815      0.000
    AB39U              3.078      0.044     70.444      0.000
    AB39W              2.854      0.049     58.797      0.000
    AB39X              2.939      0.047     62.219      0.000

 Variances
    AB39A              1.245      0.035     35.935      0.000
    AB39H              0.656      0.030     21.978      0.000
    AB39I              0.627      0.026     24.401      0.000
    AB39K              0.537      0.031     17.127      0.000
    AB39L              0.373      0.033     11.141      0.000
    AB39M              1.143      0.036     31.854      0.000
    AB39T              0.617      0.028     21.953      0.000
    AB39U              0.637      0.028     23.152      0.000
    AB39W              0.561      0.030     18.870      0.000
    AB39X              0.538      0.047     11.445      0.000

Latent Class 4

 Means
    AB39A              3.968      0.061     64.576      0.000
    AB39H              4.386      0.067     65.220      0.000
    AB39I              4.086      0.076     53.471      0.000
    AB39K              4.566      0.051     90.040      0.000
    AB39L              4.643      0.053     87.340      0.000
    AB39M              3.482      0.100     34.747      0.000
    AB39T              3.038      0.079     38.289      0.000
    AB39U              3.380      0.072     46.824      0.000
    AB39W              2.954      0.066     45.082      0.000
    AB39X              3.153      0.117     26.941      0.000

 Variances
    AB39A              1.245      0.035     35.935      0.000
    AB39H              0.656      0.030     21.978      0.000
    AB39I              0.627      0.026     24.401      0.000
    AB39K              0.537      0.031     17.127      0.000
    AB39L              0.373      0.033     11.141      0.000
    AB39M              1.143      0.036     31.854      0.000
    AB39T              0.617      0.028     21.953      0.000
    AB39U              0.637      0.028     23.152      0.000
    AB39W              0.561      0.030     18.870      0.000
    AB39X              0.538      0.047     11.445      0.000

Latent Class 5

 Means
    AB39A              3.772      0.115     32.754      0.000
    AB39H              4.230      0.089     47.762      0.000
    AB39I              3.922      0.100     39.160      0.000
    AB39K              4.516      0.074     60.875      0.000
    AB39L              4.484      0.077     58.293      0.000
    AB39M              2.239      0.125     17.954      0.000
    AB39T              1.717      0.086     19.924      0.000
    AB39U              2.177      0.134     16.188      0.000
    AB39W              1.714      0.087     19.618      0.000
    AB39X              1.696      0.087     19.408      0.000

 Variances
    AB39A              1.245      0.035     35.935      0.000
    AB39H              0.656      0.030     21.978      0.000
    AB39I              0.627      0.026     24.401      0.000
    AB39K              0.537      0.031     17.127      0.000
    AB39L              0.373      0.033     11.141      0.000
    AB39M              1.143      0.036     31.854      0.000
    AB39T              0.617      0.028     21.953      0.000
    AB39U              0.637      0.028     23.152      0.000
    AB39W              0.561      0.030     18.870      0.000
    AB39X              0.538      0.047     11.445      0.000

Latent Class 6

 Means
    AB39A              3.028      0.339      8.940      0.000
    AB39H              2.818      0.272     10.379      0.000
    AB39I              2.602      0.371      7.019      0.000
    AB39K              2.096      0.291      7.213      0.000
    AB39L              1.594      0.199      8.014      0.000
    AB39M              3.463      0.248     13.948      0.000
    AB39T              3.202      0.345      9.287      0.000
    AB39U              3.208      0.262     12.244      0.000
    AB39W              3.496      0.297     11.787      0.000
    AB39X              3.451      0.402      8.593      0.000

 Variances
    AB39A              1.245      0.035     35.935      0.000
    AB39H              0.656      0.030     21.978      0.000
    AB39I              0.627      0.026     24.401      0.000
    AB39K              0.537      0.031     17.127      0.000
    AB39L              0.373      0.033     11.141      0.000
    AB39M              1.143      0.036     31.854      0.000
    AB39T              0.617      0.028     21.953      0.000
    AB39U              0.637      0.028     23.152      0.000
    AB39W              0.561      0.030     18.870      0.000
    AB39X              0.538      0.047     11.445      0.000

Latent Class 7

 Means
    AB39A              4.273      0.050     85.339      0.000
    AB39H              4.648      0.041    112.125      0.000
    AB39I              4.596      0.041    112.711      0.000
    AB39K              4.795      0.023    211.610      0.000
    AB39L              4.861      0.021    227.215      0.000
    AB39M              4.478      0.041    108.690      0.000
    AB39T              4.494      0.045     99.976      0.000
    AB39U              4.527      0.044    103.144      0.000
    AB39W              4.538      0.049     93.317      0.000
    AB39X              4.705      0.031    151.014      0.000

 Variances
    AB39A              1.245      0.035     35.935      0.000
    AB39H              0.656      0.030     21.978      0.000
    AB39I              0.627      0.026     24.401      0.000
    AB39K              0.537      0.031     17.127      0.000
    AB39L              0.373      0.033     11.141      0.000
    AB39M              1.143      0.036     31.854      0.000
    AB39T              0.617      0.028     21.953      0.000
    AB39U              0.637      0.028     23.152      0.000
    AB39W              0.561      0.030     18.870      0.000
    AB39X              0.538      0.047     11.445      0.000

Categorical Latent Variables

 Means
    C#1               -1.762      0.227     -7.748      0.000
    C#2                0.368      0.115      3.193      0.001
    C#3                0.531      0.103      5.179      0.000
    C#4                0.062      0.126      0.493      0.622
    C#5               -0.945      0.146     -6.453      0.000
    C#6               -2.104      0.224     -9.390      0.000


QUALITY OF NUMERICAL RESULTS

     Condition Number for the Information Matrix              0.195E-02
       (ratio of smallest to largest eigenvalue)


EQUALITY TESTS OF MEANS ACROSS CLASSES USING POSTERIOR PROBABILITY-BASED
MULTIPLE IMPUTATIONS WITH 6 DEGREE(S) OF FREEDOM FOR THE OVERALL TEST AND
1 DEGREE OF FREEDOM FOR THE PAIRWISE TESTS

STEMJOB
                          Mean       S.E.                          Mean       S.E.

  Class 1                0.015      0.018  Class 2                0.093      0.016
  Class 3                0.053      0.011  Class 4                0.081      0.017
  Class 5                0.060      0.023  Class 6                0.002      0.012
  Class 7                0.130      0.020

                    Chi-Square     P-Value                   Chi-Square     P-Value

  Overall test          66.376      0.000  Class 1 vs. 2         10.523      0.001
  Class 1 vs. 3          3.082      0.079  Class 1 vs. 4          7.038      0.008
  Class 1 vs. 5          2.331      0.127  Class 1 vs. 6          0.318      0.573
  Class 1 vs. 7         17.619      0.000  Class 2 vs. 3          4.193      0.041
  Class 2 vs. 4          0.265      0.607  Class 2 vs. 5          1.384      0.239
  Class 2 vs. 6         21.379      0.000  Class 2 vs. 7          1.941      0.164
  Class 3 vs. 4          1.935      0.164  Class 3 vs. 5          0.081      0.776
  Class 3 vs. 6          9.734      0.002  Class 3 vs. 7         11.650      0.001
  Class 4 vs. 5          0.495      0.482  Class 4 vs. 6         15.071      0.000
  Class 4 vs. 7          3.483      0.062  Class 5 vs. 6          4.955      0.026
  Class 5 vs. 7          5.381      0.020  Class 6 vs. 7         30.797      0.000

STEMJOB1
                          Mean       S.E.                          Mean       S.E.

  Class 1                0.124      0.048  Class 2                0.177      0.020
  Class 3                0.121      0.015  Class 4                0.160      0.022
  Class 5                0.102      0.029  Class 6                0.065      0.050
  Class 7                0.185      0.023

                    Chi-Square     P-Value                   Chi-Square     P-Value

  Overall test          16.567      0.011  Class 1 vs. 2          1.026      0.311
  Class 1 vs. 3          0.005      0.946  Class 1 vs. 4          0.442      0.506
  Class 1 vs. 5          0.155      0.694  Class 1 vs. 6          0.746      0.388
  Class 1 vs. 7          1.304      0.254  Class 2 vs. 3          4.586      0.032
  Class 2 vs. 4          0.310      0.577  Class 2 vs. 5          4.281      0.039
  Class 2 vs. 6          4.228      0.040  Class 2 vs. 7          0.066      0.797
  Class 3 vs. 4          1.928      0.165  Class 3 vs. 5          0.321      0.571
  Class 3 vs. 6          1.134      0.287  Class 3 vs. 7          5.404      0.020
  Class 4 vs. 5          2.312      0.128  Class 4 vs. 6          3.037      0.081
  Class 4 vs. 7          0.637      0.425  Class 5 vs. 6          0.414      0.520
  Class 5 vs. 7          5.105      0.024  Class 6 vs. 7          4.879      0.027



TECHNICAL 11 OUTPUT

     Random Starts Specifications for the k-1 Class Analysis Model
        Number of initial stage random starts                 200
        Number of final stage optimizations                    50



     VUONG-LO-MENDELL-RUBIN LIKELIHOOD RATIO TEST FOR 6 (H0) VERSUS 7 CLASSES

          H0 Loglikelihood Value                       -40395.906
          2 Times the Loglikelihood Difference            318.721
          Difference in the Number of Parameters               11
          Mean                                            199.461
          Standard Deviation                              228.760
          P-Value                                          0.3011

     LO-MENDELL-RUBIN ADJUSTED LRT TEST

          Value                                           315.153
          P-Value                                          0.3065


TECHNICAL 14 OUTPUT

     Random Starts Specifications for the k-1 Class Analysis Model
        Number of initial stage random starts                 200
        Number of final stage optimizations                    50

     Random Starts Specification for the k-1 Class Model for Generated Data
        Number of initial stage random starts                   0
        Number of final stage optimizations for the
           initial stage random starts                          0
     Random Starts Specification for the k Class Model for Generated Data
        Number of initial stage random starts                  20
        Number of final stage optimizations                     5
     Number of bootstrap draws requested                   Varies


     PARAMETRIC BOOTSTRAPPED LIKELIHOOD RATIO TEST FOR 6 (H0) VERSUS 7 CLASSES

          H0 Loglikelihood Value                       -40395.906
          2 Times the Loglikelihood Difference            318.721
          Difference in the Number of Parameters               11
          Approximate P-Value                              0.0000
          Successful Bootstrap Draws                            5

     WARNING:  THE BEST LOGLIKELIHOOD VALUE WAS NOT REPLICATED IN 4 OUT OF 5
     BOOTSTRAP DRAWS.  THE P-VALUE MAY NOT BE TRUSTWORTHY DUE TO LOCAL
     MAXIMA. INCREASE THE NUMBER OF RANDOM STARTS USING THE LRTSTARTS OPTION.



PLOT INFORMATION

The following plots are available:

  Histograms (sample values, estimated values)
  Scatterplots (sample values, estimated values)
  Sample means
  Estimated means
  Sample and estimated means
  Observed individual values
  Estimated individual values
  Estimated means and observed individual values
  Estimated means and estimated individual values
  Mixture distributions

     Beginning Time:  09:50:59
        Ending Time:  09:57:45
       Elapsed Time:  00:06:46



MUTHEN & MUTHEN
3463 Stoner Ave.
Los Angeles, CA  90066

Tel: (310) 391-9971
Fax: (310) 391-8971
Web: www.StatModel.com
Support: Support@StatModel.com

Copyright (c) 1998-2010 Muthen & Muthen
