Mplus VERSION 8.11
MUTHEN & MUTHEN
07/30/2025   7:30 PM

INPUT INSTRUCTIONS

  TITLE:
  1-Class
  DATA:
  FILE = "C:/Users/dnajiarch/Box/lca-bookdown/distals/enum/dasi.dat";
  VARIABLE:
  NAMES = enjoym goodm undrstdm nervousm scaredm mathjob mathirt female;
   MISSING=.;
   categorical = enjoym-mathjob female;
  usevar = enjoym-female;
  classes = c(1);
  ANALYSIS:
  estimator = mlr;
      type = mixture;
      starts = 200 100;
      processors = 10;
  OUTPUT:
  sampstat residual tech1 tech8 tech10 tech11 tech14 svalues;



*** WARNING in MODEL command
  All variables are uncorrelated with all other variables within class.
  Check that this is what is intended.
*** WARNING in OUTPUT command
  TECH11 option is not available for TYPE=MIXTURE with only one class.
  Request for TECH11 is ignored.
*** WARNING in OUTPUT command
  TECH14 option is not available for TYPE=MIXTURE with only one class.
  Request for TECH14 is ignored.
   3 WARNING(S) FOUND IN THE INPUT INSTRUCTIONS




1-Class

SUMMARY OF ANALYSIS

Number of groups                                                 1
Number of observations                                        3116

Number of dependent variables                                    8
Number of independent variables                                  0
Number of continuous latent variables                            0
Number of categorical latent variables                           1

Observed dependent variables

  Continuous
   MATHIRT

  Binary and ordered categorical (ordinal)
   ENJOYM      GOODM       UNDRSTDM    NERVOUSM    SCAREDM     MATHJOB
   FEMALE

Categorical latent variables
   C


Estimator                                                      MLR
Information matrix                                        OBSERVED
Optimization Specifications for the Quasi-Newton Algorithm for
Continuous Outcomes
  Maximum number of iterations                                 100
  Convergence criterion                                  0.100D-05
Optimization Specifications for the EM Algorithm
  Maximum number of iterations                                 500
  Convergence criteria
    Loglikelihood change                                 0.100D-06
    Relative loglikelihood change                        0.100D-06
    Derivative                                           0.100D-05
Optimization Specifications for the M step of the EM Algorithm for
Categorical Latent variables
  Number of M step iterations                                    1
  M step convergence criterion                           0.100D-05
  Basis for M step termination                           ITERATION
Optimization Specifications for the M step of the EM Algorithm for
Censored, Binary or Ordered Categorical (Ordinal), Unordered
Categorical (Nominal) and Count Outcomes
  Number of M step iterations                                    1
  M step convergence criterion                           0.100D-05
  Basis for M step termination                           ITERATION
  Maximum value for logit thresholds                            15
  Minimum value for logit thresholds                           -15
  Minimum expected cell size for chi-square              0.100D-01
Maximum number of iterations for H1                           2000
Convergence criterion for H1                             0.100D-03
Optimization algorithm                                         EMA
Random Starts Specifications
  Number of initial stage random starts                        200
  Number of final stage optimizations                          100
  Number of initial stage iterations                            10
  Initial stage convergence criterion                    0.100D+01
  Random starts scale                                    0.500D+01
  Random seed for generating random starts                       0
Link                                                         LOGIT

Input data file(s)
  C:/Users/dnajiarch/Box/lca-bookdown/distals/enum/dasi.dat
Input data format  FREE


SUMMARY OF DATA

     Number of missing data patterns            26
     Number of y missing data patterns           2
     Number of u missing data patterns          17


COVARIANCE COVERAGE OF DATA

Minimum covariance coverage value   0.100


     PROPORTION OF DATA PRESENT


           Covariance Coverage
              ENJOYM        GOODM         UNDRSTDM      NERVOUSM      SCAREDM
              ________      ________      ________      ________      ________
 ENJOYM         0.856
 GOODM          0.855         0.857
 UNDRSTDM       0.848         0.849         0.850
 NERVOUSM       0.839         0.840         0.833         0.841
 SCAREDM        0.849         0.849         0.843         0.835         0.851
 MATHJOB        0.685         0.685         0.680         0.672         0.681
 FEMALE         0.856         0.857         0.850         0.841         0.851
 MATHIRT        0.660         0.661         0.657         0.648         0.658


           Covariance Coverage
              MATHJOB       FEMALE        MATHIRT
              ________      ________      ________
 MATHJOB        0.745
 FEMALE         0.745         1.000
 MATHIRT        0.673         0.719         0.719


     PROPORTION OF DATA PRESENT FOR U


           Covariance Coverage
              ENJOYM        GOODM         UNDRSTDM      NERVOUSM      SCAREDM
              ________      ________      ________      ________      ________
 ENJOYM         0.856
 GOODM          0.855         0.857
 UNDRSTDM       0.848         0.849         0.850
 NERVOUSM       0.839         0.840         0.833         0.841
 SCAREDM        0.849         0.849         0.843         0.835         0.851
 MATHJOB        0.685         0.685         0.680         0.672         0.681
 FEMALE         0.856         0.857         0.850         0.841         0.851


           Covariance Coverage
              MATHJOB       FEMALE
              ________      ________
 MATHJOB        0.745
 FEMALE         0.745         1.000


     PROPORTION OF DATA PRESENT FOR Y


           Covariance Coverage
              MATHIRT
              ________
 MATHIRT        0.719


UNIVARIATE PROPORTIONS AND COUNTS FOR CATEGORICAL VARIABLES

    ENJOYM
      Category 1    0.331          884.000
      Category 2    0.669         1784.000
    GOODM
      Category 1    0.307          820.000
      Category 2    0.693         1850.000
    UNDRSTDM
      Category 1    0.237          628.000
      Category 2    0.763         2020.000
    NERVOUSM
      Category 1    0.410         1076.000
      Category 2    0.590         1546.000
    SCAREDM
      Category 1    0.313          830.000
      Category 2    0.687         1821.000
    MATHJOB
      Category 1    0.312          723.000
      Category 2    0.688         1598.000
    FEMALE
      Category 1    0.522         1626.000
      Category 2    0.478         1490.000


SAMPLE STATISTICS


     ESTIMATED SAMPLE STATISTICS


           Means
              MATHIRT
              ________
               58.812


           Covariances
              MATHIRT
              ________
 MATHIRT      158.800


           Correlations
              MATHIRT
              ________
 MATHIRT        1.000


     MAXIMUM LOG-LIKELIHOOD VALUE FOR THE UNRESTRICTED (H1) MODEL IS -8858.139


UNIVARIATE SAMPLE STATISTICS


     UNIVARIATE HIGHER-ORDER MOMENT DESCRIPTIVE STATISTICS

         Variable/         Mean/     Skewness/   Minimum/ % with                Percentiles
        Sample Size      Variance    Kurtosis    Maximum  Min/Max      20%/60%    40%/80%    Median

     MATHIRT              58.812      -0.061      26.570    0.04%      46.910     55.700     59.300
            2241.000     158.800      -0.552      94.190    0.04%      62.900     70.160

RANDOM STARTS RESULTS RANKED FROM THE BEST TO THE WORST LOGLIKELIHOOD VALUES

Final stage loglikelihood values at local maxima, seeds, and initial stage start numbers:

          -20669.356  475420           71
          -20669.356  51375            148
          -20669.356  726035           191
          -20669.356  402224           91
          -20669.356  345070           114
          -20669.356  458181           189
          -20669.356  848331           137
          -20669.356  592219           119
          -20669.356  207896           25
          -20669.356  467339           66
          -20669.356  928287           197
          -20669.356  749453           33
          -20669.356  93468            3
          -20669.356  190339           102
          -20669.356  286735           175
          -20669.356  626891           32
          -20669.356  407168           44
          -20669.356  579995           183
          -20669.356  152496           123
          -20669.356  318230           46
          -20669.356  268896           124
          -20669.356  440841           118
          -20669.356  436460           89
          -20669.356  260601           36
          -20669.356  608496           4
          -20669.356  150531           154
          -20669.356  466971           109
          -20669.356  268217           83
          -20669.356  576220           115
          -20669.356  399671           13
          -20669.356  715561           125
          -20669.356  948615           140
          -20669.356  535804           111
          -20669.356  568859           49
          -20669.356  432148           30
          -20669.356  366706           29
          -20669.356  636396           168
          -20669.356  635245           121
          -20669.356  415931           10
          -20669.356  40340            188
          -20669.356  131856           90
          -20669.356  232559           136
          -20669.356  830392           35
          -20669.356  587946           120
          -20669.356  915642           40
          -20669.356  696773           80
          -20669.356  347515           24
          -20669.356  650371           14
          -20669.356  284109           82
          -20669.356  76974            16
          -20669.356  793035           187
          -20669.356  913639           162
          -20669.356  352277           42
          -20669.356  991329           182
          -20669.356  903420           5
          -20669.356  741888           138
          -20669.356  479273           156
          -20669.356  259507           53
          -20669.356  285380           1
          -20669.356  263268           165
          -20669.356  414284           158
          -20669.356  723775           97
          -20669.356  782200           84
          -20669.356  789985           67
          -20669.356  851945           18
          -20669.356  124999           96
          -20669.356  856536           144
          -20669.356  717754           180
          -20669.356  25127            107
          -20669.356  168762           200
          -20669.356  728038           177
          -20669.356  314084           81
          -20669.356  814975           129
          -20669.356  136842           58
          -20669.356  992389           77
          -20669.356  963053           43
          -20669.356  570908           98
          -20669.356  509733           130
          -20669.356  967902           52
          -20669.356  526324           178
          -20669.356  383986           159
          -20669.356  967237           48
          -20669.356  496881           192
          -20669.356  695155           150
          -20669.356  311214           64
          -20669.356  391179           78
          -20669.356  685657           69
          -20669.356  783110           72
          -20669.356  303634           169
          -20669.356  902278           21
          -20669.356  863094           147
          -20669.356  371246           101
          -20669.356  931874           141
          -20669.356  46437            153
          -20669.356  297518           166
          -20669.356  370466           41
          -20669.356  unperturbed      0
          -20669.356  609185           181
          -20669.356  821011           161
          -20669.356  603842           61



THE MODEL ESTIMATION TERMINATED NORMALLY



MODEL FIT INFORMATION

Number of Free Parameters                        9

Loglikelihood

          H0 Value                      -20669.356
          H0 Scaling Correction Factor      0.9693
            for MLR

Information Criteria

          Akaike (AIC)                   41356.712
          Bayesian (BIC)                 41411.111
          Sample-Size Adjusted BIC       41382.514
            (n* = (n + 2) / 24)

Chi-Square Test of Model Fit for the Binary and Ordered Categorical
(Ordinal) Outcomes**

          Pearson Chi-Square

          Value                           2263.757
          Degrees of Freedom                   118
          P-Value                           0.0000

          Likelihood Ratio Chi-Square

          Value                           1680.857
          Degrees of Freedom                   118
          P-Value                           0.0000

** Of the 722 cells in the latent class indicator table, 2
   were deleted in the calculation of chi-square due to extreme values.

Chi-Square Test for MCAR under the Unrestricted Latent Class Indicator Model

          Pearson Chi-Square

          Value                            634.175
          Degrees of Freedom                   578
          P-Value                           0.0525

          Likelihood Ratio Chi-Square

          Value                            329.504
          Degrees of Freedom                   578
          P-Value                           1.0000



FINAL CLASS COUNTS AND PROPORTIONS FOR THE LATENT CLASSES
BASED ON THE ESTIMATED MODEL

    Latent
   Classes

       1       3116.00000          1.00000


FINAL CLASS COUNTS AND PROPORTIONS FOR THE LATENT CLASSES
BASED ON ESTIMATED POSTERIOR PROBABILITIES

    Latent
   Classes

       1       3116.00000          1.00000


FINAL CLASS COUNTS AND PROPORTIONS FOR THE LATENT CLASSES
BASED ON THEIR MOST LIKELY LATENT CLASS MEMBERSHIP

Class Counts and Proportions

    Latent
   Classes

       1             3116          1.00000


Average Latent Class Probabilities for Most Likely Latent Class Membership (Row)
by Latent Class (Column)

           1

    1   1.000


Classification Probabilities for the Most Likely Latent Class Membership (Column)
by Latent Class (Row)

           1

    1   1.000


Logits for the Classification Probabilities for the Most Likely Latent Class Membership (Column)
by Latent Class (Row)

              1

    1      0.000


MODEL RESULTS

                                                    Two-Tailed
                    Estimate       S.E.  Est./S.E.    P-Value

Latent Class 1

 Means
    MATHIRT           58.812      0.266    220.935      0.000

 Thresholds
    ENJOYM$1          -0.702      0.041    -17.071      0.000
    GOODM$1           -0.814      0.042    -19.394      0.000
    UNDRSTDM$1        -1.168      0.046    -25.571      0.000
    NERVOUSM$1        -0.362      0.040     -9.129      0.000
    SCAREDM$1         -0.786      0.042    -18.761      0.000
    MATHJOB$1         -0.793      0.045    -17.695      0.000
    FEMALE$1           0.087      0.036      2.436      0.015

 Variances
    MATHIRT          158.800      4.036     39.346      0.000


QUALITY OF NUMERICAL RESULTS

     Condition Number for the Information Matrix              0.159E-01
       (ratio of smallest to largest eigenvalue)


RESULTS IN PROBABILITY SCALE

                                                    Two-Tailed
                    Estimate       S.E.  Est./S.E.    P-Value

Latent Class 1

 ENJOYM
    Category 1         0.331      0.009     36.360      0.000
    Category 2         0.669      0.009     73.378      0.000
 GOODM
    Category 1         0.307      0.009     34.401      0.000
    Category 2         0.693      0.009     77.613      0.000
 UNDRSTDM
    Category 1         0.237      0.008     28.692      0.000
    Category 2         0.763      0.008     92.290      0.000
 NERVOUSM
    Category 1         0.410      0.010     42.719      0.000
    Category 2         0.590      0.010     61.378      0.000
 SCAREDM
    Category 1         0.313      0.009     34.761      0.000
    Category 2         0.687      0.009     76.264      0.000
 MATHJOB
    Category 1         0.312      0.010     32.405      0.000
    Category 2         0.688      0.010     71.624      0.000
 FEMALE
    Category 1         0.522      0.009     58.313      0.000
    Category 2         0.478      0.009     53.436      0.000


MODEL COMMAND WITH FINAL ESTIMATES USED AS STARTING VALUES

     %OVERALL%

     %C#1%

     [ mathirt*58.81243 ];

     [ enjoym$1*-0.70216 ];
     [ goodm$1*-0.81364 ];
     [ undrstdm$1*-1.16831 ];
     [ nervousm$1*-0.36242 ];
     [ scaredm$1*-0.78572 ];
     [ mathjob$1*-0.79310 ];
     [ female$1*0.08735 ];

     mathirt*158.80011;



RESIDUAL OUTPUT


     ESTIMATED MODEL AND RESIDUALS (OBSERVED - ESTIMATED) FOR CLASS 1


           Model Estimated Means
              MATHIRT
              ________
               58.812


           Residuals for Means
              MATHIRT
              ________
                0.000


           Model Estimated Covariances
              MATHIRT
              ________
 MATHIRT      158.800


           Residuals for Covariances
              MATHIRT
              ________
 MATHIRT        0.000


TECHNICAL 1 OUTPUT


     PARAMETER SPECIFICATION FOR LATENT CLASS 1


           NU
              MATHIRT
              ________
                    1


           THETA
              MATHIRT
              ________
 MATHIRT            2


     PARAMETER SPECIFICATION FOR LATENT CLASS INDICATOR MODEL PART


           TAU(U) FOR LATENT CLASS 1
              ENJOYM$1      GOODM$1       UNDRSTDM      NERVOUSM      SCAREDM$
              ________      ________      ________      ________      ________
                    3             4             5             6             7


           TAU(U) FOR LATENT CLASS 1
              MATHJOB$      FEMALE$1
              ________      ________
                    8             9


     PARAMETER SPECIFICATION FOR LATENT CLASS REGRESSION MODEL PART


           ALPHA(C)
              C#1
              ________
                    0


     STARTING VALUES FOR LATENT CLASS 1


           NU
              MATHIRT
              ________
               58.812


           THETA
              MATHIRT
              ________
 MATHIRT       79.400


     STARTING VALUES FOR LATENT CLASS INDICATOR MODEL PART


           TAU(U) FOR LATENT CLASS 1
              ENJOYM$1      GOODM$1       UNDRSTDM      NERVOUSM      SCAREDM$
              ________      ________      ________      ________      ________
               -0.702        -0.814        -1.168        -0.362        -0.786


           TAU(U) FOR LATENT CLASS 1
              MATHJOB$      FEMALE$1
              ________      ________
               -0.793         0.087


     STARTING VALUES FOR LATENT CLASS REGRESSION MODEL PART


           ALPHA(C)
              C#1
              ________
                0.000


TECHNICAL 10 OUTPUT


     MODEL FIT INFORMATION FOR THE LATENT CLASS INDICATOR MODEL PART


     RESPONSE PATTERNS

     No.  Pattern    No.  Pattern    No.  Pattern    No.  Pattern
       1  0000000      2  0000001      3  0000010      4  0000011
       5  0000100      6  0000101      7  0000110      8  0000111
       9  0001000     10  0001001     11  0001010     12  0001011
      13  0001100     14  0001101     15  0001110     16  0001111
      17  0010000     18  0010001     19  0010010     20  0010011
      21  0010100     22  0010101     23  0010110     24  0010111
      25  0011001     26  0011010     27  0011011     28  0011100
      29  0011101     30  0011110     31  0011111     32  0100000
      33  0100001     34  0100010     35  0100011     36  0100100
      37  0100101     38  0100110     39  0100111     40  0101000
      41  0101001     42  0101010     43  0101011     44  0101100
      45  0101101     46  0101110     47  0101111     48  0110000
      49  0110001     50  0110010     51  0110011     52  0110100
      53  0110101     54  0110110     55  0110111     56  0111000
      57  0111001     58  0111010     59  0111011     60  0111100
      61  0111101     62  0111110     63  0111111     64  1000000
      65  1000001     66  1000010     67  1000011     68  1000100
      69  1000101     70  1000110     71  1000111     72  1001001
      73  1001010     74  1001011     75  1001100     76  1001101
      77  1001110     78  1001111     79  1010000     80  1010001
      81  1010010     82  1010011     83  1010100     84  1010101
      85  1010110     86  1010111     87  1011010     88  1011011
      89  1011100     90  1011101     91  1011110     92  1011111
      93  1100000     94  1100001     95  1100010     96  1100011
      97  1100100     98  1100101     99  1100110    100  1100111
     101  1101000    102  1101001    103  1101010    104  1101011
     105  1101100    106  1101101    107  1101110    108  1101111
     109  1110000    110  1110001    111  1110010    112  1110011
     113  1110100    114  1110101    115  1110110    116  1110111
     117  1111000    118  1111001    119  1111010    120  1111011
     121  1111100    122  1111101    123  1111110    124  1111111
     125  00000*0    126  00000*1    127  00001*0    128  00001*1
     129  00010*0    130  00010*1    131  00011*0    132  00011*1
     133  00100*0    134  00100*1    135  00101*0    136  00101*1
     137  00110*0    138  00111*0    139  00111*1    140  01000*0
     141  01000*1    142  01001*1    143  01010*0    144  01010*1
     145  01011*0    146  01011*1    147  01100*0    148  01100*1
     149  01101*0    150  01101*1    151  01110*1    152  01111*0
     153  01111*1    154  10000*0    155  10000*1    156  10001*0
     157  10001*1    158  10010*0    159  10010*1    160  10011*0
     161  10011*1    162  10100*0    163  10100*1    164  10101*0
     165  10101*1    166  10110*0    167  10110*1    168  10111*0
     169  10111*1    170  11000*0    171  11000*1    172  11001*0
     173  11001*1    174  11010*0    175  11010*1    176  11011*0
     177  11011*1    178  11100*0    179  11100*1    180  11101*0
     181  11101*1    182  11110*0    183  11110*1    184  11111*0
     185  11111*1    186  000*001    187  000*010    188  000*011
     189  000*110    190  000*111    191  001*100    192  001*101
     193  001*111    194  011*010    195  011*100    196  011*110
     197  011*111    198  100*101    199  110*100    200  110*110
     201  111*000    202  111*010    203  111*011    204  111*100
     205  111*101    206  111*110    207  111*111    208  00*0001
     209  00*0111    210  01*0100    211  01*1110    212  01*1111
     213  10*0011    214  10*1000    215  10*1111    216  11*0001
     217  11*0010    218  11*0111    219  11*1101    220  11*1110
     221  11*1111    222  *****00    223  *****01    224  *****10
     225  *****11    226  0000*01    227  0000*10    228  0001*10
     229  0010*11    230  0100*10    231  1001*00    232  1001*11
     233  1010*10    234  1110*10    235  1110*11    236  1111*00
     237  1111*11    238  000**11    239  110**10    240  111**10
     241  ******0    242  ******1    243  0*00101    244  1*00000
     245  *000111    246  *001110    247  *110011    248  *111111
     249  *0100*0    250  *1110*0    251  *1111*1    252  00*01*0
     253  01*00*0    254  10*11*1    255  11*10*1    256  1100**0
     257  1110**0    258  1110**1    259  1111**0    260  1111**1
     261  1*101*1    262  10****0    263  100*0*0    264  110*1*0
     265  110*1*1    266  111*0*1    267  111*1*0    268  1*****0



     RESPONSE PATTERN FREQUENCIES AND CHI-SQUARE CONTRIBUTIONS

    Response          Frequency     Standardized  Chi-square Contribution
     Pattern    Observed  Estimated   Residual    Pearson   Loglikelihood  Deleted
                                     (z-score)
         1        38.00       1.03      10.00     100.00       199.46
         2        23.00       0.95      10.00      99.87       150.20
         3        38.00       2.29      10.01      99.87       204.38
         4        36.00       2.09      10.01      99.96       197.69
         5         8.00       2.27       3.81      14.33        18.04
         6        12.00       2.08       6.88      47.33        41.88
         7        16.00       5.02       4.91      23.99        34.96
         8        26.00       4.60      10.00      99.68        89.48
         9         4.00       1.49       2.06       4.24         8.37
        10         2.00       1.36       0.55       0.22         2.31
        11         6.00       3.28       1.50       2.11         9.03
        12         8.00       3.01       2.88       8.05        18.31
        13        12.00       3.26       4.84      23.40        32.51
        14         8.00       2.99       2.90       8.37        16.85
        15        15.00       7.21       2.91       7.73        28.44
        16        11.00       6.60       1.71       2.81        13.52
        17         9.00       3.33       3.11       9.06        22.61
        18        10.00       3.05       3.98      15.85        24.22
        19         6.00       7.35      -0.50      -0.27         1.07
        20        18.00       6.74       4.35      18.82        35.07
        21         5.00       7.30      -0.85       0.40        -1.24
        22        12.00       6.69       2.06       3.95        10.43
        23        11.00      16.13      -1.28       1.12        -3.69
        24        16.00      14.78       0.32      -0.11        -1.17
        25         1.00       4.38      -1.62       2.53        -3.51
        26         1.00      10.56      -2.95       8.46        -3.82
        27         4.00       9.68      -1.83       3.02        -9.32
        28        11.00      10.49       0.16      -0.05         2.87
        29        20.00       9.61       3.36      11.09        25.87
        30         9.00      23.18      -2.96       8.65       -16.13
        31        31.00      21.24       2.13       4.17        17.16
        32         4.00       2.33       1.09       1.15         5.13
        33         7.00       2.14       3.33      11.03        15.85
        34         6.00       5.16       0.37      -0.20         4.67
        35         1.00       4.73      -1.72       2.93        -3.22
        36         4.00       5.12      -0.50       0.09        -3.54
        37         2.00       4.69      -1.24       1.53        -3.09
        38         4.00      11.31      -2.18       4.61        -9.69
        39         4.00      10.37      -1.98       3.91        -7.62
        40         3.00       3.35      -0.19       0.03        -0.92
        41         1.00       3.07      -1.18       1.39        -2.43
        42         1.00       7.41      -2.36       5.54        -4.04
        43         4.00       6.79      -1.07       1.11        -5.02
        44         3.00       7.36      -1.61       2.50        -6.36
        45         5.00       6.74      -0.67       0.32        -4.59
        46         6.00      16.26      -2.55       6.41       -13.15
        47         3.00      14.90      -3.09       9.44       -10.46
        48         7.00       7.51      -0.18       0.03        -1.12
        49         7.00       6.88       0.05      -0.06        -1.09
        50        10.00      16.59      -1.62       2.55        -8.46
        51         3.00      15.20      -3.14       9.77       -10.23
        52         8.00      16.47      -2.09       4.34       -10.90
        53         4.00      15.09      -2.87       8.05       -11.90
        54        19.00      36.40      -2.91       8.31       -25.41
        55        12.00      33.35      -3.73      13.41       -28.03
        56         2.00      10.78      -2.68       7.03        -7.74
        57         2.00       9.88      -2.51       6.27        -6.77
        58         5.00      23.83      -3.88      14.73       -17.38
        59         3.00      21.84      -4.05      16.22       -12.51
        60        20.00      23.66      -0.76       0.43        -3.37
        61        20.00      21.68      -0.36      -0.41        -9.78
        62        30.00      52.29      -3.12       8.63       -23.13
        63        38.00      47.92      -1.45       1.49       -26.91
        64         7.00       2.09       3.40      11.23        19.98
        65         4.00       1.91       1.51       2.28         5.95
        66         7.00       4.61       1.11       1.17         7.15
        67         2.00       4.23      -1.08       1.17        -2.74
        68         2.00       4.58      -1.21       1.07        -1.58
        69         4.00       4.20      -0.10      -0.22         1.52
        70         1.00      10.12      -2.87       7.99        -3.69
        71         2.00       9.27      -2.39       5.67        -5.63
        72         1.00       2.75      -1.06       1.04        -1.48
        73         1.00       6.63      -2.19       4.62        -3.00
        74         4.00       6.07      -0.84       0.12        -0.30
        75         1.00       6.58      -2.18       4.55        -2.92
        76         3.00       6.03      -1.24       1.52        -3.93
        77         1.00      14.54      -3.56      12.58        -5.02
        78         6.00      13.33      -2.01       4.02        -9.17
        79         8.00       6.71       0.50       0.00         5.62
        80         4.00       6.15      -0.87       0.72        -4.19
        81         8.00      14.84      -1.78       2.04        -3.94
        82        15.00      13.60       0.38       0.12         1.70
        83         5.00      14.73      -2.54       6.41       -11.46
        84         8.00      13.50      -1.50       2.16        -9.98
        85         4.00      32.56      -5.04      25.02       -16.10
        86        14.00      29.83      -2.92       8.25       -24.14
        87         1.00      21.32      -4.42      18.61        -4.43
        88         5.00      19.54      -3.30      10.77       -14.62
        89        11.00      21.16      -2.22       4.83       -15.90
        90        11.00      19.39      -1.91       3.53       -14.64
        91        18.00      46.78      -4.26      17.66       -36.03
        92        23.00      42.86      -3.07       9.09       -31.87
        93         5.00       4.71       0.13      -0.42         3.56
        94         5.00       4.32       0.33       0.04         2.68
        95         7.00      10.41      -1.06       0.79        -2.52
        96         7.00       9.54      -0.82       0.65        -3.49
        97         6.00      10.33      -1.35       1.33        -3.12
        98         2.00       9.47      -2.43       5.84        -6.86
        99         2.00      22.83      -4.38      18.81        -8.48
       100         8.00      20.92      -2.84       7.81       -17.76
       101         3.00       6.77      -1.45       1.99        -5.99
       102         1.00       6.20      -2.09       4.36        -3.58
       103         9.00      14.95      -1.55       2.20       -11.63
       104         2.00      13.70      -3.17       9.99        -7.58
       105         2.00      14.84      -3.35      11.05        -7.28
       106        10.00      13.60      -0.98       0.83        -8.36
       107        10.00      32.81      -4.01      15.33       -19.16
       108        18.00      30.06      -2.22       4.58       -22.77
       109        36.00      15.15       5.38      28.45        68.45
       110        15.00      13.88       0.30       0.07         1.27
       111        60.00      33.48       4.62      19.79        87.12
       112        47.00      30.68       2.97       8.67        38.53
       113        15.00      33.23      -3.19       9.97       -25.28
       114        20.00      30.45      -1.91       3.57       -18.07
       115        54.00      73.45      -2.31       5.15       -32.56
       116        47.00      67.31      -2.52       6.12       -34.27
       117        18.00      21.76      -0.81       0.57        -9.25
       118         5.00      19.94      -3.36      11.20       -13.73
       119        33.00      48.10      -2.20       4.64       -28.59
       120        22.00      44.08      -3.36      11.00       -28.26
       121        78.00      47.75       4.43      19.11        72.11
       122        82.00      43.75       5.84      32.91        89.88
       123       284.00     105.53      10.27      99.96       206.81
       124       283.00      96.70      10.24      98.15       154.26
       125        23.00       0.83      10.01      99.40       145.20
       126        14.00       0.76      10.01      99.94        83.34
       127         3.00       1.83       0.87      -0.39         6.62
       128         8.00       1.68       4.89      23.66        27.65
       129         4.00       1.20       2.56       6.06         6.83
       130         5.00       1.10       3.73      12.52        10.00
       131        11.00       2.63       5.18      25.42        24.05
       132         8.00       2.41       3.61      11.51        12.37
       133        10.00       2.68       4.48      14.83        12.26
       134         8.00       2.46       3.55      12.39        16.87
       135         9.00       5.88       1.29      -1.45        -2.77
       136         3.00       5.39      -1.03      -0.57         0.81
       137         1.00       3.85      -1.46       1.17        -4.57
       138         7.00       8.45      -0.50      -0.24        -6.34
       139         9.00       7.74       0.46      -0.39         7.33
       140         4.00       1.88       1.55       2.07         3.80
       141         2.00       1.72       0.21       0.04         0.40
       142         2.00       3.78      -0.92       0.71        -3.57
       143         1.00       2.70      -1.04       1.07        -2.05
       144         1.00       2.48      -0.94       0.86        -1.55
       145         1.00       5.93      -2.04       3.59        -2.17
       146         1.00       5.43      -1.91       3.31        -2.30
       147         4.00       6.05      -0.84       0.64        -2.42
       148         2.00       5.54      -1.51       2.23        -3.53
       149         6.00      13.27      -2.02       3.89        -8.07
       150         2.00      12.16      -2.95       7.87        -5.03
       151         1.00       7.96      -2.49       6.07        -3.89
       152        20.00      19.06       0.22      -2.15       -11.27
       153         7.00      17.47      -2.55       3.71        -4.46
       154         5.00       1.68       2.56       6.36         8.94
       155         2.00       1.54       0.37       0.00         0.01
       156         3.00       3.69      -0.36      -2.70        -6.86
       157         3.00       3.38      -0.21      -0.68        -3.64
       158         2.00       2.42      -0.27      -1.15        -3.81
       159         4.00       2.21       1.20      -1.25        -1.66
       160         1.00       5.30      -1.88       3.34        -4.11
       161         2.00       4.86      -1.30       1.63        -2.92
       162         9.00       5.41       1.55      -0.19        -0.35
       163         4.00       4.96      -0.43       0.12        -0.73
       164         2.00      11.87      -2.90       8.17        -6.62
       165         4.00      10.87      -2.11       4.15        -6.25
       166         2.00       7.77      -2.09       1.03       -10.24
       167         1.00       7.12      -2.31       5.25        -3.67
       168         6.00      17.05      -2.72       7.05       -10.87
       169         6.00      15.62      -2.47       5.48        -8.21
       170         6.00       3.79       1.14       0.11         0.24
       171         5.00       3.48       0.82      -0.23        -0.58
       172         4.00       8.32      -1.51       1.60        -9.05
       173         1.00       7.63      -2.42       5.14        -2.52
       174         1.00       5.45      -1.92       2.66        -1.49
       175         1.00       5.00      -1.80       3.13        -3.72
       176         5.00      11.96      -2.04       3.64       -11.56
       177         4.00      10.96      -2.12       3.61        -4.49
       178        35.00      12.20       6.60      40.35        56.11
       179        13.00      11.18       0.55      -0.03         8.04
       180        16.00      26.77      -2.14       4.25       -14.11
       181        17.00      24.53      -1.56       2.30       -13.29
       182         7.00      17.53      -2.56       4.21        -5.25
       183         8.00      16.07      -2.04       3.93       -13.09
       184        89.00      38.47       8.47      66.32       153.58
       185        70.00      35.25       6.06      31.76       122.41
       186         2.00       0.05       8.88      75.12         9.87
       187         1.00       0.12       2.59       6.68         4.27
       188         2.00       0.11       5.80      32.27         8.64
       189         1.00       0.26       1.47       2.04         2.02
       190         1.00       0.23       1.58       2.44         2.44
       191         1.00       0.37       1.03       0.08         0.07
       192         1.00       0.34       1.13       1.00         1.13
       193         1.00       0.75       0.28       0.06         0.32
       194         1.00       0.85       0.17      -1.46        -1.97
       195         1.00       0.84       0.18      -0.19        -0.58
       196         2.00       1.86       0.11      -0.65        -1.97
       197         1.00       1.70      -0.55       0.28        -1.23
       198         1.00       0.21       1.70      -1.11        -0.44
       199         1.00       0.53       0.65      -2.40        -1.77
       200         1.00       1.17      -0.16      -1.41        -2.58
       201         3.00       0.77       2.55       3.57         2.50
       202         5.00       1.71       2.57       2.35         2.07
       203         3.00       1.57       1.17      -0.33        -0.44
       204         1.00       1.70      -0.55      -0.13         0.21
       205         1.00       1.55      -0.45      -0.30         0.50
       206         8.00       3.75       2.30       4.72        10.35
       207         4.00       3.44       0.32      -0.84         5.04
       208         2.00       0.04       9.95      90.69         8.69
       209         1.00       0.19       1.88       2.53         1.45
       210         1.00       0.21       1.73      -3.98        -1.24
       211         2.00       0.67       1.66      -3.75        -2.06
       212         1.00       0.61       0.50      -0.94        -1.10
       213         1.00       0.17       1.99      -0.44        -0.15
       214         1.00       0.12       2.51     -36.40        -3.41
       215         1.00       0.55       0.62      -1.61        -1.42
       216         1.00       0.18       1.96       0.52         0.20
       217         1.00       0.43       0.88       0.69         1.15
       218         1.00       0.86       0.15      -0.41        -1.00
       219         1.00       0.56       0.60       0.31         0.78
       220         4.00       1.35       2.36       4.82         6.19
       221         2.00       1.24       0.71       0.29         3.13
       222        28.00      29.58      -0.32      -0.20         2.57
       223        25.00      27.11      -0.44       0.10        -1.56
       224        75.00      65.39       1.49      -0.48        -3.22
       225        54.00      59.92      -0.93      -0.17         1.49
       226         1.00       0.02       6.82      44.20         4.99
       227         1.00       0.05       4.26      17.09         4.05
       228         1.00       0.07       3.48       8.14         1.78
       229         1.00       0.15       2.24       2.17         0.80
       230         1.00       0.11       2.66      -4.41        -0.81
       231         1.00       0.07       3.66     -23.63        -1.87
       232         1.00       0.13       2.40      -4.55        -0.95
       233         2.00       0.32       2.98     -24.17        -4.36
       234         2.00       0.73       1.53       0.62         0.58
       235         1.00       0.67       0.42      -0.05        -0.11
       236         1.00       0.47       0.78       0.37         0.57
       237         1.00       0.96       0.04      -0.45         1.41
       238         1.00       0.02       6.35      33.54         3.24
       239         1.00       0.12       2.61     -12.95        -1.87
       240         1.00       0.38       1.07       0.81         1.06
       241       146.00     135.15       1.35       0.00         0.00
       242       113.00     123.85      -1.35       0.00         0.00
       243         1.00       0.01       9.97      52.41         1.46      DELETED
       244         2.00       0.01      10.02       0.00         3.28      DELETED
       245         1.00       0.03       5.94      18.61         1.40
       246         1.00       0.04       4.68      -2.34        -0.19
       247         1.00       0.09       3.08       0.70         0.13
       248         1.00       0.28       1.40       1.51         1.42
       249         1.00       0.05       4.42       4.47         0.47
       250         1.00       0.15       2.23      -6.10        -1.33
       251         1.00       0.31       1.32       1.23         1.22
       252         1.00       0.07       3.41       3.57         0.63
       253         2.00       0.08       6.99      -3.03        -0.23
       254         1.00       0.20       1.83      -4.94        -1.39
       255         1.00       0.20       1.80      -8.08        -1.97
       256         1.00       0.12       2.60      -7.16        -1.23
       257         1.00       0.38       1.05       0.27         0.26
       258         1.00       0.35       1.15      -0.31        -0.23
       259         1.00       0.54       0.66       0.38         1.22
       260         1.00       0.50       0.75       0.49         1.16
       261         1.00       0.07       3.68      -9.30        -0.99
       262         1.00       0.11       2.89     -14.05        -1.84
       263         1.00       0.04       4.83       4.71         0.42
       264         1.00       0.20       1.85     -10.76        -2.29
       265         1.00       0.18       1.97      -6.60        -1.58
       266         1.00       0.26       1.47      -0.79        -0.40
       267         1.00       0.63       0.49       0.21         1.02
       268         1.00       0.35       1.37       0.04         0.03

     THE TOTAL PEARSON CHI-SQUARE CONTRIBUTION FROM EMPTY CELLS IS        50.07


     MOST FREQUENT RESPONSE PATTERNS AND CHI-SQUARE CONTRIBUTIONS

    Response          Frequency     Standardized  Chi-square Contribution
     Pattern    Observed  Estimated   Residual    Pearson   Loglikelihood
                                     (z-score)
       123       284.00     105.53      10.27      99.96       206.81
       124       283.00      96.70      10.24      98.15       154.26
       241       146.00     135.15       1.35       0.00         0.00
       242       113.00     123.85      -1.35       0.00         0.00
       184        89.00      38.47       8.47      66.32       153.58
       122        82.00      43.75       5.84      32.91        89.88
       121        78.00      47.75       4.43      19.11        72.11
       224        75.00      65.39       1.49      -0.48        -3.22
       185        70.00      35.25       6.06      31.76       122.41
       111        60.00      33.48       4.62      19.79        87.12
       115        54.00      73.45      -2.31       5.15       -32.56
       225        54.00      59.92      -0.93      -0.17         1.49
       112        47.00      30.68       2.97       8.67        38.53
       116        47.00      67.31      -2.52       6.12       -34.27
         1        38.00       1.03      10.00     100.00       199.46
         3        38.00       2.29      10.01      99.87       204.38
        63        38.00      47.92      -1.45       1.49       -26.91
       109        36.00      15.15       5.38      28.45        68.45
         4        36.00       2.09      10.01      99.96       197.69
       178        35.00      12.20       6.60      40.35        56.11
     Number of Significant Standardized Residuals     15


     UNIVARIATE MODEL FIT INFORMATION

                               Estimated Probabilities
                                                  Standardized
     Variable              H1           H0          Residual
                                                   (z-score)
     ENJOYM
       Category 1        0.331        0.331          -0.025
       Category 2        0.669        0.669           0.025
       Univariate Pearson Chi-Square                  0.001
       Univariate Log-Likelihood Chi-Square           0.001
       Number of Significant Standardized Residuals   0
     GOODM
       Category 1        0.307        0.307          -0.058
       Category 2        0.693        0.693           0.058
       Univariate Pearson Chi-Square                  0.003
       Univariate Log-Likelihood Chi-Square           0.003
       Number of Significant Standardized Residuals   0
     UNDRSTDM
       Category 1        0.237        0.237          -0.001
       Category 2        0.763        0.763           0.001
       Univariate Pearson Chi-Square                  0.000
       Univariate Log-Likelihood Chi-Square           0.000
       Number of Significant Standardized Residuals   0
     NERVOUSM
       Category 1        0.411        0.410           0.110
       Category 2        0.589        0.590          -0.110
       Univariate Pearson Chi-Square                  0.012
       Univariate Log-Likelihood Chi-Square           0.012
       Number of Significant Standardized Residuals   0
     SCAREDM
       Category 1        0.315        0.313           0.202
       Category 2        0.685        0.687          -0.202
       Univariate Pearson Chi-Square                  0.041
       Univariate Log-Likelihood Chi-Square           0.041
       Number of Significant Standardized Residuals   0
     MATHJOB
       Category 1        0.315        0.312           0.368
       Category 2        0.685        0.688          -0.368
       Univariate Pearson Chi-Square                  0.136
       Univariate Log-Likelihood Chi-Square           0.135
       Number of Significant Standardized Residuals   0
     FEMALE
       Category 1        0.522        0.522           0.000
       Category 2        0.478        0.478           0.000
       Univariate Pearson Chi-Square                  0.000
       Univariate Log-Likelihood Chi-Square           0.000
       Number of Significant Standardized Residuals   0

       Overall Univariate Pearson Chi-Square                         0.192
       Overall Univariate Log-Likelihood Chi-Square                  0.192
       Overall Number of Significant Standardized Residuals          0


     BIVARIATE MODEL FIT INFORMATION

                                              Estimated Probabilities
                                                                 Standardized
     Variable       Variable              H1           H0          Residual
                                                                  (z-score)
     ENJOYM         GOODM
       Category 1     Category 1        0.213        0.102          20.612
       Category 1     Category 2        0.118        0.230         -14.846
       Category 2     Category 1        0.093        0.205         -15.492
       Category 2     Category 2        0.576        0.463          12.574
       Bivariate Pearson Chi-Square                                827.015
       Bivariate Log-Likelihood Chi-Square                         814.789
       Number of Significant Standardized Residuals                  4
     ENJOYM         UNDRSTDM
       Category 1     Category 1        0.160        0.079          16.858
       Category 1     Category 2        0.171        0.253         -10.465
       Category 2     Category 1        0.077        0.159         -12.420
       Category 2     Category 2        0.592        0.510           9.099
       Bivariate Pearson Chi-Square                                514.050
       Bivariate Log-Likelihood Chi-Square                         492.208
       Number of Significant Standardized Residuals                  4
     ENJOYM         NERVOUSM
       Category 1     Category 1        0.190        0.136           8.794
       Category 1     Category 2        0.141        0.195          -7.632
       Category 2     Category 1        0.221        0.274          -6.634
       Category 2     Category 2        0.448        0.394           6.081
       Bivariate Pearson Chi-Square                                168.033
       Bivariate Log-Likelihood Chi-Square                         167.009
       Number of Significant Standardized Residuals                  4
     ENJOYM         SCAREDM
       Category 1     Category 1        0.136        0.104           5.911
       Category 1     Category 2        0.195        0.228          -4.327
       Category 2     Category 1        0.179        0.209          -4.200
       Category 2     Category 2        0.490        0.459           3.452
       Bivariate Pearson Chi-Square                                 66.160
       Bivariate Log-Likelihood Chi-Square                          64.675
       Number of Significant Standardized Residuals                  4
     ENJOYM         MATHJOB
       Category 1     Category 1        0.133        0.103           5.502
       Category 1     Category 2        0.198        0.228          -4.017
       Category 2     Category 1        0.181        0.208          -3.702
       Category 2     Category 2        0.488        0.460           3.040
       Bivariate Pearson Chi-Square                                 55.436
       Bivariate Log-Likelihood Chi-Square                          54.128
       Number of Significant Standardized Residuals                  4
     ENJOYM         FEMALE
       Category 1     Category 1        0.167        0.173          -0.809
       Category 1     Category 2        0.164        0.158           0.806
       Category 2     Category 1        0.354        0.349           0.642
       Category 2     Category 2        0.314        0.320          -0.631
       Bivariate Pearson Chi-Square                                  1.627
       Bivariate Log-Likelihood Chi-Square                           1.627
       Number of Significant Standardized Residuals                  0
     GOODM          UNDRSTDM
       Category 1     Category 1        0.161        0.073          18.879
       Category 1     Category 2        0.146        0.234         -11.646
       Category 2     Category 1        0.076        0.164         -13.240
       Category 2     Category 2        0.617        0.529           9.882
       Bivariate Pearson Chi-Square                                626.844
       Bivariate Log-Likelihood Chi-Square                         592.009
       Number of Significant Standardized Residuals                  4
     GOODM          NERVOUSM
       Category 1     Category 1        0.191        0.126          10.957
       Category 1     Category 2        0.115        0.181          -9.513
       Category 2     Category 1        0.220        0.284          -7.941
       Category 2     Category 2        0.473        0.409           7.342
       Bivariate Pearson Chi-Square                                256.051
       Bivariate Log-Likelihood Chi-Square                         254.883
       Number of Significant Standardized Residuals                  4
     GOODM          SCAREDM
       Category 1     Category 1        0.143        0.096           8.868
       Category 1     Category 2        0.164        0.211          -6.473
       Category 2     Category 1        0.172        0.217          -6.116
       Category 2     Category 2        0.522        0.476           5.100
       Bivariate Pearson Chi-Square                                147.051
       Bivariate Log-Likelihood Chi-Square                         142.350
       Number of Significant Standardized Residuals                  4
     GOODM          MATHJOB
       Category 1     Category 1        0.124        0.096           5.295
       Category 1     Category 2        0.183        0.211          -3.880
       Category 2     Category 1        0.191        0.216          -3.371
       Category 2     Category 2        0.502        0.477           2.830
       Bivariate Pearson Chi-Square                                 50.328
       Bivariate Log-Likelihood Chi-Square                          49.030
       Number of Significant Standardized Residuals                  4
     GOODM          FEMALE
       Category 1     Category 1        0.143        0.160          -2.682
       Category 1     Category 2        0.164        0.147           2.705
       Category 2     Category 1        0.379        0.362           2.048
       Category 2     Category 2        0.314        0.331          -2.034
       Bivariate Pearson Chi-Square                                 17.725
       Bivariate Log-Likelihood Chi-Square                          17.737
       Number of Significant Standardized Residuals                  4
     UNDRSTDM       NERVOUSM
       Category 1     Category 1        0.152        0.097          10.309
       Category 1     Category 2        0.085        0.140          -8.812
       Category 2     Category 1        0.259        0.313          -6.472
       Category 2     Category 2        0.504        0.450           6.034
       Bivariate Pearson Chi-Square                                211.533
       Bivariate Log-Likelihood Chi-Square                         209.379
       Number of Significant Standardized Residuals                  4
     UNDRSTDM       SCAREDM
       Category 1     Category 1        0.129        0.074          11.593
       Category 1     Category 2        0.108        0.163          -8.232
       Category 2     Category 1        0.186        0.239          -6.909
       Category 2     Category 2        0.577        0.524           5.900
       Bivariate Pearson Chi-Square                                234.045
       Bivariate Log-Likelihood Chi-Square                         221.602
       Number of Significant Standardized Residuals                  4
     UNDRSTDM       MATHJOB
       Category 1     Category 1        0.099        0.074           5.289
       Category 1     Category 2        0.138        0.163          -3.744
       Category 2     Category 1        0.216        0.238          -2.850
       Category 2     Category 2        0.547        0.525           2.430
       Bivariate Pearson Chi-Square                                 46.632
       Bivariate Log-Likelihood Chi-Square                          44.944
       Number of Significant Standardized Residuals                  4
     UNDRSTDM       FEMALE
       Category 1     Category 1        0.123        0.124          -0.172
       Category 1     Category 2        0.114        0.113           0.177
       Category 2     Category 1        0.399        0.398           0.116
       Category 2     Category 2        0.364        0.365          -0.117
       Bivariate Pearson Chi-Square                                  0.070
       Bivariate Log-Likelihood Chi-Square                           0.070
       Number of Significant Standardized Residuals                  0
     NERVOUSM       SCAREDM
       Category 1     Category 1        0.239        0.128          18.507
       Category 1     Category 2        0.172        0.282         -13.644
       Category 2     Category 1        0.075        0.185         -15.721
       Category 2     Category 2        0.513        0.405          12.315
       Bivariate Pearson Chi-Square                                723.962
       Bivariate Log-Likelihood Chi-Square                         736.199
       Number of Significant Standardized Residuals                  4
     NERVOUSM       MATHJOB
       Category 1     Category 1        0.155        0.128           4.462
       Category 1     Category 2        0.257        0.283          -3.189
       Category 2     Category 1        0.160        0.184          -3.408
       Category 2     Category 2        0.429        0.406           2.577
       Bivariate Pearson Chi-Square                                 38.084
       Bivariate Log-Likelihood Chi-Square                          37.583
       Number of Significant Standardized Residuals                  4
     NERVOUSM       FEMALE
       Category 1     Category 1        0.223        0.214           1.207
       Category 1     Category 2        0.188        0.196          -1.110
       Category 2     Category 1        0.299        0.308          -1.073
       Category 2     Category 2        0.290        0.282           0.980
       Bivariate Pearson Chi-Square                                  3.622
       Bivariate Log-Likelihood Chi-Square                           3.622
       Number of Significant Standardized Residuals                  0
     SCAREDM        MATHJOB
       Category 1     Category 1        0.119        0.098           4.058
       Category 1     Category 2        0.196        0.216          -2.700
       Category 2     Category 1        0.195        0.214          -2.519
       Category 2     Category 2        0.490        0.473           1.882
       Bivariate Pearson Chi-Square                                 27.432
       Bivariate Log-Likelihood Chi-Square                          26.757
       Number of Significant Standardized Residuals                  3
     SCAREDM        FEMALE
       Category 1     Category 1        0.183        0.163           2.976
       Category 1     Category 2        0.132        0.150          -2.822
       Category 2     Category 1        0.339        0.358          -2.295
       Category 2     Category 2        0.347        0.328           2.144
       Bivariate Pearson Chi-Square                                 20.645
       Bivariate Log-Likelihood Chi-Square                          20.662
       Number of Significant Standardized Residuals                  4
     MATHJOB        FEMALE
       Category 1     Category 1        0.170        0.163           1.155
       Category 1     Category 2        0.144        0.149          -0.718
       Category 2     Category 1        0.352        0.359          -0.888
       Category 2     Category 2        0.334        0.329           0.544
       Bivariate Pearson Chi-Square                                  2.261
       Bivariate Log-Likelihood Chi-Square                           2.251
       Number of Significant Standardized Residuals                  0

       Overall Bivariate Pearson Chi-Square                       4038.608
       Overall Bivariate Log-Likelihood Chi-Square                3953.515
       Overall Number of Significant Standardized Residuals          67


TECHNICAL 8 OUTPUT


  INITIAL STAGE ITERATIONS


  TECHNICAL 8 OUTPUT FOR UNPERTURBED STARTING VALUE SET


   E STEP  ITER  LOGLIKELIHOOD    ABS CHANGE   REL CHANGE  ALGORITHM
              1 -0.21013185D+05    0.0000000    0.0000000  EM
              2 -0.20669356D+05  343.8286376    0.0163625  EM
              3 -0.20669356D+05    0.0000000    0.0000000  EM


  TECHNICAL 8 OUTPUT FOR STARTING VALUE SET 1


   E STEP  ITER  LOGLIKELIHOOD    ABS CHANGE   REL CHANGE  ALGORITHM
              1 -0.25497370D+05    0.0000000    0.0000000  EM
              2 -0.20669356D+05 4828.0143407    0.1893534  EM
              3 -0.20669356D+05    0.0000000    0.0000000  EM


  TECHNICAL 8 OUTPUT FOR STARTING VALUE SET 2


   E STEP  ITER  LOGLIKELIHOOD    ABS CHANGE   REL CHANGE  ALGORITHM
              1 -0.36501790D+05    0.0000000    0.0000000  EM
              2 -0.20669356D+05 ************    0.4337441  EM
              3 -0.20669356D+05    0.0000000    0.0000000  EM


  TECHNICAL 8 OUTPUT FOR STARTING VALUE SET 3


   E STEP  ITER  LOGLIKELIHOOD    ABS CHANGE   REL CHANGE  ALGORITHM
              1 -0.26870883D+05    0.0000000    0.0000000  EM
              2 -0.20669356D+05 6201.5268558    0.2307898  EM
              3 -0.20669356D+05    0.0000000    0.0000000  EM


  TECHNICAL 8 OUTPUT FOR STARTING VALUE SET 4


   E STEP  ITER  LOGLIKELIHOOD    ABS CHANGE   REL CHANGE  ALGORITHM
              1 -0.32307310D+05    0.0000000    0.0000000  EM
              2 -0.20669356D+05 ************    0.3602267  EM
              3 -0.20669356D+05    0.0000000    0.0000000  EM


  TECHNICAL 8 OUTPUT FOR STARTING VALUE SET 5


   E STEP  ITER  LOGLIKELIHOOD    ABS CHANGE   REL CHANGE  ALGORITHM
              1 -0.38386203D+05    0.0000000    0.0000000  EM
              2 -0.20669356D+05 ************    0.4615421  EM
              3 -0.20669356D+05    0.0000000    0.0000000  EM


  TECHNICAL 8 OUTPUT FOR STARTING VALUE SET 6


   E STEP  ITER  LOGLIKELIHOOD    ABS CHANGE   REL CHANGE  ALGORITHM
              1 -0.41155582D+05    0.0000000    0.0000000  EM
              2 -0.20669356D+05 ************    0.4977751  EM
              3 -0.20669356D+05    0.0000000    0.0000000  EM


  TECHNICAL 8 OUTPUT FOR STARTING VALUE SET 7


   E STEP  ITER  LOGLIKELIHOOD    ABS CHANGE   REL CHANGE  ALGORITHM
              1 -0.36454835D+05    0.0000000    0.0000000  EM
              2 -0.20669356D+05 ************    0.4330147  EM
              3 -0.20669356D+05    0.0000000    0.0000000  EM


  TECHNICAL 8 OUTPUT FOR STARTING VALUE SET 8


   E STEP  ITER  LOGLIKELIHOOD    ABS CHANGE   REL CHANGE  ALGORITHM
              1 -0.29408030D+05    0.0000000    0.0000000  EM
              2 -0.20669356D+05 8738.6740898    0.2971527  EM
              3 -0.20669356D+05    0.0000000    0.0000000  EM


  TECHNICAL 8 OUTPUT FOR STARTING VALUE SET 9


   E STEP  ITER  LOGLIKELIHOOD    ABS CHANGE   REL CHANGE  ALGORITHM
              1 -0.45980074D+05    0.0000000    0.0000000  EM
              2 -0.20669356D+05 ************    0.5504714  EM
              3 -0.20669356D+05    0.0000000    0.0000000  EM


  TECHNICAL 8 OUTPUT FOR STARTING VALUE SET 10


   E STEP  ITER  LOGLIKELIHOOD    ABS CHANGE   REL CHANGE  ALGORITHM
              1 -0.41230772D+05    0.0000000    0.0000000  EM
              2 -0.20669356D+05 ************    0.4986910  EM
              3 -0.20669356D+05    0.0000000    0.0000000  EM


  TECHNICAL 8 OUTPUT FOR STARTING VALUE SET 11


   E STEP  ITER  LOGLIKELIHOOD    ABS CHANGE   REL CHANGE  ALGORITHM
              1 -0.51253838D+05    0.0000000    0.0000000  EM
              2 -0.20669356D+05 ************    0.5967257  EM
              3 -0.20669356D+05    0.0000000    0.0000000  EM


  TECHNICAL 8 OUTPUT FOR STARTING VALUE SET 12


   E STEP  ITER  LOGLIKELIHOOD    ABS CHANGE   REL CHANGE  ALGORITHM
              1 -0.26721267D+05    0.0000000    0.0000000  EM
              2 -0.20669356D+05 6051.9108415    0.2264829  EM
              3 -0.20669356D+05    0.0000000    0.0000000  EM


  TECHNICAL 8 OUTPUT FOR STARTING VALUE SET 13


   E STEP  ITER  LOGLIKELIHOOD    ABS CHANGE   REL CHANGE  ALGORITHM
              1 -0.33768110D+05    0.0000000    0.0000000  EM
              2 -0.20669356D+05 ************    0.3879031  EM
              3 -0.20669356D+05    0.0000000    0.0000000  EM


  TECHNICAL 8 OUTPUT FOR STARTING VALUE SET 14


   E STEP  ITER  LOGLIKELIHOOD    ABS CHANGE   REL CHANGE  ALGORITHM
              1 -0.42017821D+05    0.0000000    0.0000000  EM
              2 -0.20669356D+05 ************    0.5080812  EM
              3 -0.20669356D+05    0.0000000    0.0000000  EM


  TECHNICAL 8 OUTPUT FOR STARTING VALUE SET 15


   E STEP  ITER  LOGLIKELIHOOD    ABS CHANGE   REL CHANGE  ALGORITHM
              1 -0.31307683D+05    0.0000000    0.0000000  EM
              2 -0.20669356D+05 ************    0.3397993  EM
              3 -0.20669356D+05    0.0000000    0.0000000  EM


  TECHNICAL 8 OUTPUT FOR STARTING VALUE SET 16


   E STEP  ITER  LOGLIKELIHOOD    ABS CHANGE   REL CHANGE  ALGORITHM
              1 -0.28017592D+05    0.0000000    0.0000000  EM
              2 -0.20669356D+05 7348.2356844    0.2622722  EM
              3 -0.20669356D+05    0.0000000    0.0000000  EM


  TECHNICAL 8 OUTPUT FOR STARTING VALUE SET 17


   E STEP  ITER  LOGLIKELIHOOD    ABS CHANGE   REL CHANGE  ALGORITHM
              1 -0.38958248D+05    0.0000000    0.0000000  EM
              2 -0.20669356D+05 ************    0.4694485  EM
              3 -0.20669356D+05    0.0000000    0.0000000  EM


  TECHNICAL 8 OUTPUT FOR STARTING VALUE SET 18


   E STEP  ITER  LOGLIKELIHOOD    ABS CHANGE   REL CHANGE  ALGORITHM
              1 -0.35284101D+05    0.0000000    0.0000000  EM
              2 -0.20669356D+05 ************    0.4142020  EM
              3 -0.20669356D+05    0.0000000    0.0000000  EM


  TECHNICAL 8 OUTPUT FOR STARTING VALUE SET 19


   E STEP  ITER  LOGLIKELIHOOD    ABS CHANGE   REL CHANGE  ALGORITHM
              1 -0.37598445D+05    0.0000000    0.0000000  EM
              2 -0.20669356D+05 ************    0.4502603  EM
              3 -0.20669356D+05    0.0000000    0.0000000  EM


  TECHNICAL 8 OUTPUT FOR STARTING VALUE SET 20


   E STEP  ITER  LOGLIKELIHOOD    ABS CHANGE   REL CHANGE  ALGORITHM
              1 -0.33504407D+05    0.0000000    0.0000000  EM
              2 -0.20669356D+05 ************    0.3830855  EM
              3 -0.20669356D+05    0.0000000    0.0000000  EM


  FINAL STAGE ITERATIONS


  TECHNICAL 8 OUTPUT FOR UNPERTURBED STARTING VALUE SET


              3 -0.20669356D+05    0.0000000    0.0000000  EM
              4 -0.20669356D+05    0.0000000    0.0000000  EM


  TECHNICAL 8 OUTPUT FOR STARTING VALUE SET 3


              3 -0.20669356D+05    0.0000000    0.0000000  EM
              4 -0.20669356D+05    0.0000000    0.0000000  EM


  TECHNICAL 8 OUTPUT FOR STARTING VALUE SET 4


              3 -0.20669356D+05    0.0000000    0.0000000  EM
              4 -0.20669356D+05    0.0000000    0.0000000  EM


  TECHNICAL 8 OUTPUT FOR STARTING VALUE SET 13


              3 -0.20669356D+05    0.0000000    0.0000000  EM
              4 -0.20669356D+05    0.0000000    0.0000000  EM


  TECHNICAL 8 OUTPUT FOR STARTING VALUE SET 10


              3 -0.20669356D+05    0.0000000    0.0000000  EM
              4 -0.20669356D+05    0.0000000    0.0000000  EM


  TECHNICAL 8 OUTPUT FOR STARTING VALUE SET 14


              3 -0.20669356D+05    0.0000000    0.0000000  EM
              4 -0.20669356D+05    0.0000000    0.0000000  EM


  TECHNICAL 8 OUTPUT FOR STARTING VALUE SET 16


              3 -0.20669356D+05    0.0000000    0.0000000  EM
              4 -0.20669356D+05    0.0000000    0.0000000  EM


  TECHNICAL 8 OUTPUT FOR STARTING VALUE SET 5


              3 -0.20669356D+05    0.0000000    0.0000000  EM
              4 -0.20669356D+05    0.0000000    0.0000000  EM


  TECHNICAL 8 OUTPUT FOR STARTING VALUE SET 1


              3 -0.20669356D+05    0.0000000    0.0000000  EM
              4 -0.20669356D+05    0.0000000    0.0000000  EM


  TECHNICAL 8 OUTPUT FOR STARTING VALUE SET 18


              3 -0.20669356D+05    0.0000000    0.0000000  EM
              4 -0.20669356D+05    0.0000000    0.0000000  EM


     Beginning Time:  19:30:16
        Ending Time:  19:30:24
       Elapsed Time:  00:00:08



MUTHEN & MUTHEN
3463 Stoner Ave.
Los Angeles, CA  90066

Tel: (310) 391-9971
Fax: (310) 391-8971
Web: www.StatModel.com
Support: Support@StatModel.com

Copyright (c) 1998-2024 Muthen & Muthen
