Mplus VERSION 7.1
MUTHEN & MUTHEN
07/09/2013   3:03 PM

INPUT INSTRUCTIONS

  data:
  file is Dataset_Jul9_Mplus.dat;

  Variable:
  names are
  CASENUM COHORT AB39A GA32A KA46A AB39B AB39C AB39D AB39E AB39F AB39G AB39H
  GA32H KA46H AB39I GA32I KA46I AB39J AB39K GA32K KA46K AB39L GA32L KA46L AB39M
  GA33A KA47A AB39N AB39O AB39P AB39Q AB39R AB39S AB39T GA33H KA47H AB39U GA33I
  KA47I AB39V AB39W GA33K KA47K AB39X GA33L KA47L SciG7 SciG8 SciG11
  MTH7 SCI7 SCI8 MOTHED FATHED PEDUC PEDUC3 RSEDAN RSEDAN6 RSEDAN5 RBACC
  RMAJFIRST RMAJFIRST2 RMAJLAST2 RMAJLAST RGRADMAJ RGRADMAJ10 RSTEMM RSTEMMX
  RSTEMMB RSTEMMA WEIGHT7 WEIGHT8 WEIGHT9 WEIGHT10 WEIGHT11 WEIGHT12 WEIGHTP1
  WEIGHTP2 WEIGHTP4 WGT12A WEIGHTR GENDER RACETH3 RACETH Minority STEM STEMSup
  ENGINEER MathG7 MathG8 MathG10 MathG11 MathG12 Female;

  categorical = AB39A AB39H AB39I AB39K AB39L AB39M AB39T AB39U AB39W AB39X;

  missing=all(9999);
  classes =c (2);

  auxiliary =STEM(e)  STEMSup(e) ENGINEER(e) MathG8(e) SciG8(e);
  usevar = AB39A AB39H AB39I AB39K AB39L AB39M AB39T AB39U AB39W AB39X;

  Analysis:
  Type=mixture;
   starts = 500 10;
   process = 4(starts);

  Output:
   sampstat tech11 tech14;

   Plot:
  type=plot3;
  series =AB39A - AB39X (*);



*** WARNING in OUTPUT command
  SAMPSTAT option is not available when all outcomes are censored, ordered
  categorical, unordered categorical (nominal), count or continuous-time
  survival variables.  Request for SAMPSTAT is ignored.
*** WARNING
  Data set contains cases with missing on all variables.
  These cases were not included in the analysis.
  Number of cases with missing on all variables:  5
*** WARNING
  Data set contains cases with missing on all variables except
  x-variables.  These cases were not included in the analysis.
  Number of cases with missing on all variables except x-variables:  43
   3 WARNING(S) FOUND IN THE INPUT INSTRUCTIONS




SUMMARY OF ANALYSIS

Number of groups                                                 1
Number of observations                                        3068

Number of dependent variables                                   10
Number of independent variables                                  0
Number of continuous latent variables                            0
Number of categorical latent variables                           1

Observed dependent variables

  Binary and ordered categorical (ordinal)
   AB39A       AB39H       AB39I       AB39K       AB39L       AB39M
   AB39T       AB39U       AB39W       AB39X

Observed auxiliary variables
   STEM        STEMSUP     ENGINEER    MATHG8      SCIG8

Categorical latent variables
   C


Estimator                                                      MLR
Information matrix                                        OBSERVED
Optimization Specifications for the Quasi-Newton Algorithm for
Continuous Outcomes
  Maximum number of iterations                                 100
  Convergence criterion                                  0.100D-05
Optimization Specifications for the EM Algorithm
  Maximum number of iterations                                 500
  Convergence criteria
    Loglikelihood change                                 0.100D-06
    Relative loglikelihood change                        0.100D-06
    Derivative                                           0.100D-05
Optimization Specifications for the M step of the EM Algorithm for
Categorical Latent variables
  Number of M step iterations                                    1
  M step convergence criterion                           0.100D-05
  Basis for M step termination                           ITERATION
Optimization Specifications for the M step of the EM Algorithm for
Censored, Binary or Ordered Categorical (Ordinal), Unordered
Categorical (Nominal) and Count Outcomes
  Number of M step iterations                                    1
  M step convergence criterion                           0.100D-05
  Basis for M step termination                           ITERATION
  Maximum value for logit thresholds                            15
  Minimum value for logit thresholds                           -15
  Minimum expected cell size for chi-square              0.100D-01
Maximum number of iterations for H1                           2000
Convergence criterion for H1                             0.100D-03
Optimization algorithm                                         EMA
Random Starts Specifications
  Number of initial stage random starts                        500
  Number of final stage optimizations                           10
  Number of initial stage iterations                            10
  Initial stage convergence criterion                    0.100D+01
  Random starts scale                                    0.500D+01
  Random seed for generating random starts                       0
Link                                                         LOGIT

Input data file(s)
  Dataset_Jul9_Mplus.dat
Input data format  FREE


SUMMARY OF DATA

     Number of missing data patterns            52
     Number of y missing data patterns           0
     Number of u missing data patterns          52


COVARIANCE COVERAGE OF DATA

Minimum covariance coverage value   0.100


     PROPORTION OF DATA PRESENT FOR U


           Covariance Coverage
              AB39A         AB39H         AB39I         AB39K         AB39L
              ________      ________      ________      ________      ________
 AB39A          0.997
 AB39H          0.977         0.978
 AB39I          0.976         0.961         0.977
 AB39K          0.979         0.963         0.962         0.980
 AB39L          0.980         0.963         0.963         0.966         0.981
 AB39M          0.990         0.973         0.972         0.975         0.976
 AB39T          0.973         0.956         0.953         0.958         0.959
 AB39U          0.974         0.957         0.956         0.959         0.960
 AB39W          0.980         0.963         0.962         0.965         0.967
 AB39X          0.990         0.973         0.971         0.975         0.976


           Covariance Coverage
              AB39M         AB39T         AB39U         AB39W         AB39X
              ________      ________      ________      ________      ________
 AB39M          0.992
 AB39T          0.970         0.974
 AB39U          0.970         0.958         0.975
 AB39W          0.977         0.963         0.964         0.982
 AB39X          0.986         0.971         0.973         0.979         0.992


UNIVARIATE PROPORTIONS AND COUNTS FOR CATEGORICAL VARIABLES

    AB39A
      Category 1    0.314      960.000
      Category 2    0.686     2100.000
    AB39H
      Category 1    0.296      887.000
      Category 2    0.704     2114.000
    AB39I
      Category 1    0.356     1068.000
      Category 2    0.644     1930.000
    AB39K
      Category 1    0.240      722.000
      Category 2    0.760     2286.000
    AB39L
      Category 1    0.263      791.000
      Category 2    0.737     2219.000
    AB39M
      Category 1    0.387     1177.000
      Category 2    0.613     1865.000
    AB39T
      Category 1    0.596     1782.000
      Category 2    0.404     1206.000
    AB39U
      Category 1    0.508     1519.000
      Category 2    0.492     1473.000
    AB39W
      Category 1    0.596     1796.000
      Category 2    0.404     1216.000
    AB39X
      Category 1    0.539     1639.000
      Category 2    0.461     1404.000


RANDOM STARTS RESULTS RANKED FROM THE BEST TO THE WORST LOGLIKELIHOOD VALUES

Final stage loglikelihood values at local maxima, seeds, and initial stage start numbers:

          -17198.428  860772           174
          -17198.428  529496           343
          -17198.428  685657           69
          -17198.428  988761           475
          -17198.428  655497           376
          -17198.428  370466           41
          -17198.428  267983           228
          -17198.428  414828           322
          -17198.428  609185           181
          -17198.428  966014           37



THE BEST LOGLIKELIHOOD VALUE HAS BEEN REPLICATED.  RERUN WITH AT LEAST TWICE THE
RANDOM STARTS TO CHECK THAT THE BEST LOGLIKELIHOOD IS STILL OBTAINED AND REPLICATED.


THE MODEL ESTIMATION TERMINATED NORMALLY



MODEL FIT INFORMATION

Number of Free Parameters                       21

Loglikelihood

          H0 Value                      -17198.428
          H0 Scaling Correction Factor      1.0844
            for MLR

Information Criteria

          Akaike (AIC)                   34438.856
          Bayesian (BIC)                 34565.461
          Sample-Size Adjusted BIC       34498.735
            (n* = (n + 2) / 24)

Chi-Square Test of Model Fit for the Binary and Ordered Categorical
(Ordinal) Outcomes**

          Pearson Chi-Square

          Value                           3581.448
          Degrees of Freedom                   965
          P-Value                           0.0000

          Likelihood Ratio Chi-Square

          Value                           2284.248
          Degrees of Freedom                   965
          P-Value                           0.0000

** Of the 12298 cells in the latent class indicator table, 37
   were deleted in the calculation of chi-square due to extreme values.

Chi-Square Test for MCAR under the Unrestricted Latent Class Indicator Model

          Pearson Chi-Square

          Value                           3706.233
          Degrees of Freedom                 11223
          P-Value                           1.0000

          Likelihood Ratio Chi-Square

          Value                           1148.304
          Degrees of Freedom                 11223
          P-Value                           1.0000



FINAL CLASS COUNTS AND PROPORTIONS FOR THE LATENT CLASSES
BASED ON THE ESTIMATED MODEL

    Latent
   Classes

       1       1820.47591          0.59338
       2       1247.52409          0.40662


FINAL CLASS COUNTS AND PROPORTIONS FOR THE LATENT CLASS PATTERNS
BASED ON ESTIMATED POSTERIOR PROBABILITIES

    Latent
   Classes

       1       1820.47741          0.59338
       2       1247.52259          0.40662


CLASSIFICATION QUALITY

     Entropy                         0.796


CLASSIFICATION OF INDIVIDUALS BASED ON THEIR MOST LIKELY LATENT CLASS MEMBERSHIP

Class Counts and Proportions

    Latent
   Classes

       1             1828          0.59583
       2             1240          0.40417


Average Latent Class Probabilities for Most Likely Latent Class Membership (Row)
by Latent Class (Column)

           1        2

    1   0.947    0.053
    2   0.071    0.929


Classification Probabilities for the Most Likely Latent Class Membership (Row)
by Latent Class (Column)

           1        2

    1   0.951    0.049
    2   0.077    0.923


Logits for the Classification Probabilities for the Most Likely Latent Class Membership (Row)
by Latent Class (Column)

              1        2

    1      2.973    0.000
    2     -2.483    0.000


MODEL RESULTS

                                                    Two-Tailed
                    Estimate       S.E.  Est./S.E.    P-Value

Latent Class 1

 Thresholds
    AB39A$1           -0.425      0.052     -8.103      0.000
    AB39H$1           -0.320      0.056     -5.716      0.000
    AB39I$1            0.090      0.057      1.566      0.117
    AB39K$1           -0.592      0.056    -10.537      0.000
    AB39L$1           -0.402      0.058     -6.888      0.000
    AB39M$1            0.177      0.058      3.058      0.002
    AB39T$1            1.818      0.095     19.095      0.000
    AB39U$1            1.152      0.079     14.618      0.000
    AB39W$1            1.710      0.091     18.779      0.000
    AB39X$1            1.406      0.089     15.865      0.000

Latent Class 2

 Thresholds
    AB39A$1           -1.418      0.082    -17.231      0.000
    AB39H$1           -2.041      0.116    -17.542      0.000
    AB39I$1           -2.052      0.131    -15.617      0.000
    AB39K$1           -2.548      0.148    -17.182      0.000
    AB39L$1           -2.703      0.161    -16.828      0.000
    AB39M$1           -1.672      0.093    -18.051      0.000
    AB39T$1           -1.311      0.116    -11.320      0.000
    AB39U$1           -1.808      0.126    -14.349      0.000
    AB39W$1           -1.205      0.109    -11.068      0.000
    AB39X$1           -1.701      0.126    -13.518      0.000

Categorical Latent Variables

 Means
    C#1                0.378      0.068      5.583      0.000


RESULTS IN PROBABILITY SCALE

Latent Class 1

 AB39A
    Category 1         0.395      0.013     31.499      0.000
    Category 2         0.605      0.013     48.198      0.000
 AB39H
    Category 1         0.421      0.014     30.812      0.000
    Category 2         0.579      0.014     42.440      0.000
 AB39I
    Category 1         0.522      0.014     36.435      0.000
    Category 2         0.478      0.014     33.300      0.000
 AB39K
    Category 1         0.356      0.013     27.638      0.000
    Category 2         0.644      0.013     49.966      0.000
 AB39L
    Category 1         0.401      0.014     28.604      0.000
    Category 2         0.599      0.014     42.755      0.000
 AB39M
    Category 1         0.544      0.014     37.919      0.000
    Category 2         0.456      0.014     31.770      0.000
 AB39T
    Category 1         0.860      0.011     75.191      0.000
    Category 2         0.140      0.011     12.211      0.000
 AB39U
    Category 1         0.760      0.014     52.842      0.000
    Category 2         0.240      0.014     16.693      0.000
 AB39W
    Category 1         0.847      0.012     71.703      0.000
    Category 2         0.153      0.012     12.967      0.000
 AB39X
    Category 1         0.803      0.014     57.318      0.000
    Category 2         0.197      0.014     14.047      0.000

Latent Class 2

 AB39A
    Category 1         0.195      0.013     15.091      0.000
    Category 2         0.805      0.013     62.327      0.000
 AB39H
    Category 1         0.115      0.012      9.711      0.000
    Category 2         0.885      0.012     74.764      0.000
 AB39I
    Category 1         0.114      0.013      8.590      0.000
    Category 2         0.886      0.013     66.840      0.000
 AB39K
    Category 1         0.073      0.010      7.271      0.000
    Category 2         0.927      0.010     92.938      0.000
 AB39L
    Category 1         0.063      0.009      6.643      0.000
    Category 2         0.937      0.009     99.146      0.000
 AB39M
    Category 1         0.158      0.012     12.824      0.000
    Category 2         0.842      0.012     68.262      0.000
 AB39T
    Category 1         0.212      0.019     10.964      0.000
    Category 2         0.788      0.019     40.668      0.000
 AB39U
    Category 1         0.141      0.015      9.240      0.000
    Category 2         0.859      0.015     56.329      0.000
 AB39W
    Category 1         0.231      0.019     11.935      0.000
    Category 2         0.769      0.019     39.834      0.000
 AB39X
    Category 1         0.154      0.016      9.394      0.000
    Category 2         0.846      0.016     51.498      0.000


LATENT CLASS ODDS RATIO RESULTS

Latent Class 1 Compared to Latent Class 2

 AB39A
    Category > 1       0.370      0.037     10.019      0.000
 AB39H
    Category > 1       0.179      0.023      7.855      0.000
 AB39I
    Category > 1       0.117      0.016      7.230      0.000
 AB39K
    Category > 1       0.141      0.022      6.422      0.000
 AB39L
    Category > 1       0.100      0.017      6.020      0.000
 AB39M
    Category > 1       0.157      0.016      9.635      0.000
 AB39T
    Category > 1       0.044      0.005      8.230      0.000
 AB39U
    Category > 1       0.052      0.007      7.920      0.000
 AB39W
    Category > 1       0.054      0.006      8.338      0.000
 AB39X
    Category > 1       0.045      0.006      7.639      0.000


QUALITY OF NUMERICAL RESULTS

     Condition Number for the Information Matrix              0.525E-01
       (ratio of smallest to largest eigenvalue)


EQUALITY TESTS OF MEANS ACROSS CLASSES USING POSTERIOR PROBABILITY-BASED
MULTIPLE IMPUTATIONS WITH 1 DEGREE(S) OF FREEDOM FOR THE OVERALL TEST

STEM
                          Mean       S.E.

  Class 1                0.057      0.007
  Class 2                0.113      0.012

                    Chi-Square     P-Value

  Overall test          15.123      0.000

STEMSUP
                          Mean       S.E.

  Class 1                0.126      0.010
  Class 2                0.187      0.015

                    Chi-Square     P-Value

  Overall test          10.550      0.001

ENGINEER
                          Mean       S.E.

  Class 1                0.015      0.004
  Class 2                0.036      0.007

                    Chi-Square     P-Value

  Overall test           7.140      0.008

MATHG8
                          Mean       S.E.

  Class 1               52.865      0.281
  Class 2               55.180      0.376

                    Chi-Square     P-Value

  Overall test          22.875      0.000

SCIG8
                          Mean       S.E.

  Class 1               53.188      0.287
  Class 2               55.488      0.379

                    Chi-Square     P-Value

  Overall test          21.992      0.000



TECHNICAL 11 OUTPUT

     Random Starts Specifications for the k-1 Class Analysis Model
        Number of initial stage random starts                 500
        Number of final stage optimizations                    10



     VUONG-LO-MENDELL-RUBIN LIKELIHOOD RATIO TEST FOR 1 (H0) VERSUS 2 CLASSES

          H0 Loglikelihood Value                       -19319.601
          2 Times the Loglikelihood Difference           4242.345
          Difference in the Number of Parameters               11
          Mean                                             14.312
          Standard Deviation                               18.989
          P-Value                                          0.0000

     LO-MENDELL-RUBIN ADJUSTED LRT TEST

          Value                                          4194.848
          P-Value                                          0.0000


TECHNICAL 14 OUTPUT

     Random Starts Specifications for the k-1 Class Analysis Model
        Number of initial stage random starts                 500
        Number of final stage optimizations                    10

     Random Starts Specification for the k-1 Class Model for Generated Data
        Number of initial stage random starts                   0
        Number of final stage optimizations for the
           initial stage random starts                          0
     Random Starts Specification for the k Class Model for Generated Data
        Number of initial stage random starts                  40
        Number of final stage optimizations                     8
     Number of bootstrap draws requested                   Varies


     PARAMETRIC BOOTSTRAPPED LIKELIHOOD RATIO TEST FOR 1 (H0) VERSUS 2 CLASSES

          H0 Loglikelihood Value                       -19319.601
          2 Times the Loglikelihood Difference           4242.345
          Difference in the Number of Parameters               11
          Approximate P-Value                              0.0000
          Successful Bootstrap Draws                            5

     WARNING:  THE BEST LOGLIKELIHOOD VALUE FOR THE 2 CLASS MODEL FOR THE GENERATED DATA
     WAS NOT REPLICATED IN 3 OUT OF 5 BOOTSTRAP DRAWS.  THE P-VALUE MAY NOT BE TRUSTWORTHY
     DUE TO LOCAL MAXIMA.  INCREASE THE NUMBER OF RANDOM STARTS USING THE LRTSTARTS OPTION.



PLOT INFORMATION

The following plots are available:

  Histograms of sample values
  Scatterplots (sample values)
  Sample proportions and estimated probabilities

DIAGRAM INFORMATION

  Mplus diagrams are currently not available for Mixture analysis.
  No diagram output was produced.


     Beginning Time:  15:03:19
        Ending Time:  15:03:29
       Elapsed Time:  00:00:10



MUTHEN & MUTHEN
3463 Stoner Ave.
Los Angeles, CA  90066

Tel: (310) 391-9971
Fax: (310) 391-8971
Web: www.StatModel.com
Support: Support@StatModel.com

Copyright (c) 1998-2013 Muthen & Muthen
