Mplus VERSION 7.1
MUTHEN & MUTHEN
07/09/2013   3:24 PM

INPUT INSTRUCTIONS

  data:
  file is Dataset_Jul9_Mplus.dat;

  Variable:
  names are
  CASENUM COHORT AB39A GA32A KA46A AB39B AB39C AB39D AB39E AB39F AB39G AB39H
  GA32H KA46H AB39I GA32I KA46I AB39J AB39K GA32K KA46K AB39L GA32L KA46L AB39M
  GA33A KA47A AB39N AB39O AB39P AB39Q AB39R AB39S AB39T GA33H KA47H AB39U GA33I
  KA47I AB39V AB39W GA33K KA47K AB39X GA33L KA47L SciG7 SciG8 SciG11
  MTH7 SCI7 SCI8 MOTHED FATHED PEDUC PEDUC3 RSEDAN RSEDAN6 RSEDAN5 RBACC
  RMAJFIRST RMAJFIRST2 RMAJLAST2 RMAJLAST RGRADMAJ RGRADMAJ10 RSTEMM RSTEMMX
  RSTEMMB RSTEMMA WEIGHT7 WEIGHT8 WEIGHT9 WEIGHT10 WEIGHT11 WEIGHT12 WEIGHTP1
  WEIGHTP2 WEIGHTP4 WGT12A WEIGHTR GENDER RACETH3 RACETH Minority STEM STEMSup
  ENGINEER MathG7 MathG8 MathG10 MathG11 MathG12 Female;

  categorical = AB39A AB39H AB39I AB39K AB39L AB39M AB39T AB39U AB39W AB39X;

  missing=all(9999);
  classes =c (5);

  auxiliary =STEM(e)  STEMSup(e) ENGINEER(e) MathG8(e) SciG8(e);
  usevar = AB39A AB39H AB39I AB39K AB39L AB39M AB39T AB39U AB39W AB39X;

  Analysis:
  Type=mixture;
   starts = 500 10;
   process = 4(starts);

  Output:
   sampstat tech11 tech14;

   Plot:
  type=plot3;
  series =AB39A - AB39X (*);



*** WARNING in OUTPUT command
  SAMPSTAT option is not available when all outcomes are censored, ordered
  categorical, unordered categorical (nominal), count or continuous-time
  survival variables.  Request for SAMPSTAT is ignored.
*** WARNING
  Data set contains cases with missing on all variables.
  These cases were not included in the analysis.
  Number of cases with missing on all variables:  5
*** WARNING
  Data set contains cases with missing on all variables except
  x-variables.  These cases were not included in the analysis.
  Number of cases with missing on all variables except x-variables:  43
   3 WARNING(S) FOUND IN THE INPUT INSTRUCTIONS




SUMMARY OF ANALYSIS

Number of groups                                                 1
Number of observations                                        3068

Number of dependent variables                                   10
Number of independent variables                                  0
Number of continuous latent variables                            0
Number of categorical latent variables                           1

Observed dependent variables

  Binary and ordered categorical (ordinal)
   AB39A       AB39H       AB39I       AB39K       AB39L       AB39M
   AB39T       AB39U       AB39W       AB39X

Observed auxiliary variables
   STEM        STEMSUP     ENGINEER    MATHG8      SCIG8

Categorical latent variables
   C


Estimator                                                      MLR
Information matrix                                        OBSERVED
Optimization Specifications for the Quasi-Newton Algorithm for
Continuous Outcomes
  Maximum number of iterations                                 100
  Convergence criterion                                  0.100D-05
Optimization Specifications for the EM Algorithm
  Maximum number of iterations                                 500
  Convergence criteria
    Loglikelihood change                                 0.100D-06
    Relative loglikelihood change                        0.100D-06
    Derivative                                           0.100D-05
Optimization Specifications for the M step of the EM Algorithm for
Categorical Latent variables
  Number of M step iterations                                    1
  M step convergence criterion                           0.100D-05
  Basis for M step termination                           ITERATION
Optimization Specifications for the M step of the EM Algorithm for
Censored, Binary or Ordered Categorical (Ordinal), Unordered
Categorical (Nominal) and Count Outcomes
  Number of M step iterations                                    1
  M step convergence criterion                           0.100D-05
  Basis for M step termination                           ITERATION
  Maximum value for logit thresholds                            15
  Minimum value for logit thresholds                           -15
  Minimum expected cell size for chi-square              0.100D-01
Maximum number of iterations for H1                           2000
Convergence criterion for H1                             0.100D-03
Optimization algorithm                                         EMA
Random Starts Specifications
  Number of initial stage random starts                        500
  Number of final stage optimizations                           10
  Number of initial stage iterations                            10
  Initial stage convergence criterion                    0.100D+01
  Random starts scale                                    0.500D+01
  Random seed for generating random starts                       0
Link                                                         LOGIT

Input data file(s)
  Dataset_Jul9_Mplus.dat
Input data format  FREE


SUMMARY OF DATA

     Number of missing data patterns            52
     Number of y missing data patterns           0
     Number of u missing data patterns          52


COVARIANCE COVERAGE OF DATA

Minimum covariance coverage value   0.100


     PROPORTION OF DATA PRESENT FOR U


           Covariance Coverage
              AB39A         AB39H         AB39I         AB39K         AB39L
              ________      ________      ________      ________      ________
 AB39A          0.997
 AB39H          0.977         0.978
 AB39I          0.976         0.961         0.977
 AB39K          0.979         0.963         0.962         0.980
 AB39L          0.980         0.963         0.963         0.966         0.981
 AB39M          0.990         0.973         0.972         0.975         0.976
 AB39T          0.973         0.956         0.953         0.958         0.959
 AB39U          0.974         0.957         0.956         0.959         0.960
 AB39W          0.980         0.963         0.962         0.965         0.967
 AB39X          0.990         0.973         0.971         0.975         0.976


           Covariance Coverage
              AB39M         AB39T         AB39U         AB39W         AB39X
              ________      ________      ________      ________      ________
 AB39M          0.992
 AB39T          0.970         0.974
 AB39U          0.970         0.958         0.975
 AB39W          0.977         0.963         0.964         0.982
 AB39X          0.986         0.971         0.973         0.979         0.992


UNIVARIATE PROPORTIONS AND COUNTS FOR CATEGORICAL VARIABLES

    AB39A
      Category 1    0.314      960.000
      Category 2    0.686     2100.000
    AB39H
      Category 1    0.296      887.000
      Category 2    0.704     2114.000
    AB39I
      Category 1    0.356     1068.000
      Category 2    0.644     1930.000
    AB39K
      Category 1    0.240      722.000
      Category 2    0.760     2286.000
    AB39L
      Category 1    0.263      791.000
      Category 2    0.737     2219.000
    AB39M
      Category 1    0.387     1177.000
      Category 2    0.613     1865.000
    AB39T
      Category 1    0.596     1782.000
      Category 2    0.404     1206.000
    AB39U
      Category 1    0.508     1519.000
      Category 2    0.492     1473.000
    AB39W
      Category 1    0.596     1796.000
      Category 2    0.404     1216.000
    AB39X
      Category 1    0.539     1639.000
      Category 2    0.461     1404.000


RANDOM STARTS RESULTS RANKED FROM THE BEST TO THE WORST LOGLIKELIHOOD VALUES

Final stage loglikelihood values at local maxima, seeds, and initial stage start numbers:

          -16479.343  36714            201
          -16479.343  407168           44
          -16479.343  871722           355
          -16479.343  534864           307
          -16479.343  781190           219
          -16479.343  131856           90
          -16482.620  181293           212
          -16482.620  238906           430
          -16482.620  402224           91
          -16482.620  802682           419



THE BEST LOGLIKELIHOOD VALUE HAS BEEN REPLICATED.  RERUN WITH AT LEAST TWICE THE
RANDOM STARTS TO CHECK THAT THE BEST LOGLIKELIHOOD IS STILL OBTAINED AND REPLICATED.


THE MODEL ESTIMATION TERMINATED NORMALLY



MODEL FIT INFORMATION

Number of Free Parameters                       54

Loglikelihood

          H0 Value                      -16479.343
          H0 Scaling Correction Factor      1.1500
            for MLR

Information Criteria

          Akaike (AIC)                   33066.686
          Bayesian (BIC)                 33392.240
          Sample-Size Adjusted BIC       33220.660
            (n* = (n + 2) / 24)

Chi-Square Test of Model Fit for the Binary and Ordered Categorical
(Ordinal) Outcomes**

          Pearson Chi-Square

          Value                           2032.450
          Degrees of Freedom                   938
          P-Value                           0.0000

          Likelihood Ratio Chi-Square

          Value                           1325.870
          Degrees of Freedom                   938
          P-Value                           0.0000

** Of the 12298 cells in the latent class indicator table, 31
   were deleted in the calculation of chi-square due to extreme values.

Chi-Square Test for MCAR under the Unrestricted Latent Class Indicator Model

          Pearson Chi-Square

          Value                           3884.363
          Degrees of Freedom                 11223
          P-Value                           1.0000

          Likelihood Ratio Chi-Square

          Value                           1188.015
          Degrees of Freedom                 11223
          P-Value                           1.0000



FINAL CLASS COUNTS AND PROPORTIONS FOR THE LATENT CLASSES
BASED ON THE ESTIMATED MODEL

    Latent
   Classes

       1        630.60728          0.20554
       2        796.81216          0.25972
       3        448.49620          0.14619
       4        323.62920          0.10549
       5        868.45516          0.28307


FINAL CLASS COUNTS AND PROPORTIONS FOR THE LATENT CLASS PATTERNS
BASED ON ESTIMATED POSTERIOR PROBABILITIES

    Latent
   Classes

       1        630.60718          0.20554
       2        796.81212          0.25972
       3        448.49676          0.14619
       4        323.62935          0.10549
       5        868.45459          0.28307


CLASSIFICATION QUALITY

     Entropy                         0.733


CLASSIFICATION OF INDIVIDUALS BASED ON THEIR MOST LIKELY LATENT CLASS MEMBERSHIP

Class Counts and Proportions

    Latent
   Classes

       1              588          0.19166
       2              827          0.26956
       3              440          0.14342
       4              331          0.10789
       5              882          0.28748


Average Latent Class Probabilities for Most Likely Latent Class Membership (Row)
by Latent Class (Column)

           1        2        3        4        5

    1   0.799    0.079    0.017    0.024    0.082
    2   0.096    0.880    0.000    0.004    0.019
    3   0.012    0.001    0.844    0.070    0.074
    4   0.058    0.035    0.063    0.765    0.078
    5   0.064    0.012    0.052    0.026    0.846


Classification Probabilities for the Most Likely Latent Class Membership (Row)
by Latent Class (Column)

           1        2        3        4        5

    1   0.745    0.127    0.008    0.030    0.090
    2   0.058    0.913    0.000    0.015    0.014
    3   0.022    0.001    0.828    0.047    0.103
    4   0.043    0.009    0.095    0.783    0.070
    5   0.055    0.018    0.037    0.030    0.859


Logits for the Classification Probabilities for the Most Likely Latent Class Membership (Row)
by Latent Class (Column)

              1        2        3        4        5

    1      2.119    0.346   -2.381   -1.083    0.000
    2      1.449    4.206   -3.721    0.069    0.000
    3     -1.540   -4.994    2.086   -0.787    0.000
    4     -0.496   -2.013    0.304    2.412    0.000
    5     -2.742   -3.843   -3.132   -3.358    0.000


MODEL RESULTS

                                                    Two-Tailed
                    Estimate       S.E.  Est./S.E.    P-Value

Latent Class 1

 Thresholds
    AB39A$1           -0.848      0.168     -5.050      0.000
    AB39H$1           -0.586      0.210     -2.793      0.005
    AB39I$1           -0.191      0.258     -0.739      0.460
    AB39K$1           -1.308      0.160     -8.150      0.000
    AB39L$1           -3.157      1.404     -2.249      0.025
    AB39M$1           -0.904      0.181     -5.008      0.000
    AB39T$1            0.520      0.182      2.862      0.004
    AB39U$1            0.078      0.157      0.496      0.620
    AB39W$1           -0.043      0.306     -0.141      0.888
    AB39X$1           -1.708      0.620     -2.753      0.006

Latent Class 2

 Thresholds
    AB39A$1           -1.678      0.119    -14.104      0.000
    AB39H$1           -3.128      0.301    -10.390      0.000
    AB39I$1           -3.873      0.578     -6.695      0.000
    AB39K$1           -3.403      0.327    -10.411      0.000
    AB39L$1           -3.670      0.454     -8.091      0.000
    AB39M$1           -1.916      0.142    -13.455      0.000
    AB39T$1           -2.426      0.346     -7.014      0.000
    AB39U$1           -3.131      0.332     -9.423      0.000
    AB39W$1           -1.806      0.231     -7.811      0.000
    AB39X$1           -2.134      0.208    -10.235      0.000

Latent Class 3

 Thresholds
    AB39A$1            0.240      0.121      1.979      0.048
    AB39H$1            1.720      0.320      5.375      0.000
    AB39I$1            2.119      0.298      7.107      0.000
    AB39K$1            0.708      0.189      3.744      0.000
    AB39L$1            1.301      0.257      5.063      0.000
    AB39M$1            0.843      0.164      5.133      0.000
    AB39T$1            3.678      0.689      5.336      0.000
    AB39U$1            3.293      0.706      4.667      0.000
    AB39W$1            2.860      0.380      7.519      0.000
    AB39X$1            2.414      0.272      8.882      0.000

Latent Class 4

 Thresholds
    AB39A$1           -0.116      0.163     -0.714      0.475
    AB39H$1           -0.088      0.193     -0.457      0.648
    AB39I$1           -0.364      0.225     -1.618      0.106
    AB39K$1            0.299      0.284      1.054      0.292
    AB39L$1            2.834      2.652      1.068      0.285
    AB39M$1           -0.948      0.214     -4.427      0.000
    AB39T$1            0.083      0.209      0.399      0.690
    AB39U$1           -0.458      0.255     -1.793      0.073
    AB39W$1            0.450      0.370      1.217      0.224
    AB39X$1            0.924      0.391      2.364      0.018

Latent Class 5

 Thresholds
    AB39A$1           -0.937      0.102     -9.194      0.000
    AB39H$1           -1.857      0.203     -9.164      0.000
    AB39I$1           -0.850      0.138     -6.172      0.000
    AB39K$1           -2.128      0.213     -9.971      0.000
    AB39L$1           -1.971      0.245     -8.043      0.000
    AB39M$1            0.308      0.105      2.929      0.003
    AB39T$1            1.991      0.194     10.268      0.000
    AB39U$1            1.030      0.139      7.390      0.000
    AB39W$1            2.258      0.240      9.392      0.000
    AB39X$1            3.063      1.337      2.291      0.022

Categorical Latent Variables

 Means
    C#1               -0.320      0.288     -1.111      0.267
    C#2               -0.086      0.105     -0.818      0.414
    C#3               -0.661      0.185     -3.563      0.000
    C#4               -0.987      0.193     -5.105      0.000


RESULTS IN PROBABILITY SCALE

Latent Class 1

 AB39A
    Category 1         0.300      0.035      8.510      0.000
    Category 2         0.700      0.035     19.864      0.000
 AB39H
    Category 1         0.358      0.048      7.420      0.000
    Category 2         0.642      0.048     13.331      0.000
 AB39I
    Category 1         0.452      0.064      7.067      0.000
    Category 2         0.548      0.064      8.554      0.000
 AB39K
    Category 1         0.213      0.027      7.919      0.000
    Category 2         0.787      0.027     29.278      0.000
 AB39L
    Category 1         0.041      0.055      0.743      0.458
    Category 2         0.959      0.055     17.454      0.000
 AB39M
    Category 1         0.288      0.037      7.779      0.000
    Category 2         0.712      0.037     19.218      0.000
 AB39T
    Category 1         0.627      0.042     14.763      0.000
    Category 2         0.373      0.042      8.777      0.000
 AB39U
    Category 1         0.519      0.039     13.293      0.000
    Category 2         0.481      0.039     12.299      0.000
 AB39W
    Category 1         0.489      0.076      6.406      0.000
    Category 2         0.511      0.076      6.687      0.000
 AB39X
    Category 1         0.153      0.081      1.904      0.057
    Category 2         0.847      0.081     10.508      0.000

Latent Class 2

 AB39A
    Category 1         0.157      0.016      9.972      0.000
    Category 2         0.843      0.016     53.418      0.000
 AB39H
    Category 1         0.042      0.012      3.467      0.001
    Category 2         0.958      0.012     79.160      0.000
 AB39I
    Category 1         0.020      0.012      1.765      0.078
    Category 2         0.980      0.012     84.857      0.000
 AB39K
    Category 1         0.032      0.010      3.162      0.002
    Category 2         0.968      0.010     94.989      0.000
 AB39L
    Category 1         0.025      0.011      2.261      0.024
    Category 2         0.975      0.011     88.726      0.000
 AB39M
    Category 1         0.128      0.016      8.055      0.000
    Category 2         0.872      0.016     54.736      0.000
 AB39T
    Category 1         0.081      0.026      3.147      0.002
    Category 2         0.919      0.026     35.596      0.000
 AB39U
    Category 1         0.042      0.013      3.141      0.002
    Category 2         0.958      0.013     71.913      0.000
 AB39W
    Category 1         0.141      0.028      5.037      0.000
    Category 2         0.859      0.028     30.645      0.000
 AB39X
    Category 1         0.106      0.020      5.364      0.000
    Category 2         0.894      0.020     45.314      0.000

Latent Class 3

 AB39A
    Category 1         0.560      0.030     18.702      0.000
    Category 2         0.440      0.030     14.706      0.000
 AB39H
    Category 1         0.848      0.041     20.580      0.000
    Category 2         0.152      0.041      3.684      0.000
 AB39I
    Category 1         0.893      0.029     31.267      0.000
    Category 2         0.107      0.029      3.758      0.000
 AB39K
    Category 1         0.670      0.042     16.021      0.000
    Category 2         0.330      0.042      7.890      0.000
 AB39L
    Category 1         0.786      0.043     18.184      0.000
    Category 2         0.214      0.043      4.948      0.000
 AB39M
    Category 1         0.699      0.035     20.235      0.000
    Category 2         0.301      0.035      8.710      0.000
 AB39T
    Category 1         0.975      0.017     58.846      0.000
    Category 2         0.025      0.017      1.488      0.137
 AB39U
    Category 1         0.964      0.024     39.586      0.000
    Category 2         0.036      0.024      1.470      0.142
 AB39W
    Category 1         0.946      0.019     48.526      0.000
    Category 2         0.054      0.019      2.780      0.005
 AB39X
    Category 1         0.918      0.020     44.802      0.000
    Category 2         0.082      0.020      4.010      0.000

Latent Class 4

 AB39A
    Category 1         0.471      0.041     11.585      0.000
    Category 2         0.529      0.041     13.015      0.000
 AB39H
    Category 1         0.478      0.048      9.910      0.000
    Category 2         0.522      0.048     10.825      0.000
 AB39I
    Category 1         0.410      0.054      7.547      0.000
    Category 2         0.590      0.054     10.855      0.000
 AB39K
    Category 1         0.574      0.069      8.273      0.000
    Category 2         0.426      0.069      6.135      0.000
 AB39L
    Category 1         0.944      0.139      6.791      0.000
    Category 2         0.056      0.139      0.399      0.690
 AB39M
    Category 1         0.279      0.043      6.476      0.000
    Category 2         0.721      0.043     16.719      0.000
 AB39T
    Category 1         0.521      0.052      9.979      0.000
    Category 2         0.479      0.052      9.180      0.000
 AB39U
    Category 1         0.387      0.061      6.392      0.000
    Category 2         0.613      0.061     10.105      0.000
 AB39W
    Category 1         0.611      0.088      6.943      0.000
    Category 2         0.389      0.088      4.426      0.000
 AB39X
    Category 1         0.716      0.079      9.004      0.000
    Category 2         0.284      0.079      3.575      0.000

Latent Class 5

 AB39A
    Category 1         0.282      0.021     13.662      0.000
    Category 2         0.718      0.021     34.861      0.000
 AB39H
    Category 1         0.135      0.024      5.705      0.000
    Category 2         0.865      0.024     36.538      0.000
 AB39I
    Category 1         0.299      0.029     10.360      0.000
    Category 2         0.701      0.029     24.245      0.000
 AB39K
    Category 1         0.106      0.020      5.242      0.000
    Category 2         0.894      0.020     44.039      0.000
 AB39L
    Category 1         0.122      0.026      4.649      0.000
    Category 2         0.878      0.026     33.376      0.000
 AB39M
    Category 1         0.576      0.026     22.445      0.000
    Category 2         0.424      0.026     16.494      0.000
 AB39T
    Category 1         0.880      0.020     42.923      0.000
    Category 2         0.120      0.020      5.861      0.000
 AB39U
    Category 1         0.737      0.027     27.269      0.000
    Category 2         0.263      0.027      9.734      0.000
 AB39W
    Category 1         0.905      0.021     43.940      0.000
    Category 2         0.095      0.021      4.594      0.000
 AB39X
    Category 1         0.955      0.057     16.749      0.000
    Category 2         0.045      0.057      0.783      0.434


LATENT CLASS ODDS RATIO RESULTS

Latent Class 1 Compared to Latent Class 2

 AB39A
    Category > 1       0.436      0.098      4.455      0.000
 AB39H
    Category > 1       0.079      0.029      2.757      0.006
 AB39I
    Category > 1       0.025      0.017      1.463      0.143
 AB39K
    Category > 1       0.123      0.045      2.718      0.007
 AB39L
    Category > 1       0.599      0.839      0.714      0.475
 AB39M
    Category > 1       0.364      0.094      3.857      0.000
 AB39T
    Category > 1       0.053      0.022      2.377      0.017
 AB39U
    Category > 1       0.040      0.013      3.011      0.003
 AB39W
    Category > 1       0.172      0.081      2.124      0.034
 AB39X
    Category > 1       0.653      0.470      1.392      0.164

Latent Class 1 Compared to Latent Class 3

 AB39A
    Category > 1       2.969      0.624      4.754      0.000
 AB39H
    Category > 1      10.037      3.997      2.511      0.012
 AB39I
    Category > 1      10.072      3.823      2.635      0.008
 AB39K
    Category > 1       7.507      1.816      4.133      0.000
 AB39L
    Category > 1      86.369    123.920      0.697      0.486
 AB39M
    Category > 1       5.740      1.340      4.284      0.000
 AB39T
    Category > 1      23.516     16.720      1.406      0.160
 AB39U
    Category > 1      24.920     17.303      1.440      0.150
 AB39W
    Category > 1      18.222      7.601      2.397      0.017
 AB39X
    Category > 1      61.680     42.011      1.468      0.142

Latent Class 1 Compared to Latent Class 4

 AB39A
    Category > 1       2.078      0.526      3.951      0.000
 AB39H
    Category > 1       1.645      0.469      3.505      0.000
 AB39I
    Category > 1       0.841      0.311      2.709      0.007
 AB39K
    Category > 1       4.986      1.666      2.993      0.003
 AB39L
    Category > 1     399.839   1487.212      0.269      0.788
 AB39M
    Category > 1       0.957      0.307      3.113      0.002
 AB39T
    Category > 1       0.646      0.178      3.637      0.000
 AB39U
    Category > 1       0.585      0.179      3.270      0.001
 AB39W
    Category > 1       1.638      1.007      1.626      0.104
 AB39X
    Category > 1      13.905     12.680      1.097      0.273

Latent Class 1 Compared to Latent Class 5

 AB39A
    Category > 1       0.915      0.199      4.594      0.000
 AB39H
    Category > 1       0.281      0.077      3.634      0.000
 AB39I
    Category > 1       0.517      0.158      3.265      0.001
 AB39K
    Category > 1       0.440      0.110      3.986      0.000
 AB39L
    Category > 1       3.274      5.016      0.653      0.514
 AB39M
    Category > 1       3.362      0.589      5.709      0.000
 AB39T
    Category > 1       4.354      1.096      3.973      0.000
 AB39U
    Category > 1       2.592      0.548      4.729      0.000
 AB39W
    Category > 1       9.985      2.600      3.840      0.000
 AB39X
    Category > 1     118.067    121.108      0.975      0.330

Latent Class 2 Compared to Latent Class 3

 AB39A
    Category > 1       6.812      1.140      5.974      0.000
 AB39H
    Category > 1     127.548     52.751      2.418      0.016
 AB39I
    Category > 1     400.126    258.547      1.548      0.122
 AB39K
    Category > 1      61.007     22.898      2.664      0.008
 AB39L
    Category > 1     144.204     71.080      2.029      0.042
 AB39M
    Category > 1      15.786      3.330      4.740      0.000
 AB39T
    Category > 1     447.382    325.609      1.374      0.169
 AB39U
    Category > 1     616.639    464.197      1.328      0.184
 AB39W
    Category > 1     106.193     48.156      2.205      0.027
 AB39X
    Category > 1      94.388     29.847      3.162      0.002

Latent Class 2 Compared to Latent Class 4

 AB39A
    Category > 1       4.768      0.942      5.062      0.000
 AB39H
    Category > 1      20.903      7.056      2.963      0.003
 AB39I
    Category > 1      33.431     19.701      1.697      0.090
 AB39K
    Category > 1      40.520     15.170      2.671      0.008
 AB39L
    Category > 1     667.584   1835.567      0.364      0.716
 AB39M
    Category > 1       2.632      0.632      4.167      0.000
 AB39T
    Category > 1      12.295      4.832      2.545      0.011
 AB39U
    Category > 1      14.482      6.143      2.357      0.018
 AB39W
    Category > 1       9.545      3.188      2.994      0.003
 AB39X
    Category > 1      21.278      8.065      2.638      0.008

Latent Class 2 Compared to Latent Class 5

 AB39A
    Category > 1       2.099      0.321      6.536      0.000
 AB39H
    Category > 1       3.565      1.261      2.828      0.005
 AB39I
    Category > 1      20.548     12.087      1.700      0.089
 AB39K
    Category > 1       3.577      1.392      2.569      0.010
 AB39L
    Category > 1       5.466      2.733      2.000      0.046
 AB39M
    Category > 1       9.247      1.739      5.317      0.000
 AB39T
    Category > 1      82.826     33.433      2.477      0.013
 AB39U
    Category > 1      64.137     23.735      2.702      0.007
 AB39W
    Category > 1      58.189     22.571      2.578      0.010
 AB39X
    Category > 1     180.677    253.103      0.714      0.475

Latent Class 3 Compared to Latent Class 4

 AB39A
    Category > 1       0.700      0.146      4.788      0.000
 AB39H
    Category > 1       0.164      0.055      3.004      0.003
 AB39I
    Category > 1       0.084      0.027      3.130      0.002
 AB39K
    Category > 1       0.664      0.238      2.787      0.005
 AB39L
    Category > 1       4.629     12.308      0.376      0.707
 AB39M
    Category > 1       0.167      0.044      3.820      0.000
 AB39T
    Category > 1       0.027      0.018      1.534      0.125
 AB39U
    Category > 1       0.023      0.016      1.429      0.153
 AB39W
    Category > 1       0.090      0.052      1.732      0.083
 AB39X
    Category > 1       0.225      0.107      2.112      0.035

Latent Class 3 Compared to Latent Class 5

 AB39A
    Category > 1       0.308      0.047      6.495      0.000
 AB39H
    Category > 1       0.028      0.008      3.353      0.001
 AB39I
    Category > 1       0.051      0.015      3.481      0.000
 AB39K
    Category > 1       0.059      0.014      4.318      0.000
 AB39L
    Category > 1       0.038      0.011      3.386      0.001
 AB39M
    Category > 1       0.586      0.113      5.189      0.000
 AB39T
    Category > 1       0.185      0.131      1.411      0.158
 AB39U
    Category > 1       0.104      0.074      1.405      0.160
 AB39W
    Category > 1       0.548      0.233      2.356      0.018
 AB39X
    Category > 1       1.914      2.634      0.727      0.467

Latent Class 4 Compared to Latent Class 5

 AB39A
    Category > 1       0.440      0.081      5.451      0.000
 AB39H
    Category > 1       0.171      0.044      3.848      0.000
 AB39I
    Category > 1       0.615      0.149      4.138      0.000
 AB39K
    Category > 1       0.088      0.034      2.621      0.009
 AB39L
    Category > 1       0.008      0.021      0.390      0.697
 AB39M
    Category > 1       3.513      0.887      3.959      0.000
 AB39T
    Category > 1       6.737      1.869      3.604      0.000
 AB39U
    Category > 1       4.429      1.219      3.635      0.000
 AB39W
    Category > 1       6.097      3.230      1.887      0.059
 AB39X
    Category > 1       8.491     13.697      0.620      0.535


QUALITY OF NUMERICAL RESULTS

     Condition Number for the Information Matrix              0.569E-03
       (ratio of smallest to largest eigenvalue)


EQUALITY TESTS OF MEANS ACROSS CLASSES USING POSTERIOR PROBABILITY-BASED
MULTIPLE IMPUTATIONS WITH 4 DEGREE(S) OF FREEDOM FOR THE OVERALL TEST AND
1 DEGREE OF FREEDOM FOR THE PAIRWISE TESTS

STEM
                          Mean       S.E.                          Mean       S.E.

  Class 1                0.084      0.016  Class 2                0.120      0.016
  Class 3                0.041      0.013  Class 4                0.046      0.018
  Class 5                0.071      0.012

                    Chi-Square     P-Value                   Chi-Square     P-Value

  Overall test          18.304      0.001  Class 1 vs. 2          2.407      0.121
  Class 1 vs. 3          4.334      0.037  Class 1 vs. 4          2.422      0.120
  Class 1 vs. 5          0.370      0.543  Class 2 vs. 3         15.076      0.000
  Class 2 vs. 4          9.238      0.002  Class 2 vs. 5          6.242      0.012
  Class 3 vs. 4          0.044      0.834  Class 3 vs. 5          2.809      0.094
  Class 4 vs. 5          1.286      0.257

STEMSUP
                          Mean       S.E.                          Mean       S.E.

  Class 1                0.166      0.022  Class 2                0.191      0.019
  Class 3                0.119      0.021  Class 4                0.100      0.026
  Class 5                0.137      0.016

                    Chi-Square     P-Value                   Chi-Square     P-Value

  Overall test           9.609      0.048  Class 1 vs. 2          0.698      0.404
  Class 1 vs. 3          2.297      0.130  Class 1 vs. 4          3.848      0.050
  Class 1 vs. 5          1.115      0.291  Class 2 vs. 3          6.351      0.012
  Class 2 vs. 4          8.027      0.005  Class 2 vs. 5          4.670      0.031
  Class 3 vs. 4          0.333      0.564  Class 3 vs. 5          0.402      0.526
  Class 4 vs. 5          1.386      0.239

ENGINEER
                          Mean       S.E.                          Mean       S.E.

  Class 1                0.022      0.008  Class 2                0.041      0.009
  Class 3                0.004      0.004  Class 4                0.019      0.012
  Class 5                0.021      0.007

                    Chi-Square     P-Value                   Chi-Square     P-Value

  Overall test          18.875      0.001  Class 1 vs. 2          2.067      0.151
  Class 1 vs. 3          3.588      0.058  Class 1 vs. 4          0.060      0.807
  Class 1 vs. 5          0.025      0.874  Class 2 vs. 3         12.974      0.000
  Class 2 vs. 4          2.184      0.139  Class 2 vs. 5          3.183      0.074
  Class 3 vs. 4          1.345      0.246  Class 3 vs. 5          4.289      0.038
  Class 4 vs. 5          0.018      0.893

MATHG8
                          Mean       S.E.                          Mean       S.E.

  Class 1               53.461      0.581  Class 2               55.939      0.494
  Class 3               52.255      0.614  Class 4               50.075      0.812
  Class 5               54.313      0.422

                    Chi-Square     P-Value                   Chi-Square     P-Value

  Overall test          61.729      0.000  Class 1 vs. 2          9.192      0.002
  Class 1 vs. 3          1.955      0.162  Class 1 vs. 4         10.865      0.001
  Class 1 vs. 5          1.360      0.244  Class 2 vs. 3         22.880      0.000
  Class 2 vs. 4         37.275      0.000  Class 2 vs. 5          5.990      0.014
  Class 3 vs. 4          4.150      0.042  Class 3 vs. 5          7.026      0.008
  Class 4 vs. 5         20.774      0.000

SCIG8
                          Mean       S.E.                          Mean       S.E.

  Class 1               53.891      0.585  Class 2               55.903      0.498
  Class 3               52.028      0.613  Class 4               51.397      0.845
  Class 5               54.722      0.421

                    Chi-Square     P-Value                   Chi-Square     P-Value

  Overall test          45.817      0.000  Class 1 vs. 2          6.073      0.014
  Class 1 vs. 3          4.674      0.031  Class 1 vs. 4          5.619      0.018
  Class 1 vs. 5          1.243      0.265  Class 2 vs. 3         24.357      0.000
  Class 2 vs. 4         20.770      0.000  Class 2 vs. 5          3.212      0.073
  Class 3 vs. 4          0.336      0.562  Class 3 vs. 5         12.622      0.000
  Class 4 vs. 5         11.990      0.001



TECHNICAL 11 OUTPUT

     Random Starts Specifications for the k-1 Class Analysis Model
        Number of initial stage random starts                 500
        Number of final stage optimizations                    10



     VUONG-LO-MENDELL-RUBIN LIKELIHOOD RATIO TEST FOR 4 (H0) VERSUS 5 CLASSES

          H0 Loglikelihood Value                       -16587.894
          2 Times the Loglikelihood Difference            217.102
          Difference in the Number of Parameters               11
          Mean                                              0.987
          Standard Deviation                               58.282
          P-Value                                          0.0031

     LO-MENDELL-RUBIN ADJUSTED LRT TEST

          Value                                           214.671
          P-Value                                          0.0033


TECHNICAL 14 OUTPUT

     Random Starts Specifications for the k-1 Class Analysis Model
        Number of initial stage random starts                 500
        Number of final stage optimizations                    10

     Random Starts Specification for the k-1 Class Model for Generated Data
        Number of initial stage random starts                   0
        Number of final stage optimizations for the
           initial stage random starts                          0
     Random Starts Specification for the k Class Model for Generated Data
        Number of initial stage random starts                  40
        Number of final stage optimizations                     8
     Number of bootstrap draws requested                   Varies


     PARAMETRIC BOOTSTRAPPED LIKELIHOOD RATIO TEST FOR 4 (H0) VERSUS 5 CLASSES

          H0 Loglikelihood Value                       -16587.894
          2 Times the Loglikelihood Difference            217.102
          Difference in the Number of Parameters               11
          Approximate P-Value                              0.0000
          Successful Bootstrap Draws                            5


PLOT INFORMATION

The following plots are available:

  Histograms of sample values
  Scatterplots (sample values)
  Sample proportions and estimated probabilities

DIAGRAM INFORMATION

  Mplus diagrams are currently not available for Mixture analysis.
  No diagram output was produced.


     Beginning Time:  15:24:38
        Ending Time:  15:25:06
       Elapsed Time:  00:00:28



MUTHEN & MUTHEN
3463 Stoner Ave.
Los Angeles, CA  90066

Tel: (310) 391-9971
Fax: (310) 391-8971
Web: www.StatModel.com
Support: Support@StatModel.com

Copyright (c) 1998-2013 Muthen & Muthen
