Mplus VERSION 7.1
MUTHEN & MUTHEN
07/09/2013   3:37 PM

INPUT INSTRUCTIONS

  data:
  file is Dataset_Jul9_Mplus.dat;

  Variable:
  names are
  CASENUM COHORT AB39A GA32A KA46A AB39B AB39C AB39D AB39E AB39F AB39G AB39H
  GA32H KA46H AB39I GA32I KA46I AB39J AB39K GA32K KA46K AB39L GA32L KA46L AB39M
  GA33A KA47A AB39N AB39O AB39P AB39Q AB39R AB39S AB39T GA33H KA47H AB39U GA33I
  KA47I AB39V AB39W GA33K KA47K AB39X GA33L KA47L SciG7 SciG8 SciG11
  MTH7 SCI7 SCI8 MOTHED FATHED PEDUC PEDUC3 RSEDAN RSEDAN6 RSEDAN5 RBACC
  RMAJFIRST RMAJFIRST2 RMAJLAST2 RMAJLAST RGRADMAJ RGRADMAJ10 RSTEMM RSTEMMX
  RSTEMMB RSTEMMA WEIGHT7 WEIGHT8 WEIGHT9 WEIGHT10 WEIGHT11 WEIGHT12 WEIGHTP1
  WEIGHTP2 WEIGHTP4 WGT12A WEIGHTR GENDER RACETH3 RACETH Minority STEM STEMSup
  ENGINEER MathG7 MathG8 MathG10 MathG11 MathG12 Female;

  categorical = AB39A AB39H AB39I AB39K AB39L AB39M AB39T AB39U AB39W AB39X;

  missing=all(9999);
  classes =c (6);

  auxiliary =STEM(e)  STEMSup(e) ENGINEER(e) MathG8(e) SciG8(e);
  usevar = AB39A AB39H AB39I AB39K AB39L AB39M AB39T AB39U AB39W AB39X;

  Analysis:
  Type=mixture;
   starts = 500 10;
   process = 4(starts);

  Output:
   sampstat tech11 tech14;

   Plot:
  type=plot3;
  series =AB39A - AB39X (*);



*** WARNING in OUTPUT command
  SAMPSTAT option is not available when all outcomes are censored, ordered
  categorical, unordered categorical (nominal), count or continuous-time
  survival variables.  Request for SAMPSTAT is ignored.
*** WARNING
  Data set contains cases with missing on all variables.
  These cases were not included in the analysis.
  Number of cases with missing on all variables:  5
*** WARNING
  Data set contains cases with missing on all variables except
  x-variables.  These cases were not included in the analysis.
  Number of cases with missing on all variables except x-variables:  43
   3 WARNING(S) FOUND IN THE INPUT INSTRUCTIONS




SUMMARY OF ANALYSIS

Number of groups                                                 1
Number of observations                                        3068

Number of dependent variables                                   10
Number of independent variables                                  0
Number of continuous latent variables                            0
Number of categorical latent variables                           1

Observed dependent variables

  Binary and ordered categorical (ordinal)
   AB39A       AB39H       AB39I       AB39K       AB39L       AB39M
   AB39T       AB39U       AB39W       AB39X

Observed auxiliary variables
   STEM        STEMSUP     ENGINEER    MATHG8      SCIG8

Categorical latent variables
   C


Estimator                                                      MLR
Information matrix                                        OBSERVED
Optimization Specifications for the Quasi-Newton Algorithm for
Continuous Outcomes
  Maximum number of iterations                                 100
  Convergence criterion                                  0.100D-05
Optimization Specifications for the EM Algorithm
  Maximum number of iterations                                 500
  Convergence criteria
    Loglikelihood change                                 0.100D-06
    Relative loglikelihood change                        0.100D-06
    Derivative                                           0.100D-05
Optimization Specifications for the M step of the EM Algorithm for
Categorical Latent variables
  Number of M step iterations                                    1
  M step convergence criterion                           0.100D-05
  Basis for M step termination                           ITERATION
Optimization Specifications for the M step of the EM Algorithm for
Censored, Binary or Ordered Categorical (Ordinal), Unordered
Categorical (Nominal) and Count Outcomes
  Number of M step iterations                                    1
  M step convergence criterion                           0.100D-05
  Basis for M step termination                           ITERATION
  Maximum value for logit thresholds                            15
  Minimum value for logit thresholds                           -15
  Minimum expected cell size for chi-square              0.100D-01
Maximum number of iterations for H1                           2000
Convergence criterion for H1                             0.100D-03
Optimization algorithm                                         EMA
Random Starts Specifications
  Number of initial stage random starts                        500
  Number of final stage optimizations                           10
  Number of initial stage iterations                            10
  Initial stage convergence criterion                    0.100D+01
  Random starts scale                                    0.500D+01
  Random seed for generating random starts                       0
Link                                                         LOGIT

Input data file(s)
  Dataset_Jul9_Mplus.dat
Input data format  FREE


SUMMARY OF DATA

     Number of missing data patterns            52
     Number of y missing data patterns           0
     Number of u missing data patterns          52


COVARIANCE COVERAGE OF DATA

Minimum covariance coverage value   0.100


     PROPORTION OF DATA PRESENT FOR U


           Covariance Coverage
              AB39A         AB39H         AB39I         AB39K         AB39L
              ________      ________      ________      ________      ________
 AB39A          0.997
 AB39H          0.977         0.978
 AB39I          0.976         0.961         0.977
 AB39K          0.979         0.963         0.962         0.980
 AB39L          0.980         0.963         0.963         0.966         0.981
 AB39M          0.990         0.973         0.972         0.975         0.976
 AB39T          0.973         0.956         0.953         0.958         0.959
 AB39U          0.974         0.957         0.956         0.959         0.960
 AB39W          0.980         0.963         0.962         0.965         0.967
 AB39X          0.990         0.973         0.971         0.975         0.976


           Covariance Coverage
              AB39M         AB39T         AB39U         AB39W         AB39X
              ________      ________      ________      ________      ________
 AB39M          0.992
 AB39T          0.970         0.974
 AB39U          0.970         0.958         0.975
 AB39W          0.977         0.963         0.964         0.982
 AB39X          0.986         0.971         0.973         0.979         0.992


UNIVARIATE PROPORTIONS AND COUNTS FOR CATEGORICAL VARIABLES

    AB39A
      Category 1    0.314      960.000
      Category 2    0.686     2100.000
    AB39H
      Category 1    0.296      887.000
      Category 2    0.704     2114.000
    AB39I
      Category 1    0.356     1068.000
      Category 2    0.644     1930.000
    AB39K
      Category 1    0.240      722.000
      Category 2    0.760     2286.000
    AB39L
      Category 1    0.263      791.000
      Category 2    0.737     2219.000
    AB39M
      Category 1    0.387     1177.000
      Category 2    0.613     1865.000
    AB39T
      Category 1    0.596     1782.000
      Category 2    0.404     1206.000
    AB39U
      Category 1    0.508     1519.000
      Category 2    0.492     1473.000
    AB39W
      Category 1    0.596     1796.000
      Category 2    0.404     1216.000
    AB39X
      Category 1    0.539     1639.000
      Category 2    0.461     1404.000


RANDOM STARTS RESULTS RANKED FROM THE BEST TO THE WORST LOGLIKELIHOOD VALUES

Final stage loglikelihood values at local maxima, seeds, and initial stage start numbers:

          -16404.249  973369           202
          -16404.249  131856           90
          -16404.249  303634           169
          -16404.249  238906           430
          -16404.249  514326           325
          -16404.249  576596           99
          -16404.249  364676           27
          -16404.249  802682           419
          -16404.249  181293           212
          -16404.249  396795           323



THE BEST LOGLIKELIHOOD VALUE HAS BEEN REPLICATED.  RERUN WITH AT LEAST TWICE THE
RANDOM STARTS TO CHECK THAT THE BEST LOGLIKELIHOOD IS STILL OBTAINED AND REPLICATED.


THE MODEL ESTIMATION TERMINATED NORMALLY



MODEL FIT INFORMATION

Number of Free Parameters                       65

Loglikelihood

          H0 Value                      -16404.249
          H0 Scaling Correction Factor      1.1016
            for MLR

Information Criteria

          Akaike (AIC)                   32938.498
          Bayesian (BIC)                 33330.369
          Sample-Size Adjusted BIC       33123.838
            (n* = (n + 2) / 24)

Chi-Square Test of Model Fit for the Binary and Ordered Categorical
(Ordinal) Outcomes**

          Pearson Chi-Square

          Value                           2066.129
          Degrees of Freedom                   927
          P-Value                           0.0000

          Likelihood Ratio Chi-Square

          Value                           1180.215
          Degrees of Freedom                   927
          P-Value                           0.0000

** Of the 12298 cells in the latent class indicator table, 31
   were deleted in the calculation of chi-square due to extreme values.

Chi-Square Test for MCAR under the Unrestricted Latent Class Indicator Model

          Pearson Chi-Square

          Value                           3767.947
          Degrees of Freedom                 11223
          P-Value                           1.0000

          Likelihood Ratio Chi-Square

          Value                           1183.636
          Degrees of Freedom                 11223
          P-Value                           1.0000



FINAL CLASS COUNTS AND PROPORTIONS FOR THE LATENT CLASSES
BASED ON THE ESTIMATED MODEL

    Latent
   Classes

       1        708.07655          0.23079
       2        361.41592          0.11780
       3        549.44749          0.17909
       4        303.42878          0.09890
       5        755.08151          0.24612
       6        390.54976          0.12730


FINAL CLASS COUNTS AND PROPORTIONS FOR THE LATENT CLASS PATTERNS
BASED ON ESTIMATED POSTERIOR PROBABILITIES

    Latent
   Classes

       1        708.07686          0.23079
       2        361.41605          0.11780
       3        549.44778          0.17909
       4        303.42845          0.09890
       5        755.08118          0.24612
       6        390.54968          0.12730


CLASSIFICATION QUALITY

     Entropy                         0.740


CLASSIFICATION OF INDIVIDUALS BASED ON THEIR MOST LIKELY LATENT CLASS MEMBERSHIP

Class Counts and Proportions

    Latent
   Classes

       1              737          0.24022
       2              362          0.11799
       3              466          0.15189
       4              322          0.10495
       5              815          0.26565
       6              366          0.11930


Average Latent Class Probabilities for Most Likely Latent Class Membership (Row)
by Latent Class (Column)

           1        2        3        4        5        6

    1   0.897    0.036    0.059    0.005    0.002    0.000
    2   0.039    0.745    0.125    0.000    0.091    0.000
    3   0.056    0.042    0.813    0.020    0.052    0.017
    4   0.016    0.001    0.078    0.776    0.067    0.062
    5   0.002    0.055    0.062    0.023    0.803    0.053
    6   0.000    0.000    0.015    0.058    0.055    0.872


Classification Probabilities for the Most Likely Latent Class Membership (Row)
by Latent Class (Column)

           1        2        3        4        5        6

    1   0.933    0.020    0.037    0.007    0.003    0.000
    2   0.074    0.746    0.054    0.001    0.125    0.000
    3   0.080    0.082    0.690    0.046    0.092    0.010
    4   0.013    0.000    0.031    0.823    0.062    0.070
    5   0.002    0.044    0.032    0.029    0.867    0.027
    6   0.001    0.000    0.020    0.051    0.111    0.817


Logits for the Classification Probabilities for the Most Likely Latent Class Membership (Row)
by Latent Class (Column)

              1        2        3        4        5        6

    1     13.415    9.576   10.177    8.569    7.586    0.000
    2      8.743   11.052    8.428    4.405    9.264    0.000
    3      2.059    2.091    4.219    1.509    2.209    0.000
    4     -1.726   -5.309   -0.815    2.458   -0.124    0.000
    5     -2.496    0.494    0.189    0.072    3.486    0.000
    6     -7.090   -9.276   -3.703   -2.776   -1.992    0.000


MODEL RESULTS

                                                    Two-Tailed
                    Estimate       S.E.  Est./S.E.    P-Value

Latent Class 1

 Thresholds
    AB39A$1           -1.611      0.119    -13.549      0.000
    AB39H$1           -2.827      0.282    -10.027      0.000
    AB39I$1           -3.475      0.422     -8.229      0.000
    AB39K$1           -3.763      0.334    -11.267      0.000
    AB39L$1           -3.796      0.464     -8.172      0.000
    AB39M$1           -1.934      0.156    -12.392      0.000
    AB39T$1           -2.383      0.265     -8.986      0.000
    AB39U$1           -2.921      0.271    -10.780      0.000
    AB39W$1           -4.022      2.172     -1.851      0.064
    AB39X$1           -2.704      0.308     -8.794      0.000

Latent Class 2

 Thresholds
    AB39A$1           -1.566      0.218     -7.172      0.000
    AB39H$1           -3.092      0.693     -4.462      0.000
    AB39I$1           -8.349    130.517     -0.064      0.949
    AB39K$1           -1.726      0.210     -8.230      0.000
    AB39L$1          -15.000      0.000    999.000    999.000
    AB39M$1           -1.071      0.306     -3.499      0.000
    AB39T$1           -0.037      0.323     -0.114      0.909
    AB39U$1           -1.251      0.357     -3.510      0.000
    AB39W$1            2.006      0.839      2.391      0.017
    AB39X$1           -0.018      0.284     -0.065      0.948

Latent Class 3

 Thresholds
    AB39A$1           -0.663      0.159     -4.163      0.000
    AB39H$1           -0.259      0.148     -1.756      0.079
    AB39I$1            0.335      0.215      1.561      0.118
    AB39K$1           -1.220      0.170     -7.200      0.000
    AB39L$1           -2.399      0.741     -3.239      0.001
    AB39M$1           -0.809      0.179     -4.522      0.000
    AB39T$1            0.543      0.182      2.979      0.003
    AB39U$1            0.315      0.174      1.811      0.070
    AB39W$1           -0.171      0.225     -0.759      0.448
    AB39X$1           -1.417      0.312     -4.536      0.000

Latent Class 4

 Thresholds
    AB39A$1           -0.181      0.165     -1.091      0.275
    AB39H$1           -0.236      0.207     -1.139      0.255
    AB39I$1           -0.546      0.275     -1.985      0.047
    AB39K$1            0.237      0.194      1.223      0.221
    AB39L$1           15.000      0.000    999.000    999.000
    AB39M$1           -0.917      0.189     -4.848      0.000
    AB39T$1            0.079      0.205      0.387      0.699
    AB39U$1           -0.557      0.255     -2.187      0.029
    AB39W$1            0.508      0.249      2.045      0.041
    AB39X$1            1.130      0.387      2.920      0.003

Latent Class 5

 Thresholds
    AB39A$1           -0.803      0.106     -7.555      0.000
    AB39H$1           -1.533      0.199     -7.707      0.000
    AB39I$1           -0.489      0.161     -3.030      0.002
    AB39K$1           -2.027      0.201    -10.079      0.000
    AB39L$1           -1.742      0.215     -8.115      0.000
    AB39M$1            0.545      0.105      5.177      0.000
    AB39T$1            2.747      0.324      8.489      0.000
    AB39U$1            1.703      0.247      6.885      0.000
    AB39W$1            2.305      0.228     10.127      0.000
    AB39X$1            3.609      1.233      2.927      0.003

Latent Class 6

 Thresholds
    AB39A$1            0.293      0.128      2.282      0.022
    AB39H$1            2.109      0.430      4.910      0.000
    AB39I$1            2.247      0.348      6.460      0.000
    AB39K$1            0.994      0.213      4.669      0.000
    AB39L$1            1.741      0.345      5.046      0.000
    AB39M$1            0.844      0.185      4.554      0.000
    AB39T$1            3.494      0.634      5.510      0.000
    AB39U$1            3.180      0.670      4.745      0.000
    AB39W$1            2.950      0.391      7.554      0.000
    AB39X$1            2.433      0.282      8.616      0.000

Categorical Latent Variables

 Means
    C#1                0.595      0.170      3.494      0.000
    C#2               -0.078      0.247     -0.314      0.754
    C#3                0.341      0.174      1.966      0.049
    C#4               -0.252      0.239     -1.054      0.292
    C#5                0.659      0.177      3.719      0.000


RESULTS IN PROBABILITY SCALE

Latent Class 1

 AB39A
    Category 1         0.166      0.016     10.089      0.000
    Category 2         0.834      0.016     50.530      0.000
 AB39H
    Category 1         0.056      0.015      3.757      0.000
    Category 2         0.944      0.015     63.463      0.000
 AB39I
    Category 1         0.030      0.012      2.442      0.015
    Category 2         0.970      0.012     78.822      0.000
 AB39K
    Category 1         0.023      0.007      3.064      0.002
    Category 2         0.977      0.007    131.935      0.000
 AB39L
    Category 1         0.022      0.010      2.201      0.028
    Category 2         0.978      0.010     97.976      0.000
 AB39M
    Category 1         0.126      0.017      7.335      0.000
    Category 2         0.874      0.017     50.729      0.000
 AB39T
    Category 1         0.084      0.021      4.119      0.000
    Category 2         0.916      0.021     44.635      0.000
 AB39U
    Category 1         0.051      0.013      3.889      0.000
    Category 2         0.949      0.013     72.206      0.000
 AB39W
    Category 1         0.018      0.038      0.469      0.639
    Category 2         0.982      0.038     26.151      0.000
 AB39X
    Category 1         0.063      0.018      3.469      0.001
    Category 2         0.937      0.018     51.853      0.000

Latent Class 2

 AB39A
    Category 1         0.173      0.031      5.536      0.000
    Category 2         0.827      0.031     26.505      0.000
 AB39H
    Category 1         0.043      0.029      1.509      0.131
    Category 2         0.957      0.029     33.229      0.000
 AB39I
    Category 1         0.000      0.031      0.008      0.994
    Category 2         1.000      0.031     32.374      0.000
 AB39K
    Category 1         0.151      0.027      5.619      0.000
    Category 2         0.849      0.027     31.555      0.000
 AB39L
    Category 1         0.000      0.000      0.000      1.000
    Category 2         1.000      0.000      0.000      1.000
 AB39M
    Category 1         0.255      0.058      4.387      0.000
    Category 2         0.745      0.058     12.800      0.000
 AB39T
    Category 1         0.491      0.081      6.087      0.000
    Category 2         0.509      0.081      6.314      0.000
 AB39U
    Category 1         0.222      0.062      3.607      0.000
    Category 2         0.778      0.062     12.608      0.000
 AB39W
    Category 1         0.881      0.088     10.053      0.000
    Category 2         0.119      0.088      1.352      0.176
 AB39X
    Category 1         0.495      0.071      6.987      0.000
    Category 2         0.505      0.071      7.117      0.000

Latent Class 3

 AB39A
    Category 1         0.340      0.036      9.518      0.000
    Category 2         0.660      0.036     18.467      0.000
 AB39H
    Category 1         0.435      0.036     11.986      0.000
    Category 2         0.565      0.036     15.537      0.000
 AB39I
    Category 1         0.583      0.052     11.174      0.000
    Category 2         0.417      0.052      7.993      0.000
 AB39K
    Category 1         0.228      0.030      7.641      0.000
    Category 2         0.772      0.030     25.890      0.000
 AB39L
    Category 1         0.083      0.057      1.472      0.141
    Category 2         0.917      0.057     16.220      0.000
 AB39M
    Category 1         0.308      0.038      8.075      0.000
    Category 2         0.692      0.038     18.139      0.000
 AB39T
    Category 1         0.633      0.042     14.925      0.000
    Category 2         0.367      0.042      8.670      0.000
 AB39U
    Category 1         0.578      0.042     13.634      0.000
    Category 2         0.422      0.042      9.952      0.000
 AB39W
    Category 1         0.457      0.056      8.204      0.000
    Category 2         0.543      0.056      9.729      0.000
 AB39X
    Category 1         0.195      0.049      3.978      0.000
    Category 2         0.805      0.049     16.407      0.000

Latent Class 4

 AB39A
    Category 1         0.455      0.041     11.092      0.000
    Category 2         0.545      0.041     13.287      0.000
 AB39H
    Category 1         0.441      0.051      8.630      0.000
    Category 2         0.559      0.051     10.928      0.000
 AB39I
    Category 1         0.367      0.064      5.737      0.000
    Category 2         0.633      0.064      9.906      0.000
 AB39K
    Category 1         0.559      0.048     11.707      0.000
    Category 2         0.441      0.048      9.239      0.000
 AB39L
    Category 1         1.000      0.000      0.000      1.000
    Category 2         0.000      0.000      0.000      1.000
 AB39M
    Category 1         0.286      0.039      7.396      0.000
    Category 2         0.714      0.039     18.510      0.000
 AB39T
    Category 1         0.520      0.051     10.158      0.000
    Category 2         0.480      0.051      9.383      0.000
 AB39U
    Category 1         0.364      0.059      6.180      0.000
    Category 2         0.636      0.059     10.784      0.000
 AB39W
    Category 1         0.624      0.058     10.713      0.000
    Category 2         0.376      0.058      6.444      0.000
 AB39X
    Category 1         0.756      0.071     10.584      0.000
    Category 2         0.244      0.071      3.419      0.001

Latent Class 5

 AB39A
    Category 1         0.309      0.023     13.628      0.000
    Category 2         0.691      0.023     30.415      0.000
 AB39H
    Category 1         0.178      0.029      6.112      0.000
    Category 2         0.822      0.029     28.315      0.000
 AB39I
    Category 1         0.380      0.038      9.997      0.000
    Category 2         0.620      0.038     16.302      0.000
 AB39K
    Category 1         0.116      0.021      5.629      0.000
    Category 2         0.884      0.021     42.713      0.000
 AB39L
    Category 1         0.149      0.027      5.474      0.000
    Category 2         0.851      0.027     31.252      0.000
 AB39M
    Category 1         0.633      0.024     25.898      0.000
    Category 2         0.367      0.024     15.024      0.000
 AB39T
    Category 1         0.940      0.018     51.291      0.000
    Category 2         0.060      0.018      3.288      0.001
 AB39U
    Category 1         0.846      0.032     26.242      0.000
    Category 2         0.154      0.032      4.779      0.000
 AB39W
    Category 1         0.909      0.019     48.439      0.000
    Category 2         0.091      0.019      4.831      0.000
 AB39X
    Category 1         0.974      0.032     30.762      0.000
    Category 2         0.026      0.032      0.833      0.405

Latent Class 6

 AB39A
    Category 1         0.573      0.031     18.234      0.000
    Category 2         0.427      0.031     13.604      0.000
 AB39H
    Category 1         0.892      0.041     21.512      0.000
    Category 2         0.108      0.041      2.611      0.009
 AB39I
    Category 1         0.904      0.030     30.065      0.000
    Category 2         0.096      0.030      3.180      0.001
 AB39K
    Category 1         0.730      0.042     17.390      0.000
    Category 2         0.270      0.042      6.438      0.000
 AB39L
    Category 1         0.851      0.044     19.425      0.000
    Category 2         0.149      0.044      3.408      0.001
 AB39M
    Category 1         0.699      0.039     17.944      0.000
    Category 2         0.301      0.039      7.716      0.000
 AB39T
    Category 1         0.971      0.018     53.506      0.000
    Category 2         0.029      0.018      1.625      0.104
 AB39U
    Category 1         0.960      0.026     37.367      0.000
    Category 2         0.040      0.026      1.554      0.120
 AB39W
    Category 1         0.950      0.018     51.484      0.000
    Category 2         0.050      0.018      2.694      0.007
 AB39X
    Category 1         0.919      0.021     43.886      0.000
    Category 2         0.081      0.021      3.852      0.000


LATENT CLASS ODDS RATIO RESULTS

Latent Class 1 Compared to Latent Class 2

 AB39A
    Category > 1       1.046      0.269      3.892      0.000
 AB39H
    Category > 1       0.767      0.573      1.338      0.181
 AB39I
    Category > 1       0.008      0.998      0.008      0.994
 AB39K
    Category > 1       7.667      3.085      2.486      0.013
 AB39L
    Category > 1       0.000      0.000    999.000    999.000
 AB39M
    Category > 1       2.371      0.937      2.530      0.011
 AB39T
    Category > 1      10.447      4.780      2.185      0.029
 AB39U
    Category > 1       5.312      2.405      2.209      0.027
 AB39W
    Category > 1     414.979   1080.363      0.384      0.701
 AB39X
    Category > 1      14.673      6.829      2.149      0.032

Latent Class 1 Compared to Latent Class 3

 AB39A
    Category > 1       2.581      0.542      4.767      0.000
 AB39H
    Category > 1      13.030      4.165      3.129      0.002
 AB39I
    Category > 1      45.130     20.674      2.183      0.029
 AB39K
    Category > 1      12.708      4.865      2.612      0.009
 AB39L
    Category > 1       4.040      3.562      1.134      0.257
 AB39M
    Category > 1       3.079      0.734      4.195      0.000
 AB39T
    Category > 1      18.655      5.711      3.267      0.001
 AB39U
    Category > 1      25.437      7.527      3.380      0.001
 AB39W
    Category > 1      47.056    103.709      0.454      0.650
 AB39X
    Category > 1       3.624      1.596      2.271      0.023

Latent Class 1 Compared to Latent Class 4

 AB39A
    Category > 1       4.181      0.832      5.023      0.000
 AB39H
    Category > 1      13.338      4.395      3.035      0.002
 AB39I
    Category > 1      18.695      8.747      2.137      0.033
 AB39K
    Category > 1      54.564     20.873      2.614      0.009
 AB39L
    Category > 1   *********      0.000    999.000    999.000
 AB39M
    Category > 1       2.764      0.686      4.030      0.000
 AB39T
    Category > 1      11.731      3.765      3.116      0.002
 AB39U
    Category > 1      10.641      3.874      2.747      0.006
 AB39W
    Category > 1      92.778    201.194      0.461      0.645
 AB39X
    Category > 1      46.271     23.502      1.969      0.049

Latent Class 1 Compared to Latent Class 5

 AB39A
    Category > 1       2.244      0.357      6.293      0.000
 AB39H
    Category > 1       3.646      1.294      2.817      0.005
 AB39I
    Category > 1      19.797      9.141      2.166      0.030
 AB39K
    Category > 1       5.675      2.178      2.606      0.009
 AB39L
    Category > 1       7.796      4.005      1.947      0.052
 AB39M
    Category > 1      11.922      2.263      5.269      0.000
 AB39T
    Category > 1     169.036     72.315      2.337      0.019
 AB39U
    Category > 1     101.951     38.023      2.681      0.007
 AB39W
    Category > 1     559.562   1196.095      0.468      0.640
 AB39X
    Category > 1     551.854    701.882      0.786      0.432

Latent Class 1 Compared to Latent Class 6

 AB39A
    Category > 1       6.713      1.169      5.740      0.000
 AB39H
    Category > 1     139.179     68.897      2.020      0.043
 AB39I
    Category > 1     305.235    163.904      1.862      0.063
 AB39K
    Category > 1     116.302     45.174      2.575      0.010
 AB39L
    Category > 1     253.719    142.743      1.777      0.075
 AB39M
    Category > 1      16.085      3.821      4.210      0.000
 AB39T
    Category > 1     356.878    235.494      1.515      0.130
 AB39U
    Category > 1     446.457    313.178      1.426      0.154
 AB39W
    Category > 1    1066.291   2349.789      0.454      0.650
 AB39X
    Category > 1     170.260     67.424      2.525      0.012

Latent Class 2 Compared to Latent Class 3

 AB39A
    Category > 1       2.468      0.688      3.588      0.000
 AB39H
    Category > 1      16.992     11.614      1.463      0.143
 AB39I
    Category > 1    5905.625  *********      0.008      0.994
 AB39K
    Category > 1       1.657      0.489      3.393      0.001
 AB39L
    Category > 1   *********      0.000    999.000    999.000
 AB39M
    Category > 1       1.299      0.486      2.675      0.007
 AB39T
    Category > 1       1.786      0.679      2.632      0.008
 AB39U
    Category > 1       4.788      1.850      2.588      0.010
 AB39W
    Category > 1       0.113      0.096      1.180      0.238
 AB39X
    Category > 1       0.247      0.106      2.336      0.019

Latent Class 2 Compared to Latent Class 4

 AB39A
    Category > 1       3.997      1.106      3.612      0.000
 AB39H
    Category > 1      17.394     13.325      1.305      0.192
 AB39I
    Category > 1    2446.354  *********      0.008      0.994
 AB39K
    Category > 1       7.116      1.964      3.624      0.000
 AB39L
    Category > 1   *********      0.000    999.000    999.000
 AB39M
    Category > 1       1.166      0.395      2.951      0.003
 AB39T
    Category > 1       1.123      0.410      2.740      0.006
 AB39U
    Category > 1       2.003      0.902      2.220      0.026
 AB39W
    Category > 1       0.224      0.194      1.150      0.250
 AB39X
    Category > 1       3.154      1.418      2.223      0.026

Latent Class 2 Compared to Latent Class 5

 AB39A
    Category > 1       2.145      0.533      4.022      0.000
 AB39H
    Category > 1       4.754      3.282      1.449      0.147
 AB39I
    Category > 1    2590.557  *********      0.008      0.994
 AB39K
    Category > 1       0.740      0.235      3.151      0.002
 AB39L
    Category > 1   *********      0.000    999.000    999.000
 AB39M
    Category > 1       5.029      1.565      3.213      0.001
 AB39T
    Category > 1      16.181      6.307      2.566      0.010
 AB39U
    Category > 1      19.191      6.212      3.089      0.002
 AB39W
    Category > 1       1.348      1.268      1.064      0.288
 AB39X
    Category > 1      37.611     46.490      0.809      0.419

Latent Class 2 Compared to Latent Class 6

 AB39A
    Category > 1       6.418      1.575      4.074      0.000
 AB39H
    Category > 1     181.498    143.375      1.266      0.206
 AB39I
    Category > 1   39942.367  *********      0.008      0.994
 AB39K
    Category > 1      15.168      4.833      3.138      0.002
 AB39L
    Category > 1   *********      0.000    999.000    999.000
 AB39M
    Category > 1       6.785      2.405      2.821      0.005
 AB39T
    Category > 1      34.162     24.434      1.398      0.162
 AB39U
    Category > 1      84.040     62.889      1.336      0.181
 AB39W
    Category > 1       2.570      2.297      1.118      0.263
 AB39X
    Category > 1      11.604      4.714      2.462      0.014

Latent Class 3 Compared to Latent Class 4

 AB39A
    Category > 1       1.620      0.425      3.810      0.000
 AB39H
    Category > 1       1.024      0.290      3.525      0.000
 AB39I
    Category > 1       0.414      0.163      2.544      0.011
 AB39K
    Category > 1       4.294      1.049      4.093      0.000
 AB39L
    Category > 1   *********      0.000    999.000    999.000
 AB39M
    Category > 1       0.898      0.258      3.482      0.000
 AB39T
    Category > 1       0.629      0.178      3.523      0.000
 AB39U
    Category > 1       0.418      0.126      3.321      0.001
 AB39W
    Category > 1       1.972      0.754      2.615      0.009
 AB39X
    Category > 1      12.769      7.218      1.769      0.077

Latent Class 3 Compared to Latent Class 5

 AB39A
    Category > 1       0.869      0.165      5.270      0.000
 AB39H
    Category > 1       0.280      0.063      4.454      0.000
 AB39I
    Category > 1       0.439      0.103      4.273      0.000
 AB39K
    Category > 1       0.447      0.117      3.801      0.000
 AB39L
    Category > 1       1.930      1.573      1.227      0.220
 AB39M
    Category > 1       3.872      0.757      5.117      0.000
 AB39T
    Category > 1       9.061      3.196      2.835      0.005
 AB39U
    Category > 1       4.008      1.177      3.406      0.001
 AB39W
    Category > 1      11.891      3.296      3.608      0.000
 AB39X
    Category > 1     152.291    171.005      0.891      0.373

Latent Class 3 Compared to Latent Class 6

 AB39A
    Category > 1       2.601      0.523      4.975      0.000
 AB39H
    Category > 1      10.681      4.728      2.259      0.024
 AB39I
    Category > 1       6.763      2.688      2.516      0.012
 AB39K
    Category > 1       9.152      2.333      3.923      0.000
 AB39L
    Category > 1      62.794     49.979      1.256      0.209
 AB39M
    Category > 1       5.224      1.240      4.214      0.000
 AB39T
    Category > 1      19.130     12.154      1.574      0.115
 AB39U
    Category > 1      17.552     11.917      1.473      0.141
 AB39W
    Category > 1      22.660      9.460      2.395      0.017
 AB39X
    Category > 1      46.985     18.186      2.584      0.010

Latent Class 4 Compared to Latent Class 5

 AB39A
    Category > 1       0.537      0.107      5.007      0.000
 AB39H
    Category > 1       0.273      0.080      3.415      0.001
 AB39I
    Category > 1       1.059      0.354      2.989      0.003
 AB39K
    Category > 1       0.104      0.028      3.655      0.000
 AB39L
    Category > 1       0.000      0.000    999.000    999.000
 AB39M
    Category > 1       4.314      0.932      4.630      0.000
 AB39T
    Category > 1      14.409      5.538      2.602      0.009
 AB39U
    Category > 1       9.581      3.554      2.696      0.007
 AB39W
    Category > 1       6.031      2.172      2.777      0.005
 AB39X
    Category > 1      11.927     17.094      0.698      0.485

Latent Class 4 Compared to Latent Class 6

 AB39A
    Category > 1       1.606      0.351      4.575      0.000
 AB39H
    Category > 1      10.435      4.519      2.309      0.021
 AB39I
    Category > 1      16.327      6.230      2.621      0.009
 AB39K
    Category > 1       2.131      0.604      3.530      0.000
 AB39L
    Category > 1       0.000      0.000    999.000    999.000
 AB39M
    Category > 1       5.820      1.535      3.791      0.000
 AB39T
    Category > 1      30.421     18.215      1.670      0.095
 AB39U
    Category > 1      41.957     25.369      1.654      0.098
 AB39W
    Category > 1      11.493      5.276      2.178      0.029
 AB39X
    Category > 1       3.680      1.823      2.018      0.044

Latent Class 5 Compared to Latent Class 6

 AB39A
    Category > 1       2.991      0.491      6.088      0.000
 AB39H
    Category > 1      38.174     14.884      2.565      0.010
 AB39I
    Category > 1      15.418      5.307      2.905      0.004
 AB39K
    Category > 1      20.495      4.660      4.398      0.000
 AB39L
    Category > 1      32.543     10.760      3.025      0.002
 AB39M
    Category > 1       1.349      0.287      4.696      0.000
 AB39T
    Category > 1       2.111      1.536      1.375      0.169
 AB39U
    Category > 1       4.379      3.163      1.384      0.166
 AB39W
    Category > 1       1.906      0.863      2.207      0.027
 AB39X
    Category > 1       0.309      0.380      0.812      0.417


QUALITY OF NUMERICAL RESULTS

     Condition Number for the Information Matrix              0.113E-06
       (ratio of smallest to largest eigenvalue)


EQUALITY TESTS OF MEANS ACROSS CLASSES USING POSTERIOR PROBABILITY-BASED
MULTIPLE IMPUTATIONS WITH 5 DEGREE(S) OF FREEDOM FOR THE OVERALL TEST AND
1 DEGREE OF FREEDOM FOR THE PAIRWISE TESTS

STEM
                          Mean       S.E.                          Mean       S.E.

  Class 1                0.121      0.016  Class 2                0.100      0.022
  Class 3                0.080      0.017  Class 4                0.047      0.019
  Class 5                0.064      0.013  Class 6                0.040      0.014

                    Chi-Square     P-Value                   Chi-Square     P-Value

  Overall test           5.856      0.320  Class 1 vs. 2          0.562      0.453
  Class 1 vs. 3          2.844      0.092  Class 1 vs. 4          8.746      0.003
  Class 1 vs. 5          7.712      0.005  Class 1 vs. 6         13.945      0.000
  Class 2 vs. 3          0.470      0.493  Class 2 vs. 4          3.211      0.073
  Class 2 vs. 5          1.809      0.179  Class 2 vs. 6          5.088      0.024
  Class 3 vs. 4          1.621      0.203  Class 3 vs. 5          0.536      0.464
  Class 3 vs. 6          3.213      0.073  Class 4 vs. 5          0.548      0.459
  Class 4 vs. 6          0.077      0.781  Class 5 vs. 6          1.441      0.230

STEMSUP
                          Mean       S.E.                          Mean       S.E.

  Class 1                0.189      0.020  Class 2                0.183      0.029
  Class 3                0.156      0.023  Class 4                0.101      0.027
  Class 5                0.130      0.017  Class 6                0.121      0.023

                    Chi-Square     P-Value                   Chi-Square     P-Value

  Overall test           5.070      0.407  Class 1 vs. 2          0.024      0.876
  Class 1 vs. 3          1.049      0.306  Class 1 vs. 4          6.775      0.009
  Class 1 vs. 5          5.072      0.024  Class 1 vs. 6          4.972      0.026
  Class 2 vs. 3          0.490      0.484  Class 2 vs. 4          3.965      0.046
  Class 2 vs. 5          2.378      0.123  Class 2 vs. 6          2.814      0.093
  Class 3 vs. 4          2.451      0.117  Class 3 vs. 5          0.744      0.388
  Class 3 vs. 6          1.081      0.298  Class 4 vs. 5          0.756      0.385
  Class 4 vs. 6          0.298      0.585  Class 5 vs. 6          0.087      0.768

ENGINEER
                          Mean       S.E.                          Mean       S.E.

  Class 1                0.043      0.010  Class 2                0.023      0.011
  Class 3                0.023      0.009  Class 4                0.021      0.013
  Class 5                0.018      0.007  Class 6                0.003      0.004

                    Chi-Square     P-Value                   Chi-Square     P-Value

  Overall test           5.737      0.333  Class 1 vs. 2          1.868      0.172
  Class 1 vs. 3          2.134      0.144  Class 1 vs. 4          1.772      0.183
  Class 1 vs. 5          4.371      0.037  Class 1 vs. 6         13.415      0.000
  Class 2 vs. 3          0.000      0.984  Class 2 vs. 4          0.004      0.948
  Class 2 vs. 5          0.123      0.725  Class 2 vs. 6          2.609      0.106
  Class 3 vs. 4          0.008      0.929  Class 3 vs. 5          0.194      0.660
  Class 3 vs. 6          3.587      0.058  Class 4 vs. 5          0.063      0.801
  Class 4 vs. 6          1.798      0.180  Class 5 vs. 6          3.143      0.076

MATHG8
                          Mean       S.E.                          Mean       S.E.

  Class 1               55.776      0.513  Class 2               55.633      0.751
  Class 3               52.721      0.604  Class 4               50.381      0.814
  Class 5               54.214      0.451  Class 6               52.018      0.640

                    Chi-Square     P-Value                   Chi-Square     P-Value

  Overall test          43.236      0.000  Class 1 vs. 2          0.023      0.879
  Class 1 vs. 3         13.649      0.000  Class 1 vs. 4         30.668      0.000
  Class 1 vs. 5          5.272      0.022  Class 1 vs. 6         21.440      0.000
  Class 2 vs. 3          9.058      0.003  Class 2 vs. 4         21.940      0.000
  Class 2 vs. 5          2.497      0.114  Class 2 vs. 6         12.810      0.000
  Class 3 vs. 4          5.183      0.023  Class 3 vs. 5          3.554      0.059
  Class 3 vs. 6          0.627      0.429  Class 4 vs. 5         16.424      0.000
  Class 4 vs. 6          2.362      0.124  Class 5 vs. 6          7.602      0.006

SCIG8
                          Mean       S.E.                          Mean       S.E.

  Class 1               55.764      0.520  Class 2               56.147      0.733
  Class 3               53.191      0.617  Class 4               51.658      0.856
  Class 5               54.461      0.459  Class 6               51.794      0.658

                    Chi-Square     P-Value                   Chi-Square     P-Value

  Overall test          30.845      0.000  Class 1 vs. 2          0.173      0.677
  Class 1 vs. 3          9.470      0.002  Class 1 vs. 4         16.225      0.000
  Class 1 vs. 5          3.600      0.058  Class 1 vs. 6         22.126      0.000
  Class 2 vs. 3          8.943      0.003  Class 2 vs. 4         15.788      0.000
  Class 2 vs. 5          3.550      0.060  Class 2 vs. 6         19.546      0.000
  Class 3 vs. 4          2.072      0.150  Class 3 vs. 5          2.488      0.115
  Class 3 vs. 6          2.383      0.123  Class 4 vs. 5          7.921      0.005
  Class 4 vs. 6          0.015      0.903  Class 5 vs. 6         10.615      0.001



TECHNICAL 11 OUTPUT

     Random Starts Specifications for the k-1 Class Analysis Model
        Number of initial stage random starts                 500
        Number of final stage optimizations                    10



     VUONG-LO-MENDELL-RUBIN LIKELIHOOD RATIO TEST FOR 5 (H0) VERSUS 6 CLASSES

          H0 Loglikelihood Value                       -16479.343
          2 Times the Loglikelihood Difference            150.188
          Difference in the Number of Parameters               11
          Mean                                             -4.611
          Standard Deviation                               35.911
          P-Value                                          0.0000

     LO-MENDELL-RUBIN ADJUSTED LRT TEST

          Value                                           148.506
          P-Value                                          0.0000


TECHNICAL 14 OUTPUT

     Random Starts Specifications for the k-1 Class Analysis Model
        Number of initial stage random starts                 500
        Number of final stage optimizations                    10

     Random Starts Specification for the k-1 Class Model for Generated Data
        Number of initial stage random starts                   0
        Number of final stage optimizations for the
           initial stage random starts                          0
     Random Starts Specification for the k Class Model for Generated Data
        Number of initial stage random starts                  40
        Number of final stage optimizations                     8
     Number of bootstrap draws requested                   Varies


     PARAMETRIC BOOTSTRAPPED LIKELIHOOD RATIO TEST FOR 5 (H0) VERSUS 6 CLASSES

          H0 Loglikelihood Value                       -16479.343
          2 Times the Loglikelihood Difference            150.188
          Difference in the Number of Parameters               11
          Approximate P-Value                              0.0000
          Successful Bootstrap Draws                            5


PLOT INFORMATION

The following plots are available:

  Histograms of sample values
  Scatterplots (sample values)
  Sample proportions and estimated probabilities

DIAGRAM INFORMATION

  Mplus diagrams are currently not available for Mixture analysis.
  No diagram output was produced.


     Beginning Time:  15:37:16
        Ending Time:  15:37:41
       Elapsed Time:  00:00:25



MUTHEN & MUTHEN
3463 Stoner Ave.
Los Angeles, CA  90066

Tel: (310) 391-9971
Fax: (310) 391-8971
Web: www.StatModel.com
Support: Support@StatModel.com

Copyright (c) 1998-2013 Muthen & Muthen
