Mplus VERSION 8.11
MUTHEN & MUTHEN
08/27/2025  11:31 AM

INPUT INSTRUCTIONS

  TITLE:
  LCA Moderation
  DATA:
  FILE = "C:/Users/dnajiarch/Box/lca-bookdown/moderation/three_step/mod.dat";
  VARIABLE:
  NAMES = ENJOY USEFUL LOGICAL JOB ADULT FEMALE MATH_IRT CPROB1 CPROB2 CPROB3 CPROB4
       N;
   MISSING=.;
   nominal=N;
    usevar = n;

    classes = c(4);

    usevar = female math_irt;
  ANALYSIS:
  estimator = mlr;
    type = mixture;
    starts = 0;
  MODEL:
  !DISTAL = math_irt, COVARIATE = female, MODERATOR = C

  %OVERALL%
  math_irt on female;
  math_irt;

     %C#1%
  [n#1@1.516];
  [n#2@-3.805];
  [n#3@-5.044];

  math_irt on female(s1);  ! conditional slope (class 1)
  [math_irt](m1);          ! conditional distal mean
  math_irt;                ! conditional distal variance (freely estimated)

  %C#2%
  [n#1@-7.237];
  [n#2@6.45];
  [n#3@4.451];

  math_irt on female(s2);
  [math_irt](m2);
  math_irt;

  %C#3%
  [n#1@-0.991];
  [n#2@-1.246];
  [n#3@1.06];

  math_irt on female(s3);
  [math_irt](m3);
  math_irt;

  %C#4%
  [n#1@-3.52];
  [n#2@-10.276];
  [n#3@-4.328];

  math_irt on female(s4);
  [math_irt](m4);
  math_irt;
  MODEL CONSTRAINT:
  New (
     diff12 diff13 diff23
     diff14 diff24 diff34
     slope12 slope13 slope23
      slope14 slope24 slope34);

      diff12 = m1-m2;  ! test distal outcome differences
      diff13 = m1-m3;
      diff23 = m2-m3;
      diff14 = m1-m4;
      diff24 = m2-m4;
      diff34 = m3-m4;

      slope12 = s1-s2;  ! test pairwise slope differences
      slope13 = s1-s3;
      slope23 = s2-s3;
      slope14 = s1-s4;
      slope24 = s2-s4;
      slope34 = s3-s4;
  MODEL TEST:
   ! can run only a single Omnibus test per model
      s1=s2;
      s2=s3;
      s3=s4;



INPUT READING TERMINATED NORMALLY




LCA Moderation

SUMMARY OF ANALYSIS

Number of groups                                                 1
Number of observations                                        2675

Number of dependent variables                                    2
Number of independent variables                                  1
Number of continuous latent variables                            0
Number of categorical latent variables                           1

Observed dependent variables

  Continuous
   MATH_IRT

  Unordered categorical (nominal)
   N

Observed independent variables
   FEMALE

Categorical latent variables
   C


Estimator                                                      MLR
Information matrix                                        OBSERVED
Optimization Specifications for the Quasi-Newton Algorithm for
Continuous Outcomes
  Maximum number of iterations                                 100
  Convergence criterion                                  0.100D-05
Optimization Specifications for the EM Algorithm
  Maximum number of iterations                                 500
  Convergence criteria
    Loglikelihood change                                 0.100D-06
    Relative loglikelihood change                        0.100D-06
    Derivative                                           0.100D-05
Optimization Specifications for the M step of the EM Algorithm for
Categorical Latent variables
  Number of M step iterations                                    1
  M step convergence criterion                           0.100D-05
  Basis for M step termination                           ITERATION
Optimization Specifications for the M step of the EM Algorithm for
Censored, Binary or Ordered Categorical (Ordinal), Unordered
Categorical (Nominal) and Count Outcomes
  Number of M step iterations                                    1
  M step convergence criterion                           0.100D-05
  Basis for M step termination                           ITERATION
  Maximum value for logit thresholds                            15
  Minimum value for logit thresholds                           -15
  Minimum expected cell size for chi-square              0.100D-01
Maximum number of iterations for H1                           2000
Convergence criterion for H1                             0.100D-03
Optimization algorithm                                         EMA

Input data file(s)
  C:/Users/dnajiarch/Box/lca-bookdown/moderation/three_step/mod.dat
Input data format  FREE


SUMMARY OF DATA

     Number of missing data patterns             2
     Number of y missing data patterns           2
     Number of u missing data patterns           0


COVARIANCE COVERAGE OF DATA

Minimum covariance coverage value   0.100


     PROPORTION OF DATA PRESENT FOR Y


           Covariance Coverage
              MATH_IRT      FEMALE
              ________      ________
 MATH_IRT       0.771
 FEMALE         0.771         1.000


UNIVARIATE PROPORTIONS AND COUNTS FOR CATEGORICAL VARIABLES

    N
      Category 1    0.115          307.000
      Category 2    0.136          365.000
      Category 3    0.181          484.000
      Category 4    0.568         1519.000



UNIVARIATE SAMPLE STATISTICS


     UNIVARIATE HIGHER-ORDER MOMENT DESCRIPTIVE STATISTICS

         Variable/         Mean/     Skewness/   Minimum/ % with                Percentiles
        Sample Size      Variance    Kurtosis    Maximum  Min/Max      20%/60%    40%/80%    Median

     MATH_IRT             58.829      -0.068      26.570    0.05%      47.240     55.710     59.290
            2063.000     157.729      -0.541      94.190    0.05%      62.900     70.160
     FEMALE                0.515      -0.059       0.000   48.52%       0.000      0.000      1.000
            2675.000       0.250      -1.997       1.000   51.48%       1.000      1.000


THE MODEL ESTIMATION TERMINATED NORMALLY



MODEL FIT INFORMATION

Number of Free Parameters                       15

Loglikelihood

          H0 Value                      -11180.948
          H0 Scaling Correction Factor      0.9422
            for MLR

Information Criteria

          Akaike (AIC)                   22391.896
          Bayesian (BIC)                 22480.272
          Sample-Size Adjusted BIC       22432.612
            (n* = (n + 2) / 24)

Wald Test of Parameter Constraints

          Value                             12.613
          Degrees of Freedom                     3
          P-Value                           0.0056



FINAL CLASS COUNTS AND PROPORTIONS FOR THE LATENT CLASSES
BASED ON THE ESTIMATED MODEL

    Latent
   Classes

       1        261.53252          0.09777
       2        365.60678          0.13668
       3        667.18450          0.24941
       4       1380.67620          0.51614


FINAL CLASS COUNTS AND PROPORTIONS FOR THE LATENT CLASSES
BASED ON ESTIMATED POSTERIOR PROBABILITIES

    Latent
   Classes

       1        261.53252          0.09777
       2        365.60678          0.13668
       3        667.18450          0.24941
       4       1380.67620          0.51614


FINAL CLASS COUNTS AND PROPORTIONS FOR THE LATENT CLASSES
BASED ON THEIR MOST LIKELY LATENT CLASS MEMBERSHIP

Class Counts and Proportions

    Latent
   Classes

       1              304          0.11364
       2              365          0.13645
       3              484          0.18093
       4             1522          0.56897


CLASSIFICATION QUALITY

     Entropy                         0.653


Average Latent Class Probabilities for Most Likely Latent Class Membership (Row)
by Latent Class (Column)

           1        2        3        4

    1   0.696    0.000    0.177    0.127
    2   0.003    0.881    0.116    0.000
    3   0.001    0.090    0.873    0.036
    4   0.032    0.000    0.098    0.870


Classification Probabilities for the Most Likely Latent Class Membership (Column)
by Latent Class (Row)

           1        2        3        4

    1   0.809    0.004    0.001    0.186
    2   0.000    0.880    0.119    0.001
    3   0.081    0.063    0.633    0.223
    4   0.028    0.000    0.013    0.959


Logits for the Classification Probabilities for the Most Likely Latent Class Membership (Column)
by Latent Class (Row)

              1        2        3        4

    1      1.471   -3.848   -5.079    0.000
    2     -7.250    6.437    4.437    0.000
    3     -1.017   -1.255    1.046    0.000
    4     -3.533  -10.260   -4.321    0.000


MODEL RESULTS

                                                    Two-Tailed
                    Estimate       S.E.  Est./S.E.    P-Value

Latent Class 1

 MATH_IRT   ON
    FEMALE            -4.452      2.597     -1.715      0.086

 Means
    N#1                1.516      0.000    999.000    999.000
    N#2               -3.805      0.000    999.000    999.000
    N#3               -5.044      0.000    999.000    999.000

 Intercepts
    MATH_IRT          55.966      1.288     43.459      0.000

 Residual Variances
    MATH_IRT         119.406     14.159      8.433      0.000

Latent Class 2

 MATH_IRT   ON
    FEMALE            -4.475      1.847     -2.423      0.015

 Means
    N#1               -7.237      0.000    999.000    999.000
    N#2                6.450      0.000    999.000    999.000
    N#3                4.451      0.000    999.000    999.000

 Intercepts
    MATH_IRT          56.729      1.120     50.666      0.000

 Residual Variances
    MATH_IRT         163.281     11.777     13.865      0.000

Latent Class 3

 MATH_IRT   ON
    FEMALE            -2.678      1.760     -1.522      0.128

 Means
    N#1               -0.991      0.000    999.000    999.000
    N#2               -1.246      0.000    999.000    999.000
    N#3                1.060      0.000    999.000    999.000

 Intercepts
    MATH_IRT          59.265      0.800     74.095      0.000

 Residual Variances
    MATH_IRT         152.870      9.868     15.491      0.000

Latent Class 4

 MATH_IRT   ON
    FEMALE             1.097      0.868      1.264      0.206

 Means
    N#1               -3.520      0.000    999.000    999.000
    N#2              -10.276      0.000    999.000    999.000
    N#3               -4.328      0.000    999.000    999.000

 Intercepts
    MATH_IRT          60.725      0.510    119.012      0.000

 Residual Variances
    MATH_IRT         146.296      5.964     24.532      0.000

Categorical Latent Variables

 Means
    C#1               -1.664      0.094    -17.758      0.000
    C#2               -1.329      0.067    -19.942      0.000
    C#3               -0.727      0.067    -10.899      0.000

New/Additional Parameters
    DIFF12            -0.763      1.701     -0.449      0.654
    DIFF13            -3.299      1.566     -2.106      0.035
    DIFF23            -2.536      1.452     -1.746      0.081
    DIFF14            -4.759      1.427     -3.335      0.001
    DIFF24            -3.996      1.225     -3.262      0.001
    DIFF34            -1.460      0.998     -1.464      0.143
    SLOPE12            0.023      3.076      0.007      0.994
    SLOPE13           -1.774      3.461     -0.513      0.608
    SLOPE23           -1.797      2.920     -0.615      0.538
    SLOPE14           -5.549      2.833     -1.958      0.050
    SLOPE24           -5.572      1.973     -2.824      0.005
    SLOPE34           -3.775      2.160     -1.748      0.080


QUALITY OF NUMERICAL RESULTS

     Condition Number for the Information Matrix              0.109E-03
       (ratio of smallest to largest eigenvalue)


RESULTS IN PROBABILITY SCALE

                                                    Two-Tailed
                    Estimate       S.E.  Est./S.E.    P-Value

Latent Class 1

 N
    Category 1         0.816      0.010     83.664      0.000
    Category 2         0.004      0.000     83.664      0.000
    Category 3         0.001      0.000     83.664      0.000
    Category 4         0.179      0.010     18.257      0.000

Latent Class 2

 N
    Category 1         0.000      0.000  10781.389      0.000
    Category 2         0.879      0.000  10781.389      0.000
    Category 3         0.119      0.000  10781.389      0.000
    Category 4         0.001      0.000     15.007      0.000

Latent Class 3

 N
    Category 1         0.082      0.001     68.116      0.000
    Category 2         0.063      0.001     68.116      0.000
    Category 3         0.635      0.009     68.116      0.000
    Category 4         0.220      0.011     19.213      0.000

Latent Class 4

 N
    Category 1         0.028      0.002     15.628      0.000
    Category 2         0.000      0.000     15.628      0.000
    Category 3         0.013      0.001     15.628      0.000
    Category 4         0.959      0.003    364.907      0.000


LATENT CLASS INDICATOR ODDS RATIOS FOR THE LATENT CLASSES

                                                95% C.I.
                    Estimate       S.E.  Lower 2.5% Upper 2.5%

Latent Class 1 Compared to Latent Class 2

 N
    Category = 1   *********  *********  *********  *********
    Category = 2       0.001      0.000      0.001      0.001
    Category = 3       0.009      0.000      0.008      0.009
    Category = 4     156.768      0.000    156.768    156.768

Latent Class 1 Compared to Latent Class 3

 N
    Category = 1      49.778      2.433     45.231     54.783
    Category = 2       0.059      0.000      0.059      0.060
    Category = 3       0.001      0.000      0.001      0.001
    Category = 4       0.774      0.000      0.774      0.774

Latent Class 1 Compared to Latent Class 4

 N
    Category = 1     151.538      0.150    151.244    151.833
    Category = 2     121.174      6.300    109.435    134.173
    Category = 3       0.090      0.005      0.081      0.100
    Category = 4       0.009      0.000      0.009      0.009

Latent Class 2 Compared to Latent Class 3

 N
    Category = 1       0.000      0.000      0.000      0.000
    Category = 2     107.996      1.609    104.887    111.197
    Category = 3       0.078      0.003      0.072      0.084
    Category = 4       0.005      0.000      0.005      0.005

Latent Class 2 Compared to Latent Class 4

 N
    Category = 1       0.000      0.000      0.000      0.000
    Category = 2   *********  13962.854  *********  *********
    Category = 3      10.555      0.683      9.298     11.982
    Category = 4       0.000      0.000      0.000      0.000

Latent Class 3 Compared to Latent Class 4

 N
    Category = 1       3.044      0.152      2.761      3.357
    Category = 2    2045.102     98.812   1860.318   2248.240
    Category = 3     135.785      3.338    129.398    142.488
    Category = 4       0.012      0.000      0.012      0.012


     Beginning Time:  11:31:49
        Ending Time:  11:31:49
       Elapsed Time:  00:00:00



MUTHEN & MUTHEN
3463 Stoner Ave.
Los Angeles, CA  90066

Tel: (310) 391-9971
Fax: (310) 391-8971
Web: www.StatModel.com
Support: Support@StatModel.com

Copyright (c) 1998-2024 Muthen & Muthen
