Mplus VERSION 8.11
MUTHEN & MUTHEN
07/09/2025   1:30 PM

INPUT INSTRUCTIONS

  TITLE:
  2-Class LCA for LCA 10th Grade
  DATA:
  FILE = "C:/Users/Karen Nylund-Gibson/Box/TC_LTA/g10_enum/lsay_g10.dat";
  VARIABLE:
  NAMES = GA32A GA32H GA32I GA32K GA32L GA33A GA33H GA33I GA33K GA33L;
   MISSING=.;
   categorical = GA32A GA32H GA32I GA32K GA32L GA33A GA33H GA33I GA33K GA33L;
  usevar = GA32A GA32H GA32I GA32K GA32L GA33A GA33H GA33I GA33K GA33L;
  missing = all(9999);
  classes = c(2);
  ANALYSIS:

        estimator = mlr;
        type = mixture;
        starts = 500 10;
        processors = 10;
  OUTPUT:
  sampstat; residual; tech11; tech14;
  PLOT:

        type = plot3;
        series = GA32A GA32H GA32I GA32K GA32L GA33A
                 GA33H GA33I GA33K GA33L (*);



*** WARNING in OUTPUT command
  SAMPSTAT option is not available when all outcomes are censored, ordered
  categorical, unordered categorical (nominal), count or continuous-time
  survival variables.  Request for SAMPSTAT is ignored.
*** WARNING
  Data set contains cases with missing on all variables.
  These cases were not included in the analysis.
  Number of cases with missing on all variables:  378
   2 WARNING(S) FOUND IN THE INPUT INSTRUCTIONS




2-Class LCA for LCA 10th Grade

SUMMARY OF ANALYSIS

Number of groups                                                 1
Number of observations                                        1534

Number of dependent variables                                   10
Number of independent variables                                  0
Number of continuous latent variables                            0
Number of categorical latent variables                           1

Observed dependent variables

  Binary and ordered categorical (ordinal)
   GA32A       GA32H       GA32I       GA32K       GA32L       GA33A
   GA33H       GA33I       GA33K       GA33L

Categorical latent variables
   C


Estimator                                                      MLR
Information matrix                                        OBSERVED
Optimization Specifications for the Quasi-Newton Algorithm for
Continuous Outcomes
  Maximum number of iterations                                 100
  Convergence criterion                                  0.100D-05
Optimization Specifications for the EM Algorithm
  Maximum number of iterations                                 500
  Convergence criteria
    Loglikelihood change                                 0.100D-06
    Relative loglikelihood change                        0.100D-06
    Derivative                                           0.100D-05
Optimization Specifications for the M step of the EM Algorithm for
Categorical Latent variables
  Number of M step iterations                                    1
  M step convergence criterion                           0.100D-05
  Basis for M step termination                           ITERATION
Optimization Specifications for the M step of the EM Algorithm for
Censored, Binary or Ordered Categorical (Ordinal), Unordered
Categorical (Nominal) and Count Outcomes
  Number of M step iterations                                    1
  M step convergence criterion                           0.100D-05
  Basis for M step termination                           ITERATION
  Maximum value for logit thresholds                            15
  Minimum value for logit thresholds                           -15
  Minimum expected cell size for chi-square              0.100D-01
Maximum number of iterations for H1                           2000
Convergence criterion for H1                             0.100D-03
Optimization algorithm                                         EMA
Random Starts Specifications
  Number of initial stage random starts                        500
  Number of final stage optimizations                           10
  Number of initial stage iterations                            10
  Initial stage convergence criterion                    0.100D+01
  Random starts scale                                    0.500D+01
  Random seed for generating random starts                       0
Link                                                         LOGIT

Input data file(s)
  C:/Users/Karen Nylund-Gibson/Box/TC_LTA/g10_enum/lsay_g10.dat
Input data format  FREE


SUMMARY OF DATA

     Number of missing data patterns            22
     Number of y missing data patterns           0
     Number of u missing data patterns          22


COVARIANCE COVERAGE OF DATA

Minimum covariance coverage value   0.100


     PROPORTION OF DATA PRESENT FOR U


           Covariance Coverage
              GA32A         GA32H         GA32I         GA32K         GA32L
              ________      ________      ________      ________      ________
 GA32A          0.999
 GA32H          0.990         0.991
 GA32I          0.989         0.982         0.989
 GA32K          0.988         0.982         0.981         0.989
 GA32L          0.993         0.987         0.986         0.986         0.994
 GA33A          0.994         0.988         0.986         0.986         0.992
 GA33H          0.988         0.981         0.979         0.981         0.985
 GA33I          0.988         0.981         0.979         0.980         0.985
 GA33K          0.988         0.982         0.980         0.981         0.986
 GA33L          0.993         0.986         0.984         0.985         0.990


           Covariance Coverage
              GA33A         GA33H         GA33I         GA33K         GA33L
              ________      ________      ________      ________      ________
 GA33A          0.995
 GA33H          0.986         0.988
 GA33I          0.986         0.980         0.988
 GA33K          0.986         0.980         0.980         0.990
 GA33L          0.991         0.985         0.985         0.986         0.993


UNIVARIATE PROPORTIONS AND COUNTS FOR CATEGORICAL VARIABLES

    GA32A
      Category 1    0.370          567.000
      Category 2    0.630          965.000
    GA32H
      Category 1    0.351          533.000
      Category 2    0.649          987.000
    GA32I
      Category 1    0.314          476.000
      Category 2    0.686         1041.000
    GA32K
      Category 1    0.321          487.000
      Category 2    0.679         1030.000
    GA32L
      Category 1    0.353          539.000
      Category 2    0.647          986.000
    GA33A
      Category 1    0.408          623.000
      Category 2    0.592          903.000
    GA33H
      Category 1    0.565          857.000
      Category 2    0.435          659.000
    GA33I
      Category 1    0.475          720.000
      Category 2    0.525          796.000
    GA33K
      Category 1    0.571          867.000
      Category 2    0.429          651.000
    GA33L
      Category 1    0.580          884.000
      Category 2    0.420          640.000


RANDOM STARTS RESULTS RANKED FROM THE BEST TO THE WORST LOGLIKELIHOOD VALUES

Final stage loglikelihood values at local maxima, seeds, and initial stage start numbers:

           -8428.384  53621            483
           -8428.384  370466           41
           -8428.384  377504           294
           -8428.384  609185           181
           -8428.384  173191           422
           -8428.384  443442           380
           -8428.384  696773           80
           -8428.384  576220           115
           -8428.384  973369           202
           -8428.384  404426           344



THE BEST LOGLIKELIHOOD VALUE HAS BEEN REPLICATED.  RERUN WITH AT LEAST TWICE THE
RANDOM STARTS TO CHECK THAT THE BEST LOGLIKELIHOOD IS STILL OBTAINED AND REPLICATED.


THE MODEL ESTIMATION TERMINATED NORMALLY



MODEL FIT INFORMATION

Number of Free Parameters                       21

Loglikelihood

          H0 Value                       -8428.384
          H0 Scaling Correction Factor      1.0976
            for MLR

Information Criteria

          Akaike (AIC)                   16898.768
          Bayesian (BIC)                 17010.816
          Sample-Size Adjusted BIC       16944.104
            (n* = (n + 2) / 24)

Chi-Square Test of Model Fit for the Binary and Ordered Categorical
(Ordinal) Outcomes**

          Pearson Chi-Square

          Value                           3401.834
          Degrees of Freedom                   985
          P-Value                           0.0000

          Likelihood Ratio Chi-Square

          Value                           1870.056
          Degrees of Freedom                   985
          P-Value                           0.0000

** Of the 7628 cells in the latent class indicator table, 17
   were deleted in the calculation of chi-square due to extreme values.

Chi-Square Test for MCAR under the Unrestricted Latent Class Indicator Model

          Pearson Chi-Square

          Value                           1269.523
          Degrees of Freedom                  6583
          P-Value                           1.0000

          Likelihood Ratio Chi-Square

          Value                            323.351
          Degrees of Freedom                  6583
          P-Value                           1.0000



FINAL CLASS COUNTS AND PROPORTIONS FOR THE LATENT CLASSES
BASED ON THE ESTIMATED MODEL

    Latent
   Classes

       1        658.05910          0.42898
       2        875.94090          0.57102


FINAL CLASS COUNTS AND PROPORTIONS FOR THE LATENT CLASSES
BASED ON ESTIMATED POSTERIOR PROBABILITIES

    Latent
   Classes

       1        658.05910          0.42898
       2        875.94090          0.57102


FINAL CLASS COUNTS AND PROPORTIONS FOR THE LATENT CLASSES
BASED ON THEIR MOST LIKELY LATENT CLASS MEMBERSHIP

Class Counts and Proportions

    Latent
   Classes

       1              656          0.42764
       2              878          0.57236


CLASSIFICATION QUALITY

     Entropy                         0.859


Average Latent Class Probabilities for Most Likely Latent Class Membership (Row)
by Latent Class (Column)

           1        2

    1   0.953    0.047
    2   0.037    0.963


Classification Probabilities for the Most Likely Latent Class Membership (Column)
by Latent Class (Row)

           1        2

    1   0.950    0.050
    2   0.035    0.965


Logits for the Classification Probabilities for the Most Likely Latent Class Membership (Column)
by Latent Class (Row)

              1        2

    1      2.950    0.000
    2     -3.316    0.000


MODEL RESULTS

                                                    Two-Tailed
                    Estimate       S.E.  Est./S.E.    P-Value

Latent Class 1

 Thresholds
    GA32A$1           -1.323      0.108    -12.258      0.000
    GA32H$1           -2.191      0.158    -13.863      0.000
    GA32I$1           -2.545      0.182    -13.981      0.000
    GA32K$1           -2.355      0.184    -12.833      0.000
    GA32L$1           -2.299      0.189    -12.168      0.000
    GA33A$1           -1.945      0.150    -12.923      0.000
    GA33H$1           -1.601      0.157    -10.213      0.000
    GA33I$1           -2.212      0.168    -13.182      0.000
    GA33K$1           -1.564      0.176     -8.861      0.000
    GA33L$1           -1.522      0.169     -9.007      0.000

Latent Class 2

 Thresholds
    GA32A$1           -0.039      0.073     -0.528      0.597
    GA32H$1            0.159      0.084      1.885      0.059
    GA32I$1           -0.016      0.085     -0.189      0.850
    GA32K$1           -0.006      0.080     -0.077      0.938
    GA32L$1            0.206      0.081      2.542      0.011
    GA33A$1            0.492      0.083      5.917      0.000
    GA33H$1            1.843      0.137     13.440      0.000
    GA33I$1            1.129      0.116      9.755      0.000
    GA33K$1            1.897      0.126     15.054      0.000
    GA33L$1            2.002      0.136     14.713      0.000

Categorical Latent Variables

 Means
    C#1               -0.286      0.080     -3.573      0.000


QUALITY OF NUMERICAL RESULTS

     Condition Number for the Information Matrix              0.574E-01
       (ratio of smallest to largest eigenvalue)


RESULTS IN PROBABILITY SCALE

                                                    Two-Tailed
                    Estimate       S.E.  Est./S.E.    P-Value

Latent Class 1

 GA32A
    Category 1         0.210      0.018     11.734      0.000
    Category 2         0.790      0.018     44.054      0.000
 GA32H
    Category 1         0.101      0.014      7.033      0.000
    Category 2         0.899      0.014     62.932      0.000
 GA32I
    Category 1         0.073      0.012      5.924      0.000
    Category 2         0.927      0.012     75.510      0.000
 GA32K
    Category 1         0.087      0.015      5.966      0.000
    Category 2         0.913      0.015     62.886      0.000
 GA32L
    Category 1         0.091      0.016      5.825      0.000
    Category 2         0.909      0.016     58.020      0.000
 GA33A
    Category 1         0.125      0.016      7.595      0.000
    Category 2         0.875      0.016     53.108      0.000
 GA33H
    Category 1         0.168      0.022      7.663      0.000
    Category 2         0.832      0.022     38.011      0.000
 GA33I
    Category 1         0.099      0.015      6.613      0.000
    Category 2         0.901      0.015     60.377      0.000
 GA33K
    Category 1         0.173      0.025      6.854      0.000
    Category 2         0.827      0.025     32.732      0.000
 GA33L
    Category 1         0.179      0.025      7.210      0.000
    Category 2         0.821      0.025     33.028      0.000

Latent Class 2

 GA32A
    Category 1         0.490      0.018     26.825      0.000
    Category 2         0.510      0.018     27.882      0.000
 GA32H
    Category 1         0.540      0.021     25.775      0.000
    Category 2         0.460      0.021     21.989      0.000
 GA32I
    Category 1         0.496      0.021     23.208      0.000
    Category 2         0.504      0.021     23.586      0.000
 GA32K
    Category 1         0.498      0.020     24.933      0.000
    Category 2         0.502      0.020     25.088      0.000
 GA32L
    Category 1         0.551      0.020     27.509      0.000
    Category 2         0.449      0.020     22.389      0.000
 GA33A
    Category 1         0.620      0.020     31.715      0.000
    Category 2         0.380      0.020     19.399      0.000
 GA33H
    Category 1         0.863      0.016     53.351      0.000
    Category 2         0.137      0.016      8.446      0.000
 GA33I
    Category 1         0.756      0.021     35.360      0.000
    Category 2         0.244      0.021     11.433      0.000
 GA33K
    Category 1         0.870      0.014     60.840      0.000
    Category 2         0.130      0.014      9.125      0.000
 GA33L
    Category 1         0.881      0.014     61.764      0.000
    Category 2         0.119      0.014      8.341      0.000


LATENT CLASS INDICATOR ODDS RATIOS FOR THE LATENT CLASSES

                                                95% C.I.
                    Estimate       S.E.  Lower 2.5% Upper 2.5%

Latent Class 1 Compared to Latent Class 2

 GA32A
    Category > 1       3.612      0.465      2.807      4.648
 GA32H
    Category > 1      10.489      1.800      7.493     14.682
 GA32I
    Category > 1      12.542      2.443      8.563     18.371
 GA32K
    Category > 1      10.476      1.988      7.223     15.196
 GA32L
    Category > 1      12.238      2.377      8.363     17.907
 GA33A
    Category > 1      11.432      1.796      8.402     15.553
 GA33H
    Category > 1      31.333      5.305     22.484     43.664
 GA33I
    Category > 1      28.237      5.092     19.829     40.209
 GA33K
    Category > 1      31.841      5.871     22.184     45.701
 GA33L
    Category > 1      33.919      6.196     23.711     48.520


RESIDUAL OUTPUT


     RESIDUAL OUTPUT IS NOT AVAILABLE FOR THIS MODEL.  ADDITIONAL OUTPUT FOR
     CATEGORICAL, COUNT, AND NOMINAL VARIABLES MAY BE AVAILABLE USING TECH10.


TECHNICAL 11 OUTPUT

     Random Starts Specifications for the k-1 Class Analysis Model
        Number of initial stage random starts                 500
        Number of final stage optimizations                    10



     VUONG-LO-MENDELL-RUBIN LIKELIHOOD RATIO TEST FOR 1 (H0) VERSUS 2 CLASSES

          H0 Loglikelihood Value                       -10072.926
          2 Times the Loglikelihood Difference           3289.084
          Difference in the Number of Parameters               11
          Mean                                             13.427
          Standard Deviation                               28.494
          P-Value                                          0.0000

     LO-MENDELL-RUBIN ADJUSTED LRT TEST

          Value                                          3248.822
          P-Value                                          0.0000


TECHNICAL 14 OUTPUT

     Random Starts Specifications for the k-1 Class Analysis Model
        Number of initial stage random starts                 500
        Number of final stage optimizations                    10

     Random Starts Specification for the k-1 Class Model for Generated Data
        Number of initial stage random starts                   0
        Number of final stage optimizations for the
           initial stage random starts                          0
     Random Starts Specification for the k Class Model for Generated Data
        Number of initial stage random starts                  40
        Number of final stage optimizations                     8
     Number of bootstrap draws requested                   Varies


     PARAMETRIC BOOTSTRAPPED LIKELIHOOD RATIO TEST FOR 1 (H0) VERSUS 2 CLASSES

          H0 Loglikelihood Value                       -10072.926
          2 Times the Loglikelihood Difference           3289.084
          Difference in the Number of Parameters               11
          Approximate P-Value                              0.0000
          Successful Bootstrap Draws                            5

     WARNING:  OF THE 5 BOOTSTRAP DRAWS, 3 DRAWS HAD BOTH A SMALLER LRT VALUE THAN THE
     OBSERVED LRT VALUE AND NOT A REPLICATED BEST LOGLIKELIHOOD VALUE FOR THE 2-CLASS MODEL.
     THIS MEANS THAT THE P-VALUE MAY NOT BE TRUSTWORTHY DUE TO LOCAL MAXIMA.
     INCREASE THE NUMBER OF RANDOM STARTS USING THE LRTSTARTS OPTION.



PLOT INFORMATION

The following plots are available:

  Histograms (sample values)
  Scatterplots (sample values)
  Sample proportions and estimated probabilities

     Beginning Time:  13:30:06
        Ending Time:  13:30:18
       Elapsed Time:  00:00:12



MUTHEN & MUTHEN
3463 Stoner Ave.
Los Angeles, CA  90066

Tel: (310) 391-9971
Fax: (310) 391-8971
Web: www.StatModel.com
Support: Support@StatModel.com

Copyright (c) 1998-2024 Muthen & Muthen
