Mplus VERSION 8.11 (Mac)
MUTHEN & MUTHEN
06/14/2025   6:27 PM

INPUT INSTRUCTIONS

  TITLE:
  3-Class LCA for LCA 12th Grade
  DATA:
  FILE = "/Users/brucecarter/Library/CloudStorage/Box-Box/TC_LTA/g12_enum/lsay_g12.dat";

  VARIABLE:
  NAMES = KA46A KA46H KA46I KA46K KA46L KA47A KA47H KA47I KA47K KA47L;
   MISSING=.;
   categorical = KA46A KA46H KA46I KA46K KA46L KA47A KA47H KA47I KA47K KA47L;
  usevar = KA46A KA46H KA46I KA46K KA46L KA47A KA47H KA47I KA47K KA47L;
  missing = all(9999);
  classes = c(3);
  ANALYSIS:

        estimator = mlr;
        type = mixture;
        starts = 500 10;
        processors = 10;
  OUTPUT:
  sampstat; residual; tech11; tech14;
  PLOT:

        type = plot3;
        series = KA46A KA46H KA46I KA46K KA46L KA47A
                 KA47H KA47I KA47K KA47L (*);



*** WARNING in OUTPUT command
  SAMPSTAT option is not available when all outcomes are censored, ordered
  categorical, unordered categorical (nominal), count or continuous-time
  survival variables.  Request for SAMPSTAT is ignored.
*** WARNING
  Data set contains cases with missing on all variables.
  These cases were not included in the analysis.
  Number of cases with missing on all variables:  790
   2 WARNING(S) FOUND IN THE INPUT INSTRUCTIONS




3-Class LCA for LCA 12th Grade

SUMMARY OF ANALYSIS

Number of groups                                                 1
Number of observations                                        1122

Number of dependent variables                                   10
Number of independent variables                                  0
Number of continuous latent variables                            0
Number of categorical latent variables                           1

Observed dependent variables

  Binary and ordered categorical (ordinal)
   KA46A       KA46H       KA46I       KA46K       KA46L       KA47A
   KA47H       KA47I       KA47K       KA47L

Categorical latent variables
   C


Estimator                                                      MLR
Information matrix                                        OBSERVED
Optimization Specifications for the Quasi-Newton Algorithm for
Continuous Outcomes
  Maximum number of iterations                                 100
  Convergence criterion                                  0.100D-05
Optimization Specifications for the EM Algorithm
  Maximum number of iterations                                 500
  Convergence criteria
    Loglikelihood change                                 0.100D-06
    Relative loglikelihood change                        0.100D-06
    Derivative                                           0.100D-05
Optimization Specifications for the M step of the EM Algorithm for
Categorical Latent variables
  Number of M step iterations                                    1
  M step convergence criterion                           0.100D-05
  Basis for M step termination                           ITERATION
Optimization Specifications for the M step of the EM Algorithm for
Censored, Binary or Ordered Categorical (Ordinal), Unordered
Categorical (Nominal) and Count Outcomes
  Number of M step iterations                                    1
  M step convergence criterion                           0.100D-05
  Basis for M step termination                           ITERATION
  Maximum value for logit thresholds                            15
  Minimum value for logit thresholds                           -15
  Minimum expected cell size for chi-square              0.100D-01
Maximum number of iterations for H1                           2000
Convergence criterion for H1                             0.100D-03
Optimization algorithm                                         EMA
Random Starts Specifications
  Number of initial stage random starts                        500
  Number of final stage optimizations                           10
  Number of initial stage iterations                            10
  Initial stage convergence criterion                    0.100D+01
  Random starts scale                                    0.500D+01
  Random seed for generating random starts                       0
Link                                                         LOGIT

Input data file(s)
  /Users/brucecarter/Library/CloudStorage/Box-Box/TC_LTA/g12_enum/lsay_g12.dat
Input data format  FREE


SUMMARY OF DATA

     Number of missing data patterns            20
     Number of y missing data patterns           0
     Number of u missing data patterns          20


COVARIANCE COVERAGE OF DATA

Minimum covariance coverage value   0.100


     PROPORTION OF DATA PRESENT FOR U


           Covariance Coverage
              KA46A         KA46H         KA46I         KA46K         KA46L
              ________      ________      ________      ________      ________
 KA46A          0.998
 KA46H          0.990         0.990
 KA46I          0.987         0.986         0.988
 KA46K          0.985         0.984         0.980         0.985
 KA46L          0.984         0.983         0.980         0.978         0.984
 KA47A          0.984         0.981         0.979         0.976         0.975
 KA47H          0.979         0.977         0.973         0.971         0.971
 KA47I          0.980         0.979         0.975         0.973         0.972
 KA47K          0.979         0.977         0.973         0.971         0.971
 KA47L          0.982         0.980         0.977         0.975         0.974


           Covariance Coverage
              KA47A         KA47H         KA47I         KA47K         KA47L
              ________      ________      ________      ________      ________
 KA47A          0.985
 KA47H          0.978         0.980
 KA47I          0.979         0.975         0.980
 KA47K          0.978         0.974         0.976         0.980
 KA47L          0.981         0.978         0.979         0.978         0.983


UNIVARIATE PROPORTIONS AND COUNTS FOR CATEGORICAL VARIABLES

    KA46A
      Category 1    0.433          485.000
      Category 2    0.567          635.000
    KA46H
      Category 1    0.327          363.000
      Category 2    0.673          748.000
    KA46I
      Category 1    0.288          319.000
      Category 2    0.712          789.000
    KA46K
      Category 1    0.389          430.000
      Category 2    0.611          675.000
    KA46L
      Category 1    0.349          385.000
      Category 2    0.651          719.000
    KA47A
      Category 1    0.448          495.000
      Category 2    0.552          610.000
    KA47H
      Category 1    0.515          566.000
      Category 2    0.485          533.000
    KA47I
      Category 1    0.435          479.000
      Category 2    0.565          621.000
    KA47K
      Category 1    0.617          678.000
      Category 2    0.383          421.000
    KA47L
      Category 1    0.557          614.000
      Category 2    0.443          489.000


RANDOM STARTS RESULTS RANKED FROM THE BEST TO THE WORST LOGLIKELIHOOD VALUES

Final stage loglikelihood values at local maxima, seeds, and initial stage start numbers:

           -5670.595  85734            411
           -5670.595  268896           124
           -5670.595  354395           486
           -5670.595  714997           399
           -5670.595  972873           157
           -5670.595  966014           37
           -5670.595  804660           260
           -5670.595  391179           78
           -5670.595  722748           346
           -5670.595  629320           222



THE BEST LOGLIKELIHOOD VALUE HAS BEEN REPLICATED.  RERUN WITH AT LEAST TWICE THE
RANDOM STARTS TO CHECK THAT THE BEST LOGLIKELIHOOD IS STILL OBTAINED AND REPLICATED.


THE MODEL ESTIMATION TERMINATED NORMALLY



MODEL FIT INFORMATION

Number of Free Parameters                       32

Loglikelihood

          H0 Value                       -5670.595
          H0 Scaling Correction Factor      1.1385
            for MLR

Information Criteria

          Akaike (AIC)                   11405.190
          Bayesian (BIC)                 11565.921
          Sample-Size Adjusted BIC       11464.281
            (n* = (n + 2) / 24)

Chi-Square Test of Model Fit for the Binary and Ordered Categorical
(Ordinal) Outcomes**

          Pearson Chi-Square

          Value                           2493.844
          Degrees of Freedom                   974
          P-Value                           0.0000

          Likelihood Ratio Chi-Square

          Value                           1316.190
          Degrees of Freedom                   974
          P-Value                           0.0000

** Of the 6568 cells in the latent class indicator table, 17
   were deleted in the calculation of chi-square due to extreme values.

Chi-Square Test for MCAR under the Unrestricted Latent Class Indicator Model

          Pearson Chi-Square

          Value                            750.840
          Degrees of Freedom                  5525
          P-Value                           1.0000

          Likelihood Ratio Chi-Square

          Value                            187.973
          Degrees of Freedom                  5525
          P-Value                           1.0000



FINAL CLASS COUNTS AND PROPORTIONS FOR THE LATENT CLASSES
BASED ON THE ESTIMATED MODEL

    Latent
   Classes

       1        203.04776          0.18097
       2        399.57960          0.35613
       3        519.37264          0.46290


FINAL CLASS COUNTS AND PROPORTIONS FOR THE LATENT CLASSES
BASED ON ESTIMATED POSTERIOR PROBABILITIES

    Latent
   Classes

       1        203.04776          0.18097
       2        399.57960          0.35613
       3        519.37264          0.46290


FINAL CLASS COUNTS AND PROPORTIONS FOR THE LATENT CLASSES
BASED ON THEIR MOST LIKELY LATENT CLASS MEMBERSHIP

Class Counts and Proportions

    Latent
   Classes

       1              201          0.17914
       2              410          0.36542
       3              511          0.45544


CLASSIFICATION QUALITY

     Entropy                         0.853


Average Latent Class Probabilities for Most Likely Latent Class Membership (Row)
by Latent Class (Column)

           1        2        3

    1   0.932    0.000    0.068
    2   0.000    0.930    0.070
    3   0.030    0.036    0.934


Classification Probabilities for the Most Likely Latent Class Membership (Column)
by Latent Class (Row)

           1        2        3

    1   0.923    0.001    0.077
    2   0.000    0.954    0.046
    3   0.026    0.055    0.918


Logits for the Classification Probabilities for the Most Likely Latent Class Membership (Column)
by Latent Class (Row)

              1        2        3

    1      2.489   -4.602    0.000
    2     -6.498    3.030    0.000
    3     -3.555   -2.810    0.000


MODEL RESULTS

                                                    Two-Tailed
                    Estimate       S.E.  Est./S.E.    P-Value

Latent Class 1

 Thresholds
    KA46A$1            1.457      0.221      6.592      0.000
    KA46H$1            3.445      0.828      4.160      0.000
    KA46I$1            1.825      0.338      5.396      0.000
    KA46K$1            2.626      0.433      6.059      0.000
    KA46L$1            3.325      0.710      4.685      0.000
    KA47A$1            2.046      0.364      5.613      0.000
    KA47H$1            4.225      1.020      4.141      0.000
    KA47I$1            2.705      0.560      4.831      0.000
    KA47K$1            4.650      2.230      2.086      0.037
    KA47L$1            3.714      1.102      3.370      0.001

Latent Class 2

 Thresholds
    KA46A$1           -1.353      0.138     -9.796      0.000
    KA46H$1           -2.718      0.315     -8.628      0.000
    KA46I$1           -3.963      0.676     -5.863      0.000
    KA46K$1           -2.119      0.216     -9.809      0.000
    KA46L$1           -2.896      0.326     -8.883      0.000
    KA47A$1           -2.242      0.192    -11.678      0.000
    KA47H$1           -2.864      0.349     -8.216      0.000
    KA47I$1           -3.677      0.552     -6.656      0.000
    KA47K$1           -1.705      0.225     -7.568      0.000
    KA47L$1           -2.426      0.293     -8.273      0.000

Latent Class 3

 Thresholds
    KA46A$1           -0.160      0.114     -1.400      0.161
    KA46H$1           -0.945      0.166     -5.700      0.000
    KA46I$1           -0.984      0.144     -6.847      0.000
    KA46K$1           -0.432      0.129     -3.351      0.001
    KA46L$1           -0.676      0.150     -4.512      0.000
    KA47A$1            0.184      0.122      1.501      0.133
    KA47H$1            0.785      0.142      5.512      0.000
    KA47I$1            0.214      0.128      1.669      0.095
    KA47K$1            1.568      0.173      9.040      0.000
    KA47L$1            1.139      0.160      7.100      0.000

Categorical Latent Variables

 Means
    C#1               -0.939      0.149     -6.292      0.000
    C#2               -0.262      0.102     -2.575      0.010


QUALITY OF NUMERICAL RESULTS

     Condition Number for the Information Matrix              0.155E-02
       (ratio of smallest to largest eigenvalue)


RESULTS IN PROBABILITY SCALE

                                                    Two-Tailed
                    Estimate       S.E.  Est./S.E.    P-Value

Latent Class 1

 KA46A
    Category 1         0.811      0.034     23.948      0.000
    Category 2         0.189      0.034      5.580      0.000
 KA46H
    Category 1         0.969      0.025     39.068      0.000
    Category 2         0.031      0.025      1.246      0.213
 KA46I
    Category 1         0.861      0.040     21.296      0.000
    Category 2         0.139      0.040      3.433      0.001
 KA46K
    Category 1         0.933      0.027     34.192      0.000
    Category 2         0.067      0.027      2.474      0.013
 KA46L
    Category 1         0.965      0.024     40.588      0.000
    Category 2         0.035      0.024      1.459      0.144
 KA47A
    Category 1         0.886      0.037     23.965      0.000
    Category 2         0.114      0.037      3.098      0.002
 KA47H
    Category 1         0.986      0.014     68.010      0.000
    Category 2         0.014      0.014      0.994      0.320
 KA47I
    Category 1         0.937      0.033     28.494      0.000
    Category 2         0.063      0.033      1.905      0.057
 KA47K
    Category 1         0.991      0.021     47.372      0.000
    Category 2         0.009      0.021      0.453      0.651
 KA47L
    Category 1         0.976      0.026     38.117      0.000
    Category 2         0.024      0.026      0.929      0.353

Latent Class 2

 KA46A
    Category 1         0.205      0.023      9.112      0.000
    Category 2         0.795      0.023     35.253      0.000
 KA46H
    Category 1         0.062      0.018      3.383      0.001
    Category 2         0.938      0.018     51.275      0.000
 KA46I
    Category 1         0.019      0.012      1.507      0.132
    Category 2         0.981      0.012     79.347      0.000
 KA46K
    Category 1         0.107      0.021      5.186      0.000
    Category 2         0.893      0.021     43.148      0.000
 KA46L
    Category 1         0.052      0.016      3.237      0.001
    Category 2         0.948      0.016     58.593      0.000
 KA47A
    Category 1         0.096      0.017      5.762      0.000
    Category 2         0.904      0.017     54.231      0.000
 KA47H
    Category 1         0.054      0.018      3.033      0.002
    Category 2         0.946      0.018     53.150      0.000
 KA47I
    Category 1         0.025      0.013      1.856      0.063
    Category 2         0.975      0.013     73.356      0.000
 KA47K
    Category 1         0.154      0.029      5.246      0.000
    Category 2         0.846      0.029     28.855      0.000
 KA47L
    Category 1         0.081      0.022      3.711      0.000
    Category 2         0.919      0.022     41.992      0.000

Latent Class 3

 KA46A
    Category 1         0.460      0.028     16.263      0.000
    Category 2         0.540      0.028     19.076      0.000
 KA46H
    Category 1         0.280      0.033      8.372      0.000
    Category 2         0.720      0.033     21.547      0.000
 KA46I
    Category 1         0.272      0.028      9.558      0.000
    Category 2         0.728      0.028     25.573      0.000
 KA46K
    Category 1         0.394      0.031     12.799      0.000
    Category 2         0.606      0.031     19.710      0.000
 KA46L
    Category 1         0.337      0.033     10.074      0.000
    Category 2         0.663      0.033     19.800      0.000
 KA47A
    Category 1         0.546      0.030     18.001      0.000
    Category 2         0.454      0.030     14.982      0.000
 KA47H
    Category 1         0.687      0.031     22.423      0.000
    Category 2         0.313      0.031     10.233      0.000
 KA47I
    Category 1         0.553      0.032     17.431      0.000
    Category 2         0.447      0.032     14.067      0.000
 KA47K
    Category 1         0.828      0.025     33.422      0.000
    Category 2         0.172      0.025      6.967      0.000
 KA47L
    Category 1         0.758      0.029     25.705      0.000
    Category 2         0.242      0.029      8.227      0.000


LATENT CLASS INDICATOR ODDS RATIOS FOR THE LATENT CLASSES

                                                95% C.I.
                    Estimate       S.E.  Lower 2.5% Upper 2.5%

Latent Class 1 Compared to Latent Class 2

 KA46A
    Category > 1       0.060      0.016      0.036      0.100
 KA46H
    Category > 1       0.002      0.002      0.000      0.012
 KA46I
    Category > 1       0.003      0.002      0.001      0.013
 KA46K
    Category > 1       0.009      0.004      0.004      0.021
 KA46L
    Category > 1       0.002      0.002      0.000      0.009
 KA47A
    Category > 1       0.014      0.006      0.006      0.030
 KA47H
    Category > 1       0.001      0.001      0.000      0.007
 KA47I
    Category > 1       0.002      0.001      0.000      0.008
 KA47K
    Category > 1       0.002      0.004      0.000      0.128
 KA47L
    Category > 1       0.002      0.002      0.000      0.018

Latent Class 1 Compared to Latent Class 3

 KA46A
    Category > 1       0.199      0.048      0.123      0.320
 KA46H
    Category > 1       0.012      0.010      0.003      0.056
 KA46I
    Category > 1       0.060      0.020      0.031      0.115
 KA46K
    Category > 1       0.047      0.020      0.020      0.108
 KA46L
    Category > 1       0.018      0.013      0.005      0.070
 KA47A
    Category > 1       0.155      0.059      0.074      0.327
 KA47H
    Category > 1       0.032      0.032      0.004      0.234
 KA47I
    Category > 1       0.083      0.047      0.027      0.251
 KA47K
    Category > 1       0.046      0.104      0.001      3.967
 KA47L
    Category > 1       0.076      0.087      0.008      0.710

Latent Class 2 Compared to Latent Class 3

 KA46A
    Category > 1       3.299      0.607      2.300      4.731
 KA46H
    Category > 1       5.888      2.243      2.790     12.424
 KA46I
    Category > 1      19.674     13.797      4.977     77.770
 KA46K
    Category > 1       5.402      1.378      3.277      8.906
 KA46L
    Category > 1       9.211      3.466      4.405     19.258
 KA47A
    Category > 1      11.308      2.538      7.283     17.556
 KA47H
    Category > 1      38.399     12.955     19.821     74.390
 KA47I
    Category > 1      48.972     26.470     16.976    141.267
 KA47K
    Category > 1      26.386      6.892     15.814     44.025
 KA47L
    Category > 1      35.353     11.092     19.114     65.388


RESIDUAL OUTPUT


     RESIDUAL OUTPUT IS NOT AVAILABLE FOR THIS MODEL.  ADDITIONAL OUTPUT FOR
     CATEGORICAL, COUNT, AND NOMINAL VARIABLES MAY BE AVAILABLE USING TECH10.


TECHNICAL 11 OUTPUT

     Random Starts Specifications for the k-1 Class Analysis Model
        Number of initial stage random starts                 500
        Number of final stage optimizations                    10



     VUONG-LO-MENDELL-RUBIN LIKELIHOOD RATIO TEST FOR 2 (H0) VERSUS 3 CLASSES

          H0 Loglikelihood Value                        -5976.598
          2 Times the Loglikelihood Difference            612.007
          Difference in the Number of Parameters               11
          Mean                                             18.469
          Standard Deviation                               30.666
          P-Value                                          0.0000

     LO-MENDELL-RUBIN ADJUSTED LRT TEST

          Value                                           604.186
          P-Value                                          0.0000


TECHNICAL 14 OUTPUT

     Random Starts Specifications for the k-1 Class Analysis Model
        Number of initial stage random starts                 500
        Number of final stage optimizations                    10

     Random Starts Specification for the k-1 Class Model for Generated Data
        Number of initial stage random starts                   0
        Number of final stage optimizations for the
           initial stage random starts                          0
     Random Starts Specification for the k Class Model for Generated Data
        Number of initial stage random starts                  40
        Number of final stage optimizations                     8
     Number of bootstrap draws requested                   Varies


     PARAMETRIC BOOTSTRAPPED LIKELIHOOD RATIO TEST FOR 2 (H0) VERSUS 3 CLASSES

          H0 Loglikelihood Value                        -5976.598
          2 Times the Loglikelihood Difference            612.007
          Difference in the Number of Parameters               11
          Approximate P-Value                              0.0000
          Successful Bootstrap Draws                            5


PLOT INFORMATION

The following plots are available:

  Histograms (sample values)
  Scatterplots (sample values)
  Sample proportions and estimated probabilities

     Beginning Time:  18:27:17
        Ending Time:  18:27:30
       Elapsed Time:  00:00:13



MUTHEN & MUTHEN
3463 Stoner Ave.
Los Angeles, CA  90066

Tel: (310) 391-9971
Fax: (310) 391-8971
Web: www.StatModel.com
Support: Support@StatModel.com

Copyright (c) 1998-2024 Muthen & Muthen
