Mplus VERSION 8.11 (Mac)
MUTHEN & MUTHEN
06/14/2025   6:28 PM

INPUT INSTRUCTIONS

  TITLE:
  8-Class LCA for LCA 12th Grade
  DATA:
  FILE = "/Users/brucecarter/Library/CloudStorage/Box-Box/TC_LTA/g12_enum/lsay_g12.dat";

  VARIABLE:
  NAMES = KA46A KA46H KA46I KA46K KA46L KA47A KA47H KA47I KA47K KA47L;
   MISSING=.;
   categorical = KA46A KA46H KA46I KA46K KA46L KA47A KA47H KA47I KA47K KA47L;
  usevar = KA46A KA46H KA46I KA46K KA46L KA47A KA47H KA47I KA47K KA47L;
  missing = all(9999);
  classes = c(8);
  ANALYSIS:

        estimator = mlr;
        type = mixture;
        starts = 500 10;
        processors = 10;
  OUTPUT:
  sampstat; residual; tech11; tech14;
  PLOT:

        type = plot3;
        series = KA46A KA46H KA46I KA46K KA46L KA47A
                 KA47H KA47I KA47K KA47L (*);



*** WARNING in OUTPUT command
  SAMPSTAT option is not available when all outcomes are censored, ordered
  categorical, unordered categorical (nominal), count or continuous-time
  survival variables.  Request for SAMPSTAT is ignored.
*** WARNING
  Data set contains cases with missing on all variables.
  These cases were not included in the analysis.
  Number of cases with missing on all variables:  790
   2 WARNING(S) FOUND IN THE INPUT INSTRUCTIONS




8-Class LCA for LCA 12th Grade

SUMMARY OF ANALYSIS

Number of groups                                                 1
Number of observations                                        1122

Number of dependent variables                                   10
Number of independent variables                                  0
Number of continuous latent variables                            0
Number of categorical latent variables                           1

Observed dependent variables

  Binary and ordered categorical (ordinal)
   KA46A       KA46H       KA46I       KA46K       KA46L       KA47A
   KA47H       KA47I       KA47K       KA47L

Categorical latent variables
   C


Estimator                                                      MLR
Information matrix                                        OBSERVED
Optimization Specifications for the Quasi-Newton Algorithm for
Continuous Outcomes
  Maximum number of iterations                                 100
  Convergence criterion                                  0.100D-05
Optimization Specifications for the EM Algorithm
  Maximum number of iterations                                 500
  Convergence criteria
    Loglikelihood change                                 0.100D-06
    Relative loglikelihood change                        0.100D-06
    Derivative                                           0.100D-05
Optimization Specifications for the M step of the EM Algorithm for
Categorical Latent variables
  Number of M step iterations                                    1
  M step convergence criterion                           0.100D-05
  Basis for M step termination                           ITERATION
Optimization Specifications for the M step of the EM Algorithm for
Censored, Binary or Ordered Categorical (Ordinal), Unordered
Categorical (Nominal) and Count Outcomes
  Number of M step iterations                                    1
  M step convergence criterion                           0.100D-05
  Basis for M step termination                           ITERATION
  Maximum value for logit thresholds                            15
  Minimum value for logit thresholds                           -15
  Minimum expected cell size for chi-square              0.100D-01
Maximum number of iterations for H1                           2000
Convergence criterion for H1                             0.100D-03
Optimization algorithm                                         EMA
Random Starts Specifications
  Number of initial stage random starts                        500
  Number of final stage optimizations                           10
  Number of initial stage iterations                            10
  Initial stage convergence criterion                    0.100D+01
  Random starts scale                                    0.500D+01
  Random seed for generating random starts                       0
Link                                                         LOGIT

Input data file(s)
  /Users/brucecarter/Library/CloudStorage/Box-Box/TC_LTA/g12_enum/lsay_g12.dat
Input data format  FREE


SUMMARY OF DATA

     Number of missing data patterns            20
     Number of y missing data patterns           0
     Number of u missing data patterns          20


COVARIANCE COVERAGE OF DATA

Minimum covariance coverage value   0.100


     PROPORTION OF DATA PRESENT FOR U


           Covariance Coverage
              KA46A         KA46H         KA46I         KA46K         KA46L
              ________      ________      ________      ________      ________
 KA46A          0.998
 KA46H          0.990         0.990
 KA46I          0.987         0.986         0.988
 KA46K          0.985         0.984         0.980         0.985
 KA46L          0.984         0.983         0.980         0.978         0.984
 KA47A          0.984         0.981         0.979         0.976         0.975
 KA47H          0.979         0.977         0.973         0.971         0.971
 KA47I          0.980         0.979         0.975         0.973         0.972
 KA47K          0.979         0.977         0.973         0.971         0.971
 KA47L          0.982         0.980         0.977         0.975         0.974


           Covariance Coverage
              KA47A         KA47H         KA47I         KA47K         KA47L
              ________      ________      ________      ________      ________
 KA47A          0.985
 KA47H          0.978         0.980
 KA47I          0.979         0.975         0.980
 KA47K          0.978         0.974         0.976         0.980
 KA47L          0.981         0.978         0.979         0.978         0.983


UNIVARIATE PROPORTIONS AND COUNTS FOR CATEGORICAL VARIABLES

    KA46A
      Category 1    0.433          485.000
      Category 2    0.567          635.000
    KA46H
      Category 1    0.327          363.000
      Category 2    0.673          748.000
    KA46I
      Category 1    0.288          319.000
      Category 2    0.712          789.000
    KA46K
      Category 1    0.389          430.000
      Category 2    0.611          675.000
    KA46L
      Category 1    0.349          385.000
      Category 2    0.651          719.000
    KA47A
      Category 1    0.448          495.000
      Category 2    0.552          610.000
    KA47H
      Category 1    0.515          566.000
      Category 2    0.485          533.000
    KA47I
      Category 1    0.435          479.000
      Category 2    0.565          621.000
    KA47K
      Category 1    0.617          678.000
      Category 2    0.383          421.000
    KA47L
      Category 1    0.557          614.000
      Category 2    0.443          489.000


RANDOM STARTS RESULTS RANKED FROM THE BEST TO THE WORST LOGLIKELIHOOD VALUES

Final stage loglikelihood values at local maxima, seeds, and initial stage start numbers:

           -5395.532  418686           338
           -5397.310  51375            148
           -5397.311  499150           216
           -5398.708  508482           446
           -5399.930  393232           152
           -5400.458  27071            15
           -5400.463  259507           53
           -5401.156  769907           457
           -5403.971  840031           276
           -5405.328  443442           380



     WARNING:  THE BEST LOGLIKELIHOOD VALUE WAS NOT REPLICATED.  THE
     SOLUTION MAY NOT BE TRUSTWORTHY DUE TO LOCAL MAXIMA.  INCREASE THE
     NUMBER OF RANDOM STARTS.

     IN THE OPTIMIZATION, ONE OR MORE LOGIT THRESHOLDS APPROACHED EXTREME VALUES
     OF -15.000 AND 15.000 AND WERE FIXED TO STABILIZE MODEL ESTIMATION.  THESE
     VALUES IMPLY PROBABILITIES OF 0 AND 1.  IN THE MODEL RESULTS SECTION, THESE
     PARAMETERS HAVE 0 STANDARD ERRORS AND 999 IN THE Z-SCORE AND P-VALUE COLUMNS.




THE MODEL ESTIMATION TERMINATED NORMALLY



MODEL FIT INFORMATION

Number of Free Parameters                       87

Loglikelihood

          H0 Value                       -5395.532
          H0 Scaling Correction Factor      1.1293
            for MLR

Information Criteria

          Akaike (AIC)                   10965.064
          Bayesian (BIC)                 11402.053
          Sample-Size Adjusted BIC       11125.718
            (n* = (n + 2) / 24)

Chi-Square Test of Model Fit for the Binary and Ordered Categorical
(Ordinal) Outcomes**

          Pearson Chi-Square

          Value                           1267.777
          Degrees of Freedom                   920
          P-Value                           0.0000

          Likelihood Ratio Chi-Square

          Value                            812.287
          Degrees of Freedom                   920
          P-Value                           0.9953

** Of the 6568 cells in the latent class indicator table, 16
   were deleted in the calculation of chi-square due to extreme values.

Chi-Square Test for MCAR under the Unrestricted Latent Class Indicator Model

          Pearson Chi-Square

          Value                            590.701
          Degrees of Freedom                  5525
          P-Value                           1.0000

          Likelihood Ratio Chi-Square

          Value                            171.022
          Degrees of Freedom                  5525
          P-Value                           1.0000



FINAL CLASS COUNTS AND PROPORTIONS FOR THE LATENT CLASSES
BASED ON THE ESTIMATED MODEL

    Latent
   Classes

       1         60.82155          0.05421
       2        314.14323          0.27999
       3        129.07091          0.11504
       4        180.42247          0.16080
       5         70.28446          0.06264
       6        105.97681          0.09445
       7        131.39734          0.11711
       8        129.88322          0.11576


FINAL CLASS COUNTS AND PROPORTIONS FOR THE LATENT CLASSES
BASED ON ESTIMATED POSTERIOR PROBABILITIES

    Latent
   Classes

       1         60.82155          0.05421
       2        314.14323          0.27999
       3        129.07091          0.11504
       4        180.42247          0.16080
       5         70.28446          0.06264
       6        105.97681          0.09445
       7        131.39734          0.11711
       8        129.88322          0.11576


FINAL CLASS COUNTS AND PROPORTIONS FOR THE LATENT CLASSES
BASED ON THEIR MOST LIKELY LATENT CLASS MEMBERSHIP

Class Counts and Proportions

    Latent
   Classes

       1               54          0.04813
       2              322          0.28699
       3              146          0.13012
       4              174          0.15508
       5               75          0.06684
       6               94          0.08378
       7              114          0.10160
       8              143          0.12745


CLASSIFICATION QUALITY

     Entropy                         0.836


Average Latent Class Probabilities for Most Likely Latent Class Membership (Row)
by Latent Class (Column)

           1        2        3        4        5        6        7        8

    1   0.848    0.004    0.000    0.023    0.000    0.003    0.119    0.003
    2   0.003    0.960    0.000    0.007    0.000    0.001    0.024    0.005
    3   0.003    0.004    0.868    0.005    0.044    0.071    0.004    0.002
    4   0.004    0.004    0.000    0.871    0.036    0.033    0.025    0.027
    5   0.016    0.000    0.018    0.073    0.721    0.088    0.079    0.005
    6   0.035    0.000    0.011    0.050    0.014    0.858    0.031    0.000
    7   0.047    0.031    0.000    0.012    0.020    0.017    0.856    0.017
    8   0.021    0.000    0.000    0.091    0.000    0.002    0.041    0.845


Classification Probabilities for the Most Likely Latent Class Membership (Column)
by Latent Class (Row)

           1        2        3        4        5        6        7        8

    1   0.753    0.016    0.007    0.012    0.020    0.054    0.088    0.049
    2   0.001    0.984    0.002    0.002    0.000    0.000    0.011    0.000
    3   0.000    0.000    0.981    0.000    0.010    0.008    0.000    0.000
    4   0.007    0.013    0.004    0.840    0.030    0.026    0.008    0.072
    5   0.000    0.001    0.091    0.088    0.769    0.019    0.032    0.000
    6   0.001    0.002    0.097    0.055    0.062    0.761    0.018    0.003
    7   0.049    0.058    0.005    0.033    0.045    0.022    0.743    0.044
    8   0.001    0.011    0.002    0.036    0.003    0.000    0.015    0.930


Logits for the Classification Probabilities for the Most Likely Latent Class Membership (Column)
by Latent Class (Row)

              1        2        3        4        5        6        7        8

    1      2.743   -1.097   -1.986   -1.363   -0.882    0.114    0.601    0.000
    2      6.432   13.800    7.448    7.660    0.000    0.000    9.316    0.000
    3      0.000    5.731   13.797    0.000    9.230    9.010    1.767    0.000
    4     -2.375   -1.730   -2.857    2.451   -0.876   -1.013   -2.236    0.000
    5     -5.765    0.687    5.657    5.620    7.788    4.071    4.603    0.000
    6     -0.734   -0.143    3.521    2.942    3.074    5.576    1.825    0.000
    7      0.101    0.267   -2.216   -0.290    0.021   -0.693    2.817    0.000
    8     -6.538   -4.401   -6.107   -3.240   -5.723   -8.811   -4.109    0.000


MODEL RESULTS

                                                    Two-Tailed
                    Estimate       S.E.  Est./S.E.    P-Value

Latent Class 1

 Thresholds
    KA46A$1            0.683      0.589      1.160      0.246
    KA46H$1           -0.980      1.057     -0.927      0.354
    KA46I$1           -2.241      0.949     -2.360      0.018
    KA46K$1            0.374      0.548      0.682      0.495
    KA46L$1            2.433      1.328      1.832      0.067
    KA47A$1           -0.338      0.399     -0.845      0.398
    KA47H$1           -2.264      4.058     -0.558      0.577
    KA47I$1           -1.222      0.558     -2.189      0.029
    KA47K$1            1.615      1.292      1.250      0.211
    KA47L$1            2.080      1.335      1.558      0.119

Latent Class 2

 Thresholds
    KA46A$1           -1.396      0.149     -9.383      0.000
    KA46H$1           -3.556      0.450     -7.907      0.000
    KA46I$1          -15.000      0.000    999.000    999.000
    KA46K$1           -3.086      0.307    -10.066      0.000
    KA46L$1           -3.688      0.468     -7.877      0.000
    KA47A$1           -2.039      0.189    -10.771      0.000
    KA47H$1           -3.419      0.471     -7.252      0.000
    KA47I$1           -4.174      0.607     -6.878      0.000
    KA47K$1          -15.000      0.000    999.000    999.000
    KA47L$1           -2.690      0.250    -10.746      0.000

Latent Class 3

 Thresholds
    KA46A$1            2.219      0.669      3.315      0.001
    KA46H$1           15.000      0.000    999.000    999.000
    KA46I$1           15.000      0.000    999.000    999.000
    KA46K$1            3.541      1.109      3.192      0.001
    KA46L$1           15.000      0.000    999.000    999.000
    KA47A$1            3.276      1.209      2.711      0.007
    KA47H$1           15.000      0.000    999.000    999.000
    KA47I$1            7.760     54.967      0.141      0.888
    KA47K$1           15.000      0.000    999.000    999.000
    KA47L$1            6.096      4.264      1.430      0.153

Latent Class 4

 Thresholds
    KA46A$1           -0.575      0.184     -3.129      0.002
    KA46H$1           -2.214      0.425     -5.203      0.000
    KA46I$1           -1.800      0.481     -3.746      0.000
    KA46K$1           -1.810      0.416     -4.350      0.000
    KA46L$1           -2.788      0.602     -4.631      0.000
    KA47A$1            1.416      0.319      4.435      0.000
    KA47H$1            2.816      0.670      4.203      0.000
    KA47I$1            1.158      0.326      3.547      0.000
    KA47K$1            2.341      0.399      5.868      0.000
    KA47L$1            2.856      0.566      5.048      0.000

Latent Class 5

 Thresholds
    KA46A$1            1.375      0.837      1.643      0.100
    KA46H$1            0.040      0.355      0.112      0.911
    KA46I$1           15.000      0.000    999.000    999.000
    KA46K$1           -0.009      0.373     -0.023      0.981
    KA46L$1           -0.246      0.419     -0.588      0.557
    KA47A$1            0.745      0.362      2.061      0.039
    KA47H$1            0.995      0.571      1.744      0.081
    KA47I$1           15.000      0.000    999.000    999.000
    KA47K$1            2.518      0.776      3.246      0.001
    KA47L$1            1.560      0.630      2.474      0.013

Latent Class 6

 Thresholds
    KA46A$1           -0.014      0.345     -0.040      0.968
    KA46H$1            1.308      0.713      1.835      0.066
    KA46I$1           -0.864      1.012     -0.854      0.393
    KA46K$1            1.961      0.524      3.743      0.000
    KA46L$1            1.701      0.586      2.904      0.004
    KA47A$1            0.786      0.301      2.610      0.009
    KA47H$1           15.000      0.000    999.000    999.000
    KA47I$1            0.683      0.455      1.500      0.134
    KA47K$1           15.000      0.000    999.000    999.000
    KA47L$1            3.474      1.461      2.378      0.017

Latent Class 7

 Thresholds
    KA46A$1           -0.102      0.357     -0.284      0.776
    KA46H$1            0.257      0.322      0.798      0.425
    KA46I$1           -0.311      0.332     -0.938      0.348
    KA46K$1           -0.126      0.345     -0.366      0.715
    KA46L$1            0.064      0.496      0.129      0.897
    KA47A$1           -1.263      0.362     -3.485      0.000
    KA47H$1            0.207      0.304      0.682      0.496
    KA47I$1           -0.418      0.299     -1.399      0.162
    KA47K$1           -0.574      0.447     -1.284      0.199
    KA47L$1           -1.400      0.913     -1.534      0.125

Latent Class 8

 Thresholds
    KA46A$1           -1.183      0.277     -4.264      0.000
    KA46H$1           -4.962      3.911     -1.269      0.205
    KA46I$1           -3.181      0.707     -4.499      0.000
    KA46K$1           -0.564      0.235     -2.399      0.016
    KA46L$1          -15.000      0.000    999.000    999.000
    KA47A$1           -1.604      0.347     -4.620      0.000
    KA47H$1           -1.027      0.320     -3.207      0.001
    KA47I$1           -2.425      0.483     -5.017      0.000
    KA47K$1           15.000      0.000    999.000    999.000
    KA47L$1           -0.014      0.262     -0.052      0.958

Categorical Latent Variables

 Means
    C#1               -0.759      0.682     -1.113      0.266
    C#2                0.883      0.144      6.129      0.000
    C#3               -0.006      0.216     -0.029      0.977
    C#4                0.329      0.190      1.732      0.083
    C#5               -0.614      0.296     -2.074      0.038
    C#6               -0.203      0.237     -0.857      0.391
    C#7                0.012      0.326      0.036      0.972


QUALITY OF NUMERICAL RESULTS

     Condition Number for the Information Matrix              0.224E-05
       (ratio of smallest to largest eigenvalue)


RESULTS IN PROBABILITY SCALE

                                                    Two-Tailed
                    Estimate       S.E.  Est./S.E.    P-Value

Latent Class 1

 KA46A
    Category 1         0.664      0.131      5.058      0.000
    Category 2         0.336      0.131      2.554      0.011
 KA46H
    Category 1         0.273      0.210      1.301      0.193
    Category 2         0.727      0.210      3.467      0.001
 KA46I
    Category 1         0.096      0.083      1.165      0.244
    Category 2         0.904      0.083     10.955      0.000
 KA46K
    Category 1         0.592      0.132      4.473      0.000
    Category 2         0.408      0.132      3.078      0.002
 KA46L
    Category 1         0.919      0.099      9.332      0.000
    Category 2         0.081      0.099      0.819      0.413
 KA47A
    Category 1         0.416      0.097      4.290      0.000
    Category 2         0.584      0.097      6.013      0.000
 KA47H
    Category 1         0.094      0.346      0.272      0.786
    Category 2         0.906      0.346      2.617      0.009
 KA47I
    Category 1         0.228      0.098      2.319      0.020
    Category 2         0.772      0.098      7.869      0.000
 KA47K
    Category 1         0.834      0.179      4.666      0.000
    Category 2         0.166      0.179      0.928      0.354
 KA47L
    Category 1         0.889      0.132      6.746      0.000
    Category 2         0.111      0.132      0.842      0.400

Latent Class 2

 KA46A
    Category 1         0.198      0.024      8.386      0.000
    Category 2         0.802      0.024     33.869      0.000
 KA46H
    Category 1         0.028      0.012      2.287      0.022
    Category 2         0.972      0.012     80.101      0.000
 KA46I
    Category 1         0.000      0.000      0.000      1.000
    Category 2         1.000      0.000      0.000      1.000
 KA46K
    Category 1         0.044      0.013      3.411      0.001
    Category 2         0.956      0.013     74.660      0.000
 KA46L
    Category 1         0.024      0.011      2.190      0.029
    Category 2         0.976      0.011     87.466      0.000
 KA47A
    Category 1         0.115      0.019      5.972      0.000
    Category 2         0.885      0.019     45.861      0.000
 KA47H
    Category 1         0.032      0.014      2.191      0.028
    Category 2         0.968      0.014     66.905      0.000
 KA47I
    Category 1         0.015      0.009      1.673      0.094
    Category 2         0.985      0.009    108.753      0.000
 KA47K
    Category 1         0.000      0.000      0.000      1.000
    Category 2         1.000      0.000      0.000      1.000
 KA47L
    Category 1         0.064      0.015      4.265      0.000
    Category 2         0.936      0.015     62.860      0.000

Latent Class 3

 KA46A
    Category 1         0.902      0.059     15.237      0.000
    Category 2         0.098      0.059      1.656      0.098
 KA46H
    Category 1         1.000      0.000      0.000      1.000
    Category 2         0.000      0.000      0.000      1.000
 KA46I
    Category 1         1.000      0.000      0.000      1.000
    Category 2         0.000      0.000      0.000      1.000
 KA46K
    Category 1         0.972      0.030     32.010      0.000
    Category 2         0.028      0.030      0.927      0.354
 KA46L
    Category 1         1.000      0.000      0.000      1.000
    Category 2         0.000      0.000      0.000      1.000
 KA47A
    Category 1         0.964      0.042     22.734      0.000
    Category 2         0.036      0.042      0.859      0.391
 KA47H
    Category 1         1.000      0.000      0.000      1.000
    Category 2         0.000      0.000      0.000      1.000
 KA47I
    Category 1         1.000      0.023     42.684      0.000
    Category 2         0.000      0.023      0.018      0.985
 KA47K
    Category 1         1.000      0.000      0.000      1.000
    Category 2         0.000      0.000      0.000      1.000
 KA47L
    Category 1         0.998      0.010    104.407      0.000
    Category 2         0.002      0.010      0.235      0.814

Latent Class 4

 KA46A
    Category 1         0.360      0.042      8.503      0.000
    Category 2         0.640      0.042     15.112      0.000
 KA46H
    Category 1         0.099      0.038      2.607      0.009
    Category 2         0.901      0.038     23.856      0.000
 KA46I
    Category 1         0.142      0.058      2.425      0.015
    Category 2         0.858      0.058     14.669      0.000
 KA46K
    Category 1         0.141      0.050      2.797      0.005
    Category 2         0.859      0.050     17.088      0.000
 KA46L
    Category 1         0.058      0.033      1.763      0.078
    Category 2         0.942      0.033     28.654      0.000
 KA47A
    Category 1         0.805      0.050     16.038      0.000
    Category 2         0.195      0.050      3.893      0.000
 KA47H
    Category 1         0.944      0.036     26.436      0.000
    Category 2         0.056      0.036      1.582      0.114
 KA47I
    Category 1         0.761      0.059     12.815      0.000
    Category 2         0.239      0.059      4.026      0.000
 KA47K
    Category 1         0.912      0.032     28.553      0.000
    Category 2         0.088      0.032      2.748      0.006
 KA47L
    Category 1         0.946      0.029     32.505      0.000
    Category 2         0.054      0.029      1.869      0.062

Latent Class 5

 KA46A
    Category 1         0.798      0.135      5.920      0.000
    Category 2         0.202      0.135      1.496      0.135
 KA46H
    Category 1         0.510      0.089      5.748      0.000
    Category 2         0.490      0.089      5.525      0.000
 KA46I
    Category 1         1.000      0.000      0.000      1.000
    Category 2         0.000      0.000      0.000      1.000
 KA46K
    Category 1         0.498      0.093      5.342      0.000
    Category 2         0.502      0.093      5.389      0.000
 KA46L
    Category 1         0.439      0.103      4.254      0.000
    Category 2         0.561      0.103      5.442      0.000
 KA47A
    Category 1         0.678      0.079      8.593      0.000
    Category 2         0.322      0.079      4.078      0.000
 KA47H
    Category 1         0.730      0.112      6.493      0.000
    Category 2         0.270      0.112      2.400      0.016
 KA47I
    Category 1         1.000      0.000      0.000      1.000
    Category 2         0.000      0.000      0.000      1.000
 KA47K
    Category 1         0.925      0.054     17.278      0.000
    Category 2         0.075      0.054      1.393      0.164
 KA47L
    Category 1         0.826      0.090      9.135      0.000
    Category 2         0.174      0.090      1.919      0.055

Latent Class 6

 KA46A
    Category 1         0.497      0.086      5.758      0.000
    Category 2         0.503      0.086      5.838      0.000
 KA46H
    Category 1         0.787      0.119      6.592      0.000
    Category 2         0.213      0.119      1.782      0.075
 KA46I
    Category 1         0.296      0.211      1.404      0.160
    Category 2         0.704      0.211      3.333      0.001
 KA46K
    Category 1         0.877      0.057     15.472      0.000
    Category 2         0.123      0.057      2.178      0.029
 KA46L
    Category 1         0.846      0.076     11.060      0.000
    Category 2         0.154      0.076      2.019      0.044
 KA47A
    Category 1         0.687      0.065     10.608      0.000
    Category 2         0.313      0.065      4.833      0.000
 KA47H
    Category 1         1.000      0.000      0.000      1.000
    Category 2         0.000      0.000      0.000      1.000
 KA47I
    Category 1         0.664      0.102      6.544      0.000
    Category 2         0.336      0.102      3.306      0.001
 KA47K
    Category 1         1.000      0.000      0.000      1.000
    Category 2         0.000      0.000      0.000      1.000
 KA47L
    Category 1         0.970      0.043     22.774      0.000
    Category 2         0.030      0.043      0.706      0.480

Latent Class 7

 KA46A
    Category 1         0.475      0.089      5.325      0.000
    Category 2         0.525      0.089      5.894      0.000
 KA46H
    Category 1         0.564      0.079      7.130      0.000
    Category 2         0.436      0.079      5.516      0.000
 KA46I
    Category 1         0.423      0.081      5.223      0.000
    Category 2         0.577      0.081      7.130      0.000
 KA46K
    Category 1         0.469      0.086      5.458      0.000
    Category 2         0.531      0.086      6.191      0.000
 KA46L
    Category 1         0.516      0.124      4.164      0.000
    Category 2         0.484      0.124      3.905      0.000
 KA47A
    Category 1         0.221      0.062      3.541      0.000
    Category 2         0.779      0.062     12.517      0.000
 KA47H
    Category 1         0.552      0.075      7.341      0.000
    Category 2         0.448      0.075      5.968      0.000
 KA47I
    Category 1         0.397      0.072      5.551      0.000
    Category 2         0.603      0.072      8.431      0.000
 KA47K
    Category 1         0.360      0.103      3.494      0.000
    Category 2         0.640      0.103      6.205      0.000
 KA47L
    Category 1         0.198      0.145      1.366      0.172
    Category 2         0.802      0.145      5.540      0.000

Latent Class 8

 KA46A
    Category 1         0.235      0.050      4.711      0.000
    Category 2         0.765      0.050     15.370      0.000
 KA46H
    Category 1         0.007      0.027      0.257      0.797
    Category 2         0.993      0.027     36.790      0.000
 KA46I
    Category 1         0.040      0.027      1.473      0.141
    Category 2         0.960      0.027     35.457      0.000
 KA46K
    Category 1         0.363      0.054      6.675      0.000
    Category 2         0.637      0.054     11.731      0.000
 KA46L
    Category 1         0.000      0.000      0.000      1.000
    Category 2         1.000      0.000      0.000      1.000
 KA47A
    Category 1         0.167      0.048      3.461      0.001
    Category 2         0.833      0.048     17.202      0.000
 KA47H
    Category 1         0.264      0.062      4.239      0.000
    Category 2         0.736      0.062     11.842      0.000
 KA47I
    Category 1         0.081      0.036      2.252      0.024
    Category 2         0.919      0.036     25.453      0.000
 KA47K
    Category 1         1.000      0.000      0.000      1.000
    Category 2         0.000      0.000      0.000      1.000
 KA47L
    Category 1         0.497      0.066      7.571      0.000
    Category 2         0.503      0.066      7.676      0.000


LATENT CLASS INDICATOR ODDS RATIOS FOR THE LATENT CLASSES

                                                95% C.I.
                    Estimate       S.E.  Lower 2.5% Upper 2.5%

Latent Class 1 Compared to Latent Class 2

 KA46A
    Category > 1       0.125      0.076      0.038      0.411
 KA46H
    Category > 1       0.076      0.088      0.008      0.726
 KA46I
    Category > 1       0.000      0.000      0.000      0.000
 KA46K
    Category > 1       0.031      0.020      0.009      0.107
 KA46L
    Category > 1       0.002      0.003      0.000      0.035
 KA47A
    Category > 1       0.183      0.081      0.077      0.435
 KA47H
    Category > 1       0.315      1.314      0.000   1124.896
 KA47I
    Category > 1       0.052      0.044      0.010      0.272
 KA47K
    Category > 1       0.000      0.000      0.000      0.000
 KA47L
    Category > 1       0.008      0.012      0.001      0.124

Latent Class 1 Compared to Latent Class 3

 KA46A
    Category > 1       4.646      3.625      1.007     21.438
 KA46H
    Category > 1   *********      0.000  *********  *********
 KA46I
    Category > 1   *********      0.000  *********  *********
 KA46K
    Category > 1      23.746     29.619      2.060    273.737
 KA46L
    Category > 1   *********      0.000  *********  *********
 KA47A
    Category > 1      37.113     48.943      2.799    492.131
 KA47H
    Category > 1   *********      0.000  *********  *********
 KA47I
    Category > 1    7957.830  *********      0.000  *********
 KA47K
    Category > 1   *********      0.000  *********  *********
 KA47L
    Category > 1      55.461    257.738      0.006  *********

Latent Class 1 Compared to Latent Class 4

 KA46A
    Category > 1       0.284      0.176      0.085      0.954
 KA46H
    Category > 1       0.291      0.313      0.036      2.387
 KA46I
    Category > 1       1.554      1.737      0.174     13.890
 KA46K
    Category > 1       0.113      0.074      0.031      0.410
 KA46L
    Category > 1       0.005      0.008      0.000      0.106
 KA47A
    Category > 1       5.775      3.038      2.060     16.194
 KA47H
    Category > 1     160.775    657.630      0.053  *********
 KA47I
    Category > 1      10.801      7.069      2.995     38.955
 KA47K
    Category > 1       2.066      2.844      0.139     30.676
 KA47L
    Category > 1       2.171      3.346      0.106     44.507

Latent Class 1 Compared to Latent Class 5

 KA46A
    Category > 1       1.998      1.764      0.354     11.278
 KA46H
    Category > 1       2.773      3.096      0.311     24.740
 KA46I
    Category > 1   *********      0.000  *********  *********
 KA46K
    Category > 1       0.682      0.433      0.196      2.368
 KA46L
    Category > 1       0.069      0.099      0.004      1.172
 KA47A
    Category > 1       2.954      1.580      1.035      8.427
 KA47H
    Category > 1      26.016    110.364      0.006  *********
 KA47I
    Category > 1   *********      0.000  *********  *********
 KA47K
    Category > 1       2.466      3.710      0.129     47.065
 KA47L
    Category > 1       0.594      0.801      0.042      8.344

Latent Class 1 Compared to Latent Class 6

 KA46A
    Category > 1       0.498      0.384      0.110      2.256
 KA46H
    Category > 1       9.856      8.560      1.796     54.074
 KA46I
    Category > 1       3.960      5.506      0.260     60.433
 KA46K
    Category > 1       4.888      3.652      1.130     21.137
 KA46L
    Category > 1       0.481      0.712      0.026      8.737
 KA47A
    Category > 1       3.077      1.562      1.137      8.325
 KA47H
    Category > 1   *********      0.000  *********  *********
 KA47I
    Category > 1       6.717      4.526      1.793     25.163
 KA47K
    Category > 1   *********      0.000  *********  *********
 KA47L
    Category > 1       4.030      6.651      0.159    102.368

Latent Class 1 Compared to Latent Class 7

 KA46A
    Category > 1       0.456      0.366      0.095      2.198
 KA46H
    Category > 1       3.445      4.224      0.311     38.109
 KA46I
    Category > 1       6.886      6.412      1.110     42.716
 KA46K
    Category > 1       0.607      0.460      0.137      2.681
 KA46L
    Category > 1       0.094      0.133      0.006      1.507
 KA47A
    Category > 1       0.397      0.214      0.138      1.141
 KA47H
    Category > 1      11.831     47.508      0.005  30982.977
 KA47I
    Category > 1       2.234      1.329      0.696      7.167
 KA47K
    Category > 1       0.112      0.141      0.009      1.330
 KA47L
    Category > 1       0.031      0.036      0.003      0.299

Latent Class 1 Compared to Latent Class 8

 KA46A
    Category > 1       0.155      0.106      0.040      0.596
 KA46H
    Category > 1       0.019      0.075      0.000     47.150
 KA46I
    Category > 1       0.391      0.468      0.037      4.082
 KA46K
    Category > 1       0.391      0.242      0.117      1.314
 KA46L
    Category > 1       0.000      0.000      0.000      0.000
 KA47A
    Category > 1       0.282      0.150      0.099      0.802
 KA47H
    Category > 1       3.443     13.981      0.001   9862.247
 KA47I
    Category > 1       0.300      0.224      0.069      1.298
 KA47K
    Category > 1   *********      0.000  *********  *********
 KA47L
    Category > 1       0.123      0.168      0.008      1.794

Latent Class 2 Compared to Latent Class 3

 KA46A
    Category > 1      37.155     25.363      9.749    141.604
 KA46H
    Category > 1   *********      0.000  *********  *********
 KA46I
    Category > 1   *********      0.000  *********  *********
 KA46K
    Category > 1     755.416    875.105     78.001   7315.961
 KA46L
    Category > 1   *********      0.000  *********  *********
 KA47A
    Category > 1     203.329    248.187     18.586   2224.375
 KA47H
    Category > 1   *********      0.000  *********  *********
 KA47I
    Category > 1   *********  *********      0.000  *********
 KA47K
    Category > 1   *********      0.000  *********  *********
 KA47L
    Category > 1    6546.033  27928.561      1.529  *********

Latent Class 2 Compared to Latent Class 4

 KA46A
    Category > 1       2.272      0.539      1.428      3.617
 KA46H
    Category > 1       3.828      2.457      1.088     13.471
 KA46I
    Category > 1   *********      0.000  *********  *********
 KA46K
    Category > 1       3.582      1.886      1.276     10.053
 KA46L
    Category > 1       2.458      1.873      0.552     10.948
 KA47A
    Category > 1      31.640     11.603     15.420     64.921
 KA47H
    Category > 1     510.523    419.985    101.802   2560.205
 KA47I
    Category > 1     206.911    143.747     53.017    807.513
 KA47K
    Category > 1   *********      0.000  *********  *********
 KA47L
    Category > 1     256.270    155.313     78.130    840.583

Latent Class 2 Compared to Latent Class 5

 KA46A
    Category > 1      15.979     13.518      3.044     83.880
 KA46H
    Category > 1      36.440     20.100     12.361    107.424
 KA46I
    Category > 1   *********      0.000  *********  *********
 KA46K
    Category > 1      21.697     10.457      8.436     55.802
 KA46L
    Category > 1      31.227     19.806      9.008    108.250
 KA47A
    Category > 1      16.181      6.630      7.249     36.122
 KA47H
    Category > 1      82.610     57.565     21.081    323.730
 KA47I
    Category > 1   *********      0.000  *********  *********
 KA47K
    Category > 1   *********      0.000  *********  *********
 KA47L
    Category > 1      70.146     48.022     18.334    268.379

Latent Class 2 Compared to Latent Class 6

 KA46A
    Category > 1       3.983      1.509      1.895      8.370
 KA46H
    Category > 1     129.538    113.700     23.187    723.672
 KA46I
    Category > 1   *********      0.000  *********  *********
 KA46K
    Category > 1     155.497     93.859     47.634    507.603
 KA46L
    Category > 1     218.877    166.446     49.305    971.658
 KA47A
    Category > 1      16.856      5.999      8.391     33.861
 KA47H
    Category > 1   *********      0.000  *********  *********
 KA47I
    Category > 1     128.676    103.197     26.720    619.676
 KA47K
    Category > 1   *********      0.000  *********  *********
 KA47L
    Category > 1     475.691    706.150     25.925   8728.363

Latent Class 2 Compared to Latent Class 7

 KA46A
    Category > 1       3.649      1.444      1.680      7.926
 KA46H
    Category > 1      45.275     25.474     15.029    136.392
 KA46I
    Category > 1   *********      0.000  *********  *********
 KA46K
    Category > 1      19.295      8.905      7.809     47.674
 KA46L
    Category > 1      42.592     28.689     11.375    159.477
 KA47A
    Category > 1       2.172      0.911      0.955      4.940
 KA47H
    Category > 1      37.568     21.810     12.041    117.215
 KA47I
    Category > 1      42.799     30.608     10.536    173.858
 KA47K
    Category > 1   *********      0.000  *********  *********
 KA47L
    Category > 1       3.634      3.496      0.552     23.943

Latent Class 2 Compared to Latent Class 8

 KA46A
    Category > 1       1.238      0.386      0.672      2.281
 KA46H
    Category > 1       0.245      0.952      0.000    495.634
 KA46I
    Category > 1   *********      0.000  *********  *********
 KA46K
    Category > 1      12.453      4.747      5.900     26.286
 KA46L
    Category > 1       0.000      0.000      0.000      0.000
 KA47A
    Category > 1       1.545      0.602      0.720      3.316
 KA47H
    Category > 1      10.931      6.231      3.577     33.409
 KA47I
    Category > 1       5.752      4.382      1.292     25.604
 KA47K
    Category > 1   *********      0.000  *********  *********
 KA47L
    Category > 1      14.538      5.157      7.254     29.138

Latent Class 3 Compared to Latent Class 4

 KA46A
    Category > 1       0.061      0.042      0.016      0.235
 KA46H
    Category > 1       0.000      0.000      0.000      0.000
 KA46I
    Category > 1       0.000      0.000      0.000      0.000
 KA46K
    Category > 1       0.005      0.005      0.001      0.044
 KA46L
    Category > 1       0.000      0.000      0.000      0.000
 KA47A
    Category > 1       0.156      0.190      0.014      1.694
 KA47H
    Category > 1       0.000      0.000      0.000      0.000
 KA47I
    Category > 1       0.001      0.075      0.000  *********
 KA47K
    Category > 1       0.000      0.000      0.000      0.000
 KA47L
    Category > 1       0.039      0.165      0.000    154.501

Latent Class 3 Compared to Latent Class 5

 KA46A
    Category > 1       0.430      0.378      0.077      2.409
 KA46H
    Category > 1       0.000      0.000      0.000      0.000
 KA46I
    Category > 1       1.000      0.000      1.000      1.000
 KA46K
    Category > 1       0.029      0.036      0.002      0.331
 KA46L
    Category > 1       0.000      0.000      0.000      0.000
 KA47A
    Category > 1       0.080      0.103      0.006      0.998
 KA47H
    Category > 1       0.000      0.000      0.000      0.000
 KA47I
    Category > 1    1393.927  62685.832      0.000  *********
 KA47K
    Category > 1       0.000      0.000      0.000      0.000
 KA47L
    Category > 1       0.011      0.048      0.000     72.280

Latent Class 3 Compared to Latent Class 6

 KA46A
    Category > 1       0.107      0.091      0.020      0.566
 KA46H
    Category > 1       0.000      0.000      0.000      0.000
 KA46I
    Category > 1       0.000      0.000      0.000      0.000
 KA46K
    Category > 1       0.206      0.268      0.016      2.644
 KA46L
    Category > 1       0.000      0.000      0.000      0.000
 KA47A
    Category > 1       0.083      0.110      0.006      1.114
 KA47H
    Category > 1       1.000      0.000      1.000      1.000
 KA47I
    Category > 1       0.001      0.046      0.000  *********
 KA47K
    Category > 1       1.000      0.000      1.000      1.000
 KA47L
    Category > 1       0.073      0.355      0.000   1040.821

Latent Class 3 Compared to Latent Class 7

 KA46A
    Category > 1       0.098      0.085      0.018      0.537
 KA46H
    Category > 1       0.000      0.000      0.000      0.000
 KA46I
    Category > 1       0.000      0.000      0.000      0.000
 KA46K
    Category > 1       0.026      0.029      0.003      0.245
 KA46L
    Category > 1       0.000      0.000      0.000      0.000
 KA47A
    Category > 1       0.011      0.014      0.001      0.145
 KA47H
    Category > 1       0.000      0.000      0.000      0.000
 KA47I
    Category > 1       0.000      0.015      0.000  *********
 KA47K
    Category > 1       0.000      0.000      0.000      0.000
 KA47L
    Category > 1       0.001      0.002      0.000      3.225

Latent Class 3 Compared to Latent Class 8

 KA46A
    Category > 1       0.033      0.024      0.008      0.138
 KA46H
    Category > 1       0.000      0.000      0.000      0.000
 KA46I
    Category > 1       0.000      0.000      0.000      0.000
 KA46K
    Category > 1       0.016      0.019      0.002      0.151
 KA46L
    Category > 1       0.000      0.000      0.000      0.000
 KA47A
    Category > 1       0.008      0.009      0.001      0.085
 KA47H
    Category > 1       0.000      0.000      0.000      0.000
 KA47I
    Category > 1       0.000      0.002      0.000  *********
 KA47K
    Category > 1       1.000      0.000      1.000      1.000
 KA47L
    Category > 1       0.002      0.009      0.000      9.417

Latent Class 4 Compared to Latent Class 5

 KA46A
    Category > 1       7.032      6.022      1.312     37.678
 KA46H
    Category > 1       9.520      5.419      3.119     29.053
 KA46I
    Category > 1   *********      0.000  *********  *********
 KA46K
    Category > 1       6.057      3.162      2.177     16.851
 KA46L
    Category > 1      12.706      8.979      3.180     50.759
 KA47A
    Category > 1       0.511      0.267      0.184      1.422
 KA47H
    Category > 1       0.162      0.157      0.024      1.087
 KA47I
    Category > 1   *********      0.000  *********  *********
 KA47K
    Category > 1       1.194      1.125      0.188      7.575
 KA47L
    Category > 1       0.274      0.252      0.045      1.660

Latent Class 4 Compared to Latent Class 6

 KA46A
    Category > 1       1.753      0.701      0.801      3.837
 KA46H
    Category > 1      33.842     23.851      8.502    134.702
 KA46I
    Category > 1       2.548      2.328      0.425     15.268
 KA46K
    Category > 1      43.410     29.917     11.245    167.582
 KA46L
    Category > 1      89.056     68.032     19.925    398.043
 KA47A
    Category > 1       0.533      0.251      0.212      1.340
 KA47H
    Category > 1   *********      0.000  *********  *********
 KA47I
    Category > 1       0.622      0.340      0.213      1.815
 KA47K
    Category > 1   *********      0.000  *********  *********
 KA47L
    Category > 1       1.856      3.070      0.073     47.483

Latent Class 4 Compared to Latent Class 7

 KA46A
    Category > 1       1.606      0.661      0.716      3.599
 KA46H
    Category > 1      11.828      6.739      3.872     36.131
 KA46I
    Category > 1       4.431      2.678      1.355     14.488
 KA46K
    Category > 1       5.387      3.290      1.627     17.830
 KA46L
    Category > 1      17.329     13.533      3.750     80.080
 KA47A
    Category > 1       0.069      0.033      0.027      0.178
 KA47H
    Category > 1       0.074      0.054      0.018      0.308
 KA47I
    Category > 1       0.207      0.094      0.085      0.502
 KA47K
    Category > 1       0.054      0.036      0.015      0.199
 KA47L
    Category > 1       0.014      0.016      0.001      0.138

Latent Class 4 Compared to Latent Class 8

 KA46A
    Category > 1       0.545      0.190      0.275      1.078
 KA46H
    Category > 1       0.064      0.255      0.000    159.133
 KA46I
    Category > 1       0.251      0.224      0.044      1.445
 KA46K
    Category > 1       3.476      1.790      1.267      9.538
 KA46L
    Category > 1       0.000      0.000      0.000      0.000
 KA47A
    Category > 1       0.049      0.022      0.020      0.117
 KA47H
    Category > 1       0.021      0.015      0.005      0.083
 KA47I
    Category > 1       0.028      0.015      0.009      0.082
 KA47K
    Category > 1   *********      0.000  *********  *********
 KA47L
    Category > 1       0.057      0.034      0.018      0.181

Latent Class 5 Compared to Latent Class 6

 KA46A
    Category > 1       0.249      0.241      0.037      1.663
 KA46H
    Category > 1       3.555      2.930      0.707     17.887
 KA46I
    Category > 1       0.000      0.000      0.000      0.000
 KA46K
    Category > 1       7.167      4.763      1.948     26.364
 KA46L
    Category > 1       7.009      4.827      1.818     27.029
 KA47A
    Category > 1       1.042      0.491      0.414      2.623
 KA47H
    Category > 1   *********      0.000  *********  *********
 KA47I
    Category > 1       0.000      0.000      0.000      0.000
 KA47K
    Category > 1   *********      0.000  *********  *********
 KA47L
    Category > 1       6.781      9.803      0.399    115.307

Latent Class 5 Compared to Latent Class 7

 KA46A
    Category > 1       0.228      0.241      0.029      1.800
 KA46H
    Category > 1       1.242      0.648      0.447      3.454
 KA46I
    Category > 1       0.000      0.000      0.000      0.000
 KA46K
    Category > 1       0.889      0.500      0.295      2.679
 KA46L
    Category > 1       1.364      0.993      0.327      5.686
 KA47A
    Category > 1       0.134      0.070      0.049      0.371
 KA47H
    Category > 1       0.455      0.296      0.127      1.630
 KA47I
    Category > 1       0.000      0.000      0.000      0.000
 KA47K
    Category > 1       0.045      0.037      0.009      0.227
 KA47L
    Category > 1       0.052      0.058      0.006      0.463

Latent Class 5 Compared to Latent Class 8

 KA46A
    Category > 1       0.077      0.068      0.014      0.434
 KA46H
    Category > 1       0.007      0.026      0.000     14.311
 KA46I
    Category > 1       0.000      0.000      0.000      0.000
 KA46K
    Category > 1       0.574      0.262      0.235      1.403
 KA46L
    Category > 1       0.000      0.000      0.000      0.000
 KA47A
    Category > 1       0.095      0.049      0.035      0.262
 KA47H
    Category > 1       0.132      0.092      0.034      0.516
 KA47I
    Category > 1       0.000      0.000      0.000      0.000
 KA47K
    Category > 1   *********      0.000  *********  *********
 KA47L
    Category > 1       0.207      0.145      0.053      0.813

Latent Class 6 Compared to Latent Class 7

 KA46A
    Category > 1       0.916      0.412      0.379      2.213
 KA46H
    Category > 1       0.350      0.303      0.064      1.916
 KA46I
    Category > 1       1.739      1.780      0.234     12.928
 KA46K
    Category > 1       0.124      0.078      0.036      0.424
 KA46L
    Category > 1       0.195      0.165      0.037      1.023
 KA47A
    Category > 1       0.129      0.061      0.051      0.325
 KA47H
    Category > 1       0.000      0.000      0.000      0.000
 KA47I
    Category > 1       0.333      0.161      0.129      0.857
 KA47K
    Category > 1       0.000      0.000      0.000      0.000
 KA47L
    Category > 1       0.008      0.012      0.000      0.187

Latent Class 6 Compared to Latent Class 8

 KA46A
    Category > 1       0.311      0.134      0.134      0.723
 KA46H
    Category > 1       0.002      0.008      0.000      5.189
 KA46I
    Category > 1       0.099      0.124      0.008      1.157
 KA46K
    Category > 1       0.080      0.046      0.026      0.249
 KA46L
    Category > 1       0.000      0.000      0.000      0.000
 KA47A
    Category > 1       0.092      0.043      0.037      0.228
 KA47H
    Category > 1       0.000      0.000      0.000      0.000
 KA47I
    Category > 1       0.045      0.030      0.012      0.167
 KA47K
    Category > 1       1.000      0.000      1.000      1.000
 KA47L
    Category > 1       0.031      0.045      0.002      0.563

Latent Class 7 Compared to Latent Class 8

 KA46A
    Category > 1       0.339      0.157      0.137      0.843
 KA46H
    Category > 1       0.005      0.021      0.000     11.953
 KA46I
    Category > 1       0.057      0.046      0.011      0.282
 KA46K
    Category > 1       0.645      0.264      0.290      1.439
 KA46L
    Category > 1       0.000      0.000      0.000      0.000
 KA47A
    Category > 1       0.711      0.380      0.250      2.025
 KA47H
    Category > 1       0.291      0.135      0.117      0.721
 KA47I
    Category > 1       0.134      0.081      0.041      0.440
 KA47K
    Category > 1   *********      0.000  *********  *********
 KA47L
    Category > 1       4.000      3.903      0.591     27.076


RESIDUAL OUTPUT


     RESIDUAL OUTPUT IS NOT AVAILABLE FOR THIS MODEL.  ADDITIONAL OUTPUT FOR
     CATEGORICAL, COUNT, AND NOMINAL VARIABLES MAY BE AVAILABLE USING TECH10.


TECHNICAL 11 OUTPUT

     Random Starts Specifications for the k-1 Class Analysis Model
        Number of initial stage random starts                 500
        Number of final stage optimizations                    10



     VUONG-LO-MENDELL-RUBIN LIKELIHOOD RATIO TEST FOR 7 (H0) VERSUS 8 CLASSES

          H0 Loglikelihood Value                        -5420.486
          2 Times the Loglikelihood Difference             49.907
          Difference in the Number of Parameters               11
          Mean                                            -17.948
          Standard Deviation                               68.710
          P-Value                                          0.1002

     LO-MENDELL-RUBIN ADJUSTED LRT TEST

          Value                                            49.270
          P-Value                                          0.1022


TECHNICAL 14 OUTPUT

     Random Starts Specifications for the k-1 Class Analysis Model
        Number of initial stage random starts                 500
        Number of final stage optimizations                    10

     Random Starts Specification for the k-1 Class Model for Generated Data
        Number of initial stage random starts                   0
        Number of final stage optimizations for the
           initial stage random starts                          0
     Random Starts Specification for the k Class Model for Generated Data
        Number of initial stage random starts                  40
        Number of final stage optimizations                     8
     Number of bootstrap draws requested                   Varies


     PARAMETRIC BOOTSTRAPPED LIKELIHOOD RATIO TEST FOR 7 (H0) VERSUS 8 CLASSES

          H0 Loglikelihood Value                        -5420.486
          2 Times the Loglikelihood Difference             49.907
          Difference in the Number of Parameters               11
          Approximate P-Value                              0.0000
          Successful Bootstrap Draws                           20

     WARNING:  OF THE 20 BOOTSTRAP DRAWS, 12 DRAWS HAD BOTH A SMALLER LRT VALUE THAN THE
     OBSERVED LRT VALUE AND NOT A REPLICATED BEST LOGLIKELIHOOD VALUE FOR THE 8-CLASS MODEL.
     THIS MEANS THAT THE P-VALUE MAY NOT BE TRUSTWORTHY DUE TO LOCAL MAXIMA.
     INCREASE THE NUMBER OF RANDOM STARTS USING THE LRTSTARTS OPTION.



PLOT INFORMATION

The following plots are available:

  Histograms (sample values)
  Scatterplots (sample values)
  Sample proportions and estimated probabilities

     Beginning Time:  18:28:25
        Ending Time:  18:28:38
       Elapsed Time:  00:00:13



MUTHEN & MUTHEN
3463 Stoner Ave.
Los Angeles, CA  90066

Tel: (310) 391-9971
Fax: (310) 391-8971
Web: www.StatModel.com
Support: Support@StatModel.com

Copyright (c) 1998-2024 Muthen & Muthen
