Mplus VERSION 8.11
MUTHEN & MUTHEN
06/04/2025   1:56 PM

INPUT INSTRUCTIONS

  TITLE:
  5-Class
  DATA:
  FILE = "C:/Users/dnajiarch/Box/lca-bookdown/moderation/enum/LSAY_data.dat";
  VARIABLE:
  NAMES = rand lsayid region urban gender mothed fathed raceth math_irt enjoy good
       undrstnd nervous scared useful logical job adult female;
   MISSING=.;
   categorical = enjoy, useful, logical, job, adult;
  usevar = enjoy, useful, logical, job, adult;
  classes = c(5);
  ANALYSIS:
  estimator = mlr;
      type = mixture;
      processors = 12;
      starts = 500 100;
  OUTPUT:
  sampstat residual tech11 tech14;



*** WARNING in OUTPUT command
  SAMPSTAT option is not available when all outcomes are censored, ordered
  categorical, unordered categorical (nominal), count or continuous-time
  survival variables.  Request for SAMPSTAT is ignored.
*** WARNING
  Data set contains cases with missing on all variables.
  These cases were not included in the analysis.
  Number of cases with missing on all variables:  441
   2 WARNING(S) FOUND IN THE INPUT INSTRUCTIONS




5-Class

SUMMARY OF ANALYSIS

Number of groups                                                 1
Number of observations                                        2675

Number of dependent variables                                    5
Number of independent variables                                  0
Number of continuous latent variables                            0
Number of categorical latent variables                           1

Observed dependent variables

  Binary and ordered categorical (ordinal)
   ENJOY       USEFUL      LOGICAL     JOB         ADULT

Categorical latent variables
   C


Estimator                                                      MLR
Information matrix                                        OBSERVED
Optimization Specifications for the Quasi-Newton Algorithm for
Continuous Outcomes
  Maximum number of iterations                                 100
  Convergence criterion                                  0.100D-05
Optimization Specifications for the EM Algorithm
  Maximum number of iterations                                 500
  Convergence criteria
    Loglikelihood change                                 0.100D-06
    Relative loglikelihood change                        0.100D-06
    Derivative                                           0.100D-05
Optimization Specifications for the M step of the EM Algorithm for
Categorical Latent variables
  Number of M step iterations                                    1
  M step convergence criterion                           0.100D-05
  Basis for M step termination                           ITERATION
Optimization Specifications for the M step of the EM Algorithm for
Censored, Binary or Ordered Categorical (Ordinal), Unordered
Categorical (Nominal) and Count Outcomes
  Number of M step iterations                                    1
  M step convergence criterion                           0.100D-05
  Basis for M step termination                           ITERATION
  Maximum value for logit thresholds                            15
  Minimum value for logit thresholds                           -15
  Minimum expected cell size for chi-square              0.100D-01
Maximum number of iterations for H1                           2000
Convergence criterion for H1                             0.100D-03
Optimization algorithm                                         EMA
Random Starts Specifications
  Number of initial stage random starts                        500
  Number of final stage optimizations                          100
  Number of initial stage iterations                            10
  Initial stage convergence criterion                    0.100D+01
  Random starts scale                                    0.500D+01
  Random seed for generating random starts                       0
Link                                                         LOGIT

Input data file(s)
  C:/Users/dnajiarch/Box/lca-bookdown/moderation/enum/LSAY_data.dat
Input data format  FREE


SUMMARY OF DATA

     Number of missing data patterns            15
     Number of y missing data patterns           0
     Number of u missing data patterns          15


COVARIANCE COVERAGE OF DATA

Minimum covariance coverage value   0.100


     PROPORTION OF DATA PRESENT FOR U


           Covariance Coverage
              ENJOY         USEFUL        LOGICAL       JOB           ADULT
              ________      ________      ________      ________      ________
 ENJOY          0.997
 USEFUL         0.985         0.988
 LOGICAL        0.982         0.975         0.985
 JOB            0.977         0.970         0.969         0.980
 ADULT          0.987         0.979         0.977         0.975         0.990


UNIVARIATE PROPORTIONS AND COUNTS FOR CATEGORICAL VARIABLES

    ENJOY
      Category 1    0.331          884.000
      Category 2    0.669         1784.000
    USEFUL
      Category 1    0.305          807.000
      Category 2    0.695         1835.000
    LOGICAL
      Category 1    0.360          949.000
      Category 2    0.640         1686.000
    JOB
      Category 1    0.257          674.000
      Category 2    0.743         1947.000
    ADULT
      Category 1    0.298          790.000
      Category 2    0.702         1858.000


RANDOM STARTS RESULTS RANKED FROM THE BEST TO THE WORST LOGLIKELIHOOD VALUES

Final stage loglikelihood values at local maxima, seeds, and initial stage start numbers:

           -7091.946  948615           140
           -7091.946  856536           144
           -7091.946  263221           447
           -7091.946  654136           167
           -7091.946  576596           99
           -7091.946  369602           146
           -7091.951  373505           88
           -7091.951  370466           41
           -7091.951  311214           64
           -7091.951  691234           250
           -7091.951  576220           115
           -7091.952  570782           193
           -7092.238  383986           159
           -7092.238  170954           86
           -7092.397  751054           117
           -7092.397  342019           301
           -7092.397  226322           478
           -7092.397  12477            155
           -7092.397  350608           334
           -7092.397  526324           178
           -7092.599  468036           131
           -7092.599  422103           62
           -7092.599  471398           74
           -7092.599  784664           75
           -7092.599  152496           123
           -7092.612  903420           5
           -7092.793  268217           83
           -7092.880  967902           52
           -7092.984  456213           160
           -7093.995  565819           65
           -7094.062  592219           119
           -7094.112  696773           80
           -7094.112  987090           70
           -7094.139  637345           19

66 perturbed starting value run(s) did not converge or were rejected in the third stage.



THE BEST LOGLIKELIHOOD VALUE HAS BEEN REPLICATED.  RERUN WITH AT LEAST TWICE THE
RANDOM STARTS TO CHECK THAT THE BEST LOGLIKELIHOOD IS STILL OBTAINED AND REPLICATED.

     IN THE OPTIMIZATION, ONE OR MORE LOGIT THRESHOLDS APPROACHED EXTREME VALUES
     OF -15.000 AND 15.000 AND WERE FIXED TO STABILIZE MODEL ESTIMATION.  THESE
     VALUES IMPLY PROBABILITIES OF 0 AND 1.  IN THE MODEL RESULTS SECTION, THESE
     PARAMETERS HAVE 0 STANDARD ERRORS AND 999 IN THE Z-SCORE AND P-VALUE COLUMNS.

     THE STANDARD ERRORS OF THE MODEL PARAMETER ESTIMATES MAY NOT BE
     TRUSTWORTHY FOR SOME PARAMETERS DUE TO A NON-POSITIVE DEFINITE
     FIRST-ORDER DERIVATIVE PRODUCT MATRIX.  THIS MAY BE DUE TO THE STARTING
     VALUES BUT MAY ALSO BE AN INDICATION OF MODEL NONIDENTIFICATION.  THE
     CONDITION NUMBER IS       0.200D-13.  PROBLEM INVOLVING THE FOLLOWING PARAMETER:
     Parameter 6, %C#2%: [ ENJOY$1 ]




THE MODEL ESTIMATION TERMINATED NORMALLY



MODEL FIT INFORMATION

Number of Free Parameters                       29

Loglikelihood

          H0 Value                       -7091.946
          H0 Scaling Correction Factor      0.9774
            for MLR

Information Criteria

          Akaike (AIC)                   14241.893
          Bayesian (BIC)                 14412.752
          Sample-Size Adjusted BIC       14320.610
            (n* = (n + 2) / 24)

Chi-Square Test of Model Fit for the Binary and Ordered Categorical
(Ordinal) Outcomes

          Pearson Chi-Square

          Value                              1.991
          Degrees of Freedom                     2
          P-Value                           0.3695

          Likelihood Ratio Chi-Square

          Value                              2.127
          Degrees of Freedom                     2
          P-Value                           0.3452

Chi-Square Test for MCAR under the Unrestricted Latent Class Indicator Model

          Pearson Chi-Square

          Value                            129.031
          Degrees of Freedom                   120
          P-Value                           0.2704

          Likelihood Ratio Chi-Square

          Value                            101.781
          Degrees of Freedom                   120
          P-Value                           0.8845



FINAL CLASS COUNTS AND PROPORTIONS FOR THE LATENT CLASSES
BASED ON THE ESTIMATED MODEL

    Latent
   Classes

       1       1122.30686          0.41955
       2        306.12378          0.11444
       3        369.68504          0.13820
       4        503.53589          0.18824
       5        373.34844          0.13957


FINAL CLASS COUNTS AND PROPORTIONS FOR THE LATENT CLASSES
BASED ON ESTIMATED POSTERIOR PROBABILITIES

    Latent
   Classes

       1       1122.30686          0.41955
       2        306.12378          0.11444
       3        369.68504          0.13820
       4        503.53589          0.18824
       5        373.34844          0.13957


FINAL CLASS COUNTS AND PROPORTIONS FOR THE LATENT CLASSES
BASED ON THEIR MOST LIKELY LATENT CLASS MEMBERSHIP

Class Counts and Proportions

    Latent
   Classes

       1             1245          0.46542
       2              301          0.11252
       3              314          0.11738
       4              451          0.16860
       5              364          0.13607


CLASSIFICATION QUALITY

     Entropy                         0.778


Average Latent Class Probabilities for Most Likely Latent Class Membership (Row)
by Latent Class (Column)

           1        2        3        4        5

    1   0.888    0.001    0.059    0.052    0.000
    2   0.000    0.908    0.005    0.086    0.002
    3   0.041    0.020    0.826    0.087    0.027
    4   0.010    0.057    0.050    0.786    0.098
    5   0.000    0.000    0.034    0.086    0.880


Classification Probabilities for the Most Likely Latent Class Membership (Column)
by Latent Class (Row)

           1        2        3        4        5

    1   0.985    0.000    0.011    0.004    0.000
    2   0.003    0.893    0.020    0.084    0.000
    3   0.200    0.004    0.702    0.061    0.033
    4   0.129    0.051    0.054    0.704    0.062
    5   0.001    0.001    0.023    0.118    0.858


Logits for the Classification Probabilities for the Most Likely Latent Class Membership (Column)
by Latent Class (Row)

              1        2        3        4        5

    1     12.181   -1.619    7.728    6.636    0.000
    2      1.942    7.816    4.019    5.452    0.000
    3      1.795   -2.204    3.048    0.609    0.000
    4      0.729   -0.194   -0.139    2.427    0.000
    5     -7.332   -6.555   -3.640   -1.985    0.000


MODEL RESULTS

                                                    Two-Tailed
                    Estimate       S.E.  Est./S.E.    P-Value

Latent Class 1

 Thresholds
    ENJOY$1          -15.000      0.000    999.000    999.000
    USEFUL$1          -2.532      0.170    -14.865      0.000
    LOGICAL$1         -2.421      0.752     -3.221      0.001
    JOB$1             -2.934      0.243    -12.051      0.000
    ADULT$1          -15.000      0.000    999.000    999.000

Latent Class 2

 Thresholds
    ENJOY$1           11.850      8.267      1.433      0.152
    USEFUL$1          -2.131      0.252     -8.459      0.000
    LOGICAL$1         -3.958     10.126     -0.391      0.696
    JOB$1             -2.224      0.290     -7.680      0.000
    ADULT$1           -2.477      0.658     -3.761      0.000

Latent Class 3

 Thresholds
    ENJOY$1           -0.244      0.213     -1.146      0.252
    USEFUL$1          -0.128      0.687     -0.187      0.852
    LOGICAL$1         15.000      0.000    999.000    999.000
    JOB$1             -1.066      0.520     -2.051      0.040
    ADULT$1           -2.274      1.868     -1.218      0.223

Latent Class 4

 Thresholds
    ENJOY$1           -0.811      0.257     -3.156      0.002
    USEFUL$1          -0.513      0.158     -3.252      0.001
    LOGICAL$1         -0.950      0.640     -1.483      0.138
    JOB$1             -0.464      0.151     -3.069      0.002
    ADULT$1            1.078      0.517      2.084      0.037

Latent Class 5

 Thresholds
    ENJOY$1            0.866      0.155      5.589      0.000
    USEFUL$1           2.414      0.399      6.045      0.000
    LOGICAL$1          3.013      0.691      4.359      0.000
    JOB$1              1.624      0.269      6.030      0.000
    ADULT$1            3.781      2.909      1.300      0.194

Categorical Latent Variables

 Means
    C#1                1.101      0.169      6.506      0.000
    C#2               -0.199      0.284     -0.700      0.484
    C#3               -0.010      0.429     -0.023      0.982
    C#4                0.299      0.309      0.967      0.333


QUALITY OF NUMERICAL RESULTS

     Condition Number for the Information Matrix              0.200E-13
       (ratio of smallest to largest eigenvalue)


RESULTS IN PROBABILITY SCALE

                                                    Two-Tailed
                    Estimate       S.E.  Est./S.E.    P-Value

Latent Class 1

 ENJOY
    Category 1         0.000      0.000      0.000      1.000
    Category 2         1.000      0.000      0.000      1.000
 USEFUL
    Category 1         0.074      0.012      6.337      0.000
    Category 2         0.926      0.012     79.724      0.000
 LOGICAL
    Category 1         0.082      0.056      1.448      0.148
    Category 2         0.918      0.056     16.310      0.000
 JOB
    Category 1         0.050      0.012      4.325      0.000
    Category 2         0.950      0.012     81.354      0.000
 ADULT
    Category 1         0.000      0.000      0.000      1.000
    Category 2         1.000      0.000      0.000      1.000

Latent Class 2

 ENJOY
    Category 1         1.000      0.000  16953.533      0.000
    Category 2         0.000      0.000      0.121      0.904
 USEFUL
    Category 1         0.106      0.024      4.442      0.000
    Category 2         0.894      0.024     37.399      0.000
 LOGICAL
    Category 1         0.019      0.186      0.101      0.920
    Category 2         0.981      0.186      5.267      0.000
 JOB
    Category 1         0.098      0.026      3.827      0.000
    Category 2         0.902      0.026     35.371      0.000
 ADULT
    Category 1         0.077      0.047      1.646      0.100
    Category 2         0.923      0.047     19.595      0.000

Latent Class 3

 ENJOY
    Category 1         0.439      0.052      8.388      0.000
    Category 2         0.561      0.052     10.702      0.000
 USEFUL
    Category 1         0.468      0.171      2.738      0.006
    Category 2         0.532      0.171      3.112      0.002
 LOGICAL
    Category 1         1.000      0.000      0.000      1.000
    Category 2         0.000      0.000      0.000      1.000
 JOB
    Category 1         0.256      0.099      2.587      0.010
    Category 2         0.744      0.099      7.512      0.000
 ADULT
    Category 1         0.093      0.158      0.591      0.555
    Category 2         0.907      0.158      5.739      0.000

Latent Class 4

 ENJOY
    Category 1         0.308      0.055      5.621      0.000
    Category 2         0.692      0.055     12.650      0.000
 USEFUL
    Category 1         0.374      0.037     10.130      0.000
    Category 2         0.626      0.037     16.924      0.000
 LOGICAL
    Category 1         0.279      0.129      2.165      0.030
    Category 2         0.721      0.129      5.599      0.000
 JOB
    Category 1         0.386      0.036     10.781      0.000
    Category 2         0.614      0.036     17.142      0.000
 ADULT
    Category 1         0.746      0.098      7.614      0.000
    Category 2         0.254      0.098      2.590      0.010

Latent Class 5

 ENJOY
    Category 1         0.704      0.032     21.800      0.000
    Category 2         0.296      0.032      9.174      0.000
 USEFUL
    Category 1         0.918      0.030     30.502      0.000
    Category 2         0.082      0.030      2.728      0.006
 LOGICAL
    Category 1         0.953      0.031     30.880      0.000
    Category 2         0.047      0.031      1.518      0.129
 JOB
    Category 1         0.835      0.037     22.550      0.000
    Category 2         0.165      0.037      4.446      0.000
 ADULT
    Category 1         0.978      0.063     15.414      0.000
    Category 2         0.022      0.063      0.352      0.725


LATENT CLASS INDICATOR ODDS RATIOS FOR THE LATENT CLASSES

                                                95% C.I.
                    Estimate       S.E.  Lower 2.5% Upper 2.5%

Latent Class 1 Compared to Latent Class 2

 ENJOY
    Category > 1   *********      0.000  *********  *********
 USEFUL
    Category > 1       1.494      0.400      0.884      2.527
 LOGICAL
    Category > 1       0.215      2.032      0.000  *********
 JOB
    Category > 1       2.035      0.648      1.090      3.800
 ADULT
    Category > 1   *********      0.000  *********  *********

Latent Class 1 Compared to Latent Class 3

 ENJOY
    Category > 1   *********      0.000  *********  *********
 USEFUL
    Category > 1      11.069      8.068      2.653     46.187
 LOGICAL
    Category > 1   *********      0.000  *********  *********
 JOB
    Category > 1       6.478      3.722      2.101     19.974
 ADULT
    Category > 1   *********      0.000  *********  *********

Latent Class 1 Compared to Latent Class 4

 ENJOY
    Category > 1   *********      0.000  *********  *********
 USEFUL
    Category > 1       7.531      1.687      4.855     11.682
 LOGICAL
    Category > 1       4.356      3.219      1.023     18.545
 JOB
    Category > 1      11.830      3.290      6.859     20.403
 ADULT
    Category > 1   *********      0.000  *********  *********

Latent Class 1 Compared to Latent Class 5

 ENJOY
    Category > 1   *********      0.000  *********  *********
 USEFUL
    Category > 1     140.669     60.251     60.759    325.678
 LOGICAL
    Category > 1     229.086    250.093     26.960   1946.575
 JOB
    Category > 1      95.401     33.590     47.845    190.223
 ADULT
    Category > 1   *********      0.000  *********  *********

Latent Class 2 Compared to Latent Class 3

 ENJOY
    Category > 1       0.000      0.000      0.000     59.432
 USEFUL
    Category > 1       7.408      5.392      1.779     30.849
 LOGICAL
    Category > 1   *********      0.000  *********  *********
 JOB
    Category > 1       3.183      2.058      0.896     11.306
 ADULT
    Category > 1       1.225      2.151      0.039     38.289

Latent Class 2 Compared to Latent Class 4

 ENJOY
    Category > 1       0.000      0.000      0.000     35.539
 USEFUL
    Category > 1       5.040      1.496      2.817      9.018
 LOGICAL
    Category > 1      20.242    198.962      0.000  *********
 JOB
    Category > 1       5.813      1.865      3.100     10.900
 ADULT
    Category > 1      34.992     30.416      6.369    192.247

Latent Class 2 Compared to Latent Class 5

 ENJOY
    Category > 1       0.000      0.000      0.000    184.877
 USEFUL
    Category > 1      94.140     45.150     36.773    241.004
 LOGICAL
    Category > 1    1064.632  10904.187      0.000  *********
 JOB
    Category > 1      46.877     17.665     22.397     98.114
 ADULT
    Category > 1     521.891   1534.922      1.637  *********

Latent Class 3 Compared to Latent Class 4

 ENJOY
    Category > 1       0.567      0.198      0.286      1.124
 USEFUL
    Category > 1       0.680      0.497      0.163      2.845
 LOGICAL
    Category > 1       0.000      0.000      0.000      0.000
 JOB
    Category > 1       1.826      1.019      0.612      5.449
 ADULT
    Category > 1      28.567     53.722      0.716   1139.297

Latent Class 3 Compared to Latent Class 5

 ENJOY
    Category > 1       3.032      0.762      1.853      4.960
 USEFUL
    Category > 1      12.708      8.969      3.187     50.677
 LOGICAL
    Category > 1       0.000      0.000      0.000      0.000
 JOB
    Category > 1      14.727      8.451      4.782     45.352
 ADULT
    Category > 1     426.062   1553.345      0.336  *********

Latent Class 4 Compared to Latent Class 5

 ENJOY
    Category > 1       5.347      1.630      2.942      9.719
 USEFUL
    Category > 1      18.679      8.108      7.978     43.734
 LOGICAL
    Category > 1      52.596     47.535      8.946    309.214
 JOB
    Category > 1       8.064      2.369      4.535     14.341
 ADULT
    Category > 1      14.914     45.639      0.037   6002.803


RESIDUAL OUTPUT


     RESIDUAL OUTPUT IS NOT AVAILABLE FOR THIS MODEL.  ADDITIONAL OUTPUT FOR
     CATEGORICAL, COUNT, AND NOMINAL VARIABLES MAY BE AVAILABLE USING TECH10.


TECHNICAL 11 OUTPUT

     Random Starts Specifications for the k-1 Class Analysis Model
        Number of initial stage random starts                 500
        Number of final stage optimizations                   100



     VUONG-LO-MENDELL-RUBIN LIKELIHOOD RATIO TEST FOR 4 (H0) VERSUS 5 CLASSES

          H0 Loglikelihood Value                        -7095.123
          2 Times the Loglikelihood Difference              6.354
          Difference in the Number of Parameters                6
          Mean                                              6.358
          Standard Deviation                                4.401
          P-Value                                          0.4270

     LO-MENDELL-RUBIN ADJUSTED LRT TEST

          Value                                             6.222
          P-Value                                          0.4394


TECHNICAL 14 OUTPUT

     Random Starts Specifications for the k-1 Class Analysis Model
        Number of initial stage random starts                 500
        Number of final stage optimizations                   100

     Random Starts Specification for the k-1 Class Model for Generated Data
        Number of initial stage random starts                   0
        Number of final stage optimizations for the
           initial stage random starts                          0
     Random Starts Specification for the k Class Model for Generated Data
        Number of initial stage random starts                  40
        Number of final stage optimizations                     8
     Number of bootstrap draws requested                   Varies


     PARAMETRIC BOOTSTRAPPED LIKELIHOOD RATIO TEST FOR 4 (H0) VERSUS 5 CLASSES

          H0 Loglikelihood Value                        -7095.123
          2 Times the Loglikelihood Difference              6.354
          Difference in the Number of Parameters                6
          Approximate P-Value                              0.6667
          Successful Bootstrap Draws                            3


     Beginning Time:  13:56:38
        Ending Time:  13:56:52
       Elapsed Time:  00:00:14



MUTHEN & MUTHEN
3463 Stoner Ave.
Los Angeles, CA  90066

Tel: (310) 391-9971
Fax: (310) 391-8971
Web: www.StatModel.com
Support: Support@StatModel.com

Copyright (c) 1998-2024 Muthen & Muthen
