Mplus VERSION 8.11
MUTHEN & MUTHEN
06/05/2025   4:12 PM

INPUT INSTRUCTIONS

  TITLE:
  Math Attitudes: 2-Class
  DATA:
  FILE = "C:/Users/dnajiarch/Box/lca-bookdown/joint_occurrence/enum_math/
  data.dat";
  VARIABLE:
  NAMES = casenum gender math_enjoy math_useful math_logical math_job math_adult
       sci_enjoy sci_useful sci_logical sci_job sci_adult;
   MISSING=.;
   categorical = math_enjoy, math_useful, math_logical, math_job, math_adult;
  usevar = math_enjoy, math_useful, math_logical, math_job, math_adult;
  classes = c(2);
  ANALYSIS:
  estimator = mlr;
      type = mixture;
      processors = 12;
      starts = 500 100;
  OUTPUT:
  sampstat residual tech11 tech14;



*** WARNING in VARIABLE command
  Note that only the first 8 characters of variable names are used in the output.
  Shorten variable names to avoid any confusion.
*** WARNING in OUTPUT command
  SAMPSTAT option is not available when all outcomes are censored, ordered
  categorical, unordered categorical (nominal), count or continuous-time
  survival variables.  Request for SAMPSTAT is ignored.
*** WARNING
  Data set contains cases with missing on all variables.
  These cases were not included in the analysis.
  Number of cases with missing on all variables:  2558
   3 WARNING(S) FOUND IN THE INPUT INSTRUCTIONS




Math Attitudes: 2-Class

SUMMARY OF ANALYSIS

Number of groups                                                 1
Number of observations                                        3387

Number of dependent variables                                    5
Number of independent variables                                  0
Number of continuous latent variables                            0
Number of categorical latent variables                           1

Observed dependent variables

  Binary and ordered categorical (ordinal)
   MATH_ENJ    MATH_USE    MATH_LOG    MATH_JOB    MATH_ADU

Categorical latent variables
   C


Estimator                                                      MLR
Information matrix                                        OBSERVED
Optimization Specifications for the Quasi-Newton Algorithm for
Continuous Outcomes
  Maximum number of iterations                                 100
  Convergence criterion                                  0.100D-05
Optimization Specifications for the EM Algorithm
  Maximum number of iterations                                 500
  Convergence criteria
    Loglikelihood change                                 0.100D-06
    Relative loglikelihood change                        0.100D-06
    Derivative                                           0.100D-05
Optimization Specifications for the M step of the EM Algorithm for
Categorical Latent variables
  Number of M step iterations                                    1
  M step convergence criterion                           0.100D-05
  Basis for M step termination                           ITERATION
Optimization Specifications for the M step of the EM Algorithm for
Censored, Binary or Ordered Categorical (Ordinal), Unordered
Categorical (Nominal) and Count Outcomes
  Number of M step iterations                                    1
  M step convergence criterion                           0.100D-05
  Basis for M step termination                           ITERATION
  Maximum value for logit thresholds                            15
  Minimum value for logit thresholds                           -15
  Minimum expected cell size for chi-square              0.100D-01
Maximum number of iterations for H1                           2000
Convergence criterion for H1                             0.100D-03
Optimization algorithm                                         EMA
Random Starts Specifications
  Number of initial stage random starts                        500
  Number of final stage optimizations                          100
  Number of initial stage iterations                            10
  Initial stage convergence criterion                    0.100D+01
  Random starts scale                                    0.500D+01
  Random seed for generating random starts                       0
Link                                                         LOGIT

Input data file(s)
  C:/Users/dnajiarch/Box/lca-bookdown/joint_occurrence/enum_math/data.dat
Input data format  FREE


SUMMARY OF DATA

     Number of missing data patterns            16
     Number of y missing data patterns           0
     Number of u missing data patterns          16


COVARIANCE COVERAGE OF DATA

Minimum covariance coverage value   0.100


     PROPORTION OF DATA PRESENT FOR U


           Covariance Coverage
              MATH_ENJ      MATH_USE      MATH_LOG      MATH_JOB      MATH_ADU
              ________      ________      ________      ________      ________
 MATH_ENJ       0.997
 MATH_USE       0.990         0.991
 MATH_LOG       0.987         0.985         0.989
 MATH_JOB       0.984         0.981         0.980         0.986
 MATH_ADU       0.986         0.983         0.982         0.980         0.988


UNIVARIATE PROPORTIONS AND COUNTS FOR CATEGORICAL VARIABLES

    MATH_ENJ
      Category 1    0.453         1531.000
      Category 2    0.547         1847.000
    MATH_USE
      Category 1    0.365         1226.000
      Category 2    0.635         2131.000
    MATH_LOG
      Category 1    0.320         1071.000
      Category 2    0.680         2279.000
    MATH_JOB
      Category 1    0.433         1447.000
      Category 2    0.567         1891.000
    MATH_ADU
      Category 1    0.366         1226.000
      Category 2    0.634         2121.000


RANDOM STARTS RESULTS RANKED FROM THE BEST TO THE WORST LOGLIKELIHOOD VALUES

Final stage loglikelihood values at local maxima, seeds, and initial stage start numbers:

           -9368.025  85462            51
           -9368.025  699554           427
           -9368.025  636396           168
           -9368.025  966014           37
           -9368.025  608849           224
           -9368.025  648555           113
           -9368.025  570782           193
           -9368.025  637345           19
           -9368.025  127215           9
           -9368.025  188498           258
           -9368.025  714455           476
           -9368.025  466971           109
           -9368.025  471438           252
           -9368.025  97158            205
           -9368.025  59674            240
           -9368.025  371246           101
           -9368.025  614009           317
           -9368.025  335485           496
           -9368.025  193569           440
           -9368.025  945065           255
           -9368.025  915642           40
           -9368.025  790059           469
           -9368.025  840031           276
           -9368.025  314757           345
           -9368.025  991329           182
           -9368.025  76337            76
           -9368.025  464179           106
           -9368.025  107446           12
           -9368.025  836515           341
           -9368.025  150531           154
           -9368.025  259507           53
           -9368.025  267983           228
           -9368.025  784664           75
           -9368.025  780698           337
           -9368.025  132336           362
           -9368.025  602797           336
           -9368.025  65651            214
           -9368.025  247224           94
           -9368.025  100874           108
           -9368.025  202790           198
           -9368.025  285380           1
           -9368.025  903420           5
           -9368.025  422103           62
           -9368.025  395754           388
           -9368.025  948615           140
           -9368.025  216565           474
           -9368.025  456213           160
           -9368.025  391949           295
           -9368.025  317640           437
           -9368.025  137377           397
           -9368.025  732596           320
           -9368.025  471040           403
           -9368.025  505879           424
           -9368.025  862607           468
           -9368.025  340112           126
           -9368.025  926283           269
           -9368.025  316165           299
           -9368.025  824126           287
           -9368.025  436460           89
           -9368.025  392751           480
           -9368.025  22089            143
           -9368.025  217130           443
           -9368.025  848890           95
           -9368.025  724519           333
           -9368.025  533738           11
           -9368.025  207896           25
           -9368.025  608460           244
           -9368.025  137305           379
           -9368.025  829540           324
           -9368.025  923437           398
           -9368.025  551639           55
           -9368.025  475420           71
           -9368.025  922596           456
           -9368.025  79945            395
           -9368.025  913639           162
           -9368.025  863094           147
           -9368.025  1548             384
           -9368.025  366533           484
           -9368.025  850840           232
           -9368.025  967902           52
           -9368.025  39136            226
           -9368.025  220454           288
           -9368.025  597614           284
           -9368.025  860772           174
           -9368.025  673496           218
           -9368.025  717754           180
           -9368.025  652266           490
           -9368.025  185071           370
           -9368.025  794236           127
           -9368.025  951709           348
           -9368.025  318230           46
           -9368.025  679832           302
           -9368.025  484687           306
           -9368.025  937885           426
           -9368.025  728038           177
           -9368.025  798821           423
           -9368.025  402224           91
           -9368.025  479273           156
           -9368.025  507154           387
           -9368.025  349562           359



THE BEST LOGLIKELIHOOD VALUE HAS BEEN REPLICATED.  RERUN WITH AT LEAST TWICE THE
RANDOM STARTS TO CHECK THAT THE BEST LOGLIKELIHOOD IS STILL OBTAINED AND REPLICATED.


THE MODEL ESTIMATION TERMINATED NORMALLY



MODEL FIT INFORMATION

Number of Free Parameters                       11

Loglikelihood

          H0 Value                       -9368.025
          H0 Scaling Correction Factor      1.0704
            for MLR

Information Criteria

          Akaike (AIC)                   18758.050
          Bayesian (BIC)                 18825.455
          Sample-Size Adjusted BIC       18790.502
            (n* = (n + 2) / 24)

Chi-Square Test of Model Fit for the Binary and Ordered Categorical
(Ordinal) Outcomes

          Pearson Chi-Square

          Value                            365.947
          Degrees of Freedom                    20
          P-Value                           0.0000

          Likelihood Ratio Chi-Square

          Value                            271.144
          Degrees of Freedom                    20
          P-Value                           0.0000

Chi-Square Test for MCAR under the Unrestricted Latent Class Indicator Model

          Pearson Chi-Square

          Value                            156.348
          Degrees of Freedom                   119
          P-Value                           0.0123

          Likelihood Ratio Chi-Square

          Value                            114.848
          Degrees of Freedom                   119
          P-Value                           0.5906



FINAL CLASS COUNTS AND PROPORTIONS FOR THE LATENT CLASSES
BASED ON THE ESTIMATED MODEL

    Latent
   Classes

       1       1321.10232          0.39005
       2       2065.89768          0.60995


FINAL CLASS COUNTS AND PROPORTIONS FOR THE LATENT CLASSES
BASED ON ESTIMATED POSTERIOR PROBABILITIES

    Latent
   Classes

       1       1321.10232          0.39005
       2       2065.89768          0.60995


FINAL CLASS COUNTS AND PROPORTIONS FOR THE LATENT CLASSES
BASED ON THEIR MOST LIKELY LATENT CLASS MEMBERSHIP

Class Counts and Proportions

    Latent
   Classes

       1             1273          0.37585
       2             2114          0.62415


CLASSIFICATION QUALITY

     Entropy                         0.790


Average Latent Class Probabilities for Most Likely Latent Class Membership (Row)
by Latent Class (Column)

           1        2

    1   0.939    0.061
    2   0.059    0.941


Classification Probabilities for the Most Likely Latent Class Membership (Column)
by Latent Class (Row)

           1        2

    1   0.905    0.095
    2   0.037    0.963


Logits for the Classification Probabilities for the Most Likely Latent Class Membership (Column)
by Latent Class (Row)

              1        2

    1      2.255    0.000
    2     -3.247    0.000


MODEL RESULTS

                                                    Two-Tailed
                    Estimate       S.E.  Est./S.E.    P-Value

Latent Class 1

 Thresholds
    MATH_ENJ$1         0.989      0.078     12.635      0.000
    MATH_USE$1         1.340      0.106     12.645      0.000
    MATH_LOG$1         0.661      0.078      8.442      0.000
    MATH_JOB$1         1.500      0.107     13.994      0.000
    MATH_ADU$1         1.487      0.122     12.238      0.000

Latent Class 2

 Thresholds
    MATH_ENJ$1        -0.959      0.058    -16.588      0.000
    MATH_USE$1        -2.282      0.123    -18.505      0.000
    MATH_LOG$1        -2.165      0.106    -20.454      0.000
    MATH_JOB$1        -1.460      0.076    -19.191      0.000
    MATH_ADU$1        -2.445      0.135    -18.166      0.000

Categorical Latent Variables

 Means
    C#1               -0.447      0.061     -7.382      0.000


QUALITY OF NUMERICAL RESULTS

     Condition Number for the Information Matrix              0.530E-01
       (ratio of smallest to largest eigenvalue)


RESULTS IN PROBABILITY SCALE

                                                    Two-Tailed
                    Estimate       S.E.  Est./S.E.    P-Value

Latent Class 1

 MATH_ENJOY
    Category 1         0.729      0.015     47.121      0.000
    Category 2         0.271      0.015     17.523      0.000
 MATH_USEFU
    Category 1         0.793      0.017     45.476      0.000
    Category 2         0.207      0.017     11.903      0.000
 MATH_LOGIC
    Category 1         0.660      0.018     37.504      0.000
    Category 2         0.340      0.018     19.362      0.000
 MATH_JOB
    Category 1         0.818      0.016     51.141      0.000
    Category 2         0.182      0.016     11.408      0.000
 MATH_ADULT
    Category 1         0.816      0.018     44.641      0.000
    Category 2         0.184      0.018     10.088      0.000

Latent Class 2

 MATH_ENJOY
    Category 1         0.277      0.012     23.925      0.000
    Category 2         0.723      0.012     62.427      0.000
 MATH_USEFU
    Category 1         0.093      0.010      8.937      0.000
    Category 2         0.907      0.010     87.549      0.000
 MATH_LOGIC
    Category 1         0.103      0.010     10.533      0.000
    Category 2         0.897      0.010     91.767      0.000
 MATH_JOB
    Category 1         0.188      0.012     16.200      0.000
    Category 2         0.812      0.012     69.742      0.000
 MATH_ADULT
    Category 1         0.080      0.010      8.073      0.000
    Category 2         0.920      0.010     93.115      0.000


LATENT CLASS INDICATOR ODDS RATIOS FOR THE LATENT CLASSES

                                                95% C.I.
                    Estimate       S.E.  Lower 2.5% Upper 2.5%

Latent Class 1 Compared to Latent Class 2

 MATH_ENJ
    Category > 1       0.143      0.013      0.119      0.171
 MATH_USE
    Category > 1       0.027      0.004      0.021      0.035
 MATH_LOG
    Category > 1       0.059      0.007      0.047      0.075
 MATH_JOB
    Category > 1       0.052      0.006      0.041      0.065
 MATH_ADU
    Category > 1       0.020      0.003      0.015      0.026


RESIDUAL OUTPUT


     RESIDUAL OUTPUT IS NOT AVAILABLE FOR THIS MODEL.  ADDITIONAL OUTPUT FOR
     CATEGORICAL, COUNT, AND NOMINAL VARIABLES MAY BE AVAILABLE USING TECH10.


TECHNICAL 11 OUTPUT

     Random Starts Specifications for the k-1 Class Analysis Model
        Number of initial stage random starts                 500
        Number of final stage optimizations                   100



     VUONG-LO-MENDELL-RUBIN LIKELIHOOD RATIO TEST FOR 1 (H0) VERSUS 2 CLASSES

          H0 Loglikelihood Value                       -11112.233
          2 Times the Loglikelihood Difference           3488.416
          Difference in the Number of Parameters                6
          Mean                                              5.347
          Standard Deviation                               10.603
          P-Value                                          0.0000

     LO-MENDELL-RUBIN ADJUSTED LRT TEST

          Value                                          3418.320
          P-Value                                          0.0000


TECHNICAL 14 OUTPUT

     Random Starts Specifications for the k-1 Class Analysis Model
        Number of initial stage random starts                 500
        Number of final stage optimizations                   100

     Random Starts Specification for the k-1 Class Model for Generated Data
        Number of initial stage random starts                   0
        Number of final stage optimizations for the
           initial stage random starts                          0
     Random Starts Specification for the k Class Model for Generated Data
        Number of initial stage random starts                  40
        Number of final stage optimizations                     8
     Number of bootstrap draws requested                   Varies


     PARAMETRIC BOOTSTRAPPED LIKELIHOOD RATIO TEST FOR 1 (H0) VERSUS 2 CLASSES

          H0 Loglikelihood Value                       -11112.233
          2 Times the Loglikelihood Difference           3488.416
          Difference in the Number of Parameters                6
          Approximate P-Value                              0.0000
          Successful Bootstrap Draws                            5


     Beginning Time:  16:12:02
        Ending Time:  16:12:10
       Elapsed Time:  00:00:08



MUTHEN & MUTHEN
3463 Stoner Ave.
Los Angeles, CA  90066

Tel: (310) 391-9971
Fax: (310) 391-8971
Web: www.StatModel.com
Support: Support@StatModel.com

Copyright (c) 1998-2024 Muthen & Muthen
