Mplus VERSION 8.11
MUTHEN & MUTHEN
06/05/2025   4:12 PM

INPUT INSTRUCTIONS

  TITLE:
  Math Attitudes: 4-Class
  DATA:
  FILE = "C:/Users/dnajiarch/Box/lca-bookdown/joint_occurrence/enum_math/
  data.dat";
  VARIABLE:
  NAMES = casenum gender math_enjoy math_useful math_logical math_job math_adult
       sci_enjoy sci_useful sci_logical sci_job sci_adult;
   MISSING=.;
   categorical = math_enjoy, math_useful, math_logical, math_job, math_adult;
  usevar = math_enjoy, math_useful, math_logical, math_job, math_adult;
  classes = c(4);
  ANALYSIS:
  estimator = mlr;
      type = mixture;
      processors = 12;
      starts = 500 100;
  OUTPUT:
  sampstat residual tech11 tech14;



*** WARNING in VARIABLE command
  Note that only the first 8 characters of variable names are used in the output.
  Shorten variable names to avoid any confusion.
*** WARNING in OUTPUT command
  SAMPSTAT option is not available when all outcomes are censored, ordered
  categorical, unordered categorical (nominal), count or continuous-time
  survival variables.  Request for SAMPSTAT is ignored.
*** WARNING
  Data set contains cases with missing on all variables.
  These cases were not included in the analysis.
  Number of cases with missing on all variables:  2558
   3 WARNING(S) FOUND IN THE INPUT INSTRUCTIONS




Math Attitudes: 4-Class

SUMMARY OF ANALYSIS

Number of groups                                                 1
Number of observations                                        3387

Number of dependent variables                                    5
Number of independent variables                                  0
Number of continuous latent variables                            0
Number of categorical latent variables                           1

Observed dependent variables

  Binary and ordered categorical (ordinal)
   MATH_ENJ    MATH_USE    MATH_LOG    MATH_JOB    MATH_ADU

Categorical latent variables
   C


Estimator                                                      MLR
Information matrix                                        OBSERVED
Optimization Specifications for the Quasi-Newton Algorithm for
Continuous Outcomes
  Maximum number of iterations                                 100
  Convergence criterion                                  0.100D-05
Optimization Specifications for the EM Algorithm
  Maximum number of iterations                                 500
  Convergence criteria
    Loglikelihood change                                 0.100D-06
    Relative loglikelihood change                        0.100D-06
    Derivative                                           0.100D-05
Optimization Specifications for the M step of the EM Algorithm for
Categorical Latent variables
  Number of M step iterations                                    1
  M step convergence criterion                           0.100D-05
  Basis for M step termination                           ITERATION
Optimization Specifications for the M step of the EM Algorithm for
Censored, Binary or Ordered Categorical (Ordinal), Unordered
Categorical (Nominal) and Count Outcomes
  Number of M step iterations                                    1
  M step convergence criterion                           0.100D-05
  Basis for M step termination                           ITERATION
  Maximum value for logit thresholds                            15
  Minimum value for logit thresholds                           -15
  Minimum expected cell size for chi-square              0.100D-01
Maximum number of iterations for H1                           2000
Convergence criterion for H1                             0.100D-03
Optimization algorithm                                         EMA
Random Starts Specifications
  Number of initial stage random starts                        500
  Number of final stage optimizations                          100
  Number of initial stage iterations                            10
  Initial stage convergence criterion                    0.100D+01
  Random starts scale                                    0.500D+01
  Random seed for generating random starts                       0
Link                                                         LOGIT

Input data file(s)
  C:/Users/dnajiarch/Box/lca-bookdown/joint_occurrence/enum_math/data.dat
Input data format  FREE


SUMMARY OF DATA

     Number of missing data patterns            16
     Number of y missing data patterns           0
     Number of u missing data patterns          16


COVARIANCE COVERAGE OF DATA

Minimum covariance coverage value   0.100


     PROPORTION OF DATA PRESENT FOR U


           Covariance Coverage
              MATH_ENJ      MATH_USE      MATH_LOG      MATH_JOB      MATH_ADU
              ________      ________      ________      ________      ________
 MATH_ENJ       0.997
 MATH_USE       0.990         0.991
 MATH_LOG       0.987         0.985         0.989
 MATH_JOB       0.984         0.981         0.980         0.986
 MATH_ADU       0.986         0.983         0.982         0.980         0.988


UNIVARIATE PROPORTIONS AND COUNTS FOR CATEGORICAL VARIABLES

    MATH_ENJ
      Category 1    0.453         1531.000
      Category 2    0.547         1847.000
    MATH_USE
      Category 1    0.365         1226.000
      Category 2    0.635         2131.000
    MATH_LOG
      Category 1    0.320         1071.000
      Category 2    0.680         2279.000
    MATH_JOB
      Category 1    0.433         1447.000
      Category 2    0.567         1891.000
    MATH_ADU
      Category 1    0.366         1226.000
      Category 2    0.634         2121.000


RANDOM STARTS RESULTS RANKED FROM THE BEST TO THE WORST LOGLIKELIHOOD VALUES

Final stage loglikelihood values at local maxima, seeds, and initial stage start numbers:

           -9204.494  830570           369
           -9204.494  321390           133
           -9204.494  635245           121
           -9204.494  939021           8
           -9204.494  440841           118
           -9204.494  364676           27
           -9204.494  814975           129
           -9204.494  391179           78
           -9204.494  314084           81
           -9204.494  252949           487
           -9204.494  748692           204
           -9204.494  152496           123
           -9204.494  438144           271
           -9204.494  963053           43
           -9204.494  508482           446
           -9204.494  813779           92
           -9204.494  481835           57
           -9204.494  124999           96
           -9204.494  972430           491
           -9204.494  105435           265
           -9204.494  358488           264
           -9204.494  787985           482
           -9204.494  383986           159
           -9204.494  848331           137
           -9204.494  340112           126
           -9204.494  691234           250
           -9204.494  268896           124
           -9204.494  369602           146
           -9204.494  568405           233
           -9204.498  724519           333
           -9204.498  608496           4
           -9205.061  292884           103
           -9217.762  967902           52
           -9217.762  789985           67
           -9241.351  284109           82

Unperturbed starting value run did not converge or was rejected in the third stage.

64 perturbed starting value run(s) did not converge or were rejected in the third stage.



THE BEST LOGLIKELIHOOD VALUE HAS BEEN REPLICATED.  RERUN WITH AT LEAST TWICE THE
RANDOM STARTS TO CHECK THAT THE BEST LOGLIKELIHOOD IS STILL OBTAINED AND REPLICATED.

     IN THE OPTIMIZATION, ONE OR MORE LOGIT THRESHOLDS APPROACHED EXTREME VALUES
     OF -15.000 AND 15.000 AND WERE FIXED TO STABILIZE MODEL ESTIMATION.  THESE
     VALUES IMPLY PROBABILITIES OF 0 AND 1.  IN THE MODEL RESULTS SECTION, THESE
     PARAMETERS HAVE 0 STANDARD ERRORS AND 999 IN THE Z-SCORE AND P-VALUE COLUMNS.




THE MODEL ESTIMATION TERMINATED NORMALLY



MODEL FIT INFORMATION

Number of Free Parameters                       23

Loglikelihood

          H0 Value                       -9204.494
          H0 Scaling Correction Factor      1.1684
            for MLR

Information Criteria

          Akaike (AIC)                   18454.989
          Bayesian (BIC)                 18595.926
          Sample-Size Adjusted BIC       18522.844
            (n* = (n + 2) / 24)

Chi-Square Test of Model Fit for the Binary and Ordered Categorical
(Ordinal) Outcomes

          Pearson Chi-Square

          Value                             15.211
          Degrees of Freedom                     8
          P-Value                           0.0552

          Likelihood Ratio Chi-Square

          Value                             14.911
          Degrees of Freedom                     8
          P-Value                           0.0609

Chi-Square Test for MCAR under the Unrestricted Latent Class Indicator Model

          Pearson Chi-Square

          Value                            156.348
          Degrees of Freedom                   119
          P-Value                           0.0123

          Likelihood Ratio Chi-Square

          Value                            114.848
          Degrees of Freedom                   119
          P-Value                           0.5906



FINAL CLASS COUNTS AND PROPORTIONS FOR THE LATENT CLASSES
BASED ON THE ESTIMATED MODEL

    Latent
   Classes

       1        606.16547          0.17897
       2        655.35526          0.19349
       3        563.93322          0.16650
       4       1561.54605          0.46104


FINAL CLASS COUNTS AND PROPORTIONS FOR THE LATENT CLASSES
BASED ON ESTIMATED POSTERIOR PROBABILITIES

    Latent
   Classes

       1        606.16547          0.17897
       2        655.35526          0.19349
       3        563.93322          0.16650
       4       1561.54605          0.46104


FINAL CLASS COUNTS AND PROPORTIONS FOR THE LATENT CLASSES
BASED ON THEIR MOST LIKELY LATENT CLASS MEMBERSHIP

Class Counts and Proportions

    Latent
   Classes

       1              539          0.15914
       2              537          0.15855
       3              602          0.17774
       4             1709          0.50458


CLASSIFICATION QUALITY

     Entropy                         0.702


Average Latent Class Probabilities for Most Likely Latent Class Membership (Row)
by Latent Class (Column)

           1        2        3        4

    1   0.824    0.098    0.048    0.030
    2   0.109    0.791    0.013    0.087
    3   0.075    0.041    0.881    0.003
    4   0.034    0.090    0.000    0.876


Classification Probabilities for the Most Likely Latent Class Membership (Column)
by Latent Class (Row)

           1        2        3        4

    1   0.733    0.096    0.074    0.097
    2   0.080    0.648    0.037    0.234
    3   0.046    0.013    0.941    0.000
    4   0.010    0.030    0.001    0.958


Logits for the Classification Probabilities for the Most Likely Latent Class Membership (Column)
by Latent Class (Row)

              1        2        3        4

    1      2.022   -0.008   -0.268    0.000
    2     -1.069    1.018   -1.836    0.000
    3      4.898    3.600    7.914    0.000
    4     -4.525   -3.465   -6.652    0.000


MODEL RESULTS

                                                    Two-Tailed
                    Estimate       S.E.  Est./S.E.    P-Value

Latent Class 1

 Thresholds
    MATH_ENJ$1         0.353      0.446      0.791      0.429
    MATH_USE$1         0.203      0.860      0.236      0.813
    MATH_LOG$1        -1.624      1.002     -1.621      0.105
    MATH_JOB$1         0.977      0.883      1.106      0.269
    MATH_ADU$1         1.910      4.692      0.407      0.684

Latent Class 2

 Thresholds
    MATH_ENJ$1         0.095      0.161      0.590      0.555
    MATH_USE$1        -0.139      0.289     -0.482      0.630
    MATH_LOG$1         0.432      2.169      0.199      0.842
    MATH_JOB$1        -0.286      0.342     -0.834      0.404
    MATH_ADU$1        -1.618      0.804     -2.012      0.044

Latent Class 3

 Thresholds
    MATH_ENJ$1         1.702      0.217      7.837      0.000
    MATH_USE$1         3.255      1.014      3.209      0.001
    MATH_LOG$1         4.554     21.974      0.207      0.836
    MATH_JOB$1         2.713      0.284      9.542      0.000
    MATH_ADU$1        15.000      0.000    999.000    999.000

Latent Class 4

 Thresholds
    MATH_ENJ$1        -1.208      0.154     -7.835      0.000
    MATH_USE$1        -3.275      1.205     -2.718      0.007
    MATH_LOG$1        -3.965      0.966     -4.105      0.000
    MATH_JOB$1        -1.818      0.126    -14.441      0.000
    MATH_ADU$1        -3.596      0.837     -4.295      0.000

Categorical Latent Variables

 Means
    C#1               -0.946      0.544     -1.739      0.082
    C#2               -0.868      1.282     -0.677      0.498
    C#3               -1.018      0.242     -4.210      0.000


QUALITY OF NUMERICAL RESULTS

     Condition Number for the Information Matrix              0.176E-04
       (ratio of smallest to largest eigenvalue)


RESULTS IN PROBABILITY SCALE

                                                    Two-Tailed
                    Estimate       S.E.  Est./S.E.    P-Value

Latent Class 1

 MATH_ENJOY
    Category 1         0.587      0.108      5.430      0.000
    Category 2         0.413      0.108      3.815      0.000
 MATH_USEFU
    Category 1         0.551      0.213      2.589      0.010
    Category 2         0.449      0.213      2.113      0.035
 MATH_LOGIC
    Category 1         0.165      0.138      1.195      0.232
    Category 2         0.835      0.138      6.061      0.000
 MATH_JOB
    Category 1         0.726      0.175      4.141      0.000
    Category 2         0.274      0.175      1.559      0.119
 MATH_ADULT
    Category 1         0.871      0.527      1.652      0.099
    Category 2         0.129      0.527      0.245      0.807

Latent Class 2

 MATH_ENJOY
    Category 1         0.524      0.040     13.070      0.000
    Category 2         0.476      0.040     11.887      0.000
 MATH_USEFU
    Category 1         0.465      0.072      6.476      0.000
    Category 2         0.535      0.072      7.443      0.000
 MATH_LOGIC
    Category 1         0.606      0.518      1.171      0.242
    Category 2         0.394      0.518      0.761      0.447
 MATH_JOB
    Category 1         0.429      0.084      5.117      0.000
    Category 2         0.571      0.084      6.808      0.000
 MATH_ADULT
    Category 1         0.165      0.111      1.490      0.136
    Category 2         0.835      0.111      7.516      0.000

Latent Class 3

 MATH_ENJOY
    Category 1         0.846      0.028     29.862      0.000
    Category 2         0.154      0.028      5.444      0.000
 MATH_USEFU
    Category 1         0.963      0.036     26.537      0.000
    Category 2         0.037      0.036      1.024      0.306
 MATH_LOGIC
    Category 1         0.990      0.226      4.369      0.000
    Category 2         0.010      0.226      0.046      0.963
 MATH_JOB
    Category 1         0.938      0.017     56.540      0.000
    Category 2         0.062      0.017      3.750      0.000
 MATH_ADULT
    Category 1         1.000      0.000      0.000      1.000
    Category 2         0.000      0.000      0.000      1.000

Latent Class 4

 MATH_ENJOY
    Category 1         0.230      0.027      8.421      0.000
    Category 2         0.770      0.027     28.193      0.000
 MATH_USEFU
    Category 1         0.036      0.042      0.861      0.389
    Category 2         0.964      0.042     22.775      0.000
 MATH_LOGIC
    Category 1         0.019      0.018      1.055      0.291
    Category 2         0.981      0.018     55.632      0.000
 MATH_JOB
    Category 1         0.140      0.015      9.230      0.000
    Category 2         0.860      0.015     56.877      0.000
 MATH_ADULT
    Category 1         0.027      0.022      1.227      0.220
    Category 2         0.973      0.022     44.731      0.000


LATENT CLASS INDICATOR ODDS RATIOS FOR THE LATENT CLASSES

                                                95% C.I.
                    Estimate       S.E.  Lower 2.5% Upper 2.5%

Latent Class 1 Compared to Latent Class 2

 MATH_ENJ
    Category > 1       0.772      0.424      0.263      2.267
 MATH_USE
    Category > 1       0.710      0.785      0.081      6.197
 MATH_LOG
    Category > 1       7.813     20.122      0.050   1216.686
 MATH_JOB
    Category > 1       0.283      0.172      0.086      0.929
 MATH_ADU
    Category > 1       0.029      0.129      0.000    165.366

Latent Class 1 Compared to Latent Class 3

 MATH_ENJ
    Category > 1       3.854      1.418      1.873      7.929
 MATH_USE
    Category > 1      21.149     19.976      3.321    134.671
 MATH_LOG
    Category > 1     482.007  10490.872      0.000  *********
 MATH_JOB
    Category > 1       5.677      5.121      0.969     33.260
 MATH_ADU
    Category > 1   *********      0.000  *********  *********

Latent Class 1 Compared to Latent Class 4

 MATH_ENJ
    Category > 1       0.210      0.121      0.068      0.647
 MATH_USE
    Category > 1       0.031      0.062      0.001      1.632
 MATH_LOG
    Category > 1       0.096      0.147      0.005      1.925
 MATH_JOB
    Category > 1       0.061      0.057      0.010      0.385
 MATH_ADU
    Category > 1       0.004      0.016      0.000      9.868

Latent Class 2 Compared to Latent Class 3

 MATH_ENJ
    Category > 1       4.989      1.562      2.701      9.215
 MATH_USE
    Category > 1      29.781     34.922      2.991    296.544
 MATH_LOG
    Category > 1      61.695   1482.597      0.000  *********
 MATH_JOB
    Category > 1      20.060      8.628      8.634     46.607
 MATH_ADU
    Category > 1   *********      0.000  *********  *********

Latent Class 2 Compared to Latent Class 4

 MATH_ENJ
    Category > 1       0.272      0.045      0.197      0.375
 MATH_USE
    Category > 1       0.043      0.042      0.006      0.293
 MATH_LOG
    Category > 1       0.012      0.022      0.000      0.387
 MATH_JOB
    Category > 1       0.216      0.088      0.097      0.482
 MATH_ADU
    Category > 1       0.138      0.129      0.022      0.857

Latent Class 3 Compared to Latent Class 4

 MATH_ENJ
    Category > 1       0.054      0.017      0.029      0.102
 MATH_USE
    Category > 1       0.001      0.003      0.000      0.061
 MATH_LOG
    Category > 1       0.000      0.004      0.000  *********
 MATH_JOB
    Category > 1       0.011      0.003      0.006      0.019
 MATH_ADU
    Category > 1       0.000      0.000      0.000      0.000


RESIDUAL OUTPUT


     RESIDUAL OUTPUT IS NOT AVAILABLE FOR THIS MODEL.  ADDITIONAL OUTPUT FOR
     CATEGORICAL, COUNT, AND NOMINAL VARIABLES MAY BE AVAILABLE USING TECH10.


TECHNICAL 11 OUTPUT

     Random Starts Specifications for the k-1 Class Analysis Model
        Number of initial stage random starts                 500
        Number of final stage optimizations                   100



     VUONG-LO-MENDELL-RUBIN LIKELIHOOD RATIO TEST FOR 3 (H0) VERSUS 4 CLASSES

          H0 Loglikelihood Value                        -9243.390
          2 Times the Loglikelihood Difference             77.791
          Difference in the Number of Parameters                6
          Mean                                             31.502
          Standard Deviation                               37.959
          P-Value                                          0.0987

     LO-MENDELL-RUBIN ADJUSTED LRT TEST

          Value                                            76.228
          P-Value                                          0.1024


TECHNICAL 14 OUTPUT

     Random Starts Specifications for the k-1 Class Analysis Model
        Number of initial stage random starts                 500
        Number of final stage optimizations                   100

     Random Starts Specification for the k-1 Class Model for Generated Data
        Number of initial stage random starts                   0
        Number of final stage optimizations for the
           initial stage random starts                          0
     Random Starts Specification for the k Class Model for Generated Data
        Number of initial stage random starts                  40
        Number of final stage optimizations                     8
     Number of bootstrap draws requested                   Varies


     PARAMETRIC BOOTSTRAPPED LIKELIHOOD RATIO TEST FOR 3 (H0) VERSUS 4 CLASSES

          H0 Loglikelihood Value                        -9243.390
          2 Times the Loglikelihood Difference             77.791
          Difference in the Number of Parameters                6
          Approximate P-Value                              0.0000
          Successful Bootstrap Draws                           10

     WARNING:  OF THE 10 BOOTSTRAP DRAWS, 9 DRAWS HAD BOTH A SMALLER LRT VALUE THAN THE
     OBSERVED LRT VALUE AND NOT A REPLICATED BEST LOGLIKELIHOOD VALUE FOR THE 4-CLASS MODEL.
     THIS MEANS THAT THE P-VALUE MAY NOT BE TRUSTWORTHY DUE TO LOCAL MAXIMA.
     INCREASE THE NUMBER OF RANDOM STARTS USING THE LRTSTARTS OPTION.



     Beginning Time:  16:12:36
        Ending Time:  16:12:49
       Elapsed Time:  00:00:13



MUTHEN & MUTHEN
3463 Stoner Ave.
Los Angeles, CA  90066

Tel: (310) 391-9971
Fax: (310) 391-8971
Web: www.StatModel.com
Support: Support@StatModel.com

Copyright (c) 1998-2024 Muthen & Muthen
