Mplus VERSION 8.11
MUTHEN & MUTHEN
06/05/2025   4:12 PM

INPUT INSTRUCTIONS

  TITLE:
  Math Attitudes: 5-Class
  DATA:
  FILE = "C:/Users/dnajiarch/Box/lca-bookdown/joint_occurrence/enum_math/
  data.dat";
  VARIABLE:
  NAMES = casenum gender math_enjoy math_useful math_logical math_job math_adult
       sci_enjoy sci_useful sci_logical sci_job sci_adult;
   MISSING=.;
   categorical = math_enjoy, math_useful, math_logical, math_job, math_adult;
  usevar = math_enjoy, math_useful, math_logical, math_job, math_adult;
  classes = c(5);
  ANALYSIS:
  estimator = mlr;
      type = mixture;
      processors = 12;
      starts = 500 100;
  OUTPUT:
  sampstat residual tech11 tech14;



*** WARNING in VARIABLE command
  Note that only the first 8 characters of variable names are used in the output.
  Shorten variable names to avoid any confusion.
*** WARNING in OUTPUT command
  SAMPSTAT option is not available when all outcomes are censored, ordered
  categorical, unordered categorical (nominal), count or continuous-time
  survival variables.  Request for SAMPSTAT is ignored.
*** WARNING
  Data set contains cases with missing on all variables.
  These cases were not included in the analysis.
  Number of cases with missing on all variables:  2558
   3 WARNING(S) FOUND IN THE INPUT INSTRUCTIONS




Math Attitudes: 5-Class

SUMMARY OF ANALYSIS

Number of groups                                                 1
Number of observations                                        3387

Number of dependent variables                                    5
Number of independent variables                                  0
Number of continuous latent variables                            0
Number of categorical latent variables                           1

Observed dependent variables

  Binary and ordered categorical (ordinal)
   MATH_ENJ    MATH_USE    MATH_LOG    MATH_JOB    MATH_ADU

Categorical latent variables
   C


Estimator                                                      MLR
Information matrix                                        OBSERVED
Optimization Specifications for the Quasi-Newton Algorithm for
Continuous Outcomes
  Maximum number of iterations                                 100
  Convergence criterion                                  0.100D-05
Optimization Specifications for the EM Algorithm
  Maximum number of iterations                                 500
  Convergence criteria
    Loglikelihood change                                 0.100D-06
    Relative loglikelihood change                        0.100D-06
    Derivative                                           0.100D-05
Optimization Specifications for the M step of the EM Algorithm for
Categorical Latent variables
  Number of M step iterations                                    1
  M step convergence criterion                           0.100D-05
  Basis for M step termination                           ITERATION
Optimization Specifications for the M step of the EM Algorithm for
Censored, Binary or Ordered Categorical (Ordinal), Unordered
Categorical (Nominal) and Count Outcomes
  Number of M step iterations                                    1
  M step convergence criterion                           0.100D-05
  Basis for M step termination                           ITERATION
  Maximum value for logit thresholds                            15
  Minimum value for logit thresholds                           -15
  Minimum expected cell size for chi-square              0.100D-01
Maximum number of iterations for H1                           2000
Convergence criterion for H1                             0.100D-03
Optimization algorithm                                         EMA
Random Starts Specifications
  Number of initial stage random starts                        500
  Number of final stage optimizations                          100
  Number of initial stage iterations                            10
  Initial stage convergence criterion                    0.100D+01
  Random starts scale                                    0.500D+01
  Random seed for generating random starts                       0
Link                                                         LOGIT

Input data file(s)
  C:/Users/dnajiarch/Box/lca-bookdown/joint_occurrence/enum_math/data.dat
Input data format  FREE


SUMMARY OF DATA

     Number of missing data patterns            16
     Number of y missing data patterns           0
     Number of u missing data patterns          16


COVARIANCE COVERAGE OF DATA

Minimum covariance coverage value   0.100


     PROPORTION OF DATA PRESENT FOR U


           Covariance Coverage
              MATH_ENJ      MATH_USE      MATH_LOG      MATH_JOB      MATH_ADU
              ________      ________      ________      ________      ________
 MATH_ENJ       0.997
 MATH_USE       0.990         0.991
 MATH_LOG       0.987         0.985         0.989
 MATH_JOB       0.984         0.981         0.980         0.986
 MATH_ADU       0.986         0.983         0.982         0.980         0.988


UNIVARIATE PROPORTIONS AND COUNTS FOR CATEGORICAL VARIABLES

    MATH_ENJ
      Category 1    0.453         1531.000
      Category 2    0.547         1847.000
    MATH_USE
      Category 1    0.365         1226.000
      Category 2    0.635         2131.000
    MATH_LOG
      Category 1    0.320         1071.000
      Category 2    0.680         2279.000
    MATH_JOB
      Category 1    0.433         1447.000
      Category 2    0.567         1891.000
    MATH_ADU
      Category 1    0.366         1226.000
      Category 2    0.634         2121.000


RANDOM STARTS RESULTS RANKED FROM THE BEST TO THE WORST LOGLIKELIHOOD VALUES

Final stage loglikelihood values at local maxima, seeds, and initial stage start numbers:

           -9197.508  476498           179
           -9197.508  342019           301
           -9197.508  715561           125
           -9197.508  568405           233
           -9197.508  802682           419
           -9197.508  691234           250
           -9197.508  436460           89
           -9197.508  350608           334
           -9197.508  438144           271
           -9197.508  471398           74
           -9197.508  164305           128
           -9197.508  696773           80
           -9197.508  232226           235
           -9197.508  65651            214
           -9197.508  526324           178
           -9197.508  950604           172
           -9197.508  922042           492
           -9197.508  751054           117
           -9197.508  292884           103
           -9197.508  801065           393
           -9197.508  856536           144
           -9197.508  565819           65
           -9197.508  948615           140
           -9197.508  967902           52
           -9197.522  544048           87
           -9199.392  456213           160
           -9199.392  576220           115
           -9199.392  369602           146
           -9199.392  152496           123
           -9201.342  136842           58
           -9202.446  405079           68
           -9202.840  311214           64
           -9204.033  592219           119
           -9213.041  603842           61

66 perturbed starting value run(s) did not converge or were rejected in the third stage.



THE BEST LOGLIKELIHOOD VALUE HAS BEEN REPLICATED.  RERUN WITH AT LEAST TWICE THE
RANDOM STARTS TO CHECK THAT THE BEST LOGLIKELIHOOD IS STILL OBTAINED AND REPLICATED.

     IN THE OPTIMIZATION, ONE OR MORE LOGIT THRESHOLDS APPROACHED EXTREME VALUES
     OF -15.000 AND 15.000 AND WERE FIXED TO STABILIZE MODEL ESTIMATION.  THESE
     VALUES IMPLY PROBABILITIES OF 0 AND 1.  IN THE MODEL RESULTS SECTION, THESE
     PARAMETERS HAVE 0 STANDARD ERRORS AND 999 IN THE Z-SCORE AND P-VALUE COLUMNS.




THE MODEL ESTIMATION TERMINATED NORMALLY



MODEL FIT INFORMATION

Number of Free Parameters                       29

Loglikelihood

          H0 Value                       -9197.508
          H0 Scaling Correction Factor      0.9996
            for MLR

Information Criteria

          Akaike (AIC)                   18453.015
          Bayesian (BIC)                 18630.719
          Sample-Size Adjusted BIC       18538.572
            (n* = (n + 2) / 24)

Chi-Square Test of Model Fit for the Binary and Ordered Categorical
(Ordinal) Outcomes

          Pearson Chi-Square

          Value                              0.725
          Degrees of Freedom                     2
          P-Value                           0.6958

          Likelihood Ratio Chi-Square

          Value                              0.938
          Degrees of Freedom                     2
          P-Value                           0.6257

Chi-Square Test for MCAR under the Unrestricted Latent Class Indicator Model

          Pearson Chi-Square

          Value                            156.348
          Degrees of Freedom                   119
          P-Value                           0.0123

          Likelihood Ratio Chi-Square

          Value                            114.848
          Degrees of Freedom                   119
          P-Value                           0.5906



FINAL CLASS COUNTS AND PROPORTIONS FOR THE LATENT CLASSES
BASED ON THE ESTIMATED MODEL

    Latent
   Classes

       1        321.71058          0.09498
       2       1556.86182          0.45966
       3        434.83707          0.12838
       4        611.10717          0.18043
       5        462.48335          0.13655


FINAL CLASS COUNTS AND PROPORTIONS FOR THE LATENT CLASSES
BASED ON ESTIMATED POSTERIOR PROBABILITIES

    Latent
   Classes

       1        321.71058          0.09498
       2       1556.86182          0.45966
       3        434.83707          0.12838
       4        611.10717          0.18043
       5        462.48335          0.13655


FINAL CLASS COUNTS AND PROPORTIONS FOR THE LATENT CLASSES
BASED ON THEIR MOST LIKELY LATENT CLASS MEMBERSHIP

Class Counts and Proportions

    Latent
   Classes

       1              333          0.09832
       2             1672          0.49365
       3              379          0.11190
       4              602          0.17774
       5              401          0.11839


CLASSIFICATION QUALITY

     Entropy                         0.723


Average Latent Class Probabilities for Most Likely Latent Class Membership (Row)
by Latent Class (Column)

           1        2        3        4        5

    1   0.681    0.025    0.087    0.205    0.002
    2   0.006    0.877    0.058    0.000    0.059
    3   0.101    0.078    0.703    0.000    0.118
    4   0.076    0.003    0.023    0.894    0.003
    5   0.002    0.128    0.071    0.011    0.788


Classification Probabilities for the Most Likely Latent Class Membership (Column)
by Latent Class (Row)

           1        2        3        4        5

    1   0.705    0.031    0.119    0.143    0.003
    2   0.005    0.941    0.019    0.001    0.033
    3   0.067    0.224    0.613    0.032    0.065
    4   0.111    0.000    0.000    0.881    0.007
    5   0.002    0.214    0.096    0.004    0.684


Logits for the Classification Probabilities for the Most Likely Latent Class Membership (Column)
by Latent Class (Row)

              1        2        3        4        5

    1      5.559    2.424    3.778    3.963    0.000
    2     -1.824    3.353   -0.546   -3.327    0.000
    3      0.024    1.234    2.242   -0.710    0.000
    4      2.749   -2.951   -3.853    4.816    0.000
    5     -5.979   -1.162   -1.958   -5.078    0.000


MODEL RESULTS

                                                    Two-Tailed
                    Estimate       S.E.  Est./S.E.    P-Value

Latent Class 1

 Thresholds
    MATH_ENJ$1        -0.153      0.285     -0.537      0.591
    MATH_USE$1        15.000      0.000    999.000    999.000
    MATH_LOG$1        -1.285      1.074     -1.197      0.231
    MATH_JOB$1         0.665      0.267      2.490      0.013
    MATH_ADU$1         1.329      0.678      1.959      0.050

Latent Class 2

 Thresholds
    MATH_ENJ$1        -1.281      0.088    -14.617      0.000
    MATH_USE$1        -3.265      0.377     -8.662      0.000
    MATH_LOG$1        -3.343      0.467     -7.155      0.000
    MATH_JOB$1        -2.011      0.155    -13.005      0.000
    MATH_ADU$1        -3.424      0.361     -9.474      0.000

Latent Class 3

 Thresholds
    MATH_ENJ$1         0.152      0.184      0.826      0.409
    MATH_USE$1         0.325      0.398      0.815      0.415
    MATH_LOG$1         0.659      0.548      1.201      0.230
    MATH_JOB$1        -0.425      0.234     -1.817      0.069
    MATH_ADU$1        -2.180      1.934     -1.127      0.260

Latent Class 4

 Thresholds
    MATH_ENJ$1         1.753      0.263      6.668      0.000
    MATH_USE$1         5.024      5.879      0.854      0.393
    MATH_LOG$1         2.162      0.528      4.092      0.000
    MATH_JOB$1         2.653      0.331      8.006      0.000
    MATH_ADU$1        15.000      0.000    999.000    999.000

Latent Class 5

 Thresholds
    MATH_ENJ$1         0.553      0.190      2.905      0.004
    MATH_USE$1       -15.000      0.000    999.000    999.000
    MATH_LOG$1        -0.972      0.482     -2.016      0.044
    MATH_JOB$1         0.905      0.307      2.947      0.003
    MATH_ADU$1         0.459      0.328      1.397      0.162

Categorical Latent Variables

 Means
    C#1               -0.363      0.298     -1.217      0.224
    C#2                1.214      0.262      4.628      0.000
    C#3               -0.062      0.706     -0.087      0.930
    C#4                0.279      0.326      0.854      0.393


QUALITY OF NUMERICAL RESULTS

     Condition Number for the Information Matrix              0.316E-04
       (ratio of smallest to largest eigenvalue)


RESULTS IN PROBABILITY SCALE

                                                    Two-Tailed
                    Estimate       S.E.  Est./S.E.    P-Value

Latent Class 1

 MATH_ENJOY
    Category 1         0.462      0.071      6.511      0.000
    Category 2         0.538      0.071      7.590      0.000
 MATH_USEFU
    Category 1         1.000      0.000      0.000      1.000
    Category 2         0.000      0.000      0.000      1.000
 MATH_LOGIC
    Category 1         0.217      0.182      1.189      0.235
    Category 2         0.783      0.182      4.297      0.000
 MATH_JOB
    Category 1         0.660      0.060     11.023      0.000
    Category 2         0.340      0.060      5.667      0.000
 MATH_ADULT
    Category 1         0.791      0.112      7.040      0.000
    Category 2         0.209      0.112      1.864      0.062

Latent Class 2

 MATH_ENJOY
    Category 1         0.217      0.015     14.584      0.000
    Category 2         0.783      0.015     52.493      0.000
 MATH_USEFU
    Category 1         0.037      0.013      2.754      0.006
    Category 2         0.963      0.013     72.122      0.000
 MATH_LOGIC
    Category 1         0.034      0.015      2.216      0.027
    Category 2         0.966      0.015     62.729      0.000
 MATH_JOB
    Category 1         0.118      0.016      7.334      0.000
    Category 2         0.882      0.016     54.773      0.000
 MATH_ADULT
    Category 1         0.032      0.011      2.857      0.004
    Category 2         0.968      0.011     87.688      0.000

Latent Class 3

 MATH_ENJOY
    Category 1         0.538      0.046     11.790      0.000
    Category 2         0.462      0.046     10.133      0.000
 MATH_USEFU
    Category 1         0.580      0.097      5.986      0.000
    Category 2         0.420      0.097      4.327      0.000
 MATH_LOGIC
    Category 1         0.659      0.123      5.346      0.000
    Category 2         0.341      0.123      2.767      0.006
 MATH_JOB
    Category 1         0.395      0.056      7.064      0.000
    Category 2         0.605      0.056     10.809      0.000
 MATH_ADULT
    Category 1         0.102      0.177      0.575      0.565
    Category 2         0.898      0.177      5.088      0.000

Latent Class 4

 MATH_ENJOY
    Category 1         0.852      0.033     25.758      0.000
    Category 2         0.148      0.033      4.463      0.000
 MATH_USEFU
    Category 1         0.993      0.038     26.016      0.000
    Category 2         0.007      0.038      0.171      0.864
 MATH_LOGIC
    Category 1         0.897      0.049     18.339      0.000
    Category 2         0.103      0.049      2.111      0.035
 MATH_JOB
    Category 1         0.934      0.020     45.872      0.000
    Category 2         0.066      0.020      3.230      0.001
 MATH_ADULT
    Category 1         1.000      0.000      0.000      1.000
    Category 2         0.000      0.000      0.000      1.000

Latent Class 5

 MATH_ENJOY
    Category 1         0.635      0.044     14.384      0.000
    Category 2         0.365      0.044      8.274      0.000
 MATH_USEFU
    Category 1         0.000      0.000      0.000      1.000
    Category 2         1.000      0.000      0.000      1.000
 MATH_LOGIC
    Category 1         0.275      0.096      2.859      0.004
    Category 2         0.725      0.096      7.556      0.000
 MATH_JOB
    Category 1         0.712      0.063     11.304      0.000
    Category 2         0.288      0.063      4.572      0.000
 MATH_ADULT
    Category 1         0.613      0.078      7.864      0.000
    Category 2         0.387      0.078      4.971      0.000


LATENT CLASS INDICATOR ODDS RATIOS FOR THE LATENT CLASSES

                                                95% C.I.
                    Estimate       S.E.  Lower 2.5% Upper 2.5%

Latent Class 1 Compared to Latent Class 2

 MATH_ENJ
    Category > 1       0.324      0.096      0.181      0.578
 MATH_USE
    Category > 1       0.000      0.000      0.000      0.000
 MATH_LOG
    Category > 1       0.128      0.138      0.015      1.067
 MATH_JOB
    Category > 1       0.069      0.021      0.037      0.127
 MATH_ADU
    Category > 1       0.009      0.007      0.002      0.039

Latent Class 1 Compared to Latent Class 3

 MATH_ENJ
    Category > 1       1.356      0.499      0.659      2.791
 MATH_USE
    Category > 1       0.000      0.000      0.000      0.000
 MATH_LOG
    Category > 1       6.986      8.643      0.618     78.960
 MATH_JOB
    Category > 1       0.336      0.116      0.171      0.661
 MATH_ADU
    Category > 1       0.030      0.060      0.001      1.512

Latent Class 1 Compared to Latent Class 4

 MATH_ENJ
    Category > 1       6.727      2.321      3.421     13.227
 MATH_USE
    Category > 1       0.000      0.000      0.000      0.000
 MATH_LOG
    Category > 1      31.415     34.987      3.541    278.709
 MATH_JOB
    Category > 1       7.303      2.764      3.478     15.335
 MATH_ADU
    Category > 1   *********      0.000  *********  *********

Latent Class 1 Compared to Latent Class 5

 MATH_ENJ
    Category > 1       2.026      0.682      1.048      3.920
 MATH_USE
    Category > 1       0.000      0.000      0.000      0.000
 MATH_LOG
    Category > 1       1.368      1.175      0.254      7.368
 MATH_JOB
    Category > 1       1.271      0.461      0.625      2.587
 MATH_ADU
    Category > 1       0.419      0.266      0.121      1.453

Latent Class 2 Compared to Latent Class 3

 MATH_ENJ
    Category > 1       4.188      0.827      2.844      6.168
 MATH_USE
    Category > 1      36.228     18.905     13.027    100.750
 MATH_LOG
    Category > 1      54.703     35.006     15.606    191.750
 MATH_JOB
    Category > 1       4.881      1.377      2.807      8.487
 MATH_ADU
    Category > 1       3.471      6.623      0.082    146.064

Latent Class 2 Compared to Latent Class 4

 MATH_ENJ
    Category > 1      20.773      5.903     11.902     36.257
 MATH_USE
    Category > 1    3979.513  23464.805      0.038  *********
 MATH_LOG
    Category > 1     246.003    178.986     59.104   1023.919
 MATH_JOB
    Category > 1     106.076     39.046     51.556    218.247
 MATH_ADU
    Category > 1   *********      0.000  *********  *********

Latent Class 2 Compared to Latent Class 5

 MATH_ENJ
    Category > 1       6.258      1.223      4.267      9.177
 MATH_USE
    Category > 1       0.000      0.000      0.000      0.000
 MATH_LOG
    Category > 1      10.714      5.426      3.971     28.910
 MATH_JOB
    Category > 1      18.464      5.890      9.880     34.503
 MATH_ADU
    Category > 1      48.556     20.814     20.958    112.494

Latent Class 3 Compared to Latent Class 4

 MATH_ENJ
    Category > 1       4.960      1.549      2.690      9.147
 MATH_USE
    Category > 1     109.846    625.800      0.002  *********
 MATH_LOG
    Category > 1       4.497      3.382      1.030     19.641
 MATH_JOB
    Category > 1      21.733      9.052      9.607     49.165
 MATH_ADU
    Category > 1   *********      0.000  *********  *********

Latent Class 3 Compared to Latent Class 5

 MATH_ENJ
    Category > 1       1.494      0.420      0.861      2.594
 MATH_USE
    Category > 1       0.000      0.000      0.000      0.000
 MATH_LOG
    Category > 1       0.196      0.139      0.049      0.790
 MATH_JOB
    Category > 1       3.783      1.285      1.944      7.363
 MATH_ADU
    Category > 1      13.989     27.280      0.306    639.432

Latent Class 4 Compared to Latent Class 5

 MATH_ENJ
    Category > 1       0.301      0.100      0.157      0.578
 MATH_USE
    Category > 1       0.000      0.000      0.000      0.000
 MATH_LOG
    Category > 1       0.044      0.030      0.011      0.171
 MATH_JOB
    Category > 1       0.174      0.071      0.079      0.386
 MATH_ADU
    Category > 1       0.000      0.000      0.000      0.000


RESIDUAL OUTPUT


     RESIDUAL OUTPUT IS NOT AVAILABLE FOR THIS MODEL.  ADDITIONAL OUTPUT FOR
     CATEGORICAL, COUNT, AND NOMINAL VARIABLES MAY BE AVAILABLE USING TECH10.


TECHNICAL 11 OUTPUT

     Random Starts Specifications for the k-1 Class Analysis Model
        Number of initial stage random starts                 500
        Number of final stage optimizations                   100



     VUONG-LO-MENDELL-RUBIN LIKELIHOOD RATIO TEST FOR 4 (H0) VERSUS 5 CLASSES

          H0 Loglikelihood Value                        -9204.494
          2 Times the Loglikelihood Difference             13.973
          Difference in the Number of Parameters                6
          Mean                                            -21.347
          Standard Deviation                               36.592
          P-Value                                          0.0031

     LO-MENDELL-RUBIN ADJUSTED LRT TEST

          Value                                            13.693
          P-Value                                          0.0034


TECHNICAL 14 OUTPUT

     Random Starts Specifications for the k-1 Class Analysis Model
        Number of initial stage random starts                 500
        Number of final stage optimizations                   100

     Random Starts Specification for the k-1 Class Model for Generated Data
        Number of initial stage random starts                   0
        Number of final stage optimizations for the
           initial stage random starts                          0
     Random Starts Specification for the k Class Model for Generated Data
        Number of initial stage random starts                  40
        Number of final stage optimizations                     8
     Number of bootstrap draws requested                   Varies


     PARAMETRIC BOOTSTRAPPED LIKELIHOOD RATIO TEST FOR 4 (H0) VERSUS 5 CLASSES

          H0 Loglikelihood Value                        -9204.494
          2 Times the Loglikelihood Difference             13.973
          Difference in the Number of Parameters                6
          Approximate P-Value                              0.0400
          Successful Bootstrap Draws                          100

     WARNING:  OF THE 100 BOOTSTRAP DRAWS, 74 DRAWS HAD BOTH A SMALLER LRT VALUE THAN THE
     OBSERVED LRT VALUE AND NOT A REPLICATED BEST LOGLIKELIHOOD VALUE FOR THE 5-CLASS MODEL.
     THIS MEANS THAT THE P-VALUE MAY NOT BE TRUSTWORTHY DUE TO LOCAL MAXIMA.
     INCREASE THE NUMBER OF RANDOM STARTS USING THE LRTSTARTS OPTION.



     Beginning Time:  16:12:58
        Ending Time:  16:13:44
       Elapsed Time:  00:00:46



MUTHEN & MUTHEN
3463 Stoner Ave.
Los Angeles, CA  90066

Tel: (310) 391-9971
Fax: (310) 391-8971
Web: www.StatModel.com
Support: Support@StatModel.com

Copyright (c) 1998-2024 Muthen & Muthen
