Mplus VERSION 8.11
MUTHEN & MUTHEN
06/05/2025   4:13 PM

INPUT INSTRUCTIONS

  TITLE:
  Math Attitudes: 6-Class
  DATA:
  FILE = "C:/Users/dnajiarch/Box/lca-bookdown/joint_occurrence/enum_math/
  data.dat";
  VARIABLE:
  NAMES = casenum gender math_enjoy math_useful math_logical math_job math_adult
       sci_enjoy sci_useful sci_logical sci_job sci_adult;
   MISSING=.;
   categorical = math_enjoy, math_useful, math_logical, math_job, math_adult;
  usevar = math_enjoy, math_useful, math_logical, math_job, math_adult;
  classes = c(6);
  ANALYSIS:
  estimator = mlr;
      type = mixture;
      processors = 12;
      starts = 500 100;
  OUTPUT:
  sampstat residual tech11 tech14;



*** WARNING in VARIABLE command
  Note that only the first 8 characters of variable names are used in the output.
  Shorten variable names to avoid any confusion.
*** WARNING in OUTPUT command
  SAMPSTAT option is not available when all outcomes are censored, ordered
  categorical, unordered categorical (nominal), count or continuous-time
  survival variables.  Request for SAMPSTAT is ignored.
*** WARNING
  Data set contains cases with missing on all variables.
  These cases were not included in the analysis.
  Number of cases with missing on all variables:  2558
   3 WARNING(S) FOUND IN THE INPUT INSTRUCTIONS




Math Attitudes: 6-Class

SUMMARY OF ANALYSIS

Number of groups                                                 1
Number of observations                                        3387

Number of dependent variables                                    5
Number of independent variables                                  0
Number of continuous latent variables                            0
Number of categorical latent variables                           1

Observed dependent variables

  Binary and ordered categorical (ordinal)
   MATH_ENJ    MATH_USE    MATH_LOG    MATH_JOB    MATH_ADU

Categorical latent variables
   C


Estimator                                                      MLR
Information matrix                                        OBSERVED
Optimization Specifications for the Quasi-Newton Algorithm for
Continuous Outcomes
  Maximum number of iterations                                 100
  Convergence criterion                                  0.100D-05
Optimization Specifications for the EM Algorithm
  Maximum number of iterations                                 500
  Convergence criteria
    Loglikelihood change                                 0.100D-06
    Relative loglikelihood change                        0.100D-06
    Derivative                                           0.100D-05
Optimization Specifications for the M step of the EM Algorithm for
Categorical Latent variables
  Number of M step iterations                                    1
  M step convergence criterion                           0.100D-05
  Basis for M step termination                           ITERATION
Optimization Specifications for the M step of the EM Algorithm for
Censored, Binary or Ordered Categorical (Ordinal), Unordered
Categorical (Nominal) and Count Outcomes
  Number of M step iterations                                    1
  M step convergence criterion                           0.100D-05
  Basis for M step termination                           ITERATION
  Maximum value for logit thresholds                            15
  Minimum value for logit thresholds                           -15
  Minimum expected cell size for chi-square              0.100D-01
Maximum number of iterations for H1                           2000
Convergence criterion for H1                             0.100D-03
Optimization algorithm                                         EMA
Random Starts Specifications
  Number of initial stage random starts                        500
  Number of final stage optimizations                          100
  Number of initial stage iterations                            10
  Initial stage convergence criterion                    0.100D+01
  Random starts scale                                    0.500D+01
  Random seed for generating random starts                       0
Link                                                         LOGIT

Input data file(s)
  C:/Users/dnajiarch/Box/lca-bookdown/joint_occurrence/enum_math/data.dat
Input data format  FREE


SUMMARY OF DATA

     Number of missing data patterns            16
     Number of y missing data patterns           0
     Number of u missing data patterns          16


COVARIANCE COVERAGE OF DATA

Minimum covariance coverage value   0.100


     PROPORTION OF DATA PRESENT FOR U


           Covariance Coverage
              MATH_ENJ      MATH_USE      MATH_LOG      MATH_JOB      MATH_ADU
              ________      ________      ________      ________      ________
 MATH_ENJ       0.997
 MATH_USE       0.990         0.991
 MATH_LOG       0.987         0.985         0.989
 MATH_JOB       0.984         0.981         0.980         0.986
 MATH_ADU       0.986         0.983         0.982         0.980         0.988


UNIVARIATE PROPORTIONS AND COUNTS FOR CATEGORICAL VARIABLES

    MATH_ENJ
      Category 1    0.453         1531.000
      Category 2    0.547         1847.000
    MATH_USE
      Category 1    0.365         1226.000
      Category 2    0.635         2131.000
    MATH_LOG
      Category 1    0.320         1071.000
      Category 2    0.680         2279.000
    MATH_JOB
      Category 1    0.433         1447.000
      Category 2    0.567         1891.000
    MATH_ADU
      Category 1    0.366         1226.000
      Category 2    0.634         2121.000


RANDOM STARTS RESULTS RANKED FROM THE BEST TO THE WORST LOGLIKELIHOOD VALUES

Final stage loglikelihood values at local maxima, seeds, and initial stage start numbers:

           -9197.039  59674            240
           -9197.039  509733           130
           -9197.039  950604           172
           -9197.039  49221            254
           -9197.039  1548             384
           -9197.039  784664           75
           -9197.039  188498           258
           -9197.039  533738           11
           -9197.039  748692           204
           -9197.039  350608           334
           -9197.039  576596           99
           -9197.039  80438            246
           -9197.039  636396           168
           -9197.039  282464           283
           -9197.039  414828           322
           -9197.040  717754           180
           -9197.040  21132            351
           -9197.040  691234           250
           -9197.040  329127           185
           -9197.053  903369           134
           -9197.151  73576            213
           -9197.152  268217           83
           -9197.152  436460           89
           -9197.152  606576           151
           -9197.153  471438           252
           -9197.188  471398           74
           -9197.208  371246           101
           -9197.231  534864           307
           -9197.236  967902           52
           -9197.250  484501           163
           -9197.326  603842           61
           -9197.340  247224           94
           -9197.341  127215           9
           -9197.377  311214           64
           -9197.430  100874           108
           -9197.459  782200           84
           -9198.172  948615           140
           -9199.114  963053           43
           -9199.744  481835           57

61 perturbed starting value run(s) did not converge or were rejected in the third stage.



THE BEST LOGLIKELIHOOD VALUE HAS BEEN REPLICATED.  RERUN WITH AT LEAST TWICE THE
RANDOM STARTS TO CHECK THAT THE BEST LOGLIKELIHOOD IS STILL OBTAINED AND REPLICATED.

     IN THE OPTIMIZATION, ONE OR MORE LOGIT THRESHOLDS APPROACHED EXTREME VALUES
     OF -15.000 AND 15.000 AND WERE FIXED TO STABILIZE MODEL ESTIMATION.  THESE
     VALUES IMPLY PROBABILITIES OF 0 AND 1.  IN THE MODEL RESULTS SECTION, THESE
     PARAMETERS HAVE 0 STANDARD ERRORS AND 999 IN THE Z-SCORE AND P-VALUE COLUMNS.

     ONE OR MORE PARAMETERS WERE FIXED TO AVOID SINGULARITY OF THE
     INFORMATION MATRIX. THE SINGULARITY IS MOST LIKELY BECAUSE THE
     MODEL IS NOT IDENTIFIED, OR BECAUSE OF EMPTY CELLS IN THE JOINT
     DISTRIBUTION OF THE CATEGORICAL VARIABLES IN THE MODEL.
     THE FOLLOWING PARAMETERS WERE FIXED:
     Parameter 28, %C#6%: [ MATH_LOGICAL$1 ]
     Parameter 30, %C#6%: [ MATH_ADULT$1 ]
     Parameter 31, [ C#1 ]
     Parameter 33, [ C#3 ]
     Parameter 34, [ C#4 ]
     Parameter 35, [ C#5 ]
     Parameter 2, %C#1%: [ MATH_USEFUL$1 ]




THE MODEL ESTIMATION TERMINATED NORMALLY

     THE DEGREES OF FREEDOM FOR THIS MODEL ARE NEGATIVE.  THE MODEL IS NOT
     IDENTIFIED OR TOO MANY CELLS WERE DELETED.  A CHI-SQUARE TEST IS NOT
     AVAILABLE.



MODEL FIT INFORMATION

Number of Free Parameters                       35

Loglikelihood

          H0 Value                       -9197.039
          H0 Scaling Correction Factor      0.8000
            for MLR

Information Criteria

          Akaike (AIC)                   18464.078
          Bayesian (BIC)                 18678.547
          Sample-Size Adjusted BIC       18567.336
            (n* = (n + 2) / 24)



FINAL CLASS COUNTS AND PROPORTIONS FOR THE LATENT CLASSES
BASED ON THE ESTIMATED MODEL

    Latent
   Classes

       1        128.89904          0.03806
       2        119.76145          0.03536
       3        243.15262          0.07179
       4        623.90288          0.18421
       5        660.60141          0.19504
       6       1610.68260          0.47555


FINAL CLASS COUNTS AND PROPORTIONS FOR THE LATENT CLASSES
BASED ON ESTIMATED POSTERIOR PROBABILITIES

    Latent
   Classes

       1        128.89904          0.03806
       2        119.76145          0.03536
       3        243.15262          0.07179
       4        623.90288          0.18421
       5        660.60141          0.19504
       6       1610.68260          0.47555


FINAL CLASS COUNTS AND PROPORTIONS FOR THE LATENT CLASSES
BASED ON THEIR MOST LIKELY LATENT CLASS MEMBERSHIP

Class Counts and Proportions

    Latent
   Classes

       1              139          0.04104
       2              125          0.03691
       3              257          0.07588
       4              671          0.19811
       5              518          0.15294
       6             1677          0.49513


CLASSIFICATION QUALITY

     Entropy                         0.732


Average Latent Class Probabilities for Most Likely Latent Class Membership (Row)
by Latent Class (Column)

           1        2        3        4        5        6

    1   0.550    0.065    0.022    0.105    0.242    0.015
    2   0.024    0.456    0.037    0.143    0.226    0.114
    3   0.026    0.109    0.619    0.009    0.172    0.065
    4   0.027    0.001    0.008    0.864    0.097    0.003
    5   0.030    0.024    0.064    0.018    0.738    0.127
    6   0.005    0.008    0.023    0.000    0.064    0.900


Classification Probabilities for the Most Likely Latent Class Membership (Column)
by Latent Class (Row)

           1        2        3        4        5        6

    1   0.593    0.023    0.052    0.143    0.120    0.068
    2   0.076    0.476    0.233    0.007    0.102    0.106
    3   0.013    0.019    0.655    0.021    0.136    0.157
    4   0.023    0.029    0.004    0.929    0.015    0.000
    5   0.051    0.043    0.067    0.098    0.579    0.162
    6   0.001    0.009    0.010    0.001    0.041    0.937


Logits for the Classification Probabilities for the Most Likely Latent Class Membership (Column)
by Latent Class (Row)

              1        2        3        4        5        6

    1      2.163   -1.076   -0.265    0.741    0.563    0.000
    2     -0.333    1.504    0.790   -2.736   -0.038    0.000
    3     -2.522   -2.124    1.427   -2.019   -0.145    0.000
    4      4.037    4.237    2.195    7.716    3.570    0.000
    5     -1.159   -1.334   -0.886   -0.500    1.273    0.000
    6     -6.562   -4.659   -4.508   -6.609   -3.136    0.000


MODEL RESULTS

                                                    Two-Tailed
                    Estimate       S.E.  Est./S.E.    P-Value

Latent Class 1

 Thresholds
    MATH_ENJ$1        -2.561      4.211     -0.608      0.543
    MATH_USE$1        10.774      0.000    999.000    999.000
    MATH_LOG$1        -1.246      1.123     -1.109      0.267
    MATH_JOB$1         0.616      0.574      1.074      0.283
    MATH_ADU$1         1.178      0.620      1.901      0.057

Latent Class 2

 Thresholds
    MATH_ENJ$1         1.448      2.368      0.611      0.541
    MATH_USE$1         1.326      1.481      0.896      0.370
    MATH_LOG$1         0.051      1.133      0.045      0.964
    MATH_JOB$1       -15.000      0.000    999.000    999.000
    MATH_ADU$1         0.106      0.894      0.119      0.905

Latent Class 3

 Thresholds
    MATH_ENJ$1        -0.045      0.312     -0.145      0.885
    MATH_USE$1         0.068      0.345      0.198      0.843
    MATH_LOG$1         2.865      7.001      0.409      0.682
    MATH_JOB$1        -0.358      0.372     -0.963      0.336
    MATH_ADU$1        -2.471      2.750     -0.898      0.369

Latent Class 4

 Thresholds
    MATH_ENJ$1         1.772      0.253      6.999      0.000
    MATH_USE$1         4.312      2.348      1.836      0.066
    MATH_LOG$1         1.849      0.302      6.126      0.000
    MATH_JOB$1         3.331      1.689      1.973      0.049
    MATH_ADU$1         5.434      7.019      0.774      0.439

Latent Class 5

 Thresholds
    MATH_ENJ$1         0.542      0.163      3.338      0.001
    MATH_USE$1        -0.852      0.281     -3.028      0.002
    MATH_LOG$1        -1.038      0.442     -2.351      0.019
    MATH_JOB$1         1.053      0.290      3.626      0.000
    MATH_ADU$1         0.336      0.253      1.329      0.184

Latent Class 6

 Thresholds
    MATH_ENJ$1        -1.248      0.074    -16.820      0.000
    MATH_USE$1        -3.005      0.349     -8.619      0.000
    MATH_LOG$1        -3.396      0.000    999.000    999.000
    MATH_JOB$1        -1.997      0.135    -14.820      0.000
    MATH_ADU$1        -3.339      0.000    999.000    999.000

Categorical Latent Variables

 Means
    C#1               -2.525      0.000    999.000    999.000
    C#2               -2.599      0.800     -3.250      0.001
    C#3               -1.891      0.000    999.000    999.000
    C#4               -0.948      0.000    999.000    999.000
    C#5               -0.891      0.000    999.000    999.000


QUALITY OF NUMERICAL RESULTS

     Condition Number for the Information Matrix              0.506E-04
       (ratio of smallest to largest eigenvalue)


RESULTS IN PROBABILITY SCALE

                                                    Two-Tailed
                    Estimate       S.E.  Est./S.E.    P-Value

Latent Class 1

 MATH_ENJOY
    Category 1         0.072      0.280      0.256      0.798
    Category 2         0.928      0.280      3.313      0.001
 MATH_USEFU
    Category 1         1.000      0.000      0.000      1.000
    Category 2         0.000      0.000      0.000      1.000
 MATH_LOGIC
    Category 1         0.223      0.195      1.146      0.252
    Category 2         0.777      0.195      3.985      0.000
 MATH_JOB
    Category 1         0.649      0.131      4.972      0.000
    Category 2         0.351      0.131      2.685      0.007
 MATH_ADULT
    Category 1         0.765      0.112      6.856      0.000
    Category 2         0.235      0.112      2.111      0.035

Latent Class 2

 MATH_ENJOY
    Category 1         0.810      0.365      2.219      0.027
    Category 2         0.190      0.365      0.522      0.602
 MATH_USEFU
    Category 1         0.790      0.245      3.220      0.001
    Category 2         0.210      0.245      0.855      0.393
 MATH_LOGIC
    Category 1         0.513      0.283      1.812      0.070
    Category 2         0.487      0.283      1.721      0.085
 MATH_JOB
    Category 1         0.000      0.000      0.000      1.000
    Category 2         1.000      0.000      0.000      1.000
 MATH_ADULT
    Category 1         0.527      0.223      2.364      0.018
    Category 2         0.473      0.223      2.125      0.034

Latent Class 3

 MATH_ENJOY
    Category 1         0.489      0.078      6.278      0.000
    Category 2         0.511      0.078      6.567      0.000
 MATH_USEFU
    Category 1         0.517      0.086      6.002      0.000
    Category 2         0.483      0.086      5.605      0.000
 MATH_LOGIC
    Category 1         0.946      0.357      2.650      0.008
    Category 2         0.054      0.357      0.151      0.880
 MATH_JOB
    Category 1         0.411      0.090      4.574      0.000
    Category 2         0.589      0.090      6.541      0.000
 MATH_ADULT
    Category 1         0.078      0.198      0.394      0.693
    Category 2         0.922      0.198      4.665      0.000

Latent Class 4

 MATH_ENJOY
    Category 1         0.855      0.031     27.185      0.000
    Category 2         0.145      0.031      4.621      0.000
 MATH_USEFU
    Category 1         0.987      0.031     32.185      0.000
    Category 2         0.013      0.031      0.432      0.666
 MATH_LOGIC
    Category 1         0.864      0.035     24.361      0.000
    Category 2         0.136      0.035      3.835      0.000
 MATH_JOB
    Category 1         0.965      0.056     17.159      0.000
    Category 2         0.035      0.056      0.613      0.540
 MATH_ADULT
    Category 1         0.996      0.030     32.781      0.000
    Category 2         0.004      0.030      0.143      0.886

Latent Class 5

 MATH_ENJOY
    Category 1         0.632      0.038     16.738      0.000
    Category 2         0.368      0.038      9.731      0.000
 MATH_USEFU
    Category 1         0.299      0.059      5.071      0.000
    Category 2         0.701      0.059     11.886      0.000
 MATH_LOGIC
    Category 1         0.262      0.085      3.066      0.002
    Category 2         0.738      0.085      8.658      0.000
 MATH_JOB
    Category 1         0.741      0.056     13.313      0.000
    Category 2         0.259      0.056      4.647      0.000
 MATH_ADULT
    Category 1         0.583      0.061      9.493      0.000
    Category 2         0.417      0.061      6.786      0.000

Latent Class 6

 MATH_ENJOY
    Category 1         0.223      0.013     17.354      0.000
    Category 2         0.777      0.013     60.427      0.000
 MATH_USEFU
    Category 1         0.047      0.016      3.010      0.003
    Category 2         0.953      0.016     60.760      0.000
 MATH_LOGIC
    Category 1         0.032      0.000      0.000      1.000
    Category 2         0.968      0.000      0.000      1.000
 MATH_JOB
    Category 1         0.120      0.014      8.430      0.000
    Category 2         0.880      0.014     62.089      0.000
 MATH_ADULT
    Category 1         0.034      0.000      0.000      1.000
    Category 2         0.966      0.000      0.000      1.000


LATENT CLASS INDICATOR ODDS RATIOS FOR THE LATENT CLASSES

                                                95% C.I.
                    Estimate       S.E.  Lower 2.5% Upper 2.5%

Latent Class 1 Compared to Latent Class 2

 MATH_ENJ
    Category > 1      55.088    336.322      0.000  *********
 MATH_USE
    Category > 1       0.000      0.000      0.000      0.001
 MATH_LOG
    Category > 1       3.660      5.584      0.184     72.828
 MATH_JOB
    Category > 1       0.000      0.000      0.000      0.000
 MATH_ADU
    Category > 1       0.343      0.322      0.054      2.158

Latent Class 1 Compared to Latent Class 3

 MATH_ENJ
    Category > 1      12.381     51.456      0.004  42708.344
 MATH_USE
    Category > 1       0.000      0.000      0.000      0.000
 MATH_LOG
    Category > 1      61.013    445.701      0.000  *********
 MATH_JOB
    Category > 1       0.378      0.222      0.119      1.195
 MATH_ADU
    Category > 1       0.026      0.078      0.000      9.216

Latent Class 1 Compared to Latent Class 4

 MATH_ENJ
    Category > 1      76.186    334.777      0.014  *********
 MATH_USE
    Category > 1       0.002      0.004      0.000      0.156
 MATH_LOG
    Category > 1      22.083     29.364      1.630    299.190
 MATH_JOB
    Category > 1      15.106     25.574      0.547    417.098
 MATH_ADU
    Category > 1      70.544    503.348      0.000  *********

Latent Class 1 Compared to Latent Class 5

 MATH_ENJ
    Category > 1      22.278     94.230      0.006  88776.148
 MATH_USE
    Category > 1       0.000      0.000      0.000      0.000
 MATH_LOG
    Category > 1       1.231      1.436      0.125     12.107
 MATH_JOB
    Category > 1       1.547      1.012      0.429      5.575
 MATH_ADU
    Category > 1       0.431      0.300      0.110      1.691

Latent Class 1 Compared to Latent Class 6

 MATH_ENJ
    Category > 1       3.720     15.662      0.001  14284.043
 MATH_USE
    Category > 1       0.000      0.000      0.000      0.000
 MATH_LOG
    Category > 1       0.117      0.131      0.013      1.053
 MATH_JOB
    Category > 1       0.073      0.043      0.023      0.233
 MATH_ADU
    Category > 1       0.011      0.007      0.003      0.037

Latent Class 2 Compared to Latent Class 3

 MATH_ENJ
    Category > 1       0.225      0.545      0.002     26.165
 MATH_USE
    Category > 1       0.284      0.483      0.010      7.966
 MATH_LOG
    Category > 1      16.671    130.603      0.000  *********
 MATH_JOB
    Category > 1   *********      0.000  *********  *********
 MATH_ADU
    Category > 1       0.076      0.249      0.000     46.907

Latent Class 2 Compared to Latent Class 4

 MATH_ENJ
    Category > 1       1.383      3.119      0.017    114.985
 MATH_USE
    Category > 1      19.797     55.407      0.082   4774.327
 MATH_LOG
    Category > 1       6.034      7.420      0.542     67.194
 MATH_JOB
    Category > 1   *********      0.000  *********  *********
 MATH_ADU
    Category > 1     205.962   1552.782      0.000  *********

Latent Class 2 Compared to Latent Class 5

 MATH_ENJ
    Category > 1       0.404      0.967      0.004     43.825
 MATH_USE
    Category > 1       0.113      0.179      0.005      2.516
 MATH_LOG
    Category > 1       0.336      0.358      0.042      2.708
 MATH_JOB
    Category > 1   *********      0.000  *********  *********
 MATH_ADU
    Category > 1       1.258      1.175      0.201      7.851

Latent Class 2 Compared to Latent Class 6

 MATH_ENJ
    Category > 1       0.068      0.160      0.001      6.974
 MATH_USE
    Category > 1       0.013      0.020      0.001      0.248
 MATH_LOG
    Category > 1       0.032      0.036      0.003      0.293
 MATH_JOB
    Category > 1   *********      0.000  *********  *********
 MATH_ADU
    Category > 1       0.032      0.029      0.006      0.184

Latent Class 3 Compared to Latent Class 4

 MATH_ENJ
    Category > 1       6.154      2.594      2.693     14.060
 MATH_USE
    Category > 1      69.644    165.288      0.665   7295.993
 MATH_LOG
    Category > 1       0.362      2.508      0.000  *********
 MATH_JOB
    Category > 1      40.007     70.243      1.281   1249.333
 MATH_ADU
    Category > 1    2709.940  18165.895      0.005  *********

Latent Class 3 Compared to Latent Class 5

 MATH_ENJ
    Category > 1       1.799      0.684      0.855      3.789
 MATH_USE
    Category > 1       0.398      0.169      0.173      0.917
 MATH_LOG
    Category > 1       0.020      0.149      0.000  37891.797
 MATH_JOB
    Category > 1       4.097      2.068      1.524     11.017
 MATH_ADU
    Category > 1      16.549     48.096      0.056   4927.882

Latent Class 3 Compared to Latent Class 6

 MATH_ENJ
    Category > 1       0.300      0.096      0.160      0.563
 MATH_USE
    Category > 1       0.046      0.021      0.019      0.111
 MATH_LOG
    Category > 1       0.002      0.013      0.000   1739.850
 MATH_JOB
    Category > 1       0.194      0.076      0.090      0.419
 MATH_ADU
    Category > 1       0.420      1.154      0.002     92.006

Latent Class 4 Compared to Latent Class 5

 MATH_ENJ
    Category > 1       0.292      0.093      0.156      0.547
 MATH_USE
    Category > 1       0.006      0.014      0.000      0.756
 MATH_LOG
    Category > 1       0.056      0.033      0.017      0.180
 MATH_JOB
    Category > 1       0.102      0.181      0.003      3.283
 MATH_ADU
    Category > 1       0.006      0.043      0.000   6580.414

Latent Class 4 Compared to Latent Class 6

 MATH_ENJ
    Category > 1       0.049      0.013      0.029      0.082
 MATH_USE
    Category > 1       0.001      0.002      0.000      0.095
 MATH_LOG
    Category > 1       0.005      0.002      0.003      0.010
 MATH_JOB
    Category > 1       0.005      0.008      0.000      0.143
 MATH_ADU
    Category > 1       0.000      0.001      0.000    146.153

Latent Class 5 Compared to Latent Class 6

 MATH_ENJ
    Category > 1       0.167      0.030      0.117      0.239
 MATH_USE
    Category > 1       0.116      0.044      0.056      0.242
 MATH_LOG
    Category > 1       0.095      0.042      0.040      0.225
 MATH_JOB
    Category > 1       0.047      0.017      0.024      0.095
 MATH_ADU
    Category > 1       0.025      0.006      0.015      0.042


RESIDUAL OUTPUT


     RESIDUAL OUTPUT IS NOT AVAILABLE FOR THIS MODEL.  ADDITIONAL OUTPUT FOR
     CATEGORICAL, COUNT, AND NOMINAL VARIABLES MAY BE AVAILABLE USING TECH10.


TECHNICAL 11 OUTPUT

     Random Starts Specifications for the k-1 Class Analysis Model
        Number of initial stage random starts                 500
        Number of final stage optimizations                   100



     VUONG-LO-MENDELL-RUBIN LIKELIHOOD RATIO TEST FOR 5 (H0) VERSUS 6 CLASSES

          H0 Loglikelihood Value                        -9197.508
          2 Times the Loglikelihood Difference              0.938
          Difference in the Number of Parameters                6
          Mean                                              0.935
          Standard Deviation                                3.556
          P-Value                                          0.4841

     LO-MENDELL-RUBIN ADJUSTED LRT TEST

          Value                                             0.919
          P-Value                                          0.4867


TECHNICAL 14 OUTPUT

     Random Starts Specifications for the k-1 Class Analysis Model
        Number of initial stage random starts                 500
        Number of final stage optimizations                   100

     Random Starts Specification for the k-1 Class Model for Generated Data
        Number of initial stage random starts                   0
        Number of final stage optimizations for the
           initial stage random starts                          0
     Random Starts Specification for the k Class Model for Generated Data
        Number of initial stage random starts                  40
        Number of final stage optimizations                     8
     Number of bootstrap draws requested                   Varies


     PARAMETRIC BOOTSTRAPPED LIKELIHOOD RATIO TEST FOR 5 (H0) VERSUS 6 CLASSES

          H0 Loglikelihood Value                        -9197.508
          2 Times the Loglikelihood Difference              0.938
          Difference in the Number of Parameters                6
          Approximate P-Value                              1.0000
          Successful Bootstrap Draws                            2


     Beginning Time:  16:13:54
        Ending Time:  16:14:10
       Elapsed Time:  00:00:16



MUTHEN & MUTHEN
3463 Stoner Ave.
Los Angeles, CA  90066

Tel: (310) 391-9971
Fax: (310) 391-8971
Web: www.StatModel.com
Support: Support@StatModel.com

Copyright (c) 1998-2024 Muthen & Muthen
