Mplus VERSION 8.11
MUTHEN & MUTHEN
06/05/2025   8:21 PM

INPUT INSTRUCTIONS

  TITLE:
  GMM 6-Class
  DATA:
  FILE = "C:/Users/dnajiarch/Box/lca-bookdown/gmm/gmm_enum/gmm_lsay.dat";
  VARIABLE:
  NAMES = id female interest7 sci7 sci8 sci9 sci10 sci11 sci12;
   MISSING=.;
   usevar = sci7-sci12;
  classes = c(6);
  ANALYSIS:
  estimator = mlr;
      type = mixture;
      starts = 200 100;
      processors = 12;
  MODEL:
  %OVERALL%
  i s | sci7@0 sci8@1 sci9@2 sci10@3 sci11@4 sci12@5;

  %c#1%
  s WITH I;      ! covariances are freely estimated
  sci7-sci12;    ! variances are freely estimated
  %c#2%
  s WITH I;      ! covariances are freely estimated
  sci7-sci12;    ! variances are freely estimated
  %c#3%
  s WITH I;      ! covariances are freely estimated
  sci7-sci12;    ! variances are freely estimated
  %c#4%
  s WITH I;      ! covariances are freely estimated
  sci7-sci12;    ! variances are freely estimated
  %c#5%
  s WITH I;      ! covariances are freely estimated
  sci7-sci12;    ! variances are freely estimated
  %c#6%
  s WITH I;      ! covariances are freely estimated
  sci7-sci12;    ! variances are freely estimated
  OUTPUT:
  tech1 tech11 tech14 sampstat standardized svalues;
  SAVEDATA:
  FILE IS savedata_c6.dat;
  SAVE = cprobabilities;
  PLOT:
  type=plot3;
            series = sci7-sci12(*)



*** WARNING
  Data set contains cases with missing on all variables.
  These cases were not included in the analysis.
  Number of cases with missing on all variables:  79
   1 WARNING(S) FOUND IN THE INPUT INSTRUCTIONS




GMM 6-Class

SUMMARY OF ANALYSIS

Number of groups                                                 1
Number of observations                                        5866

Number of dependent variables                                    6
Number of independent variables                                  0
Number of continuous latent variables                            2
Number of categorical latent variables                           1

Observed dependent variables

  Continuous
   SCI7        SCI8        SCI9        SCI10       SCI11       SCI12

Continuous latent variables
   I           S

Categorical latent variables
   C


Estimator                                                      MLR
Information matrix                                        OBSERVED
Optimization Specifications for the Quasi-Newton Algorithm for
Continuous Outcomes
  Maximum number of iterations                                 100
  Convergence criterion                                  0.100D-05
Optimization Specifications for the EM Algorithm
  Maximum number of iterations                                 500
  Convergence criteria
    Loglikelihood change                                 0.100D-06
    Relative loglikelihood change                        0.100D-06
    Derivative                                           0.100D-05
Optimization Specifications for the M step of the EM Algorithm for
Categorical Latent variables
  Number of M step iterations                                    1
  M step convergence criterion                           0.100D-05
  Basis for M step termination                           ITERATION
Optimization Specifications for the M step of the EM Algorithm for
Censored, Binary or Ordered Categorical (Ordinal), Unordered
Categorical (Nominal) and Count Outcomes
  Number of M step iterations                                    1
  M step convergence criterion                           0.100D-05
  Basis for M step termination                           ITERATION
  Maximum value for logit thresholds                            15
  Minimum value for logit thresholds                           -15
  Minimum expected cell size for chi-square              0.100D-01
Maximum number of iterations for H1                           2000
Convergence criterion for H1                             0.100D-03
Optimization algorithm                                         EMA
Random Starts Specifications
  Number of initial stage random starts                        200
  Number of final stage optimizations                          100
  Number of initial stage iterations                            10
  Initial stage convergence criterion                    0.100D+01
  Random starts scale                                    0.500D+01
  Random seed for generating random starts                       0

Input data file(s)
  C:/Users/dnajiarch/Box/lca-bookdown/gmm/gmm_enum/gmm_lsay.dat
Input data format  FREE


SUMMARY OF DATA

     Number of missing data patterns            49
     Number of y missing data patterns          49
     Number of u missing data patterns           0


COVARIANCE COVERAGE OF DATA

Minimum covariance coverage value   0.100


     PROPORTION OF DATA PRESENT FOR Y


           Covariance Coverage
              SCI7          SCI8          SCI9          SCI10         SCI11
              ________      ________      ________      ________      ________
 SCI7           0.524
 SCI8           0.425         0.431
 SCI9           0.392         0.352         0.397
 SCI10          0.334         0.297         0.305         0.800
 SCI11          0.268         0.245         0.244         0.566         0.612
 SCI12          0.193         0.179         0.178         0.447         0.415


           Covariance Coverage
              SCI12
              ________
 SCI12          0.482


SAMPLE STATISTICS


     ESTIMATED SAMPLE STATISTICS


           Means
              SCI7          SCI8          SCI9          SCI10         SCI11
              ________      ________      ________      ________      ________
               50.279        53.618        57.745        59.696        62.590


           Means
              SCI12
              ________
               64.082


           Covariances
              SCI7          SCI8          SCI9          SCI10         SCI11
              ________      ________      ________      ________      ________
 SCI7          97.323
 SCI8          83.169       113.251
 SCI9          78.717        95.847       115.692
 SCI10         79.266        92.753       103.619       124.287
 SCI11         80.825        94.282       103.322       113.653       132.546
 SCI12         81.856        92.650       100.754       110.435       125.071


           Covariances
              SCI12
              ________
 SCI12        142.765


           Correlations
              SCI7          SCI8          SCI9          SCI10         SCI11
              ________      ________      ________      ________      ________
 SCI7           1.000
 SCI8           0.792         1.000
 SCI9           0.742         0.837         1.000
 SCI10          0.721         0.782         0.864         1.000
 SCI11          0.712         0.770         0.834         0.885         1.000
 SCI12          0.694         0.729         0.784         0.829         0.909


           Correlations
              SCI12
              ________
 SCI12          1.000


     MAXIMUM LOG-LIKELIHOOD VALUE FOR THE UNRESTRICTED (H1) MODEL IS -63468.424


UNIVARIATE SAMPLE STATISTICS


     UNIVARIATE HIGHER-ORDER MOMENT DESCRIPTIVE STATISTICS

         Variable/         Mean/     Skewness/   Minimum/ % with                Percentiles
        Sample Size      Variance    Kurtosis    Maximum  Min/Max      20%/60%    40%/80%    Median

     SCI7                 50.405       0.199      26.140    0.03%      40.970     47.170     50.040
            3071.000     104.020      -0.460      88.030    0.03%      52.980     59.320
     SCI8                 54.046      -0.168      22.820    0.04%      43.690     51.700     54.640
            2527.000     124.424      -0.644      83.940    0.04%      57.880     64.060
     SCI9                 58.690      -0.347      27.360    0.04%      48.690     57.230     60.400
            2326.000     126.293      -0.394      91.210    0.04%      62.810     68.140
     SCI10                60.320      -0.144      26.970    0.02%      50.590     57.690     60.835
            4690.000     121.522      -0.432      91.330    0.02%      63.770     70.100
     SCI11                64.101      -0.342      24.440    0.03%      54.610     62.240     64.755
            3592.000     125.578      -0.169      93.130    0.03%      67.390     73.790
     SCI12                65.846      -0.351      26.380    0.04%      56.830     63.660     66.245
            2826.000     135.678       0.023      95.560    0.04%      68.860     75.850

RANDOM STARTS RESULTS RANKED FROM THE BEST TO THE WORST LOGLIKELIHOOD VALUES


15 perturbed starting value run(s) did not converge or were rejected in the third stage.
Final stage loglikelihood values at local maxima, seeds, and initial stage start numbers:

          -63117.016  635245           121
          -63117.016  645664           39
          -63117.016  414284           158
          -63117.016  303634           169
          -63117.016  393232           152
          -63117.016  814975           129
          -63117.016  479273           156
          -63119.240  950604           172
          -63119.240  76974            16
          -63119.240  354208           196
          -63119.240  887676           22
          -63119.240  784664           75
          -63119.240  436460           89
          -63119.240  371246           101
          -63119.240  636396           168
          -63119.240  131856           90
          -63119.240  783110           72
          -63119.240  967237           48
          -63119.240  366706           29
          -63129.120  370466           41
          -63129.658  70118            104
          -63129.658  576220           115
          -63131.683  432148           30
          -63131.836  902278           21
          -63133.437  443917           60
          -63138.810  603842           61
          -63140.573  931874           141
          -63142.354  741888           138
          -63142.354  618000           190
          -63142.354  152496           123
          -63145.903  192071           142

69 perturbed starting value run(s) did not converge or were rejected in the third stage.



THE BEST LOGLIKELIHOOD VALUE HAS BEEN REPLICATED.  RERUN WITH AT LEAST TWICE THE
RANDOM STARTS TO CHECK THAT THE BEST LOGLIKELIHOOD IS STILL OBTAINED AND REPLICATED.


THE MODEL ESTIMATION TERMINATED NORMALLY



MODEL FIT INFORMATION

Number of Free Parameters                       61

Loglikelihood

          H0 Value                      -63117.016
          H0 Scaling Correction Factor      1.0999
            for MLR

Information Criteria

          Akaike (AIC)                  126356.032
          Bayesian (BIC)                126763.325
          Sample-Size Adjusted BIC      126569.485
            (n* = (n + 2) / 24)



FINAL CLASS COUNTS AND PROPORTIONS FOR THE LATENT CLASSES
BASED ON THE ESTIMATED MODEL

    Latent
   Classes

       1       1870.04517          0.31879
       2       1208.23540          0.20597
       3        227.94382          0.03886
       4        357.34257          0.06092
       5       1813.50114          0.30915
       6        388.93190          0.06630


FINAL CLASS COUNTS AND PROPORTIONS FOR THE LATENT CLASSES
BASED ON ESTIMATED POSTERIOR PROBABILITIES

    Latent
   Classes

       1       1870.04517          0.31879
       2       1208.23540          0.20597
       3        227.94382          0.03886
       4        357.34257          0.06092
       5       1813.50114          0.30915
       6        388.93190          0.06630


FINAL CLASS COUNTS AND PROPORTIONS FOR THE LATENT CLASSES
BASED ON THEIR MOST LIKELY LATENT CLASS MEMBERSHIP

Class Counts and Proportions

    Latent
   Classes

       1             1934          0.32970
       2             1280          0.21821
       3               87          0.01483
       4              271          0.04620
       5             1966          0.33515
       6              328          0.05592


CLASSIFICATION QUALITY

     Entropy                         0.578


Average Latent Class Probabilities for Most Likely Latent Class Membership (Row)
by Latent Class (Column)

           1        2        3        4        5        6

    1   0.726    0.004    0.017    0.000    0.172    0.082
    2   0.011    0.664    0.032    0.107    0.187    0.000
    3   0.036    0.052    0.726    0.000    0.186    0.000
    4   0.000    0.216    0.007    0.767    0.009    0.000
    5   0.180    0.146    0.045    0.006    0.622    0.000
    6   0.293    0.000    0.003    0.000    0.001    0.703


Classification Probabilities for the Most Likely Latent Class Membership (Column)
by Latent Class (Row)

           1        2        3        4        5        6

    1   0.751    0.007    0.002    0.000    0.189    0.051
    2   0.006    0.703    0.004    0.048    0.238    0.000
    3   0.142    0.180    0.277    0.008    0.389    0.005
    4   0.001    0.382    0.000    0.582    0.035    0.000
    5   0.183    0.132    0.009    0.001    0.674    0.000
    6   0.406    0.000    0.000    0.000    0.001    0.593


Logits for the Classification Probabilities for the Most Likely Latent Class Membership (Column)
by Latent Class (Row)

              1        2        3        4        5        6

    1      2.681   -1.958   -3.437   -7.614    1.303    0.000
    2      8.690   13.464    8.231   10.789   12.382    0.000
    3      3.439    3.679    4.111    0.591    4.449    0.000
    4      6.955   12.853    1.908   13.274   10.466    0.000
    5      6.833    6.503    3.809    1.963    8.135    0.000
    6     -0.378  -12.561   -8.811  -13.292   -6.257    0.000


MODEL RESULTS

                                                    Two-Tailed
                    Estimate       S.E.  Est./S.E.    P-Value

Latent Class 1

 I        |
    SCI7               1.000      0.000    999.000    999.000
    SCI8               1.000      0.000    999.000    999.000
    SCI9               1.000      0.000    999.000    999.000
    SCI10              1.000      0.000    999.000    999.000
    SCI11              1.000      0.000    999.000    999.000
    SCI12              1.000      0.000    999.000    999.000

 S        |
    SCI7               0.000      0.000    999.000    999.000
    SCI8               1.000      0.000    999.000    999.000
    SCI9               2.000      0.000    999.000    999.000
    SCI10              3.000      0.000    999.000    999.000
    SCI11              4.000      0.000    999.000    999.000
    SCI12              5.000      0.000    999.000    999.000

 S        WITH
    I                 -0.865      0.529     -1.635      0.102

 Means
    I                 58.384      0.668     87.440      0.000
    S                  2.987      0.107     27.881      0.000

 Intercepts
    SCI7               0.000      0.000    999.000    999.000
    SCI8               0.000      0.000    999.000    999.000
    SCI9               0.000      0.000    999.000    999.000
    SCI10              0.000      0.000    999.000    999.000
    SCI11              0.000      0.000    999.000    999.000
    SCI12              0.000      0.000    999.000    999.000

 Variances
    I                 25.263      3.044      8.300      0.000
    S                  1.042      0.099     10.537      0.000

 Residual Variances
    SCI7              26.241      5.224      5.023      0.000
    SCI8              13.631      1.579      8.631      0.000
    SCI9               8.297      1.215      6.832      0.000
    SCI10              7.275      0.928      7.837      0.000
    SCI11              5.141      0.698      7.369      0.000
    SCI12             16.897      2.327      7.260      0.000

Latent Class 2

 I        |
    SCI7               1.000      0.000    999.000    999.000
    SCI8               1.000      0.000    999.000    999.000
    SCI9               1.000      0.000    999.000    999.000
    SCI10              1.000      0.000    999.000    999.000
    SCI11              1.000      0.000    999.000    999.000
    SCI12              1.000      0.000    999.000    999.000

 S        |
    SCI7               0.000      0.000    999.000    999.000
    SCI8               1.000      0.000    999.000    999.000
    SCI9               2.000      0.000    999.000    999.000
    SCI10              3.000      0.000    999.000    999.000
    SCI11              4.000      0.000    999.000    999.000
    SCI12              5.000      0.000    999.000    999.000

 S        WITH
    I                 -3.331      0.586     -5.686      0.000

 Means
    I                 41.815      0.801     52.235      0.000
    S                  2.471      0.189     13.045      0.000

 Intercepts
    SCI7               0.000      0.000    999.000    999.000
    SCI8               0.000      0.000    999.000    999.000
    SCI9               0.000      0.000    999.000    999.000
    SCI10              0.000      0.000    999.000    999.000
    SCI11              0.000      0.000    999.000    999.000
    SCI12              0.000      0.000    999.000    999.000

 Variances
    I                 25.263      3.044      8.300      0.000
    S                  1.042      0.099     10.537      0.000

 Residual Variances
    SCI7              12.852      2.982      4.310      0.000
    SCI8              30.544      3.797      8.044      0.000
    SCI9              32.758      3.364      9.739      0.000
    SCI10             23.300      2.179     10.692      0.000
    SCI11             17.003      2.495      6.816      0.000
    SCI12             41.075      6.505      6.314      0.000

Latent Class 3

 I        |
    SCI7               1.000      0.000    999.000    999.000
    SCI8               1.000      0.000    999.000    999.000
    SCI9               1.000      0.000    999.000    999.000
    SCI10              1.000      0.000    999.000    999.000
    SCI11              1.000      0.000    999.000    999.000
    SCI12              1.000      0.000    999.000    999.000

 S        |
    SCI7               0.000      0.000    999.000    999.000
    SCI8               1.000      0.000    999.000    999.000
    SCI9               2.000      0.000    999.000    999.000
    SCI10              3.000      0.000    999.000    999.000
    SCI11              4.000      0.000    999.000    999.000
    SCI12              5.000      0.000    999.000    999.000

 S        WITH
    I                 -2.481      1.591     -1.560      0.119

 Means
    I                 41.568      1.421     29.250      0.000
    S                  6.074      0.460     13.205      0.000

 Intercepts
    SCI7               0.000      0.000    999.000    999.000
    SCI8               0.000      0.000    999.000    999.000
    SCI9               0.000      0.000    999.000    999.000
    SCI10              0.000      0.000    999.000    999.000
    SCI11              0.000      0.000    999.000    999.000
    SCI12              0.000      0.000    999.000    999.000

 Variances
    I                 25.263      3.044      8.300      0.000
    S                  1.042      0.099     10.537      0.000

 Residual Variances
    SCI7              14.654     10.625      1.379      0.168
    SCI8             108.264     21.157      5.117      0.000
    SCI9             117.775     27.046      4.355      0.000
    SCI10             88.955     15.100      5.891      0.000
    SCI11             19.194      7.202      2.665      0.008
    SCI12             30.805     17.771      1.733      0.083

Latent Class 4

 I        |
    SCI7               1.000      0.000    999.000    999.000
    SCI8               1.000      0.000    999.000    999.000
    SCI9               1.000      0.000    999.000    999.000
    SCI10              1.000      0.000    999.000    999.000
    SCI11              1.000      0.000    999.000    999.000
    SCI12              1.000      0.000    999.000    999.000

 S        |
    SCI7               0.000      0.000    999.000    999.000
    SCI8               1.000      0.000    999.000    999.000
    SCI9               2.000      0.000    999.000    999.000
    SCI10              3.000      0.000    999.000    999.000
    SCI11              4.000      0.000    999.000    999.000
    SCI12              5.000      0.000    999.000    999.000

 S        WITH
    I                 -2.956      0.621     -4.761      0.000

 Means
    I                 40.772      0.829     49.200      0.000
    S                 -0.179      0.232     -0.774      0.439

 Intercepts
    SCI7               0.000      0.000    999.000    999.000
    SCI8               0.000      0.000    999.000    999.000
    SCI9               0.000      0.000    999.000    999.000
    SCI10              0.000      0.000    999.000    999.000
    SCI11              0.000      0.000    999.000    999.000
    SCI12              0.000      0.000    999.000    999.000

 Variances
    I                 25.263      3.044      8.300      0.000
    S                  1.042      0.099     10.537      0.000

 Residual Variances
    SCI7              18.268      3.182      5.741      0.000
    SCI8              14.650      2.592      5.652      0.000
    SCI9              20.295      3.250      6.244      0.000
    SCI10             11.282      2.066      5.461      0.000
    SCI11              5.744      2.299      2.499      0.012
    SCI12             11.261      3.356      3.355      0.001

Latent Class 5

 I        |
    SCI7               1.000      0.000    999.000    999.000
    SCI8               1.000      0.000    999.000    999.000
    SCI9               1.000      0.000    999.000    999.000
    SCI10              1.000      0.000    999.000    999.000
    SCI11              1.000      0.000    999.000    999.000
    SCI12              1.000      0.000    999.000    999.000

 S        |
    SCI7               0.000      0.000    999.000    999.000
    SCI8               1.000      0.000    999.000    999.000
    SCI9               2.000      0.000    999.000    999.000
    SCI10              3.000      0.000    999.000    999.000
    SCI11              4.000      0.000    999.000    999.000
    SCI12              5.000      0.000    999.000    999.000

 S        WITH
    I                 -2.897      0.591     -4.902      0.000

 Means
    I                 49.585      1.008     49.212      0.000
    S                  2.916      0.192     15.219      0.000

 Intercepts
    SCI7               0.000      0.000    999.000    999.000
    SCI8               0.000      0.000    999.000    999.000
    SCI9               0.000      0.000    999.000    999.000
    SCI10              0.000      0.000    999.000    999.000
    SCI11              0.000      0.000    999.000    999.000
    SCI12              0.000      0.000    999.000    999.000

 Variances
    I                 25.263      3.044      8.300      0.000
    S                  1.042      0.099     10.537      0.000

 Residual Variances
    SCI7              26.033      3.590      7.252      0.000
    SCI8              23.097      4.619      5.001      0.000
    SCI9              28.889      3.167      9.123      0.000
    SCI10             23.515      1.967     11.954      0.000
    SCI11             14.246      2.056      6.928      0.000
    SCI12             11.897      3.445      3.453      0.001

Latent Class 6

 I        |
    SCI7               1.000      0.000    999.000    999.000
    SCI8               1.000      0.000    999.000    999.000
    SCI9               1.000      0.000    999.000    999.000
    SCI10              1.000      0.000    999.000    999.000
    SCI11              1.000      0.000    999.000    999.000
    SCI12              1.000      0.000    999.000    999.000

 S        |
    SCI7               0.000      0.000    999.000    999.000
    SCI8               1.000      0.000    999.000    999.000
    SCI9               2.000      0.000    999.000    999.000
    SCI10              3.000      0.000    999.000    999.000
    SCI11              4.000      0.000    999.000    999.000
    SCI12              5.000      0.000    999.000    999.000

 S        WITH
    I                 -3.579      0.646     -5.539      0.000

 Means
    I                 67.356      1.027     65.571      0.000
    S                  3.236      0.159     20.307      0.000

 Intercepts
    SCI7               0.000      0.000    999.000    999.000
    SCI8               0.000      0.000    999.000    999.000
    SCI9               0.000      0.000    999.000    999.000
    SCI10              0.000      0.000    999.000    999.000
    SCI11              0.000      0.000    999.000    999.000
    SCI12              0.000      0.000    999.000    999.000

 Variances
    I                 25.263      3.044      8.300      0.000
    S                  1.042      0.099     10.537      0.000

 Residual Variances
    SCI7              11.499      5.441      2.113      0.035
    SCI8               4.954      2.113      2.345      0.019
    SCI9               9.464      2.116      4.473      0.000
    SCI10              7.083      0.996      7.112      0.000
    SCI11              2.804      1.263      2.220      0.026
    SCI12              8.725      2.767      3.153      0.002

Categorical Latent Variables

 Means
    C#1                1.570      0.269      5.847      0.000
    C#2                1.134      0.264      4.292      0.000
    C#3               -0.534      0.384     -1.390      0.164
    C#4               -0.085      0.309     -0.274      0.784
    C#5                1.540      0.339      4.545      0.000


QUALITY OF NUMERICAL RESULTS

     Condition Number for the Information Matrix              0.163E-04
       (ratio of smallest to largest eigenvalue)


STANDARDIZED MODEL RESULTS


STDYX Standardization

                                                    Two-Tailed
                    Estimate       S.E.  Est./S.E.    P-Value

Latent Class 1

 I        |
    SCI7               0.700      0.036     19.672      0.000
    SCI8               0.813      0.028     29.502      0.000
    SCI9               0.859      0.036     23.538      0.000
    SCI10              0.829      0.043     19.502      0.000
    SCI11              0.793      0.044     18.224      0.000
    SCI12              0.651      0.042     15.505      0.000

 S        |
    SCI7               0.000      0.000    999.000    999.000
    SCI8               0.165      0.012     14.301      0.000
    SCI9               0.349      0.028     12.597      0.000
    SCI10              0.505      0.042     12.063      0.000
    SCI11              0.644      0.051     12.684      0.000
    SCI12              0.661      0.050     13.283      0.000

 S        WITH
    I                 -0.169      0.103     -1.630      0.103

 Means
    I                 11.616      0.749     15.515      0.000
    S                  2.926      0.184     15.874      0.000

 Intercepts
    SCI7               0.000      0.000    999.000    999.000
    SCI8               0.000      0.000    999.000    999.000
    SCI9               0.000      0.000    999.000    999.000
    SCI10              0.000      0.000    999.000    999.000
    SCI11              0.000      0.000    999.000    999.000
    SCI12              0.000      0.000    999.000    999.000

 Variances
    I                  1.000      0.000    999.000    999.000
    S                  1.000      0.000    999.000    999.000

 Residual Variances
    SCI7               0.509      0.050     10.216      0.000
    SCI8               0.357      0.045      7.912      0.000
    SCI9               0.242      0.035      6.990      0.000
    SCI10              0.198      0.024      8.128      0.000
    SCI11              0.128      0.026      4.988      0.000
    SCI12              0.284      0.026     10.976      0.000

Latent Class 2

 I        |
    SCI7               0.814      0.036     22.911      0.000
    SCI8               0.709      0.038     18.811      0.000
    SCI9               0.719      0.040     18.187      0.000
    SCI10              0.816      0.047     17.390      0.000
    SCI11              0.885      0.073     12.098      0.000
    SCI12              0.654      0.053     12.323      0.000

 S        |
    SCI7               0.000      0.000    999.000    999.000
    SCI8               0.144      0.010     14.966      0.000
    SCI9               0.292      0.018     16.150      0.000
    SCI10              0.497      0.035     14.091      0.000
    SCI11              0.719      0.054     13.342      0.000
    SCI12              0.664      0.048     13.929      0.000

 S        WITH
    I                 -0.649      0.100     -6.515      0.000

 Means
    I                  8.319      0.446     18.651      0.000
    S                  2.421      0.216     11.228      0.000

 Intercepts
    SCI7               0.000      0.000    999.000    999.000
    SCI8               0.000      0.000    999.000    999.000
    SCI9               0.000      0.000    999.000    999.000
    SCI10              0.000      0.000    999.000    999.000
    SCI11              0.000      0.000    999.000    999.000
    SCI12              0.000      0.000    999.000    999.000

 Variances
    I                  1.000      0.000    999.000    999.000
    S                  1.000      0.000    999.000    999.000

 Residual Variances
    SCI7               0.337      0.058      5.828      0.000
    SCI8               0.609      0.048     12.610      0.000
    SCI9               0.670      0.051     13.195      0.000
    SCI10              0.614      0.059     10.442      0.000
    SCI11              0.527      0.085      6.163      0.000
    SCI12              0.695      0.074      9.363      0.000

Latent Class 3

 I        |
    SCI7               0.796      0.110      7.249      0.000
    SCI8               0.442      0.043     10.204      0.000
    SCI9               0.429      0.046      9.350      0.000
    SCI10              0.482      0.045     10.830      0.000
    SCI11              0.782      0.106      7.363      0.000
    SCI12              0.664      0.176      3.770      0.000

 S        |
    SCI7               0.000      0.000    999.000    999.000
    SCI8               0.090      0.008     11.114      0.000
    SCI9               0.174      0.018      9.901      0.000
    SCI10              0.294      0.024     12.272      0.000
    SCI11              0.635      0.078      8.119      0.000
    SCI12              0.674      0.164      4.101      0.000

 S        WITH
    I                 -0.484      0.302     -1.602      0.109

 Means
    I                  8.270      0.595     13.898      0.000
    S                  5.951      0.523     11.388      0.000

 Intercepts
    SCI7               0.000      0.000    999.000    999.000
    SCI8               0.000      0.000    999.000    999.000
    SCI9               0.000      0.000    999.000    999.000
    SCI10              0.000      0.000    999.000    999.000
    SCI11              0.000      0.000    999.000    999.000
    SCI12              0.000      0.000    999.000    999.000

 Variances
    I                  1.000      0.000    999.000    999.000
    S                  1.000      0.000    999.000    999.000

 Residual Variances
    SCI7               0.367      0.175      2.102      0.036
    SCI8               0.835      0.032     26.061      0.000
    SCI9               0.858      0.051     16.830      0.000
    SCI10              0.818      0.075     10.960      0.000
    SCI11              0.465      0.206      2.257      0.024
    SCI12              0.538      0.143      3.748      0.000

Latent Class 4

 I        |
    SCI7               0.762      0.035     21.633      0.000
    SCI8               0.849      0.043     19.702      0.000
    SCI9               0.816      0.049     16.625      0.000
    SCI10              0.947      0.074     12.737      0.000
    SCI11              1.025      0.120      8.564      0.000
    SCI12              0.875      0.102      8.582      0.000

 S        |
    SCI7               0.000      0.000    999.000    999.000
    SCI8               0.172      0.014     12.484      0.000
    SCI9               0.332      0.027     12.084      0.000
    SCI10              0.577      0.046     12.430      0.000
    SCI11              0.833      0.099      8.409      0.000
    SCI12              0.888      0.096      9.217      0.000

 S        WITH
    I                 -0.576      0.107     -5.409      0.000

 Means
    I                  8.112      0.438     18.512      0.000
    S                 -0.176      0.229     -0.769      0.442

 Intercepts
    SCI7               0.000      0.000    999.000    999.000
    SCI8               0.000      0.000    999.000    999.000
    SCI9               0.000      0.000    999.000    999.000
    SCI10              0.000      0.000    999.000    999.000
    SCI11              0.000      0.000    999.000    999.000
    SCI12              0.000      0.000    999.000    999.000

 Variances
    I                  1.000      0.000    999.000    999.000
    S                  1.000      0.000    999.000    999.000

 Residual Variances
    SCI7               0.420      0.054      7.821      0.000
    SCI8               0.418      0.052      8.015      0.000
    SCI9               0.535      0.053     10.146      0.000
    SCI10              0.400      0.071      5.629      0.000
    SCI11              0.239      0.079      3.023      0.003
    SCI12              0.341      0.084      4.056      0.000

Latent Class 5

 I        |
    SCI7               0.702      0.036     19.571      0.000
    SCI8               0.761      0.046     16.440      0.000
    SCI9               0.735      0.035     20.961      0.000
    SCI10              0.787      0.046     17.125      0.000
    SCI11              0.875      0.070     12.446      0.000
    SCI12              0.859      0.102      8.444      0.000

 S        |
    SCI7               0.000      0.000    999.000    999.000
    SCI8               0.155      0.013     11.670      0.000
    SCI9               0.299      0.021     14.400      0.000
    SCI10              0.480      0.033     14.330      0.000
    SCI11              0.711      0.060     11.843      0.000
    SCI12              0.872      0.093      9.427      0.000

 S        WITH
    I                 -0.565      0.103     -5.501      0.000

 Means
    I                  9.865      0.683     14.445      0.000
    S                  2.857      0.216     13.203      0.000

 Intercepts
    SCI7               0.000      0.000    999.000    999.000
    SCI8               0.000      0.000    999.000    999.000
    SCI9               0.000      0.000    999.000    999.000
    SCI10              0.000      0.000    999.000    999.000
    SCI11              0.000      0.000    999.000    999.000
    SCI12              0.000      0.000    999.000    999.000

 Variances
    I                  1.000      0.000    999.000    999.000
    S                  1.000      0.000    999.000    999.000

 Residual Variances
    SCI7               0.507      0.050     10.083      0.000
    SCI8               0.530      0.051     10.406      0.000
    SCI9               0.618      0.043     14.300      0.000
    SCI10              0.577      0.053     10.792      0.000
    SCI11              0.432      0.065      6.684      0.000
    SCI12              0.348      0.081      4.294      0.000

Latent Class 6

 I        |
    SCI7               0.829      0.069     12.031      0.000
    SCI8               1.024      0.056     18.331      0.000
    SCI9               1.014      0.067     15.065      0.000
    SCI10              1.117      0.108     10.314      0.000
    SCI11              1.252      0.197      6.357      0.000
    SCI12              1.021      0.137      7.451      0.000

 S        |
    SCI7               0.000      0.000    999.000    999.000
    SCI8               0.208      0.022      9.327      0.000
    SCI9               0.412      0.041     10.071      0.000
    SCI10              0.680      0.075      9.065      0.000
    SCI11              1.017      0.164      6.201      0.000
    SCI12              1.036      0.120      8.603      0.000

 S        WITH
    I                 -0.698      0.110     -6.347      0.000

 Means
    I                 13.401      0.920     14.560      0.000
    S                  3.171      0.241     13.177      0.000

 Intercepts
    SCI7               0.000      0.000    999.000    999.000
    SCI8               0.000      0.000    999.000    999.000
    SCI9               0.000      0.000    999.000    999.000
    SCI10              0.000      0.000    999.000    999.000
    SCI11              0.000      0.000    999.000    999.000
    SCI12              0.000      0.000    999.000    999.000

 Variances
    I                  1.000      0.000    999.000    999.000
    S                  1.000      0.000    999.000    999.000

 Residual Variances
    SCI7               0.313      0.114      2.738      0.006
    SCI8               0.206      0.063      3.238      0.001
    SCI9               0.385      0.068      5.657      0.000
    SCI10              0.350      0.066      5.309      0.000
    SCI11              0.174      0.070      2.472      0.013
    SCI12              0.360      0.127      2.829      0.005


STDY Standardization

                                                    Two-Tailed
                    Estimate       S.E.  Est./S.E.    P-Value

Latent Class 1

 I        |
    SCI7               0.700      0.036     19.672      0.000
    SCI8               0.813      0.028     29.502      0.000
    SCI9               0.859      0.036     23.538      0.000
    SCI10              0.829      0.043     19.502      0.000
    SCI11              0.793      0.044     18.224      0.000
    SCI12              0.651      0.042     15.505      0.000

 S        |
    SCI7               0.000      0.000    999.000    999.000
    SCI8               0.165      0.012     14.301      0.000
    SCI9               0.349      0.028     12.597      0.000
    SCI10              0.505      0.042     12.063      0.000
    SCI11              0.644      0.051     12.684      0.000
    SCI12              0.661      0.050     13.283      0.000

 S        WITH
    I                 -0.169      0.103     -1.630      0.103

 Means
    I                 11.616      0.749     15.515      0.000
    S                  2.926      0.184     15.874      0.000

 Intercepts
    SCI7               0.000      0.000    999.000    999.000
    SCI8               0.000      0.000    999.000    999.000
    SCI9               0.000      0.000    999.000    999.000
    SCI10              0.000      0.000    999.000    999.000
    SCI11              0.000      0.000    999.000    999.000
    SCI12              0.000      0.000    999.000    999.000

 Variances
    I                  1.000      0.000    999.000    999.000
    S                  1.000      0.000    999.000    999.000

 Residual Variances
    SCI7               0.509      0.050     10.216      0.000
    SCI8               0.357      0.045      7.912      0.000
    SCI9               0.242      0.035      6.990      0.000
    SCI10              0.198      0.024      8.128      0.000
    SCI11              0.128      0.026      4.988      0.000
    SCI12              0.284      0.026     10.976      0.000

Latent Class 2

 I        |
    SCI7               0.814      0.036     22.911      0.000
    SCI8               0.709      0.038     18.811      0.000
    SCI9               0.719      0.040     18.187      0.000
    SCI10              0.816      0.047     17.390      0.000
    SCI11              0.885      0.073     12.098      0.000
    SCI12              0.654      0.053     12.323      0.000

 S        |
    SCI7               0.000      0.000    999.000    999.000
    SCI8               0.144      0.010     14.966      0.000
    SCI9               0.292      0.018     16.150      0.000
    SCI10              0.497      0.035     14.091      0.000
    SCI11              0.719      0.054     13.342      0.000
    SCI12              0.664      0.048     13.929      0.000

 S        WITH
    I                 -0.649      0.100     -6.515      0.000

 Means
    I                  8.319      0.446     18.651      0.000
    S                  2.421      0.216     11.228      0.000

 Intercepts
    SCI7               0.000      0.000    999.000    999.000
    SCI8               0.000      0.000    999.000    999.000
    SCI9               0.000      0.000    999.000    999.000
    SCI10              0.000      0.000    999.000    999.000
    SCI11              0.000      0.000    999.000    999.000
    SCI12              0.000      0.000    999.000    999.000

 Variances
    I                  1.000      0.000    999.000    999.000
    S                  1.000      0.000    999.000    999.000

 Residual Variances
    SCI7               0.337      0.058      5.828      0.000
    SCI8               0.609      0.048     12.610      0.000
    SCI9               0.670      0.051     13.195      0.000
    SCI10              0.614      0.059     10.442      0.000
    SCI11              0.527      0.085      6.163      0.000
    SCI12              0.695      0.074      9.363      0.000

Latent Class 3

 I        |
    SCI7               0.796      0.110      7.249      0.000
    SCI8               0.442      0.043     10.204      0.000
    SCI9               0.429      0.046      9.350      0.000
    SCI10              0.482      0.045     10.830      0.000
    SCI11              0.782      0.106      7.363      0.000
    SCI12              0.664      0.176      3.770      0.000

 S        |
    SCI7               0.000      0.000    999.000    999.000
    SCI8               0.090      0.008     11.114      0.000
    SCI9               0.174      0.018      9.901      0.000
    SCI10              0.294      0.024     12.272      0.000
    SCI11              0.635      0.078      8.119      0.000
    SCI12              0.674      0.164      4.101      0.000

 S        WITH
    I                 -0.484      0.302     -1.602      0.109

 Means
    I                  8.270      0.595     13.898      0.000
    S                  5.951      0.523     11.388      0.000

 Intercepts
    SCI7               0.000      0.000    999.000    999.000
    SCI8               0.000      0.000    999.000    999.000
    SCI9               0.000      0.000    999.000    999.000
    SCI10              0.000      0.000    999.000    999.000
    SCI11              0.000      0.000    999.000    999.000
    SCI12              0.000      0.000    999.000    999.000

 Variances
    I                  1.000      0.000    999.000    999.000
    S                  1.000      0.000    999.000    999.000

 Residual Variances
    SCI7               0.367      0.175      2.102      0.036
    SCI8               0.835      0.032     26.061      0.000
    SCI9               0.858      0.051     16.830      0.000
    SCI10              0.818      0.075     10.960      0.000
    SCI11              0.465      0.206      2.257      0.024
    SCI12              0.538      0.143      3.748      0.000

Latent Class 4

 I        |
    SCI7               0.762      0.035     21.633      0.000
    SCI8               0.849      0.043     19.702      0.000
    SCI9               0.816      0.049     16.625      0.000
    SCI10              0.947      0.074     12.737      0.000
    SCI11              1.025      0.120      8.564      0.000
    SCI12              0.875      0.102      8.582      0.000

 S        |
    SCI7               0.000      0.000    999.000    999.000
    SCI8               0.172      0.014     12.484      0.000
    SCI9               0.332      0.027     12.084      0.000
    SCI10              0.577      0.046     12.430      0.000
    SCI11              0.833      0.099      8.409      0.000
    SCI12              0.888      0.096      9.217      0.000

 S        WITH
    I                 -0.576      0.107     -5.409      0.000

 Means
    I                  8.112      0.438     18.512      0.000
    S                 -0.176      0.229     -0.769      0.442

 Intercepts
    SCI7               0.000      0.000    999.000    999.000
    SCI8               0.000      0.000    999.000    999.000
    SCI9               0.000      0.000    999.000    999.000
    SCI10              0.000      0.000    999.000    999.000
    SCI11              0.000      0.000    999.000    999.000
    SCI12              0.000      0.000    999.000    999.000

 Variances
    I                  1.000      0.000    999.000    999.000
    S                  1.000      0.000    999.000    999.000

 Residual Variances
    SCI7               0.420      0.054      7.821      0.000
    SCI8               0.418      0.052      8.015      0.000
    SCI9               0.535      0.053     10.146      0.000
    SCI10              0.400      0.071      5.629      0.000
    SCI11              0.239      0.079      3.023      0.003
    SCI12              0.341      0.084      4.056      0.000

Latent Class 5

 I        |
    SCI7               0.702      0.036     19.571      0.000
    SCI8               0.761      0.046     16.440      0.000
    SCI9               0.735      0.035     20.961      0.000
    SCI10              0.787      0.046     17.125      0.000
    SCI11              0.875      0.070     12.446      0.000
    SCI12              0.859      0.102      8.444      0.000

 S        |
    SCI7               0.000      0.000    999.000    999.000
    SCI8               0.155      0.013     11.670      0.000
    SCI9               0.299      0.021     14.400      0.000
    SCI10              0.480      0.033     14.330      0.000
    SCI11              0.711      0.060     11.843      0.000
    SCI12              0.872      0.093      9.427      0.000

 S        WITH
    I                 -0.565      0.103     -5.501      0.000

 Means
    I                  9.865      0.683     14.445      0.000
    S                  2.857      0.216     13.203      0.000

 Intercepts
    SCI7               0.000      0.000    999.000    999.000
    SCI8               0.000      0.000    999.000    999.000
    SCI9               0.000      0.000    999.000    999.000
    SCI10              0.000      0.000    999.000    999.000
    SCI11              0.000      0.000    999.000    999.000
    SCI12              0.000      0.000    999.000    999.000

 Variances
    I                  1.000      0.000    999.000    999.000
    S                  1.000      0.000    999.000    999.000

 Residual Variances
    SCI7               0.507      0.050     10.083      0.000
    SCI8               0.530      0.051     10.406      0.000
    SCI9               0.618      0.043     14.300      0.000
    SCI10              0.577      0.053     10.792      0.000
    SCI11              0.432      0.065      6.684      0.000
    SCI12              0.348      0.081      4.294      0.000

Latent Class 6

 I        |
    SCI7               0.829      0.069     12.031      0.000
    SCI8               1.024      0.056     18.331      0.000
    SCI9               1.014      0.067     15.065      0.000
    SCI10              1.117      0.108     10.314      0.000
    SCI11              1.252      0.197      6.357      0.000
    SCI12              1.021      0.137      7.451      0.000

 S        |
    SCI7               0.000      0.000    999.000    999.000
    SCI8               0.208      0.022      9.327      0.000
    SCI9               0.412      0.041     10.071      0.000
    SCI10              0.680      0.075      9.065      0.000
    SCI11              1.017      0.164      6.201      0.000
    SCI12              1.036      0.120      8.603      0.000

 S        WITH
    I                 -0.698      0.110     -6.347      0.000

 Means
    I                 13.401      0.920     14.560      0.000
    S                  3.171      0.241     13.177      0.000

 Intercepts
    SCI7               0.000      0.000    999.000    999.000
    SCI8               0.000      0.000    999.000    999.000
    SCI9               0.000      0.000    999.000    999.000
    SCI10              0.000      0.000    999.000    999.000
    SCI11              0.000      0.000    999.000    999.000
    SCI12              0.000      0.000    999.000    999.000

 Variances
    I                  1.000      0.000    999.000    999.000
    S                  1.000      0.000    999.000    999.000

 Residual Variances
    SCI7               0.313      0.114      2.738      0.006
    SCI8               0.206      0.063      3.238      0.001
    SCI9               0.385      0.068      5.657      0.000
    SCI10              0.350      0.066      5.309      0.000
    SCI11              0.174      0.070      2.472      0.013
    SCI12              0.360      0.127      2.829      0.005


STD Standardization

                                                    Two-Tailed
                    Estimate       S.E.  Est./S.E.    P-Value

Latent Class 1

 I        |
    SCI7               5.026      0.303     16.599      0.000
    SCI8               5.026      0.303     16.599      0.000
    SCI9               5.026      0.303     16.599      0.000
    SCI10              5.026      0.303     16.599      0.000
    SCI11              5.026      0.303     16.599      0.000
    SCI12              5.026      0.303     16.599      0.000

 S        |
    SCI7               0.000      0.000    999.000    999.000
    SCI8               1.021      0.048     21.075      0.000
    SCI9               2.041      0.097     21.075      0.000
    SCI10              3.062      0.145     21.075      0.000
    SCI11              4.083      0.194     21.075      0.000
    SCI12              5.103      0.242     21.075      0.000

 S        WITH
    I                 -0.169      0.103     -1.630      0.103

 Means
    I                 11.616      0.749     15.515      0.000
    S                  2.926      0.184     15.874      0.000

 Intercepts
    SCI7               0.000      0.000    999.000    999.000
    SCI8               0.000      0.000    999.000    999.000
    SCI9               0.000      0.000    999.000    999.000
    SCI10              0.000      0.000    999.000    999.000
    SCI11              0.000      0.000    999.000    999.000
    SCI12              0.000      0.000    999.000    999.000

 Variances
    I                  1.000      0.000    999.000    999.000
    S                  1.000      0.000    999.000    999.000

 Residual Variances
    SCI7              26.241      5.224      5.023      0.000
    SCI8              13.631      1.579      8.631      0.000
    SCI9               8.297      1.215      6.832      0.000
    SCI10              7.275      0.928      7.837      0.000
    SCI11              5.141      0.698      7.369      0.000
    SCI12             16.897      2.327      7.260      0.000

Latent Class 2

 I        |
    SCI7               5.026      0.303     16.599      0.000
    SCI8               5.026      0.303     16.599      0.000
    SCI9               5.026      0.303     16.599      0.000
    SCI10              5.026      0.303     16.599      0.000
    SCI11              5.026      0.303     16.599      0.000
    SCI12              5.026      0.303     16.599      0.000

 S        |
    SCI7               0.000      0.000    999.000    999.000
    SCI8               1.021      0.048     21.075      0.000
    SCI9               2.041      0.097     21.075      0.000
    SCI10              3.062      0.145     21.075      0.000
    SCI11              4.083      0.194     21.075      0.000
    SCI12              5.103      0.242     21.075      0.000

 S        WITH
    I                 -0.649      0.100     -6.515      0.000

 Means
    I                  8.319      0.446     18.651      0.000
    S                  2.421      0.216     11.228      0.000

 Intercepts
    SCI7               0.000      0.000    999.000    999.000
    SCI8               0.000      0.000    999.000    999.000
    SCI9               0.000      0.000    999.000    999.000
    SCI10              0.000      0.000    999.000    999.000
    SCI11              0.000      0.000    999.000    999.000
    SCI12              0.000      0.000    999.000    999.000

 Variances
    I                  1.000      0.000    999.000    999.000
    S                  1.000      0.000    999.000    999.000

 Residual Variances
    SCI7              12.852      2.982      4.310      0.000
    SCI8              30.544      3.797      8.044      0.000
    SCI9              32.758      3.364      9.739      0.000
    SCI10             23.300      2.179     10.692      0.000
    SCI11             17.003      2.495      6.816      0.000
    SCI12             41.075      6.505      6.314      0.000

Latent Class 3

 I        |
    SCI7               5.026      0.303     16.599      0.000
    SCI8               5.026      0.303     16.599      0.000
    SCI9               5.026      0.303     16.599      0.000
    SCI10              5.026      0.303     16.599      0.000
    SCI11              5.026      0.303     16.599      0.000
    SCI12              5.026      0.303     16.599      0.000

 S        |
    SCI7               0.000      0.000    999.000    999.000
    SCI8               1.021      0.048     21.075      0.000
    SCI9               2.041      0.097     21.075      0.000
    SCI10              3.062      0.145     21.075      0.000
    SCI11              4.083      0.194     21.075      0.000
    SCI12              5.103      0.242     21.075      0.000

 S        WITH
    I                 -0.484      0.302     -1.602      0.109

 Means
    I                  8.270      0.595     13.898      0.000
    S                  5.951      0.523     11.388      0.000

 Intercepts
    SCI7               0.000      0.000    999.000    999.000
    SCI8               0.000      0.000    999.000    999.000
    SCI9               0.000      0.000    999.000    999.000
    SCI10              0.000      0.000    999.000    999.000
    SCI11              0.000      0.000    999.000    999.000
    SCI12              0.000      0.000    999.000    999.000

 Variances
    I                  1.000      0.000    999.000    999.000
    S                  1.000      0.000    999.000    999.000

 Residual Variances
    SCI7              14.654     10.625      1.379      0.168
    SCI8             108.264     21.157      5.117      0.000
    SCI9             117.775     27.046      4.355      0.000
    SCI10             88.955     15.100      5.891      0.000
    SCI11             19.194      7.202      2.665      0.008
    SCI12             30.805     17.771      1.733      0.083

Latent Class 4

 I        |
    SCI7               5.026      0.303     16.599      0.000
    SCI8               5.026      0.303     16.599      0.000
    SCI9               5.026      0.303     16.599      0.000
    SCI10              5.026      0.303     16.599      0.000
    SCI11              5.026      0.303     16.599      0.000
    SCI12              5.026      0.303     16.599      0.000

 S        |
    SCI7               0.000      0.000    999.000    999.000
    SCI8               1.021      0.048     21.075      0.000
    SCI9               2.041      0.097     21.075      0.000
    SCI10              3.062      0.145     21.075      0.000
    SCI11              4.083      0.194     21.075      0.000
    SCI12              5.103      0.242     21.075      0.000

 S        WITH
    I                 -0.576      0.107     -5.409      0.000

 Means
    I                  8.112      0.438     18.512      0.000
    S                 -0.176      0.229     -0.769      0.442

 Intercepts
    SCI7               0.000      0.000    999.000    999.000
    SCI8               0.000      0.000    999.000    999.000
    SCI9               0.000      0.000    999.000    999.000
    SCI10              0.000      0.000    999.000    999.000
    SCI11              0.000      0.000    999.000    999.000
    SCI12              0.000      0.000    999.000    999.000

 Variances
    I                  1.000      0.000    999.000    999.000
    S                  1.000      0.000    999.000    999.000

 Residual Variances
    SCI7              18.268      3.182      5.741      0.000
    SCI8              14.650      2.592      5.652      0.000
    SCI9              20.295      3.250      6.244      0.000
    SCI10             11.282      2.066      5.461      0.000
    SCI11              5.744      2.299      2.499      0.012
    SCI12             11.261      3.356      3.355      0.001

Latent Class 5

 I        |
    SCI7               5.026      0.303     16.599      0.000
    SCI8               5.026      0.303     16.599      0.000
    SCI9               5.026      0.303     16.599      0.000
    SCI10              5.026      0.303     16.599      0.000
    SCI11              5.026      0.303     16.599      0.000
    SCI12              5.026      0.303     16.599      0.000

 S        |
    SCI7               0.000      0.000    999.000    999.000
    SCI8               1.021      0.048     21.075      0.000
    SCI9               2.041      0.097     21.075      0.000
    SCI10              3.062      0.145     21.075      0.000
    SCI11              4.083      0.194     21.075      0.000
    SCI12              5.103      0.242     21.075      0.000

 S        WITH
    I                 -0.565      0.103     -5.501      0.000

 Means
    I                  9.865      0.683     14.445      0.000
    S                  2.857      0.216     13.203      0.000

 Intercepts
    SCI7               0.000      0.000    999.000    999.000
    SCI8               0.000      0.000    999.000    999.000
    SCI9               0.000      0.000    999.000    999.000
    SCI10              0.000      0.000    999.000    999.000
    SCI11              0.000      0.000    999.000    999.000
    SCI12              0.000      0.000    999.000    999.000

 Variances
    I                  1.000      0.000    999.000    999.000
    S                  1.000      0.000    999.000    999.000

 Residual Variances
    SCI7              26.033      3.590      7.252      0.000
    SCI8              23.097      4.619      5.001      0.000
    SCI9              28.889      3.167      9.123      0.000
    SCI10             23.515      1.967     11.954      0.000
    SCI11             14.246      2.056      6.928      0.000
    SCI12             11.897      3.445      3.453      0.001

Latent Class 6

 I        |
    SCI7               5.026      0.303     16.599      0.000
    SCI8               5.026      0.303     16.599      0.000
    SCI9               5.026      0.303     16.599      0.000
    SCI10              5.026      0.303     16.599      0.000
    SCI11              5.026      0.303     16.599      0.000
    SCI12              5.026      0.303     16.599      0.000

 S        |
    SCI7               0.000      0.000    999.000    999.000
    SCI8               1.021      0.048     21.075      0.000
    SCI9               2.041      0.097     21.075      0.000
    SCI10              3.062      0.145     21.075      0.000
    SCI11              4.083      0.194     21.075      0.000
    SCI12              5.103      0.242     21.075      0.000

 S        WITH
    I                 -0.698      0.110     -6.347      0.000

 Means
    I                 13.401      0.920     14.560      0.000
    S                  3.171      0.241     13.177      0.000

 Intercepts
    SCI7               0.000      0.000    999.000    999.000
    SCI8               0.000      0.000    999.000    999.000
    SCI9               0.000      0.000    999.000    999.000
    SCI10              0.000      0.000    999.000    999.000
    SCI11              0.000      0.000    999.000    999.000
    SCI12              0.000      0.000    999.000    999.000

 Variances
    I                  1.000      0.000    999.000    999.000
    S                  1.000      0.000    999.000    999.000

 Residual Variances
    SCI7              11.499      5.441      2.113      0.035
    SCI8               4.954      2.113      2.345      0.019
    SCI9               9.464      2.116      4.473      0.000
    SCI10              7.083      0.996      7.112      0.000
    SCI11              2.804      1.263      2.220      0.026
    SCI12              8.725      2.767      3.153      0.002


R-SQUARE

Latent Class 1

    Observed                                        Two-Tailed
    Variable        Estimate       S.E.  Est./S.E.    P-Value

    SCI7               0.491      0.050      9.836      0.000
    SCI8               0.643      0.045     14.264      0.000
    SCI9               0.758      0.035     21.880      0.000
    SCI10              0.802      0.024     32.905      0.000
    SCI11              0.872      0.026     33.974      0.000
    SCI12              0.716      0.026     27.714      0.000

Latent Class 2

    Observed                                        Two-Tailed
    Variable        Estimate       S.E.  Est./S.E.    P-Value

    SCI7               0.663      0.058     11.456      0.000
    SCI8               0.391      0.048      8.110      0.000
    SCI9               0.330      0.051      6.488      0.000
    SCI10              0.386      0.059      6.567      0.000
    SCI11              0.473      0.085      5.540      0.000
    SCI12              0.305      0.074      4.103      0.000

Latent Class 3

    Observed                                        Two-Tailed
    Variable        Estimate       S.E.  Est./S.E.    P-Value

    SCI7               0.633      0.175      3.624      0.000
    SCI8               0.165      0.032      5.137      0.000
    SCI9               0.142      0.051      2.787      0.005
    SCI10              0.182      0.075      2.434      0.015
    SCI11              0.535      0.206      2.596      0.009
    SCI12              0.462      0.143      3.224      0.001

Latent Class 4

    Observed                                        Two-Tailed
    Variable        Estimate       S.E.  Est./S.E.    P-Value

    SCI7               0.580      0.054     10.816      0.000
    SCI8               0.582      0.052     11.157      0.000
    SCI9               0.465      0.053      8.802      0.000
    SCI10              0.600      0.071      8.433      0.000
    SCI11              0.761      0.079      9.620      0.000
    SCI12              0.659      0.084      7.832      0.000

Latent Class 5

    Observed                                        Two-Tailed
    Variable        Estimate       S.E.  Est./S.E.    P-Value

    SCI7               0.493      0.050      9.785      0.000
    SCI8               0.470      0.051      9.241      0.000
    SCI9               0.382      0.043      8.833      0.000
    SCI10              0.423      0.053      7.920      0.000
    SCI11              0.568      0.065      8.801      0.000
    SCI12              0.652      0.081      8.063      0.000

Latent Class 6

    Observed                                        Two-Tailed
    Variable        Estimate       S.E.  Est./S.E.    P-Value

    SCI7               0.687      0.114      6.015      0.000
    SCI8               0.794      0.063     12.516      0.000
    SCI9               0.615      0.068      9.036      0.000
    SCI10              0.650      0.066      9.869      0.000
    SCI11              0.826      0.070     11.728      0.000
    SCI12              0.640      0.127      5.033      0.000


MODEL COMMAND WITH FINAL ESTIMATES USED AS STARTING VALUES

     %OVERALL%

     i s | sci7@0 sci8@1 sci9@2 sci10@3 sci11@4 sci12@5;

     [ c#1*1.57031 ];
     [ c#2*1.13351 ];
     [ c#3*-0.53431 ];
     [ c#4*-0.08471 ];
     [ c#5*1.53961 ];

     %C#1%

     s WITH i*-0.86466;

     [ sci7@0 ];
     [ sci8@0 ];
     [ sci9@0 ];
     [ sci10@0 ];
     [ sci11@0 ];
     [ sci12@0 ];
     [ i*58.38391 ];
     [ s*2.98656 ];

     sci7*26.24122;
     sci8*13.63141;
     sci9*8.29705;
     sci10*7.27484;
     sci11*5.14086;
     sci12*16.89659;
     i*25.26350 (9);
     s*1.04178 (11);

     %C#2%

     s WITH i*-3.33097;

     [ sci7@0 ];
     [ sci8@0 ];
     [ sci9@0 ];
     [ sci10@0 ];
     [ sci11@0 ];
     [ sci12@0 ];
     [ i*41.81530 ];
     [ s*2.47117 ];

     sci7*12.85233;
     sci8*30.54357;
     sci9*32.75829;
     sci10*23.29959;
     sci11*17.00312;
     sci12*41.07453;
     i*25.26350 (9);
     s*1.04178 (11);

     %C#3%

     s WITH i*-2.48128;

     [ sci7@0 ];
     [ sci8@0 ];
     [ sci9@0 ];
     [ sci10@0 ];
     [ sci11@0 ];
     [ sci12@0 ];
     [ i*41.56845 ];
     [ s*6.07399 ];

     sci7*14.65445;
     sci8*108.26435;
     sci9*117.77489;
     sci10*88.95522;
     sci11*19.19378;
     sci12*30.80542;
     i*25.26350 (9);
     s*1.04178 (11);

     %C#4%

     s WITH i*-2.95624;

     [ sci7@0 ];
     [ sci8@0 ];
     [ sci9@0 ];
     [ sci10@0 ];
     [ sci11@0 ];
     [ sci12@0 ];
     [ i*40.77193 ];
     [ s*-0.17943 ];

     sci7*18.26804;
     sci8*14.65042;
     sci9*20.29513;
     sci10*11.28162;
     sci11*5.74419;
     sci12*11.26063;
     i*25.26350 (9);
     s*1.04178 (11);

     %C#5%

     s WITH i*-2.89695;

     [ sci7@0 ];
     [ sci8@0 ];
     [ sci9@0 ];
     [ sci10@0 ];
     [ sci11@0 ];
     [ sci12@0 ];
     [ i*49.58523 ];
     [ s*2.91614 ];

     sci7*26.03293;
     sci8*23.09719;
     sci9*28.88863;
     sci10*23.51492;
     sci11*14.24642;
     sci12*11.89737;
     i*25.26350 (9);
     s*1.04178 (11);

     %C#6%

     s WITH i*-3.57867;

     [ sci7@0 ];
     [ sci8@0 ];
     [ sci9@0 ];
     [ sci10@0 ];
     [ sci11@0 ];
     [ sci12@0 ];
     [ i*67.35600 ];
     [ s*3.23644 ];

     sci7*11.49910;
     sci8*4.95391;
     sci9*9.46382;
     sci10*7.08287;
     sci11*2.80367;
     sci12*8.72540;
     i*25.26350 (9);
     s*1.04178 (11);



TECHNICAL 1 OUTPUT


     PARAMETER SPECIFICATION FOR LATENT CLASS 1


           NU
              SCI7          SCI8          SCI9          SCI10         SCI11
              ________      ________      ________      ________      ________
                    0             0             0             0             0


           NU
              SCI12
              ________
                    0


           LAMBDA
              I             S
              ________      ________
 SCI7               0             0
 SCI8               0             0
 SCI9               0             0
 SCI10              0             0
 SCI11              0             0
 SCI12              0             0


           THETA
              SCI7          SCI8          SCI9          SCI10         SCI11
              ________      ________      ________      ________      ________
 SCI7               1
 SCI8               0             2
 SCI9               0             0             3
 SCI10              0             0             0             4
 SCI11              0             0             0             0             5
 SCI12              0             0             0             0             0


           THETA
              SCI12
              ________
 SCI12              6


           ALPHA
              I             S
              ________      ________
                    7             8


           BETA
              I             S
              ________      ________
 I                  0             0
 S                  0             0


           PSI
              I             S
              ________      ________
 I                  9
 S                 10            11


     PARAMETER SPECIFICATION FOR LATENT CLASS 2


           NU
              SCI7          SCI8          SCI9          SCI10         SCI11
              ________      ________      ________      ________      ________
                    0             0             0             0             0


           NU
              SCI12
              ________
                    0


           LAMBDA
              I             S
              ________      ________
 SCI7               0             0
 SCI8               0             0
 SCI9               0             0
 SCI10              0             0
 SCI11              0             0
 SCI12              0             0


           THETA
              SCI7          SCI8          SCI9          SCI10         SCI11
              ________      ________      ________      ________      ________
 SCI7              12
 SCI8               0            13
 SCI9               0             0            14
 SCI10              0             0             0            15
 SCI11              0             0             0             0            16
 SCI12              0             0             0             0             0


           THETA
              SCI12
              ________
 SCI12             17


           ALPHA
              I             S
              ________      ________
                   18            19


           BETA
              I             S
              ________      ________
 I                  0             0
 S                  0             0


           PSI
              I             S
              ________      ________
 I                  9
 S                 20            11


     PARAMETER SPECIFICATION FOR LATENT CLASS 3


           NU
              SCI7          SCI8          SCI9          SCI10         SCI11
              ________      ________      ________      ________      ________
                    0             0             0             0             0


           NU
              SCI12
              ________
                    0


           LAMBDA
              I             S
              ________      ________
 SCI7               0             0
 SCI8               0             0
 SCI9               0             0
 SCI10              0             0
 SCI11              0             0
 SCI12              0             0


           THETA
              SCI7          SCI8          SCI9          SCI10         SCI11
              ________      ________      ________      ________      ________
 SCI7              21
 SCI8               0            22
 SCI9               0             0            23
 SCI10              0             0             0            24
 SCI11              0             0             0             0            25
 SCI12              0             0             0             0             0


           THETA
              SCI12
              ________
 SCI12             26


           ALPHA
              I             S
              ________      ________
                   27            28


           BETA
              I             S
              ________      ________
 I                  0             0
 S                  0             0


           PSI
              I             S
              ________      ________
 I                  9
 S                 29            11


     PARAMETER SPECIFICATION FOR LATENT CLASS 4


           NU
              SCI7          SCI8          SCI9          SCI10         SCI11
              ________      ________      ________      ________      ________
                    0             0             0             0             0


           NU
              SCI12
              ________
                    0


           LAMBDA
              I             S
              ________      ________
 SCI7               0             0
 SCI8               0             0
 SCI9               0             0
 SCI10              0             0
 SCI11              0             0
 SCI12              0             0


           THETA
              SCI7          SCI8          SCI9          SCI10         SCI11
              ________      ________      ________      ________      ________
 SCI7              30
 SCI8               0            31
 SCI9               0             0            32
 SCI10              0             0             0            33
 SCI11              0             0             0             0            34
 SCI12              0             0             0             0             0


           THETA
              SCI12
              ________
 SCI12             35


           ALPHA
              I             S
              ________      ________
                   36            37


           BETA
              I             S
              ________      ________
 I                  0             0
 S                  0             0


           PSI
              I             S
              ________      ________
 I                  9
 S                 38            11


     PARAMETER SPECIFICATION FOR LATENT CLASS 5


           NU
              SCI7          SCI8          SCI9          SCI10         SCI11
              ________      ________      ________      ________      ________
                    0             0             0             0             0


           NU
              SCI12
              ________
                    0


           LAMBDA
              I             S
              ________      ________
 SCI7               0             0
 SCI8               0             0
 SCI9               0             0
 SCI10              0             0
 SCI11              0             0
 SCI12              0             0


           THETA
              SCI7          SCI8          SCI9          SCI10         SCI11
              ________      ________      ________      ________      ________
 SCI7              39
 SCI8               0            40
 SCI9               0             0            41
 SCI10              0             0             0            42
 SCI11              0             0             0             0            43
 SCI12              0             0             0             0             0


           THETA
              SCI12
              ________
 SCI12             44


           ALPHA
              I             S
              ________      ________
                   45            46


           BETA
              I             S
              ________      ________
 I                  0             0
 S                  0             0


           PSI
              I             S
              ________      ________
 I                  9
 S                 47            11


     PARAMETER SPECIFICATION FOR LATENT CLASS 6


           NU
              SCI7          SCI8          SCI9          SCI10         SCI11
              ________      ________      ________      ________      ________
                    0             0             0             0             0


           NU
              SCI12
              ________
                    0


           LAMBDA
              I             S
              ________      ________
 SCI7               0             0
 SCI8               0             0
 SCI9               0             0
 SCI10              0             0
 SCI11              0             0
 SCI12              0             0


           THETA
              SCI7          SCI8          SCI9          SCI10         SCI11
              ________      ________      ________      ________      ________
 SCI7              48
 SCI8               0            49
 SCI9               0             0            50
 SCI10              0             0             0            51
 SCI11              0             0             0             0            52
 SCI12              0             0             0             0             0


           THETA
              SCI12
              ________
 SCI12             53


           ALPHA
              I             S
              ________      ________
                   54            55


           BETA
              I             S
              ________      ________
 I                  0             0
 S                  0             0


           PSI
              I             S
              ________      ________
 I                  9
 S                 56            11


     PARAMETER SPECIFICATION FOR LATENT CLASS REGRESSION MODEL PART


           ALPHA(C)
              C#1           C#2           C#3           C#4           C#5
              ________      ________      ________      ________      ________
                   57            58            59            60            61


           ALPHA(C)
              C#6
              ________
                    0


     STARTING VALUES FOR LATENT CLASS 1


           NU
              SCI7          SCI8          SCI9          SCI10         SCI11
              ________      ________      ________      ________      ________
                0.000         0.000         0.000         0.000         0.000


           NU
              SCI12
              ________
                0.000


           LAMBDA
              I             S
              ________      ________
 SCI7           1.000         0.000
 SCI8           1.000         1.000
 SCI9           1.000         2.000
 SCI10          1.000         3.000
 SCI11          1.000         4.000
 SCI12          1.000         5.000


           THETA
              SCI7          SCI8          SCI9          SCI10         SCI11
              ________      ________      ________      ________      ________
 SCI7          52.010
 SCI8           0.000        62.212
 SCI9           0.000         0.000        63.147
 SCI10          0.000         0.000         0.000        60.761
 SCI11          0.000         0.000         0.000         0.000        62.789
 SCI12          0.000         0.000         0.000         0.000         0.000


           THETA
              SCI12
              ________
 SCI12         67.839


           ALPHA
              I             S
              ________      ________
               49.441         3.048


           BETA
              I             S
              ________      ________
 I              0.000         0.000
 S              0.000         0.000


           PSI
              I             S
              ________      ________
 I            110.736
 S              0.000        17.390


     STARTING VALUES FOR LATENT CLASS 2


           NU
              SCI7          SCI8          SCI9          SCI10         SCI11
              ________      ________      ________      ________      ________
                0.000         0.000         0.000         0.000         0.000


           NU
              SCI12
              ________
                0.000


           LAMBDA
              I             S
              ________      ________
 SCI7           1.000         0.000
 SCI8           1.000         1.000
 SCI9           1.000         2.000
 SCI10          1.000         3.000
 SCI11          1.000         4.000
 SCI12          1.000         5.000


           THETA
              SCI7          SCI8          SCI9          SCI10         SCI11
              ________      ________      ________      ________      ________
 SCI7          52.010
 SCI8           0.000        62.212
 SCI9           0.000         0.000        63.147
 SCI10          0.000         0.000         0.000        60.761
 SCI11          0.000         0.000         0.000         0.000        62.789
 SCI12          0.000         0.000         0.000         0.000         0.000


           THETA
              SCI12
              ________
 SCI12         67.839


           ALPHA
              I             S
              ________      ________
               49.441         3.048


           BETA
              I             S
              ________      ________
 I              0.000         0.000
 S              0.000         0.000


           PSI
              I             S
              ________      ________
 I            110.736
 S              0.000        17.390


     STARTING VALUES FOR LATENT CLASS 3


           NU
              SCI7          SCI8          SCI9          SCI10         SCI11
              ________      ________      ________      ________      ________
                0.000         0.000         0.000         0.000         0.000


           NU
              SCI12
              ________
                0.000


           LAMBDA
              I             S
              ________      ________
 SCI7           1.000         0.000
 SCI8           1.000         1.000
 SCI9           1.000         2.000
 SCI10          1.000         3.000
 SCI11          1.000         4.000
 SCI12          1.000         5.000


           THETA
              SCI7          SCI8          SCI9          SCI10         SCI11
              ________      ________      ________      ________      ________
 SCI7          52.010
 SCI8           0.000        62.212
 SCI9           0.000         0.000        63.147
 SCI10          0.000         0.000         0.000        60.761
 SCI11          0.000         0.000         0.000         0.000        62.789
 SCI12          0.000         0.000         0.000         0.000         0.000


           THETA
              SCI12
              ________
 SCI12         67.839


           ALPHA
              I             S
              ________      ________
               49.441         3.048


           BETA
              I             S
              ________      ________
 I              0.000         0.000
 S              0.000         0.000


           PSI
              I             S
              ________      ________
 I            110.736
 S              0.000        17.390


     STARTING VALUES FOR LATENT CLASS 4


           NU
              SCI7          SCI8          SCI9          SCI10         SCI11
              ________      ________      ________      ________      ________
                0.000         0.000         0.000         0.000         0.000


           NU
              SCI12
              ________
                0.000


           LAMBDA
              I             S
              ________      ________
 SCI7           1.000         0.000
 SCI8           1.000         1.000
 SCI9           1.000         2.000
 SCI10          1.000         3.000
 SCI11          1.000         4.000
 SCI12          1.000         5.000


           THETA
              SCI7          SCI8          SCI9          SCI10         SCI11
              ________      ________      ________      ________      ________
 SCI7          52.010
 SCI8           0.000        62.212
 SCI9           0.000         0.000        63.147
 SCI10          0.000         0.000         0.000        60.761
 SCI11          0.000         0.000         0.000         0.000        62.789
 SCI12          0.000         0.000         0.000         0.000         0.000


           THETA
              SCI12
              ________
 SCI12         67.839


           ALPHA
              I             S
              ________      ________
               49.441         3.048


           BETA
              I             S
              ________      ________
 I              0.000         0.000
 S              0.000         0.000


           PSI
              I             S
              ________      ________
 I            110.736
 S              0.000        17.390


     STARTING VALUES FOR LATENT CLASS 5


           NU
              SCI7          SCI8          SCI9          SCI10         SCI11
              ________      ________      ________      ________      ________
                0.000         0.000         0.000         0.000         0.000


           NU
              SCI12
              ________
                0.000


           LAMBDA
              I             S
              ________      ________
 SCI7           1.000         0.000
 SCI8           1.000         1.000
 SCI9           1.000         2.000
 SCI10          1.000         3.000
 SCI11          1.000         4.000
 SCI12          1.000         5.000


           THETA
              SCI7          SCI8          SCI9          SCI10         SCI11
              ________      ________      ________      ________      ________
 SCI7          52.010
 SCI8           0.000        62.212
 SCI9           0.000         0.000        63.147
 SCI10          0.000         0.000         0.000        60.761
 SCI11          0.000         0.000         0.000         0.000        62.789
 SCI12          0.000         0.000         0.000         0.000         0.000


           THETA
              SCI12
              ________
 SCI12         67.839


           ALPHA
              I             S
              ________      ________
               49.441         3.048


           BETA
              I             S
              ________      ________
 I              0.000         0.000
 S              0.000         0.000


           PSI
              I             S
              ________      ________
 I            110.736
 S              0.000        17.390


     STARTING VALUES FOR LATENT CLASS 6


           NU
              SCI7          SCI8          SCI9          SCI10         SCI11
              ________      ________      ________      ________      ________
                0.000         0.000         0.000         0.000         0.000


           NU
              SCI12
              ________
                0.000


           LAMBDA
              I             S
              ________      ________
 SCI7           1.000         0.000
 SCI8           1.000         1.000
 SCI9           1.000         2.000
 SCI10          1.000         3.000
 SCI11          1.000         4.000
 SCI12          1.000         5.000


           THETA
              SCI7          SCI8          SCI9          SCI10         SCI11
              ________      ________      ________      ________      ________
 SCI7          52.010
 SCI8           0.000        62.212
 SCI9           0.000         0.000        63.147
 SCI10          0.000         0.000         0.000        60.761
 SCI11          0.000         0.000         0.000         0.000        62.789
 SCI12          0.000         0.000         0.000         0.000         0.000


           THETA
              SCI12
              ________
 SCI12         67.839


           ALPHA
              I             S
              ________      ________
               49.441         3.048


           BETA
              I             S
              ________      ________
 I              0.000         0.000
 S              0.000         0.000


           PSI
              I             S
              ________      ________
 I            110.736
 S              0.000        17.390


     STARTING VALUES FOR LATENT CLASS REGRESSION MODEL PART


           ALPHA(C)
              C#1           C#2           C#3           C#4           C#5
              ________      ________      ________      ________      ________
                0.000         0.000         0.000         0.000         0.000


           ALPHA(C)
              C#6
              ________
                0.000


TECHNICAL 11 OUTPUT

     Random Starts Specifications for the k-1 Class Analysis Model
        Number of initial stage random starts                 200
        Number of final stage optimizations                   100



     VUONG-LO-MENDELL-RUBIN LIKELIHOOD RATIO TEST FOR 5 (H0) VERSUS 6 CLASSES

          H0 Loglikelihood Value                       -63151.869
          2 Times the Loglikelihood Difference             69.706
          Difference in the Number of Parameters               10
          Mean                                             19.088
          Standard Deviation                               26.214
          P-Value                                          0.0395

     LO-MENDELL-RUBIN ADJUSTED LRT TEST

          Value                                            68.912
          P-Value                                          0.0410


TECHNICAL 14 OUTPUT

     Random Starts Specifications for the k-1 Class Analysis Model
        Number of initial stage random starts                 200
        Number of final stage optimizations                   100

     Random Starts Specification for the k-1 Class Model for Generated Data
        Number of initial stage random starts                   0
        Number of final stage optimizations for the
           initial stage random starts                          0
     Random Starts Specification for the k Class Model for Generated Data
        Number of initial stage random starts                  40
        Number of final stage optimizations                     8
     Number of bootstrap draws requested                   Varies


     PARAMETRIC BOOTSTRAPPED LIKELIHOOD RATIO TEST FOR 5 (H0) VERSUS 6 CLASSES

          H0 Loglikelihood Value                       -63151.869
          2 Times the Loglikelihood Difference             69.706
          Difference in the Number of Parameters               10
          Approximate P-Value                              0.0000
          Successful Bootstrap Draws                           49

     WARNING:  OF THE 49 BOOTSTRAP DRAWS, 42 DRAWS HAD BOTH A SMALLER LRT VALUE THAN THE
     OBSERVED LRT VALUE AND NOT A REPLICATED BEST LOGLIKELIHOOD VALUE FOR THE 6-CLASS MODEL.
     THIS MEANS THAT THE P-VALUE MAY NOT BE TRUSTWORTHY DUE TO LOCAL MAXIMA.
     INCREASE THE NUMBER OF RANDOM STARTS USING THE LRTSTARTS OPTION.



SAMPLE STATISTICS FOR ESTIMATED FACTOR SCORES


     SAMPLE STATISTICS


           Means
              I             S             C_I           C_S
              ________      ________      ________      ________
               51.120         2.802        51.272         2.791


           Covariances
              I             S             C_I           C_S
              ________      ________      ________      ________
 I             73.412
 S              2.526         0.823
 C_I           75.498         2.620        78.602
 C_S            2.296         0.823         2.250         0.916


           Correlations
              I             S             C_I           C_S
              ________      ________      ________      ________
 I              1.000
 S              0.325         1.000
 C_I            0.994         0.326         1.000
 C_S            0.280         0.947         0.265         1.000


PLOT INFORMATION

The following plots are available:

  Histograms (sample values, estimated factor scores, estimated values, residuals)
  Scatterplots (sample values, estimated factor scores, estimated values, residuals)
  Sample means
  Estimated means, medians, modes, and percentiles
  Sample and estimated means
  Latent variable distribution plots
  Observed individual values
  Estimated individual values
  Estimated means and observed individual values
  Estimated means and estimated individual values
  Estimated overall and class-specific distributions

SAVEDATA INFORMATION


  Save file
    savedata_c6.dat

  Order and format of variables

    SCI7           F10.3
    SCI8           F10.3
    SCI9           F10.3
    SCI10          F10.3
    SCI11          F10.3
    SCI12          F10.3
    I              F10.3
    S              F10.3
    C_I            F10.3
    C_S            F10.3
    CPROB1         F10.3
    CPROB2         F10.3
    CPROB3         F10.3
    CPROB4         F10.3
    CPROB5         F10.3
    CPROB6         F10.3
    C              F10.3

  Save file format
    17F10.3

  Save file record length    10000

  Save missing symbol        *


     Beginning Time:  20:21:34
        Ending Time:  20:29:37
       Elapsed Time:  00:08:03



MUTHEN & MUTHEN
3463 Stoner Ave.
Los Angeles, CA  90066

Tel: (310) 391-9971
Fax: (310) 391-8971
Web: www.StatModel.com
Support: Support@StatModel.com

Copyright (c) 1998-2024 Muthen & Muthen
